[2022-09-08T05:27:46.988+0000] {taskinstance.py:1171} INFO - Dependencies all met for <TaskInstance: First_job.sleep scheduled__2022-05-03T00:00:00+00:00 [queued]>
[2022-09-08T05:27:47.084+0000] {taskinstance.py:1171} INFO - Dependencies all met for <TaskInstance: First_job.sleep scheduled__2022-05-03T00:00:00+00:00 [queued]>
[2022-09-08T05:27:47.105+0000] {taskinstance.py:1368} INFO - 
--------------------------------------------------------------------------------
[2022-09-08T05:27:47.112+0000] {taskinstance.py:1369} INFO - Starting attempt 1 of 2
[2022-09-08T05:27:47.113+0000] {taskinstance.py:1370} INFO - 
--------------------------------------------------------------------------------
[2022-09-08T05:27:47.243+0000] {taskinstance.py:1389} INFO - Executing <Task(BashOperator): sleep> on 2022-05-03 00:00:00+00:00
[2022-09-08T05:27:47.293+0000] {standard_task_runner.py:52} INFO - Started process 953 to run task
[2022-09-08T05:27:47.334+0000] {standard_task_runner.py:79} INFO - Running: ['***', 'tasks', 'run', 'First_job', 'sleep', 'scheduled__2022-05-03T00:00:00+00:00', '--job-id', '26', '--raw', '--subdir', 'DAGS_FOLDER/1_Firstjob.py', '--cfg-path', '/tmp/tmp9ajno_ao', '--error-file', '/tmp/tmp7fhkgja5']
[2022-09-08T05:27:47.378+0000] {standard_task_runner.py:80} INFO - Job 26: Subtask sleep
[2022-09-08T05:27:48.944+0000] {task_command.py:371} INFO - Running <TaskInstance: First_job.sleep scheduled__2022-05-03T00:00:00+00:00 [running]> on host 1e016d6af7c5
[2022-09-08T05:27:49.641+0000] {taskinstance.py:1583} INFO - Exporting the following env vars:
AIRFLOW_CTX_DAG_OWNER=snowadmin
AIRFLOW_CTX_DAG_ID=First_job
AIRFLOW_CTX_TASK_ID=sleep
AIRFLOW_CTX_EXECUTION_DATE=2022-05-03T00:00:00+00:00
AIRFLOW_CTX_TRY_NUMBER=1
AIRFLOW_CTX_DAG_RUN_ID=scheduled__2022-05-03T00:00:00+00:00
[2022-09-08T05:27:49.647+0000] {subprocess.py:62} INFO - Tmp dir root location: 
 /tmp
[2022-09-08T05:27:49.651+0000] {subprocess.py:74} INFO - Running command: ['/bin/bash', '-c', 'sleep 5']
[2022-09-08T05:27:49.992+0000] {subprocess.py:85} INFO - Output:
[2022-09-08T05:27:55.090+0000] {subprocess.py:96} INFO - Command exited with return code 0
[2022-09-08T05:27:55.598+0000] {taskinstance.py:1412} INFO - Marking task as SUCCESS. dag_id=First_job, task_id=sleep, execution_date=20220503T000000, start_date=20220908T052747, end_date=20220908T052755
[2022-09-08T05:27:55.974+0000] {local_task_job.py:156} INFO - Task exited with return code 0
[2022-09-08T05:27:56.241+0000] {local_task_job.py:279} INFO - 0 downstream tasks scheduled from follow-on schedule check
