[2022-09-08T05:28:48.288+0000] {taskinstance.py:1171} INFO - Dependencies all met for <TaskInstance: First_job.call_my_name scheduled__2022-06-27T00:00:00+00:00 [queued]>
[2022-09-08T05:28:48.414+0000] {taskinstance.py:1171} INFO - Dependencies all met for <TaskInstance: First_job.call_my_name scheduled__2022-06-27T00:00:00+00:00 [queued]>
[2022-09-08T05:28:48.427+0000] {taskinstance.py:1368} INFO - 
--------------------------------------------------------------------------------
[2022-09-08T05:28:48.429+0000] {taskinstance.py:1369} INFO - Starting attempt 1 of 2
[2022-09-08T05:28:48.430+0000] {taskinstance.py:1370} INFO - 
--------------------------------------------------------------------------------
[2022-09-08T05:28:48.553+0000] {taskinstance.py:1389} INFO - Executing <Task(PythonOperator): call_my_name> on 2022-06-27 00:00:00+00:00
[2022-09-08T05:28:48.579+0000] {standard_task_runner.py:52} INFO - Started process 1220 to run task
[2022-09-08T05:28:48.603+0000] {standard_task_runner.py:79} INFO - Running: ['***', 'tasks', 'run', 'First_job', 'call_my_name', 'scheduled__2022-06-27T00:00:00+00:00', '--job-id', '119', '--raw', '--subdir', 'DAGS_FOLDER/1_Firstjob.py', '--cfg-path', '/tmp/tmpykjsdgms', '--error-file', '/tmp/tmpoo8mfwov']
[2022-09-08T05:28:48.606+0000] {standard_task_runner.py:80} INFO - Job 119: Subtask call_my_name
[2022-09-08T05:28:48.838+0000] {task_command.py:371} INFO - Running <TaskInstance: First_job.call_my_name scheduled__2022-06-27T00:00:00+00:00 [running]> on host 1e016d6af7c5
[2022-09-08T05:28:49.226+0000] {taskinstance.py:1583} INFO - Exporting the following env vars:
AIRFLOW_CTX_DAG_OWNER=snowadmin
AIRFLOW_CTX_DAG_ID=First_job
AIRFLOW_CTX_TASK_ID=call_my_name
AIRFLOW_CTX_EXECUTION_DATE=2022-06-27T00:00:00+00:00
AIRFLOW_CTX_TRY_NUMBER=1
AIRFLOW_CTX_DAG_RUN_ID=scheduled__2022-06-27T00:00:00+00:00
[2022-09-08T05:28:49.230+0000] {logging_mixin.py:115} INFO - Hi my name is :Python
[2022-09-08T05:28:49.232+0000] {python.py:173} INFO - Done. Returned value was: None
[2022-09-08T05:28:49.411+0000] {taskinstance.py:1412} INFO - Marking task as SUCCESS. dag_id=First_job, task_id=call_my_name, execution_date=20220627T000000, start_date=20220908T052848, end_date=20220908T052849
[2022-09-08T05:28:49.501+0000] {local_task_job.py:156} INFO - Task exited with return code 0
[2022-09-08T05:28:49.693+0000] {local_task_job.py:279} INFO - 0 downstream tasks scheduled from follow-on schedule check
