[2022-09-08T05:29:13.892+0000] {taskinstance.py:1171} INFO - Dependencies all met for <TaskInstance: First_job.sleep scheduled__2022-07-21T00:00:00+00:00 [queued]>
[2022-09-08T05:29:13.905+0000] {taskinstance.py:1171} INFO - Dependencies all met for <TaskInstance: First_job.sleep scheduled__2022-07-21T00:00:00+00:00 [queued]>
[2022-09-08T05:29:13.907+0000] {taskinstance.py:1368} INFO - 
--------------------------------------------------------------------------------
[2022-09-08T05:29:13.911+0000] {taskinstance.py:1369} INFO - Starting attempt 1 of 2
[2022-09-08T05:29:13.913+0000] {taskinstance.py:1370} INFO - 
--------------------------------------------------------------------------------
[2022-09-08T05:29:13.931+0000] {taskinstance.py:1389} INFO - Executing <Task(BashOperator): sleep> on 2022-07-21 00:00:00+00:00
[2022-09-08T05:29:13.939+0000] {standard_task_runner.py:52} INFO - Started process 1360 to run task
[2022-09-08T05:29:13.942+0000] {standard_task_runner.py:79} INFO - Running: ['***', 'tasks', 'run', 'First_job', 'sleep', 'scheduled__2022-07-21T00:00:00+00:00', '--job-id', '174', '--raw', '--subdir', 'DAGS_FOLDER/1_Firstjob.py', '--cfg-path', '/tmp/tmpsw9vombg', '--error-file', '/tmp/tmp176rquue']
[2022-09-08T05:29:13.944+0000] {standard_task_runner.py:80} INFO - Job 174: Subtask sleep
[2022-09-08T05:29:14.041+0000] {task_command.py:371} INFO - Running <TaskInstance: First_job.sleep scheduled__2022-07-21T00:00:00+00:00 [running]> on host 1e016d6af7c5
[2022-09-08T05:29:14.120+0000] {taskinstance.py:1583} INFO - Exporting the following env vars:
AIRFLOW_CTX_DAG_OWNER=snowadmin
AIRFLOW_CTX_DAG_ID=First_job
AIRFLOW_CTX_TASK_ID=sleep
AIRFLOW_CTX_EXECUTION_DATE=2022-07-21T00:00:00+00:00
AIRFLOW_CTX_TRY_NUMBER=1
AIRFLOW_CTX_DAG_RUN_ID=scheduled__2022-07-21T00:00:00+00:00
[2022-09-08T05:29:14.122+0000] {subprocess.py:62} INFO - Tmp dir opt location: 
 /tmp
[2022-09-08T05:29:14.124+0000] {subprocess.py:74} INFO - Running command: ['/bin/bash', '-c', 'sleep 5']
[2022-09-08T05:29:14.138+0000] {subprocess.py:85} INFO - Output:
[2022-09-08T05:29:19.143+0000] {subprocess.py:96} INFO - Command exited with return code 0
[2022-09-08T05:29:19.181+0000] {taskinstance.py:1412} INFO - Marking task as SUCCESS. dag_id=First_job, task_id=sleep, execution_date=20220721T000000, start_date=20220908T052913, end_date=20220908T052919
[2022-09-08T05:29:19.228+0000] {local_task_job.py:156} INFO - Task exited with return code 0
[2022-09-08T05:29:19.268+0000] {local_task_job.py:279} INFO - 0 downstream tasks scheduled from follow-on schedule check
