[2022-09-08T05:28:34.509+0000] {taskinstance.py:1171} INFO - Dependencies all met for <TaskInstance: First_job.sleep scheduled__2022-06-08T00:00:00+00:00 [queued]>
[2022-09-08T05:28:34.533+0000] {taskinstance.py:1171} INFO - Dependencies all met for <TaskInstance: First_job.sleep scheduled__2022-06-08T00:00:00+00:00 [queued]>
[2022-09-08T05:28:34.538+0000] {taskinstance.py:1368} INFO - 
--------------------------------------------------------------------------------
[2022-09-08T05:28:34.542+0000] {taskinstance.py:1369} INFO - Starting attempt 1 of 2
[2022-09-08T05:28:34.544+0000] {taskinstance.py:1370} INFO - 
--------------------------------------------------------------------------------
[2022-09-08T05:28:34.570+0000] {taskinstance.py:1389} INFO - Executing <Task(BashOperator): sleep> on 2022-06-08 00:00:00+00:00
[2022-09-08T05:28:34.588+0000] {standard_task_runner.py:52} INFO - Started process 1156 to run task
[2022-09-08T05:28:34.660+0000] {standard_task_runner.py:79} INFO - Running: ['***', 'tasks', 'run', 'First_job', 'sleep', 'scheduled__2022-06-08T00:00:00+00:00', '--job-id', '103', '--raw', '--subdir', 'DAGS_FOLDER/1_Firstjob.py', '--cfg-path', '/tmp/tmp2x7olsrf', '--error-file', '/tmp/tmpjvs4h2wo']
[2022-09-08T05:28:34.679+0000] {standard_task_runner.py:80} INFO - Job 103: Subtask sleep
[2022-09-08T05:28:34.948+0000] {task_command.py:371} INFO - Running <TaskInstance: First_job.sleep scheduled__2022-06-08T00:00:00+00:00 [running]> on host 1e016d6af7c5
[2022-09-08T05:28:35.330+0000] {taskinstance.py:1583} INFO - Exporting the following env vars:
AIRFLOW_CTX_DAG_OWNER=snowadmin
AIRFLOW_CTX_DAG_ID=First_job
AIRFLOW_CTX_TASK_ID=sleep
AIRFLOW_CTX_EXECUTION_DATE=2022-06-08T00:00:00+00:00
AIRFLOW_CTX_TRY_NUMBER=1
AIRFLOW_CTX_DAG_RUN_ID=scheduled__2022-06-08T00:00:00+00:00
[2022-09-08T05:28:35.335+0000] {subprocess.py:62} INFO - Tmp dir opt location: 
 /tmp
[2022-09-08T05:28:35.339+0000] {subprocess.py:74} INFO - Running command: ['/bin/bash', '-c', 'sleep 5']
[2022-09-08T05:28:35.398+0000] {subprocess.py:85} INFO - Output:
[2022-09-08T05:28:40.412+0000] {subprocess.py:96} INFO - Command exited with return code 0
[2022-09-08T05:28:40.487+0000] {taskinstance.py:1412} INFO - Marking task as SUCCESS. dag_id=First_job, task_id=sleep, execution_date=20220608T000000, start_date=20220908T052834, end_date=20220908T052840
[2022-09-08T05:28:40.572+0000] {local_task_job.py:156} INFO - Task exited with return code 0
[2022-09-08T05:28:40.618+0000] {local_task_job.py:279} INFO - 0 downstream tasks scheduled from follow-on schedule check
