[2022-09-08T05:28:33.592+0000] {taskinstance.py:1171} INFO - Dependencies all met for <TaskInstance: First_job.call_my_name scheduled__2022-06-16T00:00:00+00:00 [queued]>
[2022-09-08T05:28:33.622+0000] {taskinstance.py:1171} INFO - Dependencies all met for <TaskInstance: First_job.call_my_name scheduled__2022-06-16T00:00:00+00:00 [queued]>
[2022-09-08T05:28:33.626+0000] {taskinstance.py:1368} INFO - 
--------------------------------------------------------------------------------
[2022-09-08T05:28:33.630+0000] {taskinstance.py:1369} INFO - Starting attempt 1 of 2
[2022-09-08T05:28:33.633+0000] {taskinstance.py:1370} INFO - 
--------------------------------------------------------------------------------
[2022-09-08T05:28:33.675+0000] {taskinstance.py:1389} INFO - Executing <Task(PythonOperator): call_my_name> on 2022-06-16 00:00:00+00:00
[2022-09-08T05:28:33.704+0000] {standard_task_runner.py:52} INFO - Started process 1145 to run task
[2022-09-08T05:28:33.742+0000] {standard_task_runner.py:79} INFO - Running: ['***', 'tasks', 'run', 'First_job', 'call_my_name', 'scheduled__2022-06-16T00:00:00+00:00', '--job-id', '96', '--raw', '--subdir', 'DAGS_FOLDER/1_Firstjob.py', '--cfg-path', '/tmp/tmp5jbz2g34', '--error-file', '/tmp/tmpncm4jn96']
[2022-09-08T05:28:33.754+0000] {standard_task_runner.py:80} INFO - Job 96: Subtask call_my_name
[2022-09-08T05:28:33.954+0000] {task_command.py:371} INFO - Running <TaskInstance: First_job.call_my_name scheduled__2022-06-16T00:00:00+00:00 [running]> on host 1e016d6af7c5
[2022-09-08T05:28:34.108+0000] {taskinstance.py:1583} INFO - Exporting the following env vars:
AIRFLOW_CTX_DAG_OWNER=snowadmin
AIRFLOW_CTX_DAG_ID=First_job
AIRFLOW_CTX_TASK_ID=call_my_name
AIRFLOW_CTX_EXECUTION_DATE=2022-06-16T00:00:00+00:00
AIRFLOW_CTX_TRY_NUMBER=1
AIRFLOW_CTX_DAG_RUN_ID=scheduled__2022-06-16T00:00:00+00:00
[2022-09-08T05:28:34.111+0000] {logging_mixin.py:115} INFO - Hi my name is :Python
[2022-09-08T05:28:34.112+0000] {python.py:173} INFO - Done. Returned value was: None
[2022-09-08T05:28:34.133+0000] {taskinstance.py:1412} INFO - Marking task as SUCCESS. dag_id=First_job, task_id=call_my_name, execution_date=20220616T000000, start_date=20220908T052833, end_date=20220908T052834
[2022-09-08T05:28:34.226+0000] {local_task_job.py:156} INFO - Task exited with return code 0
[2022-09-08T05:28:34.292+0000] {local_task_job.py:279} INFO - 1 downstream tasks scheduled from follow-on schedule check
