[2022-09-07T07:55:32.999+0000] {processor.py:153} INFO - Started process (PID=48) to work on /home/airflow/.local/lib/python3.7/site-packages/airflow/example_dags/example_local_kubernetes_executor.py
[2022-09-07T07:55:33.001+0000] {processor.py:640} INFO - Processing file /home/airflow/.local/lib/python3.7/site-packages/airflow/example_dags/example_local_kubernetes_executor.py for tasks to queue
[2022-09-07T07:55:33.007+0000] {logging_mixin.py:115} INFO - [2022-09-07T07:55:33.006+0000] {dagbag.py:508} INFO - Filling up the DagBag from /home/airflow/.local/lib/python3.7/site-packages/airflow/example_dags/example_local_kubernetes_executor.py
[2022-09-07T07:55:33.035+0000] {processor.py:650} INFO - DAG(s) dict_keys(['example_local_kubernetes_executor']) retrieved from /home/airflow/.local/lib/python3.7/site-packages/airflow/example_dags/example_local_kubernetes_executor.py
[2022-09-07T07:55:33.143+0000] {logging_mixin.py:115} INFO - [2022-09-07T07:55:33.143+0000] {manager.py:508} INFO - Created Permission View: can delete on DAG:example_local_kubernetes_executor
[2022-09-07T07:55:33.151+0000] {logging_mixin.py:115} INFO - [2022-09-07T07:55:33.151+0000] {manager.py:508} INFO - Created Permission View: can read on DAG:example_local_kubernetes_executor
[2022-09-07T07:55:33.159+0000] {logging_mixin.py:115} INFO - [2022-09-07T07:55:33.159+0000] {manager.py:508} INFO - Created Permission View: can edit on DAG:example_local_kubernetes_executor
[2022-09-07T07:55:33.160+0000] {logging_mixin.py:115} INFO - [2022-09-07T07:55:33.160+0000] {dag.py:2429} INFO - Sync 1 DAGs
[2022-09-07T07:55:33.174+0000] {logging_mixin.py:115} INFO - [2022-09-07T07:55:33.174+0000] {dag.py:2448} INFO - Creating ORM DAG for example_local_kubernetes_executor
[2022-09-07T07:55:33.188+0000] {logging_mixin.py:115} INFO - [2022-09-07T07:55:33.188+0000] {dag.py:2981} INFO - Setting next_dagrun for example_local_kubernetes_executor to None, run_after=None
[2022-09-07T07:55:33.208+0000] {processor.py:161} INFO - Processing /home/airflow/.local/lib/python3.7/site-packages/airflow/example_dags/example_local_kubernetes_executor.py took 0.211 seconds
[2022-09-07T07:56:03.798+0000] {processor.py:153} INFO - Started process (PID=109) to work on /home/airflow/.local/lib/python3.7/site-packages/airflow/example_dags/example_local_kubernetes_executor.py
[2022-09-07T07:56:03.799+0000] {processor.py:640} INFO - Processing file /home/airflow/.local/lib/python3.7/site-packages/airflow/example_dags/example_local_kubernetes_executor.py for tasks to queue
[2022-09-07T07:56:03.800+0000] {logging_mixin.py:115} INFO - [2022-09-07T07:56:03.800+0000] {dagbag.py:508} INFO - Filling up the DagBag from /home/airflow/.local/lib/python3.7/site-packages/airflow/example_dags/example_local_kubernetes_executor.py
[2022-09-07T07:56:03.812+0000] {processor.py:650} INFO - DAG(s) dict_keys(['example_local_kubernetes_executor']) retrieved from /home/airflow/.local/lib/python3.7/site-packages/airflow/example_dags/example_local_kubernetes_executor.py
[2022-09-07T07:56:03.827+0000] {logging_mixin.py:115} INFO - [2022-09-07T07:56:03.827+0000] {dag.py:2429} INFO - Sync 1 DAGs
[2022-09-07T07:56:03.840+0000] {logging_mixin.py:115} INFO - [2022-09-07T07:56:03.840+0000] {dag.py:2981} INFO - Setting next_dagrun for example_local_kubernetes_executor to None, run_after=None
[2022-09-07T07:56:03.847+0000] {processor.py:161} INFO - Processing /home/airflow/.local/lib/python3.7/site-packages/airflow/example_dags/example_local_kubernetes_executor.py took 0.052 seconds
[2022-09-07T07:56:34.648+0000] {processor.py:153} INFO - Started process (PID=170) to work on /home/airflow/.local/lib/python3.7/site-packages/airflow/example_dags/example_local_kubernetes_executor.py
[2022-09-07T07:56:34.649+0000] {processor.py:640} INFO - Processing file /home/airflow/.local/lib/python3.7/site-packages/airflow/example_dags/example_local_kubernetes_executor.py for tasks to queue
[2022-09-07T07:56:34.651+0000] {logging_mixin.py:115} INFO - [2022-09-07T07:56:34.651+0000] {dagbag.py:508} INFO - Filling up the DagBag from /home/airflow/.local/lib/python3.7/site-packages/airflow/example_dags/example_local_kubernetes_executor.py
[2022-09-07T07:56:34.667+0000] {processor.py:650} INFO - DAG(s) dict_keys(['example_local_kubernetes_executor']) retrieved from /home/airflow/.local/lib/python3.7/site-packages/airflow/example_dags/example_local_kubernetes_executor.py
[2022-09-07T07:56:34.689+0000] {logging_mixin.py:115} INFO - [2022-09-07T07:56:34.689+0000] {dag.py:2429} INFO - Sync 1 DAGs
[2022-09-07T07:56:34.703+0000] {logging_mixin.py:115} INFO - [2022-09-07T07:56:34.703+0000] {dag.py:2981} INFO - Setting next_dagrun for example_local_kubernetes_executor to None, run_after=None
[2022-09-07T07:56:34.710+0000] {processor.py:161} INFO - Processing /home/airflow/.local/lib/python3.7/site-packages/airflow/example_dags/example_local_kubernetes_executor.py took 0.064 seconds
[2022-09-07T07:57:05.212+0000] {processor.py:153} INFO - Started process (PID=231) to work on /home/airflow/.local/lib/python3.7/site-packages/airflow/example_dags/example_local_kubernetes_executor.py
[2022-09-07T07:57:05.214+0000] {processor.py:640} INFO - Processing file /home/airflow/.local/lib/python3.7/site-packages/airflow/example_dags/example_local_kubernetes_executor.py for tasks to queue
[2022-09-07T07:57:05.215+0000] {logging_mixin.py:115} INFO - [2022-09-07T07:57:05.215+0000] {dagbag.py:508} INFO - Filling up the DagBag from /home/airflow/.local/lib/python3.7/site-packages/airflow/example_dags/example_local_kubernetes_executor.py
[2022-09-07T07:57:05.226+0000] {processor.py:650} INFO - DAG(s) dict_keys(['example_local_kubernetes_executor']) retrieved from /home/airflow/.local/lib/python3.7/site-packages/airflow/example_dags/example_local_kubernetes_executor.py
[2022-09-07T07:57:05.242+0000] {logging_mixin.py:115} INFO - [2022-09-07T07:57:05.242+0000] {dag.py:2429} INFO - Sync 1 DAGs
[2022-09-07T07:57:05.255+0000] {logging_mixin.py:115} INFO - [2022-09-07T07:57:05.255+0000] {dag.py:2981} INFO - Setting next_dagrun for example_local_kubernetes_executor to None, run_after=None
[2022-09-07T07:57:05.262+0000] {processor.py:161} INFO - Processing /home/airflow/.local/lib/python3.7/site-packages/airflow/example_dags/example_local_kubernetes_executor.py took 0.052 seconds
[2022-09-07T07:57:35.848+0000] {processor.py:153} INFO - Started process (PID=292) to work on /home/airflow/.local/lib/python3.7/site-packages/airflow/example_dags/example_local_kubernetes_executor.py
[2022-09-07T07:57:35.850+0000] {processor.py:640} INFO - Processing file /home/airflow/.local/lib/python3.7/site-packages/airflow/example_dags/example_local_kubernetes_executor.py for tasks to queue
[2022-09-07T07:57:35.850+0000] {logging_mixin.py:115} INFO - [2022-09-07T07:57:35.850+0000] {dagbag.py:508} INFO - Filling up the DagBag from /home/airflow/.local/lib/python3.7/site-packages/airflow/example_dags/example_local_kubernetes_executor.py
[2022-09-07T07:57:35.861+0000] {processor.py:650} INFO - DAG(s) dict_keys(['example_local_kubernetes_executor']) retrieved from /home/airflow/.local/lib/python3.7/site-packages/airflow/example_dags/example_local_kubernetes_executor.py
[2022-09-07T07:57:35.879+0000] {logging_mixin.py:115} INFO - [2022-09-07T07:57:35.879+0000] {dag.py:2429} INFO - Sync 1 DAGs
[2022-09-07T07:57:35.893+0000] {logging_mixin.py:115} INFO - [2022-09-07T07:57:35.893+0000] {dag.py:2981} INFO - Setting next_dagrun for example_local_kubernetes_executor to None, run_after=None
[2022-09-07T07:57:35.900+0000] {processor.py:161} INFO - Processing /home/airflow/.local/lib/python3.7/site-packages/airflow/example_dags/example_local_kubernetes_executor.py took 0.054 seconds
[2022-09-07T07:58:06.662+0000] {processor.py:153} INFO - Started process (PID=344) to work on /home/airflow/.local/lib/python3.7/site-packages/airflow/example_dags/example_local_kubernetes_executor.py
[2022-09-07T07:58:06.664+0000] {processor.py:640} INFO - Processing file /home/airflow/.local/lib/python3.7/site-packages/airflow/example_dags/example_local_kubernetes_executor.py for tasks to queue
[2022-09-07T07:58:06.665+0000] {logging_mixin.py:115} INFO - [2022-09-07T07:58:06.665+0000] {dagbag.py:508} INFO - Filling up the DagBag from /home/airflow/.local/lib/python3.7/site-packages/airflow/example_dags/example_local_kubernetes_executor.py
[2022-09-07T07:58:06.677+0000] {processor.py:650} INFO - DAG(s) dict_keys(['example_local_kubernetes_executor']) retrieved from /home/airflow/.local/lib/python3.7/site-packages/airflow/example_dags/example_local_kubernetes_executor.py
[2022-09-07T07:58:06.695+0000] {logging_mixin.py:115} INFO - [2022-09-07T07:58:06.695+0000] {dag.py:2429} INFO - Sync 1 DAGs
[2022-09-07T07:58:06.709+0000] {logging_mixin.py:115} INFO - [2022-09-07T07:58:06.709+0000] {dag.py:2981} INFO - Setting next_dagrun for example_local_kubernetes_executor to None, run_after=None
[2022-09-07T07:58:06.717+0000] {processor.py:161} INFO - Processing /home/airflow/.local/lib/python3.7/site-packages/airflow/example_dags/example_local_kubernetes_executor.py took 0.057 seconds
[2022-09-07T07:58:36.778+0000] {processor.py:153} INFO - Started process (PID=403) to work on /home/airflow/.local/lib/python3.7/site-packages/airflow/example_dags/example_local_kubernetes_executor.py
[2022-09-07T07:58:36.779+0000] {processor.py:640} INFO - Processing file /home/airflow/.local/lib/python3.7/site-packages/airflow/example_dags/example_local_kubernetes_executor.py for tasks to queue
[2022-09-07T07:58:36.780+0000] {logging_mixin.py:115} INFO - [2022-09-07T07:58:36.780+0000] {dagbag.py:508} INFO - Filling up the DagBag from /home/airflow/.local/lib/python3.7/site-packages/airflow/example_dags/example_local_kubernetes_executor.py
[2022-09-07T07:58:36.792+0000] {processor.py:650} INFO - DAG(s) dict_keys(['example_local_kubernetes_executor']) retrieved from /home/airflow/.local/lib/python3.7/site-packages/airflow/example_dags/example_local_kubernetes_executor.py
[2022-09-07T07:58:36.809+0000] {logging_mixin.py:115} INFO - [2022-09-07T07:58:36.809+0000] {dag.py:2429} INFO - Sync 1 DAGs
[2022-09-07T07:58:36.821+0000] {logging_mixin.py:115} INFO - [2022-09-07T07:58:36.821+0000] {dag.py:2981} INFO - Setting next_dagrun for example_local_kubernetes_executor to None, run_after=None
[2022-09-07T07:58:36.829+0000] {processor.py:161} INFO - Processing /home/airflow/.local/lib/python3.7/site-packages/airflow/example_dags/example_local_kubernetes_executor.py took 0.053 seconds
[2022-09-07T07:59:07.813+0000] {processor.py:153} INFO - Started process (PID=464) to work on /home/airflow/.local/lib/python3.7/site-packages/airflow/example_dags/example_local_kubernetes_executor.py
[2022-09-07T07:59:07.815+0000] {processor.py:640} INFO - Processing file /home/airflow/.local/lib/python3.7/site-packages/airflow/example_dags/example_local_kubernetes_executor.py for tasks to queue
[2022-09-07T07:59:07.816+0000] {logging_mixin.py:115} INFO - [2022-09-07T07:59:07.816+0000] {dagbag.py:508} INFO - Filling up the DagBag from /home/airflow/.local/lib/python3.7/site-packages/airflow/example_dags/example_local_kubernetes_executor.py
[2022-09-07T07:59:07.826+0000] {processor.py:650} INFO - DAG(s) dict_keys(['example_local_kubernetes_executor']) retrieved from /home/airflow/.local/lib/python3.7/site-packages/airflow/example_dags/example_local_kubernetes_executor.py
[2022-09-07T07:59:07.842+0000] {logging_mixin.py:115} INFO - [2022-09-07T07:59:07.842+0000] {dag.py:2429} INFO - Sync 1 DAGs
[2022-09-07T07:59:07.860+0000] {logging_mixin.py:115} INFO - [2022-09-07T07:59:07.860+0000] {dag.py:2981} INFO - Setting next_dagrun for example_local_kubernetes_executor to None, run_after=None
[2022-09-07T07:59:07.869+0000] {processor.py:161} INFO - Processing /home/airflow/.local/lib/python3.7/site-packages/airflow/example_dags/example_local_kubernetes_executor.py took 0.058 seconds
[2022-09-07T07:59:38.656+0000] {processor.py:153} INFO - Started process (PID=524) to work on /home/airflow/.local/lib/python3.7/site-packages/airflow/example_dags/example_local_kubernetes_executor.py
[2022-09-07T07:59:38.658+0000] {processor.py:640} INFO - Processing file /home/airflow/.local/lib/python3.7/site-packages/airflow/example_dags/example_local_kubernetes_executor.py for tasks to queue
[2022-09-07T07:59:38.659+0000] {logging_mixin.py:115} INFO - [2022-09-07T07:59:38.659+0000] {dagbag.py:508} INFO - Filling up the DagBag from /home/airflow/.local/lib/python3.7/site-packages/airflow/example_dags/example_local_kubernetes_executor.py
[2022-09-07T07:59:38.670+0000] {processor.py:650} INFO - DAG(s) dict_keys(['example_local_kubernetes_executor']) retrieved from /home/airflow/.local/lib/python3.7/site-packages/airflow/example_dags/example_local_kubernetes_executor.py
[2022-09-07T07:59:38.686+0000] {logging_mixin.py:115} INFO - [2022-09-07T07:59:38.686+0000] {dag.py:2429} INFO - Sync 1 DAGs
[2022-09-07T07:59:38.699+0000] {logging_mixin.py:115} INFO - [2022-09-07T07:59:38.699+0000] {dag.py:2981} INFO - Setting next_dagrun for example_local_kubernetes_executor to None, run_after=None
[2022-09-07T07:59:38.707+0000] {processor.py:161} INFO - Processing /home/airflow/.local/lib/python3.7/site-packages/airflow/example_dags/example_local_kubernetes_executor.py took 0.053 seconds
[2022-09-07T08:00:09.599+0000] {processor.py:153} INFO - Started process (PID=585) to work on /home/airflow/.local/lib/python3.7/site-packages/airflow/example_dags/example_local_kubernetes_executor.py
[2022-09-07T08:00:09.624+0000] {processor.py:640} INFO - Processing file /home/airflow/.local/lib/python3.7/site-packages/airflow/example_dags/example_local_kubernetes_executor.py for tasks to queue
[2022-09-07T08:00:09.625+0000] {logging_mixin.py:115} INFO - [2022-09-07T08:00:09.625+0000] {dagbag.py:508} INFO - Filling up the DagBag from /home/airflow/.local/lib/python3.7/site-packages/airflow/example_dags/example_local_kubernetes_executor.py
[2022-09-07T08:00:09.640+0000] {processor.py:650} INFO - DAG(s) dict_keys(['example_local_kubernetes_executor']) retrieved from /home/airflow/.local/lib/python3.7/site-packages/airflow/example_dags/example_local_kubernetes_executor.py
[2022-09-07T08:00:09.662+0000] {logging_mixin.py:115} INFO - [2022-09-07T08:00:09.661+0000] {dag.py:2429} INFO - Sync 1 DAGs
[2022-09-07T08:00:09.678+0000] {logging_mixin.py:115} INFO - [2022-09-07T08:00:09.678+0000] {dag.py:2981} INFO - Setting next_dagrun for example_local_kubernetes_executor to None, run_after=None
[2022-09-07T08:00:09.688+0000] {processor.py:161} INFO - Processing /home/airflow/.local/lib/python3.7/site-packages/airflow/example_dags/example_local_kubernetes_executor.py took 0.091 seconds
[2022-09-07T08:00:40.486+0000] {processor.py:153} INFO - Started process (PID=948) to work on /home/airflow/.local/lib/python3.7/site-packages/airflow/example_dags/example_local_kubernetes_executor.py
[2022-09-07T08:00:40.488+0000] {processor.py:640} INFO - Processing file /home/airflow/.local/lib/python3.7/site-packages/airflow/example_dags/example_local_kubernetes_executor.py for tasks to queue
[2022-09-07T08:00:40.490+0000] {logging_mixin.py:115} INFO - [2022-09-07T08:00:40.489+0000] {dagbag.py:508} INFO - Filling up the DagBag from /home/airflow/.local/lib/python3.7/site-packages/airflow/example_dags/example_local_kubernetes_executor.py
[2022-09-07T08:00:40.501+0000] {processor.py:650} INFO - DAG(s) dict_keys(['example_local_kubernetes_executor']) retrieved from /home/airflow/.local/lib/python3.7/site-packages/airflow/example_dags/example_local_kubernetes_executor.py
[2022-09-07T08:00:40.518+0000] {logging_mixin.py:115} INFO - [2022-09-07T08:00:40.518+0000] {dag.py:2429} INFO - Sync 1 DAGs
[2022-09-07T08:00:40.532+0000] {logging_mixin.py:115} INFO - [2022-09-07T08:00:40.532+0000] {dag.py:2981} INFO - Setting next_dagrun for example_local_kubernetes_executor to None, run_after=None
[2022-09-07T08:00:40.542+0000] {processor.py:161} INFO - Processing /home/airflow/.local/lib/python3.7/site-packages/airflow/example_dags/example_local_kubernetes_executor.py took 0.059 seconds
[2022-09-07T08:01:11.213+0000] {processor.py:153} INFO - Started process (PID=2090) to work on /home/airflow/.local/lib/python3.7/site-packages/airflow/example_dags/example_local_kubernetes_executor.py
[2022-09-07T08:01:11.214+0000] {processor.py:640} INFO - Processing file /home/airflow/.local/lib/python3.7/site-packages/airflow/example_dags/example_local_kubernetes_executor.py for tasks to queue
[2022-09-07T08:01:11.216+0000] {logging_mixin.py:115} INFO - [2022-09-07T08:01:11.216+0000] {dagbag.py:508} INFO - Filling up the DagBag from /home/airflow/.local/lib/python3.7/site-packages/airflow/example_dags/example_local_kubernetes_executor.py
[2022-09-07T08:01:11.232+0000] {processor.py:650} INFO - DAG(s) dict_keys(['example_local_kubernetes_executor']) retrieved from /home/airflow/.local/lib/python3.7/site-packages/airflow/example_dags/example_local_kubernetes_executor.py
[2022-09-07T08:01:11.248+0000] {logging_mixin.py:115} INFO - [2022-09-07T08:01:11.248+0000] {dag.py:2429} INFO - Sync 1 DAGs
[2022-09-07T08:01:11.261+0000] {logging_mixin.py:115} INFO - [2022-09-07T08:01:11.261+0000] {dag.py:2981} INFO - Setting next_dagrun for example_local_kubernetes_executor to None, run_after=None
[2022-09-07T08:01:11.270+0000] {processor.py:161} INFO - Processing /home/airflow/.local/lib/python3.7/site-packages/airflow/example_dags/example_local_kubernetes_executor.py took 0.060 seconds
[2022-09-07T08:01:41.990+0000] {processor.py:153} INFO - Started process (PID=2337) to work on /home/airflow/.local/lib/python3.7/site-packages/airflow/example_dags/example_local_kubernetes_executor.py
[2022-09-07T08:01:41.992+0000] {processor.py:640} INFO - Processing file /home/airflow/.local/lib/python3.7/site-packages/airflow/example_dags/example_local_kubernetes_executor.py for tasks to queue
[2022-09-07T08:01:41.994+0000] {logging_mixin.py:115} INFO - [2022-09-07T08:01:41.993+0000] {dagbag.py:508} INFO - Filling up the DagBag from /home/airflow/.local/lib/python3.7/site-packages/airflow/example_dags/example_local_kubernetes_executor.py
[2022-09-07T08:01:42.005+0000] {processor.py:650} INFO - DAG(s) dict_keys(['example_local_kubernetes_executor']) retrieved from /home/airflow/.local/lib/python3.7/site-packages/airflow/example_dags/example_local_kubernetes_executor.py
[2022-09-07T08:01:42.022+0000] {logging_mixin.py:115} INFO - [2022-09-07T08:01:42.022+0000] {dag.py:2429} INFO - Sync 1 DAGs
[2022-09-07T08:01:42.036+0000] {logging_mixin.py:115} INFO - [2022-09-07T08:01:42.036+0000] {dag.py:2981} INFO - Setting next_dagrun for example_local_kubernetes_executor to None, run_after=None
[2022-09-07T08:01:42.044+0000] {processor.py:161} INFO - Processing /home/airflow/.local/lib/python3.7/site-packages/airflow/example_dags/example_local_kubernetes_executor.py took 0.056 seconds
[2022-09-07T08:02:12.795+0000] {processor.py:153} INFO - Started process (PID=2399) to work on /home/airflow/.local/lib/python3.7/site-packages/airflow/example_dags/example_local_kubernetes_executor.py
[2022-09-07T08:02:12.796+0000] {processor.py:640} INFO - Processing file /home/airflow/.local/lib/python3.7/site-packages/airflow/example_dags/example_local_kubernetes_executor.py for tasks to queue
[2022-09-07T08:02:12.797+0000] {logging_mixin.py:115} INFO - [2022-09-07T08:02:12.797+0000] {dagbag.py:508} INFO - Filling up the DagBag from /home/airflow/.local/lib/python3.7/site-packages/airflow/example_dags/example_local_kubernetes_executor.py
[2022-09-07T08:02:12.808+0000] {processor.py:650} INFO - DAG(s) dict_keys(['example_local_kubernetes_executor']) retrieved from /home/airflow/.local/lib/python3.7/site-packages/airflow/example_dags/example_local_kubernetes_executor.py
[2022-09-07T08:02:12.825+0000] {logging_mixin.py:115} INFO - [2022-09-07T08:02:12.825+0000] {dag.py:2429} INFO - Sync 1 DAGs
[2022-09-07T08:02:12.839+0000] {logging_mixin.py:115} INFO - [2022-09-07T08:02:12.839+0000] {dag.py:2981} INFO - Setting next_dagrun for example_local_kubernetes_executor to None, run_after=None
[2022-09-07T08:02:12.848+0000] {processor.py:161} INFO - Processing /home/airflow/.local/lib/python3.7/site-packages/airflow/example_dags/example_local_kubernetes_executor.py took 0.055 seconds
[2022-09-07T08:02:43.679+0000] {processor.py:153} INFO - Started process (PID=2459) to work on /home/airflow/.local/lib/python3.7/site-packages/airflow/example_dags/example_local_kubernetes_executor.py
[2022-09-07T08:02:43.682+0000] {processor.py:640} INFO - Processing file /home/airflow/.local/lib/python3.7/site-packages/airflow/example_dags/example_local_kubernetes_executor.py for tasks to queue
[2022-09-07T08:02:43.683+0000] {logging_mixin.py:115} INFO - [2022-09-07T08:02:43.683+0000] {dagbag.py:508} INFO - Filling up the DagBag from /home/airflow/.local/lib/python3.7/site-packages/airflow/example_dags/example_local_kubernetes_executor.py
[2022-09-07T08:02:43.695+0000] {processor.py:650} INFO - DAG(s) dict_keys(['example_local_kubernetes_executor']) retrieved from /home/airflow/.local/lib/python3.7/site-packages/airflow/example_dags/example_local_kubernetes_executor.py
[2022-09-07T08:02:43.714+0000] {logging_mixin.py:115} INFO - [2022-09-07T08:02:43.713+0000] {dag.py:2429} INFO - Sync 1 DAGs
[2022-09-07T08:02:43.729+0000] {logging_mixin.py:115} INFO - [2022-09-07T08:02:43.729+0000] {dag.py:2981} INFO - Setting next_dagrun for example_local_kubernetes_executor to None, run_after=None
[2022-09-07T08:02:43.741+0000] {processor.py:161} INFO - Processing /home/airflow/.local/lib/python3.7/site-packages/airflow/example_dags/example_local_kubernetes_executor.py took 0.064 seconds
[2022-09-07T08:03:14.406+0000] {processor.py:153} INFO - Started process (PID=2519) to work on /home/airflow/.local/lib/python3.7/site-packages/airflow/example_dags/example_local_kubernetes_executor.py
[2022-09-07T08:03:14.408+0000] {processor.py:640} INFO - Processing file /home/airflow/.local/lib/python3.7/site-packages/airflow/example_dags/example_local_kubernetes_executor.py for tasks to queue
[2022-09-07T08:03:14.408+0000] {logging_mixin.py:115} INFO - [2022-09-07T08:03:14.408+0000] {dagbag.py:508} INFO - Filling up the DagBag from /home/airflow/.local/lib/python3.7/site-packages/airflow/example_dags/example_local_kubernetes_executor.py
[2022-09-07T08:03:14.421+0000] {processor.py:650} INFO - DAG(s) dict_keys(['example_local_kubernetes_executor']) retrieved from /home/airflow/.local/lib/python3.7/site-packages/airflow/example_dags/example_local_kubernetes_executor.py
[2022-09-07T08:03:14.441+0000] {logging_mixin.py:115} INFO - [2022-09-07T08:03:14.441+0000] {dag.py:2429} INFO - Sync 1 DAGs
[2022-09-07T08:03:14.455+0000] {logging_mixin.py:115} INFO - [2022-09-07T08:03:14.455+0000] {dag.py:2981} INFO - Setting next_dagrun for example_local_kubernetes_executor to None, run_after=None
[2022-09-07T08:03:14.465+0000] {processor.py:161} INFO - Processing /home/airflow/.local/lib/python3.7/site-packages/airflow/example_dags/example_local_kubernetes_executor.py took 0.061 seconds
[2022-09-07T08:03:45.207+0000] {processor.py:153} INFO - Started process (PID=2580) to work on /home/airflow/.local/lib/python3.7/site-packages/airflow/example_dags/example_local_kubernetes_executor.py
[2022-09-07T08:03:45.208+0000] {processor.py:640} INFO - Processing file /home/airflow/.local/lib/python3.7/site-packages/airflow/example_dags/example_local_kubernetes_executor.py for tasks to queue
[2022-09-07T08:03:45.209+0000] {logging_mixin.py:115} INFO - [2022-09-07T08:03:45.209+0000] {dagbag.py:508} INFO - Filling up the DagBag from /home/airflow/.local/lib/python3.7/site-packages/airflow/example_dags/example_local_kubernetes_executor.py
[2022-09-07T08:03:45.221+0000] {processor.py:650} INFO - DAG(s) dict_keys(['example_local_kubernetes_executor']) retrieved from /home/airflow/.local/lib/python3.7/site-packages/airflow/example_dags/example_local_kubernetes_executor.py
[2022-09-07T08:03:45.238+0000] {logging_mixin.py:115} INFO - [2022-09-07T08:03:45.238+0000] {dag.py:2429} INFO - Sync 1 DAGs
[2022-09-07T08:03:45.253+0000] {logging_mixin.py:115} INFO - [2022-09-07T08:03:45.253+0000] {dag.py:2981} INFO - Setting next_dagrun for example_local_kubernetes_executor to None, run_after=None
[2022-09-07T08:03:45.263+0000] {processor.py:161} INFO - Processing /home/airflow/.local/lib/python3.7/site-packages/airflow/example_dags/example_local_kubernetes_executor.py took 0.059 seconds
[2022-09-07T08:04:15.893+0000] {processor.py:153} INFO - Started process (PID=2632) to work on /home/airflow/.local/lib/python3.7/site-packages/airflow/example_dags/example_local_kubernetes_executor.py
[2022-09-07T08:04:15.896+0000] {processor.py:640} INFO - Processing file /home/airflow/.local/lib/python3.7/site-packages/airflow/example_dags/example_local_kubernetes_executor.py for tasks to queue
[2022-09-07T08:04:15.897+0000] {logging_mixin.py:115} INFO - [2022-09-07T08:04:15.897+0000] {dagbag.py:508} INFO - Filling up the DagBag from /home/airflow/.local/lib/python3.7/site-packages/airflow/example_dags/example_local_kubernetes_executor.py
[2022-09-07T08:04:15.909+0000] {processor.py:650} INFO - DAG(s) dict_keys(['example_local_kubernetes_executor']) retrieved from /home/airflow/.local/lib/python3.7/site-packages/airflow/example_dags/example_local_kubernetes_executor.py
[2022-09-07T08:04:15.932+0000] {logging_mixin.py:115} INFO - [2022-09-07T08:04:15.932+0000] {dag.py:2429} INFO - Sync 1 DAGs
[2022-09-07T08:04:15.946+0000] {logging_mixin.py:115} INFO - [2022-09-07T08:04:15.946+0000] {dag.py:2981} INFO - Setting next_dagrun for example_local_kubernetes_executor to None, run_after=None
[2022-09-07T08:04:15.955+0000] {processor.py:161} INFO - Processing /home/airflow/.local/lib/python3.7/site-packages/airflow/example_dags/example_local_kubernetes_executor.py took 0.064 seconds
[2022-09-07T16:21:01.568+0000] {processor.py:153} INFO - Started process (PID=65) to work on /home/airflow/.local/lib/python3.7/site-packages/airflow/example_dags/example_local_kubernetes_executor.py
[2022-09-07T16:21:01.569+0000] {processor.py:640} INFO - Processing file /home/airflow/.local/lib/python3.7/site-packages/airflow/example_dags/example_local_kubernetes_executor.py for tasks to queue
[2022-09-07T16:21:01.570+0000] {logging_mixin.py:115} INFO - [2022-09-07T16:21:01.570+0000] {dagbag.py:508} INFO - Filling up the DagBag from /home/airflow/.local/lib/python3.7/site-packages/airflow/example_dags/example_local_kubernetes_executor.py
[2022-09-07T16:21:01.582+0000] {processor.py:650} INFO - DAG(s) dict_keys(['example_local_kubernetes_executor']) retrieved from /home/airflow/.local/lib/python3.7/site-packages/airflow/example_dags/example_local_kubernetes_executor.py
[2022-09-07T16:21:01.598+0000] {logging_mixin.py:115} INFO - [2022-09-07T16:21:01.598+0000] {dag.py:2429} INFO - Sync 1 DAGs
[2022-09-07T16:21:01.613+0000] {logging_mixin.py:115} INFO - [2022-09-07T16:21:01.613+0000] {dag.py:2981} INFO - Setting next_dagrun for example_local_kubernetes_executor to None, run_after=None
[2022-09-07T16:21:01.622+0000] {processor.py:161} INFO - Processing /home/airflow/.local/lib/python3.7/site-packages/airflow/example_dags/example_local_kubernetes_executor.py took 0.056 seconds
[2022-09-07T16:21:32.210+0000] {processor.py:153} INFO - Started process (PID=125) to work on /home/airflow/.local/lib/python3.7/site-packages/airflow/example_dags/example_local_kubernetes_executor.py
[2022-09-07T16:21:32.211+0000] {processor.py:640} INFO - Processing file /home/airflow/.local/lib/python3.7/site-packages/airflow/example_dags/example_local_kubernetes_executor.py for tasks to queue
[2022-09-07T16:21:32.212+0000] {logging_mixin.py:115} INFO - [2022-09-07T16:21:32.212+0000] {dagbag.py:508} INFO - Filling up the DagBag from /home/airflow/.local/lib/python3.7/site-packages/airflow/example_dags/example_local_kubernetes_executor.py
[2022-09-07T16:21:32.223+0000] {processor.py:650} INFO - DAG(s) dict_keys(['example_local_kubernetes_executor']) retrieved from /home/airflow/.local/lib/python3.7/site-packages/airflow/example_dags/example_local_kubernetes_executor.py
[2022-09-07T16:21:32.242+0000] {logging_mixin.py:115} INFO - [2022-09-07T16:21:32.242+0000] {dag.py:2429} INFO - Sync 1 DAGs
[2022-09-07T16:21:32.256+0000] {logging_mixin.py:115} INFO - [2022-09-07T16:21:32.256+0000] {dag.py:2981} INFO - Setting next_dagrun for example_local_kubernetes_executor to None, run_after=None
[2022-09-07T16:21:32.265+0000] {processor.py:161} INFO - Processing /home/airflow/.local/lib/python3.7/site-packages/airflow/example_dags/example_local_kubernetes_executor.py took 0.058 seconds
[2022-09-07T16:22:02.856+0000] {processor.py:153} INFO - Started process (PID=580) to work on /home/airflow/.local/lib/python3.7/site-packages/airflow/example_dags/example_local_kubernetes_executor.py
[2022-09-07T16:22:02.858+0000] {processor.py:640} INFO - Processing file /home/airflow/.local/lib/python3.7/site-packages/airflow/example_dags/example_local_kubernetes_executor.py for tasks to queue
[2022-09-07T16:22:02.860+0000] {logging_mixin.py:115} INFO - [2022-09-07T16:22:02.860+0000] {dagbag.py:508} INFO - Filling up the DagBag from /home/airflow/.local/lib/python3.7/site-packages/airflow/example_dags/example_local_kubernetes_executor.py
[2022-09-07T16:22:02.872+0000] {processor.py:650} INFO - DAG(s) dict_keys(['example_local_kubernetes_executor']) retrieved from /home/airflow/.local/lib/python3.7/site-packages/airflow/example_dags/example_local_kubernetes_executor.py
[2022-09-07T16:22:02.890+0000] {logging_mixin.py:115} INFO - [2022-09-07T16:22:02.890+0000] {dag.py:2429} INFO - Sync 1 DAGs
[2022-09-07T16:22:02.904+0000] {logging_mixin.py:115} INFO - [2022-09-07T16:22:02.904+0000] {dag.py:2981} INFO - Setting next_dagrun for example_local_kubernetes_executor to None, run_after=None
[2022-09-07T16:22:02.914+0000] {processor.py:161} INFO - Processing /home/airflow/.local/lib/python3.7/site-packages/airflow/example_dags/example_local_kubernetes_executor.py took 0.060 seconds
[2022-09-07T16:22:33.051+0000] {processor.py:153} INFO - Started process (PID=1276) to work on /home/airflow/.local/lib/python3.7/site-packages/airflow/example_dags/example_local_kubernetes_executor.py
[2022-09-07T16:22:33.053+0000] {processor.py:640} INFO - Processing file /home/airflow/.local/lib/python3.7/site-packages/airflow/example_dags/example_local_kubernetes_executor.py for tasks to queue
[2022-09-07T16:22:33.054+0000] {logging_mixin.py:115} INFO - [2022-09-07T16:22:33.054+0000] {dagbag.py:508} INFO - Filling up the DagBag from /home/airflow/.local/lib/python3.7/site-packages/airflow/example_dags/example_local_kubernetes_executor.py
[2022-09-07T16:22:33.065+0000] {processor.py:650} INFO - DAG(s) dict_keys(['example_local_kubernetes_executor']) retrieved from /home/airflow/.local/lib/python3.7/site-packages/airflow/example_dags/example_local_kubernetes_executor.py
[2022-09-07T16:22:33.082+0000] {logging_mixin.py:115} INFO - [2022-09-07T16:22:33.082+0000] {dag.py:2429} INFO - Sync 1 DAGs
[2022-09-07T16:22:33.097+0000] {logging_mixin.py:115} INFO - [2022-09-07T16:22:33.097+0000] {dag.py:2981} INFO - Setting next_dagrun for example_local_kubernetes_executor to None, run_after=None
[2022-09-07T16:22:33.108+0000] {processor.py:161} INFO - Processing /home/airflow/.local/lib/python3.7/site-packages/airflow/example_dags/example_local_kubernetes_executor.py took 0.059 seconds
[2022-09-07T16:23:03.914+0000] {processor.py:153} INFO - Started process (PID=1812) to work on /home/airflow/.local/lib/python3.7/site-packages/airflow/example_dags/example_local_kubernetes_executor.py
[2022-09-07T16:23:03.915+0000] {processor.py:640} INFO - Processing file /home/airflow/.local/lib/python3.7/site-packages/airflow/example_dags/example_local_kubernetes_executor.py for tasks to queue
[2022-09-07T16:23:03.916+0000] {logging_mixin.py:115} INFO - [2022-09-07T16:23:03.916+0000] {dagbag.py:508} INFO - Filling up the DagBag from /home/airflow/.local/lib/python3.7/site-packages/airflow/example_dags/example_local_kubernetes_executor.py
[2022-09-07T16:23:03.929+0000] {processor.py:650} INFO - DAG(s) dict_keys(['example_local_kubernetes_executor']) retrieved from /home/airflow/.local/lib/python3.7/site-packages/airflow/example_dags/example_local_kubernetes_executor.py
[2022-09-07T16:23:03.947+0000] {logging_mixin.py:115} INFO - [2022-09-07T16:23:03.947+0000] {dag.py:2429} INFO - Sync 1 DAGs
[2022-09-07T16:23:03.960+0000] {logging_mixin.py:115} INFO - [2022-09-07T16:23:03.960+0000] {dag.py:2981} INFO - Setting next_dagrun for example_local_kubernetes_executor to None, run_after=None
[2022-09-07T16:23:03.968+0000] {processor.py:161} INFO - Processing /home/airflow/.local/lib/python3.7/site-packages/airflow/example_dags/example_local_kubernetes_executor.py took 0.057 seconds
[2022-09-07T16:23:34.625+0000] {processor.py:153} INFO - Started process (PID=2177) to work on /home/airflow/.local/lib/python3.7/site-packages/airflow/example_dags/example_local_kubernetes_executor.py
[2022-09-07T16:23:34.627+0000] {processor.py:640} INFO - Processing file /home/airflow/.local/lib/python3.7/site-packages/airflow/example_dags/example_local_kubernetes_executor.py for tasks to queue
[2022-09-07T16:23:34.628+0000] {logging_mixin.py:115} INFO - [2022-09-07T16:23:34.628+0000] {dagbag.py:508} INFO - Filling up the DagBag from /home/airflow/.local/lib/python3.7/site-packages/airflow/example_dags/example_local_kubernetes_executor.py
[2022-09-07T16:23:34.640+0000] {processor.py:650} INFO - DAG(s) dict_keys(['example_local_kubernetes_executor']) retrieved from /home/airflow/.local/lib/python3.7/site-packages/airflow/example_dags/example_local_kubernetes_executor.py
[2022-09-07T16:23:34.659+0000] {logging_mixin.py:115} INFO - [2022-09-07T16:23:34.659+0000] {dag.py:2429} INFO - Sync 1 DAGs
[2022-09-07T16:23:34.674+0000] {logging_mixin.py:115} INFO - [2022-09-07T16:23:34.674+0000] {dag.py:2981} INFO - Setting next_dagrun for example_local_kubernetes_executor to None, run_after=None
[2022-09-07T16:23:34.682+0000] {processor.py:161} INFO - Processing /home/airflow/.local/lib/python3.7/site-packages/airflow/example_dags/example_local_kubernetes_executor.py took 0.059 seconds
[2022-09-07T16:24:05.223+0000] {processor.py:153} INFO - Started process (PID=2554) to work on /home/airflow/.local/lib/python3.7/site-packages/airflow/example_dags/example_local_kubernetes_executor.py
[2022-09-07T16:24:05.225+0000] {processor.py:640} INFO - Processing file /home/airflow/.local/lib/python3.7/site-packages/airflow/example_dags/example_local_kubernetes_executor.py for tasks to queue
[2022-09-07T16:24:05.226+0000] {logging_mixin.py:115} INFO - [2022-09-07T16:24:05.226+0000] {dagbag.py:508} INFO - Filling up the DagBag from /home/airflow/.local/lib/python3.7/site-packages/airflow/example_dags/example_local_kubernetes_executor.py
[2022-09-07T16:24:05.237+0000] {processor.py:650} INFO - DAG(s) dict_keys(['example_local_kubernetes_executor']) retrieved from /home/airflow/.local/lib/python3.7/site-packages/airflow/example_dags/example_local_kubernetes_executor.py
[2022-09-07T16:24:05.255+0000] {logging_mixin.py:115} INFO - [2022-09-07T16:24:05.255+0000] {dag.py:2429} INFO - Sync 1 DAGs
[2022-09-07T16:24:05.270+0000] {logging_mixin.py:115} INFO - [2022-09-07T16:24:05.270+0000] {dag.py:2981} INFO - Setting next_dagrun for example_local_kubernetes_executor to None, run_after=None
[2022-09-07T16:24:05.279+0000] {processor.py:161} INFO - Processing /home/airflow/.local/lib/python3.7/site-packages/airflow/example_dags/example_local_kubernetes_executor.py took 0.058 seconds
[2022-09-07T16:24:35.854+0000] {processor.py:153} INFO - Started process (PID=2921) to work on /home/airflow/.local/lib/python3.7/site-packages/airflow/example_dags/example_local_kubernetes_executor.py
[2022-09-07T16:24:35.856+0000] {processor.py:640} INFO - Processing file /home/airflow/.local/lib/python3.7/site-packages/airflow/example_dags/example_local_kubernetes_executor.py for tasks to queue
[2022-09-07T16:24:35.857+0000] {logging_mixin.py:115} INFO - [2022-09-07T16:24:35.857+0000] {dagbag.py:508} INFO - Filling up the DagBag from /home/airflow/.local/lib/python3.7/site-packages/airflow/example_dags/example_local_kubernetes_executor.py
[2022-09-07T16:24:35.869+0000] {processor.py:650} INFO - DAG(s) dict_keys(['example_local_kubernetes_executor']) retrieved from /home/airflow/.local/lib/python3.7/site-packages/airflow/example_dags/example_local_kubernetes_executor.py
[2022-09-07T16:24:35.888+0000] {logging_mixin.py:115} INFO - [2022-09-07T16:24:35.887+0000] {dag.py:2429} INFO - Sync 1 DAGs
[2022-09-07T16:24:35.903+0000] {logging_mixin.py:115} INFO - [2022-09-07T16:24:35.902+0000] {dag.py:2981} INFO - Setting next_dagrun for example_local_kubernetes_executor to None, run_after=None
[2022-09-07T16:24:35.913+0000] {processor.py:161} INFO - Processing /home/airflow/.local/lib/python3.7/site-packages/airflow/example_dags/example_local_kubernetes_executor.py took 0.062 seconds
[2022-09-07T16:25:06.936+0000] {processor.py:153} INFO - Started process (PID=3249) to work on /home/airflow/.local/lib/python3.7/site-packages/airflow/example_dags/example_local_kubernetes_executor.py
[2022-09-07T16:25:06.939+0000] {processor.py:640} INFO - Processing file /home/airflow/.local/lib/python3.7/site-packages/airflow/example_dags/example_local_kubernetes_executor.py for tasks to queue
[2022-09-07T16:25:06.941+0000] {logging_mixin.py:115} INFO - [2022-09-07T16:25:06.941+0000] {dagbag.py:508} INFO - Filling up the DagBag from /home/airflow/.local/lib/python3.7/site-packages/airflow/example_dags/example_local_kubernetes_executor.py
[2022-09-07T16:25:06.955+0000] {processor.py:650} INFO - DAG(s) dict_keys(['example_local_kubernetes_executor']) retrieved from /home/airflow/.local/lib/python3.7/site-packages/airflow/example_dags/example_local_kubernetes_executor.py
[2022-09-07T16:25:06.973+0000] {logging_mixin.py:115} INFO - [2022-09-07T16:25:06.973+0000] {dag.py:2429} INFO - Sync 1 DAGs
[2022-09-07T16:25:06.991+0000] {logging_mixin.py:115} INFO - [2022-09-07T16:25:06.991+0000] {dag.py:2981} INFO - Setting next_dagrun for example_local_kubernetes_executor to None, run_after=None
[2022-09-07T16:25:07.000+0000] {processor.py:161} INFO - Processing /home/airflow/.local/lib/python3.7/site-packages/airflow/example_dags/example_local_kubernetes_executor.py took 0.066 seconds
[2022-09-07T16:25:37.042+0000] {processor.py:153} INFO - Started process (PID=3310) to work on /home/airflow/.local/lib/python3.7/site-packages/airflow/example_dags/example_local_kubernetes_executor.py
[2022-09-07T16:25:37.044+0000] {processor.py:640} INFO - Processing file /home/airflow/.local/lib/python3.7/site-packages/airflow/example_dags/example_local_kubernetes_executor.py for tasks to queue
[2022-09-07T16:25:37.046+0000] {logging_mixin.py:115} INFO - [2022-09-07T16:25:37.046+0000] {dagbag.py:508} INFO - Filling up the DagBag from /home/airflow/.local/lib/python3.7/site-packages/airflow/example_dags/example_local_kubernetes_executor.py
[2022-09-07T16:25:37.057+0000] {processor.py:650} INFO - DAG(s) dict_keys(['example_local_kubernetes_executor']) retrieved from /home/airflow/.local/lib/python3.7/site-packages/airflow/example_dags/example_local_kubernetes_executor.py
[2022-09-07T16:25:37.081+0000] {logging_mixin.py:115} INFO - [2022-09-07T16:25:37.081+0000] {dag.py:2429} INFO - Sync 1 DAGs
[2022-09-07T16:25:37.108+0000] {logging_mixin.py:115} INFO - [2022-09-07T16:25:37.108+0000] {dag.py:2981} INFO - Setting next_dagrun for example_local_kubernetes_executor to None, run_after=None
[2022-09-07T16:25:37.118+0000] {processor.py:161} INFO - Processing /home/airflow/.local/lib/python3.7/site-packages/airflow/example_dags/example_local_kubernetes_executor.py took 0.078 seconds
[2022-09-07T16:26:07.333+0000] {processor.py:153} INFO - Started process (PID=3363) to work on /home/airflow/.local/lib/python3.7/site-packages/airflow/example_dags/example_local_kubernetes_executor.py
[2022-09-07T16:26:07.334+0000] {processor.py:640} INFO - Processing file /home/airflow/.local/lib/python3.7/site-packages/airflow/example_dags/example_local_kubernetes_executor.py for tasks to queue
[2022-09-07T16:26:07.336+0000] {logging_mixin.py:115} INFO - [2022-09-07T16:26:07.336+0000] {dagbag.py:508} INFO - Filling up the DagBag from /home/airflow/.local/lib/python3.7/site-packages/airflow/example_dags/example_local_kubernetes_executor.py
[2022-09-07T16:26:07.347+0000] {processor.py:650} INFO - DAG(s) dict_keys(['example_local_kubernetes_executor']) retrieved from /home/airflow/.local/lib/python3.7/site-packages/airflow/example_dags/example_local_kubernetes_executor.py
[2022-09-07T16:26:07.365+0000] {logging_mixin.py:115} INFO - [2022-09-07T16:26:07.365+0000] {dag.py:2429} INFO - Sync 1 DAGs
[2022-09-07T16:26:07.380+0000] {logging_mixin.py:115} INFO - [2022-09-07T16:26:07.380+0000] {dag.py:2981} INFO - Setting next_dagrun for example_local_kubernetes_executor to None, run_after=None
[2022-09-07T16:26:07.390+0000] {processor.py:161} INFO - Processing /home/airflow/.local/lib/python3.7/site-packages/airflow/example_dags/example_local_kubernetes_executor.py took 0.060 seconds
[2022-09-07T16:26:38.434+0000] {processor.py:153} INFO - Started process (PID=3424) to work on /home/airflow/.local/lib/python3.7/site-packages/airflow/example_dags/example_local_kubernetes_executor.py
[2022-09-07T16:26:38.436+0000] {processor.py:640} INFO - Processing file /home/airflow/.local/lib/python3.7/site-packages/airflow/example_dags/example_local_kubernetes_executor.py for tasks to queue
[2022-09-07T16:26:38.438+0000] {logging_mixin.py:115} INFO - [2022-09-07T16:26:38.437+0000] {dagbag.py:508} INFO - Filling up the DagBag from /home/airflow/.local/lib/python3.7/site-packages/airflow/example_dags/example_local_kubernetes_executor.py
[2022-09-07T16:26:38.452+0000] {processor.py:650} INFO - DAG(s) dict_keys(['example_local_kubernetes_executor']) retrieved from /home/airflow/.local/lib/python3.7/site-packages/airflow/example_dags/example_local_kubernetes_executor.py
[2022-09-07T16:26:38.475+0000] {logging_mixin.py:115} INFO - [2022-09-07T16:26:38.475+0000] {dag.py:2429} INFO - Sync 1 DAGs
[2022-09-07T16:26:38.494+0000] {logging_mixin.py:115} INFO - [2022-09-07T16:26:38.494+0000] {dag.py:2981} INFO - Setting next_dagrun for example_local_kubernetes_executor to None, run_after=None
[2022-09-07T16:26:38.507+0000] {processor.py:161} INFO - Processing /home/airflow/.local/lib/python3.7/site-packages/airflow/example_dags/example_local_kubernetes_executor.py took 0.076 seconds
[2022-09-07T16:27:09.006+0000] {processor.py:153} INFO - Started process (PID=3485) to work on /home/airflow/.local/lib/python3.7/site-packages/airflow/example_dags/example_local_kubernetes_executor.py
[2022-09-07T16:27:09.007+0000] {processor.py:640} INFO - Processing file /home/airflow/.local/lib/python3.7/site-packages/airflow/example_dags/example_local_kubernetes_executor.py for tasks to queue
[2022-09-07T16:27:09.009+0000] {logging_mixin.py:115} INFO - [2022-09-07T16:27:09.009+0000] {dagbag.py:508} INFO - Filling up the DagBag from /home/airflow/.local/lib/python3.7/site-packages/airflow/example_dags/example_local_kubernetes_executor.py
[2022-09-07T16:27:09.021+0000] {processor.py:650} INFO - DAG(s) dict_keys(['example_local_kubernetes_executor']) retrieved from /home/airflow/.local/lib/python3.7/site-packages/airflow/example_dags/example_local_kubernetes_executor.py
[2022-09-07T16:27:09.040+0000] {logging_mixin.py:115} INFO - [2022-09-07T16:27:09.039+0000] {dag.py:2429} INFO - Sync 1 DAGs
[2022-09-07T16:27:09.055+0000] {logging_mixin.py:115} INFO - [2022-09-07T16:27:09.055+0000] {dag.py:2981} INFO - Setting next_dagrun for example_local_kubernetes_executor to None, run_after=None
[2022-09-07T16:27:09.065+0000] {processor.py:161} INFO - Processing /home/airflow/.local/lib/python3.7/site-packages/airflow/example_dags/example_local_kubernetes_executor.py took 0.062 seconds
[2022-09-07T16:27:39.737+0000] {processor.py:153} INFO - Started process (PID=3547) to work on /home/airflow/.local/lib/python3.7/site-packages/airflow/example_dags/example_local_kubernetes_executor.py
[2022-09-07T16:27:39.739+0000] {processor.py:640} INFO - Processing file /home/airflow/.local/lib/python3.7/site-packages/airflow/example_dags/example_local_kubernetes_executor.py for tasks to queue
[2022-09-07T16:27:39.740+0000] {logging_mixin.py:115} INFO - [2022-09-07T16:27:39.740+0000] {dagbag.py:508} INFO - Filling up the DagBag from /home/airflow/.local/lib/python3.7/site-packages/airflow/example_dags/example_local_kubernetes_executor.py
[2022-09-07T16:27:39.753+0000] {processor.py:650} INFO - DAG(s) dict_keys(['example_local_kubernetes_executor']) retrieved from /home/airflow/.local/lib/python3.7/site-packages/airflow/example_dags/example_local_kubernetes_executor.py
[2022-09-07T16:27:39.771+0000] {logging_mixin.py:115} INFO - [2022-09-07T16:27:39.771+0000] {dag.py:2429} INFO - Sync 1 DAGs
[2022-09-07T16:27:39.787+0000] {logging_mixin.py:115} INFO - [2022-09-07T16:27:39.787+0000] {dag.py:2981} INFO - Setting next_dagrun for example_local_kubernetes_executor to None, run_after=None
[2022-09-07T16:27:39.798+0000] {processor.py:161} INFO - Processing /home/airflow/.local/lib/python3.7/site-packages/airflow/example_dags/example_local_kubernetes_executor.py took 0.063 seconds
[2022-09-07T16:28:10.482+0000] {processor.py:153} INFO - Started process (PID=3608) to work on /home/airflow/.local/lib/python3.7/site-packages/airflow/example_dags/example_local_kubernetes_executor.py
[2022-09-07T16:28:10.483+0000] {processor.py:640} INFO - Processing file /home/airflow/.local/lib/python3.7/site-packages/airflow/example_dags/example_local_kubernetes_executor.py for tasks to queue
[2022-09-07T16:28:10.484+0000] {logging_mixin.py:115} INFO - [2022-09-07T16:28:10.484+0000] {dagbag.py:508} INFO - Filling up the DagBag from /home/airflow/.local/lib/python3.7/site-packages/airflow/example_dags/example_local_kubernetes_executor.py
[2022-09-07T16:28:10.496+0000] {processor.py:650} INFO - DAG(s) dict_keys(['example_local_kubernetes_executor']) retrieved from /home/airflow/.local/lib/python3.7/site-packages/airflow/example_dags/example_local_kubernetes_executor.py
[2022-09-07T16:28:10.515+0000] {logging_mixin.py:115} INFO - [2022-09-07T16:28:10.515+0000] {dag.py:2429} INFO - Sync 1 DAGs
[2022-09-07T16:28:10.533+0000] {logging_mixin.py:115} INFO - [2022-09-07T16:28:10.532+0000] {dag.py:2981} INFO - Setting next_dagrun for example_local_kubernetes_executor to None, run_after=None
[2022-09-07T16:28:10.545+0000] {processor.py:161} INFO - Processing /home/airflow/.local/lib/python3.7/site-packages/airflow/example_dags/example_local_kubernetes_executor.py took 0.066 seconds
[2022-09-07T16:29:18.786+0000] {processor.py:153} INFO - Started process (PID=56) to work on /home/airflow/.local/lib/python3.7/site-packages/airflow/example_dags/example_local_kubernetes_executor.py
[2022-09-07T16:29:18.789+0000] {processor.py:640} INFO - Processing file /home/airflow/.local/lib/python3.7/site-packages/airflow/example_dags/example_local_kubernetes_executor.py for tasks to queue
[2022-09-07T16:29:18.790+0000] {logging_mixin.py:115} INFO - [2022-09-07T16:29:18.790+0000] {dagbag.py:508} INFO - Filling up the DagBag from /home/airflow/.local/lib/python3.7/site-packages/airflow/example_dags/example_local_kubernetes_executor.py
[2022-09-07T16:29:18.820+0000] {processor.py:650} INFO - DAG(s) dict_keys(['example_local_kubernetes_executor']) retrieved from /home/airflow/.local/lib/python3.7/site-packages/airflow/example_dags/example_local_kubernetes_executor.py
[2022-09-07T16:29:18.880+0000] {logging_mixin.py:115} INFO - [2022-09-07T16:29:18.880+0000] {dag.py:2429} INFO - Sync 1 DAGs
[2022-09-07T16:29:18.906+0000] {logging_mixin.py:115} INFO - [2022-09-07T16:29:18.906+0000] {dag.py:2981} INFO - Setting next_dagrun for example_local_kubernetes_executor to None, run_after=None
[2022-09-07T16:29:18.916+0000] {processor.py:161} INFO - Processing /home/airflow/.local/lib/python3.7/site-packages/airflow/example_dags/example_local_kubernetes_executor.py took 0.133 seconds
[2022-09-07T16:29:49.398+0000] {processor.py:153} INFO - Started process (PID=108) to work on /home/airflow/.local/lib/python3.7/site-packages/airflow/example_dags/example_local_kubernetes_executor.py
[2022-09-07T16:29:49.400+0000] {processor.py:640} INFO - Processing file /home/airflow/.local/lib/python3.7/site-packages/airflow/example_dags/example_local_kubernetes_executor.py for tasks to queue
[2022-09-07T16:29:49.402+0000] {logging_mixin.py:115} INFO - [2022-09-07T16:29:49.402+0000] {dagbag.py:508} INFO - Filling up the DagBag from /home/airflow/.local/lib/python3.7/site-packages/airflow/example_dags/example_local_kubernetes_executor.py
[2022-09-07T16:29:49.417+0000] {processor.py:650} INFO - DAG(s) dict_keys(['example_local_kubernetes_executor']) retrieved from /home/airflow/.local/lib/python3.7/site-packages/airflow/example_dags/example_local_kubernetes_executor.py
[2022-09-07T16:29:49.444+0000] {logging_mixin.py:115} INFO - [2022-09-07T16:29:49.444+0000] {dag.py:2429} INFO - Sync 1 DAGs
[2022-09-07T16:29:49.464+0000] {logging_mixin.py:115} INFO - [2022-09-07T16:29:49.464+0000] {dag.py:2981} INFO - Setting next_dagrun for example_local_kubernetes_executor to None, run_after=None
[2022-09-07T16:29:49.488+0000] {processor.py:161} INFO - Processing /home/airflow/.local/lib/python3.7/site-packages/airflow/example_dags/example_local_kubernetes_executor.py took 0.099 seconds
[2022-09-07T16:30:19.743+0000] {processor.py:153} INFO - Started process (PID=168) to work on /home/airflow/.local/lib/python3.7/site-packages/airflow/example_dags/example_local_kubernetes_executor.py
[2022-09-07T16:30:19.745+0000] {processor.py:640} INFO - Processing file /home/airflow/.local/lib/python3.7/site-packages/airflow/example_dags/example_local_kubernetes_executor.py for tasks to queue
[2022-09-07T16:30:19.748+0000] {logging_mixin.py:115} INFO - [2022-09-07T16:30:19.748+0000] {dagbag.py:508} INFO - Filling up the DagBag from /home/airflow/.local/lib/python3.7/site-packages/airflow/example_dags/example_local_kubernetes_executor.py
[2022-09-07T16:30:19.762+0000] {processor.py:650} INFO - DAG(s) dict_keys(['example_local_kubernetes_executor']) retrieved from /home/airflow/.local/lib/python3.7/site-packages/airflow/example_dags/example_local_kubernetes_executor.py
[2022-09-07T16:30:19.780+0000] {logging_mixin.py:115} INFO - [2022-09-07T16:30:19.779+0000] {dag.py:2429} INFO - Sync 1 DAGs
[2022-09-07T16:30:19.793+0000] {logging_mixin.py:115} INFO - [2022-09-07T16:30:19.793+0000] {dag.py:2981} INFO - Setting next_dagrun for example_local_kubernetes_executor to None, run_after=None
[2022-09-07T16:30:19.803+0000] {processor.py:161} INFO - Processing /home/airflow/.local/lib/python3.7/site-packages/airflow/example_dags/example_local_kubernetes_executor.py took 0.064 seconds
[2022-09-07T16:30:50.655+0000] {processor.py:153} INFO - Started process (PID=229) to work on /home/airflow/.local/lib/python3.7/site-packages/airflow/example_dags/example_local_kubernetes_executor.py
[2022-09-07T16:30:50.657+0000] {processor.py:640} INFO - Processing file /home/airflow/.local/lib/python3.7/site-packages/airflow/example_dags/example_local_kubernetes_executor.py for tasks to queue
[2022-09-07T16:30:50.658+0000] {logging_mixin.py:115} INFO - [2022-09-07T16:30:50.658+0000] {dagbag.py:508} INFO - Filling up the DagBag from /home/airflow/.local/lib/python3.7/site-packages/airflow/example_dags/example_local_kubernetes_executor.py
[2022-09-07T16:30:50.678+0000] {processor.py:650} INFO - DAG(s) dict_keys(['example_local_kubernetes_executor']) retrieved from /home/airflow/.local/lib/python3.7/site-packages/airflow/example_dags/example_local_kubernetes_executor.py
[2022-09-07T16:30:50.703+0000] {logging_mixin.py:115} INFO - [2022-09-07T16:30:50.703+0000] {dag.py:2429} INFO - Sync 1 DAGs
[2022-09-07T16:30:50.718+0000] {logging_mixin.py:115} INFO - [2022-09-07T16:30:50.718+0000] {dag.py:2981} INFO - Setting next_dagrun for example_local_kubernetes_executor to None, run_after=None
[2022-09-07T16:30:50.728+0000] {processor.py:161} INFO - Processing /home/airflow/.local/lib/python3.7/site-packages/airflow/example_dags/example_local_kubernetes_executor.py took 0.075 seconds
[2022-09-07T16:31:21.317+0000] {processor.py:153} INFO - Started process (PID=290) to work on /home/airflow/.local/lib/python3.7/site-packages/airflow/example_dags/example_local_kubernetes_executor.py
[2022-09-07T16:31:21.319+0000] {processor.py:640} INFO - Processing file /home/airflow/.local/lib/python3.7/site-packages/airflow/example_dags/example_local_kubernetes_executor.py for tasks to queue
[2022-09-07T16:31:21.320+0000] {logging_mixin.py:115} INFO - [2022-09-07T16:31:21.320+0000] {dagbag.py:508} INFO - Filling up the DagBag from /home/airflow/.local/lib/python3.7/site-packages/airflow/example_dags/example_local_kubernetes_executor.py
[2022-09-07T16:31:21.332+0000] {processor.py:650} INFO - DAG(s) dict_keys(['example_local_kubernetes_executor']) retrieved from /home/airflow/.local/lib/python3.7/site-packages/airflow/example_dags/example_local_kubernetes_executor.py
[2022-09-07T16:31:21.355+0000] {logging_mixin.py:115} INFO - [2022-09-07T16:31:21.354+0000] {dag.py:2429} INFO - Sync 1 DAGs
[2022-09-07T16:31:21.371+0000] {logging_mixin.py:115} INFO - [2022-09-07T16:31:21.370+0000] {dag.py:2981} INFO - Setting next_dagrun for example_local_kubernetes_executor to None, run_after=None
[2022-09-07T16:31:21.381+0000] {processor.py:161} INFO - Processing /home/airflow/.local/lib/python3.7/site-packages/airflow/example_dags/example_local_kubernetes_executor.py took 0.069 seconds
[2022-09-07T17:23:39.208+0000] {processor.py:153} INFO - Started process (PID=54) to work on /home/airflow/.local/lib/python3.7/site-packages/airflow/example_dags/example_local_kubernetes_executor.py
[2022-09-07T17:23:39.211+0000] {processor.py:640} INFO - Processing file /home/airflow/.local/lib/python3.7/site-packages/airflow/example_dags/example_local_kubernetes_executor.py for tasks to queue
[2022-09-07T17:23:39.221+0000] {logging_mixin.py:115} INFO - [2022-09-07T17:23:39.221+0000] {dagbag.py:508} INFO - Filling up the DagBag from /home/airflow/.local/lib/python3.7/site-packages/airflow/example_dags/example_local_kubernetes_executor.py
[2022-09-07T17:23:39.290+0000] {processor.py:650} INFO - DAG(s) dict_keys(['example_local_kubernetes_executor']) retrieved from /home/airflow/.local/lib/python3.7/site-packages/airflow/example_dags/example_local_kubernetes_executor.py
[2022-09-07T17:23:39.335+0000] {logging_mixin.py:115} INFO - [2022-09-07T17:23:39.335+0000] {dag.py:2429} INFO - Sync 1 DAGs
[2022-09-07T17:23:39.404+0000] {logging_mixin.py:115} INFO - [2022-09-07T17:23:39.404+0000] {dag.py:2981} INFO - Setting next_dagrun for example_local_kubernetes_executor to None, run_after=None
[2022-09-07T17:23:39.453+0000] {processor.py:161} INFO - Processing /home/airflow/.local/lib/python3.7/site-packages/airflow/example_dags/example_local_kubernetes_executor.py took 0.252 seconds
[2022-09-07T17:24:09.779+0000] {processor.py:153} INFO - Started process (PID=107) to work on /home/airflow/.local/lib/python3.7/site-packages/airflow/example_dags/example_local_kubernetes_executor.py
[2022-09-07T17:24:09.780+0000] {processor.py:640} INFO - Processing file /home/airflow/.local/lib/python3.7/site-packages/airflow/example_dags/example_local_kubernetes_executor.py for tasks to queue
[2022-09-07T17:24:09.781+0000] {logging_mixin.py:115} INFO - [2022-09-07T17:24:09.781+0000] {dagbag.py:508} INFO - Filling up the DagBag from /home/airflow/.local/lib/python3.7/site-packages/airflow/example_dags/example_local_kubernetes_executor.py
[2022-09-07T17:24:09.795+0000] {processor.py:650} INFO - DAG(s) dict_keys(['example_local_kubernetes_executor']) retrieved from /home/airflow/.local/lib/python3.7/site-packages/airflow/example_dags/example_local_kubernetes_executor.py
[2022-09-07T17:24:09.815+0000] {logging_mixin.py:115} INFO - [2022-09-07T17:24:09.815+0000] {dag.py:2429} INFO - Sync 1 DAGs
[2022-09-07T17:24:09.830+0000] {logging_mixin.py:115} INFO - [2022-09-07T17:24:09.830+0000] {dag.py:2981} INFO - Setting next_dagrun for example_local_kubernetes_executor to None, run_after=None
[2022-09-07T17:24:09.841+0000] {processor.py:161} INFO - Processing /home/airflow/.local/lib/python3.7/site-packages/airflow/example_dags/example_local_kubernetes_executor.py took 0.065 seconds
[2022-09-07T17:24:40.686+0000] {processor.py:153} INFO - Started process (PID=167) to work on /home/airflow/.local/lib/python3.7/site-packages/airflow/example_dags/example_local_kubernetes_executor.py
[2022-09-07T17:24:40.688+0000] {processor.py:640} INFO - Processing file /home/airflow/.local/lib/python3.7/site-packages/airflow/example_dags/example_local_kubernetes_executor.py for tasks to queue
[2022-09-07T17:24:40.689+0000] {logging_mixin.py:115} INFO - [2022-09-07T17:24:40.689+0000] {dagbag.py:508} INFO - Filling up the DagBag from /home/airflow/.local/lib/python3.7/site-packages/airflow/example_dags/example_local_kubernetes_executor.py
[2022-09-07T17:24:40.701+0000] {processor.py:650} INFO - DAG(s) dict_keys(['example_local_kubernetes_executor']) retrieved from /home/airflow/.local/lib/python3.7/site-packages/airflow/example_dags/example_local_kubernetes_executor.py
[2022-09-07T17:24:40.721+0000] {logging_mixin.py:115} INFO - [2022-09-07T17:24:40.721+0000] {dag.py:2429} INFO - Sync 1 DAGs
[2022-09-07T17:24:40.735+0000] {logging_mixin.py:115} INFO - [2022-09-07T17:24:40.735+0000] {dag.py:2981} INFO - Setting next_dagrun for example_local_kubernetes_executor to None, run_after=None
[2022-09-07T17:24:40.744+0000] {processor.py:161} INFO - Processing /home/airflow/.local/lib/python3.7/site-packages/airflow/example_dags/example_local_kubernetes_executor.py took 0.060 seconds
