[2022-09-07T07:55:32.704+0000] {processor.py:153} INFO - Started process (PID=46) to work on /home/airflow/.local/lib/python3.7/site-packages/airflow/example_dags/example_external_task_marker_dag.py
[2022-09-07T07:55:32.706+0000] {processor.py:640} INFO - Processing file /home/airflow/.local/lib/python3.7/site-packages/airflow/example_dags/example_external_task_marker_dag.py for tasks to queue
[2022-09-07T07:55:32.708+0000] {logging_mixin.py:115} INFO - [2022-09-07T07:55:32.708+0000] {dagbag.py:508} INFO - Filling up the DagBag from /home/airflow/.local/lib/python3.7/site-packages/airflow/example_dags/example_external_task_marker_dag.py
[2022-09-07T07:55:32.712+0000] {processor.py:650} INFO - DAG(s) dict_keys(['example_external_task_marker_parent', 'example_external_task_marker_child']) retrieved from /home/airflow/.local/lib/python3.7/site-packages/airflow/example_dags/example_external_task_marker_dag.py
[2022-09-07T07:55:32.832+0000] {logging_mixin.py:115} INFO - [2022-09-07T07:55:32.832+0000] {manager.py:508} INFO - Created Permission View: can delete on DAG:example_external_task_marker_parent
[2022-09-07T07:55:32.841+0000] {logging_mixin.py:115} INFO - [2022-09-07T07:55:32.841+0000] {manager.py:508} INFO - Created Permission View: can read on DAG:example_external_task_marker_parent
[2022-09-07T07:55:32.846+0000] {logging_mixin.py:115} INFO - [2022-09-07T07:55:32.846+0000] {manager.py:508} INFO - Created Permission View: can edit on DAG:example_external_task_marker_parent
[2022-09-07T07:55:32.967+0000] {logging_mixin.py:115} INFO - [2022-09-07T07:55:32.966+0000] {manager.py:508} INFO - Created Permission View: can delete on DAG:example_external_task_marker_child
[2022-09-07T07:55:32.977+0000] {logging_mixin.py:115} INFO - [2022-09-07T07:55:32.976+0000] {manager.py:508} INFO - Created Permission View: can read on DAG:example_external_task_marker_child
[2022-09-07T07:55:32.984+0000] {logging_mixin.py:115} INFO - [2022-09-07T07:55:32.984+0000] {manager.py:508} INFO - Created Permission View: can edit on DAG:example_external_task_marker_child
[2022-09-07T07:55:32.985+0000] {logging_mixin.py:115} INFO - [2022-09-07T07:55:32.985+0000] {dag.py:2429} INFO - Sync 2 DAGs
[2022-09-07T07:55:32.994+0000] {logging_mixin.py:115} INFO - [2022-09-07T07:55:32.994+0000] {dag.py:2448} INFO - Creating ORM DAG for example_external_task_marker_parent
[2022-09-07T07:55:32.995+0000] {logging_mixin.py:115} INFO - [2022-09-07T07:55:32.995+0000] {dag.py:2448} INFO - Creating ORM DAG for example_external_task_marker_child
[2022-09-07T07:55:33.015+0000] {logging_mixin.py:115} INFO - [2022-09-07T07:55:33.015+0000] {dag.py:2981} INFO - Setting next_dagrun for example_external_task_marker_child to None, run_after=None
[2022-09-07T07:55:33.017+0000] {logging_mixin.py:115} INFO - [2022-09-07T07:55:33.016+0000] {dag.py:2981} INFO - Setting next_dagrun for example_external_task_marker_parent to None, run_after=None
[2022-09-07T07:55:33.038+0000] {processor.py:161} INFO - Processing /home/airflow/.local/lib/python3.7/site-packages/airflow/example_dags/example_external_task_marker_dag.py took 0.339 seconds
[2022-09-07T07:56:03.665+0000] {processor.py:153} INFO - Started process (PID=107) to work on /home/airflow/.local/lib/python3.7/site-packages/airflow/example_dags/example_external_task_marker_dag.py
[2022-09-07T07:56:03.667+0000] {processor.py:640} INFO - Processing file /home/airflow/.local/lib/python3.7/site-packages/airflow/example_dags/example_external_task_marker_dag.py for tasks to queue
[2022-09-07T07:56:03.668+0000] {logging_mixin.py:115} INFO - [2022-09-07T07:56:03.668+0000] {dagbag.py:508} INFO - Filling up the DagBag from /home/airflow/.local/lib/python3.7/site-packages/airflow/example_dags/example_external_task_marker_dag.py
[2022-09-07T07:56:03.671+0000] {processor.py:650} INFO - DAG(s) dict_keys(['example_external_task_marker_parent', 'example_external_task_marker_child']) retrieved from /home/airflow/.local/lib/python3.7/site-packages/airflow/example_dags/example_external_task_marker_dag.py
[2022-09-07T07:56:03.762+0000] {logging_mixin.py:115} INFO - [2022-09-07T07:56:03.762+0000] {dag.py:2429} INFO - Sync 2 DAGs
[2022-09-07T07:56:03.778+0000] {logging_mixin.py:115} INFO - [2022-09-07T07:56:03.778+0000] {dag.py:2981} INFO - Setting next_dagrun for example_external_task_marker_child to None, run_after=None
[2022-09-07T07:56:03.779+0000] {logging_mixin.py:115} INFO - [2022-09-07T07:56:03.779+0000] {dag.py:2981} INFO - Setting next_dagrun for example_external_task_marker_parent to None, run_after=None
[2022-09-07T07:56:03.789+0000] {processor.py:161} INFO - Processing /home/airflow/.local/lib/python3.7/site-packages/airflow/example_dags/example_external_task_marker_dag.py took 0.126 seconds
[2022-09-07T07:56:34.535+0000] {processor.py:153} INFO - Started process (PID=168) to work on /home/airflow/.local/lib/python3.7/site-packages/airflow/example_dags/example_external_task_marker_dag.py
[2022-09-07T07:56:34.537+0000] {processor.py:640} INFO - Processing file /home/airflow/.local/lib/python3.7/site-packages/airflow/example_dags/example_external_task_marker_dag.py for tasks to queue
[2022-09-07T07:56:34.538+0000] {logging_mixin.py:115} INFO - [2022-09-07T07:56:34.538+0000] {dagbag.py:508} INFO - Filling up the DagBag from /home/airflow/.local/lib/python3.7/site-packages/airflow/example_dags/example_external_task_marker_dag.py
[2022-09-07T07:56:34.543+0000] {processor.py:650} INFO - DAG(s) dict_keys(['example_external_task_marker_parent', 'example_external_task_marker_child']) retrieved from /home/airflow/.local/lib/python3.7/site-packages/airflow/example_dags/example_external_task_marker_dag.py
[2022-09-07T07:56:34.647+0000] {logging_mixin.py:115} INFO - [2022-09-07T07:56:34.646+0000] {dag.py:2429} INFO - Sync 2 DAGs
[2022-09-07T07:56:34.664+0000] {logging_mixin.py:115} INFO - [2022-09-07T07:56:34.664+0000] {dag.py:2981} INFO - Setting next_dagrun for example_external_task_marker_child to None, run_after=None
[2022-09-07T07:56:34.666+0000] {logging_mixin.py:115} INFO - [2022-09-07T07:56:34.666+0000] {dag.py:2981} INFO - Setting next_dagrun for example_external_task_marker_parent to None, run_after=None
[2022-09-07T07:56:34.675+0000] {processor.py:161} INFO - Processing /home/airflow/.local/lib/python3.7/site-packages/airflow/example_dags/example_external_task_marker_dag.py took 0.142 seconds
[2022-09-07T07:57:05.089+0000] {processor.py:153} INFO - Started process (PID=229) to work on /home/airflow/.local/lib/python3.7/site-packages/airflow/example_dags/example_external_task_marker_dag.py
[2022-09-07T07:57:05.090+0000] {processor.py:640} INFO - Processing file /home/airflow/.local/lib/python3.7/site-packages/airflow/example_dags/example_external_task_marker_dag.py for tasks to queue
[2022-09-07T07:57:05.091+0000] {logging_mixin.py:115} INFO - [2022-09-07T07:57:05.091+0000] {dagbag.py:508} INFO - Filling up the DagBag from /home/airflow/.local/lib/python3.7/site-packages/airflow/example_dags/example_external_task_marker_dag.py
[2022-09-07T07:57:05.094+0000] {processor.py:650} INFO - DAG(s) dict_keys(['example_external_task_marker_parent', 'example_external_task_marker_child']) retrieved from /home/airflow/.local/lib/python3.7/site-packages/airflow/example_dags/example_external_task_marker_dag.py
[2022-09-07T07:57:05.183+0000] {logging_mixin.py:115} INFO - [2022-09-07T07:57:05.183+0000] {dag.py:2429} INFO - Sync 2 DAGs
[2022-09-07T07:57:05.196+0000] {logging_mixin.py:115} INFO - [2022-09-07T07:57:05.196+0000] {dag.py:2981} INFO - Setting next_dagrun for example_external_task_marker_child to None, run_after=None
[2022-09-07T07:57:05.197+0000] {logging_mixin.py:115} INFO - [2022-09-07T07:57:05.197+0000] {dag.py:2981} INFO - Setting next_dagrun for example_external_task_marker_parent to None, run_after=None
[2022-09-07T07:57:05.206+0000] {processor.py:161} INFO - Processing /home/airflow/.local/lib/python3.7/site-packages/airflow/example_dags/example_external_task_marker_dag.py took 0.120 seconds
[2022-09-07T07:57:35.704+0000] {processor.py:153} INFO - Started process (PID=290) to work on /home/airflow/.local/lib/python3.7/site-packages/airflow/example_dags/example_external_task_marker_dag.py
[2022-09-07T07:57:35.707+0000] {processor.py:640} INFO - Processing file /home/airflow/.local/lib/python3.7/site-packages/airflow/example_dags/example_external_task_marker_dag.py for tasks to queue
[2022-09-07T07:57:35.708+0000] {logging_mixin.py:115} INFO - [2022-09-07T07:57:35.708+0000] {dagbag.py:508} INFO - Filling up the DagBag from /home/airflow/.local/lib/python3.7/site-packages/airflow/example_dags/example_external_task_marker_dag.py
[2022-09-07T07:57:35.711+0000] {processor.py:650} INFO - DAG(s) dict_keys(['example_external_task_marker_parent', 'example_external_task_marker_child']) retrieved from /home/airflow/.local/lib/python3.7/site-packages/airflow/example_dags/example_external_task_marker_dag.py
[2022-09-07T07:57:35.816+0000] {logging_mixin.py:115} INFO - [2022-09-07T07:57:35.816+0000] {dag.py:2429} INFO - Sync 2 DAGs
[2022-09-07T07:57:35.831+0000] {logging_mixin.py:115} INFO - [2022-09-07T07:57:35.831+0000] {dag.py:2981} INFO - Setting next_dagrun for example_external_task_marker_child to None, run_after=None
[2022-09-07T07:57:35.832+0000] {logging_mixin.py:115} INFO - [2022-09-07T07:57:35.832+0000] {dag.py:2981} INFO - Setting next_dagrun for example_external_task_marker_parent to None, run_after=None
[2022-09-07T07:57:35.845+0000] {processor.py:161} INFO - Processing /home/airflow/.local/lib/python3.7/site-packages/airflow/example_dags/example_external_task_marker_dag.py took 0.143 seconds
[2022-09-07T07:58:06.583+0000] {processor.py:153} INFO - Started process (PID=342) to work on /home/airflow/.local/lib/python3.7/site-packages/airflow/example_dags/example_external_task_marker_dag.py
[2022-09-07T07:58:06.586+0000] {processor.py:640} INFO - Processing file /home/airflow/.local/lib/python3.7/site-packages/airflow/example_dags/example_external_task_marker_dag.py for tasks to queue
[2022-09-07T07:58:06.587+0000] {logging_mixin.py:115} INFO - [2022-09-07T07:58:06.587+0000] {dagbag.py:508} INFO - Filling up the DagBag from /home/airflow/.local/lib/python3.7/site-packages/airflow/example_dags/example_external_task_marker_dag.py
[2022-09-07T07:58:06.592+0000] {processor.py:650} INFO - DAG(s) dict_keys(['example_external_task_marker_parent', 'example_external_task_marker_child']) retrieved from /home/airflow/.local/lib/python3.7/site-packages/airflow/example_dags/example_external_task_marker_dag.py
[2022-09-07T07:58:06.704+0000] {logging_mixin.py:115} INFO - [2022-09-07T07:58:06.704+0000] {dag.py:2429} INFO - Sync 2 DAGs
[2022-09-07T07:58:06.718+0000] {logging_mixin.py:115} INFO - [2022-09-07T07:58:06.718+0000] {dag.py:2981} INFO - Setting next_dagrun for example_external_task_marker_child to None, run_after=None
[2022-09-07T07:58:06.719+0000] {logging_mixin.py:115} INFO - [2022-09-07T07:58:06.719+0000] {dag.py:2981} INFO - Setting next_dagrun for example_external_task_marker_parent to None, run_after=None
[2022-09-07T07:58:06.730+0000] {processor.py:161} INFO - Processing /home/airflow/.local/lib/python3.7/site-packages/airflow/example_dags/example_external_task_marker_dag.py took 0.150 seconds
[2022-09-07T07:58:36.770+0000] {processor.py:153} INFO - Started process (PID=402) to work on /home/airflow/.local/lib/python3.7/site-packages/airflow/example_dags/example_external_task_marker_dag.py
[2022-09-07T07:58:36.772+0000] {processor.py:640} INFO - Processing file /home/airflow/.local/lib/python3.7/site-packages/airflow/example_dags/example_external_task_marker_dag.py for tasks to queue
[2022-09-07T07:58:36.773+0000] {logging_mixin.py:115} INFO - [2022-09-07T07:58:36.773+0000] {dagbag.py:508} INFO - Filling up the DagBag from /home/airflow/.local/lib/python3.7/site-packages/airflow/example_dags/example_external_task_marker_dag.py
[2022-09-07T07:58:36.777+0000] {processor.py:650} INFO - DAG(s) dict_keys(['example_external_task_marker_parent', 'example_external_task_marker_child']) retrieved from /home/airflow/.local/lib/python3.7/site-packages/airflow/example_dags/example_external_task_marker_dag.py
[2022-09-07T07:58:36.869+0000] {logging_mixin.py:115} INFO - [2022-09-07T07:58:36.869+0000] {dag.py:2429} INFO - Sync 2 DAGs
[2022-09-07T07:58:36.883+0000] {logging_mixin.py:115} INFO - [2022-09-07T07:58:36.883+0000] {dag.py:2981} INFO - Setting next_dagrun for example_external_task_marker_child to None, run_after=None
[2022-09-07T07:58:36.885+0000] {logging_mixin.py:115} INFO - [2022-09-07T07:58:36.885+0000] {dag.py:2981} INFO - Setting next_dagrun for example_external_task_marker_parent to None, run_after=None
[2022-09-07T07:58:36.894+0000] {processor.py:161} INFO - Processing /home/airflow/.local/lib/python3.7/site-packages/airflow/example_dags/example_external_task_marker_dag.py took 0.126 seconds
[2022-09-07T07:59:07.714+0000] {processor.py:153} INFO - Started process (PID=462) to work on /home/airflow/.local/lib/python3.7/site-packages/airflow/example_dags/example_external_task_marker_dag.py
[2022-09-07T07:59:07.716+0000] {processor.py:640} INFO - Processing file /home/airflow/.local/lib/python3.7/site-packages/airflow/example_dags/example_external_task_marker_dag.py for tasks to queue
[2022-09-07T07:59:07.717+0000] {logging_mixin.py:115} INFO - [2022-09-07T07:59:07.717+0000] {dagbag.py:508} INFO - Filling up the DagBag from /home/airflow/.local/lib/python3.7/site-packages/airflow/example_dags/example_external_task_marker_dag.py
[2022-09-07T07:59:07.720+0000] {processor.py:650} INFO - DAG(s) dict_keys(['example_external_task_marker_parent', 'example_external_task_marker_child']) retrieved from /home/airflow/.local/lib/python3.7/site-packages/airflow/example_dags/example_external_task_marker_dag.py
[2022-09-07T07:59:07.812+0000] {logging_mixin.py:115} INFO - [2022-09-07T07:59:07.812+0000] {dag.py:2429} INFO - Sync 2 DAGs
[2022-09-07T07:59:07.826+0000] {logging_mixin.py:115} INFO - [2022-09-07T07:59:07.826+0000] {dag.py:2981} INFO - Setting next_dagrun for example_external_task_marker_child to None, run_after=None
[2022-09-07T07:59:07.828+0000] {logging_mixin.py:115} INFO - [2022-09-07T07:59:07.828+0000] {dag.py:2981} INFO - Setting next_dagrun for example_external_task_marker_parent to None, run_after=None
[2022-09-07T07:59:07.836+0000] {processor.py:161} INFO - Processing /home/airflow/.local/lib/python3.7/site-packages/airflow/example_dags/example_external_task_marker_dag.py took 0.124 seconds
[2022-09-07T07:59:38.579+0000] {processor.py:153} INFO - Started process (PID=522) to work on /home/airflow/.local/lib/python3.7/site-packages/airflow/example_dags/example_external_task_marker_dag.py
[2022-09-07T07:59:38.580+0000] {processor.py:640} INFO - Processing file /home/airflow/.local/lib/python3.7/site-packages/airflow/example_dags/example_external_task_marker_dag.py for tasks to queue
[2022-09-07T07:59:38.582+0000] {logging_mixin.py:115} INFO - [2022-09-07T07:59:38.582+0000] {dagbag.py:508} INFO - Filling up the DagBag from /home/airflow/.local/lib/python3.7/site-packages/airflow/example_dags/example_external_task_marker_dag.py
[2022-09-07T07:59:38.585+0000] {processor.py:650} INFO - DAG(s) dict_keys(['example_external_task_marker_parent', 'example_external_task_marker_child']) retrieved from /home/airflow/.local/lib/python3.7/site-packages/airflow/example_dags/example_external_task_marker_dag.py
[2022-09-07T07:59:38.678+0000] {logging_mixin.py:115} INFO - [2022-09-07T07:59:38.678+0000] {dag.py:2429} INFO - Sync 2 DAGs
[2022-09-07T07:59:38.692+0000] {logging_mixin.py:115} INFO - [2022-09-07T07:59:38.692+0000] {dag.py:2981} INFO - Setting next_dagrun for example_external_task_marker_child to None, run_after=None
[2022-09-07T07:59:38.693+0000] {logging_mixin.py:115} INFO - [2022-09-07T07:59:38.693+0000] {dag.py:2981} INFO - Setting next_dagrun for example_external_task_marker_parent to None, run_after=None
[2022-09-07T07:59:38.702+0000] {processor.py:161} INFO - Processing /home/airflow/.local/lib/python3.7/site-packages/airflow/example_dags/example_external_task_marker_dag.py took 0.125 seconds
[2022-09-07T08:00:09.418+0000] {processor.py:153} INFO - Started process (PID=583) to work on /home/airflow/.local/lib/python3.7/site-packages/airflow/example_dags/example_external_task_marker_dag.py
[2022-09-07T08:00:09.420+0000] {processor.py:640} INFO - Processing file /home/airflow/.local/lib/python3.7/site-packages/airflow/example_dags/example_external_task_marker_dag.py for tasks to queue
[2022-09-07T08:00:09.421+0000] {logging_mixin.py:115} INFO - [2022-09-07T08:00:09.421+0000] {dagbag.py:508} INFO - Filling up the DagBag from /home/airflow/.local/lib/python3.7/site-packages/airflow/example_dags/example_external_task_marker_dag.py
[2022-09-07T08:00:09.425+0000] {processor.py:650} INFO - DAG(s) dict_keys(['example_external_task_marker_parent', 'example_external_task_marker_child']) retrieved from /home/airflow/.local/lib/python3.7/site-packages/airflow/example_dags/example_external_task_marker_dag.py
[2022-09-07T08:00:09.560+0000] {logging_mixin.py:115} INFO - [2022-09-07T08:00:09.560+0000] {dag.py:2429} INFO - Sync 2 DAGs
[2022-09-07T08:00:09.577+0000] {logging_mixin.py:115} INFO - [2022-09-07T08:00:09.577+0000] {dag.py:2981} INFO - Setting next_dagrun for example_external_task_marker_child to None, run_after=None
[2022-09-07T08:00:09.579+0000] {logging_mixin.py:115} INFO - [2022-09-07T08:00:09.579+0000] {dag.py:2981} INFO - Setting next_dagrun for example_external_task_marker_parent to None, run_after=None
[2022-09-07T08:00:09.629+0000] {processor.py:161} INFO - Processing /home/airflow/.local/lib/python3.7/site-packages/airflow/example_dags/example_external_task_marker_dag.py took 0.213 seconds
[2022-09-07T08:00:40.395+0000] {processor.py:153} INFO - Started process (PID=939) to work on /home/airflow/.local/lib/python3.7/site-packages/airflow/example_dags/example_external_task_marker_dag.py
[2022-09-07T08:00:40.397+0000] {processor.py:640} INFO - Processing file /home/airflow/.local/lib/python3.7/site-packages/airflow/example_dags/example_external_task_marker_dag.py for tasks to queue
[2022-09-07T08:00:40.398+0000] {logging_mixin.py:115} INFO - [2022-09-07T08:00:40.398+0000] {dagbag.py:508} INFO - Filling up the DagBag from /home/airflow/.local/lib/python3.7/site-packages/airflow/example_dags/example_external_task_marker_dag.py
[2022-09-07T08:00:40.402+0000] {processor.py:650} INFO - DAG(s) dict_keys(['example_external_task_marker_parent', 'example_external_task_marker_child']) retrieved from /home/airflow/.local/lib/python3.7/site-packages/airflow/example_dags/example_external_task_marker_dag.py
[2022-09-07T08:00:40.501+0000] {logging_mixin.py:115} INFO - [2022-09-07T08:00:40.501+0000] {dag.py:2429} INFO - Sync 2 DAGs
[2022-09-07T08:00:40.516+0000] {logging_mixin.py:115} INFO - [2022-09-07T08:00:40.516+0000] {dag.py:2981} INFO - Setting next_dagrun for example_external_task_marker_child to None, run_after=None
[2022-09-07T08:00:40.517+0000] {logging_mixin.py:115} INFO - [2022-09-07T08:00:40.517+0000] {dag.py:2981} INFO - Setting next_dagrun for example_external_task_marker_parent to None, run_after=None
[2022-09-07T08:00:40.525+0000] {processor.py:161} INFO - Processing /home/airflow/.local/lib/python3.7/site-packages/airflow/example_dags/example_external_task_marker_dag.py took 0.133 seconds
[2022-09-07T08:01:11.084+0000] {processor.py:153} INFO - Started process (PID=2088) to work on /home/airflow/.local/lib/python3.7/site-packages/airflow/example_dags/example_external_task_marker_dag.py
[2022-09-07T08:01:11.085+0000] {processor.py:640} INFO - Processing file /home/airflow/.local/lib/python3.7/site-packages/airflow/example_dags/example_external_task_marker_dag.py for tasks to queue
[2022-09-07T08:01:11.086+0000] {logging_mixin.py:115} INFO - [2022-09-07T08:01:11.086+0000] {dagbag.py:508} INFO - Filling up the DagBag from /home/airflow/.local/lib/python3.7/site-packages/airflow/example_dags/example_external_task_marker_dag.py
[2022-09-07T08:01:11.090+0000] {processor.py:650} INFO - DAG(s) dict_keys(['example_external_task_marker_parent', 'example_external_task_marker_child']) retrieved from /home/airflow/.local/lib/python3.7/site-packages/airflow/example_dags/example_external_task_marker_dag.py
[2022-09-07T08:01:11.180+0000] {logging_mixin.py:115} INFO - [2022-09-07T08:01:11.180+0000] {dag.py:2429} INFO - Sync 2 DAGs
[2022-09-07T08:01:11.195+0000] {logging_mixin.py:115} INFO - [2022-09-07T08:01:11.195+0000] {dag.py:2981} INFO - Setting next_dagrun for example_external_task_marker_child to None, run_after=None
[2022-09-07T08:01:11.196+0000] {logging_mixin.py:115} INFO - [2022-09-07T08:01:11.196+0000] {dag.py:2981} INFO - Setting next_dagrun for example_external_task_marker_parent to None, run_after=None
[2022-09-07T08:01:11.204+0000] {processor.py:161} INFO - Processing /home/airflow/.local/lib/python3.7/site-packages/airflow/example_dags/example_external_task_marker_dag.py took 0.123 seconds
[2022-09-07T08:01:41.857+0000] {processor.py:153} INFO - Started process (PID=2335) to work on /home/airflow/.local/lib/python3.7/site-packages/airflow/example_dags/example_external_task_marker_dag.py
[2022-09-07T08:01:41.859+0000] {processor.py:640} INFO - Processing file /home/airflow/.local/lib/python3.7/site-packages/airflow/example_dags/example_external_task_marker_dag.py for tasks to queue
[2022-09-07T08:01:41.860+0000] {logging_mixin.py:115} INFO - [2022-09-07T08:01:41.860+0000] {dagbag.py:508} INFO - Filling up the DagBag from /home/airflow/.local/lib/python3.7/site-packages/airflow/example_dags/example_external_task_marker_dag.py
[2022-09-07T08:01:41.863+0000] {processor.py:650} INFO - DAG(s) dict_keys(['example_external_task_marker_parent', 'example_external_task_marker_child']) retrieved from /home/airflow/.local/lib/python3.7/site-packages/airflow/example_dags/example_external_task_marker_dag.py
[2022-09-07T08:01:41.957+0000] {logging_mixin.py:115} INFO - [2022-09-07T08:01:41.957+0000] {dag.py:2429} INFO - Sync 2 DAGs
[2022-09-07T08:01:41.970+0000] {logging_mixin.py:115} INFO - [2022-09-07T08:01:41.970+0000] {dag.py:2981} INFO - Setting next_dagrun for example_external_task_marker_child to None, run_after=None
[2022-09-07T08:01:41.972+0000] {logging_mixin.py:115} INFO - [2022-09-07T08:01:41.972+0000] {dag.py:2981} INFO - Setting next_dagrun for example_external_task_marker_parent to None, run_after=None
[2022-09-07T08:01:41.981+0000] {processor.py:161} INFO - Processing /home/airflow/.local/lib/python3.7/site-packages/airflow/example_dags/example_external_task_marker_dag.py took 0.126 seconds
[2022-09-07T08:02:12.665+0000] {processor.py:153} INFO - Started process (PID=2397) to work on /home/airflow/.local/lib/python3.7/site-packages/airflow/example_dags/example_external_task_marker_dag.py
[2022-09-07T08:02:12.667+0000] {processor.py:640} INFO - Processing file /home/airflow/.local/lib/python3.7/site-packages/airflow/example_dags/example_external_task_marker_dag.py for tasks to queue
[2022-09-07T08:02:12.667+0000] {logging_mixin.py:115} INFO - [2022-09-07T08:02:12.667+0000] {dagbag.py:508} INFO - Filling up the DagBag from /home/airflow/.local/lib/python3.7/site-packages/airflow/example_dags/example_external_task_marker_dag.py
[2022-09-07T08:02:12.671+0000] {processor.py:650} INFO - DAG(s) dict_keys(['example_external_task_marker_parent', 'example_external_task_marker_child']) retrieved from /home/airflow/.local/lib/python3.7/site-packages/airflow/example_dags/example_external_task_marker_dag.py
[2022-09-07T08:02:12.761+0000] {logging_mixin.py:115} INFO - [2022-09-07T08:02:12.761+0000] {dag.py:2429} INFO - Sync 2 DAGs
[2022-09-07T08:02:12.775+0000] {logging_mixin.py:115} INFO - [2022-09-07T08:02:12.775+0000] {dag.py:2981} INFO - Setting next_dagrun for example_external_task_marker_child to None, run_after=None
[2022-09-07T08:02:12.776+0000] {logging_mixin.py:115} INFO - [2022-09-07T08:02:12.776+0000] {dag.py:2981} INFO - Setting next_dagrun for example_external_task_marker_parent to None, run_after=None
[2022-09-07T08:02:12.784+0000] {processor.py:161} INFO - Processing /home/airflow/.local/lib/python3.7/site-packages/airflow/example_dags/example_external_task_marker_dag.py took 0.120 seconds
[2022-09-07T08:02:43.582+0000] {processor.py:153} INFO - Started process (PID=2457) to work on /home/airflow/.local/lib/python3.7/site-packages/airflow/example_dags/example_external_task_marker_dag.py
[2022-09-07T08:02:43.584+0000] {processor.py:640} INFO - Processing file /home/airflow/.local/lib/python3.7/site-packages/airflow/example_dags/example_external_task_marker_dag.py for tasks to queue
[2022-09-07T08:02:43.585+0000] {logging_mixin.py:115} INFO - [2022-09-07T08:02:43.585+0000] {dagbag.py:508} INFO - Filling up the DagBag from /home/airflow/.local/lib/python3.7/site-packages/airflow/example_dags/example_external_task_marker_dag.py
[2022-09-07T08:02:43.590+0000] {processor.py:650} INFO - DAG(s) dict_keys(['example_external_task_marker_parent', 'example_external_task_marker_child']) retrieved from /home/airflow/.local/lib/python3.7/site-packages/airflow/example_dags/example_external_task_marker_dag.py
[2022-09-07T08:02:43.686+0000] {logging_mixin.py:115} INFO - [2022-09-07T08:02:43.686+0000] {dag.py:2429} INFO - Sync 2 DAGs
[2022-09-07T08:02:43.700+0000] {logging_mixin.py:115} INFO - [2022-09-07T08:02:43.700+0000] {dag.py:2981} INFO - Setting next_dagrun for example_external_task_marker_child to None, run_after=None
[2022-09-07T08:02:43.701+0000] {logging_mixin.py:115} INFO - [2022-09-07T08:02:43.701+0000] {dag.py:2981} INFO - Setting next_dagrun for example_external_task_marker_parent to None, run_after=None
[2022-09-07T08:02:43.708+0000] {processor.py:161} INFO - Processing /home/airflow/.local/lib/python3.7/site-packages/airflow/example_dags/example_external_task_marker_dag.py took 0.129 seconds
[2022-09-07T08:03:14.274+0000] {processor.py:153} INFO - Started process (PID=2517) to work on /home/airflow/.local/lib/python3.7/site-packages/airflow/example_dags/example_external_task_marker_dag.py
[2022-09-07T08:03:14.276+0000] {processor.py:640} INFO - Processing file /home/airflow/.local/lib/python3.7/site-packages/airflow/example_dags/example_external_task_marker_dag.py for tasks to queue
[2022-09-07T08:03:14.277+0000] {logging_mixin.py:115} INFO - [2022-09-07T08:03:14.277+0000] {dagbag.py:508} INFO - Filling up the DagBag from /home/airflow/.local/lib/python3.7/site-packages/airflow/example_dags/example_external_task_marker_dag.py
[2022-09-07T08:03:14.280+0000] {processor.py:650} INFO - DAG(s) dict_keys(['example_external_task_marker_parent', 'example_external_task_marker_child']) retrieved from /home/airflow/.local/lib/python3.7/site-packages/airflow/example_dags/example_external_task_marker_dag.py
[2022-09-07T08:03:14.377+0000] {logging_mixin.py:115} INFO - [2022-09-07T08:03:14.377+0000] {dag.py:2429} INFO - Sync 2 DAGs
[2022-09-07T08:03:14.394+0000] {logging_mixin.py:115} INFO - [2022-09-07T08:03:14.394+0000] {dag.py:2981} INFO - Setting next_dagrun for example_external_task_marker_child to None, run_after=None
[2022-09-07T08:03:14.395+0000] {logging_mixin.py:115} INFO - [2022-09-07T08:03:14.395+0000] {dag.py:2981} INFO - Setting next_dagrun for example_external_task_marker_parent to None, run_after=None
[2022-09-07T08:03:14.406+0000] {processor.py:161} INFO - Processing /home/airflow/.local/lib/python3.7/site-packages/airflow/example_dags/example_external_task_marker_dag.py took 0.134 seconds
[2022-09-07T08:03:45.112+0000] {processor.py:153} INFO - Started process (PID=2578) to work on /home/airflow/.local/lib/python3.7/site-packages/airflow/example_dags/example_external_task_marker_dag.py
[2022-09-07T08:03:45.114+0000] {processor.py:640} INFO - Processing file /home/airflow/.local/lib/python3.7/site-packages/airflow/example_dags/example_external_task_marker_dag.py for tasks to queue
[2022-09-07T08:03:45.115+0000] {logging_mixin.py:115} INFO - [2022-09-07T08:03:45.115+0000] {dagbag.py:508} INFO - Filling up the DagBag from /home/airflow/.local/lib/python3.7/site-packages/airflow/example_dags/example_external_task_marker_dag.py
[2022-09-07T08:03:45.120+0000] {processor.py:650} INFO - DAG(s) dict_keys(['example_external_task_marker_parent', 'example_external_task_marker_child']) retrieved from /home/airflow/.local/lib/python3.7/site-packages/airflow/example_dags/example_external_task_marker_dag.py
[2022-09-07T08:03:45.226+0000] {logging_mixin.py:115} INFO - [2022-09-07T08:03:45.226+0000] {dag.py:2429} INFO - Sync 2 DAGs
[2022-09-07T08:03:45.241+0000] {logging_mixin.py:115} INFO - [2022-09-07T08:03:45.241+0000] {dag.py:2981} INFO - Setting next_dagrun for example_external_task_marker_child to None, run_after=None
[2022-09-07T08:03:45.243+0000] {logging_mixin.py:115} INFO - [2022-09-07T08:03:45.243+0000] {dag.py:2981} INFO - Setting next_dagrun for example_external_task_marker_parent to None, run_after=None
[2022-09-07T08:03:45.251+0000] {processor.py:161} INFO - Processing /home/airflow/.local/lib/python3.7/site-packages/airflow/example_dags/example_external_task_marker_dag.py took 0.141 seconds
[2022-09-07T08:04:15.764+0000] {processor.py:153} INFO - Started process (PID=2630) to work on /home/airflow/.local/lib/python3.7/site-packages/airflow/example_dags/example_external_task_marker_dag.py
[2022-09-07T08:04:15.766+0000] {processor.py:640} INFO - Processing file /home/airflow/.local/lib/python3.7/site-packages/airflow/example_dags/example_external_task_marker_dag.py for tasks to queue
[2022-09-07T08:04:15.767+0000] {logging_mixin.py:115} INFO - [2022-09-07T08:04:15.767+0000] {dagbag.py:508} INFO - Filling up the DagBag from /home/airflow/.local/lib/python3.7/site-packages/airflow/example_dags/example_external_task_marker_dag.py
[2022-09-07T08:04:15.771+0000] {processor.py:650} INFO - DAG(s) dict_keys(['example_external_task_marker_parent', 'example_external_task_marker_child']) retrieved from /home/airflow/.local/lib/python3.7/site-packages/airflow/example_dags/example_external_task_marker_dag.py
[2022-09-07T08:04:15.868+0000] {logging_mixin.py:115} INFO - [2022-09-07T08:04:15.868+0000] {dag.py:2429} INFO - Sync 2 DAGs
[2022-09-07T08:04:15.887+0000] {logging_mixin.py:115} INFO - [2022-09-07T08:04:15.887+0000] {dag.py:2981} INFO - Setting next_dagrun for example_external_task_marker_child to None, run_after=None
[2022-09-07T08:04:15.888+0000] {logging_mixin.py:115} INFO - [2022-09-07T08:04:15.888+0000] {dag.py:2981} INFO - Setting next_dagrun for example_external_task_marker_parent to None, run_after=None
[2022-09-07T08:04:15.897+0000] {processor.py:161} INFO - Processing /home/airflow/.local/lib/python3.7/site-packages/airflow/example_dags/example_external_task_marker_dag.py took 0.136 seconds
[2022-09-07T16:21:01.493+0000] {processor.py:153} INFO - Started process (PID=63) to work on /home/airflow/.local/lib/python3.7/site-packages/airflow/example_dags/example_external_task_marker_dag.py
[2022-09-07T16:21:01.494+0000] {processor.py:640} INFO - Processing file /home/airflow/.local/lib/python3.7/site-packages/airflow/example_dags/example_external_task_marker_dag.py for tasks to queue
[2022-09-07T16:21:01.495+0000] {logging_mixin.py:115} INFO - [2022-09-07T16:21:01.495+0000] {dagbag.py:508} INFO - Filling up the DagBag from /home/airflow/.local/lib/python3.7/site-packages/airflow/example_dags/example_external_task_marker_dag.py
[2022-09-07T16:21:01.499+0000] {processor.py:650} INFO - DAG(s) dict_keys(['example_external_task_marker_parent', 'example_external_task_marker_child']) retrieved from /home/airflow/.local/lib/python3.7/site-packages/airflow/example_dags/example_external_task_marker_dag.py
[2022-09-07T16:21:01.600+0000] {logging_mixin.py:115} INFO - [2022-09-07T16:21:01.600+0000] {dag.py:2429} INFO - Sync 2 DAGs
[2022-09-07T16:21:01.614+0000] {logging_mixin.py:115} INFO - [2022-09-07T16:21:01.614+0000] {dag.py:2981} INFO - Setting next_dagrun for example_external_task_marker_child to None, run_after=None
[2022-09-07T16:21:01.615+0000] {logging_mixin.py:115} INFO - [2022-09-07T16:21:01.615+0000] {dag.py:2981} INFO - Setting next_dagrun for example_external_task_marker_parent to None, run_after=None
[2022-09-07T16:21:01.624+0000] {processor.py:161} INFO - Processing /home/airflow/.local/lib/python3.7/site-packages/airflow/example_dags/example_external_task_marker_dag.py took 0.135 seconds
[2022-09-07T16:21:32.098+0000] {processor.py:153} INFO - Started process (PID=123) to work on /home/airflow/.local/lib/python3.7/site-packages/airflow/example_dags/example_external_task_marker_dag.py
[2022-09-07T16:21:32.100+0000] {processor.py:640} INFO - Processing file /home/airflow/.local/lib/python3.7/site-packages/airflow/example_dags/example_external_task_marker_dag.py for tasks to queue
[2022-09-07T16:21:32.102+0000] {logging_mixin.py:115} INFO - [2022-09-07T16:21:32.102+0000] {dagbag.py:508} INFO - Filling up the DagBag from /home/airflow/.local/lib/python3.7/site-packages/airflow/example_dags/example_external_task_marker_dag.py
[2022-09-07T16:21:32.105+0000] {processor.py:650} INFO - DAG(s) dict_keys(['example_external_task_marker_parent', 'example_external_task_marker_child']) retrieved from /home/airflow/.local/lib/python3.7/site-packages/airflow/example_dags/example_external_task_marker_dag.py
[2022-09-07T16:21:32.204+0000] {logging_mixin.py:115} INFO - [2022-09-07T16:21:32.204+0000] {dag.py:2429} INFO - Sync 2 DAGs
[2022-09-07T16:21:32.218+0000] {logging_mixin.py:115} INFO - [2022-09-07T16:21:32.218+0000] {dag.py:2981} INFO - Setting next_dagrun for example_external_task_marker_child to None, run_after=None
[2022-09-07T16:21:32.219+0000] {logging_mixin.py:115} INFO - [2022-09-07T16:21:32.219+0000] {dag.py:2981} INFO - Setting next_dagrun for example_external_task_marker_parent to None, run_after=None
[2022-09-07T16:21:32.228+0000] {processor.py:161} INFO - Processing /home/airflow/.local/lib/python3.7/site-packages/airflow/example_dags/example_external_task_marker_dag.py took 0.132 seconds
[2022-09-07T16:22:02.765+0000] {processor.py:153} INFO - Started process (PID=578) to work on /home/airflow/.local/lib/python3.7/site-packages/airflow/example_dags/example_external_task_marker_dag.py
[2022-09-07T16:22:02.766+0000] {processor.py:640} INFO - Processing file /home/airflow/.local/lib/python3.7/site-packages/airflow/example_dags/example_external_task_marker_dag.py for tasks to queue
[2022-09-07T16:22:02.768+0000] {logging_mixin.py:115} INFO - [2022-09-07T16:22:02.768+0000] {dagbag.py:508} INFO - Filling up the DagBag from /home/airflow/.local/lib/python3.7/site-packages/airflow/example_dags/example_external_task_marker_dag.py
[2022-09-07T16:22:02.771+0000] {processor.py:650} INFO - DAG(s) dict_keys(['example_external_task_marker_parent', 'example_external_task_marker_child']) retrieved from /home/airflow/.local/lib/python3.7/site-packages/airflow/example_dags/example_external_task_marker_dag.py
[2022-09-07T16:22:02.887+0000] {logging_mixin.py:115} INFO - [2022-09-07T16:22:02.887+0000] {dag.py:2429} INFO - Sync 2 DAGs
[2022-09-07T16:22:02.904+0000] {logging_mixin.py:115} INFO - [2022-09-07T16:22:02.904+0000] {dag.py:2981} INFO - Setting next_dagrun for example_external_task_marker_child to None, run_after=None
[2022-09-07T16:22:02.906+0000] {logging_mixin.py:115} INFO - [2022-09-07T16:22:02.906+0000] {dag.py:2981} INFO - Setting next_dagrun for example_external_task_marker_parent to None, run_after=None
[2022-09-07T16:22:02.915+0000] {processor.py:161} INFO - Processing /home/airflow/.local/lib/python3.7/site-packages/airflow/example_dags/example_external_task_marker_dag.py took 0.152 seconds
[2022-09-07T16:22:32.951+0000] {processor.py:153} INFO - Started process (PID=1274) to work on /home/airflow/.local/lib/python3.7/site-packages/airflow/example_dags/example_external_task_marker_dag.py
[2022-09-07T16:22:32.952+0000] {processor.py:640} INFO - Processing file /home/airflow/.local/lib/python3.7/site-packages/airflow/example_dags/example_external_task_marker_dag.py for tasks to queue
[2022-09-07T16:22:32.953+0000] {logging_mixin.py:115} INFO - [2022-09-07T16:22:32.953+0000] {dagbag.py:508} INFO - Filling up the DagBag from /home/airflow/.local/lib/python3.7/site-packages/airflow/example_dags/example_external_task_marker_dag.py
[2022-09-07T16:22:32.957+0000] {processor.py:650} INFO - DAG(s) dict_keys(['example_external_task_marker_parent', 'example_external_task_marker_child']) retrieved from /home/airflow/.local/lib/python3.7/site-packages/airflow/example_dags/example_external_task_marker_dag.py
[2022-09-07T16:22:33.056+0000] {logging_mixin.py:115} INFO - [2022-09-07T16:22:33.056+0000] {dag.py:2429} INFO - Sync 2 DAGs
[2022-09-07T16:22:33.070+0000] {logging_mixin.py:115} INFO - [2022-09-07T16:22:33.070+0000] {dag.py:2981} INFO - Setting next_dagrun for example_external_task_marker_child to None, run_after=None
[2022-09-07T16:22:33.073+0000] {logging_mixin.py:115} INFO - [2022-09-07T16:22:33.073+0000] {dag.py:2981} INFO - Setting next_dagrun for example_external_task_marker_parent to None, run_after=None
[2022-09-07T16:22:33.080+0000] {processor.py:161} INFO - Processing /home/airflow/.local/lib/python3.7/site-packages/airflow/example_dags/example_external_task_marker_dag.py took 0.132 seconds
[2022-09-07T16:23:03.754+0000] {processor.py:153} INFO - Started process (PID=1806) to work on /home/airflow/.local/lib/python3.7/site-packages/airflow/example_dags/example_external_task_marker_dag.py
[2022-09-07T16:23:03.756+0000] {processor.py:640} INFO - Processing file /home/airflow/.local/lib/python3.7/site-packages/airflow/example_dags/example_external_task_marker_dag.py for tasks to queue
[2022-09-07T16:23:03.757+0000] {logging_mixin.py:115} INFO - [2022-09-07T16:23:03.757+0000] {dagbag.py:508} INFO - Filling up the DagBag from /home/airflow/.local/lib/python3.7/site-packages/airflow/example_dags/example_external_task_marker_dag.py
[2022-09-07T16:23:03.761+0000] {processor.py:650} INFO - DAG(s) dict_keys(['example_external_task_marker_parent', 'example_external_task_marker_child']) retrieved from /home/airflow/.local/lib/python3.7/site-packages/airflow/example_dags/example_external_task_marker_dag.py
[2022-09-07T16:23:03.856+0000] {logging_mixin.py:115} INFO - [2022-09-07T16:23:03.856+0000] {dag.py:2429} INFO - Sync 2 DAGs
[2022-09-07T16:23:03.882+0000] {logging_mixin.py:115} INFO - [2022-09-07T16:23:03.882+0000] {dag.py:2981} INFO - Setting next_dagrun for example_external_task_marker_child to None, run_after=None
[2022-09-07T16:23:03.884+0000] {logging_mixin.py:115} INFO - [2022-09-07T16:23:03.884+0000] {dag.py:2981} INFO - Setting next_dagrun for example_external_task_marker_parent to None, run_after=None
[2022-09-07T16:23:03.892+0000] {processor.py:161} INFO - Processing /home/airflow/.local/lib/python3.7/site-packages/airflow/example_dags/example_external_task_marker_dag.py took 0.140 seconds
[2022-09-07T16:23:34.508+0000] {processor.py:153} INFO - Started process (PID=2175) to work on /home/airflow/.local/lib/python3.7/site-packages/airflow/example_dags/example_external_task_marker_dag.py
[2022-09-07T16:23:34.510+0000] {processor.py:640} INFO - Processing file /home/airflow/.local/lib/python3.7/site-packages/airflow/example_dags/example_external_task_marker_dag.py for tasks to queue
[2022-09-07T16:23:34.511+0000] {logging_mixin.py:115} INFO - [2022-09-07T16:23:34.511+0000] {dagbag.py:508} INFO - Filling up the DagBag from /home/airflow/.local/lib/python3.7/site-packages/airflow/example_dags/example_external_task_marker_dag.py
[2022-09-07T16:23:34.515+0000] {processor.py:650} INFO - DAG(s) dict_keys(['example_external_task_marker_parent', 'example_external_task_marker_child']) retrieved from /home/airflow/.local/lib/python3.7/site-packages/airflow/example_dags/example_external_task_marker_dag.py
[2022-09-07T16:23:34.617+0000] {logging_mixin.py:115} INFO - [2022-09-07T16:23:34.616+0000] {dag.py:2429} INFO - Sync 2 DAGs
[2022-09-07T16:23:34.636+0000] {logging_mixin.py:115} INFO - [2022-09-07T16:23:34.636+0000] {dag.py:2981} INFO - Setting next_dagrun for example_external_task_marker_child to None, run_after=None
[2022-09-07T16:23:34.637+0000] {logging_mixin.py:115} INFO - [2022-09-07T16:23:34.637+0000] {dag.py:2981} INFO - Setting next_dagrun for example_external_task_marker_parent to None, run_after=None
[2022-09-07T16:23:34.647+0000] {processor.py:161} INFO - Processing /home/airflow/.local/lib/python3.7/site-packages/airflow/example_dags/example_external_task_marker_dag.py took 0.141 seconds
[2022-09-07T16:24:05.133+0000] {processor.py:153} INFO - Started process (PID=2552) to work on /home/airflow/.local/lib/python3.7/site-packages/airflow/example_dags/example_external_task_marker_dag.py
[2022-09-07T16:24:05.135+0000] {processor.py:640} INFO - Processing file /home/airflow/.local/lib/python3.7/site-packages/airflow/example_dags/example_external_task_marker_dag.py for tasks to queue
[2022-09-07T16:24:05.137+0000] {logging_mixin.py:115} INFO - [2022-09-07T16:24:05.136+0000] {dagbag.py:508} INFO - Filling up the DagBag from /home/airflow/.local/lib/python3.7/site-packages/airflow/example_dags/example_external_task_marker_dag.py
[2022-09-07T16:24:05.140+0000] {processor.py:650} INFO - DAG(s) dict_keys(['example_external_task_marker_parent', 'example_external_task_marker_child']) retrieved from /home/airflow/.local/lib/python3.7/site-packages/airflow/example_dags/example_external_task_marker_dag.py
[2022-09-07T16:24:05.239+0000] {logging_mixin.py:115} INFO - [2022-09-07T16:24:05.238+0000] {dag.py:2429} INFO - Sync 2 DAGs
[2022-09-07T16:24:05.253+0000] {logging_mixin.py:115} INFO - [2022-09-07T16:24:05.253+0000] {dag.py:2981} INFO - Setting next_dagrun for example_external_task_marker_child to None, run_after=None
[2022-09-07T16:24:05.254+0000] {logging_mixin.py:115} INFO - [2022-09-07T16:24:05.254+0000] {dag.py:2981} INFO - Setting next_dagrun for example_external_task_marker_parent to None, run_after=None
[2022-09-07T16:24:05.270+0000] {processor.py:161} INFO - Processing /home/airflow/.local/lib/python3.7/site-packages/airflow/example_dags/example_external_task_marker_dag.py took 0.139 seconds
[2022-09-07T16:24:35.760+0000] {processor.py:153} INFO - Started process (PID=2919) to work on /home/airflow/.local/lib/python3.7/site-packages/airflow/example_dags/example_external_task_marker_dag.py
[2022-09-07T16:24:35.762+0000] {processor.py:640} INFO - Processing file /home/airflow/.local/lib/python3.7/site-packages/airflow/example_dags/example_external_task_marker_dag.py for tasks to queue
[2022-09-07T16:24:35.763+0000] {logging_mixin.py:115} INFO - [2022-09-07T16:24:35.763+0000] {dagbag.py:508} INFO - Filling up the DagBag from /home/airflow/.local/lib/python3.7/site-packages/airflow/example_dags/example_external_task_marker_dag.py
[2022-09-07T16:24:35.766+0000] {processor.py:650} INFO - DAG(s) dict_keys(['example_external_task_marker_parent', 'example_external_task_marker_child']) retrieved from /home/airflow/.local/lib/python3.7/site-packages/airflow/example_dags/example_external_task_marker_dag.py
[2022-09-07T16:24:35.877+0000] {logging_mixin.py:115} INFO - [2022-09-07T16:24:35.877+0000] {dag.py:2429} INFO - Sync 2 DAGs
[2022-09-07T16:24:35.894+0000] {logging_mixin.py:115} INFO - [2022-09-07T16:24:35.894+0000] {dag.py:2981} INFO - Setting next_dagrun for example_external_task_marker_child to None, run_after=None
[2022-09-07T16:24:35.895+0000] {logging_mixin.py:115} INFO - [2022-09-07T16:24:35.895+0000] {dag.py:2981} INFO - Setting next_dagrun for example_external_task_marker_parent to None, run_after=None
[2022-09-07T16:24:35.904+0000] {processor.py:161} INFO - Processing /home/airflow/.local/lib/python3.7/site-packages/airflow/example_dags/example_external_task_marker_dag.py took 0.146 seconds
[2022-09-07T16:25:06.798+0000] {processor.py:153} INFO - Started process (PID=3247) to work on /home/airflow/.local/lib/python3.7/site-packages/airflow/example_dags/example_external_task_marker_dag.py
[2022-09-07T16:25:06.801+0000] {processor.py:640} INFO - Processing file /home/airflow/.local/lib/python3.7/site-packages/airflow/example_dags/example_external_task_marker_dag.py for tasks to queue
[2022-09-07T16:25:06.804+0000] {logging_mixin.py:115} INFO - [2022-09-07T16:25:06.804+0000] {dagbag.py:508} INFO - Filling up the DagBag from /home/airflow/.local/lib/python3.7/site-packages/airflow/example_dags/example_external_task_marker_dag.py
[2022-09-07T16:25:06.812+0000] {processor.py:650} INFO - DAG(s) dict_keys(['example_external_task_marker_parent', 'example_external_task_marker_child']) retrieved from /home/airflow/.local/lib/python3.7/site-packages/airflow/example_dags/example_external_task_marker_dag.py
[2022-09-07T16:25:06.927+0000] {logging_mixin.py:115} INFO - [2022-09-07T16:25:06.927+0000] {dag.py:2429} INFO - Sync 2 DAGs
[2022-09-07T16:25:06.944+0000] {logging_mixin.py:115} INFO - [2022-09-07T16:25:06.944+0000] {dag.py:2981} INFO - Setting next_dagrun for example_external_task_marker_child to None, run_after=None
[2022-09-07T16:25:06.946+0000] {logging_mixin.py:115} INFO - [2022-09-07T16:25:06.946+0000] {dag.py:2981} INFO - Setting next_dagrun for example_external_task_marker_parent to None, run_after=None
[2022-09-07T16:25:06.956+0000] {processor.py:161} INFO - Processing /home/airflow/.local/lib/python3.7/site-packages/airflow/example_dags/example_external_task_marker_dag.py took 0.162 seconds
[2022-09-07T16:25:37.000+0000] {processor.py:153} INFO - Started process (PID=3309) to work on /home/airflow/.local/lib/python3.7/site-packages/airflow/example_dags/example_external_task_marker_dag.py
[2022-09-07T16:25:37.002+0000] {processor.py:640} INFO - Processing file /home/airflow/.local/lib/python3.7/site-packages/airflow/example_dags/example_external_task_marker_dag.py for tasks to queue
[2022-09-07T16:25:37.004+0000] {logging_mixin.py:115} INFO - [2022-09-07T16:25:37.004+0000] {dagbag.py:508} INFO - Filling up the DagBag from /home/airflow/.local/lib/python3.7/site-packages/airflow/example_dags/example_external_task_marker_dag.py
[2022-09-07T16:25:37.007+0000] {processor.py:650} INFO - DAG(s) dict_keys(['example_external_task_marker_parent', 'example_external_task_marker_child']) retrieved from /home/airflow/.local/lib/python3.7/site-packages/airflow/example_dags/example_external_task_marker_dag.py
[2022-09-07T16:25:37.122+0000] {logging_mixin.py:115} INFO - [2022-09-07T16:25:37.122+0000] {dag.py:2429} INFO - Sync 2 DAGs
[2022-09-07T16:25:37.140+0000] {logging_mixin.py:115} INFO - [2022-09-07T16:25:37.140+0000] {dag.py:2981} INFO - Setting next_dagrun for example_external_task_marker_child to None, run_after=None
[2022-09-07T16:25:37.143+0000] {logging_mixin.py:115} INFO - [2022-09-07T16:25:37.143+0000] {dag.py:2981} INFO - Setting next_dagrun for example_external_task_marker_parent to None, run_after=None
[2022-09-07T16:25:37.153+0000] {processor.py:161} INFO - Processing /home/airflow/.local/lib/python3.7/site-packages/airflow/example_dags/example_external_task_marker_dag.py took 0.155 seconds
[2022-09-07T16:26:07.297+0000] {processor.py:153} INFO - Started process (PID=3362) to work on /home/airflow/.local/lib/python3.7/site-packages/airflow/example_dags/example_external_task_marker_dag.py
[2022-09-07T16:26:07.299+0000] {processor.py:640} INFO - Processing file /home/airflow/.local/lib/python3.7/site-packages/airflow/example_dags/example_external_task_marker_dag.py for tasks to queue
[2022-09-07T16:26:07.300+0000] {logging_mixin.py:115} INFO - [2022-09-07T16:26:07.300+0000] {dagbag.py:508} INFO - Filling up the DagBag from /home/airflow/.local/lib/python3.7/site-packages/airflow/example_dags/example_external_task_marker_dag.py
[2022-09-07T16:26:07.303+0000] {processor.py:650} INFO - DAG(s) dict_keys(['example_external_task_marker_parent', 'example_external_task_marker_child']) retrieved from /home/airflow/.local/lib/python3.7/site-packages/airflow/example_dags/example_external_task_marker_dag.py
[2022-09-07T16:26:07.403+0000] {logging_mixin.py:115} INFO - [2022-09-07T16:26:07.402+0000] {dag.py:2429} INFO - Sync 2 DAGs
[2022-09-07T16:26:07.420+0000] {logging_mixin.py:115} INFO - [2022-09-07T16:26:07.420+0000] {dag.py:2981} INFO - Setting next_dagrun for example_external_task_marker_child to None, run_after=None
[2022-09-07T16:26:07.422+0000] {logging_mixin.py:115} INFO - [2022-09-07T16:26:07.421+0000] {dag.py:2981} INFO - Setting next_dagrun for example_external_task_marker_parent to None, run_after=None
[2022-09-07T16:26:07.430+0000] {processor.py:161} INFO - Processing /home/airflow/.local/lib/python3.7/site-packages/airflow/example_dags/example_external_task_marker_dag.py took 0.137 seconds
[2022-09-07T16:26:38.302+0000] {processor.py:153} INFO - Started process (PID=3422) to work on /home/airflow/.local/lib/python3.7/site-packages/airflow/example_dags/example_external_task_marker_dag.py
[2022-09-07T16:26:38.304+0000] {processor.py:640} INFO - Processing file /home/airflow/.local/lib/python3.7/site-packages/airflow/example_dags/example_external_task_marker_dag.py for tasks to queue
[2022-09-07T16:26:38.306+0000] {logging_mixin.py:115} INFO - [2022-09-07T16:26:38.306+0000] {dagbag.py:508} INFO - Filling up the DagBag from /home/airflow/.local/lib/python3.7/site-packages/airflow/example_dags/example_external_task_marker_dag.py
[2022-09-07T16:26:38.310+0000] {processor.py:650} INFO - DAG(s) dict_keys(['example_external_task_marker_parent', 'example_external_task_marker_child']) retrieved from /home/airflow/.local/lib/python3.7/site-packages/airflow/example_dags/example_external_task_marker_dag.py
[2022-09-07T16:26:38.411+0000] {logging_mixin.py:115} INFO - [2022-09-07T16:26:38.411+0000] {dag.py:2429} INFO - Sync 2 DAGs
[2022-09-07T16:26:38.426+0000] {logging_mixin.py:115} INFO - [2022-09-07T16:26:38.426+0000] {dag.py:2981} INFO - Setting next_dagrun for example_external_task_marker_child to None, run_after=None
[2022-09-07T16:26:38.428+0000] {logging_mixin.py:115} INFO - [2022-09-07T16:26:38.428+0000] {dag.py:2981} INFO - Setting next_dagrun for example_external_task_marker_parent to None, run_after=None
[2022-09-07T16:26:38.440+0000] {processor.py:161} INFO - Processing /home/airflow/.local/lib/python3.7/site-packages/airflow/example_dags/example_external_task_marker_dag.py took 0.141 seconds
[2022-09-07T16:27:08.921+0000] {processor.py:153} INFO - Started process (PID=3483) to work on /home/airflow/.local/lib/python3.7/site-packages/airflow/example_dags/example_external_task_marker_dag.py
[2022-09-07T16:27:08.923+0000] {processor.py:640} INFO - Processing file /home/airflow/.local/lib/python3.7/site-packages/airflow/example_dags/example_external_task_marker_dag.py for tasks to queue
[2022-09-07T16:27:08.925+0000] {logging_mixin.py:115} INFO - [2022-09-07T16:27:08.925+0000] {dagbag.py:508} INFO - Filling up the DagBag from /home/airflow/.local/lib/python3.7/site-packages/airflow/example_dags/example_external_task_marker_dag.py
[2022-09-07T16:27:08.928+0000] {processor.py:650} INFO - DAG(s) dict_keys(['example_external_task_marker_parent', 'example_external_task_marker_child']) retrieved from /home/airflow/.local/lib/python3.7/site-packages/airflow/example_dags/example_external_task_marker_dag.py
[2022-09-07T16:27:09.030+0000] {logging_mixin.py:115} INFO - [2022-09-07T16:27:09.030+0000] {dag.py:2429} INFO - Sync 2 DAGs
[2022-09-07T16:27:09.045+0000] {logging_mixin.py:115} INFO - [2022-09-07T16:27:09.045+0000] {dag.py:2981} INFO - Setting next_dagrun for example_external_task_marker_child to None, run_after=None
[2022-09-07T16:27:09.047+0000] {logging_mixin.py:115} INFO - [2022-09-07T16:27:09.047+0000] {dag.py:2981} INFO - Setting next_dagrun for example_external_task_marker_parent to None, run_after=None
[2022-09-07T16:27:09.055+0000] {processor.py:161} INFO - Processing /home/airflow/.local/lib/python3.7/site-packages/airflow/example_dags/example_external_task_marker_dag.py took 0.136 seconds
[2022-09-07T16:27:39.656+0000] {processor.py:153} INFO - Started process (PID=3545) to work on /home/airflow/.local/lib/python3.7/site-packages/airflow/example_dags/example_external_task_marker_dag.py
[2022-09-07T16:27:39.658+0000] {processor.py:640} INFO - Processing file /home/airflow/.local/lib/python3.7/site-packages/airflow/example_dags/example_external_task_marker_dag.py for tasks to queue
[2022-09-07T16:27:39.659+0000] {logging_mixin.py:115} INFO - [2022-09-07T16:27:39.659+0000] {dagbag.py:508} INFO - Filling up the DagBag from /home/airflow/.local/lib/python3.7/site-packages/airflow/example_dags/example_external_task_marker_dag.py
[2022-09-07T16:27:39.663+0000] {processor.py:650} INFO - DAG(s) dict_keys(['example_external_task_marker_parent', 'example_external_task_marker_child']) retrieved from /home/airflow/.local/lib/python3.7/site-packages/airflow/example_dags/example_external_task_marker_dag.py
[2022-09-07T16:27:39.772+0000] {logging_mixin.py:115} INFO - [2022-09-07T16:27:39.772+0000] {dag.py:2429} INFO - Sync 2 DAGs
[2022-09-07T16:27:39.787+0000] {logging_mixin.py:115} INFO - [2022-09-07T16:27:39.787+0000] {dag.py:2981} INFO - Setting next_dagrun for example_external_task_marker_child to None, run_after=None
[2022-09-07T16:27:39.790+0000] {logging_mixin.py:115} INFO - [2022-09-07T16:27:39.790+0000] {dag.py:2981} INFO - Setting next_dagrun for example_external_task_marker_parent to None, run_after=None
[2022-09-07T16:27:39.800+0000] {processor.py:161} INFO - Processing /home/airflow/.local/lib/python3.7/site-packages/airflow/example_dags/example_external_task_marker_dag.py took 0.149 seconds
[2022-09-07T16:28:10.357+0000] {processor.py:153} INFO - Started process (PID=3606) to work on /home/airflow/.local/lib/python3.7/site-packages/airflow/example_dags/example_external_task_marker_dag.py
[2022-09-07T16:28:10.359+0000] {processor.py:640} INFO - Processing file /home/airflow/.local/lib/python3.7/site-packages/airflow/example_dags/example_external_task_marker_dag.py for tasks to queue
[2022-09-07T16:28:10.360+0000] {logging_mixin.py:115} INFO - [2022-09-07T16:28:10.360+0000] {dagbag.py:508} INFO - Filling up the DagBag from /home/airflow/.local/lib/python3.7/site-packages/airflow/example_dags/example_external_task_marker_dag.py
[2022-09-07T16:28:10.365+0000] {processor.py:650} INFO - DAG(s) dict_keys(['example_external_task_marker_parent', 'example_external_task_marker_child']) retrieved from /home/airflow/.local/lib/python3.7/site-packages/airflow/example_dags/example_external_task_marker_dag.py
[2022-09-07T16:28:10.463+0000] {logging_mixin.py:115} INFO - [2022-09-07T16:28:10.462+0000] {dag.py:2429} INFO - Sync 2 DAGs
[2022-09-07T16:28:10.480+0000] {logging_mixin.py:115} INFO - [2022-09-07T16:28:10.480+0000] {dag.py:2981} INFO - Setting next_dagrun for example_external_task_marker_child to None, run_after=None
[2022-09-07T16:28:10.481+0000] {logging_mixin.py:115} INFO - [2022-09-07T16:28:10.481+0000] {dag.py:2981} INFO - Setting next_dagrun for example_external_task_marker_parent to None, run_after=None
[2022-09-07T16:28:10.491+0000] {processor.py:161} INFO - Processing /home/airflow/.local/lib/python3.7/site-packages/airflow/example_dags/example_external_task_marker_dag.py took 0.136 seconds
[2022-09-07T16:29:18.599+0000] {processor.py:153} INFO - Started process (PID=54) to work on /home/airflow/.local/lib/python3.7/site-packages/airflow/example_dags/example_external_task_marker_dag.py
[2022-09-07T16:29:18.607+0000] {processor.py:640} INFO - Processing file /home/airflow/.local/lib/python3.7/site-packages/airflow/example_dags/example_external_task_marker_dag.py for tasks to queue
[2022-09-07T16:29:18.610+0000] {logging_mixin.py:115} INFO - [2022-09-07T16:29:18.610+0000] {dagbag.py:508} INFO - Filling up the DagBag from /home/airflow/.local/lib/python3.7/site-packages/airflow/example_dags/example_external_task_marker_dag.py
[2022-09-07T16:29:18.626+0000] {processor.py:650} INFO - DAG(s) dict_keys(['example_external_task_marker_parent', 'example_external_task_marker_child']) retrieved from /home/airflow/.local/lib/python3.7/site-packages/airflow/example_dags/example_external_task_marker_dag.py
[2022-09-07T16:29:18.918+0000] {logging_mixin.py:115} INFO - [2022-09-07T16:29:18.918+0000] {dag.py:2429} INFO - Sync 2 DAGs
[2022-09-07T16:29:18.989+0000] {logging_mixin.py:115} INFO - [2022-09-07T16:29:18.989+0000] {dag.py:2981} INFO - Setting next_dagrun for example_external_task_marker_child to None, run_after=None
[2022-09-07T16:29:18.995+0000] {logging_mixin.py:115} INFO - [2022-09-07T16:29:18.995+0000] {dag.py:2981} INFO - Setting next_dagrun for example_external_task_marker_parent to None, run_after=None
[2022-09-07T16:29:19.038+0000] {processor.py:161} INFO - Processing /home/airflow/.local/lib/python3.7/site-packages/airflow/example_dags/example_external_task_marker_dag.py took 0.454 seconds
[2022-09-07T16:29:49.274+0000] {processor.py:153} INFO - Started process (PID=107) to work on /home/airflow/.local/lib/python3.7/site-packages/airflow/example_dags/example_external_task_marker_dag.py
[2022-09-07T16:29:49.275+0000] {processor.py:640} INFO - Processing file /home/airflow/.local/lib/python3.7/site-packages/airflow/example_dags/example_external_task_marker_dag.py for tasks to queue
[2022-09-07T16:29:49.277+0000] {logging_mixin.py:115} INFO - [2022-09-07T16:29:49.277+0000] {dagbag.py:508} INFO - Filling up the DagBag from /home/airflow/.local/lib/python3.7/site-packages/airflow/example_dags/example_external_task_marker_dag.py
[2022-09-07T16:29:49.281+0000] {processor.py:650} INFO - DAG(s) dict_keys(['example_external_task_marker_parent', 'example_external_task_marker_child']) retrieved from /home/airflow/.local/lib/python3.7/site-packages/airflow/example_dags/example_external_task_marker_dag.py
[2022-09-07T16:29:49.424+0000] {logging_mixin.py:115} INFO - [2022-09-07T16:29:49.423+0000] {dag.py:2429} INFO - Sync 2 DAGs
[2022-09-07T16:29:49.452+0000] {logging_mixin.py:115} INFO - [2022-09-07T16:29:49.452+0000] {dag.py:2981} INFO - Setting next_dagrun for example_external_task_marker_child to None, run_after=None
[2022-09-07T16:29:49.453+0000] {logging_mixin.py:115} INFO - [2022-09-07T16:29:49.453+0000] {dag.py:2981} INFO - Setting next_dagrun for example_external_task_marker_parent to None, run_after=None
[2022-09-07T16:29:49.470+0000] {processor.py:161} INFO - Processing /home/airflow/.local/lib/python3.7/site-packages/airflow/example_dags/example_external_task_marker_dag.py took 0.199 seconds
[2022-09-07T16:30:19.503+0000] {processor.py:153} INFO - Started process (PID=167) to work on /home/airflow/.local/lib/python3.7/site-packages/airflow/example_dags/example_external_task_marker_dag.py
[2022-09-07T16:30:19.505+0000] {processor.py:640} INFO - Processing file /home/airflow/.local/lib/python3.7/site-packages/airflow/example_dags/example_external_task_marker_dag.py for tasks to queue
[2022-09-07T16:30:19.506+0000] {logging_mixin.py:115} INFO - [2022-09-07T16:30:19.506+0000] {dagbag.py:508} INFO - Filling up the DagBag from /home/airflow/.local/lib/python3.7/site-packages/airflow/example_dags/example_external_task_marker_dag.py
[2022-09-07T16:30:19.509+0000] {processor.py:650} INFO - DAG(s) dict_keys(['example_external_task_marker_parent', 'example_external_task_marker_child']) retrieved from /home/airflow/.local/lib/python3.7/site-packages/airflow/example_dags/example_external_task_marker_dag.py
[2022-09-07T16:30:19.600+0000] {logging_mixin.py:115} INFO - [2022-09-07T16:30:19.600+0000] {dag.py:2429} INFO - Sync 2 DAGs
[2022-09-07T16:30:19.616+0000] {logging_mixin.py:115} INFO - [2022-09-07T16:30:19.616+0000] {dag.py:2981} INFO - Setting next_dagrun for example_external_task_marker_child to None, run_after=None
[2022-09-07T16:30:19.628+0000] {logging_mixin.py:115} INFO - [2022-09-07T16:30:19.628+0000] {dag.py:2981} INFO - Setting next_dagrun for example_external_task_marker_parent to None, run_after=None
[2022-09-07T16:30:19.700+0000] {processor.py:161} INFO - Processing /home/airflow/.local/lib/python3.7/site-packages/airflow/example_dags/example_external_task_marker_dag.py took 0.199 seconds
[2022-09-07T16:30:50.650+0000] {processor.py:153} INFO - Started process (PID=228) to work on /home/airflow/.local/lib/python3.7/site-packages/airflow/example_dags/example_external_task_marker_dag.py
[2022-09-07T16:30:50.652+0000] {processor.py:640} INFO - Processing file /home/airflow/.local/lib/python3.7/site-packages/airflow/example_dags/example_external_task_marker_dag.py for tasks to queue
[2022-09-07T16:30:50.654+0000] {logging_mixin.py:115} INFO - [2022-09-07T16:30:50.653+0000] {dagbag.py:508} INFO - Filling up the DagBag from /home/airflow/.local/lib/python3.7/site-packages/airflow/example_dags/example_external_task_marker_dag.py
[2022-09-07T16:30:50.660+0000] {processor.py:650} INFO - DAG(s) dict_keys(['example_external_task_marker_parent', 'example_external_task_marker_child']) retrieved from /home/airflow/.local/lib/python3.7/site-packages/airflow/example_dags/example_external_task_marker_dag.py
[2022-09-07T16:30:50.771+0000] {logging_mixin.py:115} INFO - [2022-09-07T16:30:50.771+0000] {dag.py:2429} INFO - Sync 2 DAGs
[2022-09-07T16:30:50.785+0000] {logging_mixin.py:115} INFO - [2022-09-07T16:30:50.785+0000] {dag.py:2981} INFO - Setting next_dagrun for example_external_task_marker_child to None, run_after=None
[2022-09-07T16:30:50.787+0000] {logging_mixin.py:115} INFO - [2022-09-07T16:30:50.787+0000] {dag.py:2981} INFO - Setting next_dagrun for example_external_task_marker_parent to None, run_after=None
[2022-09-07T16:30:50.796+0000] {processor.py:161} INFO - Processing /home/airflow/.local/lib/python3.7/site-packages/airflow/example_dags/example_external_task_marker_dag.py took 0.149 seconds
[2022-09-07T16:31:21.312+0000] {processor.py:153} INFO - Started process (PID=289) to work on /home/airflow/.local/lib/python3.7/site-packages/airflow/example_dags/example_external_task_marker_dag.py
[2022-09-07T16:31:21.314+0000] {processor.py:640} INFO - Processing file /home/airflow/.local/lib/python3.7/site-packages/airflow/example_dags/example_external_task_marker_dag.py for tasks to queue
[2022-09-07T16:31:21.315+0000] {logging_mixin.py:115} INFO - [2022-09-07T16:31:21.315+0000] {dagbag.py:508} INFO - Filling up the DagBag from /home/airflow/.local/lib/python3.7/site-packages/airflow/example_dags/example_external_task_marker_dag.py
[2022-09-07T16:31:21.319+0000] {processor.py:650} INFO - DAG(s) dict_keys(['example_external_task_marker_parent', 'example_external_task_marker_child']) retrieved from /home/airflow/.local/lib/python3.7/site-packages/airflow/example_dags/example_external_task_marker_dag.py
[2022-09-07T16:31:21.426+0000] {logging_mixin.py:115} INFO - [2022-09-07T16:31:21.426+0000] {dag.py:2429} INFO - Sync 2 DAGs
[2022-09-07T16:31:21.441+0000] {logging_mixin.py:115} INFO - [2022-09-07T16:31:21.441+0000] {dag.py:2981} INFO - Setting next_dagrun for example_external_task_marker_child to None, run_after=None
[2022-09-07T16:31:21.443+0000] {logging_mixin.py:115} INFO - [2022-09-07T16:31:21.443+0000] {dag.py:2981} INFO - Setting next_dagrun for example_external_task_marker_parent to None, run_after=None
[2022-09-07T16:31:21.455+0000] {processor.py:161} INFO - Processing /home/airflow/.local/lib/python3.7/site-packages/airflow/example_dags/example_external_task_marker_dag.py took 0.145 seconds
[2022-09-07T17:23:38.888+0000] {processor.py:153} INFO - Started process (PID=46) to work on /home/airflow/.local/lib/python3.7/site-packages/airflow/example_dags/example_external_task_marker_dag.py
[2022-09-07T17:23:38.891+0000] {processor.py:640} INFO - Processing file /home/airflow/.local/lib/python3.7/site-packages/airflow/example_dags/example_external_task_marker_dag.py for tasks to queue
[2022-09-07T17:23:38.898+0000] {logging_mixin.py:115} INFO - [2022-09-07T17:23:38.898+0000] {dagbag.py:508} INFO - Filling up the DagBag from /home/airflow/.local/lib/python3.7/site-packages/airflow/example_dags/example_external_task_marker_dag.py
[2022-09-07T17:23:38.915+0000] {processor.py:650} INFO - DAG(s) dict_keys(['example_external_task_marker_parent', 'example_external_task_marker_child']) retrieved from /home/airflow/.local/lib/python3.7/site-packages/airflow/example_dags/example_external_task_marker_dag.py
[2022-09-07T17:23:39.238+0000] {logging_mixin.py:115} INFO - [2022-09-07T17:23:39.238+0000] {dag.py:2429} INFO - Sync 2 DAGs
[2022-09-07T17:23:39.260+0000] {logging_mixin.py:115} INFO - [2022-09-07T17:23:39.260+0000] {dag.py:2981} INFO - Setting next_dagrun for example_external_task_marker_child to None, run_after=None
[2022-09-07T17:23:39.261+0000] {logging_mixin.py:115} INFO - [2022-09-07T17:23:39.261+0000] {dag.py:2981} INFO - Setting next_dagrun for example_external_task_marker_parent to None, run_after=None
[2022-09-07T17:23:39.289+0000] {processor.py:161} INFO - Processing /home/airflow/.local/lib/python3.7/site-packages/airflow/example_dags/example_external_task_marker_dag.py took 0.403 seconds
[2022-09-07T17:24:09.676+0000] {processor.py:153} INFO - Started process (PID=105) to work on /home/airflow/.local/lib/python3.7/site-packages/airflow/example_dags/example_external_task_marker_dag.py
[2022-09-07T17:24:09.678+0000] {processor.py:640} INFO - Processing file /home/airflow/.local/lib/python3.7/site-packages/airflow/example_dags/example_external_task_marker_dag.py for tasks to queue
[2022-09-07T17:24:09.679+0000] {logging_mixin.py:115} INFO - [2022-09-07T17:24:09.679+0000] {dagbag.py:508} INFO - Filling up the DagBag from /home/airflow/.local/lib/python3.7/site-packages/airflow/example_dags/example_external_task_marker_dag.py
[2022-09-07T17:24:09.685+0000] {processor.py:650} INFO - DAG(s) dict_keys(['example_external_task_marker_parent', 'example_external_task_marker_child']) retrieved from /home/airflow/.local/lib/python3.7/site-packages/airflow/example_dags/example_external_task_marker_dag.py
[2022-09-07T17:24:09.813+0000] {logging_mixin.py:115} INFO - [2022-09-07T17:24:09.813+0000] {dag.py:2429} INFO - Sync 2 DAGs
[2022-09-07T17:24:09.835+0000] {logging_mixin.py:115} INFO - [2022-09-07T17:24:09.835+0000] {dag.py:2981} INFO - Setting next_dagrun for example_external_task_marker_child to None, run_after=None
[2022-09-07T17:24:09.836+0000] {logging_mixin.py:115} INFO - [2022-09-07T17:24:09.836+0000] {dag.py:2981} INFO - Setting next_dagrun for example_external_task_marker_parent to None, run_after=None
[2022-09-07T17:24:09.848+0000] {processor.py:161} INFO - Processing /home/airflow/.local/lib/python3.7/site-packages/airflow/example_dags/example_external_task_marker_dag.py took 0.175 seconds
[2022-09-07T17:24:40.565+0000] {processor.py:153} INFO - Started process (PID=165) to work on /home/airflow/.local/lib/python3.7/site-packages/airflow/example_dags/example_external_task_marker_dag.py
[2022-09-07T17:24:40.566+0000] {processor.py:640} INFO - Processing file /home/airflow/.local/lib/python3.7/site-packages/airflow/example_dags/example_external_task_marker_dag.py for tasks to queue
[2022-09-07T17:24:40.568+0000] {logging_mixin.py:115} INFO - [2022-09-07T17:24:40.568+0000] {dagbag.py:508} INFO - Filling up the DagBag from /home/airflow/.local/lib/python3.7/site-packages/airflow/example_dags/example_external_task_marker_dag.py
[2022-09-07T17:24:40.572+0000] {processor.py:650} INFO - DAG(s) dict_keys(['example_external_task_marker_parent', 'example_external_task_marker_child']) retrieved from /home/airflow/.local/lib/python3.7/site-packages/airflow/example_dags/example_external_task_marker_dag.py
[2022-09-07T17:24:40.667+0000] {logging_mixin.py:115} INFO - [2022-09-07T17:24:40.667+0000] {dag.py:2429} INFO - Sync 2 DAGs
[2022-09-07T17:24:40.683+0000] {logging_mixin.py:115} INFO - [2022-09-07T17:24:40.682+0000] {dag.py:2981} INFO - Setting next_dagrun for example_external_task_marker_child to None, run_after=None
[2022-09-07T17:24:40.684+0000] {logging_mixin.py:115} INFO - [2022-09-07T17:24:40.684+0000] {dag.py:2981} INFO - Setting next_dagrun for example_external_task_marker_parent to None, run_after=None
[2022-09-07T17:24:40.693+0000] {processor.py:161} INFO - Processing /home/airflow/.local/lib/python3.7/site-packages/airflow/example_dags/example_external_task_marker_dag.py took 0.131 seconds
