[2022-09-07T07:55:34.033+0000] {processor.py:153} INFO - Started process (PID=54) to work on /home/airflow/.local/lib/python3.7/site-packages/airflow/example_dags/example_xcomargs.py
[2022-09-07T07:55:34.035+0000] {processor.py:640} INFO - Processing file /home/airflow/.local/lib/python3.7/site-packages/airflow/example_dags/example_xcomargs.py for tasks to queue
[2022-09-07T07:55:34.037+0000] {logging_mixin.py:115} INFO - [2022-09-07T07:55:34.037+0000] {dagbag.py:508} INFO - Filling up the DagBag from /home/airflow/.local/lib/python3.7/site-packages/airflow/example_dags/example_xcomargs.py
[2022-09-07T07:55:34.055+0000] {processor.py:650} INFO - DAG(s) dict_keys(['example_xcom_args', 'example_xcom_args_with_operators']) retrieved from /home/airflow/.local/lib/python3.7/site-packages/airflow/example_dags/example_xcomargs.py
[2022-09-07T07:55:34.214+0000] {logging_mixin.py:115} INFO - [2022-09-07T07:55:34.214+0000] {manager.py:508} INFO - Created Permission View: can delete on DAG:example_xcom_args
[2022-09-07T07:55:34.228+0000] {logging_mixin.py:115} INFO - [2022-09-07T07:55:34.227+0000] {manager.py:508} INFO - Created Permission View: can read on DAG:example_xcom_args
[2022-09-07T07:55:34.238+0000] {logging_mixin.py:115} INFO - [2022-09-07T07:55:34.236+0000] {manager.py:508} INFO - Created Permission View: can edit on DAG:example_xcom_args
[2022-09-07T07:55:34.257+0000] {logging_mixin.py:115} INFO - [2022-09-07T07:55:34.257+0000] {manager.py:508} INFO - Created Permission View: can delete on DAG:example_xcom_args_with_operators
[2022-09-07T07:55:34.268+0000] {logging_mixin.py:115} INFO - [2022-09-07T07:55:34.268+0000] {manager.py:508} INFO - Created Permission View: can read on DAG:example_xcom_args_with_operators
[2022-09-07T07:55:34.276+0000] {logging_mixin.py:115} INFO - [2022-09-07T07:55:34.276+0000] {manager.py:508} INFO - Created Permission View: can edit on DAG:example_xcom_args_with_operators
[2022-09-07T07:55:34.278+0000] {logging_mixin.py:115} INFO - [2022-09-07T07:55:34.277+0000] {dag.py:2429} INFO - Sync 2 DAGs
[2022-09-07T07:55:34.289+0000] {logging_mixin.py:115} INFO - [2022-09-07T07:55:34.289+0000] {dag.py:2448} INFO - Creating ORM DAG for example_xcom_args
[2022-09-07T07:55:34.291+0000] {logging_mixin.py:115} INFO - [2022-09-07T07:55:34.291+0000] {dag.py:2448} INFO - Creating ORM DAG for example_xcom_args_with_operators
[2022-09-07T07:55:34.303+0000] {logging_mixin.py:115} INFO - [2022-09-07T07:55:34.303+0000] {dag.py:2981} INFO - Setting next_dagrun for example_xcom_args to None, run_after=None
[2022-09-07T07:55:34.304+0000] {logging_mixin.py:115} INFO - [2022-09-07T07:55:34.304+0000] {dag.py:2981} INFO - Setting next_dagrun for example_xcom_args_with_operators to None, run_after=None
[2022-09-07T07:55:34.325+0000] {processor.py:161} INFO - Processing /home/airflow/.local/lib/python3.7/site-packages/airflow/example_dags/example_xcomargs.py took 0.298 seconds
[2022-09-07T07:56:05.071+0000] {processor.py:153} INFO - Started process (PID=115) to work on /home/airflow/.local/lib/python3.7/site-packages/airflow/example_dags/example_xcomargs.py
[2022-09-07T07:56:05.073+0000] {processor.py:640} INFO - Processing file /home/airflow/.local/lib/python3.7/site-packages/airflow/example_dags/example_xcomargs.py for tasks to queue
[2022-09-07T07:56:05.074+0000] {logging_mixin.py:115} INFO - [2022-09-07T07:56:05.074+0000] {dagbag.py:508} INFO - Filling up the DagBag from /home/airflow/.local/lib/python3.7/site-packages/airflow/example_dags/example_xcomargs.py
[2022-09-07T07:56:05.084+0000] {processor.py:650} INFO - DAG(s) dict_keys(['example_xcom_args', 'example_xcom_args_with_operators']) retrieved from /home/airflow/.local/lib/python3.7/site-packages/airflow/example_dags/example_xcomargs.py
[2022-09-07T07:56:05.126+0000] {logging_mixin.py:115} INFO - [2022-09-07T07:56:05.126+0000] {dag.py:2429} INFO - Sync 2 DAGs
[2022-09-07T07:56:05.139+0000] {logging_mixin.py:115} INFO - [2022-09-07T07:56:05.139+0000] {dag.py:2981} INFO - Setting next_dagrun for example_xcom_args to None, run_after=None
[2022-09-07T07:56:05.140+0000] {logging_mixin.py:115} INFO - [2022-09-07T07:56:05.140+0000] {dag.py:2981} INFO - Setting next_dagrun for example_xcom_args_with_operators to None, run_after=None
[2022-09-07T07:56:05.149+0000] {processor.py:161} INFO - Processing /home/airflow/.local/lib/python3.7/site-packages/airflow/example_dags/example_xcomargs.py took 0.080 seconds
[2022-09-07T07:56:35.950+0000] {processor.py:153} INFO - Started process (PID=176) to work on /home/airflow/.local/lib/python3.7/site-packages/airflow/example_dags/example_xcomargs.py
[2022-09-07T07:56:35.952+0000] {processor.py:640} INFO - Processing file /home/airflow/.local/lib/python3.7/site-packages/airflow/example_dags/example_xcomargs.py for tasks to queue
[2022-09-07T07:56:35.952+0000] {logging_mixin.py:115} INFO - [2022-09-07T07:56:35.952+0000] {dagbag.py:508} INFO - Filling up the DagBag from /home/airflow/.local/lib/python3.7/site-packages/airflow/example_dags/example_xcomargs.py
[2022-09-07T07:56:35.963+0000] {processor.py:650} INFO - DAG(s) dict_keys(['example_xcom_args', 'example_xcom_args_with_operators']) retrieved from /home/airflow/.local/lib/python3.7/site-packages/airflow/example_dags/example_xcomargs.py
[2022-09-07T07:56:36.002+0000] {logging_mixin.py:115} INFO - [2022-09-07T07:56:36.002+0000] {dag.py:2429} INFO - Sync 2 DAGs
[2022-09-07T07:56:36.015+0000] {logging_mixin.py:115} INFO - [2022-09-07T07:56:36.015+0000] {dag.py:2981} INFO - Setting next_dagrun for example_xcom_args to None, run_after=None
[2022-09-07T07:56:36.016+0000] {logging_mixin.py:115} INFO - [2022-09-07T07:56:36.016+0000] {dag.py:2981} INFO - Setting next_dagrun for example_xcom_args_with_operators to None, run_after=None
[2022-09-07T07:56:36.024+0000] {processor.py:161} INFO - Processing /home/airflow/.local/lib/python3.7/site-packages/airflow/example_dags/example_xcomargs.py took 0.077 seconds
[2022-09-07T07:57:06.464+0000] {processor.py:153} INFO - Started process (PID=237) to work on /home/airflow/.local/lib/python3.7/site-packages/airflow/example_dags/example_xcomargs.py
[2022-09-07T07:57:06.466+0000] {processor.py:640} INFO - Processing file /home/airflow/.local/lib/python3.7/site-packages/airflow/example_dags/example_xcomargs.py for tasks to queue
[2022-09-07T07:57:06.467+0000] {logging_mixin.py:115} INFO - [2022-09-07T07:57:06.467+0000] {dagbag.py:508} INFO - Filling up the DagBag from /home/airflow/.local/lib/python3.7/site-packages/airflow/example_dags/example_xcomargs.py
[2022-09-07T07:57:06.495+0000] {processor.py:650} INFO - DAG(s) dict_keys(['example_xcom_args', 'example_xcom_args_with_operators']) retrieved from /home/airflow/.local/lib/python3.7/site-packages/airflow/example_dags/example_xcomargs.py
[2022-09-07T07:57:06.538+0000] {logging_mixin.py:115} INFO - [2022-09-07T07:57:06.538+0000] {dag.py:2429} INFO - Sync 2 DAGs
[2022-09-07T07:57:06.551+0000] {logging_mixin.py:115} INFO - [2022-09-07T07:57:06.551+0000] {dag.py:2981} INFO - Setting next_dagrun for example_xcom_args to None, run_after=None
[2022-09-07T07:57:06.552+0000] {logging_mixin.py:115} INFO - [2022-09-07T07:57:06.552+0000] {dag.py:2981} INFO - Setting next_dagrun for example_xcom_args_with_operators to None, run_after=None
[2022-09-07T07:57:06.561+0000] {processor.py:161} INFO - Processing /home/airflow/.local/lib/python3.7/site-packages/airflow/example_dags/example_xcomargs.py took 0.099 seconds
[2022-09-07T07:57:37.093+0000] {processor.py:153} INFO - Started process (PID=298) to work on /home/airflow/.local/lib/python3.7/site-packages/airflow/example_dags/example_xcomargs.py
[2022-09-07T07:57:37.094+0000] {processor.py:640} INFO - Processing file /home/airflow/.local/lib/python3.7/site-packages/airflow/example_dags/example_xcomargs.py for tasks to queue
[2022-09-07T07:57:37.096+0000] {logging_mixin.py:115} INFO - [2022-09-07T07:57:37.095+0000] {dagbag.py:508} INFO - Filling up the DagBag from /home/airflow/.local/lib/python3.7/site-packages/airflow/example_dags/example_xcomargs.py
[2022-09-07T07:57:37.106+0000] {processor.py:650} INFO - DAG(s) dict_keys(['example_xcom_args', 'example_xcom_args_with_operators']) retrieved from /home/airflow/.local/lib/python3.7/site-packages/airflow/example_dags/example_xcomargs.py
[2022-09-07T07:57:37.148+0000] {logging_mixin.py:115} INFO - [2022-09-07T07:57:37.148+0000] {dag.py:2429} INFO - Sync 2 DAGs
[2022-09-07T07:57:37.162+0000] {logging_mixin.py:115} INFO - [2022-09-07T07:57:37.162+0000] {dag.py:2981} INFO - Setting next_dagrun for example_xcom_args to None, run_after=None
[2022-09-07T07:57:37.163+0000] {logging_mixin.py:115} INFO - [2022-09-07T07:57:37.163+0000] {dag.py:2981} INFO - Setting next_dagrun for example_xcom_args_with_operators to None, run_after=None
[2022-09-07T07:57:37.174+0000] {processor.py:161} INFO - Processing /home/airflow/.local/lib/python3.7/site-packages/airflow/example_dags/example_xcomargs.py took 0.083 seconds
[2022-09-07T07:58:07.970+0000] {processor.py:153} INFO - Started process (PID=358) to work on /home/airflow/.local/lib/python3.7/site-packages/airflow/example_dags/example_xcomargs.py
[2022-09-07T07:58:07.972+0000] {processor.py:640} INFO - Processing file /home/airflow/.local/lib/python3.7/site-packages/airflow/example_dags/example_xcomargs.py for tasks to queue
[2022-09-07T07:58:07.973+0000] {logging_mixin.py:115} INFO - [2022-09-07T07:58:07.973+0000] {dagbag.py:508} INFO - Filling up the DagBag from /home/airflow/.local/lib/python3.7/site-packages/airflow/example_dags/example_xcomargs.py
[2022-09-07T07:58:07.985+0000] {processor.py:650} INFO - DAG(s) dict_keys(['example_xcom_args', 'example_xcom_args_with_operators']) retrieved from /home/airflow/.local/lib/python3.7/site-packages/airflow/example_dags/example_xcomargs.py
[2022-09-07T07:58:08.063+0000] {logging_mixin.py:115} INFO - [2022-09-07T07:58:08.063+0000] {dag.py:2429} INFO - Sync 2 DAGs
[2022-09-07T07:58:08.088+0000] {logging_mixin.py:115} INFO - [2022-09-07T07:58:08.088+0000] {dag.py:2981} INFO - Setting next_dagrun for example_xcom_args to None, run_after=None
[2022-09-07T07:58:08.090+0000] {logging_mixin.py:115} INFO - [2022-09-07T07:58:08.090+0000] {dag.py:2981} INFO - Setting next_dagrun for example_xcom_args_with_operators to None, run_after=None
[2022-09-07T07:58:08.102+0000] {processor.py:161} INFO - Processing /home/airflow/.local/lib/python3.7/site-packages/airflow/example_dags/example_xcomargs.py took 0.135 seconds
[2022-09-07T07:58:38.237+0000] {processor.py:153} INFO - Started process (PID=409) to work on /home/airflow/.local/lib/python3.7/site-packages/airflow/example_dags/example_xcomargs.py
[2022-09-07T07:58:38.238+0000] {processor.py:640} INFO - Processing file /home/airflow/.local/lib/python3.7/site-packages/airflow/example_dags/example_xcomargs.py for tasks to queue
[2022-09-07T07:58:38.240+0000] {logging_mixin.py:115} INFO - [2022-09-07T07:58:38.240+0000] {dagbag.py:508} INFO - Filling up the DagBag from /home/airflow/.local/lib/python3.7/site-packages/airflow/example_dags/example_xcomargs.py
[2022-09-07T07:58:38.251+0000] {processor.py:650} INFO - DAG(s) dict_keys(['example_xcom_args', 'example_xcom_args_with_operators']) retrieved from /home/airflow/.local/lib/python3.7/site-packages/airflow/example_dags/example_xcomargs.py
[2022-09-07T07:58:38.292+0000] {logging_mixin.py:115} INFO - [2022-09-07T07:58:38.292+0000] {dag.py:2429} INFO - Sync 2 DAGs
[2022-09-07T07:58:38.305+0000] {logging_mixin.py:115} INFO - [2022-09-07T07:58:38.305+0000] {dag.py:2981} INFO - Setting next_dagrun for example_xcom_args to None, run_after=None
[2022-09-07T07:58:38.306+0000] {logging_mixin.py:115} INFO - [2022-09-07T07:58:38.306+0000] {dag.py:2981} INFO - Setting next_dagrun for example_xcom_args_with_operators to None, run_after=None
[2022-09-07T07:58:38.315+0000] {processor.py:161} INFO - Processing /home/airflow/.local/lib/python3.7/site-packages/airflow/example_dags/example_xcomargs.py took 0.081 seconds
[2022-09-07T07:59:09.129+0000] {processor.py:153} INFO - Started process (PID=470) to work on /home/airflow/.local/lib/python3.7/site-packages/airflow/example_dags/example_xcomargs.py
[2022-09-07T07:59:09.131+0000] {processor.py:640} INFO - Processing file /home/airflow/.local/lib/python3.7/site-packages/airflow/example_dags/example_xcomargs.py for tasks to queue
[2022-09-07T07:59:09.134+0000] {logging_mixin.py:115} INFO - [2022-09-07T07:59:09.134+0000] {dagbag.py:508} INFO - Filling up the DagBag from /home/airflow/.local/lib/python3.7/site-packages/airflow/example_dags/example_xcomargs.py
[2022-09-07T07:59:09.145+0000] {processor.py:650} INFO - DAG(s) dict_keys(['example_xcom_args', 'example_xcom_args_with_operators']) retrieved from /home/airflow/.local/lib/python3.7/site-packages/airflow/example_dags/example_xcomargs.py
[2022-09-07T07:59:09.195+0000] {logging_mixin.py:115} INFO - [2022-09-07T07:59:09.194+0000] {dag.py:2429} INFO - Sync 2 DAGs
[2022-09-07T07:59:09.215+0000] {logging_mixin.py:115} INFO - [2022-09-07T07:59:09.215+0000] {dag.py:2981} INFO - Setting next_dagrun for example_xcom_args to None, run_after=None
[2022-09-07T07:59:09.216+0000] {logging_mixin.py:115} INFO - [2022-09-07T07:59:09.216+0000] {dag.py:2981} INFO - Setting next_dagrun for example_xcom_args_with_operators to None, run_after=None
[2022-09-07T07:59:09.231+0000] {processor.py:161} INFO - Processing /home/airflow/.local/lib/python3.7/site-packages/airflow/example_dags/example_xcomargs.py took 0.104 seconds
[2022-09-07T07:59:39.985+0000] {processor.py:153} INFO - Started process (PID=530) to work on /home/airflow/.local/lib/python3.7/site-packages/airflow/example_dags/example_xcomargs.py
[2022-09-07T07:59:39.986+0000] {processor.py:640} INFO - Processing file /home/airflow/.local/lib/python3.7/site-packages/airflow/example_dags/example_xcomargs.py for tasks to queue
[2022-09-07T07:59:39.987+0000] {logging_mixin.py:115} INFO - [2022-09-07T07:59:39.987+0000] {dagbag.py:508} INFO - Filling up the DagBag from /home/airflow/.local/lib/python3.7/site-packages/airflow/example_dags/example_xcomargs.py
[2022-09-07T07:59:39.998+0000] {processor.py:650} INFO - DAG(s) dict_keys(['example_xcom_args', 'example_xcom_args_with_operators']) retrieved from /home/airflow/.local/lib/python3.7/site-packages/airflow/example_dags/example_xcomargs.py
[2022-09-07T07:59:40.041+0000] {logging_mixin.py:115} INFO - [2022-09-07T07:59:40.041+0000] {dag.py:2429} INFO - Sync 2 DAGs
[2022-09-07T07:59:40.054+0000] {logging_mixin.py:115} INFO - [2022-09-07T07:59:40.054+0000] {dag.py:2981} INFO - Setting next_dagrun for example_xcom_args to None, run_after=None
[2022-09-07T07:59:40.055+0000] {logging_mixin.py:115} INFO - [2022-09-07T07:59:40.055+0000] {dag.py:2981} INFO - Setting next_dagrun for example_xcom_args_with_operators to None, run_after=None
[2022-09-07T07:59:40.065+0000] {processor.py:161} INFO - Processing /home/airflow/.local/lib/python3.7/site-packages/airflow/example_dags/example_xcomargs.py took 0.082 seconds
[2022-09-07T08:00:10.852+0000] {processor.py:153} INFO - Started process (PID=591) to work on /home/airflow/.local/lib/python3.7/site-packages/airflow/example_dags/example_xcomargs.py
[2022-09-07T08:00:10.854+0000] {processor.py:640} INFO - Processing file /home/airflow/.local/lib/python3.7/site-packages/airflow/example_dags/example_xcomargs.py for tasks to queue
[2022-09-07T08:00:10.855+0000] {logging_mixin.py:115} INFO - [2022-09-07T08:00:10.855+0000] {dagbag.py:508} INFO - Filling up the DagBag from /home/airflow/.local/lib/python3.7/site-packages/airflow/example_dags/example_xcomargs.py
[2022-09-07T08:00:10.866+0000] {processor.py:650} INFO - DAG(s) dict_keys(['example_xcom_args', 'example_xcom_args_with_operators']) retrieved from /home/airflow/.local/lib/python3.7/site-packages/airflow/example_dags/example_xcomargs.py
[2022-09-07T08:00:10.884+0000] {logging_mixin.py:115} INFO - [2022-09-07T08:00:10.884+0000] {dag.py:2429} INFO - Sync 2 DAGs
[2022-09-07T08:00:10.897+0000] {logging_mixin.py:115} INFO - [2022-09-07T08:00:10.897+0000] {dag.py:2981} INFO - Setting next_dagrun for example_xcom_args to None, run_after=None
[2022-09-07T08:00:10.898+0000] {logging_mixin.py:115} INFO - [2022-09-07T08:00:10.898+0000] {dag.py:2981} INFO - Setting next_dagrun for example_xcom_args_with_operators to None, run_after=None
[2022-09-07T08:00:10.907+0000] {processor.py:161} INFO - Processing /home/airflow/.local/lib/python3.7/site-packages/airflow/example_dags/example_xcomargs.py took 0.057 seconds
[2022-09-07T08:00:41.742+0000] {processor.py:153} INFO - Started process (PID=967) to work on /home/airflow/.local/lib/python3.7/site-packages/airflow/example_dags/example_xcomargs.py
[2022-09-07T08:00:41.743+0000] {processor.py:640} INFO - Processing file /home/airflow/.local/lib/python3.7/site-packages/airflow/example_dags/example_xcomargs.py for tasks to queue
[2022-09-07T08:00:41.744+0000] {logging_mixin.py:115} INFO - [2022-09-07T08:00:41.744+0000] {dagbag.py:508} INFO - Filling up the DagBag from /home/airflow/.local/lib/python3.7/site-packages/airflow/example_dags/example_xcomargs.py
[2022-09-07T08:00:41.757+0000] {processor.py:650} INFO - DAG(s) dict_keys(['example_xcom_args', 'example_xcom_args_with_operators']) retrieved from /home/airflow/.local/lib/python3.7/site-packages/airflow/example_dags/example_xcomargs.py
[2022-09-07T08:00:41.799+0000] {logging_mixin.py:115} INFO - [2022-09-07T08:00:41.799+0000] {dag.py:2429} INFO - Sync 2 DAGs
[2022-09-07T08:00:41.813+0000] {logging_mixin.py:115} INFO - [2022-09-07T08:00:41.813+0000] {dag.py:2981} INFO - Setting next_dagrun for example_xcom_args to None, run_after=None
[2022-09-07T08:00:41.814+0000] {logging_mixin.py:115} INFO - [2022-09-07T08:00:41.814+0000] {dag.py:2981} INFO - Setting next_dagrun for example_xcom_args_with_operators to None, run_after=None
[2022-09-07T08:00:41.825+0000] {processor.py:161} INFO - Processing /home/airflow/.local/lib/python3.7/site-packages/airflow/example_dags/example_xcomargs.py took 0.085 seconds
[2022-09-07T08:01:12.467+0000] {processor.py:153} INFO - Started process (PID=2111) to work on /home/airflow/.local/lib/python3.7/site-packages/airflow/example_dags/example_xcomargs.py
[2022-09-07T08:01:12.469+0000] {processor.py:640} INFO - Processing file /home/airflow/.local/lib/python3.7/site-packages/airflow/example_dags/example_xcomargs.py for tasks to queue
[2022-09-07T08:01:12.470+0000] {logging_mixin.py:115} INFO - [2022-09-07T08:01:12.470+0000] {dagbag.py:508} INFO - Filling up the DagBag from /home/airflow/.local/lib/python3.7/site-packages/airflow/example_dags/example_xcomargs.py
[2022-09-07T08:01:12.483+0000] {processor.py:650} INFO - DAG(s) dict_keys(['example_xcom_args', 'example_xcom_args_with_operators']) retrieved from /home/airflow/.local/lib/python3.7/site-packages/airflow/example_dags/example_xcomargs.py
[2022-09-07T08:01:12.530+0000] {logging_mixin.py:115} INFO - [2022-09-07T08:01:12.530+0000] {dag.py:2429} INFO - Sync 2 DAGs
[2022-09-07T08:01:12.543+0000] {logging_mixin.py:115} INFO - [2022-09-07T08:01:12.543+0000] {dag.py:2981} INFO - Setting next_dagrun for example_xcom_args to None, run_after=None
[2022-09-07T08:01:12.544+0000] {logging_mixin.py:115} INFO - [2022-09-07T08:01:12.544+0000] {dag.py:2981} INFO - Setting next_dagrun for example_xcom_args_with_operators to None, run_after=None
[2022-09-07T08:01:12.553+0000] {processor.py:161} INFO - Processing /home/airflow/.local/lib/python3.7/site-packages/airflow/example_dags/example_xcomargs.py took 0.088 seconds
[2022-09-07T08:01:43.242+0000] {processor.py:153} INFO - Started process (PID=2343) to work on /home/airflow/.local/lib/python3.7/site-packages/airflow/example_dags/example_xcomargs.py
[2022-09-07T08:01:43.244+0000] {processor.py:640} INFO - Processing file /home/airflow/.local/lib/python3.7/site-packages/airflow/example_dags/example_xcomargs.py for tasks to queue
[2022-09-07T08:01:43.245+0000] {logging_mixin.py:115} INFO - [2022-09-07T08:01:43.245+0000] {dagbag.py:508} INFO - Filling up the DagBag from /home/airflow/.local/lib/python3.7/site-packages/airflow/example_dags/example_xcomargs.py
[2022-09-07T08:01:43.256+0000] {processor.py:650} INFO - DAG(s) dict_keys(['example_xcom_args', 'example_xcom_args_with_operators']) retrieved from /home/airflow/.local/lib/python3.7/site-packages/airflow/example_dags/example_xcomargs.py
[2022-09-07T08:01:43.274+0000] {logging_mixin.py:115} INFO - [2022-09-07T08:01:43.274+0000] {dag.py:2429} INFO - Sync 2 DAGs
[2022-09-07T08:01:43.290+0000] {logging_mixin.py:115} INFO - [2022-09-07T08:01:43.290+0000] {dag.py:2981} INFO - Setting next_dagrun for example_xcom_args to None, run_after=None
[2022-09-07T08:01:43.293+0000] {logging_mixin.py:115} INFO - [2022-09-07T08:01:43.293+0000] {dag.py:2981} INFO - Setting next_dagrun for example_xcom_args_with_operators to None, run_after=None
[2022-09-07T08:01:43.301+0000] {processor.py:161} INFO - Processing /home/airflow/.local/lib/python3.7/site-packages/airflow/example_dags/example_xcomargs.py took 0.061 seconds
[2022-09-07T08:02:14.063+0000] {processor.py:153} INFO - Started process (PID=2405) to work on /home/airflow/.local/lib/python3.7/site-packages/airflow/example_dags/example_xcomargs.py
[2022-09-07T08:02:14.065+0000] {processor.py:640} INFO - Processing file /home/airflow/.local/lib/python3.7/site-packages/airflow/example_dags/example_xcomargs.py for tasks to queue
[2022-09-07T08:02:14.066+0000] {logging_mixin.py:115} INFO - [2022-09-07T08:02:14.066+0000] {dagbag.py:508} INFO - Filling up the DagBag from /home/airflow/.local/lib/python3.7/site-packages/airflow/example_dags/example_xcomargs.py
[2022-09-07T08:02:14.083+0000] {processor.py:650} INFO - DAG(s) dict_keys(['example_xcom_args', 'example_xcom_args_with_operators']) retrieved from /home/airflow/.local/lib/python3.7/site-packages/airflow/example_dags/example_xcomargs.py
[2022-09-07T08:02:14.134+0000] {logging_mixin.py:115} INFO - [2022-09-07T08:02:14.134+0000] {dag.py:2429} INFO - Sync 2 DAGs
[2022-09-07T08:02:14.148+0000] {logging_mixin.py:115} INFO - [2022-09-07T08:02:14.148+0000] {dag.py:2981} INFO - Setting next_dagrun for example_xcom_args to None, run_after=None
[2022-09-07T08:02:14.149+0000] {logging_mixin.py:115} INFO - [2022-09-07T08:02:14.149+0000] {dag.py:2981} INFO - Setting next_dagrun for example_xcom_args_with_operators to None, run_after=None
[2022-09-07T08:02:14.159+0000] {processor.py:161} INFO - Processing /home/airflow/.local/lib/python3.7/site-packages/airflow/example_dags/example_xcomargs.py took 0.099 seconds
[2022-09-07T08:02:44.942+0000] {processor.py:153} INFO - Started process (PID=2465) to work on /home/airflow/.local/lib/python3.7/site-packages/airflow/example_dags/example_xcomargs.py
[2022-09-07T08:02:44.943+0000] {processor.py:640} INFO - Processing file /home/airflow/.local/lib/python3.7/site-packages/airflow/example_dags/example_xcomargs.py for tasks to queue
[2022-09-07T08:02:44.944+0000] {logging_mixin.py:115} INFO - [2022-09-07T08:02:44.944+0000] {dagbag.py:508} INFO - Filling up the DagBag from /home/airflow/.local/lib/python3.7/site-packages/airflow/example_dags/example_xcomargs.py
[2022-09-07T08:02:44.955+0000] {processor.py:650} INFO - DAG(s) dict_keys(['example_xcom_args', 'example_xcom_args_with_operators']) retrieved from /home/airflow/.local/lib/python3.7/site-packages/airflow/example_dags/example_xcomargs.py
[2022-09-07T08:02:44.998+0000] {logging_mixin.py:115} INFO - [2022-09-07T08:02:44.998+0000] {dag.py:2429} INFO - Sync 2 DAGs
[2022-09-07T08:02:45.012+0000] {logging_mixin.py:115} INFO - [2022-09-07T08:02:45.012+0000] {dag.py:2981} INFO - Setting next_dagrun for example_xcom_args to None, run_after=None
[2022-09-07T08:02:45.012+0000] {logging_mixin.py:115} INFO - [2022-09-07T08:02:45.012+0000] {dag.py:2981} INFO - Setting next_dagrun for example_xcom_args_with_operators to None, run_after=None
[2022-09-07T08:02:45.021+0000] {processor.py:161} INFO - Processing /home/airflow/.local/lib/python3.7/site-packages/airflow/example_dags/example_xcomargs.py took 0.082 seconds
[2022-09-07T08:03:15.665+0000] {processor.py:153} INFO - Started process (PID=2525) to work on /home/airflow/.local/lib/python3.7/site-packages/airflow/example_dags/example_xcomargs.py
[2022-09-07T08:03:15.667+0000] {processor.py:640} INFO - Processing file /home/airflow/.local/lib/python3.7/site-packages/airflow/example_dags/example_xcomargs.py for tasks to queue
[2022-09-07T08:03:15.669+0000] {logging_mixin.py:115} INFO - [2022-09-07T08:03:15.669+0000] {dagbag.py:508} INFO - Filling up the DagBag from /home/airflow/.local/lib/python3.7/site-packages/airflow/example_dags/example_xcomargs.py
[2022-09-07T08:03:15.680+0000] {processor.py:650} INFO - DAG(s) dict_keys(['example_xcom_args', 'example_xcom_args_with_operators']) retrieved from /home/airflow/.local/lib/python3.7/site-packages/airflow/example_dags/example_xcomargs.py
[2022-09-07T08:03:15.700+0000] {logging_mixin.py:115} INFO - [2022-09-07T08:03:15.700+0000] {dag.py:2429} INFO - Sync 2 DAGs
[2022-09-07T08:03:15.718+0000] {logging_mixin.py:115} INFO - [2022-09-07T08:03:15.717+0000] {dag.py:2981} INFO - Setting next_dagrun for example_xcom_args to None, run_after=None
[2022-09-07T08:03:15.719+0000] {logging_mixin.py:115} INFO - [2022-09-07T08:03:15.719+0000] {dag.py:2981} INFO - Setting next_dagrun for example_xcom_args_with_operators to None, run_after=None
[2022-09-07T08:03:15.727+0000] {processor.py:161} INFO - Processing /home/airflow/.local/lib/python3.7/site-packages/airflow/example_dags/example_xcomargs.py took 0.064 seconds
[2022-09-07T08:03:46.440+0000] {processor.py:153} INFO - Started process (PID=2586) to work on /home/airflow/.local/lib/python3.7/site-packages/airflow/example_dags/example_xcomargs.py
[2022-09-07T08:03:46.442+0000] {processor.py:640} INFO - Processing file /home/airflow/.local/lib/python3.7/site-packages/airflow/example_dags/example_xcomargs.py for tasks to queue
[2022-09-07T08:03:46.443+0000] {logging_mixin.py:115} INFO - [2022-09-07T08:03:46.443+0000] {dagbag.py:508} INFO - Filling up the DagBag from /home/airflow/.local/lib/python3.7/site-packages/airflow/example_dags/example_xcomargs.py
[2022-09-07T08:03:46.454+0000] {processor.py:650} INFO - DAG(s) dict_keys(['example_xcom_args', 'example_xcom_args_with_operators']) retrieved from /home/airflow/.local/lib/python3.7/site-packages/airflow/example_dags/example_xcomargs.py
[2022-09-07T08:03:46.495+0000] {logging_mixin.py:115} INFO - [2022-09-07T08:03:46.495+0000] {dag.py:2429} INFO - Sync 2 DAGs
[2022-09-07T08:03:46.508+0000] {logging_mixin.py:115} INFO - [2022-09-07T08:03:46.508+0000] {dag.py:2981} INFO - Setting next_dagrun for example_xcom_args to None, run_after=None
[2022-09-07T08:03:46.509+0000] {logging_mixin.py:115} INFO - [2022-09-07T08:03:46.509+0000] {dag.py:2981} INFO - Setting next_dagrun for example_xcom_args_with_operators to None, run_after=None
[2022-09-07T08:03:46.519+0000] {processor.py:161} INFO - Processing /home/airflow/.local/lib/python3.7/site-packages/airflow/example_dags/example_xcomargs.py took 0.081 seconds
[2022-09-07T08:04:17.147+0000] {processor.py:153} INFO - Started process (PID=2647) to work on /home/airflow/.local/lib/python3.7/site-packages/airflow/example_dags/example_xcomargs.py
[2022-09-07T08:04:17.149+0000] {processor.py:640} INFO - Processing file /home/airflow/.local/lib/python3.7/site-packages/airflow/example_dags/example_xcomargs.py for tasks to queue
[2022-09-07T08:04:17.150+0000] {logging_mixin.py:115} INFO - [2022-09-07T08:04:17.150+0000] {dagbag.py:508} INFO - Filling up the DagBag from /home/airflow/.local/lib/python3.7/site-packages/airflow/example_dags/example_xcomargs.py
[2022-09-07T08:04:17.162+0000] {processor.py:650} INFO - DAG(s) dict_keys(['example_xcom_args', 'example_xcom_args_with_operators']) retrieved from /home/airflow/.local/lib/python3.7/site-packages/airflow/example_dags/example_xcomargs.py
[2022-09-07T08:04:17.182+0000] {logging_mixin.py:115} INFO - [2022-09-07T08:04:17.182+0000] {dag.py:2429} INFO - Sync 2 DAGs
[2022-09-07T08:04:17.197+0000] {logging_mixin.py:115} INFO - [2022-09-07T08:04:17.197+0000] {dag.py:2981} INFO - Setting next_dagrun for example_xcom_args to None, run_after=None
[2022-09-07T08:04:17.198+0000] {logging_mixin.py:115} INFO - [2022-09-07T08:04:17.198+0000] {dag.py:2981} INFO - Setting next_dagrun for example_xcom_args_with_operators to None, run_after=None
[2022-09-07T08:04:17.208+0000] {processor.py:161} INFO - Processing /home/airflow/.local/lib/python3.7/site-packages/airflow/example_dags/example_xcomargs.py took 0.063 seconds
[2022-09-07T16:21:01.890+0000] {processor.py:153} INFO - Started process (PID=71) to work on /home/airflow/.local/lib/python3.7/site-packages/airflow/example_dags/example_xcomargs.py
[2022-09-07T16:21:01.892+0000] {processor.py:640} INFO - Processing file /home/airflow/.local/lib/python3.7/site-packages/airflow/example_dags/example_xcomargs.py for tasks to queue
[2022-09-07T16:21:01.893+0000] {logging_mixin.py:115} INFO - [2022-09-07T16:21:01.893+0000] {dagbag.py:508} INFO - Filling up the DagBag from /home/airflow/.local/lib/python3.7/site-packages/airflow/example_dags/example_xcomargs.py
[2022-09-07T16:21:01.906+0000] {processor.py:650} INFO - DAG(s) dict_keys(['example_xcom_args', 'example_xcom_args_with_operators']) retrieved from /home/airflow/.local/lib/python3.7/site-packages/airflow/example_dags/example_xcomargs.py
[2022-09-07T16:21:01.953+0000] {logging_mixin.py:115} INFO - [2022-09-07T16:21:01.953+0000] {dag.py:2429} INFO - Sync 2 DAGs
[2022-09-07T16:21:01.966+0000] {logging_mixin.py:115} INFO - [2022-09-07T16:21:01.965+0000] {dag.py:2981} INFO - Setting next_dagrun for example_xcom_args to None, run_after=None
[2022-09-07T16:21:01.967+0000] {logging_mixin.py:115} INFO - [2022-09-07T16:21:01.967+0000] {dag.py:2981} INFO - Setting next_dagrun for example_xcom_args_with_operators to None, run_after=None
[2022-09-07T16:21:01.975+0000] {processor.py:161} INFO - Processing /home/airflow/.local/lib/python3.7/site-packages/airflow/example_dags/example_xcomargs.py took 0.087 seconds
[2022-09-07T16:21:32.504+0000] {processor.py:153} INFO - Started process (PID=131) to work on /home/airflow/.local/lib/python3.7/site-packages/airflow/example_dags/example_xcomargs.py
[2022-09-07T16:21:32.506+0000] {processor.py:640} INFO - Processing file /home/airflow/.local/lib/python3.7/site-packages/airflow/example_dags/example_xcomargs.py for tasks to queue
[2022-09-07T16:21:32.507+0000] {logging_mixin.py:115} INFO - [2022-09-07T16:21:32.507+0000] {dagbag.py:508} INFO - Filling up the DagBag from /home/airflow/.local/lib/python3.7/site-packages/airflow/example_dags/example_xcomargs.py
[2022-09-07T16:21:32.518+0000] {processor.py:650} INFO - DAG(s) dict_keys(['example_xcom_args', 'example_xcom_args_with_operators']) retrieved from /home/airflow/.local/lib/python3.7/site-packages/airflow/example_dags/example_xcomargs.py
[2022-09-07T16:21:32.538+0000] {logging_mixin.py:115} INFO - [2022-09-07T16:21:32.538+0000] {dag.py:2429} INFO - Sync 2 DAGs
[2022-09-07T16:21:32.552+0000] {logging_mixin.py:115} INFO - [2022-09-07T16:21:32.552+0000] {dag.py:2981} INFO - Setting next_dagrun for example_xcom_args to None, run_after=None
[2022-09-07T16:21:32.553+0000] {logging_mixin.py:115} INFO - [2022-09-07T16:21:32.553+0000] {dag.py:2981} INFO - Setting next_dagrun for example_xcom_args_with_operators to None, run_after=None
[2022-09-07T16:21:32.565+0000] {processor.py:161} INFO - Processing /home/airflow/.local/lib/python3.7/site-packages/airflow/example_dags/example_xcomargs.py took 0.063 seconds
[2022-09-07T16:22:03.207+0000] {processor.py:153} INFO - Started process (PID=586) to work on /home/airflow/.local/lib/python3.7/site-packages/airflow/example_dags/example_xcomargs.py
[2022-09-07T16:22:03.209+0000] {processor.py:640} INFO - Processing file /home/airflow/.local/lib/python3.7/site-packages/airflow/example_dags/example_xcomargs.py for tasks to queue
[2022-09-07T16:22:03.211+0000] {logging_mixin.py:115} INFO - [2022-09-07T16:22:03.211+0000] {dagbag.py:508} INFO - Filling up the DagBag from /home/airflow/.local/lib/python3.7/site-packages/airflow/example_dags/example_xcomargs.py
[2022-09-07T16:22:03.456+0000] {processor.py:650} INFO - DAG(s) dict_keys(['example_xcom_args', 'example_xcom_args_with_operators']) retrieved from /home/airflow/.local/lib/python3.7/site-packages/airflow/example_dags/example_xcomargs.py
[2022-09-07T16:22:03.560+0000] {logging_mixin.py:115} INFO - [2022-09-07T16:22:03.560+0000] {dag.py:2429} INFO - Sync 2 DAGs
[2022-09-07T16:22:03.617+0000] {logging_mixin.py:115} INFO - [2022-09-07T16:22:03.617+0000] {dag.py:2981} INFO - Setting next_dagrun for example_xcom_args to None, run_after=None
[2022-09-07T16:22:03.621+0000] {logging_mixin.py:115} INFO - [2022-09-07T16:22:03.620+0000] {dag.py:2981} INFO - Setting next_dagrun for example_xcom_args_with_operators to None, run_after=None
[2022-09-07T16:22:03.636+0000] {processor.py:161} INFO - Processing /home/airflow/.local/lib/python3.7/site-packages/airflow/example_dags/example_xcomargs.py took 0.432 seconds
[2022-09-07T16:22:34.296+0000] {processor.py:153} INFO - Started process (PID=1296) to work on /home/airflow/.local/lib/python3.7/site-packages/airflow/example_dags/example_xcomargs.py
[2022-09-07T16:22:34.298+0000] {processor.py:640} INFO - Processing file /home/airflow/.local/lib/python3.7/site-packages/airflow/example_dags/example_xcomargs.py for tasks to queue
[2022-09-07T16:22:34.300+0000] {logging_mixin.py:115} INFO - [2022-09-07T16:22:34.300+0000] {dagbag.py:508} INFO - Filling up the DagBag from /home/airflow/.local/lib/python3.7/site-packages/airflow/example_dags/example_xcomargs.py
[2022-09-07T16:22:34.314+0000] {processor.py:650} INFO - DAG(s) dict_keys(['example_xcom_args', 'example_xcom_args_with_operators']) retrieved from /home/airflow/.local/lib/python3.7/site-packages/airflow/example_dags/example_xcomargs.py
[2022-09-07T16:22:34.360+0000] {logging_mixin.py:115} INFO - [2022-09-07T16:22:34.360+0000] {dag.py:2429} INFO - Sync 2 DAGs
[2022-09-07T16:22:34.373+0000] {logging_mixin.py:115} INFO - [2022-09-07T16:22:34.373+0000] {dag.py:2981} INFO - Setting next_dagrun for example_xcom_args to None, run_after=None
[2022-09-07T16:22:34.374+0000] {logging_mixin.py:115} INFO - [2022-09-07T16:22:34.374+0000] {dag.py:2981} INFO - Setting next_dagrun for example_xcom_args_with_operators to None, run_after=None
[2022-09-07T16:22:34.384+0000] {processor.py:161} INFO - Processing /home/airflow/.local/lib/python3.7/site-packages/airflow/example_dags/example_xcomargs.py took 0.091 seconds
[2022-09-07T16:23:05.120+0000] {processor.py:153} INFO - Started process (PID=1843) to work on /home/airflow/.local/lib/python3.7/site-packages/airflow/example_dags/example_xcomargs.py
[2022-09-07T16:23:05.122+0000] {processor.py:640} INFO - Processing file /home/airflow/.local/lib/python3.7/site-packages/airflow/example_dags/example_xcomargs.py for tasks to queue
[2022-09-07T16:23:05.123+0000] {logging_mixin.py:115} INFO - [2022-09-07T16:23:05.123+0000] {dagbag.py:508} INFO - Filling up the DagBag from /home/airflow/.local/lib/python3.7/site-packages/airflow/example_dags/example_xcomargs.py
[2022-09-07T16:23:05.137+0000] {processor.py:650} INFO - DAG(s) dict_keys(['example_xcom_args', 'example_xcom_args_with_operators']) retrieved from /home/airflow/.local/lib/python3.7/site-packages/airflow/example_dags/example_xcomargs.py
[2022-09-07T16:23:05.157+0000] {logging_mixin.py:115} INFO - [2022-09-07T16:23:05.157+0000] {dag.py:2429} INFO - Sync 2 DAGs
[2022-09-07T16:23:05.170+0000] {logging_mixin.py:115} INFO - [2022-09-07T16:23:05.170+0000] {dag.py:2981} INFO - Setting next_dagrun for example_xcom_args to None, run_after=None
[2022-09-07T16:23:05.171+0000] {logging_mixin.py:115} INFO - [2022-09-07T16:23:05.171+0000] {dag.py:2981} INFO - Setting next_dagrun for example_xcom_args_with_operators to None, run_after=None
[2022-09-07T16:23:05.180+0000] {processor.py:161} INFO - Processing /home/airflow/.local/lib/python3.7/site-packages/airflow/example_dags/example_xcomargs.py took 0.064 seconds
[2022-09-07T16:23:35.873+0000] {processor.py:153} INFO - Started process (PID=2196) to work on /home/airflow/.local/lib/python3.7/site-packages/airflow/example_dags/example_xcomargs.py
[2022-09-07T16:23:35.875+0000] {processor.py:640} INFO - Processing file /home/airflow/.local/lib/python3.7/site-packages/airflow/example_dags/example_xcomargs.py for tasks to queue
[2022-09-07T16:23:35.876+0000] {logging_mixin.py:115} INFO - [2022-09-07T16:23:35.876+0000] {dagbag.py:508} INFO - Filling up the DagBag from /home/airflow/.local/lib/python3.7/site-packages/airflow/example_dags/example_xcomargs.py
[2022-09-07T16:23:35.887+0000] {processor.py:650} INFO - DAG(s) dict_keys(['example_xcom_args', 'example_xcom_args_with_operators']) retrieved from /home/airflow/.local/lib/python3.7/site-packages/airflow/example_dags/example_xcomargs.py
[2022-09-07T16:23:35.907+0000] {logging_mixin.py:115} INFO - [2022-09-07T16:23:35.907+0000] {dag.py:2429} INFO - Sync 2 DAGs
[2022-09-07T16:23:35.921+0000] {logging_mixin.py:115} INFO - [2022-09-07T16:23:35.921+0000] {dag.py:2981} INFO - Setting next_dagrun for example_xcom_args to None, run_after=None
[2022-09-07T16:23:35.922+0000] {logging_mixin.py:115} INFO - [2022-09-07T16:23:35.922+0000] {dag.py:2981} INFO - Setting next_dagrun for example_xcom_args_with_operators to None, run_after=None
[2022-09-07T16:23:35.931+0000] {processor.py:161} INFO - Processing /home/airflow/.local/lib/python3.7/site-packages/airflow/example_dags/example_xcomargs.py took 0.060 seconds
[2022-09-07T16:24:06.496+0000] {processor.py:153} INFO - Started process (PID=2580) to work on /home/airflow/.local/lib/python3.7/site-packages/airflow/example_dags/example_xcomargs.py
[2022-09-07T16:24:06.497+0000] {processor.py:640} INFO - Processing file /home/airflow/.local/lib/python3.7/site-packages/airflow/example_dags/example_xcomargs.py for tasks to queue
[2022-09-07T16:24:06.498+0000] {logging_mixin.py:115} INFO - [2022-09-07T16:24:06.498+0000] {dagbag.py:508} INFO - Filling up the DagBag from /home/airflow/.local/lib/python3.7/site-packages/airflow/example_dags/example_xcomargs.py
[2022-09-07T16:24:06.510+0000] {processor.py:650} INFO - DAG(s) dict_keys(['example_xcom_args', 'example_xcom_args_with_operators']) retrieved from /home/airflow/.local/lib/python3.7/site-packages/airflow/example_dags/example_xcomargs.py
[2022-09-07T16:24:06.530+0000] {logging_mixin.py:115} INFO - [2022-09-07T16:24:06.529+0000] {dag.py:2429} INFO - Sync 2 DAGs
[2022-09-07T16:24:06.542+0000] {logging_mixin.py:115} INFO - [2022-09-07T16:24:06.542+0000] {dag.py:2981} INFO - Setting next_dagrun for example_xcom_args to None, run_after=None
[2022-09-07T16:24:06.543+0000] {logging_mixin.py:115} INFO - [2022-09-07T16:24:06.543+0000] {dag.py:2981} INFO - Setting next_dagrun for example_xcom_args_with_operators to None, run_after=None
[2022-09-07T16:24:06.553+0000] {processor.py:161} INFO - Processing /home/airflow/.local/lib/python3.7/site-packages/airflow/example_dags/example_xcomargs.py took 0.060 seconds
[2022-09-07T16:24:37.110+0000] {processor.py:153} INFO - Started process (PID=2940) to work on /home/airflow/.local/lib/python3.7/site-packages/airflow/example_dags/example_xcomargs.py
[2022-09-07T16:24:37.112+0000] {processor.py:640} INFO - Processing file /home/airflow/.local/lib/python3.7/site-packages/airflow/example_dags/example_xcomargs.py for tasks to queue
[2022-09-07T16:24:37.113+0000] {logging_mixin.py:115} INFO - [2022-09-07T16:24:37.113+0000] {dagbag.py:508} INFO - Filling up the DagBag from /home/airflow/.local/lib/python3.7/site-packages/airflow/example_dags/example_xcomargs.py
[2022-09-07T16:24:37.126+0000] {processor.py:650} INFO - DAG(s) dict_keys(['example_xcom_args', 'example_xcom_args_with_operators']) retrieved from /home/airflow/.local/lib/python3.7/site-packages/airflow/example_dags/example_xcomargs.py
[2022-09-07T16:24:37.147+0000] {logging_mixin.py:115} INFO - [2022-09-07T16:24:37.147+0000] {dag.py:2429} INFO - Sync 2 DAGs
[2022-09-07T16:24:37.167+0000] {logging_mixin.py:115} INFO - [2022-09-07T16:24:37.167+0000] {dag.py:2981} INFO - Setting next_dagrun for example_xcom_args to None, run_after=None
[2022-09-07T16:24:37.168+0000] {logging_mixin.py:115} INFO - [2022-09-07T16:24:37.168+0000] {dag.py:2981} INFO - Setting next_dagrun for example_xcom_args_with_operators to None, run_after=None
[2022-09-07T16:24:37.180+0000] {processor.py:161} INFO - Processing /home/airflow/.local/lib/python3.7/site-packages/airflow/example_dags/example_xcomargs.py took 0.072 seconds
[2022-09-07T16:25:07.249+0000] {processor.py:153} INFO - Started process (PID=3254) to work on /home/airflow/.local/lib/python3.7/site-packages/airflow/example_dags/example_xcomargs.py
[2022-09-07T16:25:07.251+0000] {processor.py:640} INFO - Processing file /home/airflow/.local/lib/python3.7/site-packages/airflow/example_dags/example_xcomargs.py for tasks to queue
[2022-09-07T16:25:07.253+0000] {logging_mixin.py:115} INFO - [2022-09-07T16:25:07.253+0000] {dagbag.py:508} INFO - Filling up the DagBag from /home/airflow/.local/lib/python3.7/site-packages/airflow/example_dags/example_xcomargs.py
[2022-09-07T16:25:07.265+0000] {processor.py:650} INFO - DAG(s) dict_keys(['example_xcom_args', 'example_xcom_args_with_operators']) retrieved from /home/airflow/.local/lib/python3.7/site-packages/airflow/example_dags/example_xcomargs.py
[2022-09-07T16:25:07.292+0000] {logging_mixin.py:115} INFO - [2022-09-07T16:25:07.292+0000] {dag.py:2429} INFO - Sync 2 DAGs
[2022-09-07T16:25:07.311+0000] {logging_mixin.py:115} INFO - [2022-09-07T16:25:07.311+0000] {dag.py:2981} INFO - Setting next_dagrun for example_xcom_args to None, run_after=None
[2022-09-07T16:25:07.313+0000] {logging_mixin.py:115} INFO - [2022-09-07T16:25:07.313+0000] {dag.py:2981} INFO - Setting next_dagrun for example_xcom_args_with_operators to None, run_after=None
[2022-09-07T16:25:07.323+0000] {processor.py:161} INFO - Processing /home/airflow/.local/lib/python3.7/site-packages/airflow/example_dags/example_xcomargs.py took 0.076 seconds
[2022-09-07T16:25:37.412+0000] {processor.py:153} INFO - Started process (PID=3315) to work on /home/airflow/.local/lib/python3.7/site-packages/airflow/example_dags/example_xcomargs.py
[2022-09-07T16:25:37.414+0000] {processor.py:640} INFO - Processing file /home/airflow/.local/lib/python3.7/site-packages/airflow/example_dags/example_xcomargs.py for tasks to queue
[2022-09-07T16:25:37.415+0000] {logging_mixin.py:115} INFO - [2022-09-07T16:25:37.415+0000] {dagbag.py:508} INFO - Filling up the DagBag from /home/airflow/.local/lib/python3.7/site-packages/airflow/example_dags/example_xcomargs.py
[2022-09-07T16:25:37.427+0000] {processor.py:650} INFO - DAG(s) dict_keys(['example_xcom_args', 'example_xcom_args_with_operators']) retrieved from /home/airflow/.local/lib/python3.7/site-packages/airflow/example_dags/example_xcomargs.py
[2022-09-07T16:25:37.449+0000] {logging_mixin.py:115} INFO - [2022-09-07T16:25:37.449+0000] {dag.py:2429} INFO - Sync 2 DAGs
[2022-09-07T16:25:37.463+0000] {logging_mixin.py:115} INFO - [2022-09-07T16:25:37.463+0000] {dag.py:2981} INFO - Setting next_dagrun for example_xcom_args to None, run_after=None
[2022-09-07T16:25:37.465+0000] {logging_mixin.py:115} INFO - [2022-09-07T16:25:37.465+0000] {dag.py:2981} INFO - Setting next_dagrun for example_xcom_args_with_operators to None, run_after=None
[2022-09-07T16:25:37.475+0000] {processor.py:161} INFO - Processing /home/airflow/.local/lib/python3.7/site-packages/airflow/example_dags/example_xcomargs.py took 0.066 seconds
[2022-09-07T16:26:07.588+0000] {processor.py:153} INFO - Started process (PID=3368) to work on /home/airflow/.local/lib/python3.7/site-packages/airflow/example_dags/example_xcomargs.py
[2022-09-07T16:26:07.590+0000] {processor.py:640} INFO - Processing file /home/airflow/.local/lib/python3.7/site-packages/airflow/example_dags/example_xcomargs.py for tasks to queue
[2022-09-07T16:26:07.591+0000] {logging_mixin.py:115} INFO - [2022-09-07T16:26:07.591+0000] {dagbag.py:508} INFO - Filling up the DagBag from /home/airflow/.local/lib/python3.7/site-packages/airflow/example_dags/example_xcomargs.py
[2022-09-07T16:26:07.603+0000] {processor.py:650} INFO - DAG(s) dict_keys(['example_xcom_args', 'example_xcom_args_with_operators']) retrieved from /home/airflow/.local/lib/python3.7/site-packages/airflow/example_dags/example_xcomargs.py
[2022-09-07T16:26:07.626+0000] {logging_mixin.py:115} INFO - [2022-09-07T16:26:07.625+0000] {dag.py:2429} INFO - Sync 2 DAGs
[2022-09-07T16:26:07.644+0000] {logging_mixin.py:115} INFO - [2022-09-07T16:26:07.644+0000] {dag.py:2981} INFO - Setting next_dagrun for example_xcom_args to None, run_after=None
[2022-09-07T16:26:07.646+0000] {logging_mixin.py:115} INFO - [2022-09-07T16:26:07.646+0000] {dag.py:2981} INFO - Setting next_dagrun for example_xcom_args_with_operators to None, run_after=None
[2022-09-07T16:26:07.658+0000] {processor.py:161} INFO - Processing /home/airflow/.local/lib/python3.7/site-packages/airflow/example_dags/example_xcomargs.py took 0.072 seconds
[2022-09-07T16:26:38.777+0000] {processor.py:153} INFO - Started process (PID=3430) to work on /home/airflow/.local/lib/python3.7/site-packages/airflow/example_dags/example_xcomargs.py
[2022-09-07T16:26:38.781+0000] {processor.py:640} INFO - Processing file /home/airflow/.local/lib/python3.7/site-packages/airflow/example_dags/example_xcomargs.py for tasks to queue
[2022-09-07T16:26:38.783+0000] {logging_mixin.py:115} INFO - [2022-09-07T16:26:38.783+0000] {dagbag.py:508} INFO - Filling up the DagBag from /home/airflow/.local/lib/python3.7/site-packages/airflow/example_dags/example_xcomargs.py
[2022-09-07T16:26:38.807+0000] {processor.py:650} INFO - DAG(s) dict_keys(['example_xcom_args', 'example_xcom_args_with_operators']) retrieved from /home/airflow/.local/lib/python3.7/site-packages/airflow/example_dags/example_xcomargs.py
[2022-09-07T16:26:38.844+0000] {logging_mixin.py:115} INFO - [2022-09-07T16:26:38.844+0000] {dag.py:2429} INFO - Sync 2 DAGs
[2022-09-07T16:26:38.867+0000] {logging_mixin.py:115} INFO - [2022-09-07T16:26:38.867+0000] {dag.py:2981} INFO - Setting next_dagrun for example_xcom_args to None, run_after=None
[2022-09-07T16:26:38.868+0000] {logging_mixin.py:115} INFO - [2022-09-07T16:26:38.868+0000] {dag.py:2981} INFO - Setting next_dagrun for example_xcom_args_with_operators to None, run_after=None
[2022-09-07T16:26:38.880+0000] {processor.py:161} INFO - Processing /home/airflow/.local/lib/python3.7/site-packages/airflow/example_dags/example_xcomargs.py took 0.106 seconds
[2022-09-07T16:27:09.334+0000] {processor.py:153} INFO - Started process (PID=3491) to work on /home/airflow/.local/lib/python3.7/site-packages/airflow/example_dags/example_xcomargs.py
[2022-09-07T16:27:09.336+0000] {processor.py:640} INFO - Processing file /home/airflow/.local/lib/python3.7/site-packages/airflow/example_dags/example_xcomargs.py for tasks to queue
[2022-09-07T16:27:09.337+0000] {logging_mixin.py:115} INFO - [2022-09-07T16:27:09.337+0000] {dagbag.py:508} INFO - Filling up the DagBag from /home/airflow/.local/lib/python3.7/site-packages/airflow/example_dags/example_xcomargs.py
[2022-09-07T16:27:09.352+0000] {processor.py:650} INFO - DAG(s) dict_keys(['example_xcom_args', 'example_xcom_args_with_operators']) retrieved from /home/airflow/.local/lib/python3.7/site-packages/airflow/example_dags/example_xcomargs.py
[2022-09-07T16:27:09.374+0000] {logging_mixin.py:115} INFO - [2022-09-07T16:27:09.374+0000] {dag.py:2429} INFO - Sync 2 DAGs
[2022-09-07T16:27:09.392+0000] {logging_mixin.py:115} INFO - [2022-09-07T16:27:09.392+0000] {dag.py:2981} INFO - Setting next_dagrun for example_xcom_args to None, run_after=None
[2022-09-07T16:27:09.394+0000] {logging_mixin.py:115} INFO - [2022-09-07T16:27:09.394+0000] {dag.py:2981} INFO - Setting next_dagrun for example_xcom_args_with_operators to None, run_after=None
[2022-09-07T16:27:09.402+0000] {processor.py:161} INFO - Processing /home/airflow/.local/lib/python3.7/site-packages/airflow/example_dags/example_xcomargs.py took 0.071 seconds
[2022-09-07T16:27:40.107+0000] {processor.py:153} INFO - Started process (PID=3553) to work on /home/airflow/.local/lib/python3.7/site-packages/airflow/example_dags/example_xcomargs.py
[2022-09-07T16:27:40.108+0000] {processor.py:640} INFO - Processing file /home/airflow/.local/lib/python3.7/site-packages/airflow/example_dags/example_xcomargs.py for tasks to queue
[2022-09-07T16:27:40.110+0000] {logging_mixin.py:115} INFO - [2022-09-07T16:27:40.110+0000] {dagbag.py:508} INFO - Filling up the DagBag from /home/airflow/.local/lib/python3.7/site-packages/airflow/example_dags/example_xcomargs.py
[2022-09-07T16:27:40.122+0000] {processor.py:650} INFO - DAG(s) dict_keys(['example_xcom_args', 'example_xcom_args_with_operators']) retrieved from /home/airflow/.local/lib/python3.7/site-packages/airflow/example_dags/example_xcomargs.py
[2022-09-07T16:27:40.143+0000] {logging_mixin.py:115} INFO - [2022-09-07T16:27:40.143+0000] {dag.py:2429} INFO - Sync 2 DAGs
[2022-09-07T16:27:40.165+0000] {logging_mixin.py:115} INFO - [2022-09-07T16:27:40.165+0000] {dag.py:2981} INFO - Setting next_dagrun for example_xcom_args to None, run_after=None
[2022-09-07T16:27:40.166+0000] {logging_mixin.py:115} INFO - [2022-09-07T16:27:40.166+0000] {dag.py:2981} INFO - Setting next_dagrun for example_xcom_args_with_operators to None, run_after=None
[2022-09-07T16:27:40.174+0000] {processor.py:161} INFO - Processing /home/airflow/.local/lib/python3.7/site-packages/airflow/example_dags/example_xcomargs.py took 0.070 seconds
[2022-09-07T16:28:10.783+0000] {processor.py:153} INFO - Started process (PID=3614) to work on /home/airflow/.local/lib/python3.7/site-packages/airflow/example_dags/example_xcomargs.py
[2022-09-07T16:28:10.784+0000] {processor.py:640} INFO - Processing file /home/airflow/.local/lib/python3.7/site-packages/airflow/example_dags/example_xcomargs.py for tasks to queue
[2022-09-07T16:28:10.785+0000] {logging_mixin.py:115} INFO - [2022-09-07T16:28:10.785+0000] {dagbag.py:508} INFO - Filling up the DagBag from /home/airflow/.local/lib/python3.7/site-packages/airflow/example_dags/example_xcomargs.py
[2022-09-07T16:28:10.797+0000] {processor.py:650} INFO - DAG(s) dict_keys(['example_xcom_args', 'example_xcom_args_with_operators']) retrieved from /home/airflow/.local/lib/python3.7/site-packages/airflow/example_dags/example_xcomargs.py
[2022-09-07T16:28:10.845+0000] {logging_mixin.py:115} INFO - [2022-09-07T16:28:10.845+0000] {dag.py:2429} INFO - Sync 2 DAGs
[2022-09-07T16:28:10.860+0000] {logging_mixin.py:115} INFO - [2022-09-07T16:28:10.860+0000] {dag.py:2981} INFO - Setting next_dagrun for example_xcom_args to None, run_after=None
[2022-09-07T16:28:10.861+0000] {logging_mixin.py:115} INFO - [2022-09-07T16:28:10.861+0000] {dag.py:2981} INFO - Setting next_dagrun for example_xcom_args_with_operators to None, run_after=None
[2022-09-07T16:28:10.869+0000] {processor.py:161} INFO - Processing /home/airflow/.local/lib/python3.7/site-packages/airflow/example_dags/example_xcomargs.py took 0.089 seconds
[2022-09-07T16:29:19.661+0000] {processor.py:153} INFO - Started process (PID=62) to work on /home/airflow/.local/lib/python3.7/site-packages/airflow/example_dags/example_xcomargs.py
[2022-09-07T16:29:19.662+0000] {processor.py:640} INFO - Processing file /home/airflow/.local/lib/python3.7/site-packages/airflow/example_dags/example_xcomargs.py for tasks to queue
[2022-09-07T16:29:19.666+0000] {logging_mixin.py:115} INFO - [2022-09-07T16:29:19.666+0000] {dagbag.py:508} INFO - Filling up the DagBag from /home/airflow/.local/lib/python3.7/site-packages/airflow/example_dags/example_xcomargs.py
[2022-09-07T16:29:19.702+0000] {processor.py:650} INFO - DAG(s) dict_keys(['example_xcom_args', 'example_xcom_args_with_operators']) retrieved from /home/airflow/.local/lib/python3.7/site-packages/airflow/example_dags/example_xcomargs.py
[2022-09-07T16:29:19.827+0000] {logging_mixin.py:115} INFO - [2022-09-07T16:29:19.827+0000] {dag.py:2429} INFO - Sync 2 DAGs
[2022-09-07T16:29:19.871+0000] {logging_mixin.py:115} INFO - [2022-09-07T16:29:19.871+0000] {dag.py:2981} INFO - Setting next_dagrun for example_xcom_args to None, run_after=None
[2022-09-07T16:29:19.873+0000] {logging_mixin.py:115} INFO - [2022-09-07T16:29:19.873+0000] {dag.py:2981} INFO - Setting next_dagrun for example_xcom_args_with_operators to None, run_after=None
[2022-09-07T16:29:19.901+0000] {processor.py:161} INFO - Processing /home/airflow/.local/lib/python3.7/site-packages/airflow/example_dags/example_xcomargs.py took 0.242 seconds
[2022-09-07T16:29:50.726+0000] {processor.py:153} INFO - Started process (PID=114) to work on /home/airflow/.local/lib/python3.7/site-packages/airflow/example_dags/example_xcomargs.py
[2022-09-07T16:29:50.729+0000] {processor.py:640} INFO - Processing file /home/airflow/.local/lib/python3.7/site-packages/airflow/example_dags/example_xcomargs.py for tasks to queue
[2022-09-07T16:29:50.730+0000] {logging_mixin.py:115} INFO - [2022-09-07T16:29:50.730+0000] {dagbag.py:508} INFO - Filling up the DagBag from /home/airflow/.local/lib/python3.7/site-packages/airflow/example_dags/example_xcomargs.py
[2022-09-07T16:29:50.746+0000] {processor.py:650} INFO - DAG(s) dict_keys(['example_xcom_args', 'example_xcom_args_with_operators']) retrieved from /home/airflow/.local/lib/python3.7/site-packages/airflow/example_dags/example_xcomargs.py
[2022-09-07T16:29:50.766+0000] {logging_mixin.py:115} INFO - [2022-09-07T16:29:50.766+0000] {dag.py:2429} INFO - Sync 2 DAGs
[2022-09-07T16:29:50.781+0000] {logging_mixin.py:115} INFO - [2022-09-07T16:29:50.781+0000] {dag.py:2981} INFO - Setting next_dagrun for example_xcom_args to None, run_after=None
[2022-09-07T16:29:50.782+0000] {logging_mixin.py:115} INFO - [2022-09-07T16:29:50.782+0000] {dag.py:2981} INFO - Setting next_dagrun for example_xcom_args_with_operators to None, run_after=None
[2022-09-07T16:29:50.797+0000] {processor.py:161} INFO - Processing /home/airflow/.local/lib/python3.7/site-packages/airflow/example_dags/example_xcomargs.py took 0.074 seconds
[2022-09-07T16:30:21.042+0000] {processor.py:153} INFO - Started process (PID=174) to work on /home/airflow/.local/lib/python3.7/site-packages/airflow/example_dags/example_xcomargs.py
[2022-09-07T16:30:21.044+0000] {processor.py:640} INFO - Processing file /home/airflow/.local/lib/python3.7/site-packages/airflow/example_dags/example_xcomargs.py for tasks to queue
[2022-09-07T16:30:21.045+0000] {logging_mixin.py:115} INFO - [2022-09-07T16:30:21.045+0000] {dagbag.py:508} INFO - Filling up the DagBag from /home/airflow/.local/lib/python3.7/site-packages/airflow/example_dags/example_xcomargs.py
[2022-09-07T16:30:21.057+0000] {processor.py:650} INFO - DAG(s) dict_keys(['example_xcom_args', 'example_xcom_args_with_operators']) retrieved from /home/airflow/.local/lib/python3.7/site-packages/airflow/example_dags/example_xcomargs.py
[2022-09-07T16:30:21.079+0000] {logging_mixin.py:115} INFO - [2022-09-07T16:30:21.079+0000] {dag.py:2429} INFO - Sync 2 DAGs
[2022-09-07T16:30:21.094+0000] {logging_mixin.py:115} INFO - [2022-09-07T16:30:21.094+0000] {dag.py:2981} INFO - Setting next_dagrun for example_xcom_args to None, run_after=None
[2022-09-07T16:30:21.095+0000] {logging_mixin.py:115} INFO - [2022-09-07T16:30:21.095+0000] {dag.py:2981} INFO - Setting next_dagrun for example_xcom_args_with_operators to None, run_after=None
[2022-09-07T16:30:21.104+0000] {processor.py:161} INFO - Processing /home/airflow/.local/lib/python3.7/site-packages/airflow/example_dags/example_xcomargs.py took 0.065 seconds
[2022-09-07T16:30:51.940+0000] {processor.py:153} INFO - Started process (PID=235) to work on /home/airflow/.local/lib/python3.7/site-packages/airflow/example_dags/example_xcomargs.py
[2022-09-07T16:30:51.943+0000] {processor.py:640} INFO - Processing file /home/airflow/.local/lib/python3.7/site-packages/airflow/example_dags/example_xcomargs.py for tasks to queue
[2022-09-07T16:30:51.944+0000] {logging_mixin.py:115} INFO - [2022-09-07T16:30:51.944+0000] {dagbag.py:508} INFO - Filling up the DagBag from /home/airflow/.local/lib/python3.7/site-packages/airflow/example_dags/example_xcomargs.py
[2022-09-07T16:30:51.956+0000] {processor.py:650} INFO - DAG(s) dict_keys(['example_xcom_args', 'example_xcom_args_with_operators']) retrieved from /home/airflow/.local/lib/python3.7/site-packages/airflow/example_dags/example_xcomargs.py
[2022-09-07T16:30:52.002+0000] {logging_mixin.py:115} INFO - [2022-09-07T16:30:52.002+0000] {dag.py:2429} INFO - Sync 2 DAGs
[2022-09-07T16:30:52.015+0000] {logging_mixin.py:115} INFO - [2022-09-07T16:30:52.015+0000] {dag.py:2981} INFO - Setting next_dagrun for example_xcom_args to None, run_after=None
[2022-09-07T16:30:52.016+0000] {logging_mixin.py:115} INFO - [2022-09-07T16:30:52.016+0000] {dag.py:2981} INFO - Setting next_dagrun for example_xcom_args_with_operators to None, run_after=None
[2022-09-07T16:30:52.026+0000] {processor.py:161} INFO - Processing /home/airflow/.local/lib/python3.7/site-packages/airflow/example_dags/example_xcomargs.py took 0.088 seconds
[2022-09-07T16:31:22.593+0000] {processor.py:153} INFO - Started process (PID=296) to work on /home/airflow/.local/lib/python3.7/site-packages/airflow/example_dags/example_xcomargs.py
[2022-09-07T16:31:22.596+0000] {processor.py:640} INFO - Processing file /home/airflow/.local/lib/python3.7/site-packages/airflow/example_dags/example_xcomargs.py for tasks to queue
[2022-09-07T16:31:22.597+0000] {logging_mixin.py:115} INFO - [2022-09-07T16:31:22.597+0000] {dagbag.py:508} INFO - Filling up the DagBag from /home/airflow/.local/lib/python3.7/site-packages/airflow/example_dags/example_xcomargs.py
[2022-09-07T16:31:22.609+0000] {processor.py:650} INFO - DAG(s) dict_keys(['example_xcom_args', 'example_xcom_args_with_operators']) retrieved from /home/airflow/.local/lib/python3.7/site-packages/airflow/example_dags/example_xcomargs.py
[2022-09-07T16:31:22.652+0000] {logging_mixin.py:115} INFO - [2022-09-07T16:31:22.652+0000] {dag.py:2429} INFO - Sync 2 DAGs
[2022-09-07T16:31:22.665+0000] {logging_mixin.py:115} INFO - [2022-09-07T16:31:22.665+0000] {dag.py:2981} INFO - Setting next_dagrun for example_xcom_args to None, run_after=None
[2022-09-07T16:31:22.667+0000] {logging_mixin.py:115} INFO - [2022-09-07T16:31:22.667+0000] {dag.py:2981} INFO - Setting next_dagrun for example_xcom_args_with_operators to None, run_after=None
[2022-09-07T16:31:22.676+0000] {processor.py:161} INFO - Processing /home/airflow/.local/lib/python3.7/site-packages/airflow/example_dags/example_xcomargs.py took 0.086 seconds
[2022-09-07T17:23:40.464+0000] {processor.py:153} INFO - Started process (PID=62) to work on /home/airflow/.local/lib/python3.7/site-packages/airflow/example_dags/example_xcomargs.py
[2022-09-07T17:23:40.470+0000] {processor.py:640} INFO - Processing file /home/airflow/.local/lib/python3.7/site-packages/airflow/example_dags/example_xcomargs.py for tasks to queue
[2022-09-07T17:23:40.473+0000] {logging_mixin.py:115} INFO - [2022-09-07T17:23:40.473+0000] {dagbag.py:508} INFO - Filling up the DagBag from /home/airflow/.local/lib/python3.7/site-packages/airflow/example_dags/example_xcomargs.py
[2022-09-07T17:23:40.538+0000] {processor.py:650} INFO - DAG(s) dict_keys(['example_xcom_args', 'example_xcom_args_with_operators']) retrieved from /home/airflow/.local/lib/python3.7/site-packages/airflow/example_dags/example_xcomargs.py
[2022-09-07T17:23:40.710+0000] {logging_mixin.py:115} INFO - [2022-09-07T17:23:40.710+0000] {dag.py:2429} INFO - Sync 2 DAGs
[2022-09-07T17:23:40.747+0000] {logging_mixin.py:115} INFO - [2022-09-07T17:23:40.747+0000] {dag.py:2981} INFO - Setting next_dagrun for example_xcom_args to None, run_after=None
[2022-09-07T17:23:40.753+0000] {logging_mixin.py:115} INFO - [2022-09-07T17:23:40.750+0000] {dag.py:2981} INFO - Setting next_dagrun for example_xcom_args_with_operators to None, run_after=None
[2022-09-07T17:23:40.791+0000] {processor.py:161} INFO - Processing /home/airflow/.local/lib/python3.7/site-packages/airflow/example_dags/example_xcomargs.py took 0.330 seconds
[2022-09-07T17:24:11.111+0000] {processor.py:153} INFO - Started process (PID=113) to work on /home/airflow/.local/lib/python3.7/site-packages/airflow/example_dags/example_xcomargs.py
[2022-09-07T17:24:11.113+0000] {processor.py:640} INFO - Processing file /home/airflow/.local/lib/python3.7/site-packages/airflow/example_dags/example_xcomargs.py for tasks to queue
[2022-09-07T17:24:11.115+0000] {logging_mixin.py:115} INFO - [2022-09-07T17:24:11.115+0000] {dagbag.py:508} INFO - Filling up the DagBag from /home/airflow/.local/lib/python3.7/site-packages/airflow/example_dags/example_xcomargs.py
[2022-09-07T17:24:11.127+0000] {processor.py:650} INFO - DAG(s) dict_keys(['example_xcom_args', 'example_xcom_args_with_operators']) retrieved from /home/airflow/.local/lib/python3.7/site-packages/airflow/example_dags/example_xcomargs.py
[2022-09-07T17:24:11.176+0000] {logging_mixin.py:115} INFO - [2022-09-07T17:24:11.176+0000] {dag.py:2429} INFO - Sync 2 DAGs
[2022-09-07T17:24:11.193+0000] {logging_mixin.py:115} INFO - [2022-09-07T17:24:11.193+0000] {dag.py:2981} INFO - Setting next_dagrun for example_xcom_args to None, run_after=None
[2022-09-07T17:24:11.195+0000] {logging_mixin.py:115} INFO - [2022-09-07T17:24:11.195+0000] {dag.py:2981} INFO - Setting next_dagrun for example_xcom_args_with_operators to None, run_after=None
[2022-09-07T17:24:11.204+0000] {processor.py:161} INFO - Processing /home/airflow/.local/lib/python3.7/site-packages/airflow/example_dags/example_xcomargs.py took 0.095 seconds
[2022-09-07T17:24:42.005+0000] {processor.py:153} INFO - Started process (PID=173) to work on /home/airflow/.local/lib/python3.7/site-packages/airflow/example_dags/example_xcomargs.py
[2022-09-07T17:24:42.007+0000] {processor.py:640} INFO - Processing file /home/airflow/.local/lib/python3.7/site-packages/airflow/example_dags/example_xcomargs.py for tasks to queue
[2022-09-07T17:24:42.008+0000] {logging_mixin.py:115} INFO - [2022-09-07T17:24:42.008+0000] {dagbag.py:508} INFO - Filling up the DagBag from /home/airflow/.local/lib/python3.7/site-packages/airflow/example_dags/example_xcomargs.py
[2022-09-07T17:24:42.020+0000] {processor.py:650} INFO - DAG(s) dict_keys(['example_xcom_args', 'example_xcom_args_with_operators']) retrieved from /home/airflow/.local/lib/python3.7/site-packages/airflow/example_dags/example_xcomargs.py
[2022-09-07T17:24:42.062+0000] {logging_mixin.py:115} INFO - [2022-09-07T17:24:42.062+0000] {dag.py:2429} INFO - Sync 2 DAGs
[2022-09-07T17:24:42.075+0000] {logging_mixin.py:115} INFO - [2022-09-07T17:24:42.075+0000] {dag.py:2981} INFO - Setting next_dagrun for example_xcom_args to None, run_after=None
[2022-09-07T17:24:42.076+0000] {logging_mixin.py:115} INFO - [2022-09-07T17:24:42.076+0000] {dag.py:2981} INFO - Setting next_dagrun for example_xcom_args_with_operators to None, run_after=None
[2022-09-07T17:24:42.085+0000] {processor.py:161} INFO - Processing /home/airflow/.local/lib/python3.7/site-packages/airflow/example_dags/example_xcomargs.py took 0.081 seconds
