[2022-09-07T07:55:34.971+0000] {processor.py:153} INFO - Started process (PID=60) to work on /home/airflow/.local/lib/python3.7/site-packages/airflow/example_dags/example_task_group_decorator.py
[2022-09-07T07:55:34.974+0000] {processor.py:640} INFO - Processing file /home/airflow/.local/lib/python3.7/site-packages/airflow/example_dags/example_task_group_decorator.py for tasks to queue
[2022-09-07T07:55:34.976+0000] {logging_mixin.py:115} INFO - [2022-09-07T07:55:34.976+0000] {dagbag.py:508} INFO - Filling up the DagBag from /home/airflow/.local/lib/python3.7/site-packages/airflow/example_dags/example_task_group_decorator.py
[2022-09-07T07:55:34.999+0000] {processor.py:650} INFO - DAG(s) dict_keys(['example_task_group_decorator']) retrieved from /home/airflow/.local/lib/python3.7/site-packages/airflow/example_dags/example_task_group_decorator.py
[2022-09-07T07:55:35.078+0000] {logging_mixin.py:115} INFO - [2022-09-07T07:55:35.077+0000] {manager.py:508} INFO - Created Permission View: can delete on DAG:example_task_group_decorator
[2022-09-07T07:55:35.085+0000] {logging_mixin.py:115} INFO - [2022-09-07T07:55:35.085+0000] {manager.py:508} INFO - Created Permission View: can read on DAG:example_task_group_decorator
[2022-09-07T07:55:35.093+0000] {logging_mixin.py:115} INFO - [2022-09-07T07:55:35.093+0000] {manager.py:508} INFO - Created Permission View: can edit on DAG:example_task_group_decorator
[2022-09-07T07:55:35.095+0000] {logging_mixin.py:115} INFO - [2022-09-07T07:55:35.095+0000] {dag.py:2429} INFO - Sync 1 DAGs
[2022-09-07T07:55:35.104+0000] {logging_mixin.py:115} INFO - [2022-09-07T07:55:35.104+0000] {dag.py:2448} INFO - Creating ORM DAG for example_task_group_decorator
[2022-09-07T07:55:35.122+0000] {logging_mixin.py:115} INFO - [2022-09-07T07:55:35.122+0000] {dag.py:2981} INFO - Setting next_dagrun for example_task_group_decorator to 2022-09-06T07:55:35.121802+00:00, run_after=2022-09-07T07:55:35.121802+00:00
[2022-09-07T07:55:35.140+0000] {processor.py:161} INFO - Processing /home/airflow/.local/lib/python3.7/site-packages/airflow/example_dags/example_task_group_decorator.py took 0.171 seconds
[2022-09-07T07:56:05.309+0000] {processor.py:153} INFO - Started process (PID=121) to work on /home/airflow/.local/lib/python3.7/site-packages/airflow/example_dags/example_task_group_decorator.py
[2022-09-07T07:56:05.312+0000] {processor.py:640} INFO - Processing file /home/airflow/.local/lib/python3.7/site-packages/airflow/example_dags/example_task_group_decorator.py for tasks to queue
[2022-09-07T07:56:05.313+0000] {logging_mixin.py:115} INFO - [2022-09-07T07:56:05.313+0000] {dagbag.py:508} INFO - Filling up the DagBag from /home/airflow/.local/lib/python3.7/site-packages/airflow/example_dags/example_task_group_decorator.py
[2022-09-07T07:56:05.327+0000] {processor.py:650} INFO - DAG(s) dict_keys(['example_task_group_decorator']) retrieved from /home/airflow/.local/lib/python3.7/site-packages/airflow/example_dags/example_task_group_decorator.py
[2022-09-07T07:56:05.380+0000] {logging_mixin.py:115} INFO - [2022-09-07T07:56:05.380+0000] {dag.py:2429} INFO - Sync 1 DAGs
[2022-09-07T07:56:05.393+0000] {logging_mixin.py:115} INFO - [2022-09-07T07:56:05.393+0000] {dag.py:2981} INFO - Setting next_dagrun for example_task_group_decorator to 2022-09-06T07:56:05.392872+00:00, run_after=2022-09-07T07:56:05.392872+00:00
[2022-09-07T07:56:05.402+0000] {processor.py:161} INFO - Processing /home/airflow/.local/lib/python3.7/site-packages/airflow/example_dags/example_task_group_decorator.py took 0.094 seconds
[2022-09-07T07:56:36.184+0000] {processor.py:153} INFO - Started process (PID=182) to work on /home/airflow/.local/lib/python3.7/site-packages/airflow/example_dags/example_task_group_decorator.py
[2022-09-07T07:56:36.185+0000] {processor.py:640} INFO - Processing file /home/airflow/.local/lib/python3.7/site-packages/airflow/example_dags/example_task_group_decorator.py for tasks to queue
[2022-09-07T07:56:36.186+0000] {logging_mixin.py:115} INFO - [2022-09-07T07:56:36.186+0000] {dagbag.py:508} INFO - Filling up the DagBag from /home/airflow/.local/lib/python3.7/site-packages/airflow/example_dags/example_task_group_decorator.py
[2022-09-07T07:56:36.200+0000] {processor.py:650} INFO - DAG(s) dict_keys(['example_task_group_decorator']) retrieved from /home/airflow/.local/lib/python3.7/site-packages/airflow/example_dags/example_task_group_decorator.py
[2022-09-07T07:56:36.248+0000] {logging_mixin.py:115} INFO - [2022-09-07T07:56:36.248+0000] {dag.py:2429} INFO - Sync 1 DAGs
[2022-09-07T07:56:36.260+0000] {logging_mixin.py:115} INFO - [2022-09-07T07:56:36.260+0000] {dag.py:2981} INFO - Setting next_dagrun for example_task_group_decorator to 2022-09-06T07:56:36.260316+00:00, run_after=2022-09-07T07:56:36.260316+00:00
[2022-09-07T07:56:36.269+0000] {processor.py:161} INFO - Processing /home/airflow/.local/lib/python3.7/site-packages/airflow/example_dags/example_task_group_decorator.py took 0.088 seconds
[2022-09-07T07:57:06.727+0000] {processor.py:153} INFO - Started process (PID=243) to work on /home/airflow/.local/lib/python3.7/site-packages/airflow/example_dags/example_task_group_decorator.py
[2022-09-07T07:57:06.729+0000] {processor.py:640} INFO - Processing file /home/airflow/.local/lib/python3.7/site-packages/airflow/example_dags/example_task_group_decorator.py for tasks to queue
[2022-09-07T07:57:06.730+0000] {logging_mixin.py:115} INFO - [2022-09-07T07:57:06.730+0000] {dagbag.py:508} INFO - Filling up the DagBag from /home/airflow/.local/lib/python3.7/site-packages/airflow/example_dags/example_task_group_decorator.py
[2022-09-07T07:57:06.746+0000] {processor.py:650} INFO - DAG(s) dict_keys(['example_task_group_decorator']) retrieved from /home/airflow/.local/lib/python3.7/site-packages/airflow/example_dags/example_task_group_decorator.py
[2022-09-07T07:57:06.787+0000] {logging_mixin.py:115} INFO - [2022-09-07T07:57:06.786+0000] {dag.py:2429} INFO - Sync 1 DAGs
[2022-09-07T07:57:06.798+0000] {logging_mixin.py:115} INFO - [2022-09-07T07:57:06.797+0000] {dag.py:2981} INFO - Setting next_dagrun for example_task_group_decorator to 2022-09-06T07:57:06.797859+00:00, run_after=2022-09-07T07:57:06.797859+00:00
[2022-09-07T07:57:06.806+0000] {processor.py:161} INFO - Processing /home/airflow/.local/lib/python3.7/site-packages/airflow/example_dags/example_task_group_decorator.py took 0.082 seconds
[2022-09-07T07:57:37.344+0000] {processor.py:153} INFO - Started process (PID=304) to work on /home/airflow/.local/lib/python3.7/site-packages/airflow/example_dags/example_task_group_decorator.py
[2022-09-07T07:57:37.346+0000] {processor.py:640} INFO - Processing file /home/airflow/.local/lib/python3.7/site-packages/airflow/example_dags/example_task_group_decorator.py for tasks to queue
[2022-09-07T07:57:37.346+0000] {logging_mixin.py:115} INFO - [2022-09-07T07:57:37.346+0000] {dagbag.py:508} INFO - Filling up the DagBag from /home/airflow/.local/lib/python3.7/site-packages/airflow/example_dags/example_task_group_decorator.py
[2022-09-07T07:57:37.360+0000] {processor.py:650} INFO - DAG(s) dict_keys(['example_task_group_decorator']) retrieved from /home/airflow/.local/lib/python3.7/site-packages/airflow/example_dags/example_task_group_decorator.py
[2022-09-07T07:57:37.405+0000] {logging_mixin.py:115} INFO - [2022-09-07T07:57:37.405+0000] {dag.py:2429} INFO - Sync 1 DAGs
[2022-09-07T07:57:37.417+0000] {logging_mixin.py:115} INFO - [2022-09-07T07:57:37.417+0000] {dag.py:2981} INFO - Setting next_dagrun for example_task_group_decorator to 2022-09-06T07:57:37.416915+00:00, run_after=2022-09-07T07:57:37.416915+00:00
[2022-09-07T07:57:37.427+0000] {processor.py:161} INFO - Processing /home/airflow/.local/lib/python3.7/site-packages/airflow/example_dags/example_task_group_decorator.py took 0.085 seconds
[2022-09-07T07:58:08.385+0000] {processor.py:153} INFO - Started process (PID=364) to work on /home/airflow/.local/lib/python3.7/site-packages/airflow/example_dags/example_task_group_decorator.py
[2022-09-07T07:58:08.387+0000] {processor.py:640} INFO - Processing file /home/airflow/.local/lib/python3.7/site-packages/airflow/example_dags/example_task_group_decorator.py for tasks to queue
[2022-09-07T07:58:08.389+0000] {logging_mixin.py:115} INFO - [2022-09-07T07:58:08.389+0000] {dagbag.py:508} INFO - Filling up the DagBag from /home/airflow/.local/lib/python3.7/site-packages/airflow/example_dags/example_task_group_decorator.py
[2022-09-07T07:58:08.411+0000] {processor.py:650} INFO - DAG(s) dict_keys(['example_task_group_decorator']) retrieved from /home/airflow/.local/lib/python3.7/site-packages/airflow/example_dags/example_task_group_decorator.py
[2022-09-07T07:58:08.459+0000] {logging_mixin.py:115} INFO - [2022-09-07T07:58:08.459+0000] {dag.py:2429} INFO - Sync 1 DAGs
[2022-09-07T07:58:08.472+0000] {logging_mixin.py:115} INFO - [2022-09-07T07:58:08.472+0000] {dag.py:2981} INFO - Setting next_dagrun for example_task_group_decorator to 2022-09-06T07:58:08.472372+00:00, run_after=2022-09-07T07:58:08.472372+00:00
[2022-09-07T07:58:08.481+0000] {processor.py:161} INFO - Processing /home/airflow/.local/lib/python3.7/site-packages/airflow/example_dags/example_task_group_decorator.py took 0.099 seconds
[2022-09-07T07:58:38.546+0000] {processor.py:153} INFO - Started process (PID=415) to work on /home/airflow/.local/lib/python3.7/site-packages/airflow/example_dags/example_task_group_decorator.py
[2022-09-07T07:58:38.547+0000] {processor.py:640} INFO - Processing file /home/airflow/.local/lib/python3.7/site-packages/airflow/example_dags/example_task_group_decorator.py for tasks to queue
[2022-09-07T07:58:38.548+0000] {logging_mixin.py:115} INFO - [2022-09-07T07:58:38.548+0000] {dagbag.py:508} INFO - Filling up the DagBag from /home/airflow/.local/lib/python3.7/site-packages/airflow/example_dags/example_task_group_decorator.py
[2022-09-07T07:58:38.562+0000] {processor.py:650} INFO - DAG(s) dict_keys(['example_task_group_decorator']) retrieved from /home/airflow/.local/lib/python3.7/site-packages/airflow/example_dags/example_task_group_decorator.py
[2022-09-07T07:58:38.610+0000] {logging_mixin.py:115} INFO - [2022-09-07T07:58:38.610+0000] {dag.py:2429} INFO - Sync 1 DAGs
[2022-09-07T07:58:38.621+0000] {logging_mixin.py:115} INFO - [2022-09-07T07:58:38.621+0000] {dag.py:2981} INFO - Setting next_dagrun for example_task_group_decorator to 2022-09-06T07:58:38.621727+00:00, run_after=2022-09-07T07:58:38.621727+00:00
[2022-09-07T07:58:38.631+0000] {processor.py:161} INFO - Processing /home/airflow/.local/lib/python3.7/site-packages/airflow/example_dags/example_task_group_decorator.py took 0.088 seconds
[2022-09-07T07:59:09.405+0000] {processor.py:153} INFO - Started process (PID=476) to work on /home/airflow/.local/lib/python3.7/site-packages/airflow/example_dags/example_task_group_decorator.py
[2022-09-07T07:59:09.409+0000] {processor.py:640} INFO - Processing file /home/airflow/.local/lib/python3.7/site-packages/airflow/example_dags/example_task_group_decorator.py for tasks to queue
[2022-09-07T07:59:09.410+0000] {logging_mixin.py:115} INFO - [2022-09-07T07:59:09.410+0000] {dagbag.py:508} INFO - Filling up the DagBag from /home/airflow/.local/lib/python3.7/site-packages/airflow/example_dags/example_task_group_decorator.py
[2022-09-07T07:59:09.425+0000] {processor.py:650} INFO - DAG(s) dict_keys(['example_task_group_decorator']) retrieved from /home/airflow/.local/lib/python3.7/site-packages/airflow/example_dags/example_task_group_decorator.py
[2022-09-07T07:59:09.478+0000] {logging_mixin.py:115} INFO - [2022-09-07T07:59:09.478+0000] {dag.py:2429} INFO - Sync 1 DAGs
[2022-09-07T07:59:09.491+0000] {logging_mixin.py:115} INFO - [2022-09-07T07:59:09.491+0000] {dag.py:2981} INFO - Setting next_dagrun for example_task_group_decorator to 2022-09-06T07:59:09.491565+00:00, run_after=2022-09-07T07:59:09.491565+00:00
[2022-09-07T07:59:09.502+0000] {processor.py:161} INFO - Processing /home/airflow/.local/lib/python3.7/site-packages/airflow/example_dags/example_task_group_decorator.py took 0.100 seconds
[2022-09-07T07:59:40.234+0000] {processor.py:153} INFO - Started process (PID=536) to work on /home/airflow/.local/lib/python3.7/site-packages/airflow/example_dags/example_task_group_decorator.py
[2022-09-07T07:59:40.236+0000] {processor.py:640} INFO - Processing file /home/airflow/.local/lib/python3.7/site-packages/airflow/example_dags/example_task_group_decorator.py for tasks to queue
[2022-09-07T07:59:40.237+0000] {logging_mixin.py:115} INFO - [2022-09-07T07:59:40.237+0000] {dagbag.py:508} INFO - Filling up the DagBag from /home/airflow/.local/lib/python3.7/site-packages/airflow/example_dags/example_task_group_decorator.py
[2022-09-07T07:59:40.252+0000] {processor.py:650} INFO - DAG(s) dict_keys(['example_task_group_decorator']) retrieved from /home/airflow/.local/lib/python3.7/site-packages/airflow/example_dags/example_task_group_decorator.py
[2022-09-07T07:59:40.296+0000] {logging_mixin.py:115} INFO - [2022-09-07T07:59:40.296+0000] {dag.py:2429} INFO - Sync 1 DAGs
[2022-09-07T07:59:40.309+0000] {logging_mixin.py:115} INFO - [2022-09-07T07:59:40.308+0000] {dag.py:2981} INFO - Setting next_dagrun for example_task_group_decorator to 2022-09-06T07:59:40.308773+00:00, run_after=2022-09-07T07:59:40.308773+00:00
[2022-09-07T07:59:40.318+0000] {processor.py:161} INFO - Processing /home/airflow/.local/lib/python3.7/site-packages/airflow/example_dags/example_task_group_decorator.py took 0.086 seconds
[2022-09-07T08:00:11.141+0000] {processor.py:153} INFO - Started process (PID=597) to work on /home/airflow/.local/lib/python3.7/site-packages/airflow/example_dags/example_task_group_decorator.py
[2022-09-07T08:00:11.143+0000] {processor.py:640} INFO - Processing file /home/airflow/.local/lib/python3.7/site-packages/airflow/example_dags/example_task_group_decorator.py for tasks to queue
[2022-09-07T08:00:11.144+0000] {logging_mixin.py:115} INFO - [2022-09-07T08:00:11.144+0000] {dagbag.py:508} INFO - Filling up the DagBag from /home/airflow/.local/lib/python3.7/site-packages/airflow/example_dags/example_task_group_decorator.py
[2022-09-07T08:00:11.158+0000] {processor.py:650} INFO - DAG(s) dict_keys(['example_task_group_decorator']) retrieved from /home/airflow/.local/lib/python3.7/site-packages/airflow/example_dags/example_task_group_decorator.py
[2022-09-07T08:00:11.199+0000] {logging_mixin.py:115} INFO - [2022-09-07T08:00:11.199+0000] {dag.py:2429} INFO - Sync 1 DAGs
[2022-09-07T08:00:11.212+0000] {logging_mixin.py:115} INFO - [2022-09-07T08:00:11.212+0000] {dag.py:2981} INFO - Setting next_dagrun for example_task_group_decorator to 2022-09-06T08:00:11.212216+00:00, run_after=2022-09-07T08:00:11.212216+00:00
[2022-09-07T08:00:11.222+0000] {processor.py:161} INFO - Processing /home/airflow/.local/lib/python3.7/site-packages/airflow/example_dags/example_task_group_decorator.py took 0.083 seconds
[2022-09-07T08:00:42.008+0000] {processor.py:153} INFO - Started process (PID=973) to work on /home/airflow/.local/lib/python3.7/site-packages/airflow/example_dags/example_task_group_decorator.py
[2022-09-07T08:00:42.010+0000] {processor.py:640} INFO - Processing file /home/airflow/.local/lib/python3.7/site-packages/airflow/example_dags/example_task_group_decorator.py for tasks to queue
[2022-09-07T08:00:42.011+0000] {logging_mixin.py:115} INFO - [2022-09-07T08:00:42.011+0000] {dagbag.py:508} INFO - Filling up the DagBag from /home/airflow/.local/lib/python3.7/site-packages/airflow/example_dags/example_task_group_decorator.py
[2022-09-07T08:00:42.026+0000] {processor.py:650} INFO - DAG(s) dict_keys(['example_task_group_decorator']) retrieved from /home/airflow/.local/lib/python3.7/site-packages/airflow/example_dags/example_task_group_decorator.py
[2022-09-07T08:00:42.067+0000] {logging_mixin.py:115} INFO - [2022-09-07T08:00:42.067+0000] {dag.py:2429} INFO - Sync 1 DAGs
[2022-09-07T08:00:42.080+0000] {logging_mixin.py:115} INFO - [2022-09-07T08:00:42.080+0000] {dag.py:2981} INFO - Setting next_dagrun for example_task_group_decorator to 2022-09-06T08:00:42.080675+00:00, run_after=2022-09-07T08:00:42.080675+00:00
[2022-09-07T08:00:42.089+0000] {processor.py:161} INFO - Processing /home/airflow/.local/lib/python3.7/site-packages/airflow/example_dags/example_task_group_decorator.py took 0.083 seconds
[2022-09-07T08:01:12.785+0000] {processor.py:153} INFO - Started process (PID=2124) to work on /home/airflow/.local/lib/python3.7/site-packages/airflow/example_dags/example_task_group_decorator.py
[2022-09-07T08:01:12.789+0000] {processor.py:640} INFO - Processing file /home/airflow/.local/lib/python3.7/site-packages/airflow/example_dags/example_task_group_decorator.py for tasks to queue
[2022-09-07T08:01:12.790+0000] {logging_mixin.py:115} INFO - [2022-09-07T08:01:12.790+0000] {dagbag.py:508} INFO - Filling up the DagBag from /home/airflow/.local/lib/python3.7/site-packages/airflow/example_dags/example_task_group_decorator.py
[2022-09-07T08:01:12.814+0000] {processor.py:650} INFO - DAG(s) dict_keys(['example_task_group_decorator']) retrieved from /home/airflow/.local/lib/python3.7/site-packages/airflow/example_dags/example_task_group_decorator.py
[2022-09-07T08:01:12.858+0000] {logging_mixin.py:115} INFO - [2022-09-07T08:01:12.857+0000] {dag.py:2429} INFO - Sync 1 DAGs
[2022-09-07T08:01:12.869+0000] {logging_mixin.py:115} INFO - [2022-09-07T08:01:12.869+0000] {dag.py:2981} INFO - Setting next_dagrun for example_task_group_decorator to 2022-09-06T08:01:12.869168+00:00, run_after=2022-09-07T08:01:12.869168+00:00
[2022-09-07T08:01:12.877+0000] {processor.py:161} INFO - Processing /home/airflow/.local/lib/python3.7/site-packages/airflow/example_dags/example_task_group_decorator.py took 0.096 seconds
[2022-09-07T08:01:43.555+0000] {processor.py:153} INFO - Started process (PID=2349) to work on /home/airflow/.local/lib/python3.7/site-packages/airflow/example_dags/example_task_group_decorator.py
[2022-09-07T08:01:43.556+0000] {processor.py:640} INFO - Processing file /home/airflow/.local/lib/python3.7/site-packages/airflow/example_dags/example_task_group_decorator.py for tasks to queue
[2022-09-07T08:01:43.557+0000] {logging_mixin.py:115} INFO - [2022-09-07T08:01:43.557+0000] {dagbag.py:508} INFO - Filling up the DagBag from /home/airflow/.local/lib/python3.7/site-packages/airflow/example_dags/example_task_group_decorator.py
[2022-09-07T08:01:43.572+0000] {processor.py:650} INFO - DAG(s) dict_keys(['example_task_group_decorator']) retrieved from /home/airflow/.local/lib/python3.7/site-packages/airflow/example_dags/example_task_group_decorator.py
[2022-09-07T08:01:43.630+0000] {logging_mixin.py:115} INFO - [2022-09-07T08:01:43.630+0000] {dag.py:2429} INFO - Sync 1 DAGs
[2022-09-07T08:01:43.646+0000] {logging_mixin.py:115} INFO - [2022-09-07T08:01:43.646+0000] {dag.py:2981} INFO - Setting next_dagrun for example_task_group_decorator to 2022-09-06T08:01:43.646363+00:00, run_after=2022-09-07T08:01:43.646363+00:00
[2022-09-07T08:01:43.656+0000] {processor.py:161} INFO - Processing /home/airflow/.local/lib/python3.7/site-packages/airflow/example_dags/example_task_group_decorator.py took 0.104 seconds
[2022-09-07T08:02:14.332+0000] {processor.py:153} INFO - Started process (PID=2411) to work on /home/airflow/.local/lib/python3.7/site-packages/airflow/example_dags/example_task_group_decorator.py
[2022-09-07T08:02:14.333+0000] {processor.py:640} INFO - Processing file /home/airflow/.local/lib/python3.7/site-packages/airflow/example_dags/example_task_group_decorator.py for tasks to queue
[2022-09-07T08:02:14.335+0000] {logging_mixin.py:115} INFO - [2022-09-07T08:02:14.335+0000] {dagbag.py:508} INFO - Filling up the DagBag from /home/airflow/.local/lib/python3.7/site-packages/airflow/example_dags/example_task_group_decorator.py
[2022-09-07T08:02:14.349+0000] {processor.py:650} INFO - DAG(s) dict_keys(['example_task_group_decorator']) retrieved from /home/airflow/.local/lib/python3.7/site-packages/airflow/example_dags/example_task_group_decorator.py
[2022-09-07T08:02:14.398+0000] {logging_mixin.py:115} INFO - [2022-09-07T08:02:14.398+0000] {dag.py:2429} INFO - Sync 1 DAGs
[2022-09-07T08:02:14.411+0000] {logging_mixin.py:115} INFO - [2022-09-07T08:02:14.411+0000] {dag.py:2981} INFO - Setting next_dagrun for example_task_group_decorator to 2022-09-06T08:02:14.411437+00:00, run_after=2022-09-07T08:02:14.411437+00:00
[2022-09-07T08:02:14.421+0000] {processor.py:161} INFO - Processing /home/airflow/.local/lib/python3.7/site-packages/airflow/example_dags/example_task_group_decorator.py took 0.092 seconds
[2022-09-07T08:02:45.201+0000] {processor.py:153} INFO - Started process (PID=2471) to work on /home/airflow/.local/lib/python3.7/site-packages/airflow/example_dags/example_task_group_decorator.py
[2022-09-07T08:02:45.202+0000] {processor.py:640} INFO - Processing file /home/airflow/.local/lib/python3.7/site-packages/airflow/example_dags/example_task_group_decorator.py for tasks to queue
[2022-09-07T08:02:45.204+0000] {logging_mixin.py:115} INFO - [2022-09-07T08:02:45.203+0000] {dagbag.py:508} INFO - Filling up the DagBag from /home/airflow/.local/lib/python3.7/site-packages/airflow/example_dags/example_task_group_decorator.py
[2022-09-07T08:02:45.218+0000] {processor.py:650} INFO - DAG(s) dict_keys(['example_task_group_decorator']) retrieved from /home/airflow/.local/lib/python3.7/site-packages/airflow/example_dags/example_task_group_decorator.py
[2022-09-07T08:02:45.261+0000] {logging_mixin.py:115} INFO - [2022-09-07T08:02:45.261+0000] {dag.py:2429} INFO - Sync 1 DAGs
[2022-09-07T08:02:45.273+0000] {logging_mixin.py:115} INFO - [2022-09-07T08:02:45.273+0000] {dag.py:2981} INFO - Setting next_dagrun for example_task_group_decorator to 2022-09-06T08:02:45.273340+00:00, run_after=2022-09-07T08:02:45.273340+00:00
[2022-09-07T08:02:45.283+0000] {processor.py:161} INFO - Processing /home/airflow/.local/lib/python3.7/site-packages/airflow/example_dags/example_task_group_decorator.py took 0.084 seconds
[2022-09-07T08:03:15.963+0000] {processor.py:153} INFO - Started process (PID=2531) to work on /home/airflow/.local/lib/python3.7/site-packages/airflow/example_dags/example_task_group_decorator.py
[2022-09-07T08:03:15.964+0000] {processor.py:640} INFO - Processing file /home/airflow/.local/lib/python3.7/site-packages/airflow/example_dags/example_task_group_decorator.py for tasks to queue
[2022-09-07T08:03:15.965+0000] {logging_mixin.py:115} INFO - [2022-09-07T08:03:15.965+0000] {dagbag.py:508} INFO - Filling up the DagBag from /home/airflow/.local/lib/python3.7/site-packages/airflow/example_dags/example_task_group_decorator.py
[2022-09-07T08:03:15.980+0000] {processor.py:650} INFO - DAG(s) dict_keys(['example_task_group_decorator']) retrieved from /home/airflow/.local/lib/python3.7/site-packages/airflow/example_dags/example_task_group_decorator.py
[2022-09-07T08:03:16.020+0000] {logging_mixin.py:115} INFO - [2022-09-07T08:03:16.020+0000] {dag.py:2429} INFO - Sync 1 DAGs
[2022-09-07T08:03:16.031+0000] {logging_mixin.py:115} INFO - [2022-09-07T08:03:16.031+0000] {dag.py:2981} INFO - Setting next_dagrun for example_task_group_decorator to 2022-09-06T08:03:16.031589+00:00, run_after=2022-09-07T08:03:16.031589+00:00
[2022-09-07T08:03:16.040+0000] {processor.py:161} INFO - Processing /home/airflow/.local/lib/python3.7/site-packages/airflow/example_dags/example_task_group_decorator.py took 0.079 seconds
[2022-09-07T08:03:46.689+0000] {processor.py:153} INFO - Started process (PID=2592) to work on /home/airflow/.local/lib/python3.7/site-packages/airflow/example_dags/example_task_group_decorator.py
[2022-09-07T08:03:46.691+0000] {processor.py:640} INFO - Processing file /home/airflow/.local/lib/python3.7/site-packages/airflow/example_dags/example_task_group_decorator.py for tasks to queue
[2022-09-07T08:03:46.692+0000] {logging_mixin.py:115} INFO - [2022-09-07T08:03:46.692+0000] {dagbag.py:508} INFO - Filling up the DagBag from /home/airflow/.local/lib/python3.7/site-packages/airflow/example_dags/example_task_group_decorator.py
[2022-09-07T08:03:46.707+0000] {processor.py:650} INFO - DAG(s) dict_keys(['example_task_group_decorator']) retrieved from /home/airflow/.local/lib/python3.7/site-packages/airflow/example_dags/example_task_group_decorator.py
[2022-09-07T08:03:46.751+0000] {logging_mixin.py:115} INFO - [2022-09-07T08:03:46.751+0000] {dag.py:2429} INFO - Sync 1 DAGs
[2022-09-07T08:03:46.763+0000] {logging_mixin.py:115} INFO - [2022-09-07T08:03:46.763+0000] {dag.py:2981} INFO - Setting next_dagrun for example_task_group_decorator to 2022-09-06T08:03:46.763300+00:00, run_after=2022-09-07T08:03:46.763300+00:00
[2022-09-07T08:03:46.773+0000] {processor.py:161} INFO - Processing /home/airflow/.local/lib/python3.7/site-packages/airflow/example_dags/example_task_group_decorator.py took 0.087 seconds
[2022-09-07T08:04:17.452+0000] {processor.py:153} INFO - Started process (PID=2653) to work on /home/airflow/.local/lib/python3.7/site-packages/airflow/example_dags/example_task_group_decorator.py
[2022-09-07T08:04:17.453+0000] {processor.py:640} INFO - Processing file /home/airflow/.local/lib/python3.7/site-packages/airflow/example_dags/example_task_group_decorator.py for tasks to queue
[2022-09-07T08:04:17.455+0000] {logging_mixin.py:115} INFO - [2022-09-07T08:04:17.455+0000] {dagbag.py:508} INFO - Filling up the DagBag from /home/airflow/.local/lib/python3.7/site-packages/airflow/example_dags/example_task_group_decorator.py
[2022-09-07T08:04:17.470+0000] {processor.py:650} INFO - DAG(s) dict_keys(['example_task_group_decorator']) retrieved from /home/airflow/.local/lib/python3.7/site-packages/airflow/example_dags/example_task_group_decorator.py
[2022-09-07T08:04:17.515+0000] {logging_mixin.py:115} INFO - [2022-09-07T08:04:17.514+0000] {dag.py:2429} INFO - Sync 1 DAGs
[2022-09-07T08:04:17.526+0000] {logging_mixin.py:115} INFO - [2022-09-07T08:04:17.526+0000] {dag.py:2981} INFO - Setting next_dagrun for example_task_group_decorator to 2022-09-06T08:04:17.526392+00:00, run_after=2022-09-07T08:04:17.526392+00:00
[2022-09-07T08:04:17.535+0000] {processor.py:161} INFO - Processing /home/airflow/.local/lib/python3.7/site-packages/airflow/example_dags/example_task_group_decorator.py took 0.086 seconds
[2022-09-07T16:21:02.155+0000] {processor.py:153} INFO - Started process (PID=77) to work on /home/airflow/.local/lib/python3.7/site-packages/airflow/example_dags/example_task_group_decorator.py
[2022-09-07T16:21:02.157+0000] {processor.py:640} INFO - Processing file /home/airflow/.local/lib/python3.7/site-packages/airflow/example_dags/example_task_group_decorator.py for tasks to queue
[2022-09-07T16:21:02.158+0000] {logging_mixin.py:115} INFO - [2022-09-07T16:21:02.158+0000] {dagbag.py:508} INFO - Filling up the DagBag from /home/airflow/.local/lib/python3.7/site-packages/airflow/example_dags/example_task_group_decorator.py
[2022-09-07T16:21:02.175+0000] {processor.py:650} INFO - DAG(s) dict_keys(['example_task_group_decorator']) retrieved from /home/airflow/.local/lib/python3.7/site-packages/airflow/example_dags/example_task_group_decorator.py
[2022-09-07T16:21:02.224+0000] {logging_mixin.py:115} INFO - [2022-09-07T16:21:02.224+0000] {dag.py:2429} INFO - Sync 1 DAGs
[2022-09-07T16:21:02.236+0000] {logging_mixin.py:115} INFO - [2022-09-07T16:21:02.236+0000] {dag.py:2981} INFO - Setting next_dagrun for example_task_group_decorator to 2022-09-06T16:21:02.235902+00:00, run_after=2022-09-07T16:21:02.235902+00:00
[2022-09-07T16:21:02.245+0000] {processor.py:161} INFO - Processing /home/airflow/.local/lib/python3.7/site-packages/airflow/example_dags/example_task_group_decorator.py took 0.093 seconds
[2022-09-07T16:21:32.762+0000] {processor.py:153} INFO - Started process (PID=137) to work on /home/airflow/.local/lib/python3.7/site-packages/airflow/example_dags/example_task_group_decorator.py
[2022-09-07T16:21:32.763+0000] {processor.py:640} INFO - Processing file /home/airflow/.local/lib/python3.7/site-packages/airflow/example_dags/example_task_group_decorator.py for tasks to queue
[2022-09-07T16:21:32.765+0000] {logging_mixin.py:115} INFO - [2022-09-07T16:21:32.765+0000] {dagbag.py:508} INFO - Filling up the DagBag from /home/airflow/.local/lib/python3.7/site-packages/airflow/example_dags/example_task_group_decorator.py
[2022-09-07T16:21:32.781+0000] {processor.py:650} INFO - DAG(s) dict_keys(['example_task_group_decorator']) retrieved from /home/airflow/.local/lib/python3.7/site-packages/airflow/example_dags/example_task_group_decorator.py
[2022-09-07T16:21:32.826+0000] {logging_mixin.py:115} INFO - [2022-09-07T16:21:32.826+0000] {dag.py:2429} INFO - Sync 1 DAGs
[2022-09-07T16:21:32.842+0000] {logging_mixin.py:115} INFO - [2022-09-07T16:21:32.842+0000] {dag.py:2981} INFO - Setting next_dagrun for example_task_group_decorator to 2022-09-06T16:21:32.842708+00:00, run_after=2022-09-07T16:21:32.842708+00:00
[2022-09-07T16:21:32.852+0000] {processor.py:161} INFO - Processing /home/airflow/.local/lib/python3.7/site-packages/airflow/example_dags/example_task_group_decorator.py took 0.093 seconds
[2022-09-07T16:22:03.840+0000] {processor.py:153} INFO - Started process (PID=605) to work on /home/airflow/.local/lib/python3.7/site-packages/airflow/example_dags/example_task_group_decorator.py
[2022-09-07T16:22:03.842+0000] {processor.py:640} INFO - Processing file /home/airflow/.local/lib/python3.7/site-packages/airflow/example_dags/example_task_group_decorator.py for tasks to queue
[2022-09-07T16:22:03.843+0000] {logging_mixin.py:115} INFO - [2022-09-07T16:22:03.843+0000] {dagbag.py:508} INFO - Filling up the DagBag from /home/airflow/.local/lib/python3.7/site-packages/airflow/example_dags/example_task_group_decorator.py
[2022-09-07T16:22:03.867+0000] {processor.py:650} INFO - DAG(s) dict_keys(['example_task_group_decorator']) retrieved from /home/airflow/.local/lib/python3.7/site-packages/airflow/example_dags/example_task_group_decorator.py
[2022-09-07T16:22:03.933+0000] {logging_mixin.py:115} INFO - [2022-09-07T16:22:03.933+0000] {dag.py:2429} INFO - Sync 1 DAGs
[2022-09-07T16:22:03.949+0000] {logging_mixin.py:115} INFO - [2022-09-07T16:22:03.949+0000] {dag.py:2981} INFO - Setting next_dagrun for example_task_group_decorator to 2022-09-06T16:22:03.948953+00:00, run_after=2022-09-07T16:22:03.948953+00:00
[2022-09-07T16:22:03.960+0000] {processor.py:161} INFO - Processing /home/airflow/.local/lib/python3.7/site-packages/airflow/example_dags/example_task_group_decorator.py took 0.123 seconds
[2022-09-07T16:22:34.599+0000] {processor.py:153} INFO - Started process (PID=1302) to work on /home/airflow/.local/lib/python3.7/site-packages/airflow/example_dags/example_task_group_decorator.py
[2022-09-07T16:22:34.601+0000] {processor.py:640} INFO - Processing file /home/airflow/.local/lib/python3.7/site-packages/airflow/example_dags/example_task_group_decorator.py for tasks to queue
[2022-09-07T16:22:34.602+0000] {logging_mixin.py:115} INFO - [2022-09-07T16:22:34.602+0000] {dagbag.py:508} INFO - Filling up the DagBag from /home/airflow/.local/lib/python3.7/site-packages/airflow/example_dags/example_task_group_decorator.py
[2022-09-07T16:22:34.618+0000] {processor.py:650} INFO - DAG(s) dict_keys(['example_task_group_decorator']) retrieved from /home/airflow/.local/lib/python3.7/site-packages/airflow/example_dags/example_task_group_decorator.py
[2022-09-07T16:22:34.661+0000] {logging_mixin.py:115} INFO - [2022-09-07T16:22:34.661+0000] {dag.py:2429} INFO - Sync 1 DAGs
[2022-09-07T16:22:34.673+0000] {logging_mixin.py:115} INFO - [2022-09-07T16:22:34.673+0000] {dag.py:2981} INFO - Setting next_dagrun for example_task_group_decorator to 2022-09-06T16:22:34.673033+00:00, run_after=2022-09-07T16:22:34.673033+00:00
[2022-09-07T16:22:34.683+0000] {processor.py:161} INFO - Processing /home/airflow/.local/lib/python3.7/site-packages/airflow/example_dags/example_task_group_decorator.py took 0.086 seconds
[2022-09-07T16:23:05.417+0000] {processor.py:153} INFO - Started process (PID=1849) to work on /home/airflow/.local/lib/python3.7/site-packages/airflow/example_dags/example_task_group_decorator.py
[2022-09-07T16:23:05.419+0000] {processor.py:640} INFO - Processing file /home/airflow/.local/lib/python3.7/site-packages/airflow/example_dags/example_task_group_decorator.py for tasks to queue
[2022-09-07T16:23:05.420+0000] {logging_mixin.py:115} INFO - [2022-09-07T16:23:05.420+0000] {dagbag.py:508} INFO - Filling up the DagBag from /home/airflow/.local/lib/python3.7/site-packages/airflow/example_dags/example_task_group_decorator.py
[2022-09-07T16:23:05.435+0000] {processor.py:650} INFO - DAG(s) dict_keys(['example_task_group_decorator']) retrieved from /home/airflow/.local/lib/python3.7/site-packages/airflow/example_dags/example_task_group_decorator.py
[2022-09-07T16:23:05.483+0000] {logging_mixin.py:115} INFO - [2022-09-07T16:23:05.483+0000] {dag.py:2429} INFO - Sync 1 DAGs
[2022-09-07T16:23:05.499+0000] {logging_mixin.py:115} INFO - [2022-09-07T16:23:05.499+0000] {dag.py:2981} INFO - Setting next_dagrun for example_task_group_decorator to 2022-09-06T16:23:05.498854+00:00, run_after=2022-09-07T16:23:05.498854+00:00
[2022-09-07T16:23:05.509+0000] {processor.py:161} INFO - Processing /home/airflow/.local/lib/python3.7/site-packages/airflow/example_dags/example_task_group_decorator.py took 0.094 seconds
[2022-09-07T16:23:36.165+0000] {processor.py:153} INFO - Started process (PID=2209) to work on /home/airflow/.local/lib/python3.7/site-packages/airflow/example_dags/example_task_group_decorator.py
[2022-09-07T16:23:36.171+0000] {processor.py:640} INFO - Processing file /home/airflow/.local/lib/python3.7/site-packages/airflow/example_dags/example_task_group_decorator.py for tasks to queue
[2022-09-07T16:23:36.172+0000] {logging_mixin.py:115} INFO - [2022-09-07T16:23:36.172+0000] {dagbag.py:508} INFO - Filling up the DagBag from /home/airflow/.local/lib/python3.7/site-packages/airflow/example_dags/example_task_group_decorator.py
[2022-09-07T16:23:36.188+0000] {processor.py:650} INFO - DAG(s) dict_keys(['example_task_group_decorator']) retrieved from /home/airflow/.local/lib/python3.7/site-packages/airflow/example_dags/example_task_group_decorator.py
[2022-09-07T16:23:36.209+0000] {logging_mixin.py:115} INFO - [2022-09-07T16:23:36.209+0000] {dag.py:2429} INFO - Sync 1 DAGs
[2022-09-07T16:23:36.223+0000] {logging_mixin.py:115} INFO - [2022-09-07T16:23:36.222+0000] {dag.py:2981} INFO - Setting next_dagrun for example_task_group_decorator to 2022-09-06T16:23:36.222782+00:00, run_after=2022-09-07T16:23:36.222782+00:00
[2022-09-07T16:23:36.235+0000] {processor.py:161} INFO - Processing /home/airflow/.local/lib/python3.7/site-packages/airflow/example_dags/example_task_group_decorator.py took 0.072 seconds
[2022-09-07T16:24:06.791+0000] {processor.py:153} INFO - Started process (PID=2586) to work on /home/airflow/.local/lib/python3.7/site-packages/airflow/example_dags/example_task_group_decorator.py
[2022-09-07T16:24:06.793+0000] {processor.py:640} INFO - Processing file /home/airflow/.local/lib/python3.7/site-packages/airflow/example_dags/example_task_group_decorator.py for tasks to queue
[2022-09-07T16:24:06.794+0000] {logging_mixin.py:115} INFO - [2022-09-07T16:24:06.794+0000] {dagbag.py:508} INFO - Filling up the DagBag from /home/airflow/.local/lib/python3.7/site-packages/airflow/example_dags/example_task_group_decorator.py
[2022-09-07T16:24:06.815+0000] {processor.py:650} INFO - DAG(s) dict_keys(['example_task_group_decorator']) retrieved from /home/airflow/.local/lib/python3.7/site-packages/airflow/example_dags/example_task_group_decorator.py
[2022-09-07T16:24:06.835+0000] {logging_mixin.py:115} INFO - [2022-09-07T16:24:06.835+0000] {dag.py:2429} INFO - Sync 1 DAGs
[2022-09-07T16:24:06.849+0000] {logging_mixin.py:115} INFO - [2022-09-07T16:24:06.849+0000] {dag.py:2981} INFO - Setting next_dagrun for example_task_group_decorator to 2022-09-06T16:24:06.849352+00:00, run_after=2022-09-07T16:24:06.849352+00:00
[2022-09-07T16:24:06.861+0000] {processor.py:161} INFO - Processing /home/airflow/.local/lib/python3.7/site-packages/airflow/example_dags/example_task_group_decorator.py took 0.073 seconds
[2022-09-07T16:24:37.454+0000] {processor.py:153} INFO - Started process (PID=2946) to work on /home/airflow/.local/lib/python3.7/site-packages/airflow/example_dags/example_task_group_decorator.py
[2022-09-07T16:24:37.456+0000] {processor.py:640} INFO - Processing file /home/airflow/.local/lib/python3.7/site-packages/airflow/example_dags/example_task_group_decorator.py for tasks to queue
[2022-09-07T16:24:37.457+0000] {logging_mixin.py:115} INFO - [2022-09-07T16:24:37.457+0000] {dagbag.py:508} INFO - Filling up the DagBag from /home/airflow/.local/lib/python3.7/site-packages/airflow/example_dags/example_task_group_decorator.py
[2022-09-07T16:24:37.471+0000] {processor.py:650} INFO - DAG(s) dict_keys(['example_task_group_decorator']) retrieved from /home/airflow/.local/lib/python3.7/site-packages/airflow/example_dags/example_task_group_decorator.py
[2022-09-07T16:24:37.516+0000] {logging_mixin.py:115} INFO - [2022-09-07T16:24:37.516+0000] {dag.py:2429} INFO - Sync 1 DAGs
[2022-09-07T16:24:37.530+0000] {logging_mixin.py:115} INFO - [2022-09-07T16:24:37.530+0000] {dag.py:2981} INFO - Setting next_dagrun for example_task_group_decorator to 2022-09-06T16:24:37.530173+00:00, run_after=2022-09-07T16:24:37.530173+00:00
[2022-09-07T16:24:37.543+0000] {processor.py:161} INFO - Processing /home/airflow/.local/lib/python3.7/site-packages/airflow/example_dags/example_task_group_decorator.py took 0.092 seconds
[2022-09-07T16:25:07.755+0000] {processor.py:153} INFO - Started process (PID=3261) to work on /home/airflow/.local/lib/python3.7/site-packages/airflow/example_dags/example_task_group_decorator.py
[2022-09-07T16:25:07.758+0000] {processor.py:640} INFO - Processing file /home/airflow/.local/lib/python3.7/site-packages/airflow/example_dags/example_task_group_decorator.py for tasks to queue
[2022-09-07T16:25:07.761+0000] {logging_mixin.py:115} INFO - [2022-09-07T16:25:07.761+0000] {dagbag.py:508} INFO - Filling up the DagBag from /home/airflow/.local/lib/python3.7/site-packages/airflow/example_dags/example_task_group_decorator.py
[2022-09-07T16:25:07.806+0000] {processor.py:650} INFO - DAG(s) dict_keys(['example_task_group_decorator']) retrieved from /home/airflow/.local/lib/python3.7/site-packages/airflow/example_dags/example_task_group_decorator.py
[2022-09-07T16:25:07.854+0000] {logging_mixin.py:115} INFO - [2022-09-07T16:25:07.854+0000] {dag.py:2429} INFO - Sync 1 DAGs
[2022-09-07T16:25:07.872+0000] {logging_mixin.py:115} INFO - [2022-09-07T16:25:07.871+0000] {dag.py:2981} INFO - Setting next_dagrun for example_task_group_decorator to 2022-09-06T16:25:07.871724+00:00, run_after=2022-09-07T16:25:07.871724+00:00
[2022-09-07T16:25:07.896+0000] {processor.py:161} INFO - Processing /home/airflow/.local/lib/python3.7/site-packages/airflow/example_dags/example_task_group_decorator.py took 0.146 seconds
[2022-09-07T16:25:37.954+0000] {processor.py:153} INFO - Started process (PID=3322) to work on /home/airflow/.local/lib/python3.7/site-packages/airflow/example_dags/example_task_group_decorator.py
[2022-09-07T16:25:37.956+0000] {processor.py:640} INFO - Processing file /home/airflow/.local/lib/python3.7/site-packages/airflow/example_dags/example_task_group_decorator.py for tasks to queue
[2022-09-07T16:25:37.957+0000] {logging_mixin.py:115} INFO - [2022-09-07T16:25:37.957+0000] {dagbag.py:508} INFO - Filling up the DagBag from /home/airflow/.local/lib/python3.7/site-packages/airflow/example_dags/example_task_group_decorator.py
[2022-09-07T16:25:37.973+0000] {processor.py:650} INFO - DAG(s) dict_keys(['example_task_group_decorator']) retrieved from /home/airflow/.local/lib/python3.7/site-packages/airflow/example_dags/example_task_group_decorator.py
[2022-09-07T16:25:38.015+0000] {logging_mixin.py:115} INFO - [2022-09-07T16:25:38.015+0000] {dag.py:2429} INFO - Sync 1 DAGs
[2022-09-07T16:25:38.027+0000] {logging_mixin.py:115} INFO - [2022-09-07T16:25:38.027+0000] {dag.py:2981} INFO - Setting next_dagrun for example_task_group_decorator to 2022-09-06T16:25:38.027497+00:00, run_after=2022-09-07T16:25:38.027497+00:00
[2022-09-07T16:25:38.038+0000] {processor.py:161} INFO - Processing /home/airflow/.local/lib/python3.7/site-packages/airflow/example_dags/example_task_group_decorator.py took 0.086 seconds
[2022-09-07T16:26:08.137+0000] {processor.py:153} INFO - Started process (PID=3384) to work on /home/airflow/.local/lib/python3.7/site-packages/airflow/example_dags/example_task_group_decorator.py
[2022-09-07T16:26:08.139+0000] {processor.py:640} INFO - Processing file /home/airflow/.local/lib/python3.7/site-packages/airflow/example_dags/example_task_group_decorator.py for tasks to queue
[2022-09-07T16:26:08.140+0000] {logging_mixin.py:115} INFO - [2022-09-07T16:26:08.140+0000] {dagbag.py:508} INFO - Filling up the DagBag from /home/airflow/.local/lib/python3.7/site-packages/airflow/example_dags/example_task_group_decorator.py
[2022-09-07T16:26:08.155+0000] {processor.py:650} INFO - DAG(s) dict_keys(['example_task_group_decorator']) retrieved from /home/airflow/.local/lib/python3.7/site-packages/airflow/example_dags/example_task_group_decorator.py
[2022-09-07T16:26:08.200+0000] {logging_mixin.py:115} INFO - [2022-09-07T16:26:08.200+0000] {dag.py:2429} INFO - Sync 1 DAGs
[2022-09-07T16:26:08.214+0000] {logging_mixin.py:115} INFO - [2022-09-07T16:26:08.214+0000] {dag.py:2981} INFO - Setting next_dagrun for example_task_group_decorator to 2022-09-06T16:26:08.213969+00:00, run_after=2022-09-07T16:26:08.213969+00:00
[2022-09-07T16:26:08.224+0000] {processor.py:161} INFO - Processing /home/airflow/.local/lib/python3.7/site-packages/airflow/example_dags/example_task_group_decorator.py took 0.090 seconds
[2022-09-07T16:26:39.397+0000] {processor.py:153} INFO - Started process (PID=3436) to work on /home/airflow/.local/lib/python3.7/site-packages/airflow/example_dags/example_task_group_decorator.py
[2022-09-07T16:26:39.399+0000] {processor.py:640} INFO - Processing file /home/airflow/.local/lib/python3.7/site-packages/airflow/example_dags/example_task_group_decorator.py for tasks to queue
[2022-09-07T16:26:39.401+0000] {logging_mixin.py:115} INFO - [2022-09-07T16:26:39.401+0000] {dagbag.py:508} INFO - Filling up the DagBag from /home/airflow/.local/lib/python3.7/site-packages/airflow/example_dags/example_task_group_decorator.py
[2022-09-07T16:26:39.438+0000] {processor.py:650} INFO - DAG(s) dict_keys(['example_task_group_decorator']) retrieved from /home/airflow/.local/lib/python3.7/site-packages/airflow/example_dags/example_task_group_decorator.py
[2022-09-07T16:26:39.494+0000] {logging_mixin.py:115} INFO - [2022-09-07T16:26:39.494+0000] {dag.py:2429} INFO - Sync 1 DAGs
[2022-09-07T16:26:39.551+0000] {logging_mixin.py:115} INFO - [2022-09-07T16:26:39.551+0000] {dag.py:2981} INFO - Setting next_dagrun for example_task_group_decorator to 2022-09-06T16:26:39.551373+00:00, run_after=2022-09-07T16:26:39.551373+00:00
[2022-09-07T16:26:39.660+0000] {processor.py:161} INFO - Processing /home/airflow/.local/lib/python3.7/site-packages/airflow/example_dags/example_task_group_decorator.py took 0.267 seconds
[2022-09-07T16:27:10.624+0000] {processor.py:153} INFO - Started process (PID=3497) to work on /home/airflow/.local/lib/python3.7/site-packages/airflow/example_dags/example_task_group_decorator.py
[2022-09-07T16:27:10.626+0000] {processor.py:640} INFO - Processing file /home/airflow/.local/lib/python3.7/site-packages/airflow/example_dags/example_task_group_decorator.py for tasks to queue
[2022-09-07T16:27:10.628+0000] {logging_mixin.py:115} INFO - [2022-09-07T16:27:10.628+0000] {dagbag.py:508} INFO - Filling up the DagBag from /home/airflow/.local/lib/python3.7/site-packages/airflow/example_dags/example_task_group_decorator.py
[2022-09-07T16:27:10.647+0000] {processor.py:650} INFO - DAG(s) dict_keys(['example_task_group_decorator']) retrieved from /home/airflow/.local/lib/python3.7/site-packages/airflow/example_dags/example_task_group_decorator.py
[2022-09-07T16:27:10.690+0000] {logging_mixin.py:115} INFO - [2022-09-07T16:27:10.690+0000] {dag.py:2429} INFO - Sync 1 DAGs
[2022-09-07T16:27:10.703+0000] {logging_mixin.py:115} INFO - [2022-09-07T16:27:10.703+0000] {dag.py:2981} INFO - Setting next_dagrun for example_task_group_decorator to 2022-09-06T16:27:10.702849+00:00, run_after=2022-09-07T16:27:10.702849+00:00
[2022-09-07T16:27:10.714+0000] {processor.py:161} INFO - Processing /home/airflow/.local/lib/python3.7/site-packages/airflow/example_dags/example_task_group_decorator.py took 0.094 seconds
[2022-09-07T16:27:41.373+0000] {processor.py:153} INFO - Started process (PID=3559) to work on /home/airflow/.local/lib/python3.7/site-packages/airflow/example_dags/example_task_group_decorator.py
[2022-09-07T16:27:41.374+0000] {processor.py:640} INFO - Processing file /home/airflow/.local/lib/python3.7/site-packages/airflow/example_dags/example_task_group_decorator.py for tasks to queue
[2022-09-07T16:27:41.378+0000] {logging_mixin.py:115} INFO - [2022-09-07T16:27:41.378+0000] {dagbag.py:508} INFO - Filling up the DagBag from /home/airflow/.local/lib/python3.7/site-packages/airflow/example_dags/example_task_group_decorator.py
[2022-09-07T16:27:41.399+0000] {processor.py:650} INFO - DAG(s) dict_keys(['example_task_group_decorator']) retrieved from /home/airflow/.local/lib/python3.7/site-packages/airflow/example_dags/example_task_group_decorator.py
[2022-09-07T16:27:41.442+0000] {logging_mixin.py:115} INFO - [2022-09-07T16:27:41.442+0000] {dag.py:2429} INFO - Sync 1 DAGs
[2022-09-07T16:27:41.455+0000] {logging_mixin.py:115} INFO - [2022-09-07T16:27:41.455+0000] {dag.py:2981} INFO - Setting next_dagrun for example_task_group_decorator to 2022-09-06T16:27:41.455734+00:00, run_after=2022-09-07T16:27:41.455734+00:00
[2022-09-07T16:27:41.467+0000] {processor.py:161} INFO - Processing /home/airflow/.local/lib/python3.7/site-packages/airflow/example_dags/example_task_group_decorator.py took 0.097 seconds
[2022-09-07T16:28:12.073+0000] {processor.py:153} INFO - Started process (PID=3620) to work on /home/airflow/.local/lib/python3.7/site-packages/airflow/example_dags/example_task_group_decorator.py
[2022-09-07T16:28:12.075+0000] {processor.py:640} INFO - Processing file /home/airflow/.local/lib/python3.7/site-packages/airflow/example_dags/example_task_group_decorator.py for tasks to queue
[2022-09-07T16:28:12.077+0000] {logging_mixin.py:115} INFO - [2022-09-07T16:28:12.077+0000] {dagbag.py:508} INFO - Filling up the DagBag from /home/airflow/.local/lib/python3.7/site-packages/airflow/example_dags/example_task_group_decorator.py
[2022-09-07T16:28:12.093+0000] {processor.py:650} INFO - DAG(s) dict_keys(['example_task_group_decorator']) retrieved from /home/airflow/.local/lib/python3.7/site-packages/airflow/example_dags/example_task_group_decorator.py
[2022-09-07T16:28:12.134+0000] {logging_mixin.py:115} INFO - [2022-09-07T16:28:12.134+0000] {dag.py:2429} INFO - Sync 1 DAGs
[2022-09-07T16:28:12.146+0000] {logging_mixin.py:115} INFO - [2022-09-07T16:28:12.146+0000] {dag.py:2981} INFO - Setting next_dagrun for example_task_group_decorator to 2022-09-06T16:28:12.146154+00:00, run_after=2022-09-07T16:28:12.146154+00:00
[2022-09-07T16:28:12.157+0000] {processor.py:161} INFO - Processing /home/airflow/.local/lib/python3.7/site-packages/airflow/example_dags/example_task_group_decorator.py took 0.086 seconds
[2022-09-07T16:29:20.522+0000] {processor.py:153} INFO - Started process (PID=68) to work on /home/airflow/.local/lib/python3.7/site-packages/airflow/example_dags/example_task_group_decorator.py
[2022-09-07T16:29:20.525+0000] {processor.py:640} INFO - Processing file /home/airflow/.local/lib/python3.7/site-packages/airflow/example_dags/example_task_group_decorator.py for tasks to queue
[2022-09-07T16:29:20.527+0000] {logging_mixin.py:115} INFO - [2022-09-07T16:29:20.527+0000] {dagbag.py:508} INFO - Filling up the DagBag from /home/airflow/.local/lib/python3.7/site-packages/airflow/example_dags/example_task_group_decorator.py
[2022-09-07T16:29:20.595+0000] {processor.py:650} INFO - DAG(s) dict_keys(['example_task_group_decorator']) retrieved from /home/airflow/.local/lib/python3.7/site-packages/airflow/example_dags/example_task_group_decorator.py
[2022-09-07T16:29:20.813+0000] {logging_mixin.py:115} INFO - [2022-09-07T16:29:20.813+0000] {dag.py:2429} INFO - Sync 1 DAGs
[2022-09-07T16:29:20.865+0000] {logging_mixin.py:115} INFO - [2022-09-07T16:29:20.865+0000] {dag.py:2981} INFO - Setting next_dagrun for example_task_group_decorator to 2022-09-06T16:29:20.865682+00:00, run_after=2022-09-07T16:29:20.865682+00:00
[2022-09-07T16:29:20.906+0000] {processor.py:161} INFO - Processing /home/airflow/.local/lib/python3.7/site-packages/airflow/example_dags/example_task_group_decorator.py took 0.386 seconds
[2022-09-07T16:29:51.076+0000] {processor.py:153} INFO - Started process (PID=120) to work on /home/airflow/.local/lib/python3.7/site-packages/airflow/example_dags/example_task_group_decorator.py
[2022-09-07T16:29:51.079+0000] {processor.py:640} INFO - Processing file /home/airflow/.local/lib/python3.7/site-packages/airflow/example_dags/example_task_group_decorator.py for tasks to queue
[2022-09-07T16:29:51.080+0000] {logging_mixin.py:115} INFO - [2022-09-07T16:29:51.080+0000] {dagbag.py:508} INFO - Filling up the DagBag from /home/airflow/.local/lib/python3.7/site-packages/airflow/example_dags/example_task_group_decorator.py
[2022-09-07T16:29:51.097+0000] {processor.py:650} INFO - DAG(s) dict_keys(['example_task_group_decorator']) retrieved from /home/airflow/.local/lib/python3.7/site-packages/airflow/example_dags/example_task_group_decorator.py
[2022-09-07T16:29:51.166+0000] {logging_mixin.py:115} INFO - [2022-09-07T16:29:51.166+0000] {dag.py:2429} INFO - Sync 1 DAGs
[2022-09-07T16:29:51.185+0000] {logging_mixin.py:115} INFO - [2022-09-07T16:29:51.185+0000] {dag.py:2981} INFO - Setting next_dagrun for example_task_group_decorator to 2022-09-06T16:29:51.184943+00:00, run_after=2022-09-07T16:29:51.184943+00:00
[2022-09-07T16:29:51.200+0000] {processor.py:161} INFO - Processing /home/airflow/.local/lib/python3.7/site-packages/airflow/example_dags/example_task_group_decorator.py took 0.126 seconds
[2022-09-07T16:30:21.374+0000] {processor.py:153} INFO - Started process (PID=180) to work on /home/airflow/.local/lib/python3.7/site-packages/airflow/example_dags/example_task_group_decorator.py
[2022-09-07T16:30:21.376+0000] {processor.py:640} INFO - Processing file /home/airflow/.local/lib/python3.7/site-packages/airflow/example_dags/example_task_group_decorator.py for tasks to queue
[2022-09-07T16:30:21.377+0000] {logging_mixin.py:115} INFO - [2022-09-07T16:30:21.377+0000] {dagbag.py:508} INFO - Filling up the DagBag from /home/airflow/.local/lib/python3.7/site-packages/airflow/example_dags/example_task_group_decorator.py
[2022-09-07T16:30:21.394+0000] {processor.py:650} INFO - DAG(s) dict_keys(['example_task_group_decorator']) retrieved from /home/airflow/.local/lib/python3.7/site-packages/airflow/example_dags/example_task_group_decorator.py
[2022-09-07T16:30:21.439+0000] {logging_mixin.py:115} INFO - [2022-09-07T16:30:21.439+0000] {dag.py:2429} INFO - Sync 1 DAGs
[2022-09-07T16:30:21.453+0000] {logging_mixin.py:115} INFO - [2022-09-07T16:30:21.453+0000] {dag.py:2981} INFO - Setting next_dagrun for example_task_group_decorator to 2022-09-06T16:30:21.452862+00:00, run_after=2022-09-07T16:30:21.452862+00:00
[2022-09-07T16:30:21.463+0000] {processor.py:161} INFO - Processing /home/airflow/.local/lib/python3.7/site-packages/airflow/example_dags/example_task_group_decorator.py took 0.092 seconds
[2022-09-07T16:30:52.277+0000] {processor.py:153} INFO - Started process (PID=241) to work on /home/airflow/.local/lib/python3.7/site-packages/airflow/example_dags/example_task_group_decorator.py
[2022-09-07T16:30:52.279+0000] {processor.py:640} INFO - Processing file /home/airflow/.local/lib/python3.7/site-packages/airflow/example_dags/example_task_group_decorator.py for tasks to queue
[2022-09-07T16:30:52.281+0000] {logging_mixin.py:115} INFO - [2022-09-07T16:30:52.280+0000] {dagbag.py:508} INFO - Filling up the DagBag from /home/airflow/.local/lib/python3.7/site-packages/airflow/example_dags/example_task_group_decorator.py
[2022-09-07T16:30:52.297+0000] {processor.py:650} INFO - DAG(s) dict_keys(['example_task_group_decorator']) retrieved from /home/airflow/.local/lib/python3.7/site-packages/airflow/example_dags/example_task_group_decorator.py
[2022-09-07T16:30:52.348+0000] {logging_mixin.py:115} INFO - [2022-09-07T16:30:52.348+0000] {dag.py:2429} INFO - Sync 1 DAGs
[2022-09-07T16:30:52.361+0000] {logging_mixin.py:115} INFO - [2022-09-07T16:30:52.361+0000] {dag.py:2981} INFO - Setting next_dagrun for example_task_group_decorator to 2022-09-06T16:30:52.361137+00:00, run_after=2022-09-07T16:30:52.361137+00:00
[2022-09-07T16:30:52.371+0000] {processor.py:161} INFO - Processing /home/airflow/.local/lib/python3.7/site-packages/airflow/example_dags/example_task_group_decorator.py took 0.097 seconds
[2022-09-07T16:31:22.906+0000] {processor.py:153} INFO - Started process (PID=302) to work on /home/airflow/.local/lib/python3.7/site-packages/airflow/example_dags/example_task_group_decorator.py
[2022-09-07T16:31:22.909+0000] {processor.py:640} INFO - Processing file /home/airflow/.local/lib/python3.7/site-packages/airflow/example_dags/example_task_group_decorator.py for tasks to queue
[2022-09-07T16:31:22.910+0000] {logging_mixin.py:115} INFO - [2022-09-07T16:31:22.910+0000] {dagbag.py:508} INFO - Filling up the DagBag from /home/airflow/.local/lib/python3.7/site-packages/airflow/example_dags/example_task_group_decorator.py
[2022-09-07T16:31:22.924+0000] {processor.py:650} INFO - DAG(s) dict_keys(['example_task_group_decorator']) retrieved from /home/airflow/.local/lib/python3.7/site-packages/airflow/example_dags/example_task_group_decorator.py
[2022-09-07T16:31:22.981+0000] {logging_mixin.py:115} INFO - [2022-09-07T16:31:22.981+0000] {dag.py:2429} INFO - Sync 1 DAGs
[2022-09-07T16:31:22.995+0000] {logging_mixin.py:115} INFO - [2022-09-07T16:31:22.995+0000] {dag.py:2981} INFO - Setting next_dagrun for example_task_group_decorator to 2022-09-06T16:31:22.995429+00:00, run_after=2022-09-07T16:31:22.995429+00:00
[2022-09-07T16:31:23.007+0000] {processor.py:161} INFO - Processing /home/airflow/.local/lib/python3.7/site-packages/airflow/example_dags/example_task_group_decorator.py took 0.103 seconds
[2022-09-07T17:23:41.638+0000] {processor.py:153} INFO - Started process (PID=68) to work on /home/airflow/.local/lib/python3.7/site-packages/airflow/example_dags/example_task_group_decorator.py
[2022-09-07T17:23:41.643+0000] {processor.py:640} INFO - Processing file /home/airflow/.local/lib/python3.7/site-packages/airflow/example_dags/example_task_group_decorator.py for tasks to queue
[2022-09-07T17:23:41.645+0000] {logging_mixin.py:115} INFO - [2022-09-07T17:23:41.645+0000] {dagbag.py:508} INFO - Filling up the DagBag from /home/airflow/.local/lib/python3.7/site-packages/airflow/example_dags/example_task_group_decorator.py
[2022-09-07T17:23:41.806+0000] {processor.py:650} INFO - DAG(s) dict_keys(['example_task_group_decorator']) retrieved from /home/airflow/.local/lib/python3.7/site-packages/airflow/example_dags/example_task_group_decorator.py
[2022-09-07T17:23:42.010+0000] {logging_mixin.py:115} INFO - [2022-09-07T17:23:42.010+0000] {dag.py:2429} INFO - Sync 1 DAGs
[2022-09-07T17:23:42.055+0000] {logging_mixin.py:115} INFO - [2022-09-07T17:23:42.055+0000] {dag.py:2981} INFO - Setting next_dagrun for example_task_group_decorator to 2022-09-06T17:23:42.054838+00:00, run_after=2022-09-07T17:23:42.054838+00:00
[2022-09-07T17:23:42.086+0000] {processor.py:161} INFO - Processing /home/airflow/.local/lib/python3.7/site-packages/airflow/example_dags/example_task_group_decorator.py took 0.451 seconds
[2022-09-07T17:24:12.440+0000] {processor.py:153} INFO - Started process (PID=119) to work on /home/airflow/.local/lib/python3.7/site-packages/airflow/example_dags/example_task_group_decorator.py
[2022-09-07T17:24:12.442+0000] {processor.py:640} INFO - Processing file /home/airflow/.local/lib/python3.7/site-packages/airflow/example_dags/example_task_group_decorator.py for tasks to queue
[2022-09-07T17:24:12.443+0000] {logging_mixin.py:115} INFO - [2022-09-07T17:24:12.443+0000] {dagbag.py:508} INFO - Filling up the DagBag from /home/airflow/.local/lib/python3.7/site-packages/airflow/example_dags/example_task_group_decorator.py
[2022-09-07T17:24:12.458+0000] {processor.py:650} INFO - DAG(s) dict_keys(['example_task_group_decorator']) retrieved from /home/airflow/.local/lib/python3.7/site-packages/airflow/example_dags/example_task_group_decorator.py
[2022-09-07T17:24:12.507+0000] {logging_mixin.py:115} INFO - [2022-09-07T17:24:12.506+0000] {dag.py:2429} INFO - Sync 1 DAGs
[2022-09-07T17:24:12.521+0000] {logging_mixin.py:115} INFO - [2022-09-07T17:24:12.521+0000] {dag.py:2981} INFO - Setting next_dagrun for example_task_group_decorator to 2022-09-06T17:24:12.521547+00:00, run_after=2022-09-07T17:24:12.521547+00:00
[2022-09-07T17:24:12.532+0000] {processor.py:161} INFO - Processing /home/airflow/.local/lib/python3.7/site-packages/airflow/example_dags/example_task_group_decorator.py took 0.095 seconds
[2022-09-07T17:24:43.298+0000] {processor.py:153} INFO - Started process (PID=179) to work on /home/airflow/.local/lib/python3.7/site-packages/airflow/example_dags/example_task_group_decorator.py
[2022-09-07T17:24:43.300+0000] {processor.py:640} INFO - Processing file /home/airflow/.local/lib/python3.7/site-packages/airflow/example_dags/example_task_group_decorator.py for tasks to queue
[2022-09-07T17:24:43.306+0000] {logging_mixin.py:115} INFO - [2022-09-07T17:24:43.306+0000] {dagbag.py:508} INFO - Filling up the DagBag from /home/airflow/.local/lib/python3.7/site-packages/airflow/example_dags/example_task_group_decorator.py
[2022-09-07T17:24:43.328+0000] {processor.py:650} INFO - DAG(s) dict_keys(['example_task_group_decorator']) retrieved from /home/airflow/.local/lib/python3.7/site-packages/airflow/example_dags/example_task_group_decorator.py
[2022-09-07T17:24:43.378+0000] {logging_mixin.py:115} INFO - [2022-09-07T17:24:43.378+0000] {dag.py:2429} INFO - Sync 1 DAGs
[2022-09-07T17:24:43.392+0000] {logging_mixin.py:115} INFO - [2022-09-07T17:24:43.391+0000] {dag.py:2981} INFO - Setting next_dagrun for example_task_group_decorator to 2022-09-06T17:24:43.391746+00:00, run_after=2022-09-07T17:24:43.391746+00:00
[2022-09-07T17:24:43.426+0000] {processor.py:161} INFO - Processing /home/airflow/.local/lib/python3.7/site-packages/airflow/example_dags/example_task_group_decorator.py took 0.130 seconds
