[2022-09-07T07:55:33.313+0000] {processor.py:153} INFO - Started process (PID=51) to work on /home/airflow/.local/lib/python3.7/site-packages/airflow/example_dags/example_branch_datetime_operator.py
[2022-09-07T07:55:33.316+0000] {processor.py:640} INFO - Processing file /home/airflow/.local/lib/python3.7/site-packages/airflow/example_dags/example_branch_datetime_operator.py for tasks to queue
[2022-09-07T07:55:33.319+0000] {logging_mixin.py:115} INFO - [2022-09-07T07:55:33.318+0000] {dagbag.py:508} INFO - Filling up the DagBag from /home/airflow/.local/lib/python3.7/site-packages/airflow/example_dags/example_branch_datetime_operator.py
[2022-09-07T07:55:33.335+0000] {processor.py:650} INFO - DAG(s) dict_keys(['example_branch_datetime_operator', 'example_branch_datetime_operator_2']) retrieved from /home/airflow/.local/lib/python3.7/site-packages/airflow/example_dags/example_branch_datetime_operator.py
[2022-09-07T07:55:33.536+0000] {logging_mixin.py:115} INFO - [2022-09-07T07:55:33.536+0000] {manager.py:508} INFO - Created Permission View: can delete on DAG:example_branch_datetime_operator
[2022-09-07T07:55:33.548+0000] {logging_mixin.py:115} INFO - [2022-09-07T07:55:33.547+0000] {manager.py:508} INFO - Created Permission View: can read on DAG:example_branch_datetime_operator
[2022-09-07T07:55:33.556+0000] {logging_mixin.py:115} INFO - [2022-09-07T07:55:33.555+0000] {manager.py:508} INFO - Created Permission View: can edit on DAG:example_branch_datetime_operator
[2022-09-07T07:55:33.583+0000] {logging_mixin.py:115} INFO - [2022-09-07T07:55:33.582+0000] {manager.py:508} INFO - Created Permission View: can delete on DAG:example_branch_datetime_operator_2
[2022-09-07T07:55:33.600+0000] {logging_mixin.py:115} INFO - [2022-09-07T07:55:33.600+0000] {manager.py:508} INFO - Created Permission View: can read on DAG:example_branch_datetime_operator_2
[2022-09-07T07:55:33.606+0000] {logging_mixin.py:115} INFO - [2022-09-07T07:55:33.606+0000] {manager.py:508} INFO - Created Permission View: can edit on DAG:example_branch_datetime_operator_2
[2022-09-07T07:55:33.608+0000] {logging_mixin.py:115} INFO - [2022-09-07T07:55:33.608+0000] {dag.py:2429} INFO - Sync 2 DAGs
[2022-09-07T07:55:33.638+0000] {logging_mixin.py:115} INFO - [2022-09-07T07:55:33.638+0000] {dag.py:2448} INFO - Creating ORM DAG for example_branch_datetime_operator_2
[2022-09-07T07:55:33.648+0000] {logging_mixin.py:115} INFO - [2022-09-07T07:55:33.648+0000] {dag.py:2448} INFO - Creating ORM DAG for example_branch_datetime_operator
[2022-09-07T07:55:33.683+0000] {logging_mixin.py:115} INFO - [2022-09-07T07:55:33.682+0000] {dag.py:2981} INFO - Setting next_dagrun for example_branch_datetime_operator to 2022-09-06T00:00:00+00:00, run_after=2022-09-07T00:00:00+00:00
[2022-09-07T07:55:33.687+0000] {logging_mixin.py:115} INFO - [2022-09-07T07:55:33.687+0000] {dag.py:2981} INFO - Setting next_dagrun for example_branch_datetime_operator_2 to 2022-09-06T00:00:00+00:00, run_after=2022-09-07T00:00:00+00:00
[2022-09-07T07:55:33.709+0000] {processor.py:161} INFO - Processing /home/airflow/.local/lib/python3.7/site-packages/airflow/example_dags/example_branch_datetime_operator.py took 0.400 seconds
[2022-09-07T07:56:03.878+0000] {processor.py:153} INFO - Started process (PID=112) to work on /home/airflow/.local/lib/python3.7/site-packages/airflow/example_dags/example_branch_datetime_operator.py
[2022-09-07T07:56:03.880+0000] {processor.py:640} INFO - Processing file /home/airflow/.local/lib/python3.7/site-packages/airflow/example_dags/example_branch_datetime_operator.py for tasks to queue
[2022-09-07T07:56:03.881+0000] {logging_mixin.py:115} INFO - [2022-09-07T07:56:03.881+0000] {dagbag.py:508} INFO - Filling up the DagBag from /home/airflow/.local/lib/python3.7/site-packages/airflow/example_dags/example_branch_datetime_operator.py
[2022-09-07T07:56:03.886+0000] {processor.py:650} INFO - DAG(s) dict_keys(['example_branch_datetime_operator', 'example_branch_datetime_operator_2']) retrieved from /home/airflow/.local/lib/python3.7/site-packages/airflow/example_dags/example_branch_datetime_operator.py
[2022-09-07T07:56:03.904+0000] {logging_mixin.py:115} INFO - [2022-09-07T07:56:03.904+0000] {dag.py:2429} INFO - Sync 2 DAGs
[2022-09-07T07:56:03.918+0000] {logging_mixin.py:115} INFO - [2022-09-07T07:56:03.918+0000] {dag.py:2981} INFO - Setting next_dagrun for example_branch_datetime_operator to 2022-09-06T00:00:00+00:00, run_after=2022-09-07T00:00:00+00:00
[2022-09-07T07:56:03.920+0000] {logging_mixin.py:115} INFO - [2022-09-07T07:56:03.920+0000] {dag.py:2981} INFO - Setting next_dagrun for example_branch_datetime_operator_2 to 2022-09-06T00:00:00+00:00, run_after=2022-09-07T00:00:00+00:00
[2022-09-07T07:56:03.928+0000] {processor.py:161} INFO - Processing /home/airflow/.local/lib/python3.7/site-packages/airflow/example_dags/example_branch_datetime_operator.py took 0.052 seconds
[2022-09-07T07:56:34.765+0000] {processor.py:153} INFO - Started process (PID=173) to work on /home/airflow/.local/lib/python3.7/site-packages/airflow/example_dags/example_branch_datetime_operator.py
[2022-09-07T07:56:34.766+0000] {processor.py:640} INFO - Processing file /home/airflow/.local/lib/python3.7/site-packages/airflow/example_dags/example_branch_datetime_operator.py for tasks to queue
[2022-09-07T07:56:34.769+0000] {logging_mixin.py:115} INFO - [2022-09-07T07:56:34.769+0000] {dagbag.py:508} INFO - Filling up the DagBag from /home/airflow/.local/lib/python3.7/site-packages/airflow/example_dags/example_branch_datetime_operator.py
[2022-09-07T07:56:34.774+0000] {processor.py:650} INFO - DAG(s) dict_keys(['example_branch_datetime_operator', 'example_branch_datetime_operator_2']) retrieved from /home/airflow/.local/lib/python3.7/site-packages/airflow/example_dags/example_branch_datetime_operator.py
[2022-09-07T07:56:34.793+0000] {logging_mixin.py:115} INFO - [2022-09-07T07:56:34.792+0000] {dag.py:2429} INFO - Sync 2 DAGs
[2022-09-07T07:56:34.806+0000] {logging_mixin.py:115} INFO - [2022-09-07T07:56:34.806+0000] {dag.py:2981} INFO - Setting next_dagrun for example_branch_datetime_operator to 2022-09-06T00:00:00+00:00, run_after=2022-09-07T00:00:00+00:00
[2022-09-07T07:56:34.808+0000] {logging_mixin.py:115} INFO - [2022-09-07T07:56:34.808+0000] {dag.py:2981} INFO - Setting next_dagrun for example_branch_datetime_operator_2 to 2022-09-06T00:00:00+00:00, run_after=2022-09-07T00:00:00+00:00
[2022-09-07T07:56:34.817+0000] {processor.py:161} INFO - Processing /home/airflow/.local/lib/python3.7/site-packages/airflow/example_dags/example_branch_datetime_operator.py took 0.055 seconds
[2022-09-07T07:57:05.298+0000] {processor.py:153} INFO - Started process (PID=234) to work on /home/airflow/.local/lib/python3.7/site-packages/airflow/example_dags/example_branch_datetime_operator.py
[2022-09-07T07:57:05.299+0000] {processor.py:640} INFO - Processing file /home/airflow/.local/lib/python3.7/site-packages/airflow/example_dags/example_branch_datetime_operator.py for tasks to queue
[2022-09-07T07:57:05.301+0000] {logging_mixin.py:115} INFO - [2022-09-07T07:57:05.300+0000] {dagbag.py:508} INFO - Filling up the DagBag from /home/airflow/.local/lib/python3.7/site-packages/airflow/example_dags/example_branch_datetime_operator.py
[2022-09-07T07:57:05.306+0000] {processor.py:650} INFO - DAG(s) dict_keys(['example_branch_datetime_operator', 'example_branch_datetime_operator_2']) retrieved from /home/airflow/.local/lib/python3.7/site-packages/airflow/example_dags/example_branch_datetime_operator.py
[2022-09-07T07:57:05.324+0000] {logging_mixin.py:115} INFO - [2022-09-07T07:57:05.324+0000] {dag.py:2429} INFO - Sync 2 DAGs
[2022-09-07T07:57:05.337+0000] {logging_mixin.py:115} INFO - [2022-09-07T07:57:05.337+0000] {dag.py:2981} INFO - Setting next_dagrun for example_branch_datetime_operator to 2022-09-06T00:00:00+00:00, run_after=2022-09-07T00:00:00+00:00
[2022-09-07T07:57:05.339+0000] {logging_mixin.py:115} INFO - [2022-09-07T07:57:05.339+0000] {dag.py:2981} INFO - Setting next_dagrun for example_branch_datetime_operator_2 to 2022-09-06T00:00:00+00:00, run_after=2022-09-07T00:00:00+00:00
[2022-09-07T07:57:05.347+0000] {processor.py:161} INFO - Processing /home/airflow/.local/lib/python3.7/site-packages/airflow/example_dags/example_branch_datetime_operator.py took 0.051 seconds
[2022-09-07T07:57:35.939+0000] {processor.py:153} INFO - Started process (PID=295) to work on /home/airflow/.local/lib/python3.7/site-packages/airflow/example_dags/example_branch_datetime_operator.py
[2022-09-07T07:57:35.941+0000] {processor.py:640} INFO - Processing file /home/airflow/.local/lib/python3.7/site-packages/airflow/example_dags/example_branch_datetime_operator.py for tasks to queue
[2022-09-07T07:57:35.942+0000] {logging_mixin.py:115} INFO - [2022-09-07T07:57:35.942+0000] {dagbag.py:508} INFO - Filling up the DagBag from /home/airflow/.local/lib/python3.7/site-packages/airflow/example_dags/example_branch_datetime_operator.py
[2022-09-07T07:57:35.948+0000] {processor.py:650} INFO - DAG(s) dict_keys(['example_branch_datetime_operator', 'example_branch_datetime_operator_2']) retrieved from /home/airflow/.local/lib/python3.7/site-packages/airflow/example_dags/example_branch_datetime_operator.py
[2022-09-07T07:57:35.966+0000] {logging_mixin.py:115} INFO - [2022-09-07T07:57:35.966+0000] {dag.py:2429} INFO - Sync 2 DAGs
[2022-09-07T07:57:35.980+0000] {logging_mixin.py:115} INFO - [2022-09-07T07:57:35.980+0000] {dag.py:2981} INFO - Setting next_dagrun for example_branch_datetime_operator to 2022-09-06T00:00:00+00:00, run_after=2022-09-07T00:00:00+00:00
[2022-09-07T07:57:35.982+0000] {logging_mixin.py:115} INFO - [2022-09-07T07:57:35.982+0000] {dag.py:2981} INFO - Setting next_dagrun for example_branch_datetime_operator_2 to 2022-09-06T00:00:00+00:00, run_after=2022-09-07T00:00:00+00:00
[2022-09-07T07:57:35.990+0000] {processor.py:161} INFO - Processing /home/airflow/.local/lib/python3.7/site-packages/airflow/example_dags/example_branch_datetime_operator.py took 0.053 seconds
[2022-09-07T07:58:06.818+0000] {processor.py:153} INFO - Started process (PID=347) to work on /home/airflow/.local/lib/python3.7/site-packages/airflow/example_dags/example_branch_datetime_operator.py
[2022-09-07T07:58:06.820+0000] {processor.py:640} INFO - Processing file /home/airflow/.local/lib/python3.7/site-packages/airflow/example_dags/example_branch_datetime_operator.py for tasks to queue
[2022-09-07T07:58:06.821+0000] {logging_mixin.py:115} INFO - [2022-09-07T07:58:06.821+0000] {dagbag.py:508} INFO - Filling up the DagBag from /home/airflow/.local/lib/python3.7/site-packages/airflow/example_dags/example_branch_datetime_operator.py
[2022-09-07T07:58:06.827+0000] {processor.py:650} INFO - DAG(s) dict_keys(['example_branch_datetime_operator', 'example_branch_datetime_operator_2']) retrieved from /home/airflow/.local/lib/python3.7/site-packages/airflow/example_dags/example_branch_datetime_operator.py
[2022-09-07T07:58:06.849+0000] {logging_mixin.py:115} INFO - [2022-09-07T07:58:06.848+0000] {dag.py:2429} INFO - Sync 2 DAGs
[2022-09-07T07:58:06.863+0000] {logging_mixin.py:115} INFO - [2022-09-07T07:58:06.863+0000] {dag.py:2981} INFO - Setting next_dagrun for example_branch_datetime_operator to 2022-09-06T00:00:00+00:00, run_after=2022-09-07T00:00:00+00:00
[2022-09-07T07:58:06.865+0000] {logging_mixin.py:115} INFO - [2022-09-07T07:58:06.864+0000] {dag.py:2981} INFO - Setting next_dagrun for example_branch_datetime_operator_2 to 2022-09-06T00:00:00+00:00, run_after=2022-09-07T00:00:00+00:00
[2022-09-07T07:58:06.872+0000] {processor.py:161} INFO - Processing /home/airflow/.local/lib/python3.7/site-packages/airflow/example_dags/example_branch_datetime_operator.py took 0.056 seconds
[2022-09-07T07:58:36.984+0000] {processor.py:153} INFO - Started process (PID=406) to work on /home/airflow/.local/lib/python3.7/site-packages/airflow/example_dags/example_branch_datetime_operator.py
[2022-09-07T07:58:36.985+0000] {processor.py:640} INFO - Processing file /home/airflow/.local/lib/python3.7/site-packages/airflow/example_dags/example_branch_datetime_operator.py for tasks to queue
[2022-09-07T07:58:36.986+0000] {logging_mixin.py:115} INFO - [2022-09-07T07:58:36.986+0000] {dagbag.py:508} INFO - Filling up the DagBag from /home/airflow/.local/lib/python3.7/site-packages/airflow/example_dags/example_branch_datetime_operator.py
[2022-09-07T07:58:36.993+0000] {processor.py:650} INFO - DAG(s) dict_keys(['example_branch_datetime_operator', 'example_branch_datetime_operator_2']) retrieved from /home/airflow/.local/lib/python3.7/site-packages/airflow/example_dags/example_branch_datetime_operator.py
[2022-09-07T07:58:37.010+0000] {logging_mixin.py:115} INFO - [2022-09-07T07:58:37.010+0000] {dag.py:2429} INFO - Sync 2 DAGs
[2022-09-07T07:58:37.024+0000] {logging_mixin.py:115} INFO - [2022-09-07T07:58:37.023+0000] {dag.py:2981} INFO - Setting next_dagrun for example_branch_datetime_operator to 2022-09-06T00:00:00+00:00, run_after=2022-09-07T00:00:00+00:00
[2022-09-07T07:58:37.025+0000] {logging_mixin.py:115} INFO - [2022-09-07T07:58:37.025+0000] {dag.py:2981} INFO - Setting next_dagrun for example_branch_datetime_operator_2 to 2022-09-06T00:00:00+00:00, run_after=2022-09-07T00:00:00+00:00
[2022-09-07T07:58:37.032+0000] {processor.py:161} INFO - Processing /home/airflow/.local/lib/python3.7/site-packages/airflow/example_dags/example_branch_datetime_operator.py took 0.051 seconds
[2022-09-07T07:59:07.934+0000] {processor.py:153} INFO - Started process (PID=467) to work on /home/airflow/.local/lib/python3.7/site-packages/airflow/example_dags/example_branch_datetime_operator.py
[2022-09-07T07:59:07.935+0000] {processor.py:640} INFO - Processing file /home/airflow/.local/lib/python3.7/site-packages/airflow/example_dags/example_branch_datetime_operator.py for tasks to queue
[2022-09-07T07:59:07.936+0000] {logging_mixin.py:115} INFO - [2022-09-07T07:59:07.936+0000] {dagbag.py:508} INFO - Filling up the DagBag from /home/airflow/.local/lib/python3.7/site-packages/airflow/example_dags/example_branch_datetime_operator.py
[2022-09-07T07:59:07.943+0000] {processor.py:650} INFO - DAG(s) dict_keys(['example_branch_datetime_operator', 'example_branch_datetime_operator_2']) retrieved from /home/airflow/.local/lib/python3.7/site-packages/airflow/example_dags/example_branch_datetime_operator.py
[2022-09-07T07:59:07.963+0000] {logging_mixin.py:115} INFO - [2022-09-07T07:59:07.963+0000] {dag.py:2429} INFO - Sync 2 DAGs
[2022-09-07T07:59:07.977+0000] {logging_mixin.py:115} INFO - [2022-09-07T07:59:07.977+0000] {dag.py:2981} INFO - Setting next_dagrun for example_branch_datetime_operator to 2022-09-06T00:00:00+00:00, run_after=2022-09-07T00:00:00+00:00
[2022-09-07T07:59:07.979+0000] {logging_mixin.py:115} INFO - [2022-09-07T07:59:07.979+0000] {dag.py:2981} INFO - Setting next_dagrun for example_branch_datetime_operator_2 to 2022-09-06T00:00:00+00:00, run_after=2022-09-07T00:00:00+00:00
[2022-09-07T07:59:07.988+0000] {processor.py:161} INFO - Processing /home/airflow/.local/lib/python3.7/site-packages/airflow/example_dags/example_branch_datetime_operator.py took 0.057 seconds
[2022-09-07T07:59:38.795+0000] {processor.py:153} INFO - Started process (PID=527) to work on /home/airflow/.local/lib/python3.7/site-packages/airflow/example_dags/example_branch_datetime_operator.py
[2022-09-07T07:59:38.796+0000] {processor.py:640} INFO - Processing file /home/airflow/.local/lib/python3.7/site-packages/airflow/example_dags/example_branch_datetime_operator.py for tasks to queue
[2022-09-07T07:59:38.798+0000] {logging_mixin.py:115} INFO - [2022-09-07T07:59:38.798+0000] {dagbag.py:508} INFO - Filling up the DagBag from /home/airflow/.local/lib/python3.7/site-packages/airflow/example_dags/example_branch_datetime_operator.py
[2022-09-07T07:59:38.803+0000] {processor.py:650} INFO - DAG(s) dict_keys(['example_branch_datetime_operator', 'example_branch_datetime_operator_2']) retrieved from /home/airflow/.local/lib/python3.7/site-packages/airflow/example_dags/example_branch_datetime_operator.py
[2022-09-07T07:59:38.847+0000] {logging_mixin.py:115} INFO - [2022-09-07T07:59:38.847+0000] {dag.py:2429} INFO - Sync 2 DAGs
[2022-09-07T07:59:38.861+0000] {logging_mixin.py:115} INFO - [2022-09-07T07:59:38.861+0000] {dag.py:2981} INFO - Setting next_dagrun for example_branch_datetime_operator to 2022-09-06T00:00:00+00:00, run_after=2022-09-07T00:00:00+00:00
[2022-09-07T07:59:38.864+0000] {logging_mixin.py:115} INFO - [2022-09-07T07:59:38.864+0000] {dag.py:2981} INFO - Setting next_dagrun for example_branch_datetime_operator_2 to 2022-09-06T00:00:00+00:00, run_after=2022-09-07T00:00:00+00:00
[2022-09-07T07:59:38.871+0000] {processor.py:161} INFO - Processing /home/airflow/.local/lib/python3.7/site-packages/airflow/example_dags/example_branch_datetime_operator.py took 0.078 seconds
[2022-09-07T08:00:09.745+0000] {processor.py:153} INFO - Started process (PID=588) to work on /home/airflow/.local/lib/python3.7/site-packages/airflow/example_dags/example_branch_datetime_operator.py
[2022-09-07T08:00:09.748+0000] {processor.py:640} INFO - Processing file /home/airflow/.local/lib/python3.7/site-packages/airflow/example_dags/example_branch_datetime_operator.py for tasks to queue
[2022-09-07T08:00:09.752+0000] {logging_mixin.py:115} INFO - [2022-09-07T08:00:09.752+0000] {dagbag.py:508} INFO - Filling up the DagBag from /home/airflow/.local/lib/python3.7/site-packages/airflow/example_dags/example_branch_datetime_operator.py
[2022-09-07T08:00:09.761+0000] {processor.py:650} INFO - DAG(s) dict_keys(['example_branch_datetime_operator', 'example_branch_datetime_operator_2']) retrieved from /home/airflow/.local/lib/python3.7/site-packages/airflow/example_dags/example_branch_datetime_operator.py
[2022-09-07T08:00:09.782+0000] {logging_mixin.py:115} INFO - [2022-09-07T08:00:09.782+0000] {dag.py:2429} INFO - Sync 2 DAGs
[2022-09-07T08:00:09.798+0000] {logging_mixin.py:115} INFO - [2022-09-07T08:00:09.798+0000] {dag.py:2981} INFO - Setting next_dagrun for example_branch_datetime_operator to 2022-09-06T00:00:00+00:00, run_after=2022-09-07T00:00:00+00:00
[2022-09-07T08:00:09.800+0000] {logging_mixin.py:115} INFO - [2022-09-07T08:00:09.800+0000] {dag.py:2981} INFO - Setting next_dagrun for example_branch_datetime_operator_2 to 2022-09-06T00:00:00+00:00, run_after=2022-09-07T00:00:00+00:00
[2022-09-07T08:00:09.809+0000] {processor.py:161} INFO - Processing /home/airflow/.local/lib/python3.7/site-packages/airflow/example_dags/example_branch_datetime_operator.py took 0.069 seconds
[2022-09-07T08:00:40.637+0000] {processor.py:153} INFO - Started process (PID=951) to work on /home/airflow/.local/lib/python3.7/site-packages/airflow/example_dags/example_branch_datetime_operator.py
[2022-09-07T08:00:40.639+0000] {processor.py:640} INFO - Processing file /home/airflow/.local/lib/python3.7/site-packages/airflow/example_dags/example_branch_datetime_operator.py for tasks to queue
[2022-09-07T08:00:40.640+0000] {logging_mixin.py:115} INFO - [2022-09-07T08:00:40.640+0000] {dagbag.py:508} INFO - Filling up the DagBag from /home/airflow/.local/lib/python3.7/site-packages/airflow/example_dags/example_branch_datetime_operator.py
[2022-09-07T08:00:40.646+0000] {processor.py:650} INFO - DAG(s) dict_keys(['example_branch_datetime_operator', 'example_branch_datetime_operator_2']) retrieved from /home/airflow/.local/lib/python3.7/site-packages/airflow/example_dags/example_branch_datetime_operator.py
[2022-09-07T08:00:40.665+0000] {logging_mixin.py:115} INFO - [2022-09-07T08:00:40.665+0000] {dag.py:2429} INFO - Sync 2 DAGs
[2022-09-07T08:00:40.678+0000] {logging_mixin.py:115} INFO - [2022-09-07T08:00:40.678+0000] {dag.py:2981} INFO - Setting next_dagrun for example_branch_datetime_operator to 2022-09-06T00:00:00+00:00, run_after=2022-09-07T00:00:00+00:00
[2022-09-07T08:00:40.680+0000] {logging_mixin.py:115} INFO - [2022-09-07T08:00:40.680+0000] {dag.py:2981} INFO - Setting next_dagrun for example_branch_datetime_operator_2 to 2022-09-06T00:00:00+00:00, run_after=2022-09-07T00:00:00+00:00
[2022-09-07T08:00:40.688+0000] {processor.py:161} INFO - Processing /home/airflow/.local/lib/python3.7/site-packages/airflow/example_dags/example_branch_datetime_operator.py took 0.053 seconds
[2022-09-07T08:01:11.296+0000] {processor.py:153} INFO - Started process (PID=2093) to work on /home/airflow/.local/lib/python3.7/site-packages/airflow/example_dags/example_branch_datetime_operator.py
[2022-09-07T08:01:11.298+0000] {processor.py:640} INFO - Processing file /home/airflow/.local/lib/python3.7/site-packages/airflow/example_dags/example_branch_datetime_operator.py for tasks to queue
[2022-09-07T08:01:11.299+0000] {logging_mixin.py:115} INFO - [2022-09-07T08:01:11.299+0000] {dagbag.py:508} INFO - Filling up the DagBag from /home/airflow/.local/lib/python3.7/site-packages/airflow/example_dags/example_branch_datetime_operator.py
[2022-09-07T08:01:11.304+0000] {processor.py:650} INFO - DAG(s) dict_keys(['example_branch_datetime_operator', 'example_branch_datetime_operator_2']) retrieved from /home/airflow/.local/lib/python3.7/site-packages/airflow/example_dags/example_branch_datetime_operator.py
[2022-09-07T08:01:11.324+0000] {logging_mixin.py:115} INFO - [2022-09-07T08:01:11.324+0000] {dag.py:2429} INFO - Sync 2 DAGs
[2022-09-07T08:01:11.338+0000] {logging_mixin.py:115} INFO - [2022-09-07T08:01:11.338+0000] {dag.py:2981} INFO - Setting next_dagrun for example_branch_datetime_operator to 2022-09-06T00:00:00+00:00, run_after=2022-09-07T00:00:00+00:00
[2022-09-07T08:01:11.340+0000] {logging_mixin.py:115} INFO - [2022-09-07T08:01:11.340+0000] {dag.py:2981} INFO - Setting next_dagrun for example_branch_datetime_operator_2 to 2022-09-06T00:00:00+00:00, run_after=2022-09-07T00:00:00+00:00
[2022-09-07T08:01:11.348+0000] {processor.py:161} INFO - Processing /home/airflow/.local/lib/python3.7/site-packages/airflow/example_dags/example_branch_datetime_operator.py took 0.054 seconds
[2022-09-07T08:01:42.085+0000] {processor.py:153} INFO - Started process (PID=2340) to work on /home/airflow/.local/lib/python3.7/site-packages/airflow/example_dags/example_branch_datetime_operator.py
[2022-09-07T08:01:42.087+0000] {processor.py:640} INFO - Processing file /home/airflow/.local/lib/python3.7/site-packages/airflow/example_dags/example_branch_datetime_operator.py for tasks to queue
[2022-09-07T08:01:42.089+0000] {logging_mixin.py:115} INFO - [2022-09-07T08:01:42.089+0000] {dagbag.py:508} INFO - Filling up the DagBag from /home/airflow/.local/lib/python3.7/site-packages/airflow/example_dags/example_branch_datetime_operator.py
[2022-09-07T08:01:42.096+0000] {processor.py:650} INFO - DAG(s) dict_keys(['example_branch_datetime_operator', 'example_branch_datetime_operator_2']) retrieved from /home/airflow/.local/lib/python3.7/site-packages/airflow/example_dags/example_branch_datetime_operator.py
[2022-09-07T08:01:42.115+0000] {logging_mixin.py:115} INFO - [2022-09-07T08:01:42.115+0000] {dag.py:2429} INFO - Sync 2 DAGs
[2022-09-07T08:01:42.132+0000] {logging_mixin.py:115} INFO - [2022-09-07T08:01:42.132+0000] {dag.py:2981} INFO - Setting next_dagrun for example_branch_datetime_operator to 2022-09-06T00:00:00+00:00, run_after=2022-09-07T00:00:00+00:00
[2022-09-07T08:01:42.134+0000] {logging_mixin.py:115} INFO - [2022-09-07T08:01:42.134+0000] {dag.py:2981} INFO - Setting next_dagrun for example_branch_datetime_operator_2 to 2022-09-06T00:00:00+00:00, run_after=2022-09-07T00:00:00+00:00
[2022-09-07T08:01:42.141+0000] {processor.py:161} INFO - Processing /home/airflow/.local/lib/python3.7/site-packages/airflow/example_dags/example_branch_datetime_operator.py took 0.059 seconds
[2022-09-07T08:02:12.877+0000] {processor.py:153} INFO - Started process (PID=2402) to work on /home/airflow/.local/lib/python3.7/site-packages/airflow/example_dags/example_branch_datetime_operator.py
[2022-09-07T08:02:12.879+0000] {processor.py:640} INFO - Processing file /home/airflow/.local/lib/python3.7/site-packages/airflow/example_dags/example_branch_datetime_operator.py for tasks to queue
[2022-09-07T08:02:12.880+0000] {logging_mixin.py:115} INFO - [2022-09-07T08:02:12.880+0000] {dagbag.py:508} INFO - Filling up the DagBag from /home/airflow/.local/lib/python3.7/site-packages/airflow/example_dags/example_branch_datetime_operator.py
[2022-09-07T08:02:12.886+0000] {processor.py:650} INFO - DAG(s) dict_keys(['example_branch_datetime_operator', 'example_branch_datetime_operator_2']) retrieved from /home/airflow/.local/lib/python3.7/site-packages/airflow/example_dags/example_branch_datetime_operator.py
[2022-09-07T08:02:12.906+0000] {logging_mixin.py:115} INFO - [2022-09-07T08:02:12.906+0000] {dag.py:2429} INFO - Sync 2 DAGs
[2022-09-07T08:02:12.920+0000] {logging_mixin.py:115} INFO - [2022-09-07T08:02:12.920+0000] {dag.py:2981} INFO - Setting next_dagrun for example_branch_datetime_operator to 2022-09-06T00:00:00+00:00, run_after=2022-09-07T00:00:00+00:00
[2022-09-07T08:02:12.922+0000] {logging_mixin.py:115} INFO - [2022-09-07T08:02:12.922+0000] {dag.py:2981} INFO - Setting next_dagrun for example_branch_datetime_operator_2 to 2022-09-06T00:00:00+00:00, run_after=2022-09-07T00:00:00+00:00
[2022-09-07T08:02:12.930+0000] {processor.py:161} INFO - Processing /home/airflow/.local/lib/python3.7/site-packages/airflow/example_dags/example_branch_datetime_operator.py took 0.055 seconds
[2022-09-07T08:02:43.811+0000] {processor.py:153} INFO - Started process (PID=2462) to work on /home/airflow/.local/lib/python3.7/site-packages/airflow/example_dags/example_branch_datetime_operator.py
[2022-09-07T08:02:43.813+0000] {processor.py:640} INFO - Processing file /home/airflow/.local/lib/python3.7/site-packages/airflow/example_dags/example_branch_datetime_operator.py for tasks to queue
[2022-09-07T08:02:43.814+0000] {logging_mixin.py:115} INFO - [2022-09-07T08:02:43.814+0000] {dagbag.py:508} INFO - Filling up the DagBag from /home/airflow/.local/lib/python3.7/site-packages/airflow/example_dags/example_branch_datetime_operator.py
[2022-09-07T08:02:43.820+0000] {processor.py:650} INFO - DAG(s) dict_keys(['example_branch_datetime_operator', 'example_branch_datetime_operator_2']) retrieved from /home/airflow/.local/lib/python3.7/site-packages/airflow/example_dags/example_branch_datetime_operator.py
[2022-09-07T08:02:43.837+0000] {logging_mixin.py:115} INFO - [2022-09-07T08:02:43.837+0000] {dag.py:2429} INFO - Sync 2 DAGs
[2022-09-07T08:02:43.852+0000] {logging_mixin.py:115} INFO - [2022-09-07T08:02:43.852+0000] {dag.py:2981} INFO - Setting next_dagrun for example_branch_datetime_operator to 2022-09-06T00:00:00+00:00, run_after=2022-09-07T00:00:00+00:00
[2022-09-07T08:02:43.854+0000] {logging_mixin.py:115} INFO - [2022-09-07T08:02:43.854+0000] {dag.py:2981} INFO - Setting next_dagrun for example_branch_datetime_operator_2 to 2022-09-06T00:00:00+00:00, run_after=2022-09-07T00:00:00+00:00
[2022-09-07T08:02:43.862+0000] {processor.py:161} INFO - Processing /home/airflow/.local/lib/python3.7/site-packages/airflow/example_dags/example_branch_datetime_operator.py took 0.053 seconds
[2022-09-07T08:03:14.514+0000] {processor.py:153} INFO - Started process (PID=2522) to work on /home/airflow/.local/lib/python3.7/site-packages/airflow/example_dags/example_branch_datetime_operator.py
[2022-09-07T08:03:14.516+0000] {processor.py:640} INFO - Processing file /home/airflow/.local/lib/python3.7/site-packages/airflow/example_dags/example_branch_datetime_operator.py for tasks to queue
[2022-09-07T08:03:14.517+0000] {logging_mixin.py:115} INFO - [2022-09-07T08:03:14.517+0000] {dagbag.py:508} INFO - Filling up the DagBag from /home/airflow/.local/lib/python3.7/site-packages/airflow/example_dags/example_branch_datetime_operator.py
[2022-09-07T08:03:14.523+0000] {processor.py:650} INFO - DAG(s) dict_keys(['example_branch_datetime_operator', 'example_branch_datetime_operator_2']) retrieved from /home/airflow/.local/lib/python3.7/site-packages/airflow/example_dags/example_branch_datetime_operator.py
[2022-09-07T08:03:14.544+0000] {logging_mixin.py:115} INFO - [2022-09-07T08:03:14.544+0000] {dag.py:2429} INFO - Sync 2 DAGs
[2022-09-07T08:03:14.558+0000] {logging_mixin.py:115} INFO - [2022-09-07T08:03:14.558+0000] {dag.py:2981} INFO - Setting next_dagrun for example_branch_datetime_operator to 2022-09-06T00:00:00+00:00, run_after=2022-09-07T00:00:00+00:00
[2022-09-07T08:03:14.560+0000] {logging_mixin.py:115} INFO - [2022-09-07T08:03:14.560+0000] {dag.py:2981} INFO - Setting next_dagrun for example_branch_datetime_operator_2 to 2022-09-06T00:00:00+00:00, run_after=2022-09-07T00:00:00+00:00
[2022-09-07T08:03:14.571+0000] {processor.py:161} INFO - Processing /home/airflow/.local/lib/python3.7/site-packages/airflow/example_dags/example_branch_datetime_operator.py took 0.059 seconds
[2022-09-07T08:03:45.354+0000] {processor.py:153} INFO - Started process (PID=2583) to work on /home/airflow/.local/lib/python3.7/site-packages/airflow/example_dags/example_branch_datetime_operator.py
[2022-09-07T08:03:45.355+0000] {processor.py:640} INFO - Processing file /home/airflow/.local/lib/python3.7/site-packages/airflow/example_dags/example_branch_datetime_operator.py for tasks to queue
[2022-09-07T08:03:45.356+0000] {logging_mixin.py:115} INFO - [2022-09-07T08:03:45.356+0000] {dagbag.py:508} INFO - Filling up the DagBag from /home/airflow/.local/lib/python3.7/site-packages/airflow/example_dags/example_branch_datetime_operator.py
[2022-09-07T08:03:45.363+0000] {processor.py:650} INFO - DAG(s) dict_keys(['example_branch_datetime_operator', 'example_branch_datetime_operator_2']) retrieved from /home/airflow/.local/lib/python3.7/site-packages/airflow/example_dags/example_branch_datetime_operator.py
[2022-09-07T08:03:45.385+0000] {logging_mixin.py:115} INFO - [2022-09-07T08:03:45.385+0000] {dag.py:2429} INFO - Sync 2 DAGs
[2022-09-07T08:03:45.405+0000] {logging_mixin.py:115} INFO - [2022-09-07T08:03:45.405+0000] {dag.py:2981} INFO - Setting next_dagrun for example_branch_datetime_operator to 2022-09-06T00:00:00+00:00, run_after=2022-09-07T00:00:00+00:00
[2022-09-07T08:03:45.407+0000] {logging_mixin.py:115} INFO - [2022-09-07T08:03:45.407+0000] {dag.py:2981} INFO - Setting next_dagrun for example_branch_datetime_operator_2 to 2022-09-06T00:00:00+00:00, run_after=2022-09-07T00:00:00+00:00
[2022-09-07T08:03:45.418+0000] {processor.py:161} INFO - Processing /home/airflow/.local/lib/python3.7/site-packages/airflow/example_dags/example_branch_datetime_operator.py took 0.067 seconds
[2022-09-07T08:04:15.989+0000] {processor.py:153} INFO - Started process (PID=2635) to work on /home/airflow/.local/lib/python3.7/site-packages/airflow/example_dags/example_branch_datetime_operator.py
[2022-09-07T08:04:15.990+0000] {processor.py:640} INFO - Processing file /home/airflow/.local/lib/python3.7/site-packages/airflow/example_dags/example_branch_datetime_operator.py for tasks to queue
[2022-09-07T08:04:15.993+0000] {logging_mixin.py:115} INFO - [2022-09-07T08:04:15.993+0000] {dagbag.py:508} INFO - Filling up the DagBag from /home/airflow/.local/lib/python3.7/site-packages/airflow/example_dags/example_branch_datetime_operator.py
[2022-09-07T08:04:15.999+0000] {processor.py:650} INFO - DAG(s) dict_keys(['example_branch_datetime_operator', 'example_branch_datetime_operator_2']) retrieved from /home/airflow/.local/lib/python3.7/site-packages/airflow/example_dags/example_branch_datetime_operator.py
[2022-09-07T08:04:16.019+0000] {logging_mixin.py:115} INFO - [2022-09-07T08:04:16.018+0000] {dag.py:2429} INFO - Sync 2 DAGs
[2022-09-07T08:04:16.033+0000] {logging_mixin.py:115} INFO - [2022-09-07T08:04:16.033+0000] {dag.py:2981} INFO - Setting next_dagrun for example_branch_datetime_operator to 2022-09-06T00:00:00+00:00, run_after=2022-09-07T00:00:00+00:00
[2022-09-07T08:04:16.035+0000] {logging_mixin.py:115} INFO - [2022-09-07T08:04:16.035+0000] {dag.py:2981} INFO - Setting next_dagrun for example_branch_datetime_operator_2 to 2022-09-06T00:00:00+00:00, run_after=2022-09-07T00:00:00+00:00
[2022-09-07T08:04:16.043+0000] {processor.py:161} INFO - Processing /home/airflow/.local/lib/python3.7/site-packages/airflow/example_dags/example_branch_datetime_operator.py took 0.057 seconds
[2022-09-07T16:21:01.714+0000] {processor.py:153} INFO - Started process (PID=68) to work on /home/airflow/.local/lib/python3.7/site-packages/airflow/example_dags/example_branch_datetime_operator.py
[2022-09-07T16:21:01.716+0000] {processor.py:640} INFO - Processing file /home/airflow/.local/lib/python3.7/site-packages/airflow/example_dags/example_branch_datetime_operator.py for tasks to queue
[2022-09-07T16:21:01.718+0000] {logging_mixin.py:115} INFO - [2022-09-07T16:21:01.718+0000] {dagbag.py:508} INFO - Filling up the DagBag from /home/airflow/.local/lib/python3.7/site-packages/airflow/example_dags/example_branch_datetime_operator.py
[2022-09-07T16:21:01.726+0000] {processor.py:650} INFO - DAG(s) dict_keys(['example_branch_datetime_operator', 'example_branch_datetime_operator_2']) retrieved from /home/airflow/.local/lib/python3.7/site-packages/airflow/example_dags/example_branch_datetime_operator.py
[2022-09-07T16:21:01.745+0000] {logging_mixin.py:115} INFO - [2022-09-07T16:21:01.745+0000] {dag.py:2429} INFO - Sync 2 DAGs
[2022-09-07T16:21:01.761+0000] {logging_mixin.py:115} INFO - [2022-09-07T16:21:01.761+0000] {dag.py:2981} INFO - Setting next_dagrun for example_branch_datetime_operator to 2022-09-06T00:00:00+00:00, run_after=2022-09-07T00:00:00+00:00
[2022-09-07T16:21:01.763+0000] {logging_mixin.py:115} INFO - [2022-09-07T16:21:01.763+0000] {dag.py:2981} INFO - Setting next_dagrun for example_branch_datetime_operator_2 to 2022-09-06T00:00:00+00:00, run_after=2022-09-07T00:00:00+00:00
[2022-09-07T16:21:01.771+0000] {processor.py:161} INFO - Processing /home/airflow/.local/lib/python3.7/site-packages/airflow/example_dags/example_branch_datetime_operator.py took 0.060 seconds
[2022-09-07T16:21:32.325+0000] {processor.py:153} INFO - Started process (PID=128) to work on /home/airflow/.local/lib/python3.7/site-packages/airflow/example_dags/example_branch_datetime_operator.py
[2022-09-07T16:21:32.326+0000] {processor.py:640} INFO - Processing file /home/airflow/.local/lib/python3.7/site-packages/airflow/example_dags/example_branch_datetime_operator.py for tasks to queue
[2022-09-07T16:21:32.327+0000] {logging_mixin.py:115} INFO - [2022-09-07T16:21:32.327+0000] {dagbag.py:508} INFO - Filling up the DagBag from /home/airflow/.local/lib/python3.7/site-packages/airflow/example_dags/example_branch_datetime_operator.py
[2022-09-07T16:21:32.334+0000] {processor.py:650} INFO - DAG(s) dict_keys(['example_branch_datetime_operator', 'example_branch_datetime_operator_2']) retrieved from /home/airflow/.local/lib/python3.7/site-packages/airflow/example_dags/example_branch_datetime_operator.py
[2022-09-07T16:21:32.360+0000] {logging_mixin.py:115} INFO - [2022-09-07T16:21:32.360+0000] {dag.py:2429} INFO - Sync 2 DAGs
[2022-09-07T16:21:32.395+0000] {logging_mixin.py:115} INFO - [2022-09-07T16:21:32.395+0000] {dag.py:2981} INFO - Setting next_dagrun for example_branch_datetime_operator to 2022-09-06T00:00:00+00:00, run_after=2022-09-07T00:00:00+00:00
[2022-09-07T16:21:32.397+0000] {logging_mixin.py:115} INFO - [2022-09-07T16:21:32.397+0000] {dag.py:2981} INFO - Setting next_dagrun for example_branch_datetime_operator_2 to 2022-09-06T00:00:00+00:00, run_after=2022-09-07T00:00:00+00:00
[2022-09-07T16:21:32.407+0000] {processor.py:161} INFO - Processing /home/airflow/.local/lib/python3.7/site-packages/airflow/example_dags/example_branch_datetime_operator.py took 0.085 seconds
[2022-09-07T16:22:03.025+0000] {processor.py:153} INFO - Started process (PID=583) to work on /home/airflow/.local/lib/python3.7/site-packages/airflow/example_dags/example_branch_datetime_operator.py
[2022-09-07T16:22:03.027+0000] {processor.py:640} INFO - Processing file /home/airflow/.local/lib/python3.7/site-packages/airflow/example_dags/example_branch_datetime_operator.py for tasks to queue
[2022-09-07T16:22:03.028+0000] {logging_mixin.py:115} INFO - [2022-09-07T16:22:03.028+0000] {dagbag.py:508} INFO - Filling up the DagBag from /home/airflow/.local/lib/python3.7/site-packages/airflow/example_dags/example_branch_datetime_operator.py
[2022-09-07T16:22:03.034+0000] {processor.py:650} INFO - DAG(s) dict_keys(['example_branch_datetime_operator', 'example_branch_datetime_operator_2']) retrieved from /home/airflow/.local/lib/python3.7/site-packages/airflow/example_dags/example_branch_datetime_operator.py
[2022-09-07T16:22:03.055+0000] {logging_mixin.py:115} INFO - [2022-09-07T16:22:03.055+0000] {dag.py:2429} INFO - Sync 2 DAGs
[2022-09-07T16:22:03.070+0000] {logging_mixin.py:115} INFO - [2022-09-07T16:22:03.070+0000] {dag.py:2981} INFO - Setting next_dagrun for example_branch_datetime_operator to 2022-09-06T00:00:00+00:00, run_after=2022-09-07T00:00:00+00:00
[2022-09-07T16:22:03.073+0000] {logging_mixin.py:115} INFO - [2022-09-07T16:22:03.073+0000] {dag.py:2981} INFO - Setting next_dagrun for example_branch_datetime_operator_2 to 2022-09-06T00:00:00+00:00, run_after=2022-09-07T00:00:00+00:00
[2022-09-07T16:22:03.081+0000] {processor.py:161} INFO - Processing /home/airflow/.local/lib/python3.7/site-packages/airflow/example_dags/example_branch_datetime_operator.py took 0.059 seconds
[2022-09-07T16:22:33.131+0000] {processor.py:153} INFO - Started process (PID=1278) to work on /home/airflow/.local/lib/python3.7/site-packages/airflow/example_dags/example_branch_datetime_operator.py
[2022-09-07T16:22:33.133+0000] {processor.py:640} INFO - Processing file /home/airflow/.local/lib/python3.7/site-packages/airflow/example_dags/example_branch_datetime_operator.py for tasks to queue
[2022-09-07T16:22:33.134+0000] {logging_mixin.py:115} INFO - [2022-09-07T16:22:33.134+0000] {dagbag.py:508} INFO - Filling up the DagBag from /home/airflow/.local/lib/python3.7/site-packages/airflow/example_dags/example_branch_datetime_operator.py
[2022-09-07T16:22:33.140+0000] {processor.py:650} INFO - DAG(s) dict_keys(['example_branch_datetime_operator', 'example_branch_datetime_operator_2']) retrieved from /home/airflow/.local/lib/python3.7/site-packages/airflow/example_dags/example_branch_datetime_operator.py
[2022-09-07T16:22:33.163+0000] {logging_mixin.py:115} INFO - [2022-09-07T16:22:33.162+0000] {dag.py:2429} INFO - Sync 2 DAGs
[2022-09-07T16:22:33.179+0000] {logging_mixin.py:115} INFO - [2022-09-07T16:22:33.179+0000] {dag.py:2981} INFO - Setting next_dagrun for example_branch_datetime_operator to 2022-09-06T00:00:00+00:00, run_after=2022-09-07T00:00:00+00:00
[2022-09-07T16:22:33.181+0000] {logging_mixin.py:115} INFO - [2022-09-07T16:22:33.181+0000] {dag.py:2981} INFO - Setting next_dagrun for example_branch_datetime_operator_2 to 2022-09-06T00:00:00+00:00, run_after=2022-09-07T00:00:00+00:00
[2022-09-07T16:22:33.192+0000] {processor.py:161} INFO - Processing /home/airflow/.local/lib/python3.7/site-packages/airflow/example_dags/example_branch_datetime_operator.py took 0.064 seconds
[2022-09-07T16:23:04.023+0000] {processor.py:153} INFO - Started process (PID=1818) to work on /home/airflow/.local/lib/python3.7/site-packages/airflow/example_dags/example_branch_datetime_operator.py
[2022-09-07T16:23:04.025+0000] {processor.py:640} INFO - Processing file /home/airflow/.local/lib/python3.7/site-packages/airflow/example_dags/example_branch_datetime_operator.py for tasks to queue
[2022-09-07T16:23:04.026+0000] {logging_mixin.py:115} INFO - [2022-09-07T16:23:04.026+0000] {dagbag.py:508} INFO - Filling up the DagBag from /home/airflow/.local/lib/python3.7/site-packages/airflow/example_dags/example_branch_datetime_operator.py
[2022-09-07T16:23:04.033+0000] {processor.py:650} INFO - DAG(s) dict_keys(['example_branch_datetime_operator', 'example_branch_datetime_operator_2']) retrieved from /home/airflow/.local/lib/python3.7/site-packages/airflow/example_dags/example_branch_datetime_operator.py
[2022-09-07T16:23:04.054+0000] {logging_mixin.py:115} INFO - [2022-09-07T16:23:04.054+0000] {dag.py:2429} INFO - Sync 2 DAGs
[2022-09-07T16:23:04.070+0000] {logging_mixin.py:115} INFO - [2022-09-07T16:23:04.070+0000] {dag.py:2981} INFO - Setting next_dagrun for example_branch_datetime_operator to 2022-09-06T00:00:00+00:00, run_after=2022-09-07T00:00:00+00:00
[2022-09-07T16:23:04.073+0000] {logging_mixin.py:115} INFO - [2022-09-07T16:23:04.073+0000] {dag.py:2981} INFO - Setting next_dagrun for example_branch_datetime_operator_2 to 2022-09-06T00:00:00+00:00, run_after=2022-09-07T00:00:00+00:00
[2022-09-07T16:23:04.083+0000] {processor.py:161} INFO - Processing /home/airflow/.local/lib/python3.7/site-packages/airflow/example_dags/example_branch_datetime_operator.py took 0.062 seconds
[2022-09-07T16:23:34.751+0000] {processor.py:153} INFO - Started process (PID=2180) to work on /home/airflow/.local/lib/python3.7/site-packages/airflow/example_dags/example_branch_datetime_operator.py
[2022-09-07T16:23:34.754+0000] {processor.py:640} INFO - Processing file /home/airflow/.local/lib/python3.7/site-packages/airflow/example_dags/example_branch_datetime_operator.py for tasks to queue
[2022-09-07T16:23:34.756+0000] {logging_mixin.py:115} INFO - [2022-09-07T16:23:34.756+0000] {dagbag.py:508} INFO - Filling up the DagBag from /home/airflow/.local/lib/python3.7/site-packages/airflow/example_dags/example_branch_datetime_operator.py
[2022-09-07T16:23:34.764+0000] {processor.py:650} INFO - DAG(s) dict_keys(['example_branch_datetime_operator', 'example_branch_datetime_operator_2']) retrieved from /home/airflow/.local/lib/python3.7/site-packages/airflow/example_dags/example_branch_datetime_operator.py
[2022-09-07T16:23:34.793+0000] {logging_mixin.py:115} INFO - [2022-09-07T16:23:34.793+0000] {dag.py:2429} INFO - Sync 2 DAGs
[2022-09-07T16:23:34.812+0000] {logging_mixin.py:115} INFO - [2022-09-07T16:23:34.812+0000] {dag.py:2981} INFO - Setting next_dagrun for example_branch_datetime_operator to 2022-09-06T00:00:00+00:00, run_after=2022-09-07T00:00:00+00:00
[2022-09-07T16:23:34.832+0000] {logging_mixin.py:115} INFO - [2022-09-07T16:23:34.832+0000] {dag.py:2981} INFO - Setting next_dagrun for example_branch_datetime_operator_2 to 2022-09-06T00:00:00+00:00, run_after=2022-09-07T00:00:00+00:00
[2022-09-07T16:23:34.842+0000] {processor.py:161} INFO - Processing /home/airflow/.local/lib/python3.7/site-packages/airflow/example_dags/example_branch_datetime_operator.py took 0.093 seconds
[2022-09-07T16:24:05.377+0000] {processor.py:153} INFO - Started process (PID=2564) to work on /home/airflow/.local/lib/python3.7/site-packages/airflow/example_dags/example_branch_datetime_operator.py
[2022-09-07T16:24:05.379+0000] {processor.py:640} INFO - Processing file /home/airflow/.local/lib/python3.7/site-packages/airflow/example_dags/example_branch_datetime_operator.py for tasks to queue
[2022-09-07T16:24:05.381+0000] {logging_mixin.py:115} INFO - [2022-09-07T16:24:05.380+0000] {dagbag.py:508} INFO - Filling up the DagBag from /home/airflow/.local/lib/python3.7/site-packages/airflow/example_dags/example_branch_datetime_operator.py
[2022-09-07T16:24:05.390+0000] {processor.py:650} INFO - DAG(s) dict_keys(['example_branch_datetime_operator', 'example_branch_datetime_operator_2']) retrieved from /home/airflow/.local/lib/python3.7/site-packages/airflow/example_dags/example_branch_datetime_operator.py
[2022-09-07T16:24:05.411+0000] {logging_mixin.py:115} INFO - [2022-09-07T16:24:05.411+0000] {dag.py:2429} INFO - Sync 2 DAGs
[2022-09-07T16:24:05.425+0000] {logging_mixin.py:115} INFO - [2022-09-07T16:24:05.425+0000] {dag.py:2981} INFO - Setting next_dagrun for example_branch_datetime_operator to 2022-09-06T00:00:00+00:00, run_after=2022-09-07T00:00:00+00:00
[2022-09-07T16:24:05.427+0000] {logging_mixin.py:115} INFO - [2022-09-07T16:24:05.427+0000] {dag.py:2981} INFO - Setting next_dagrun for example_branch_datetime_operator_2 to 2022-09-06T00:00:00+00:00, run_after=2022-09-07T00:00:00+00:00
[2022-09-07T16:24:05.468+0000] {processor.py:161} INFO - Processing /home/airflow/.local/lib/python3.7/site-packages/airflow/example_dags/example_branch_datetime_operator.py took 0.092 seconds
[2022-09-07T16:24:36.013+0000] {processor.py:153} INFO - Started process (PID=2924) to work on /home/airflow/.local/lib/python3.7/site-packages/airflow/example_dags/example_branch_datetime_operator.py
[2022-09-07T16:24:36.015+0000] {processor.py:640} INFO - Processing file /home/airflow/.local/lib/python3.7/site-packages/airflow/example_dags/example_branch_datetime_operator.py for tasks to queue
[2022-09-07T16:24:36.016+0000] {logging_mixin.py:115} INFO - [2022-09-07T16:24:36.016+0000] {dagbag.py:508} INFO - Filling up the DagBag from /home/airflow/.local/lib/python3.7/site-packages/airflow/example_dags/example_branch_datetime_operator.py
[2022-09-07T16:24:36.024+0000] {processor.py:650} INFO - DAG(s) dict_keys(['example_branch_datetime_operator', 'example_branch_datetime_operator_2']) retrieved from /home/airflow/.local/lib/python3.7/site-packages/airflow/example_dags/example_branch_datetime_operator.py
[2022-09-07T16:24:36.050+0000] {logging_mixin.py:115} INFO - [2022-09-07T16:24:36.050+0000] {dag.py:2429} INFO - Sync 2 DAGs
[2022-09-07T16:24:36.066+0000] {logging_mixin.py:115} INFO - [2022-09-07T16:24:36.066+0000] {dag.py:2981} INFO - Setting next_dagrun for example_branch_datetime_operator to 2022-09-06T00:00:00+00:00, run_after=2022-09-07T00:00:00+00:00
[2022-09-07T16:24:36.068+0000] {logging_mixin.py:115} INFO - [2022-09-07T16:24:36.068+0000] {dag.py:2981} INFO - Setting next_dagrun for example_branch_datetime_operator_2 to 2022-09-06T00:00:00+00:00, run_after=2022-09-07T00:00:00+00:00
[2022-09-07T16:24:36.077+0000] {processor.py:161} INFO - Processing /home/airflow/.local/lib/python3.7/site-packages/airflow/example_dags/example_branch_datetime_operator.py took 0.066 seconds
[2022-09-07T16:25:07.097+0000] {processor.py:153} INFO - Started process (PID=3252) to work on /home/airflow/.local/lib/python3.7/site-packages/airflow/example_dags/example_branch_datetime_operator.py
[2022-09-07T16:25:07.102+0000] {processor.py:640} INFO - Processing file /home/airflow/.local/lib/python3.7/site-packages/airflow/example_dags/example_branch_datetime_operator.py for tasks to queue
[2022-09-07T16:25:07.106+0000] {logging_mixin.py:115} INFO - [2022-09-07T16:25:07.106+0000] {dagbag.py:508} INFO - Filling up the DagBag from /home/airflow/.local/lib/python3.7/site-packages/airflow/example_dags/example_branch_datetime_operator.py
[2022-09-07T16:25:07.142+0000] {processor.py:650} INFO - DAG(s) dict_keys(['example_branch_datetime_operator', 'example_branch_datetime_operator_2']) retrieved from /home/airflow/.local/lib/python3.7/site-packages/airflow/example_dags/example_branch_datetime_operator.py
[2022-09-07T16:25:07.192+0000] {logging_mixin.py:115} INFO - [2022-09-07T16:25:07.192+0000] {dag.py:2429} INFO - Sync 2 DAGs
[2022-09-07T16:25:07.210+0000] {logging_mixin.py:115} INFO - [2022-09-07T16:25:07.210+0000] {dag.py:2981} INFO - Setting next_dagrun for example_branch_datetime_operator to 2022-09-06T00:00:00+00:00, run_after=2022-09-07T00:00:00+00:00
[2022-09-07T16:25:07.213+0000] {logging_mixin.py:115} INFO - [2022-09-07T16:25:07.213+0000] {dag.py:2981} INFO - Setting next_dagrun for example_branch_datetime_operator_2 to 2022-09-06T00:00:00+00:00, run_after=2022-09-07T00:00:00+00:00
[2022-09-07T16:25:07.223+0000] {processor.py:161} INFO - Processing /home/airflow/.local/lib/python3.7/site-packages/airflow/example_dags/example_branch_datetime_operator.py took 0.130 seconds
[2022-09-07T16:25:37.333+0000] {processor.py:153} INFO - Started process (PID=3313) to work on /home/airflow/.local/lib/python3.7/site-packages/airflow/example_dags/example_branch_datetime_operator.py
[2022-09-07T16:25:37.335+0000] {processor.py:640} INFO - Processing file /home/airflow/.local/lib/python3.7/site-packages/airflow/example_dags/example_branch_datetime_operator.py for tasks to queue
[2022-09-07T16:25:37.338+0000] {logging_mixin.py:115} INFO - [2022-09-07T16:25:37.338+0000] {dagbag.py:508} INFO - Filling up the DagBag from /home/airflow/.local/lib/python3.7/site-packages/airflow/example_dags/example_branch_datetime_operator.py
[2022-09-07T16:25:37.346+0000] {processor.py:650} INFO - DAG(s) dict_keys(['example_branch_datetime_operator', 'example_branch_datetime_operator_2']) retrieved from /home/airflow/.local/lib/python3.7/site-packages/airflow/example_dags/example_branch_datetime_operator.py
[2022-09-07T16:25:37.365+0000] {logging_mixin.py:115} INFO - [2022-09-07T16:25:37.365+0000] {dag.py:2429} INFO - Sync 2 DAGs
[2022-09-07T16:25:37.380+0000] {logging_mixin.py:115} INFO - [2022-09-07T16:25:37.380+0000] {dag.py:2981} INFO - Setting next_dagrun for example_branch_datetime_operator to 2022-09-06T00:00:00+00:00, run_after=2022-09-07T00:00:00+00:00
[2022-09-07T16:25:37.382+0000] {logging_mixin.py:115} INFO - [2022-09-07T16:25:37.382+0000] {dag.py:2981} INFO - Setting next_dagrun for example_branch_datetime_operator_2 to 2022-09-06T00:00:00+00:00, run_after=2022-09-07T00:00:00+00:00
[2022-09-07T16:25:37.391+0000] {processor.py:161} INFO - Processing /home/airflow/.local/lib/python3.7/site-packages/airflow/example_dags/example_branch_datetime_operator.py took 0.062 seconds
[2022-09-07T16:26:07.504+0000] {processor.py:153} INFO - Started process (PID=3366) to work on /home/airflow/.local/lib/python3.7/site-packages/airflow/example_dags/example_branch_datetime_operator.py
[2022-09-07T16:26:07.505+0000] {processor.py:640} INFO - Processing file /home/airflow/.local/lib/python3.7/site-packages/airflow/example_dags/example_branch_datetime_operator.py for tasks to queue
[2022-09-07T16:26:07.507+0000] {logging_mixin.py:115} INFO - [2022-09-07T16:26:07.506+0000] {dagbag.py:508} INFO - Filling up the DagBag from /home/airflow/.local/lib/python3.7/site-packages/airflow/example_dags/example_branch_datetime_operator.py
[2022-09-07T16:26:07.514+0000] {processor.py:650} INFO - DAG(s) dict_keys(['example_branch_datetime_operator', 'example_branch_datetime_operator_2']) retrieved from /home/airflow/.local/lib/python3.7/site-packages/airflow/example_dags/example_branch_datetime_operator.py
[2022-09-07T16:26:07.535+0000] {logging_mixin.py:115} INFO - [2022-09-07T16:26:07.535+0000] {dag.py:2429} INFO - Sync 2 DAGs
[2022-09-07T16:26:07.551+0000] {logging_mixin.py:115} INFO - [2022-09-07T16:26:07.551+0000] {dag.py:2981} INFO - Setting next_dagrun for example_branch_datetime_operator to 2022-09-06T00:00:00+00:00, run_after=2022-09-07T00:00:00+00:00
[2022-09-07T16:26:07.553+0000] {logging_mixin.py:115} INFO - [2022-09-07T16:26:07.553+0000] {dag.py:2981} INFO - Setting next_dagrun for example_branch_datetime_operator_2 to 2022-09-06T00:00:00+00:00, run_after=2022-09-07T00:00:00+00:00
[2022-09-07T16:26:07.565+0000] {processor.py:161} INFO - Processing /home/airflow/.local/lib/python3.7/site-packages/airflow/example_dags/example_branch_datetime_operator.py took 0.064 seconds
[2022-09-07T16:26:38.553+0000] {processor.py:153} INFO - Started process (PID=3427) to work on /home/airflow/.local/lib/python3.7/site-packages/airflow/example_dags/example_branch_datetime_operator.py
[2022-09-07T16:26:38.555+0000] {processor.py:640} INFO - Processing file /home/airflow/.local/lib/python3.7/site-packages/airflow/example_dags/example_branch_datetime_operator.py for tasks to queue
[2022-09-07T16:26:38.556+0000] {logging_mixin.py:115} INFO - [2022-09-07T16:26:38.556+0000] {dagbag.py:508} INFO - Filling up the DagBag from /home/airflow/.local/lib/python3.7/site-packages/airflow/example_dags/example_branch_datetime_operator.py
[2022-09-07T16:26:38.565+0000] {processor.py:650} INFO - DAG(s) dict_keys(['example_branch_datetime_operator', 'example_branch_datetime_operator_2']) retrieved from /home/airflow/.local/lib/python3.7/site-packages/airflow/example_dags/example_branch_datetime_operator.py
[2022-09-07T16:26:38.593+0000] {logging_mixin.py:115} INFO - [2022-09-07T16:26:38.593+0000] {dag.py:2429} INFO - Sync 2 DAGs
[2022-09-07T16:26:38.615+0000] {logging_mixin.py:115} INFO - [2022-09-07T16:26:38.615+0000] {dag.py:2981} INFO - Setting next_dagrun for example_branch_datetime_operator to 2022-09-06T00:00:00+00:00, run_after=2022-09-07T00:00:00+00:00
[2022-09-07T16:26:38.618+0000] {logging_mixin.py:115} INFO - [2022-09-07T16:26:38.618+0000] {dag.py:2981} INFO - Setting next_dagrun for example_branch_datetime_operator_2 to 2022-09-06T00:00:00+00:00, run_after=2022-09-07T00:00:00+00:00
[2022-09-07T16:26:38.629+0000] {processor.py:161} INFO - Processing /home/airflow/.local/lib/python3.7/site-packages/airflow/example_dags/example_branch_datetime_operator.py took 0.078 seconds
[2022-09-07T16:27:09.174+0000] {processor.py:153} INFO - Started process (PID=3488) to work on /home/airflow/.local/lib/python3.7/site-packages/airflow/example_dags/example_branch_datetime_operator.py
[2022-09-07T16:27:09.176+0000] {processor.py:640} INFO - Processing file /home/airflow/.local/lib/python3.7/site-packages/airflow/example_dags/example_branch_datetime_operator.py for tasks to queue
[2022-09-07T16:27:09.177+0000] {logging_mixin.py:115} INFO - [2022-09-07T16:27:09.177+0000] {dagbag.py:508} INFO - Filling up the DagBag from /home/airflow/.local/lib/python3.7/site-packages/airflow/example_dags/example_branch_datetime_operator.py
[2022-09-07T16:27:09.185+0000] {processor.py:650} INFO - DAG(s) dict_keys(['example_branch_datetime_operator', 'example_branch_datetime_operator_2']) retrieved from /home/airflow/.local/lib/python3.7/site-packages/airflow/example_dags/example_branch_datetime_operator.py
[2022-09-07T16:27:09.211+0000] {logging_mixin.py:115} INFO - [2022-09-07T16:27:09.211+0000] {dag.py:2429} INFO - Sync 2 DAGs
[2022-09-07T16:27:09.227+0000] {logging_mixin.py:115} INFO - [2022-09-07T16:27:09.227+0000] {dag.py:2981} INFO - Setting next_dagrun for example_branch_datetime_operator to 2022-09-06T00:00:00+00:00, run_after=2022-09-07T00:00:00+00:00
[2022-09-07T16:27:09.230+0000] {logging_mixin.py:115} INFO - [2022-09-07T16:27:09.229+0000] {dag.py:2981} INFO - Setting next_dagrun for example_branch_datetime_operator_2 to 2022-09-06T00:00:00+00:00, run_after=2022-09-07T00:00:00+00:00
[2022-09-07T16:27:09.238+0000] {processor.py:161} INFO - Processing /home/airflow/.local/lib/python3.7/site-packages/airflow/example_dags/example_branch_datetime_operator.py took 0.066 seconds
[2022-09-07T16:27:39.917+0000] {processor.py:153} INFO - Started process (PID=3550) to work on /home/airflow/.local/lib/python3.7/site-packages/airflow/example_dags/example_branch_datetime_operator.py
[2022-09-07T16:27:39.919+0000] {processor.py:640} INFO - Processing file /home/airflow/.local/lib/python3.7/site-packages/airflow/example_dags/example_branch_datetime_operator.py for tasks to queue
[2022-09-07T16:27:39.921+0000] {logging_mixin.py:115} INFO - [2022-09-07T16:27:39.921+0000] {dagbag.py:508} INFO - Filling up the DagBag from /home/airflow/.local/lib/python3.7/site-packages/airflow/example_dags/example_branch_datetime_operator.py
[2022-09-07T16:27:39.928+0000] {processor.py:650} INFO - DAG(s) dict_keys(['example_branch_datetime_operator', 'example_branch_datetime_operator_2']) retrieved from /home/airflow/.local/lib/python3.7/site-packages/airflow/example_dags/example_branch_datetime_operator.py
[2022-09-07T16:27:39.951+0000] {logging_mixin.py:115} INFO - [2022-09-07T16:27:39.951+0000] {dag.py:2429} INFO - Sync 2 DAGs
[2022-09-07T16:27:39.966+0000] {logging_mixin.py:115} INFO - [2022-09-07T16:27:39.966+0000] {dag.py:2981} INFO - Setting next_dagrun for example_branch_datetime_operator to 2022-09-06T00:00:00+00:00, run_after=2022-09-07T00:00:00+00:00
[2022-09-07T16:27:39.969+0000] {logging_mixin.py:115} INFO - [2022-09-07T16:27:39.969+0000] {dag.py:2981} INFO - Setting next_dagrun for example_branch_datetime_operator_2 to 2022-09-06T00:00:00+00:00, run_after=2022-09-07T00:00:00+00:00
[2022-09-07T16:27:39.980+0000] {processor.py:161} INFO - Processing /home/airflow/.local/lib/python3.7/site-packages/airflow/example_dags/example_branch_datetime_operator.py took 0.065 seconds
[2022-09-07T16:28:10.611+0000] {processor.py:153} INFO - Started process (PID=3611) to work on /home/airflow/.local/lib/python3.7/site-packages/airflow/example_dags/example_branch_datetime_operator.py
[2022-09-07T16:28:10.613+0000] {processor.py:640} INFO - Processing file /home/airflow/.local/lib/python3.7/site-packages/airflow/example_dags/example_branch_datetime_operator.py for tasks to queue
[2022-09-07T16:28:10.614+0000] {logging_mixin.py:115} INFO - [2022-09-07T16:28:10.614+0000] {dagbag.py:508} INFO - Filling up the DagBag from /home/airflow/.local/lib/python3.7/site-packages/airflow/example_dags/example_branch_datetime_operator.py
[2022-09-07T16:28:10.620+0000] {processor.py:650} INFO - DAG(s) dict_keys(['example_branch_datetime_operator', 'example_branch_datetime_operator_2']) retrieved from /home/airflow/.local/lib/python3.7/site-packages/airflow/example_dags/example_branch_datetime_operator.py
[2022-09-07T16:28:10.641+0000] {logging_mixin.py:115} INFO - [2022-09-07T16:28:10.641+0000] {dag.py:2429} INFO - Sync 2 DAGs
[2022-09-07T16:28:10.658+0000] {logging_mixin.py:115} INFO - [2022-09-07T16:28:10.658+0000] {dag.py:2981} INFO - Setting next_dagrun for example_branch_datetime_operator to 2022-09-06T00:00:00+00:00, run_after=2022-09-07T00:00:00+00:00
[2022-09-07T16:28:10.663+0000] {logging_mixin.py:115} INFO - [2022-09-07T16:28:10.663+0000] {dag.py:2981} INFO - Setting next_dagrun for example_branch_datetime_operator_2 to 2022-09-06T00:00:00+00:00, run_after=2022-09-07T00:00:00+00:00
[2022-09-07T16:28:10.674+0000] {processor.py:161} INFO - Processing /home/airflow/.local/lib/python3.7/site-packages/airflow/example_dags/example_branch_datetime_operator.py took 0.065 seconds
[2022-09-07T16:29:19.140+0000] {processor.py:153} INFO - Started process (PID=59) to work on /home/airflow/.local/lib/python3.7/site-packages/airflow/example_dags/example_branch_datetime_operator.py
[2022-09-07T16:29:19.143+0000] {processor.py:640} INFO - Processing file /home/airflow/.local/lib/python3.7/site-packages/airflow/example_dags/example_branch_datetime_operator.py for tasks to queue
[2022-09-07T16:29:19.144+0000] {logging_mixin.py:115} INFO - [2022-09-07T16:29:19.144+0000] {dagbag.py:508} INFO - Filling up the DagBag from /home/airflow/.local/lib/python3.7/site-packages/airflow/example_dags/example_branch_datetime_operator.py
[2022-09-07T16:29:19.171+0000] {processor.py:650} INFO - DAG(s) dict_keys(['example_branch_datetime_operator', 'example_branch_datetime_operator_2']) retrieved from /home/airflow/.local/lib/python3.7/site-packages/airflow/example_dags/example_branch_datetime_operator.py
[2022-09-07T16:29:19.241+0000] {logging_mixin.py:115} INFO - [2022-09-07T16:29:19.241+0000] {dag.py:2429} INFO - Sync 2 DAGs
[2022-09-07T16:29:19.302+0000] {logging_mixin.py:115} INFO - [2022-09-07T16:29:19.302+0000] {dag.py:2981} INFO - Setting next_dagrun for example_branch_datetime_operator to 2022-09-06T00:00:00+00:00, run_after=2022-09-07T00:00:00+00:00
[2022-09-07T16:29:19.305+0000] {logging_mixin.py:115} INFO - [2022-09-07T16:29:19.305+0000] {dag.py:2981} INFO - Setting next_dagrun for example_branch_datetime_operator_2 to 2022-09-06T00:00:00+00:00, run_after=2022-09-07T00:00:00+00:00
[2022-09-07T16:29:19.333+0000] {processor.py:161} INFO - Processing /home/airflow/.local/lib/python3.7/site-packages/airflow/example_dags/example_branch_datetime_operator.py took 0.196 seconds
[2022-09-07T16:29:49.630+0000] {processor.py:153} INFO - Started process (PID=111) to work on /home/airflow/.local/lib/python3.7/site-packages/airflow/example_dags/example_branch_datetime_operator.py
[2022-09-07T16:29:49.632+0000] {processor.py:640} INFO - Processing file /home/airflow/.local/lib/python3.7/site-packages/airflow/example_dags/example_branch_datetime_operator.py for tasks to queue
[2022-09-07T16:29:49.636+0000] {logging_mixin.py:115} INFO - [2022-09-07T16:29:49.636+0000] {dagbag.py:508} INFO - Filling up the DagBag from /home/airflow/.local/lib/python3.7/site-packages/airflow/example_dags/example_branch_datetime_operator.py
[2022-09-07T16:29:49.647+0000] {processor.py:650} INFO - DAG(s) dict_keys(['example_branch_datetime_operator', 'example_branch_datetime_operator_2']) retrieved from /home/airflow/.local/lib/python3.7/site-packages/airflow/example_dags/example_branch_datetime_operator.py
[2022-09-07T16:29:49.670+0000] {logging_mixin.py:115} INFO - [2022-09-07T16:29:49.670+0000] {dag.py:2429} INFO - Sync 2 DAGs
[2022-09-07T16:29:49.686+0000] {logging_mixin.py:115} INFO - [2022-09-07T16:29:49.685+0000] {dag.py:2981} INFO - Setting next_dagrun for example_branch_datetime_operator to 2022-09-06T00:00:00+00:00, run_after=2022-09-07T00:00:00+00:00
[2022-09-07T16:29:49.688+0000] {logging_mixin.py:115} INFO - [2022-09-07T16:29:49.688+0000] {dag.py:2981} INFO - Setting next_dagrun for example_branch_datetime_operator_2 to 2022-09-06T00:00:00+00:00, run_after=2022-09-07T00:00:00+00:00
[2022-09-07T16:29:49.696+0000] {processor.py:161} INFO - Processing /home/airflow/.local/lib/python3.7/site-packages/airflow/example_dags/example_branch_datetime_operator.py took 0.071 seconds
[2022-09-07T16:30:19.913+0000] {processor.py:153} INFO - Started process (PID=171) to work on /home/airflow/.local/lib/python3.7/site-packages/airflow/example_dags/example_branch_datetime_operator.py
[2022-09-07T16:30:19.916+0000] {processor.py:640} INFO - Processing file /home/airflow/.local/lib/python3.7/site-packages/airflow/example_dags/example_branch_datetime_operator.py for tasks to queue
[2022-09-07T16:30:19.919+0000] {logging_mixin.py:115} INFO - [2022-09-07T16:30:19.919+0000] {dagbag.py:508} INFO - Filling up the DagBag from /home/airflow/.local/lib/python3.7/site-packages/airflow/example_dags/example_branch_datetime_operator.py
[2022-09-07T16:30:19.927+0000] {processor.py:650} INFO - DAG(s) dict_keys(['example_branch_datetime_operator', 'example_branch_datetime_operator_2']) retrieved from /home/airflow/.local/lib/python3.7/site-packages/airflow/example_dags/example_branch_datetime_operator.py
[2022-09-07T16:30:19.975+0000] {logging_mixin.py:115} INFO - [2022-09-07T16:30:19.975+0000] {dag.py:2429} INFO - Sync 2 DAGs
[2022-09-07T16:30:19.995+0000] {logging_mixin.py:115} INFO - [2022-09-07T16:30:19.995+0000] {dag.py:2981} INFO - Setting next_dagrun for example_branch_datetime_operator to 2022-09-06T00:00:00+00:00, run_after=2022-09-07T00:00:00+00:00
[2022-09-07T16:30:19.998+0000] {logging_mixin.py:115} INFO - [2022-09-07T16:30:19.998+0000] {dag.py:2981} INFO - Setting next_dagrun for example_branch_datetime_operator_2 to 2022-09-06T00:00:00+00:00, run_after=2022-09-07T00:00:00+00:00
[2022-09-07T16:30:20.007+0000] {processor.py:161} INFO - Processing /home/airflow/.local/lib/python3.7/site-packages/airflow/example_dags/example_branch_datetime_operator.py took 0.097 seconds
[2022-09-07T16:30:50.835+0000] {processor.py:153} INFO - Started process (PID=232) to work on /home/airflow/.local/lib/python3.7/site-packages/airflow/example_dags/example_branch_datetime_operator.py
[2022-09-07T16:30:50.838+0000] {processor.py:640} INFO - Processing file /home/airflow/.local/lib/python3.7/site-packages/airflow/example_dags/example_branch_datetime_operator.py for tasks to queue
[2022-09-07T16:30:50.838+0000] {logging_mixin.py:115} INFO - [2022-09-07T16:30:50.838+0000] {dagbag.py:508} INFO - Filling up the DagBag from /home/airflow/.local/lib/python3.7/site-packages/airflow/example_dags/example_branch_datetime_operator.py
[2022-09-07T16:30:50.845+0000] {processor.py:650} INFO - DAG(s) dict_keys(['example_branch_datetime_operator', 'example_branch_datetime_operator_2']) retrieved from /home/airflow/.local/lib/python3.7/site-packages/airflow/example_dags/example_branch_datetime_operator.py
[2022-09-07T16:30:50.866+0000] {logging_mixin.py:115} INFO - [2022-09-07T16:30:50.866+0000] {dag.py:2429} INFO - Sync 2 DAGs
[2022-09-07T16:30:50.882+0000] {logging_mixin.py:115} INFO - [2022-09-07T16:30:50.882+0000] {dag.py:2981} INFO - Setting next_dagrun for example_branch_datetime_operator to 2022-09-06T00:00:00+00:00, run_after=2022-09-07T00:00:00+00:00
[2022-09-07T16:30:50.884+0000] {logging_mixin.py:115} INFO - [2022-09-07T16:30:50.884+0000] {dag.py:2981} INFO - Setting next_dagrun for example_branch_datetime_operator_2 to 2022-09-06T00:00:00+00:00, run_after=2022-09-07T00:00:00+00:00
[2022-09-07T16:30:50.892+0000] {processor.py:161} INFO - Processing /home/airflow/.local/lib/python3.7/site-packages/airflow/example_dags/example_branch_datetime_operator.py took 0.059 seconds
[2022-09-07T16:31:21.492+0000] {processor.py:153} INFO - Started process (PID=293) to work on /home/airflow/.local/lib/python3.7/site-packages/airflow/example_dags/example_branch_datetime_operator.py
[2022-09-07T16:31:21.494+0000] {processor.py:640} INFO - Processing file /home/airflow/.local/lib/python3.7/site-packages/airflow/example_dags/example_branch_datetime_operator.py for tasks to queue
[2022-09-07T16:31:21.495+0000] {logging_mixin.py:115} INFO - [2022-09-07T16:31:21.495+0000] {dagbag.py:508} INFO - Filling up the DagBag from /home/airflow/.local/lib/python3.7/site-packages/airflow/example_dags/example_branch_datetime_operator.py
[2022-09-07T16:31:21.502+0000] {processor.py:650} INFO - DAG(s) dict_keys(['example_branch_datetime_operator', 'example_branch_datetime_operator_2']) retrieved from /home/airflow/.local/lib/python3.7/site-packages/airflow/example_dags/example_branch_datetime_operator.py
[2022-09-07T16:31:21.525+0000] {logging_mixin.py:115} INFO - [2022-09-07T16:31:21.525+0000] {dag.py:2429} INFO - Sync 2 DAGs
[2022-09-07T16:31:21.541+0000] {logging_mixin.py:115} INFO - [2022-09-07T16:31:21.541+0000] {dag.py:2981} INFO - Setting next_dagrun for example_branch_datetime_operator to 2022-09-06T00:00:00+00:00, run_after=2022-09-07T00:00:00+00:00
[2022-09-07T16:31:21.544+0000] {logging_mixin.py:115} INFO - [2022-09-07T16:31:21.544+0000] {dag.py:2981} INFO - Setting next_dagrun for example_branch_datetime_operator_2 to 2022-09-06T00:00:00+00:00, run_after=2022-09-07T00:00:00+00:00
[2022-09-07T16:31:21.556+0000] {processor.py:161} INFO - Processing /home/airflow/.local/lib/python3.7/site-packages/airflow/example_dags/example_branch_datetime_operator.py took 0.068 seconds
[2022-09-07T17:23:39.603+0000] {processor.py:153} INFO - Started process (PID=57) to work on /home/airflow/.local/lib/python3.7/site-packages/airflow/example_dags/example_branch_datetime_operator.py
[2022-09-07T17:23:39.618+0000] {processor.py:640} INFO - Processing file /home/airflow/.local/lib/python3.7/site-packages/airflow/example_dags/example_branch_datetime_operator.py for tasks to queue
[2022-09-07T17:23:39.621+0000] {logging_mixin.py:115} INFO - [2022-09-07T17:23:39.620+0000] {dagbag.py:508} INFO - Filling up the DagBag from /home/airflow/.local/lib/python3.7/site-packages/airflow/example_dags/example_branch_datetime_operator.py
[2022-09-07T17:23:39.660+0000] {processor.py:650} INFO - DAG(s) dict_keys(['example_branch_datetime_operator', 'example_branch_datetime_operator_2']) retrieved from /home/airflow/.local/lib/python3.7/site-packages/airflow/example_dags/example_branch_datetime_operator.py
[2022-09-07T17:23:39.920+0000] {logging_mixin.py:115} INFO - [2022-09-07T17:23:39.919+0000] {dag.py:2429} INFO - Sync 2 DAGs
[2022-09-07T17:23:39.994+0000] {logging_mixin.py:115} INFO - [2022-09-07T17:23:39.993+0000] {dag.py:2981} INFO - Setting next_dagrun for example_branch_datetime_operator to 2022-09-06T00:00:00+00:00, run_after=2022-09-07T00:00:00+00:00
[2022-09-07T17:23:39.998+0000] {logging_mixin.py:115} INFO - [2022-09-07T17:23:39.998+0000] {dag.py:2981} INFO - Setting next_dagrun for example_branch_datetime_operator_2 to 2022-09-06T00:00:00+00:00, run_after=2022-09-07T00:00:00+00:00
[2022-09-07T17:23:40.047+0000] {processor.py:161} INFO - Processing /home/airflow/.local/lib/python3.7/site-packages/airflow/example_dags/example_branch_datetime_operator.py took 0.461 seconds
[2022-09-07T17:24:10.884+0000] {processor.py:153} INFO - Started process (PID=110) to work on /home/airflow/.local/lib/python3.7/site-packages/airflow/example_dags/example_branch_datetime_operator.py
[2022-09-07T17:24:10.885+0000] {processor.py:640} INFO - Processing file /home/airflow/.local/lib/python3.7/site-packages/airflow/example_dags/example_branch_datetime_operator.py for tasks to queue
[2022-09-07T17:24:10.886+0000] {logging_mixin.py:115} INFO - [2022-09-07T17:24:10.886+0000] {dagbag.py:508} INFO - Filling up the DagBag from /home/airflow/.local/lib/python3.7/site-packages/airflow/example_dags/example_branch_datetime_operator.py
[2022-09-07T17:24:10.893+0000] {processor.py:650} INFO - DAG(s) dict_keys(['example_branch_datetime_operator', 'example_branch_datetime_operator_2']) retrieved from /home/airflow/.local/lib/python3.7/site-packages/airflow/example_dags/example_branch_datetime_operator.py
[2022-09-07T17:24:10.913+0000] {logging_mixin.py:115} INFO - [2022-09-07T17:24:10.913+0000] {dag.py:2429} INFO - Sync 2 DAGs
[2022-09-07T17:24:10.926+0000] {logging_mixin.py:115} INFO - [2022-09-07T17:24:10.926+0000] {dag.py:2981} INFO - Setting next_dagrun for example_branch_datetime_operator to 2022-09-06T00:00:00+00:00, run_after=2022-09-07T00:00:00+00:00
[2022-09-07T17:24:10.928+0000] {logging_mixin.py:115} INFO - [2022-09-07T17:24:10.928+0000] {dag.py:2981} INFO - Setting next_dagrun for example_branch_datetime_operator_2 to 2022-09-06T00:00:00+00:00, run_after=2022-09-07T00:00:00+00:00
[2022-09-07T17:24:10.938+0000] {processor.py:161} INFO - Processing /home/airflow/.local/lib/python3.7/site-packages/airflow/example_dags/example_branch_datetime_operator.py took 0.057 seconds
[2022-09-07T17:24:41.778+0000] {processor.py:153} INFO - Started process (PID=170) to work on /home/airflow/.local/lib/python3.7/site-packages/airflow/example_dags/example_branch_datetime_operator.py
[2022-09-07T17:24:41.780+0000] {processor.py:640} INFO - Processing file /home/airflow/.local/lib/python3.7/site-packages/airflow/example_dags/example_branch_datetime_operator.py for tasks to queue
[2022-09-07T17:24:41.781+0000] {logging_mixin.py:115} INFO - [2022-09-07T17:24:41.781+0000] {dagbag.py:508} INFO - Filling up the DagBag from /home/airflow/.local/lib/python3.7/site-packages/airflow/example_dags/example_branch_datetime_operator.py
[2022-09-07T17:24:41.788+0000] {processor.py:650} INFO - DAG(s) dict_keys(['example_branch_datetime_operator', 'example_branch_datetime_operator_2']) retrieved from /home/airflow/.local/lib/python3.7/site-packages/airflow/example_dags/example_branch_datetime_operator.py
[2022-09-07T17:24:41.810+0000] {logging_mixin.py:115} INFO - [2022-09-07T17:24:41.810+0000] {dag.py:2429} INFO - Sync 2 DAGs
[2022-09-07T17:24:41.825+0000] {logging_mixin.py:115} INFO - [2022-09-07T17:24:41.825+0000] {dag.py:2981} INFO - Setting next_dagrun for example_branch_datetime_operator to 2022-09-06T00:00:00+00:00, run_after=2022-09-07T00:00:00+00:00
[2022-09-07T17:24:41.826+0000] {logging_mixin.py:115} INFO - [2022-09-07T17:24:41.826+0000] {dag.py:2981} INFO - Setting next_dagrun for example_branch_datetime_operator_2 to 2022-09-06T00:00:00+00:00, run_after=2022-09-07T00:00:00+00:00
[2022-09-07T17:24:41.836+0000] {processor.py:161} INFO - Processing /home/airflow/.local/lib/python3.7/site-packages/airflow/example_dags/example_branch_datetime_operator.py took 0.061 seconds
