[2022-09-07T07:55:34.093+0000] {processor.py:153} INFO - Started process (PID=55) to work on /home/airflow/.local/lib/python3.7/site-packages/airflow/example_dags/example_trigger_target_dag.py
[2022-09-07T07:55:34.095+0000] {processor.py:640} INFO - Processing file /home/airflow/.local/lib/python3.7/site-packages/airflow/example_dags/example_trigger_target_dag.py for tasks to queue
[2022-09-07T07:55:34.097+0000] {logging_mixin.py:115} INFO - [2022-09-07T07:55:34.096+0000] {dagbag.py:508} INFO - Filling up the DagBag from /home/airflow/.local/lib/python3.7/site-packages/airflow/example_dags/example_trigger_target_dag.py
[2022-09-07T07:55:34.118+0000] {processor.py:650} INFO - DAG(s) dict_keys(['example_trigger_target_dag']) retrieved from /home/airflow/.local/lib/python3.7/site-packages/airflow/example_dags/example_trigger_target_dag.py
[2022-09-07T07:55:34.265+0000] {logging_mixin.py:115} INFO - [2022-09-07T07:55:34.265+0000] {manager.py:508} INFO - Created Permission View: can delete on DAG:example_trigger_target_dag
[2022-09-07T07:55:34.278+0000] {logging_mixin.py:115} INFO - [2022-09-07T07:55:34.277+0000] {manager.py:508} INFO - Created Permission View: can read on DAG:example_trigger_target_dag
[2022-09-07T07:55:34.300+0000] {logging_mixin.py:115} INFO - [2022-09-07T07:55:34.300+0000] {manager.py:508} INFO - Created Permission View: can edit on DAG:example_trigger_target_dag
[2022-09-07T07:55:34.302+0000] {logging_mixin.py:115} INFO - [2022-09-07T07:55:34.302+0000] {dag.py:2429} INFO - Sync 1 DAGs
[2022-09-07T07:55:34.317+0000] {logging_mixin.py:115} INFO - [2022-09-07T07:55:34.316+0000] {dag.py:2448} INFO - Creating ORM DAG for example_trigger_target_dag
[2022-09-07T07:55:34.333+0000] {logging_mixin.py:115} INFO - [2022-09-07T07:55:34.333+0000] {dag.py:2981} INFO - Setting next_dagrun for example_trigger_target_dag to None, run_after=None
[2022-09-07T07:55:34.361+0000] {processor.py:161} INFO - Processing /home/airflow/.local/lib/python3.7/site-packages/airflow/example_dags/example_trigger_target_dag.py took 0.275 seconds
[2022-09-07T07:56:05.144+0000] {processor.py:153} INFO - Started process (PID=116) to work on /home/airflow/.local/lib/python3.7/site-packages/airflow/example_dags/example_trigger_target_dag.py
[2022-09-07T07:56:05.145+0000] {processor.py:640} INFO - Processing file /home/airflow/.local/lib/python3.7/site-packages/airflow/example_dags/example_trigger_target_dag.py for tasks to queue
[2022-09-07T07:56:05.147+0000] {logging_mixin.py:115} INFO - [2022-09-07T07:56:05.147+0000] {dagbag.py:508} INFO - Filling up the DagBag from /home/airflow/.local/lib/python3.7/site-packages/airflow/example_dags/example_trigger_target_dag.py
[2022-09-07T07:56:05.157+0000] {processor.py:650} INFO - DAG(s) dict_keys(['example_trigger_target_dag']) retrieved from /home/airflow/.local/lib/python3.7/site-packages/airflow/example_dags/example_trigger_target_dag.py
[2022-09-07T07:56:05.176+0000] {logging_mixin.py:115} INFO - [2022-09-07T07:56:05.175+0000] {dag.py:2429} INFO - Sync 1 DAGs
[2022-09-07T07:56:05.188+0000] {logging_mixin.py:115} INFO - [2022-09-07T07:56:05.188+0000] {dag.py:2981} INFO - Setting next_dagrun for example_trigger_target_dag to None, run_after=None
[2022-09-07T07:56:05.201+0000] {processor.py:161} INFO - Processing /home/airflow/.local/lib/python3.7/site-packages/airflow/example_dags/example_trigger_target_dag.py took 0.061 seconds
[2022-09-07T07:56:36.019+0000] {processor.py:153} INFO - Started process (PID=177) to work on /home/airflow/.local/lib/python3.7/site-packages/airflow/example_dags/example_trigger_target_dag.py
[2022-09-07T07:56:36.021+0000] {processor.py:640} INFO - Processing file /home/airflow/.local/lib/python3.7/site-packages/airflow/example_dags/example_trigger_target_dag.py for tasks to queue
[2022-09-07T07:56:36.022+0000] {logging_mixin.py:115} INFO - [2022-09-07T07:56:36.022+0000] {dagbag.py:508} INFO - Filling up the DagBag from /home/airflow/.local/lib/python3.7/site-packages/airflow/example_dags/example_trigger_target_dag.py
[2022-09-07T07:56:36.031+0000] {processor.py:650} INFO - DAG(s) dict_keys(['example_trigger_target_dag']) retrieved from /home/airflow/.local/lib/python3.7/site-packages/airflow/example_dags/example_trigger_target_dag.py
[2022-09-07T07:56:36.052+0000] {logging_mixin.py:115} INFO - [2022-09-07T07:56:36.052+0000] {dag.py:2429} INFO - Sync 1 DAGs
[2022-09-07T07:56:36.064+0000] {logging_mixin.py:115} INFO - [2022-09-07T07:56:36.064+0000] {dag.py:2981} INFO - Setting next_dagrun for example_trigger_target_dag to None, run_after=None
[2022-09-07T07:56:36.072+0000] {processor.py:161} INFO - Processing /home/airflow/.local/lib/python3.7/site-packages/airflow/example_dags/example_trigger_target_dag.py took 0.055 seconds
[2022-09-07T07:57:06.536+0000] {processor.py:153} INFO - Started process (PID=238) to work on /home/airflow/.local/lib/python3.7/site-packages/airflow/example_dags/example_trigger_target_dag.py
[2022-09-07T07:57:06.538+0000] {processor.py:640} INFO - Processing file /home/airflow/.local/lib/python3.7/site-packages/airflow/example_dags/example_trigger_target_dag.py for tasks to queue
[2022-09-07T07:57:06.539+0000] {logging_mixin.py:115} INFO - [2022-09-07T07:57:06.539+0000] {dagbag.py:508} INFO - Filling up the DagBag from /home/airflow/.local/lib/python3.7/site-packages/airflow/example_dags/example_trigger_target_dag.py
[2022-09-07T07:57:06.548+0000] {processor.py:650} INFO - DAG(s) dict_keys(['example_trigger_target_dag']) retrieved from /home/airflow/.local/lib/python3.7/site-packages/airflow/example_dags/example_trigger_target_dag.py
[2022-09-07T07:57:06.565+0000] {logging_mixin.py:115} INFO - [2022-09-07T07:57:06.565+0000] {dag.py:2429} INFO - Sync 1 DAGs
[2022-09-07T07:57:06.579+0000] {logging_mixin.py:115} INFO - [2022-09-07T07:57:06.579+0000] {dag.py:2981} INFO - Setting next_dagrun for example_trigger_target_dag to None, run_after=None
[2022-09-07T07:57:06.588+0000] {processor.py:161} INFO - Processing /home/airflow/.local/lib/python3.7/site-packages/airflow/example_dags/example_trigger_target_dag.py took 0.054 seconds
[2022-09-07T07:57:37.179+0000] {processor.py:153} INFO - Started process (PID=299) to work on /home/airflow/.local/lib/python3.7/site-packages/airflow/example_dags/example_trigger_target_dag.py
[2022-09-07T07:57:37.181+0000] {processor.py:640} INFO - Processing file /home/airflow/.local/lib/python3.7/site-packages/airflow/example_dags/example_trigger_target_dag.py for tasks to queue
[2022-09-07T07:57:37.182+0000] {logging_mixin.py:115} INFO - [2022-09-07T07:57:37.182+0000] {dagbag.py:508} INFO - Filling up the DagBag from /home/airflow/.local/lib/python3.7/site-packages/airflow/example_dags/example_trigger_target_dag.py
[2022-09-07T07:57:37.193+0000] {processor.py:650} INFO - DAG(s) dict_keys(['example_trigger_target_dag']) retrieved from /home/airflow/.local/lib/python3.7/site-packages/airflow/example_dags/example_trigger_target_dag.py
[2022-09-07T07:57:37.212+0000] {logging_mixin.py:115} INFO - [2022-09-07T07:57:37.212+0000] {dag.py:2429} INFO - Sync 1 DAGs
[2022-09-07T07:57:37.227+0000] {logging_mixin.py:115} INFO - [2022-09-07T07:57:37.226+0000] {dag.py:2981} INFO - Setting next_dagrun for example_trigger_target_dag to None, run_after=None
[2022-09-07T07:57:37.235+0000] {processor.py:161} INFO - Processing /home/airflow/.local/lib/python3.7/site-packages/airflow/example_dags/example_trigger_target_dag.py took 0.058 seconds
[2022-09-07T07:58:08.092+0000] {processor.py:153} INFO - Started process (PID=359) to work on /home/airflow/.local/lib/python3.7/site-packages/airflow/example_dags/example_trigger_target_dag.py
[2022-09-07T07:58:08.094+0000] {processor.py:640} INFO - Processing file /home/airflow/.local/lib/python3.7/site-packages/airflow/example_dags/example_trigger_target_dag.py for tasks to queue
[2022-09-07T07:58:08.096+0000] {logging_mixin.py:115} INFO - [2022-09-07T07:58:08.096+0000] {dagbag.py:508} INFO - Filling up the DagBag from /home/airflow/.local/lib/python3.7/site-packages/airflow/example_dags/example_trigger_target_dag.py
[2022-09-07T07:58:08.107+0000] {processor.py:650} INFO - DAG(s) dict_keys(['example_trigger_target_dag']) retrieved from /home/airflow/.local/lib/python3.7/site-packages/airflow/example_dags/example_trigger_target_dag.py
[2022-09-07T07:58:08.129+0000] {logging_mixin.py:115} INFO - [2022-09-07T07:58:08.129+0000] {dag.py:2429} INFO - Sync 1 DAGs
[2022-09-07T07:58:08.147+0000] {logging_mixin.py:115} INFO - [2022-09-07T07:58:08.147+0000] {dag.py:2981} INFO - Setting next_dagrun for example_trigger_target_dag to None, run_after=None
[2022-09-07T07:58:08.161+0000] {processor.py:161} INFO - Processing /home/airflow/.local/lib/python3.7/site-packages/airflow/example_dags/example_trigger_target_dag.py took 0.071 seconds
[2022-09-07T07:58:38.240+0000] {processor.py:153} INFO - Started process (PID=410) to work on /home/airflow/.local/lib/python3.7/site-packages/airflow/example_dags/example_trigger_target_dag.py
[2022-09-07T07:58:38.242+0000] {processor.py:640} INFO - Processing file /home/airflow/.local/lib/python3.7/site-packages/airflow/example_dags/example_trigger_target_dag.py for tasks to queue
[2022-09-07T07:58:38.243+0000] {logging_mixin.py:115} INFO - [2022-09-07T07:58:38.243+0000] {dagbag.py:508} INFO - Filling up the DagBag from /home/airflow/.local/lib/python3.7/site-packages/airflow/example_dags/example_trigger_target_dag.py
[2022-09-07T07:58:38.251+0000] {processor.py:650} INFO - DAG(s) dict_keys(['example_trigger_target_dag']) retrieved from /home/airflow/.local/lib/python3.7/site-packages/airflow/example_dags/example_trigger_target_dag.py
[2022-09-07T07:58:38.268+0000] {logging_mixin.py:115} INFO - [2022-09-07T07:58:38.268+0000] {dag.py:2429} INFO - Sync 1 DAGs
[2022-09-07T07:58:38.281+0000] {logging_mixin.py:115} INFO - [2022-09-07T07:58:38.281+0000] {dag.py:2981} INFO - Setting next_dagrun for example_trigger_target_dag to None, run_after=None
[2022-09-07T07:58:38.289+0000] {processor.py:161} INFO - Processing /home/airflow/.local/lib/python3.7/site-packages/airflow/example_dags/example_trigger_target_dag.py took 0.051 seconds
[2022-09-07T07:59:09.226+0000] {processor.py:153} INFO - Started process (PID=471) to work on /home/airflow/.local/lib/python3.7/site-packages/airflow/example_dags/example_trigger_target_dag.py
[2022-09-07T07:59:09.229+0000] {processor.py:640} INFO - Processing file /home/airflow/.local/lib/python3.7/site-packages/airflow/example_dags/example_trigger_target_dag.py for tasks to queue
[2022-09-07T07:59:09.231+0000] {logging_mixin.py:115} INFO - [2022-09-07T07:59:09.231+0000] {dagbag.py:508} INFO - Filling up the DagBag from /home/airflow/.local/lib/python3.7/site-packages/airflow/example_dags/example_trigger_target_dag.py
[2022-09-07T07:59:09.243+0000] {processor.py:650} INFO - DAG(s) dict_keys(['example_trigger_target_dag']) retrieved from /home/airflow/.local/lib/python3.7/site-packages/airflow/example_dags/example_trigger_target_dag.py
[2022-09-07T07:59:09.268+0000] {logging_mixin.py:115} INFO - [2022-09-07T07:59:09.268+0000] {dag.py:2429} INFO - Sync 1 DAGs
[2022-09-07T07:59:09.282+0000] {logging_mixin.py:115} INFO - [2022-09-07T07:59:09.282+0000] {dag.py:2981} INFO - Setting next_dagrun for example_trigger_target_dag to None, run_after=None
[2022-09-07T07:59:09.290+0000] {processor.py:161} INFO - Processing /home/airflow/.local/lib/python3.7/site-packages/airflow/example_dags/example_trigger_target_dag.py took 0.067 seconds
[2022-09-07T07:59:40.059+0000] {processor.py:153} INFO - Started process (PID=531) to work on /home/airflow/.local/lib/python3.7/site-packages/airflow/example_dags/example_trigger_target_dag.py
[2022-09-07T07:59:40.061+0000] {processor.py:640} INFO - Processing file /home/airflow/.local/lib/python3.7/site-packages/airflow/example_dags/example_trigger_target_dag.py for tasks to queue
[2022-09-07T07:59:40.063+0000] {logging_mixin.py:115} INFO - [2022-09-07T07:59:40.063+0000] {dagbag.py:508} INFO - Filling up the DagBag from /home/airflow/.local/lib/python3.7/site-packages/airflow/example_dags/example_trigger_target_dag.py
[2022-09-07T07:59:40.074+0000] {processor.py:650} INFO - DAG(s) dict_keys(['example_trigger_target_dag']) retrieved from /home/airflow/.local/lib/python3.7/site-packages/airflow/example_dags/example_trigger_target_dag.py
[2022-09-07T07:59:40.095+0000] {logging_mixin.py:115} INFO - [2022-09-07T07:59:40.095+0000] {dag.py:2429} INFO - Sync 1 DAGs
[2022-09-07T07:59:40.109+0000] {logging_mixin.py:115} INFO - [2022-09-07T07:59:40.109+0000] {dag.py:2981} INFO - Setting next_dagrun for example_trigger_target_dag to None, run_after=None
[2022-09-07T07:59:40.117+0000] {processor.py:161} INFO - Processing /home/airflow/.local/lib/python3.7/site-packages/airflow/example_dags/example_trigger_target_dag.py took 0.060 seconds
[2022-09-07T08:00:10.926+0000] {processor.py:153} INFO - Started process (PID=592) to work on /home/airflow/.local/lib/python3.7/site-packages/airflow/example_dags/example_trigger_target_dag.py
[2022-09-07T08:00:10.928+0000] {processor.py:640} INFO - Processing file /home/airflow/.local/lib/python3.7/site-packages/airflow/example_dags/example_trigger_target_dag.py for tasks to queue
[2022-09-07T08:00:10.929+0000] {logging_mixin.py:115} INFO - [2022-09-07T08:00:10.929+0000] {dagbag.py:508} INFO - Filling up the DagBag from /home/airflow/.local/lib/python3.7/site-packages/airflow/example_dags/example_trigger_target_dag.py
[2022-09-07T08:00:10.938+0000] {processor.py:650} INFO - DAG(s) dict_keys(['example_trigger_target_dag']) retrieved from /home/airflow/.local/lib/python3.7/site-packages/airflow/example_dags/example_trigger_target_dag.py
[2022-09-07T08:00:10.955+0000] {logging_mixin.py:115} INFO - [2022-09-07T08:00:10.955+0000] {dag.py:2429} INFO - Sync 1 DAGs
[2022-09-07T08:00:10.968+0000] {logging_mixin.py:115} INFO - [2022-09-07T08:00:10.968+0000] {dag.py:2981} INFO - Setting next_dagrun for example_trigger_target_dag to None, run_after=None
[2022-09-07T08:00:10.975+0000] {processor.py:161} INFO - Processing /home/airflow/.local/lib/python3.7/site-packages/airflow/example_dags/example_trigger_target_dag.py took 0.051 seconds
[2022-09-07T08:00:41.822+0000] {processor.py:153} INFO - Started process (PID=968) to work on /home/airflow/.local/lib/python3.7/site-packages/airflow/example_dags/example_trigger_target_dag.py
[2022-09-07T08:00:41.824+0000] {processor.py:640} INFO - Processing file /home/airflow/.local/lib/python3.7/site-packages/airflow/example_dags/example_trigger_target_dag.py for tasks to queue
[2022-09-07T08:00:41.825+0000] {logging_mixin.py:115} INFO - [2022-09-07T08:00:41.825+0000] {dagbag.py:508} INFO - Filling up the DagBag from /home/airflow/.local/lib/python3.7/site-packages/airflow/example_dags/example_trigger_target_dag.py
[2022-09-07T08:00:41.835+0000] {processor.py:650} INFO - DAG(s) dict_keys(['example_trigger_target_dag']) retrieved from /home/airflow/.local/lib/python3.7/site-packages/airflow/example_dags/example_trigger_target_dag.py
[2022-09-07T08:00:41.854+0000] {logging_mixin.py:115} INFO - [2022-09-07T08:00:41.854+0000] {dag.py:2429} INFO - Sync 1 DAGs
[2022-09-07T08:00:41.867+0000] {logging_mixin.py:115} INFO - [2022-09-07T08:00:41.867+0000] {dag.py:2981} INFO - Setting next_dagrun for example_trigger_target_dag to None, run_after=None
[2022-09-07T08:00:41.877+0000] {processor.py:161} INFO - Processing /home/airflow/.local/lib/python3.7/site-packages/airflow/example_dags/example_trigger_target_dag.py took 0.056 seconds
[2022-09-07T08:01:12.525+0000] {processor.py:153} INFO - Started process (PID=2112) to work on /home/airflow/.local/lib/python3.7/site-packages/airflow/example_dags/example_trigger_target_dag.py
[2022-09-07T08:01:12.528+0000] {processor.py:640} INFO - Processing file /home/airflow/.local/lib/python3.7/site-packages/airflow/example_dags/example_trigger_target_dag.py for tasks to queue
[2022-09-07T08:01:12.530+0000] {logging_mixin.py:115} INFO - [2022-09-07T08:01:12.530+0000] {dagbag.py:508} INFO - Filling up the DagBag from /home/airflow/.local/lib/python3.7/site-packages/airflow/example_dags/example_trigger_target_dag.py
[2022-09-07T08:01:12.540+0000] {processor.py:650} INFO - DAG(s) dict_keys(['example_trigger_target_dag']) retrieved from /home/airflow/.local/lib/python3.7/site-packages/airflow/example_dags/example_trigger_target_dag.py
[2022-09-07T08:01:12.557+0000] {logging_mixin.py:115} INFO - [2022-09-07T08:01:12.557+0000] {dag.py:2429} INFO - Sync 1 DAGs
[2022-09-07T08:01:12.576+0000] {logging_mixin.py:115} INFO - [2022-09-07T08:01:12.576+0000] {dag.py:2981} INFO - Setting next_dagrun for example_trigger_target_dag to None, run_after=None
[2022-09-07T08:01:12.587+0000] {processor.py:161} INFO - Processing /home/airflow/.local/lib/python3.7/site-packages/airflow/example_dags/example_trigger_target_dag.py took 0.065 seconds
[2022-09-07T08:01:43.322+0000] {processor.py:153} INFO - Started process (PID=2344) to work on /home/airflow/.local/lib/python3.7/site-packages/airflow/example_dags/example_trigger_target_dag.py
[2022-09-07T08:01:43.323+0000] {processor.py:640} INFO - Processing file /home/airflow/.local/lib/python3.7/site-packages/airflow/example_dags/example_trigger_target_dag.py for tasks to queue
[2022-09-07T08:01:43.325+0000] {logging_mixin.py:115} INFO - [2022-09-07T08:01:43.324+0000] {dagbag.py:508} INFO - Filling up the DagBag from /home/airflow/.local/lib/python3.7/site-packages/airflow/example_dags/example_trigger_target_dag.py
[2022-09-07T08:01:43.334+0000] {processor.py:650} INFO - DAG(s) dict_keys(['example_trigger_target_dag']) retrieved from /home/airflow/.local/lib/python3.7/site-packages/airflow/example_dags/example_trigger_target_dag.py
[2022-09-07T08:01:43.351+0000] {logging_mixin.py:115} INFO - [2022-09-07T08:01:43.351+0000] {dag.py:2429} INFO - Sync 1 DAGs
[2022-09-07T08:01:43.364+0000] {logging_mixin.py:115} INFO - [2022-09-07T08:01:43.364+0000] {dag.py:2981} INFO - Setting next_dagrun for example_trigger_target_dag to None, run_after=None
[2022-09-07T08:01:43.373+0000] {processor.py:161} INFO - Processing /home/airflow/.local/lib/python3.7/site-packages/airflow/example_dags/example_trigger_target_dag.py took 0.054 seconds
[2022-09-07T08:02:14.132+0000] {processor.py:153} INFO - Started process (PID=2406) to work on /home/airflow/.local/lib/python3.7/site-packages/airflow/example_dags/example_trigger_target_dag.py
[2022-09-07T08:02:14.134+0000] {processor.py:640} INFO - Processing file /home/airflow/.local/lib/python3.7/site-packages/airflow/example_dags/example_trigger_target_dag.py for tasks to queue
[2022-09-07T08:02:14.136+0000] {logging_mixin.py:115} INFO - [2022-09-07T08:02:14.135+0000] {dagbag.py:508} INFO - Filling up the DagBag from /home/airflow/.local/lib/python3.7/site-packages/airflow/example_dags/example_trigger_target_dag.py
[2022-09-07T08:02:14.146+0000] {processor.py:650} INFO - DAG(s) dict_keys(['example_trigger_target_dag']) retrieved from /home/airflow/.local/lib/python3.7/site-packages/airflow/example_dags/example_trigger_target_dag.py
[2022-09-07T08:02:14.170+0000] {logging_mixin.py:115} INFO - [2022-09-07T08:02:14.170+0000] {dag.py:2429} INFO - Sync 1 DAGs
[2022-09-07T08:02:14.185+0000] {logging_mixin.py:115} INFO - [2022-09-07T08:02:14.184+0000] {dag.py:2981} INFO - Setting next_dagrun for example_trigger_target_dag to None, run_after=None
[2022-09-07T08:02:14.194+0000] {processor.py:161} INFO - Processing /home/airflow/.local/lib/python3.7/site-packages/airflow/example_dags/example_trigger_target_dag.py took 0.067 seconds
[2022-09-07T08:02:45.014+0000] {processor.py:153} INFO - Started process (PID=2466) to work on /home/airflow/.local/lib/python3.7/site-packages/airflow/example_dags/example_trigger_target_dag.py
[2022-09-07T08:02:45.016+0000] {processor.py:640} INFO - Processing file /home/airflow/.local/lib/python3.7/site-packages/airflow/example_dags/example_trigger_target_dag.py for tasks to queue
[2022-09-07T08:02:45.017+0000] {logging_mixin.py:115} INFO - [2022-09-07T08:02:45.017+0000] {dagbag.py:508} INFO - Filling up the DagBag from /home/airflow/.local/lib/python3.7/site-packages/airflow/example_dags/example_trigger_target_dag.py
[2022-09-07T08:02:45.027+0000] {processor.py:650} INFO - DAG(s) dict_keys(['example_trigger_target_dag']) retrieved from /home/airflow/.local/lib/python3.7/site-packages/airflow/example_dags/example_trigger_target_dag.py
[2022-09-07T08:02:45.047+0000] {logging_mixin.py:115} INFO - [2022-09-07T08:02:45.047+0000] {dag.py:2429} INFO - Sync 1 DAGs
[2022-09-07T08:02:45.061+0000] {logging_mixin.py:115} INFO - [2022-09-07T08:02:45.061+0000] {dag.py:2981} INFO - Setting next_dagrun for example_trigger_target_dag to None, run_after=None
[2022-09-07T08:02:45.072+0000] {processor.py:161} INFO - Processing /home/airflow/.local/lib/python3.7/site-packages/airflow/example_dags/example_trigger_target_dag.py took 0.061 seconds
[2022-09-07T08:03:15.742+0000] {processor.py:153} INFO - Started process (PID=2526) to work on /home/airflow/.local/lib/python3.7/site-packages/airflow/example_dags/example_trigger_target_dag.py
[2022-09-07T08:03:15.744+0000] {processor.py:640} INFO - Processing file /home/airflow/.local/lib/python3.7/site-packages/airflow/example_dags/example_trigger_target_dag.py for tasks to queue
[2022-09-07T08:03:15.745+0000] {logging_mixin.py:115} INFO - [2022-09-07T08:03:15.744+0000] {dagbag.py:508} INFO - Filling up the DagBag from /home/airflow/.local/lib/python3.7/site-packages/airflow/example_dags/example_trigger_target_dag.py
[2022-09-07T08:03:15.757+0000] {processor.py:650} INFO - DAG(s) dict_keys(['example_trigger_target_dag']) retrieved from /home/airflow/.local/lib/python3.7/site-packages/airflow/example_dags/example_trigger_target_dag.py
[2022-09-07T08:03:15.774+0000] {logging_mixin.py:115} INFO - [2022-09-07T08:03:15.774+0000] {dag.py:2429} INFO - Sync 1 DAGs
[2022-09-07T08:03:15.788+0000] {logging_mixin.py:115} INFO - [2022-09-07T08:03:15.788+0000] {dag.py:2981} INFO - Setting next_dagrun for example_trigger_target_dag to None, run_after=None
[2022-09-07T08:03:15.798+0000] {processor.py:161} INFO - Processing /home/airflow/.local/lib/python3.7/site-packages/airflow/example_dags/example_trigger_target_dag.py took 0.058 seconds
[2022-09-07T08:03:46.520+0000] {processor.py:153} INFO - Started process (PID=2587) to work on /home/airflow/.local/lib/python3.7/site-packages/airflow/example_dags/example_trigger_target_dag.py
[2022-09-07T08:03:46.521+0000] {processor.py:640} INFO - Processing file /home/airflow/.local/lib/python3.7/site-packages/airflow/example_dags/example_trigger_target_dag.py for tasks to queue
[2022-09-07T08:03:46.522+0000] {logging_mixin.py:115} INFO - [2022-09-07T08:03:46.522+0000] {dagbag.py:508} INFO - Filling up the DagBag from /home/airflow/.local/lib/python3.7/site-packages/airflow/example_dags/example_trigger_target_dag.py
[2022-09-07T08:03:46.533+0000] {processor.py:650} INFO - DAG(s) dict_keys(['example_trigger_target_dag']) retrieved from /home/airflow/.local/lib/python3.7/site-packages/airflow/example_dags/example_trigger_target_dag.py
[2022-09-07T08:03:46.552+0000] {logging_mixin.py:115} INFO - [2022-09-07T08:03:46.552+0000] {dag.py:2429} INFO - Sync 1 DAGs
[2022-09-07T08:03:46.565+0000] {logging_mixin.py:115} INFO - [2022-09-07T08:03:46.565+0000] {dag.py:2981} INFO - Setting next_dagrun for example_trigger_target_dag to None, run_after=None
[2022-09-07T08:03:46.575+0000] {processor.py:161} INFO - Processing /home/airflow/.local/lib/python3.7/site-packages/airflow/example_dags/example_trigger_target_dag.py took 0.058 seconds
[2022-09-07T08:04:17.223+0000] {processor.py:153} INFO - Started process (PID=2648) to work on /home/airflow/.local/lib/python3.7/site-packages/airflow/example_dags/example_trigger_target_dag.py
[2022-09-07T08:04:17.224+0000] {processor.py:640} INFO - Processing file /home/airflow/.local/lib/python3.7/site-packages/airflow/example_dags/example_trigger_target_dag.py for tasks to queue
[2022-09-07T08:04:17.225+0000] {logging_mixin.py:115} INFO - [2022-09-07T08:04:17.225+0000] {dagbag.py:508} INFO - Filling up the DagBag from /home/airflow/.local/lib/python3.7/site-packages/airflow/example_dags/example_trigger_target_dag.py
[2022-09-07T08:04:17.235+0000] {processor.py:650} INFO - DAG(s) dict_keys(['example_trigger_target_dag']) retrieved from /home/airflow/.local/lib/python3.7/site-packages/airflow/example_dags/example_trigger_target_dag.py
[2022-09-07T08:04:17.251+0000] {logging_mixin.py:115} INFO - [2022-09-07T08:04:17.251+0000] {dag.py:2429} INFO - Sync 1 DAGs
[2022-09-07T08:04:17.270+0000] {logging_mixin.py:115} INFO - [2022-09-07T08:04:17.270+0000] {dag.py:2981} INFO - Setting next_dagrun for example_trigger_target_dag to None, run_after=None
[2022-09-07T08:04:17.279+0000] {processor.py:161} INFO - Processing /home/airflow/.local/lib/python3.7/site-packages/airflow/example_dags/example_trigger_target_dag.py took 0.058 seconds
[2022-09-07T16:21:01.946+0000] {processor.py:153} INFO - Started process (PID=72) to work on /home/airflow/.local/lib/python3.7/site-packages/airflow/example_dags/example_trigger_target_dag.py
[2022-09-07T16:21:01.947+0000] {processor.py:640} INFO - Processing file /home/airflow/.local/lib/python3.7/site-packages/airflow/example_dags/example_trigger_target_dag.py for tasks to queue
[2022-09-07T16:21:01.949+0000] {logging_mixin.py:115} INFO - [2022-09-07T16:21:01.949+0000] {dagbag.py:508} INFO - Filling up the DagBag from /home/airflow/.local/lib/python3.7/site-packages/airflow/example_dags/example_trigger_target_dag.py
[2022-09-07T16:21:01.959+0000] {processor.py:650} INFO - DAG(s) dict_keys(['example_trigger_target_dag']) retrieved from /home/airflow/.local/lib/python3.7/site-packages/airflow/example_dags/example_trigger_target_dag.py
[2022-09-07T16:21:01.978+0000] {logging_mixin.py:115} INFO - [2022-09-07T16:21:01.978+0000] {dag.py:2429} INFO - Sync 1 DAGs
[2022-09-07T16:21:01.994+0000] {logging_mixin.py:115} INFO - [2022-09-07T16:21:01.994+0000] {dag.py:2981} INFO - Setting next_dagrun for example_trigger_target_dag to None, run_after=None
[2022-09-07T16:21:02.004+0000] {processor.py:161} INFO - Processing /home/airflow/.local/lib/python3.7/site-packages/airflow/example_dags/example_trigger_target_dag.py took 0.061 seconds
[2022-09-07T16:21:32.561+0000] {processor.py:153} INFO - Started process (PID=132) to work on /home/airflow/.local/lib/python3.7/site-packages/airflow/example_dags/example_trigger_target_dag.py
[2022-09-07T16:21:32.562+0000] {processor.py:640} INFO - Processing file /home/airflow/.local/lib/python3.7/site-packages/airflow/example_dags/example_trigger_target_dag.py for tasks to queue
[2022-09-07T16:21:32.563+0000] {logging_mixin.py:115} INFO - [2022-09-07T16:21:32.563+0000] {dagbag.py:508} INFO - Filling up the DagBag from /home/airflow/.local/lib/python3.7/site-packages/airflow/example_dags/example_trigger_target_dag.py
[2022-09-07T16:21:32.573+0000] {processor.py:650} INFO - DAG(s) dict_keys(['example_trigger_target_dag']) retrieved from /home/airflow/.local/lib/python3.7/site-packages/airflow/example_dags/example_trigger_target_dag.py
[2022-09-07T16:21:32.593+0000] {logging_mixin.py:115} INFO - [2022-09-07T16:21:32.593+0000] {dag.py:2429} INFO - Sync 1 DAGs
[2022-09-07T16:21:32.607+0000] {logging_mixin.py:115} INFO - [2022-09-07T16:21:32.607+0000] {dag.py:2981} INFO - Setting next_dagrun for example_trigger_target_dag to None, run_after=None
[2022-09-07T16:21:32.617+0000] {processor.py:161} INFO - Processing /home/airflow/.local/lib/python3.7/site-packages/airflow/example_dags/example_trigger_target_dag.py took 0.058 seconds
[2022-09-07T16:22:03.544+0000] {processor.py:153} INFO - Started process (PID=595) to work on /home/airflow/.local/lib/python3.7/site-packages/airflow/example_dags/example_trigger_target_dag.py
[2022-09-07T16:22:03.547+0000] {processor.py:640} INFO - Processing file /home/airflow/.local/lib/python3.7/site-packages/airflow/example_dags/example_trigger_target_dag.py for tasks to queue
[2022-09-07T16:22:03.551+0000] {logging_mixin.py:115} INFO - [2022-09-07T16:22:03.551+0000] {dagbag.py:508} INFO - Filling up the DagBag from /home/airflow/.local/lib/python3.7/site-packages/airflow/example_dags/example_trigger_target_dag.py
[2022-09-07T16:22:03.579+0000] {processor.py:650} INFO - DAG(s) dict_keys(['example_trigger_target_dag']) retrieved from /home/airflow/.local/lib/python3.7/site-packages/airflow/example_dags/example_trigger_target_dag.py
[2022-09-07T16:22:03.633+0000] {logging_mixin.py:115} INFO - [2022-09-07T16:22:03.633+0000] {dag.py:2429} INFO - Sync 1 DAGs
[2022-09-07T16:22:03.656+0000] {logging_mixin.py:115} INFO - [2022-09-07T16:22:03.656+0000] {dag.py:2981} INFO - Setting next_dagrun for example_trigger_target_dag to None, run_after=None
[2022-09-07T16:22:03.671+0000] {processor.py:161} INFO - Processing /home/airflow/.local/lib/python3.7/site-packages/airflow/example_dags/example_trigger_target_dag.py took 0.131 seconds
[2022-09-07T16:22:34.405+0000] {processor.py:153} INFO - Started process (PID=1297) to work on /home/airflow/.local/lib/python3.7/site-packages/airflow/example_dags/example_trigger_target_dag.py
[2022-09-07T16:22:34.407+0000] {processor.py:640} INFO - Processing file /home/airflow/.local/lib/python3.7/site-packages/airflow/example_dags/example_trigger_target_dag.py for tasks to queue
[2022-09-07T16:22:34.408+0000] {logging_mixin.py:115} INFO - [2022-09-07T16:22:34.408+0000] {dagbag.py:508} INFO - Filling up the DagBag from /home/airflow/.local/lib/python3.7/site-packages/airflow/example_dags/example_trigger_target_dag.py
[2022-09-07T16:22:34.419+0000] {processor.py:650} INFO - DAG(s) dict_keys(['example_trigger_target_dag']) retrieved from /home/airflow/.local/lib/python3.7/site-packages/airflow/example_dags/example_trigger_target_dag.py
[2022-09-07T16:22:34.440+0000] {logging_mixin.py:115} INFO - [2022-09-07T16:22:34.440+0000] {dag.py:2429} INFO - Sync 1 DAGs
[2022-09-07T16:22:34.455+0000] {logging_mixin.py:115} INFO - [2022-09-07T16:22:34.455+0000] {dag.py:2981} INFO - Setting next_dagrun for example_trigger_target_dag to None, run_after=None
[2022-09-07T16:22:34.464+0000] {processor.py:161} INFO - Processing /home/airflow/.local/lib/python3.7/site-packages/airflow/example_dags/example_trigger_target_dag.py took 0.061 seconds
[2022-09-07T16:23:05.201+0000] {processor.py:153} INFO - Started process (PID=1844) to work on /home/airflow/.local/lib/python3.7/site-packages/airflow/example_dags/example_trigger_target_dag.py
[2022-09-07T16:23:05.203+0000] {processor.py:640} INFO - Processing file /home/airflow/.local/lib/python3.7/site-packages/airflow/example_dags/example_trigger_target_dag.py for tasks to queue
[2022-09-07T16:23:05.204+0000] {logging_mixin.py:115} INFO - [2022-09-07T16:23:05.204+0000] {dagbag.py:508} INFO - Filling up the DagBag from /home/airflow/.local/lib/python3.7/site-packages/airflow/example_dags/example_trigger_target_dag.py
[2022-09-07T16:23:05.214+0000] {processor.py:650} INFO - DAG(s) dict_keys(['example_trigger_target_dag']) retrieved from /home/airflow/.local/lib/python3.7/site-packages/airflow/example_dags/example_trigger_target_dag.py
[2022-09-07T16:23:05.232+0000] {logging_mixin.py:115} INFO - [2022-09-07T16:23:05.232+0000] {dag.py:2429} INFO - Sync 1 DAGs
[2022-09-07T16:23:05.246+0000] {logging_mixin.py:115} INFO - [2022-09-07T16:23:05.246+0000] {dag.py:2981} INFO - Setting next_dagrun for example_trigger_target_dag to None, run_after=None
[2022-09-07T16:23:05.257+0000] {processor.py:161} INFO - Processing /home/airflow/.local/lib/python3.7/site-packages/airflow/example_dags/example_trigger_target_dag.py took 0.057 seconds
[2022-09-07T16:23:35.952+0000] {processor.py:153} INFO - Started process (PID=2197) to work on /home/airflow/.local/lib/python3.7/site-packages/airflow/example_dags/example_trigger_target_dag.py
[2022-09-07T16:23:35.954+0000] {processor.py:640} INFO - Processing file /home/airflow/.local/lib/python3.7/site-packages/airflow/example_dags/example_trigger_target_dag.py for tasks to queue
[2022-09-07T16:23:35.955+0000] {logging_mixin.py:115} INFO - [2022-09-07T16:23:35.955+0000] {dagbag.py:508} INFO - Filling up the DagBag from /home/airflow/.local/lib/python3.7/site-packages/airflow/example_dags/example_trigger_target_dag.py
[2022-09-07T16:23:35.964+0000] {processor.py:650} INFO - DAG(s) dict_keys(['example_trigger_target_dag']) retrieved from /home/airflow/.local/lib/python3.7/site-packages/airflow/example_dags/example_trigger_target_dag.py
[2022-09-07T16:23:35.982+0000] {logging_mixin.py:115} INFO - [2022-09-07T16:23:35.982+0000] {dag.py:2429} INFO - Sync 1 DAGs
[2022-09-07T16:23:35.994+0000] {logging_mixin.py:115} INFO - [2022-09-07T16:23:35.994+0000] {dag.py:2981} INFO - Setting next_dagrun for example_trigger_target_dag to None, run_after=None
[2022-09-07T16:23:36.005+0000] {processor.py:161} INFO - Processing /home/airflow/.local/lib/python3.7/site-packages/airflow/example_dags/example_trigger_target_dag.py took 0.055 seconds
[2022-09-07T16:24:06.574+0000] {processor.py:153} INFO - Started process (PID=2581) to work on /home/airflow/.local/lib/python3.7/site-packages/airflow/example_dags/example_trigger_target_dag.py
[2022-09-07T16:24:06.575+0000] {processor.py:640} INFO - Processing file /home/airflow/.local/lib/python3.7/site-packages/airflow/example_dags/example_trigger_target_dag.py for tasks to queue
[2022-09-07T16:24:06.576+0000] {logging_mixin.py:115} INFO - [2022-09-07T16:24:06.576+0000] {dagbag.py:508} INFO - Filling up the DagBag from /home/airflow/.local/lib/python3.7/site-packages/airflow/example_dags/example_trigger_target_dag.py
[2022-09-07T16:24:06.586+0000] {processor.py:650} INFO - DAG(s) dict_keys(['example_trigger_target_dag']) retrieved from /home/airflow/.local/lib/python3.7/site-packages/airflow/example_dags/example_trigger_target_dag.py
[2022-09-07T16:24:06.605+0000] {logging_mixin.py:115} INFO - [2022-09-07T16:24:06.605+0000] {dag.py:2429} INFO - Sync 1 DAGs
[2022-09-07T16:24:06.619+0000] {logging_mixin.py:115} INFO - [2022-09-07T16:24:06.619+0000] {dag.py:2981} INFO - Setting next_dagrun for example_trigger_target_dag to None, run_after=None
[2022-09-07T16:24:06.632+0000] {processor.py:161} INFO - Processing /home/airflow/.local/lib/python3.7/site-packages/airflow/example_dags/example_trigger_target_dag.py took 0.060 seconds
[2022-09-07T16:24:37.202+0000] {processor.py:153} INFO - Started process (PID=2941) to work on /home/airflow/.local/lib/python3.7/site-packages/airflow/example_dags/example_trigger_target_dag.py
[2022-09-07T16:24:37.204+0000] {processor.py:640} INFO - Processing file /home/airflow/.local/lib/python3.7/site-packages/airflow/example_dags/example_trigger_target_dag.py for tasks to queue
[2022-09-07T16:24:37.205+0000] {logging_mixin.py:115} INFO - [2022-09-07T16:24:37.205+0000] {dagbag.py:508} INFO - Filling up the DagBag from /home/airflow/.local/lib/python3.7/site-packages/airflow/example_dags/example_trigger_target_dag.py
[2022-09-07T16:24:37.215+0000] {processor.py:650} INFO - DAG(s) dict_keys(['example_trigger_target_dag']) retrieved from /home/airflow/.local/lib/python3.7/site-packages/airflow/example_dags/example_trigger_target_dag.py
[2022-09-07T16:24:37.233+0000] {logging_mixin.py:115} INFO - [2022-09-07T16:24:37.233+0000] {dag.py:2429} INFO - Sync 1 DAGs
[2022-09-07T16:24:37.246+0000] {logging_mixin.py:115} INFO - [2022-09-07T16:24:37.246+0000] {dag.py:2981} INFO - Setting next_dagrun for example_trigger_target_dag to None, run_after=None
[2022-09-07T16:24:37.256+0000] {processor.py:161} INFO - Processing /home/airflow/.local/lib/python3.7/site-packages/airflow/example_dags/example_trigger_target_dag.py took 0.057 seconds
[2022-09-07T16:25:07.347+0000] {processor.py:153} INFO - Started process (PID=3256) to work on /home/airflow/.local/lib/python3.7/site-packages/airflow/example_dags/example_trigger_target_dag.py
[2022-09-07T16:25:07.349+0000] {processor.py:640} INFO - Processing file /home/airflow/.local/lib/python3.7/site-packages/airflow/example_dags/example_trigger_target_dag.py for tasks to queue
[2022-09-07T16:25:07.350+0000] {logging_mixin.py:115} INFO - [2022-09-07T16:25:07.350+0000] {dagbag.py:508} INFO - Filling up the DagBag from /home/airflow/.local/lib/python3.7/site-packages/airflow/example_dags/example_trigger_target_dag.py
[2022-09-07T16:25:07.361+0000] {processor.py:650} INFO - DAG(s) dict_keys(['example_trigger_target_dag']) retrieved from /home/airflow/.local/lib/python3.7/site-packages/airflow/example_dags/example_trigger_target_dag.py
[2022-09-07T16:25:07.382+0000] {logging_mixin.py:115} INFO - [2022-09-07T16:25:07.381+0000] {dag.py:2429} INFO - Sync 1 DAGs
[2022-09-07T16:25:07.404+0000] {logging_mixin.py:115} INFO - [2022-09-07T16:25:07.404+0000] {dag.py:2981} INFO - Setting next_dagrun for example_trigger_target_dag to None, run_after=None
[2022-09-07T16:25:07.432+0000] {processor.py:161} INFO - Processing /home/airflow/.local/lib/python3.7/site-packages/airflow/example_dags/example_trigger_target_dag.py took 0.088 seconds
[2022-09-07T16:25:37.497+0000] {processor.py:153} INFO - Started process (PID=3316) to work on /home/airflow/.local/lib/python3.7/site-packages/airflow/example_dags/example_trigger_target_dag.py
[2022-09-07T16:25:37.499+0000] {processor.py:640} INFO - Processing file /home/airflow/.local/lib/python3.7/site-packages/airflow/example_dags/example_trigger_target_dag.py for tasks to queue
[2022-09-07T16:25:37.500+0000] {logging_mixin.py:115} INFO - [2022-09-07T16:25:37.500+0000] {dagbag.py:508} INFO - Filling up the DagBag from /home/airflow/.local/lib/python3.7/site-packages/airflow/example_dags/example_trigger_target_dag.py
[2022-09-07T16:25:37.509+0000] {processor.py:650} INFO - DAG(s) dict_keys(['example_trigger_target_dag']) retrieved from /home/airflow/.local/lib/python3.7/site-packages/airflow/example_dags/example_trigger_target_dag.py
[2022-09-07T16:25:37.528+0000] {logging_mixin.py:115} INFO - [2022-09-07T16:25:37.527+0000] {dag.py:2429} INFO - Sync 1 DAGs
[2022-09-07T16:25:37.540+0000] {logging_mixin.py:115} INFO - [2022-09-07T16:25:37.540+0000] {dag.py:2981} INFO - Setting next_dagrun for example_trigger_target_dag to None, run_after=None
[2022-09-07T16:25:37.549+0000] {processor.py:161} INFO - Processing /home/airflow/.local/lib/python3.7/site-packages/airflow/example_dags/example_trigger_target_dag.py took 0.054 seconds
[2022-09-07T16:26:07.650+0000] {processor.py:153} INFO - Started process (PID=3369) to work on /home/airflow/.local/lib/python3.7/site-packages/airflow/example_dags/example_trigger_target_dag.py
[2022-09-07T16:26:07.651+0000] {processor.py:640} INFO - Processing file /home/airflow/.local/lib/python3.7/site-packages/airflow/example_dags/example_trigger_target_dag.py for tasks to queue
[2022-09-07T16:26:07.653+0000] {logging_mixin.py:115} INFO - [2022-09-07T16:26:07.653+0000] {dagbag.py:508} INFO - Filling up the DagBag from /home/airflow/.local/lib/python3.7/site-packages/airflow/example_dags/example_trigger_target_dag.py
[2022-09-07T16:26:07.666+0000] {processor.py:650} INFO - DAG(s) dict_keys(['example_trigger_target_dag']) retrieved from /home/airflow/.local/lib/python3.7/site-packages/airflow/example_dags/example_trigger_target_dag.py
[2022-09-07T16:26:07.687+0000] {logging_mixin.py:115} INFO - [2022-09-07T16:26:07.687+0000] {dag.py:2429} INFO - Sync 1 DAGs
[2022-09-07T16:26:07.700+0000] {logging_mixin.py:115} INFO - [2022-09-07T16:26:07.700+0000] {dag.py:2981} INFO - Setting next_dagrun for example_trigger_target_dag to None, run_after=None
[2022-09-07T16:26:07.711+0000] {processor.py:161} INFO - Processing /home/airflow/.local/lib/python3.7/site-packages/airflow/example_dags/example_trigger_target_dag.py took 0.066 seconds
[2022-09-07T16:26:38.871+0000] {processor.py:153} INFO - Started process (PID=3431) to work on /home/airflow/.local/lib/python3.7/site-packages/airflow/example_dags/example_trigger_target_dag.py
[2022-09-07T16:26:38.872+0000] {processor.py:640} INFO - Processing file /home/airflow/.local/lib/python3.7/site-packages/airflow/example_dags/example_trigger_target_dag.py for tasks to queue
[2022-09-07T16:26:38.874+0000] {logging_mixin.py:115} INFO - [2022-09-07T16:26:38.874+0000] {dagbag.py:508} INFO - Filling up the DagBag from /home/airflow/.local/lib/python3.7/site-packages/airflow/example_dags/example_trigger_target_dag.py
[2022-09-07T16:26:38.886+0000] {processor.py:650} INFO - DAG(s) dict_keys(['example_trigger_target_dag']) retrieved from /home/airflow/.local/lib/python3.7/site-packages/airflow/example_dags/example_trigger_target_dag.py
[2022-09-07T16:26:38.920+0000] {logging_mixin.py:115} INFO - [2022-09-07T16:26:38.920+0000] {dag.py:2429} INFO - Sync 1 DAGs
[2022-09-07T16:26:38.958+0000] {logging_mixin.py:115} INFO - [2022-09-07T16:26:38.958+0000] {dag.py:2981} INFO - Setting next_dagrun for example_trigger_target_dag to None, run_after=None
[2022-09-07T16:26:38.997+0000] {processor.py:161} INFO - Processing /home/airflow/.local/lib/python3.7/site-packages/airflow/example_dags/example_trigger_target_dag.py took 0.134 seconds
[2022-09-07T16:27:09.375+0000] {processor.py:153} INFO - Started process (PID=3492) to work on /home/airflow/.local/lib/python3.7/site-packages/airflow/example_dags/example_trigger_target_dag.py
[2022-09-07T16:27:09.377+0000] {processor.py:640} INFO - Processing file /home/airflow/.local/lib/python3.7/site-packages/airflow/example_dags/example_trigger_target_dag.py for tasks to queue
[2022-09-07T16:27:09.378+0000] {logging_mixin.py:115} INFO - [2022-09-07T16:27:09.378+0000] {dagbag.py:508} INFO - Filling up the DagBag from /home/airflow/.local/lib/python3.7/site-packages/airflow/example_dags/example_trigger_target_dag.py
[2022-09-07T16:27:09.388+0000] {processor.py:650} INFO - DAG(s) dict_keys(['example_trigger_target_dag']) retrieved from /home/airflow/.local/lib/python3.7/site-packages/airflow/example_dags/example_trigger_target_dag.py
[2022-09-07T16:27:09.408+0000] {logging_mixin.py:115} INFO - [2022-09-07T16:27:09.407+0000] {dag.py:2429} INFO - Sync 1 DAGs
[2022-09-07T16:27:09.425+0000] {logging_mixin.py:115} INFO - [2022-09-07T16:27:09.424+0000] {dag.py:2981} INFO - Setting next_dagrun for example_trigger_target_dag to None, run_after=None
[2022-09-07T16:27:09.438+0000] {processor.py:161} INFO - Processing /home/airflow/.local/lib/python3.7/site-packages/airflow/example_dags/example_trigger_target_dag.py took 0.066 seconds
[2022-09-07T16:27:40.158+0000] {processor.py:153} INFO - Started process (PID=3554) to work on /home/airflow/.local/lib/python3.7/site-packages/airflow/example_dags/example_trigger_target_dag.py
[2022-09-07T16:27:40.160+0000] {processor.py:640} INFO - Processing file /home/airflow/.local/lib/python3.7/site-packages/airflow/example_dags/example_trigger_target_dag.py for tasks to queue
[2022-09-07T16:27:40.161+0000] {logging_mixin.py:115} INFO - [2022-09-07T16:27:40.161+0000] {dagbag.py:508} INFO - Filling up the DagBag from /home/airflow/.local/lib/python3.7/site-packages/airflow/example_dags/example_trigger_target_dag.py
[2022-09-07T16:27:40.172+0000] {processor.py:650} INFO - DAG(s) dict_keys(['example_trigger_target_dag']) retrieved from /home/airflow/.local/lib/python3.7/site-packages/airflow/example_dags/example_trigger_target_dag.py
[2022-09-07T16:27:40.190+0000] {logging_mixin.py:115} INFO - [2022-09-07T16:27:40.190+0000] {dag.py:2429} INFO - Sync 1 DAGs
[2022-09-07T16:27:40.208+0000] {logging_mixin.py:115} INFO - [2022-09-07T16:27:40.208+0000] {dag.py:2981} INFO - Setting next_dagrun for example_trigger_target_dag to None, run_after=None
[2022-09-07T16:27:40.218+0000] {processor.py:161} INFO - Processing /home/airflow/.local/lib/python3.7/site-packages/airflow/example_dags/example_trigger_target_dag.py took 0.062 seconds
[2022-09-07T16:28:10.849+0000] {processor.py:153} INFO - Started process (PID=3615) to work on /home/airflow/.local/lib/python3.7/site-packages/airflow/example_dags/example_trigger_target_dag.py
[2022-09-07T16:28:10.851+0000] {processor.py:640} INFO - Processing file /home/airflow/.local/lib/python3.7/site-packages/airflow/example_dags/example_trigger_target_dag.py for tasks to queue
[2022-09-07T16:28:10.857+0000] {logging_mixin.py:115} INFO - [2022-09-07T16:28:10.856+0000] {dagbag.py:508} INFO - Filling up the DagBag from /home/airflow/.local/lib/python3.7/site-packages/airflow/example_dags/example_trigger_target_dag.py
[2022-09-07T16:28:10.866+0000] {processor.py:650} INFO - DAG(s) dict_keys(['example_trigger_target_dag']) retrieved from /home/airflow/.local/lib/python3.7/site-packages/airflow/example_dags/example_trigger_target_dag.py
[2022-09-07T16:28:10.888+0000] {logging_mixin.py:115} INFO - [2022-09-07T16:28:10.888+0000] {dag.py:2429} INFO - Sync 1 DAGs
[2022-09-07T16:28:10.903+0000] {logging_mixin.py:115} INFO - [2022-09-07T16:28:10.903+0000] {dag.py:2981} INFO - Setting next_dagrun for example_trigger_target_dag to None, run_after=None
[2022-09-07T16:28:10.914+0000] {processor.py:161} INFO - Processing /home/airflow/.local/lib/python3.7/site-packages/airflow/example_dags/example_trigger_target_dag.py took 0.067 seconds
[2022-09-07T16:29:19.971+0000] {processor.py:153} INFO - Started process (PID=63) to work on /home/airflow/.local/lib/python3.7/site-packages/airflow/example_dags/example_trigger_target_dag.py
[2022-09-07T16:29:19.974+0000] {processor.py:640} INFO - Processing file /home/airflow/.local/lib/python3.7/site-packages/airflow/example_dags/example_trigger_target_dag.py for tasks to queue
[2022-09-07T16:29:19.978+0000] {logging_mixin.py:115} INFO - [2022-09-07T16:29:19.978+0000] {dagbag.py:508} INFO - Filling up the DagBag from /home/airflow/.local/lib/python3.7/site-packages/airflow/example_dags/example_trigger_target_dag.py
[2022-09-07T16:29:20.020+0000] {processor.py:650} INFO - DAG(s) dict_keys(['example_trigger_target_dag']) retrieved from /home/airflow/.local/lib/python3.7/site-packages/airflow/example_dags/example_trigger_target_dag.py
[2022-09-07T16:29:20.066+0000] {logging_mixin.py:115} INFO - [2022-09-07T16:29:20.066+0000] {dag.py:2429} INFO - Sync 1 DAGs
[2022-09-07T16:29:20.101+0000] {logging_mixin.py:115} INFO - [2022-09-07T16:29:20.101+0000] {dag.py:2981} INFO - Setting next_dagrun for example_trigger_target_dag to None, run_after=None
[2022-09-07T16:29:20.131+0000] {processor.py:161} INFO - Processing /home/airflow/.local/lib/python3.7/site-packages/airflow/example_dags/example_trigger_target_dag.py took 0.174 seconds
[2022-09-07T16:29:50.824+0000] {processor.py:153} INFO - Started process (PID=115) to work on /home/airflow/.local/lib/python3.7/site-packages/airflow/example_dags/example_trigger_target_dag.py
[2022-09-07T16:29:50.828+0000] {processor.py:640} INFO - Processing file /home/airflow/.local/lib/python3.7/site-packages/airflow/example_dags/example_trigger_target_dag.py for tasks to queue
[2022-09-07T16:29:50.830+0000] {logging_mixin.py:115} INFO - [2022-09-07T16:29:50.829+0000] {dagbag.py:508} INFO - Filling up the DagBag from /home/airflow/.local/lib/python3.7/site-packages/airflow/example_dags/example_trigger_target_dag.py
[2022-09-07T16:29:50.845+0000] {processor.py:650} INFO - DAG(s) dict_keys(['example_trigger_target_dag']) retrieved from /home/airflow/.local/lib/python3.7/site-packages/airflow/example_dags/example_trigger_target_dag.py
[2022-09-07T16:29:50.870+0000] {logging_mixin.py:115} INFO - [2022-09-07T16:29:50.869+0000] {dag.py:2429} INFO - Sync 1 DAGs
[2022-09-07T16:29:50.885+0000] {logging_mixin.py:115} INFO - [2022-09-07T16:29:50.885+0000] {dag.py:2981} INFO - Setting next_dagrun for example_trigger_target_dag to None, run_after=None
[2022-09-07T16:29:50.895+0000] {processor.py:161} INFO - Processing /home/airflow/.local/lib/python3.7/site-packages/airflow/example_dags/example_trigger_target_dag.py took 0.074 seconds
[2022-09-07T16:30:21.131+0000] {processor.py:153} INFO - Started process (PID=175) to work on /home/airflow/.local/lib/python3.7/site-packages/airflow/example_dags/example_trigger_target_dag.py
[2022-09-07T16:30:21.133+0000] {processor.py:640} INFO - Processing file /home/airflow/.local/lib/python3.7/site-packages/airflow/example_dags/example_trigger_target_dag.py for tasks to queue
[2022-09-07T16:30:21.134+0000] {logging_mixin.py:115} INFO - [2022-09-07T16:30:21.134+0000] {dagbag.py:508} INFO - Filling up the DagBag from /home/airflow/.local/lib/python3.7/site-packages/airflow/example_dags/example_trigger_target_dag.py
[2022-09-07T16:30:21.145+0000] {processor.py:650} INFO - DAG(s) dict_keys(['example_trigger_target_dag']) retrieved from /home/airflow/.local/lib/python3.7/site-packages/airflow/example_dags/example_trigger_target_dag.py
[2022-09-07T16:30:21.164+0000] {logging_mixin.py:115} INFO - [2022-09-07T16:30:21.164+0000] {dag.py:2429} INFO - Sync 1 DAGs
[2022-09-07T16:30:21.183+0000] {logging_mixin.py:115} INFO - [2022-09-07T16:30:21.182+0000] {dag.py:2981} INFO - Setting next_dagrun for example_trigger_target_dag to None, run_after=None
[2022-09-07T16:30:21.192+0000] {processor.py:161} INFO - Processing /home/airflow/.local/lib/python3.7/site-packages/airflow/example_dags/example_trigger_target_dag.py took 0.063 seconds
[2022-09-07T16:30:52.050+0000] {processor.py:153} INFO - Started process (PID=236) to work on /home/airflow/.local/lib/python3.7/site-packages/airflow/example_dags/example_trigger_target_dag.py
[2022-09-07T16:30:52.052+0000] {processor.py:640} INFO - Processing file /home/airflow/.local/lib/python3.7/site-packages/airflow/example_dags/example_trigger_target_dag.py for tasks to queue
[2022-09-07T16:30:52.053+0000] {logging_mixin.py:115} INFO - [2022-09-07T16:30:52.053+0000] {dagbag.py:508} INFO - Filling up the DagBag from /home/airflow/.local/lib/python3.7/site-packages/airflow/example_dags/example_trigger_target_dag.py
[2022-09-07T16:30:52.062+0000] {processor.py:650} INFO - DAG(s) dict_keys(['example_trigger_target_dag']) retrieved from /home/airflow/.local/lib/python3.7/site-packages/airflow/example_dags/example_trigger_target_dag.py
[2022-09-07T16:30:52.082+0000] {logging_mixin.py:115} INFO - [2022-09-07T16:30:52.081+0000] {dag.py:2429} INFO - Sync 1 DAGs
[2022-09-07T16:30:52.099+0000] {logging_mixin.py:115} INFO - [2022-09-07T16:30:52.099+0000] {dag.py:2981} INFO - Setting next_dagrun for example_trigger_target_dag to None, run_after=None
[2022-09-07T16:30:52.113+0000] {processor.py:161} INFO - Processing /home/airflow/.local/lib/python3.7/site-packages/airflow/example_dags/example_trigger_target_dag.py took 0.066 seconds
[2022-09-07T16:31:22.705+0000] {processor.py:153} INFO - Started process (PID=297) to work on /home/airflow/.local/lib/python3.7/site-packages/airflow/example_dags/example_trigger_target_dag.py
[2022-09-07T16:31:22.708+0000] {processor.py:640} INFO - Processing file /home/airflow/.local/lib/python3.7/site-packages/airflow/example_dags/example_trigger_target_dag.py for tasks to queue
[2022-09-07T16:31:22.709+0000] {logging_mixin.py:115} INFO - [2022-09-07T16:31:22.709+0000] {dagbag.py:508} INFO - Filling up the DagBag from /home/airflow/.local/lib/python3.7/site-packages/airflow/example_dags/example_trigger_target_dag.py
[2022-09-07T16:31:22.719+0000] {processor.py:650} INFO - DAG(s) dict_keys(['example_trigger_target_dag']) retrieved from /home/airflow/.local/lib/python3.7/site-packages/airflow/example_dags/example_trigger_target_dag.py
[2022-09-07T16:31:22.742+0000] {logging_mixin.py:115} INFO - [2022-09-07T16:31:22.742+0000] {dag.py:2429} INFO - Sync 1 DAGs
[2022-09-07T16:31:22.759+0000] {logging_mixin.py:115} INFO - [2022-09-07T16:31:22.759+0000] {dag.py:2981} INFO - Setting next_dagrun for example_trigger_target_dag to None, run_after=None
[2022-09-07T16:31:22.770+0000] {processor.py:161} INFO - Processing /home/airflow/.local/lib/python3.7/site-packages/airflow/example_dags/example_trigger_target_dag.py took 0.069 seconds
[2022-09-07T17:23:40.856+0000] {processor.py:153} INFO - Started process (PID=63) to work on /home/airflow/.local/lib/python3.7/site-packages/airflow/example_dags/example_trigger_target_dag.py
[2022-09-07T17:23:40.859+0000] {processor.py:640} INFO - Processing file /home/airflow/.local/lib/python3.7/site-packages/airflow/example_dags/example_trigger_target_dag.py for tasks to queue
[2022-09-07T17:23:40.861+0000] {logging_mixin.py:115} INFO - [2022-09-07T17:23:40.861+0000] {dagbag.py:508} INFO - Filling up the DagBag from /home/airflow/.local/lib/python3.7/site-packages/airflow/example_dags/example_trigger_target_dag.py
[2022-09-07T17:23:40.885+0000] {processor.py:650} INFO - DAG(s) dict_keys(['example_trigger_target_dag']) retrieved from /home/airflow/.local/lib/python3.7/site-packages/airflow/example_dags/example_trigger_target_dag.py
[2022-09-07T17:23:40.918+0000] {logging_mixin.py:115} INFO - [2022-09-07T17:23:40.917+0000] {dag.py:2429} INFO - Sync 1 DAGs
[2022-09-07T17:23:40.943+0000] {logging_mixin.py:115} INFO - [2022-09-07T17:23:40.943+0000] {dag.py:2981} INFO - Setting next_dagrun for example_trigger_target_dag to None, run_after=None
[2022-09-07T17:23:40.973+0000] {processor.py:161} INFO - Processing /home/airflow/.local/lib/python3.7/site-packages/airflow/example_dags/example_trigger_target_dag.py took 0.131 seconds
[2022-09-07T17:24:11.187+0000] {processor.py:153} INFO - Started process (PID=114) to work on /home/airflow/.local/lib/python3.7/site-packages/airflow/example_dags/example_trigger_target_dag.py
[2022-09-07T17:24:11.189+0000] {processor.py:640} INFO - Processing file /home/airflow/.local/lib/python3.7/site-packages/airflow/example_dags/example_trigger_target_dag.py for tasks to queue
[2022-09-07T17:24:11.191+0000] {logging_mixin.py:115} INFO - [2022-09-07T17:24:11.190+0000] {dagbag.py:508} INFO - Filling up the DagBag from /home/airflow/.local/lib/python3.7/site-packages/airflow/example_dags/example_trigger_target_dag.py
[2022-09-07T17:24:11.201+0000] {processor.py:650} INFO - DAG(s) dict_keys(['example_trigger_target_dag']) retrieved from /home/airflow/.local/lib/python3.7/site-packages/airflow/example_dags/example_trigger_target_dag.py
[2022-09-07T17:24:11.220+0000] {logging_mixin.py:115} INFO - [2022-09-07T17:24:11.220+0000] {dag.py:2429} INFO - Sync 1 DAGs
[2022-09-07T17:24:11.234+0000] {logging_mixin.py:115} INFO - [2022-09-07T17:24:11.234+0000] {dag.py:2981} INFO - Setting next_dagrun for example_trigger_target_dag to None, run_after=None
[2022-09-07T17:24:11.245+0000] {processor.py:161} INFO - Processing /home/airflow/.local/lib/python3.7/site-packages/airflow/example_dags/example_trigger_target_dag.py took 0.060 seconds
[2022-09-07T17:24:42.078+0000] {processor.py:153} INFO - Started process (PID=174) to work on /home/airflow/.local/lib/python3.7/site-packages/airflow/example_dags/example_trigger_target_dag.py
[2022-09-07T17:24:42.080+0000] {processor.py:640} INFO - Processing file /home/airflow/.local/lib/python3.7/site-packages/airflow/example_dags/example_trigger_target_dag.py for tasks to queue
[2022-09-07T17:24:42.081+0000] {logging_mixin.py:115} INFO - [2022-09-07T17:24:42.081+0000] {dagbag.py:508} INFO - Filling up the DagBag from /home/airflow/.local/lib/python3.7/site-packages/airflow/example_dags/example_trigger_target_dag.py
[2022-09-07T17:24:42.092+0000] {processor.py:650} INFO - DAG(s) dict_keys(['example_trigger_target_dag']) retrieved from /home/airflow/.local/lib/python3.7/site-packages/airflow/example_dags/example_trigger_target_dag.py
[2022-09-07T17:24:42.112+0000] {logging_mixin.py:115} INFO - [2022-09-07T17:24:42.112+0000] {dag.py:2429} INFO - Sync 1 DAGs
[2022-09-07T17:24:42.125+0000] {logging_mixin.py:115} INFO - [2022-09-07T17:24:42.125+0000] {dag.py:2981} INFO - Setting next_dagrun for example_trigger_target_dag to None, run_after=None
[2022-09-07T17:24:42.135+0000] {processor.py:161} INFO - Processing /home/airflow/.local/lib/python3.7/site-packages/airflow/example_dags/example_trigger_target_dag.py took 0.060 seconds
