[2022-09-07T07:55:31.482+0000] {processor.py:153} INFO - Started process (PID=34) to work on /home/airflow/.local/lib/python3.7/site-packages/airflow/example_dags/example_branch_labels.py
[2022-09-07T07:55:31.484+0000] {processor.py:640} INFO - Processing file /home/airflow/.local/lib/python3.7/site-packages/airflow/example_dags/example_branch_labels.py for tasks to queue
[2022-09-07T07:55:31.485+0000] {logging_mixin.py:115} INFO - [2022-09-07T07:55:31.485+0000] {dagbag.py:508} INFO - Filling up the DagBag from /home/airflow/.local/lib/python3.7/site-packages/airflow/example_dags/example_branch_labels.py
[2022-09-07T07:55:31.493+0000] {processor.py:650} INFO - DAG(s) dict_keys(['example_branch_labels']) retrieved from /home/airflow/.local/lib/python3.7/site-packages/airflow/example_dags/example_branch_labels.py
[2022-09-07T07:55:31.584+0000] {logging_mixin.py:115} INFO - [2022-09-07T07:55:31.584+0000] {manager.py:508} INFO - Created Permission View: can delete on DAG:example_branch_labels
[2022-09-07T07:55:31.593+0000] {logging_mixin.py:115} INFO - [2022-09-07T07:55:31.593+0000] {manager.py:508} INFO - Created Permission View: can read on DAG:example_branch_labels
[2022-09-07T07:55:31.599+0000] {logging_mixin.py:115} INFO - [2022-09-07T07:55:31.599+0000] {manager.py:508} INFO - Created Permission View: can edit on DAG:example_branch_labels
[2022-09-07T07:55:31.599+0000] {logging_mixin.py:115} INFO - [2022-09-07T07:55:31.599+0000] {dag.py:2429} INFO - Sync 1 DAGs
[2022-09-07T07:55:31.606+0000] {logging_mixin.py:115} INFO - [2022-09-07T07:55:31.606+0000] {dag.py:2448} INFO - Creating ORM DAG for example_branch_labels
[2022-09-07T07:55:31.615+0000] {logging_mixin.py:115} INFO - [2022-09-07T07:55:31.615+0000] {dag.py:2981} INFO - Setting next_dagrun for example_branch_labels to 2022-09-06T00:00:00+00:00, run_after=2022-09-07T00:00:00+00:00
[2022-09-07T07:55:31.625+0000] {processor.py:161} INFO - Processing /home/airflow/.local/lib/python3.7/site-packages/airflow/example_dags/example_branch_labels.py took 0.148 seconds
[2022-09-07T07:56:02.158+0000] {processor.py:153} INFO - Started process (PID=95) to work on /home/airflow/.local/lib/python3.7/site-packages/airflow/example_dags/example_branch_labels.py
[2022-09-07T07:56:02.161+0000] {processor.py:640} INFO - Processing file /home/airflow/.local/lib/python3.7/site-packages/airflow/example_dags/example_branch_labels.py for tasks to queue
[2022-09-07T07:56:02.164+0000] {logging_mixin.py:115} INFO - [2022-09-07T07:56:02.164+0000] {dagbag.py:508} INFO - Filling up the DagBag from /home/airflow/.local/lib/python3.7/site-packages/airflow/example_dags/example_branch_labels.py
[2022-09-07T07:56:02.173+0000] {processor.py:650} INFO - DAG(s) dict_keys(['example_branch_labels']) retrieved from /home/airflow/.local/lib/python3.7/site-packages/airflow/example_dags/example_branch_labels.py
[2022-09-07T07:56:02.196+0000] {logging_mixin.py:115} INFO - [2022-09-07T07:56:02.196+0000] {dag.py:2429} INFO - Sync 1 DAGs
[2022-09-07T07:56:02.212+0000] {logging_mixin.py:115} INFO - [2022-09-07T07:56:02.212+0000] {dag.py:2981} INFO - Setting next_dagrun for example_branch_labels to 2022-09-06T00:00:00+00:00, run_after=2022-09-07T00:00:00+00:00
[2022-09-07T07:56:02.220+0000] {processor.py:161} INFO - Processing /home/airflow/.local/lib/python3.7/site-packages/airflow/example_dags/example_branch_labels.py took 0.069 seconds
[2022-09-07T07:56:32.916+0000] {processor.py:153} INFO - Started process (PID=156) to work on /home/airflow/.local/lib/python3.7/site-packages/airflow/example_dags/example_branch_labels.py
[2022-09-07T07:56:32.919+0000] {processor.py:640} INFO - Processing file /home/airflow/.local/lib/python3.7/site-packages/airflow/example_dags/example_branch_labels.py for tasks to queue
[2022-09-07T07:56:32.921+0000] {logging_mixin.py:115} INFO - [2022-09-07T07:56:32.921+0000] {dagbag.py:508} INFO - Filling up the DagBag from /home/airflow/.local/lib/python3.7/site-packages/airflow/example_dags/example_branch_labels.py
[2022-09-07T07:56:32.946+0000] {processor.py:650} INFO - DAG(s) dict_keys(['example_branch_labels']) retrieved from /home/airflow/.local/lib/python3.7/site-packages/airflow/example_dags/example_branch_labels.py
[2022-09-07T07:56:32.967+0000] {logging_mixin.py:115} INFO - [2022-09-07T07:56:32.967+0000] {dag.py:2429} INFO - Sync 1 DAGs
[2022-09-07T07:56:32.982+0000] {logging_mixin.py:115} INFO - [2022-09-07T07:56:32.982+0000] {dag.py:2981} INFO - Setting next_dagrun for example_branch_labels to 2022-09-06T00:00:00+00:00, run_after=2022-09-07T00:00:00+00:00
[2022-09-07T07:56:32.990+0000] {processor.py:161} INFO - Processing /home/airflow/.local/lib/python3.7/site-packages/airflow/example_dags/example_branch_labels.py took 0.080 seconds
[2022-09-07T07:57:03.639+0000] {processor.py:153} INFO - Started process (PID=217) to work on /home/airflow/.local/lib/python3.7/site-packages/airflow/example_dags/example_branch_labels.py
[2022-09-07T07:57:03.641+0000] {processor.py:640} INFO - Processing file /home/airflow/.local/lib/python3.7/site-packages/airflow/example_dags/example_branch_labels.py for tasks to queue
[2022-09-07T07:57:03.642+0000] {logging_mixin.py:115} INFO - [2022-09-07T07:57:03.642+0000] {dagbag.py:508} INFO - Filling up the DagBag from /home/airflow/.local/lib/python3.7/site-packages/airflow/example_dags/example_branch_labels.py
[2022-09-07T07:57:03.647+0000] {processor.py:650} INFO - DAG(s) dict_keys(['example_branch_labels']) retrieved from /home/airflow/.local/lib/python3.7/site-packages/airflow/example_dags/example_branch_labels.py
[2022-09-07T07:57:03.666+0000] {logging_mixin.py:115} INFO - [2022-09-07T07:57:03.666+0000] {dag.py:2429} INFO - Sync 1 DAGs
[2022-09-07T07:57:03.680+0000] {logging_mixin.py:115} INFO - [2022-09-07T07:57:03.680+0000] {dag.py:2981} INFO - Setting next_dagrun for example_branch_labels to 2022-09-06T00:00:00+00:00, run_after=2022-09-07T00:00:00+00:00
[2022-09-07T07:57:03.687+0000] {processor.py:161} INFO - Processing /home/airflow/.local/lib/python3.7/site-packages/airflow/example_dags/example_branch_labels.py took 0.050 seconds
[2022-09-07T07:57:34.208+0000] {processor.py:153} INFO - Started process (PID=269) to work on /home/airflow/.local/lib/python3.7/site-packages/airflow/example_dags/example_branch_labels.py
[2022-09-07T07:57:34.210+0000] {processor.py:640} INFO - Processing file /home/airflow/.local/lib/python3.7/site-packages/airflow/example_dags/example_branch_labels.py for tasks to queue
[2022-09-07T07:57:34.212+0000] {logging_mixin.py:115} INFO - [2022-09-07T07:57:34.212+0000] {dagbag.py:508} INFO - Filling up the DagBag from /home/airflow/.local/lib/python3.7/site-packages/airflow/example_dags/example_branch_labels.py
[2022-09-07T07:57:34.217+0000] {processor.py:650} INFO - DAG(s) dict_keys(['example_branch_labels']) retrieved from /home/airflow/.local/lib/python3.7/site-packages/airflow/example_dags/example_branch_labels.py
[2022-09-07T07:57:34.238+0000] {logging_mixin.py:115} INFO - [2022-09-07T07:57:34.238+0000] {dag.py:2429} INFO - Sync 1 DAGs
[2022-09-07T07:57:34.254+0000] {logging_mixin.py:115} INFO - [2022-09-07T07:57:34.254+0000] {dag.py:2981} INFO - Setting next_dagrun for example_branch_labels to 2022-09-06T00:00:00+00:00, run_after=2022-09-07T00:00:00+00:00
[2022-09-07T07:57:34.263+0000] {processor.py:161} INFO - Processing /home/airflow/.local/lib/python3.7/site-packages/airflow/example_dags/example_branch_labels.py took 0.057 seconds
[2022-09-07T07:58:04.927+0000] {processor.py:153} INFO - Started process (PID=330) to work on /home/airflow/.local/lib/python3.7/site-packages/airflow/example_dags/example_branch_labels.py
[2022-09-07T07:58:04.930+0000] {processor.py:640} INFO - Processing file /home/airflow/.local/lib/python3.7/site-packages/airflow/example_dags/example_branch_labels.py for tasks to queue
[2022-09-07T07:58:04.932+0000] {logging_mixin.py:115} INFO - [2022-09-07T07:58:04.932+0000] {dagbag.py:508} INFO - Filling up the DagBag from /home/airflow/.local/lib/python3.7/site-packages/airflow/example_dags/example_branch_labels.py
[2022-09-07T07:58:04.961+0000] {processor.py:650} INFO - DAG(s) dict_keys(['example_branch_labels']) retrieved from /home/airflow/.local/lib/python3.7/site-packages/airflow/example_dags/example_branch_labels.py
[2022-09-07T07:58:04.995+0000] {logging_mixin.py:115} INFO - [2022-09-07T07:58:04.995+0000] {dag.py:2429} INFO - Sync 1 DAGs
[2022-09-07T07:58:05.016+0000] {logging_mixin.py:115} INFO - [2022-09-07T07:58:05.016+0000] {dag.py:2981} INFO - Setting next_dagrun for example_branch_labels to 2022-09-06T00:00:00+00:00, run_after=2022-09-07T00:00:00+00:00
[2022-09-07T07:58:05.025+0000] {processor.py:161} INFO - Processing /home/airflow/.local/lib/python3.7/site-packages/airflow/example_dags/example_branch_labels.py took 0.105 seconds
[2022-09-07T07:58:36.035+0000] {processor.py:153} INFO - Started process (PID=389) to work on /home/airflow/.local/lib/python3.7/site-packages/airflow/example_dags/example_branch_labels.py
[2022-09-07T07:58:36.038+0000] {processor.py:640} INFO - Processing file /home/airflow/.local/lib/python3.7/site-packages/airflow/example_dags/example_branch_labels.py for tasks to queue
[2022-09-07T07:58:36.041+0000] {logging_mixin.py:115} INFO - [2022-09-07T07:58:36.040+0000] {dagbag.py:508} INFO - Filling up the DagBag from /home/airflow/.local/lib/python3.7/site-packages/airflow/example_dags/example_branch_labels.py
[2022-09-07T07:58:36.049+0000] {processor.py:650} INFO - DAG(s) dict_keys(['example_branch_labels']) retrieved from /home/airflow/.local/lib/python3.7/site-packages/airflow/example_dags/example_branch_labels.py
[2022-09-07T07:58:36.079+0000] {logging_mixin.py:115} INFO - [2022-09-07T07:58:36.079+0000] {dag.py:2429} INFO - Sync 1 DAGs
[2022-09-07T07:58:36.098+0000] {logging_mixin.py:115} INFO - [2022-09-07T07:58:36.098+0000] {dag.py:2981} INFO - Setting next_dagrun for example_branch_labels to 2022-09-06T00:00:00+00:00, run_after=2022-09-07T00:00:00+00:00
[2022-09-07T07:58:36.112+0000] {processor.py:161} INFO - Processing /home/airflow/.local/lib/python3.7/site-packages/airflow/example_dags/example_branch_labels.py took 0.083 seconds
[2022-09-07T07:59:07.155+0000] {processor.py:153} INFO - Started process (PID=450) to work on /home/airflow/.local/lib/python3.7/site-packages/airflow/example_dags/example_branch_labels.py
[2022-09-07T07:59:07.158+0000] {processor.py:640} INFO - Processing file /home/airflow/.local/lib/python3.7/site-packages/airflow/example_dags/example_branch_labels.py for tasks to queue
[2022-09-07T07:59:07.160+0000] {logging_mixin.py:115} INFO - [2022-09-07T07:59:07.159+0000] {dagbag.py:508} INFO - Filling up the DagBag from /home/airflow/.local/lib/python3.7/site-packages/airflow/example_dags/example_branch_labels.py
[2022-09-07T07:59:07.166+0000] {processor.py:650} INFO - DAG(s) dict_keys(['example_branch_labels']) retrieved from /home/airflow/.local/lib/python3.7/site-packages/airflow/example_dags/example_branch_labels.py
[2022-09-07T07:59:07.187+0000] {logging_mixin.py:115} INFO - [2022-09-07T07:59:07.187+0000] {dag.py:2429} INFO - Sync 1 DAGs
[2022-09-07T07:59:07.203+0000] {logging_mixin.py:115} INFO - [2022-09-07T07:59:07.203+0000] {dag.py:2981} INFO - Setting next_dagrun for example_branch_labels to 2022-09-06T00:00:00+00:00, run_after=2022-09-07T00:00:00+00:00
[2022-09-07T07:59:07.211+0000] {processor.py:161} INFO - Processing /home/airflow/.local/lib/python3.7/site-packages/airflow/example_dags/example_branch_labels.py took 0.059 seconds
[2022-09-07T07:59:37.981+0000] {processor.py:153} INFO - Started process (PID=510) to work on /home/airflow/.local/lib/python3.7/site-packages/airflow/example_dags/example_branch_labels.py
[2022-09-07T07:59:37.984+0000] {processor.py:640} INFO - Processing file /home/airflow/.local/lib/python3.7/site-packages/airflow/example_dags/example_branch_labels.py for tasks to queue
[2022-09-07T07:59:37.987+0000] {logging_mixin.py:115} INFO - [2022-09-07T07:59:37.986+0000] {dagbag.py:508} INFO - Filling up the DagBag from /home/airflow/.local/lib/python3.7/site-packages/airflow/example_dags/example_branch_labels.py
[2022-09-07T07:59:37.995+0000] {processor.py:650} INFO - DAG(s) dict_keys(['example_branch_labels']) retrieved from /home/airflow/.local/lib/python3.7/site-packages/airflow/example_dags/example_branch_labels.py
[2022-09-07T07:59:38.017+0000] {logging_mixin.py:115} INFO - [2022-09-07T07:59:38.017+0000] {dag.py:2429} INFO - Sync 1 DAGs
[2022-09-07T07:59:38.033+0000] {logging_mixin.py:115} INFO - [2022-09-07T07:59:38.033+0000] {dag.py:2981} INFO - Setting next_dagrun for example_branch_labels to 2022-09-06T00:00:00+00:00, run_after=2022-09-07T00:00:00+00:00
[2022-09-07T07:59:38.041+0000] {processor.py:161} INFO - Processing /home/airflow/.local/lib/python3.7/site-packages/airflow/example_dags/example_branch_labels.py took 0.064 seconds
[2022-09-07T08:00:08.797+0000] {processor.py:153} INFO - Started process (PID=571) to work on /home/airflow/.local/lib/python3.7/site-packages/airflow/example_dags/example_branch_labels.py
[2022-09-07T08:00:08.800+0000] {processor.py:640} INFO - Processing file /home/airflow/.local/lib/python3.7/site-packages/airflow/example_dags/example_branch_labels.py for tasks to queue
[2022-09-07T08:00:08.802+0000] {logging_mixin.py:115} INFO - [2022-09-07T08:00:08.802+0000] {dagbag.py:508} INFO - Filling up the DagBag from /home/airflow/.local/lib/python3.7/site-packages/airflow/example_dags/example_branch_labels.py
[2022-09-07T08:00:08.811+0000] {processor.py:650} INFO - DAG(s) dict_keys(['example_branch_labels']) retrieved from /home/airflow/.local/lib/python3.7/site-packages/airflow/example_dags/example_branch_labels.py
[2022-09-07T08:00:08.840+0000] {logging_mixin.py:115} INFO - [2022-09-07T08:00:08.839+0000] {dag.py:2429} INFO - Sync 1 DAGs
[2022-09-07T08:00:08.860+0000] {logging_mixin.py:115} INFO - [2022-09-07T08:00:08.860+0000] {dag.py:2981} INFO - Setting next_dagrun for example_branch_labels to 2022-09-06T00:00:00+00:00, run_after=2022-09-07T00:00:00+00:00
[2022-09-07T08:00:08.870+0000] {processor.py:161} INFO - Processing /home/airflow/.local/lib/python3.7/site-packages/airflow/example_dags/example_branch_labels.py took 0.078 seconds
[2022-09-07T08:00:39.690+0000] {processor.py:153} INFO - Started process (PID=927) to work on /home/airflow/.local/lib/python3.7/site-packages/airflow/example_dags/example_branch_labels.py
[2022-09-07T08:00:39.702+0000] {processor.py:640} INFO - Processing file /home/airflow/.local/lib/python3.7/site-packages/airflow/example_dags/example_branch_labels.py for tasks to queue
[2022-09-07T08:00:39.704+0000] {logging_mixin.py:115} INFO - [2022-09-07T08:00:39.704+0000] {dagbag.py:508} INFO - Filling up the DagBag from /home/airflow/.local/lib/python3.7/site-packages/airflow/example_dags/example_branch_labels.py
[2022-09-07T08:00:39.712+0000] {processor.py:650} INFO - DAG(s) dict_keys(['example_branch_labels']) retrieved from /home/airflow/.local/lib/python3.7/site-packages/airflow/example_dags/example_branch_labels.py
[2022-09-07T08:00:39.757+0000] {logging_mixin.py:115} INFO - [2022-09-07T08:00:39.757+0000] {dag.py:2429} INFO - Sync 1 DAGs
[2022-09-07T08:00:39.779+0000] {logging_mixin.py:115} INFO - [2022-09-07T08:00:39.779+0000] {dag.py:2981} INFO - Setting next_dagrun for example_branch_labels to 2022-09-06T00:00:00+00:00, run_after=2022-09-07T00:00:00+00:00
[2022-09-07T08:00:39.799+0000] {processor.py:161} INFO - Processing /home/airflow/.local/lib/python3.7/site-packages/airflow/example_dags/example_branch_labels.py took 0.112 seconds
[2022-09-07T08:01:10.566+0000] {processor.py:153} INFO - Started process (PID=2069) to work on /home/airflow/.local/lib/python3.7/site-packages/airflow/example_dags/example_branch_labels.py
[2022-09-07T08:01:10.567+0000] {processor.py:640} INFO - Processing file /home/airflow/.local/lib/python3.7/site-packages/airflow/example_dags/example_branch_labels.py for tasks to queue
[2022-09-07T08:01:10.569+0000] {logging_mixin.py:115} INFO - [2022-09-07T08:01:10.568+0000] {dagbag.py:508} INFO - Filling up the DagBag from /home/airflow/.local/lib/python3.7/site-packages/airflow/example_dags/example_branch_labels.py
[2022-09-07T08:01:10.573+0000] {processor.py:650} INFO - DAG(s) dict_keys(['example_branch_labels']) retrieved from /home/airflow/.local/lib/python3.7/site-packages/airflow/example_dags/example_branch_labels.py
[2022-09-07T08:01:10.594+0000] {logging_mixin.py:115} INFO - [2022-09-07T08:01:10.594+0000] {dag.py:2429} INFO - Sync 1 DAGs
[2022-09-07T08:01:10.608+0000] {logging_mixin.py:115} INFO - [2022-09-07T08:01:10.608+0000] {dag.py:2981} INFO - Setting next_dagrun for example_branch_labels to 2022-09-06T00:00:00+00:00, run_after=2022-09-07T00:00:00+00:00
[2022-09-07T08:01:10.615+0000] {processor.py:161} INFO - Processing /home/airflow/.local/lib/python3.7/site-packages/airflow/example_dags/example_branch_labels.py took 0.054 seconds
[2022-09-07T08:01:41.371+0000] {processor.py:153} INFO - Started process (PID=2323) to work on /home/airflow/.local/lib/python3.7/site-packages/airflow/example_dags/example_branch_labels.py
[2022-09-07T08:01:41.372+0000] {processor.py:640} INFO - Processing file /home/airflow/.local/lib/python3.7/site-packages/airflow/example_dags/example_branch_labels.py for tasks to queue
[2022-09-07T08:01:41.374+0000] {logging_mixin.py:115} INFO - [2022-09-07T08:01:41.374+0000] {dagbag.py:508} INFO - Filling up the DagBag from /home/airflow/.local/lib/python3.7/site-packages/airflow/example_dags/example_branch_labels.py
[2022-09-07T08:01:41.379+0000] {processor.py:650} INFO - DAG(s) dict_keys(['example_branch_labels']) retrieved from /home/airflow/.local/lib/python3.7/site-packages/airflow/example_dags/example_branch_labels.py
[2022-09-07T08:01:41.397+0000] {logging_mixin.py:115} INFO - [2022-09-07T08:01:41.397+0000] {dag.py:2429} INFO - Sync 1 DAGs
[2022-09-07T08:01:41.411+0000] {logging_mixin.py:115} INFO - [2022-09-07T08:01:41.411+0000] {dag.py:2981} INFO - Setting next_dagrun for example_branch_labels to 2022-09-06T00:00:00+00:00, run_after=2022-09-07T00:00:00+00:00
[2022-09-07T08:01:41.420+0000] {processor.py:161} INFO - Processing /home/airflow/.local/lib/python3.7/site-packages/airflow/example_dags/example_branch_labels.py took 0.051 seconds
[2022-09-07T08:02:12.135+0000] {processor.py:153} INFO - Started process (PID=2385) to work on /home/airflow/.local/lib/python3.7/site-packages/airflow/example_dags/example_branch_labels.py
[2022-09-07T08:02:12.137+0000] {processor.py:640} INFO - Processing file /home/airflow/.local/lib/python3.7/site-packages/airflow/example_dags/example_branch_labels.py for tasks to queue
[2022-09-07T08:02:12.139+0000] {logging_mixin.py:115} INFO - [2022-09-07T08:02:12.138+0000] {dagbag.py:508} INFO - Filling up the DagBag from /home/airflow/.local/lib/python3.7/site-packages/airflow/example_dags/example_branch_labels.py
[2022-09-07T08:02:12.146+0000] {processor.py:650} INFO - DAG(s) dict_keys(['example_branch_labels']) retrieved from /home/airflow/.local/lib/python3.7/site-packages/airflow/example_dags/example_branch_labels.py
[2022-09-07T08:02:12.169+0000] {logging_mixin.py:115} INFO - [2022-09-07T08:02:12.169+0000] {dag.py:2429} INFO - Sync 1 DAGs
[2022-09-07T08:02:12.184+0000] {logging_mixin.py:115} INFO - [2022-09-07T08:02:12.184+0000] {dag.py:2981} INFO - Setting next_dagrun for example_branch_labels to 2022-09-06T00:00:00+00:00, run_after=2022-09-07T00:00:00+00:00
[2022-09-07T08:02:12.192+0000] {processor.py:161} INFO - Processing /home/airflow/.local/lib/python3.7/site-packages/airflow/example_dags/example_branch_labels.py took 0.061 seconds
[2022-09-07T08:02:42.953+0000] {processor.py:153} INFO - Started process (PID=2445) to work on /home/airflow/.local/lib/python3.7/site-packages/airflow/example_dags/example_branch_labels.py
[2022-09-07T08:02:42.956+0000] {processor.py:640} INFO - Processing file /home/airflow/.local/lib/python3.7/site-packages/airflow/example_dags/example_branch_labels.py for tasks to queue
[2022-09-07T08:02:42.959+0000] {logging_mixin.py:115} INFO - [2022-09-07T08:02:42.958+0000] {dagbag.py:508} INFO - Filling up the DagBag from /home/airflow/.local/lib/python3.7/site-packages/airflow/example_dags/example_branch_labels.py
[2022-09-07T08:02:42.967+0000] {processor.py:650} INFO - DAG(s) dict_keys(['example_branch_labels']) retrieved from /home/airflow/.local/lib/python3.7/site-packages/airflow/example_dags/example_branch_labels.py
[2022-09-07T08:02:42.992+0000] {logging_mixin.py:115} INFO - [2022-09-07T08:02:42.992+0000] {dag.py:2429} INFO - Sync 1 DAGs
[2022-09-07T08:02:43.008+0000] {logging_mixin.py:115} INFO - [2022-09-07T08:02:43.008+0000] {dag.py:2981} INFO - Setting next_dagrun for example_branch_labels to 2022-09-06T00:00:00+00:00, run_after=2022-09-07T00:00:00+00:00
[2022-09-07T08:02:43.016+0000] {processor.py:161} INFO - Processing /home/airflow/.local/lib/python3.7/site-packages/airflow/example_dags/example_branch_labels.py took 0.067 seconds
[2022-09-07T08:03:13.768+0000] {processor.py:153} INFO - Started process (PID=2505) to work on /home/airflow/.local/lib/python3.7/site-packages/airflow/example_dags/example_branch_labels.py
[2022-09-07T08:03:13.770+0000] {processor.py:640} INFO - Processing file /home/airflow/.local/lib/python3.7/site-packages/airflow/example_dags/example_branch_labels.py for tasks to queue
[2022-09-07T08:03:13.771+0000] {logging_mixin.py:115} INFO - [2022-09-07T08:03:13.771+0000] {dagbag.py:508} INFO - Filling up the DagBag from /home/airflow/.local/lib/python3.7/site-packages/airflow/example_dags/example_branch_labels.py
[2022-09-07T08:03:13.778+0000] {processor.py:650} INFO - DAG(s) dict_keys(['example_branch_labels']) retrieved from /home/airflow/.local/lib/python3.7/site-packages/airflow/example_dags/example_branch_labels.py
[2022-09-07T08:03:13.799+0000] {logging_mixin.py:115} INFO - [2022-09-07T08:03:13.799+0000] {dag.py:2429} INFO - Sync 1 DAGs
[2022-09-07T08:03:13.814+0000] {logging_mixin.py:115} INFO - [2022-09-07T08:03:13.813+0000] {dag.py:2981} INFO - Setting next_dagrun for example_branch_labels to 2022-09-06T00:00:00+00:00, run_after=2022-09-07T00:00:00+00:00
[2022-09-07T08:03:13.822+0000] {processor.py:161} INFO - Processing /home/airflow/.local/lib/python3.7/site-packages/airflow/example_dags/example_branch_labels.py took 0.059 seconds
[2022-09-07T08:03:44.516+0000] {processor.py:153} INFO - Started process (PID=2566) to work on /home/airflow/.local/lib/python3.7/site-packages/airflow/example_dags/example_branch_labels.py
[2022-09-07T08:03:44.518+0000] {processor.py:640} INFO - Processing file /home/airflow/.local/lib/python3.7/site-packages/airflow/example_dags/example_branch_labels.py for tasks to queue
[2022-09-07T08:03:44.519+0000] {logging_mixin.py:115} INFO - [2022-09-07T08:03:44.519+0000] {dagbag.py:508} INFO - Filling up the DagBag from /home/airflow/.local/lib/python3.7/site-packages/airflow/example_dags/example_branch_labels.py
[2022-09-07T08:03:44.525+0000] {processor.py:650} INFO - DAG(s) dict_keys(['example_branch_labels']) retrieved from /home/airflow/.local/lib/python3.7/site-packages/airflow/example_dags/example_branch_labels.py
[2022-09-07T08:03:44.556+0000] {logging_mixin.py:115} INFO - [2022-09-07T08:03:44.556+0000] {dag.py:2429} INFO - Sync 1 DAGs
[2022-09-07T08:03:44.579+0000] {logging_mixin.py:115} INFO - [2022-09-07T08:03:44.579+0000] {dag.py:2981} INFO - Setting next_dagrun for example_branch_labels to 2022-09-06T00:00:00+00:00, run_after=2022-09-07T00:00:00+00:00
[2022-09-07T08:03:44.590+0000] {processor.py:161} INFO - Processing /home/airflow/.local/lib/python3.7/site-packages/airflow/example_dags/example_branch_labels.py took 0.078 seconds
[2022-09-07T08:04:15.236+0000] {processor.py:153} INFO - Started process (PID=2618) to work on /home/airflow/.local/lib/python3.7/site-packages/airflow/example_dags/example_branch_labels.py
[2022-09-07T08:04:15.238+0000] {processor.py:640} INFO - Processing file /home/airflow/.local/lib/python3.7/site-packages/airflow/example_dags/example_branch_labels.py for tasks to queue
[2022-09-07T08:04:15.240+0000] {logging_mixin.py:115} INFO - [2022-09-07T08:04:15.240+0000] {dagbag.py:508} INFO - Filling up the DagBag from /home/airflow/.local/lib/python3.7/site-packages/airflow/example_dags/example_branch_labels.py
[2022-09-07T08:04:15.248+0000] {processor.py:650} INFO - DAG(s) dict_keys(['example_branch_labels']) retrieved from /home/airflow/.local/lib/python3.7/site-packages/airflow/example_dags/example_branch_labels.py
[2022-09-07T08:04:15.275+0000] {logging_mixin.py:115} INFO - [2022-09-07T08:04:15.275+0000] {dag.py:2429} INFO - Sync 1 DAGs
[2022-09-07T08:04:15.291+0000] {logging_mixin.py:115} INFO - [2022-09-07T08:04:15.291+0000] {dag.py:2981} INFO - Setting next_dagrun for example_branch_labels to 2022-09-06T00:00:00+00:00, run_after=2022-09-07T00:00:00+00:00
[2022-09-07T08:04:15.301+0000] {processor.py:161} INFO - Processing /home/airflow/.local/lib/python3.7/site-packages/airflow/example_dags/example_branch_labels.py took 0.071 seconds
[2022-09-07T16:20:32.850+0000] {processor.py:153} INFO - Started process (PID=34) to work on /home/airflow/.local/lib/python3.7/site-packages/airflow/example_dags/example_branch_labels.py
[2022-09-07T16:20:32.854+0000] {processor.py:640} INFO - Processing file /home/airflow/.local/lib/python3.7/site-packages/airflow/example_dags/example_branch_labels.py for tasks to queue
[2022-09-07T16:20:32.855+0000] {logging_mixin.py:115} INFO - [2022-09-07T16:20:32.855+0000] {dagbag.py:508} INFO - Filling up the DagBag from /home/airflow/.local/lib/python3.7/site-packages/airflow/example_dags/example_branch_labels.py
[2022-09-07T16:20:32.864+0000] {processor.py:650} INFO - DAG(s) dict_keys(['example_branch_labels']) retrieved from /home/airflow/.local/lib/python3.7/site-packages/airflow/example_dags/example_branch_labels.py
[2022-09-07T16:20:32.910+0000] {logging_mixin.py:115} INFO - [2022-09-07T16:20:32.910+0000] {dag.py:2429} INFO - Sync 1 DAGs
[2022-09-07T16:20:32.946+0000] {logging_mixin.py:115} INFO - [2022-09-07T16:20:32.946+0000] {dag.py:2981} INFO - Setting next_dagrun for example_branch_labels to 2022-09-06T00:00:00+00:00, run_after=2022-09-07T00:00:00+00:00
[2022-09-07T16:20:32.969+0000] {processor.py:161} INFO - Processing /home/airflow/.local/lib/python3.7/site-packages/airflow/example_dags/example_branch_labels.py took 0.121 seconds
[2022-09-07T16:21:00.828+0000] {processor.py:153} INFO - Started process (PID=51) to work on /home/airflow/.local/lib/python3.7/site-packages/airflow/example_dags/example_branch_labels.py
[2022-09-07T16:21:00.829+0000] {processor.py:640} INFO - Processing file /home/airflow/.local/lib/python3.7/site-packages/airflow/example_dags/example_branch_labels.py for tasks to queue
[2022-09-07T16:21:00.830+0000] {logging_mixin.py:115} INFO - [2022-09-07T16:21:00.830+0000] {dagbag.py:508} INFO - Filling up the DagBag from /home/airflow/.local/lib/python3.7/site-packages/airflow/example_dags/example_branch_labels.py
[2022-09-07T16:21:00.835+0000] {processor.py:650} INFO - DAG(s) dict_keys(['example_branch_labels']) retrieved from /home/airflow/.local/lib/python3.7/site-packages/airflow/example_dags/example_branch_labels.py
[2022-09-07T16:21:00.857+0000] {logging_mixin.py:115} INFO - [2022-09-07T16:21:00.857+0000] {dag.py:2429} INFO - Sync 1 DAGs
[2022-09-07T16:21:00.870+0000] {logging_mixin.py:115} INFO - [2022-09-07T16:21:00.870+0000] {dag.py:2981} INFO - Setting next_dagrun for example_branch_labels to 2022-09-06T00:00:00+00:00, run_after=2022-09-07T00:00:00+00:00
[2022-09-07T16:21:00.879+0000] {processor.py:161} INFO - Processing /home/airflow/.local/lib/python3.7/site-packages/airflow/example_dags/example_branch_labels.py took 0.054 seconds
[2022-09-07T16:21:31.570+0000] {processor.py:153} INFO - Started process (PID=111) to work on /home/airflow/.local/lib/python3.7/site-packages/airflow/example_dags/example_branch_labels.py
[2022-09-07T16:21:31.572+0000] {processor.py:640} INFO - Processing file /home/airflow/.local/lib/python3.7/site-packages/airflow/example_dags/example_branch_labels.py for tasks to queue
[2022-09-07T16:21:31.574+0000] {logging_mixin.py:115} INFO - [2022-09-07T16:21:31.573+0000] {dagbag.py:508} INFO - Filling up the DagBag from /home/airflow/.local/lib/python3.7/site-packages/airflow/example_dags/example_branch_labels.py
[2022-09-07T16:21:31.582+0000] {processor.py:650} INFO - DAG(s) dict_keys(['example_branch_labels']) retrieved from /home/airflow/.local/lib/python3.7/site-packages/airflow/example_dags/example_branch_labels.py
[2022-09-07T16:21:31.607+0000] {logging_mixin.py:115} INFO - [2022-09-07T16:21:31.607+0000] {dag.py:2429} INFO - Sync 1 DAGs
[2022-09-07T16:21:31.624+0000] {logging_mixin.py:115} INFO - [2022-09-07T16:21:31.624+0000] {dag.py:2981} INFO - Setting next_dagrun for example_branch_labels to 2022-09-06T00:00:00+00:00, run_after=2022-09-07T00:00:00+00:00
[2022-09-07T16:21:31.635+0000] {processor.py:161} INFO - Processing /home/airflow/.local/lib/python3.7/site-packages/airflow/example_dags/example_branch_labels.py took 0.069 seconds
[2022-09-07T16:22:02.232+0000] {processor.py:153} INFO - Started process (PID=559) to work on /home/airflow/.local/lib/python3.7/site-packages/airflow/example_dags/example_branch_labels.py
[2022-09-07T16:22:02.233+0000] {processor.py:640} INFO - Processing file /home/airflow/.local/lib/python3.7/site-packages/airflow/example_dags/example_branch_labels.py for tasks to queue
[2022-09-07T16:22:02.236+0000] {logging_mixin.py:115} INFO - [2022-09-07T16:22:02.236+0000] {dagbag.py:508} INFO - Filling up the DagBag from /home/airflow/.local/lib/python3.7/site-packages/airflow/example_dags/example_branch_labels.py
[2022-09-07T16:22:02.242+0000] {processor.py:650} INFO - DAG(s) dict_keys(['example_branch_labels']) retrieved from /home/airflow/.local/lib/python3.7/site-packages/airflow/example_dags/example_branch_labels.py
[2022-09-07T16:22:02.262+0000] {logging_mixin.py:115} INFO - [2022-09-07T16:22:02.262+0000] {dag.py:2429} INFO - Sync 1 DAGs
[2022-09-07T16:22:02.276+0000] {logging_mixin.py:115} INFO - [2022-09-07T16:22:02.276+0000] {dag.py:2981} INFO - Setting next_dagrun for example_branch_labels to 2022-09-06T00:00:00+00:00, run_after=2022-09-07T00:00:00+00:00
[2022-09-07T16:22:02.284+0000] {processor.py:161} INFO - Processing /home/airflow/.local/lib/python3.7/site-packages/airflow/example_dags/example_branch_labels.py took 0.055 seconds
[2022-09-07T16:22:32.407+0000] {processor.py:153} INFO - Started process (PID=1097) to work on /home/airflow/.local/lib/python3.7/site-packages/airflow/example_dags/example_branch_labels.py
[2022-09-07T16:22:32.408+0000] {processor.py:640} INFO - Processing file /home/airflow/.local/lib/python3.7/site-packages/airflow/example_dags/example_branch_labels.py for tasks to queue
[2022-09-07T16:22:32.409+0000] {logging_mixin.py:115} INFO - [2022-09-07T16:22:32.409+0000] {dagbag.py:508} INFO - Filling up the DagBag from /home/airflow/.local/lib/python3.7/site-packages/airflow/example_dags/example_branch_labels.py
[2022-09-07T16:22:32.415+0000] {processor.py:650} INFO - DAG(s) dict_keys(['example_branch_labels']) retrieved from /home/airflow/.local/lib/python3.7/site-packages/airflow/example_dags/example_branch_labels.py
[2022-09-07T16:22:32.435+0000] {logging_mixin.py:115} INFO - [2022-09-07T16:22:32.434+0000] {dag.py:2429} INFO - Sync 1 DAGs
[2022-09-07T16:22:32.448+0000] {logging_mixin.py:115} INFO - [2022-09-07T16:22:32.448+0000] {dag.py:2981} INFO - Setting next_dagrun for example_branch_labels to 2022-09-06T00:00:00+00:00, run_after=2022-09-07T00:00:00+00:00
[2022-09-07T16:22:32.458+0000] {processor.py:161} INFO - Processing /home/airflow/.local/lib/python3.7/site-packages/airflow/example_dags/example_branch_labels.py took 0.055 seconds
[2022-09-07T16:23:02.963+0000] {processor.py:153} INFO - Started process (PID=1794) to work on /home/airflow/.local/lib/python3.7/site-packages/airflow/example_dags/example_branch_labels.py
[2022-09-07T16:23:02.965+0000] {processor.py:640} INFO - Processing file /home/airflow/.local/lib/python3.7/site-packages/airflow/example_dags/example_branch_labels.py for tasks to queue
[2022-09-07T16:23:02.967+0000] {logging_mixin.py:115} INFO - [2022-09-07T16:23:02.967+0000] {dagbag.py:508} INFO - Filling up the DagBag from /home/airflow/.local/lib/python3.7/site-packages/airflow/example_dags/example_branch_labels.py
[2022-09-07T16:23:02.972+0000] {processor.py:650} INFO - DAG(s) dict_keys(['example_branch_labels']) retrieved from /home/airflow/.local/lib/python3.7/site-packages/airflow/example_dags/example_branch_labels.py
[2022-09-07T16:23:02.991+0000] {logging_mixin.py:115} INFO - [2022-09-07T16:23:02.991+0000] {dag.py:2429} INFO - Sync 1 DAGs
[2022-09-07T16:23:03.008+0000] {logging_mixin.py:115} INFO - [2022-09-07T16:23:03.008+0000] {dag.py:2981} INFO - Setting next_dagrun for example_branch_labels to 2022-09-06T00:00:00+00:00, run_after=2022-09-07T00:00:00+00:00
[2022-09-07T16:23:03.024+0000] {processor.py:161} INFO - Processing /home/airflow/.local/lib/python3.7/site-packages/airflow/example_dags/example_branch_labels.py took 0.064 seconds
[2022-09-07T16:23:33.870+0000] {processor.py:153} INFO - Started process (PID=2156) to work on /home/airflow/.local/lib/python3.7/site-packages/airflow/example_dags/example_branch_labels.py
[2022-09-07T16:23:33.899+0000] {processor.py:640} INFO - Processing file /home/airflow/.local/lib/python3.7/site-packages/airflow/example_dags/example_branch_labels.py for tasks to queue
[2022-09-07T16:23:33.900+0000] {logging_mixin.py:115} INFO - [2022-09-07T16:23:33.900+0000] {dagbag.py:508} INFO - Filling up the DagBag from /home/airflow/.local/lib/python3.7/site-packages/airflow/example_dags/example_branch_labels.py
[2022-09-07T16:23:33.905+0000] {processor.py:650} INFO - DAG(s) dict_keys(['example_branch_labels']) retrieved from /home/airflow/.local/lib/python3.7/site-packages/airflow/example_dags/example_branch_labels.py
[2022-09-07T16:23:33.924+0000] {logging_mixin.py:115} INFO - [2022-09-07T16:23:33.924+0000] {dag.py:2429} INFO - Sync 1 DAGs
[2022-09-07T16:23:33.939+0000] {logging_mixin.py:115} INFO - [2022-09-07T16:23:33.939+0000] {dag.py:2981} INFO - Setting next_dagrun for example_branch_labels to 2022-09-06T00:00:00+00:00, run_after=2022-09-07T00:00:00+00:00
[2022-09-07T16:23:33.947+0000] {processor.py:161} INFO - Processing /home/airflow/.local/lib/python3.7/site-packages/airflow/example_dags/example_branch_labels.py took 0.079 seconds
[2022-09-07T16:24:04.575+0000] {processor.py:153} INFO - Started process (PID=2540) to work on /home/airflow/.local/lib/python3.7/site-packages/airflow/example_dags/example_branch_labels.py
[2022-09-07T16:24:04.577+0000] {processor.py:640} INFO - Processing file /home/airflow/.local/lib/python3.7/site-packages/airflow/example_dags/example_branch_labels.py for tasks to queue
[2022-09-07T16:24:04.579+0000] {logging_mixin.py:115} INFO - [2022-09-07T16:24:04.579+0000] {dagbag.py:508} INFO - Filling up the DagBag from /home/airflow/.local/lib/python3.7/site-packages/airflow/example_dags/example_branch_labels.py
[2022-09-07T16:24:04.585+0000] {processor.py:650} INFO - DAG(s) dict_keys(['example_branch_labels']) retrieved from /home/airflow/.local/lib/python3.7/site-packages/airflow/example_dags/example_branch_labels.py
[2022-09-07T16:24:04.605+0000] {logging_mixin.py:115} INFO - [2022-09-07T16:24:04.605+0000] {dag.py:2429} INFO - Sync 1 DAGs
[2022-09-07T16:24:04.619+0000] {logging_mixin.py:115} INFO - [2022-09-07T16:24:04.619+0000] {dag.py:2981} INFO - Setting next_dagrun for example_branch_labels to 2022-09-06T00:00:00+00:00, run_after=2022-09-07T00:00:00+00:00
[2022-09-07T16:24:04.626+0000] {processor.py:161} INFO - Processing /home/airflow/.local/lib/python3.7/site-packages/airflow/example_dags/example_branch_labels.py took 0.055 seconds
[2022-09-07T16:24:35.135+0000] {processor.py:153} INFO - Started process (PID=2900) to work on /home/airflow/.local/lib/python3.7/site-packages/airflow/example_dags/example_branch_labels.py
[2022-09-07T16:24:35.145+0000] {processor.py:640} INFO - Processing file /home/airflow/.local/lib/python3.7/site-packages/airflow/example_dags/example_branch_labels.py for tasks to queue
[2022-09-07T16:24:35.146+0000] {logging_mixin.py:115} INFO - [2022-09-07T16:24:35.146+0000] {dagbag.py:508} INFO - Filling up the DagBag from /home/airflow/.local/lib/python3.7/site-packages/airflow/example_dags/example_branch_labels.py
[2022-09-07T16:24:35.152+0000] {processor.py:650} INFO - DAG(s) dict_keys(['example_branch_labels']) retrieved from /home/airflow/.local/lib/python3.7/site-packages/airflow/example_dags/example_branch_labels.py
[2022-09-07T16:24:35.172+0000] {logging_mixin.py:115} INFO - [2022-09-07T16:24:35.172+0000] {dag.py:2429} INFO - Sync 1 DAGs
[2022-09-07T16:24:35.189+0000] {logging_mixin.py:115} INFO - [2022-09-07T16:24:35.189+0000] {dag.py:2981} INFO - Setting next_dagrun for example_branch_labels to 2022-09-06T00:00:00+00:00, run_after=2022-09-07T00:00:00+00:00
[2022-09-07T16:24:35.197+0000] {processor.py:161} INFO - Processing /home/airflow/.local/lib/python3.7/site-packages/airflow/example_dags/example_branch_labels.py took 0.064 seconds
[2022-09-07T16:25:05.844+0000] {processor.py:153} INFO - Started process (PID=3235) to work on /home/airflow/.local/lib/python3.7/site-packages/airflow/example_dags/example_branch_labels.py
[2022-09-07T16:25:05.847+0000] {processor.py:640} INFO - Processing file /home/airflow/.local/lib/python3.7/site-packages/airflow/example_dags/example_branch_labels.py for tasks to queue
[2022-09-07T16:25:05.852+0000] {logging_mixin.py:115} INFO - [2022-09-07T16:25:05.852+0000] {dagbag.py:508} INFO - Filling up the DagBag from /home/airflow/.local/lib/python3.7/site-packages/airflow/example_dags/example_branch_labels.py
[2022-09-07T16:25:05.859+0000] {processor.py:650} INFO - DAG(s) dict_keys(['example_branch_labels']) retrieved from /home/airflow/.local/lib/python3.7/site-packages/airflow/example_dags/example_branch_labels.py
[2022-09-07T16:25:05.899+0000] {logging_mixin.py:115} INFO - [2022-09-07T16:25:05.899+0000] {dag.py:2429} INFO - Sync 1 DAGs
[2022-09-07T16:25:05.930+0000] {logging_mixin.py:115} INFO - [2022-09-07T16:25:05.929+0000] {dag.py:2981} INFO - Setting next_dagrun for example_branch_labels to 2022-09-06T00:00:00+00:00, run_after=2022-09-07T00:00:00+00:00
[2022-09-07T16:25:05.984+0000] {processor.py:161} INFO - Processing /home/airflow/.local/lib/python3.7/site-packages/airflow/example_dags/example_branch_labels.py took 0.145 seconds
[2022-09-07T16:25:36.324+0000] {processor.py:153} INFO - Started process (PID=3296) to work on /home/airflow/.local/lib/python3.7/site-packages/airflow/example_dags/example_branch_labels.py
[2022-09-07T16:25:36.326+0000] {processor.py:640} INFO - Processing file /home/airflow/.local/lib/python3.7/site-packages/airflow/example_dags/example_branch_labels.py for tasks to queue
[2022-09-07T16:25:36.327+0000] {logging_mixin.py:115} INFO - [2022-09-07T16:25:36.327+0000] {dagbag.py:508} INFO - Filling up the DagBag from /home/airflow/.local/lib/python3.7/site-packages/airflow/example_dags/example_branch_labels.py
[2022-09-07T16:25:36.334+0000] {processor.py:650} INFO - DAG(s) dict_keys(['example_branch_labels']) retrieved from /home/airflow/.local/lib/python3.7/site-packages/airflow/example_dags/example_branch_labels.py
[2022-09-07T16:25:36.357+0000] {logging_mixin.py:115} INFO - [2022-09-07T16:25:36.357+0000] {dag.py:2429} INFO - Sync 1 DAGs
[2022-09-07T16:25:36.374+0000] {logging_mixin.py:115} INFO - [2022-09-07T16:25:36.374+0000] {dag.py:2981} INFO - Setting next_dagrun for example_branch_labels to 2022-09-06T00:00:00+00:00, run_after=2022-09-07T00:00:00+00:00
[2022-09-07T16:25:36.383+0000] {processor.py:161} INFO - Processing /home/airflow/.local/lib/python3.7/site-packages/airflow/example_dags/example_branch_labels.py took 0.063 seconds
[2022-09-07T16:26:06.463+0000] {processor.py:153} INFO - Started process (PID=3349) to work on /home/airflow/.local/lib/python3.7/site-packages/airflow/example_dags/example_branch_labels.py
[2022-09-07T16:26:06.464+0000] {processor.py:640} INFO - Processing file /home/airflow/.local/lib/python3.7/site-packages/airflow/example_dags/example_branch_labels.py for tasks to queue
[2022-09-07T16:26:06.466+0000] {logging_mixin.py:115} INFO - [2022-09-07T16:26:06.466+0000] {dagbag.py:508} INFO - Filling up the DagBag from /home/airflow/.local/lib/python3.7/site-packages/airflow/example_dags/example_branch_labels.py
[2022-09-07T16:26:06.471+0000] {processor.py:650} INFO - DAG(s) dict_keys(['example_branch_labels']) retrieved from /home/airflow/.local/lib/python3.7/site-packages/airflow/example_dags/example_branch_labels.py
[2022-09-07T16:26:06.490+0000] {logging_mixin.py:115} INFO - [2022-09-07T16:26:06.490+0000] {dag.py:2429} INFO - Sync 1 DAGs
[2022-09-07T16:26:06.508+0000] {logging_mixin.py:115} INFO - [2022-09-07T16:26:06.508+0000] {dag.py:2981} INFO - Setting next_dagrun for example_branch_labels to 2022-09-06T00:00:00+00:00, run_after=2022-09-07T00:00:00+00:00
[2022-09-07T16:26:06.517+0000] {processor.py:161} INFO - Processing /home/airflow/.local/lib/python3.7/site-packages/airflow/example_dags/example_branch_labels.py took 0.058 seconds
[2022-09-07T16:26:36.666+0000] {processor.py:153} INFO - Started process (PID=3410) to work on /home/airflow/.local/lib/python3.7/site-packages/airflow/example_dags/example_branch_labels.py
[2022-09-07T16:26:36.667+0000] {processor.py:640} INFO - Processing file /home/airflow/.local/lib/python3.7/site-packages/airflow/example_dags/example_branch_labels.py for tasks to queue
[2022-09-07T16:26:36.668+0000] {logging_mixin.py:115} INFO - [2022-09-07T16:26:36.668+0000] {dagbag.py:508} INFO - Filling up the DagBag from /home/airflow/.local/lib/python3.7/site-packages/airflow/example_dags/example_branch_labels.py
[2022-09-07T16:26:36.674+0000] {processor.py:650} INFO - DAG(s) dict_keys(['example_branch_labels']) retrieved from /home/airflow/.local/lib/python3.7/site-packages/airflow/example_dags/example_branch_labels.py
[2022-09-07T16:26:36.694+0000] {logging_mixin.py:115} INFO - [2022-09-07T16:26:36.694+0000] {dag.py:2429} INFO - Sync 1 DAGs
[2022-09-07T16:26:36.710+0000] {logging_mixin.py:115} INFO - [2022-09-07T16:26:36.710+0000] {dag.py:2981} INFO - Setting next_dagrun for example_branch_labels to 2022-09-06T00:00:00+00:00, run_after=2022-09-07T00:00:00+00:00
[2022-09-07T16:26:36.721+0000] {processor.py:161} INFO - Processing /home/airflow/.local/lib/python3.7/site-packages/airflow/example_dags/example_branch_labels.py took 0.058 seconds
[2022-09-07T16:27:07.250+0000] {processor.py:153} INFO - Started process (PID=3471) to work on /home/airflow/.local/lib/python3.7/site-packages/airflow/example_dags/example_branch_labels.py
[2022-09-07T16:27:07.252+0000] {processor.py:640} INFO - Processing file /home/airflow/.local/lib/python3.7/site-packages/airflow/example_dags/example_branch_labels.py for tasks to queue
[2022-09-07T16:27:07.255+0000] {logging_mixin.py:115} INFO - [2022-09-07T16:27:07.255+0000] {dagbag.py:508} INFO - Filling up the DagBag from /home/airflow/.local/lib/python3.7/site-packages/airflow/example_dags/example_branch_labels.py
[2022-09-07T16:27:07.261+0000] {processor.py:650} INFO - DAG(s) dict_keys(['example_branch_labels']) retrieved from /home/airflow/.local/lib/python3.7/site-packages/airflow/example_dags/example_branch_labels.py
[2022-09-07T16:27:07.288+0000] {logging_mixin.py:115} INFO - [2022-09-07T16:27:07.288+0000] {dag.py:2429} INFO - Sync 1 DAGs
[2022-09-07T16:27:07.306+0000] {logging_mixin.py:115} INFO - [2022-09-07T16:27:07.306+0000] {dag.py:2981} INFO - Setting next_dagrun for example_branch_labels to 2022-09-06T00:00:00+00:00, run_after=2022-09-07T00:00:00+00:00
[2022-09-07T16:27:07.315+0000] {processor.py:161} INFO - Processing /home/airflow/.local/lib/python3.7/site-packages/airflow/example_dags/example_branch_labels.py took 0.068 seconds
[2022-09-07T16:27:37.992+0000] {processor.py:153} INFO - Started process (PID=3533) to work on /home/airflow/.local/lib/python3.7/site-packages/airflow/example_dags/example_branch_labels.py
[2022-09-07T16:27:37.994+0000] {processor.py:640} INFO - Processing file /home/airflow/.local/lib/python3.7/site-packages/airflow/example_dags/example_branch_labels.py for tasks to queue
[2022-09-07T16:27:37.995+0000] {logging_mixin.py:115} INFO - [2022-09-07T16:27:37.995+0000] {dagbag.py:508} INFO - Filling up the DagBag from /home/airflow/.local/lib/python3.7/site-packages/airflow/example_dags/example_branch_labels.py
[2022-09-07T16:27:38.002+0000] {processor.py:650} INFO - DAG(s) dict_keys(['example_branch_labels']) retrieved from /home/airflow/.local/lib/python3.7/site-packages/airflow/example_dags/example_branch_labels.py
[2022-09-07T16:27:38.026+0000] {logging_mixin.py:115} INFO - [2022-09-07T16:27:38.026+0000] {dag.py:2429} INFO - Sync 1 DAGs
[2022-09-07T16:27:38.044+0000] {logging_mixin.py:115} INFO - [2022-09-07T16:27:38.044+0000] {dag.py:2981} INFO - Setting next_dagrun for example_branch_labels to 2022-09-06T00:00:00+00:00, run_after=2022-09-07T00:00:00+00:00
[2022-09-07T16:27:38.055+0000] {processor.py:161} INFO - Processing /home/airflow/.local/lib/python3.7/site-packages/airflow/example_dags/example_branch_labels.py took 0.067 seconds
[2022-09-07T16:28:08.790+0000] {processor.py:153} INFO - Started process (PID=3594) to work on /home/airflow/.local/lib/python3.7/site-packages/airflow/example_dags/example_branch_labels.py
[2022-09-07T16:28:08.793+0000] {processor.py:640} INFO - Processing file /home/airflow/.local/lib/python3.7/site-packages/airflow/example_dags/example_branch_labels.py for tasks to queue
[2022-09-07T16:28:08.794+0000] {logging_mixin.py:115} INFO - [2022-09-07T16:28:08.794+0000] {dagbag.py:508} INFO - Filling up the DagBag from /home/airflow/.local/lib/python3.7/site-packages/airflow/example_dags/example_branch_labels.py
[2022-09-07T16:28:08.801+0000] {processor.py:650} INFO - DAG(s) dict_keys(['example_branch_labels']) retrieved from /home/airflow/.local/lib/python3.7/site-packages/airflow/example_dags/example_branch_labels.py
[2022-09-07T16:28:08.824+0000] {logging_mixin.py:115} INFO - [2022-09-07T16:28:08.824+0000] {dag.py:2429} INFO - Sync 1 DAGs
[2022-09-07T16:28:08.843+0000] {logging_mixin.py:115} INFO - [2022-09-07T16:28:08.843+0000] {dag.py:2981} INFO - Setting next_dagrun for example_branch_labels to 2022-09-06T00:00:00+00:00, run_after=2022-09-07T00:00:00+00:00
[2022-09-07T16:28:08.855+0000] {processor.py:161} INFO - Processing /home/airflow/.local/lib/python3.7/site-packages/airflow/example_dags/example_branch_labels.py took 0.074 seconds
[2022-09-07T16:29:17.295+0000] {processor.py:153} INFO - Started process (PID=34) to work on /home/airflow/.local/lib/python3.7/site-packages/airflow/example_dags/example_branch_labels.py
[2022-09-07T16:29:17.297+0000] {processor.py:640} INFO - Processing file /home/airflow/.local/lib/python3.7/site-packages/airflow/example_dags/example_branch_labels.py for tasks to queue
[2022-09-07T16:29:17.299+0000] {logging_mixin.py:115} INFO - [2022-09-07T16:29:17.299+0000] {dagbag.py:508} INFO - Filling up the DagBag from /home/airflow/.local/lib/python3.7/site-packages/airflow/example_dags/example_branch_labels.py
[2022-09-07T16:29:17.308+0000] {processor.py:650} INFO - DAG(s) dict_keys(['example_branch_labels']) retrieved from /home/airflow/.local/lib/python3.7/site-packages/airflow/example_dags/example_branch_labels.py
[2022-09-07T16:29:17.344+0000] {logging_mixin.py:115} INFO - [2022-09-07T16:29:17.344+0000] {dag.py:2429} INFO - Sync 1 DAGs
[2022-09-07T16:29:17.367+0000] {logging_mixin.py:115} INFO - [2022-09-07T16:29:17.367+0000] {dag.py:2981} INFO - Setting next_dagrun for example_branch_labels to 2022-09-06T00:00:00+00:00, run_after=2022-09-07T00:00:00+00:00
[2022-09-07T16:29:17.387+0000] {processor.py:161} INFO - Processing /home/airflow/.local/lib/python3.7/site-packages/airflow/example_dags/example_branch_labels.py took 0.098 seconds
[2022-09-07T16:29:47.496+0000] {processor.py:153} INFO - Started process (PID=94) to work on /home/airflow/.local/lib/python3.7/site-packages/airflow/example_dags/example_branch_labels.py
[2022-09-07T16:29:47.498+0000] {processor.py:640} INFO - Processing file /home/airflow/.local/lib/python3.7/site-packages/airflow/example_dags/example_branch_labels.py for tasks to queue
[2022-09-07T16:29:47.499+0000] {logging_mixin.py:115} INFO - [2022-09-07T16:29:47.499+0000] {dagbag.py:508} INFO - Filling up the DagBag from /home/airflow/.local/lib/python3.7/site-packages/airflow/example_dags/example_branch_labels.py
[2022-09-07T16:29:47.510+0000] {processor.py:650} INFO - DAG(s) dict_keys(['example_branch_labels']) retrieved from /home/airflow/.local/lib/python3.7/site-packages/airflow/example_dags/example_branch_labels.py
[2022-09-07T16:29:47.549+0000] {logging_mixin.py:115} INFO - [2022-09-07T16:29:47.549+0000] {dag.py:2429} INFO - Sync 1 DAGs
[2022-09-07T16:29:47.575+0000] {logging_mixin.py:115} INFO - [2022-09-07T16:29:47.574+0000] {dag.py:2981} INFO - Setting next_dagrun for example_branch_labels to 2022-09-06T00:00:00+00:00, run_after=2022-09-07T00:00:00+00:00
[2022-09-07T16:29:47.588+0000] {processor.py:161} INFO - Processing /home/airflow/.local/lib/python3.7/site-packages/airflow/example_dags/example_branch_labels.py took 0.096 seconds
[2022-09-07T16:30:17.732+0000] {processor.py:153} INFO - Started process (PID=154) to work on /home/airflow/.local/lib/python3.7/site-packages/airflow/example_dags/example_branch_labels.py
[2022-09-07T16:30:17.734+0000] {processor.py:640} INFO - Processing file /home/airflow/.local/lib/python3.7/site-packages/airflow/example_dags/example_branch_labels.py for tasks to queue
[2022-09-07T16:30:17.736+0000] {logging_mixin.py:115} INFO - [2022-09-07T16:30:17.736+0000] {dagbag.py:508} INFO - Filling up the DagBag from /home/airflow/.local/lib/python3.7/site-packages/airflow/example_dags/example_branch_labels.py
[2022-09-07T16:30:17.741+0000] {processor.py:650} INFO - DAG(s) dict_keys(['example_branch_labels']) retrieved from /home/airflow/.local/lib/python3.7/site-packages/airflow/example_dags/example_branch_labels.py
[2022-09-07T16:30:17.762+0000] {logging_mixin.py:115} INFO - [2022-09-07T16:30:17.762+0000] {dag.py:2429} INFO - Sync 1 DAGs
[2022-09-07T16:30:17.777+0000] {logging_mixin.py:115} INFO - [2022-09-07T16:30:17.777+0000] {dag.py:2981} INFO - Setting next_dagrun for example_branch_labels to 2022-09-06T00:00:00+00:00, run_after=2022-09-07T00:00:00+00:00
[2022-09-07T16:30:17.785+0000] {processor.py:161} INFO - Processing /home/airflow/.local/lib/python3.7/site-packages/airflow/example_dags/example_branch_labels.py took 0.055 seconds
[2022-09-07T16:30:47.872+0000] {processor.py:153} INFO - Started process (PID=215) to work on /home/airflow/.local/lib/python3.7/site-packages/airflow/example_dags/example_branch_labels.py
[2022-09-07T16:30:47.873+0000] {processor.py:640} INFO - Processing file /home/airflow/.local/lib/python3.7/site-packages/airflow/example_dags/example_branch_labels.py for tasks to queue
[2022-09-07T16:30:47.874+0000] {logging_mixin.py:115} INFO - [2022-09-07T16:30:47.874+0000] {dagbag.py:508} INFO - Filling up the DagBag from /home/airflow/.local/lib/python3.7/site-packages/airflow/example_dags/example_branch_labels.py
[2022-09-07T16:30:47.879+0000] {processor.py:650} INFO - DAG(s) dict_keys(['example_branch_labels']) retrieved from /home/airflow/.local/lib/python3.7/site-packages/airflow/example_dags/example_branch_labels.py
[2022-09-07T16:30:47.899+0000] {logging_mixin.py:115} INFO - [2022-09-07T16:30:47.898+0000] {dag.py:2429} INFO - Sync 1 DAGs
[2022-09-07T16:30:47.914+0000] {logging_mixin.py:115} INFO - [2022-09-07T16:30:47.913+0000] {dag.py:2981} INFO - Setting next_dagrun for example_branch_labels to 2022-09-06T00:00:00+00:00, run_after=2022-09-07T00:00:00+00:00
[2022-09-07T16:30:47.923+0000] {processor.py:161} INFO - Processing /home/airflow/.local/lib/python3.7/site-packages/airflow/example_dags/example_branch_labels.py took 0.054 seconds
[2022-09-07T16:31:18.638+0000] {processor.py:153} INFO - Started process (PID=267) to work on /home/airflow/.local/lib/python3.7/site-packages/airflow/example_dags/example_branch_labels.py
[2022-09-07T16:31:18.640+0000] {processor.py:640} INFO - Processing file /home/airflow/.local/lib/python3.7/site-packages/airflow/example_dags/example_branch_labels.py for tasks to queue
[2022-09-07T16:31:18.641+0000] {logging_mixin.py:115} INFO - [2022-09-07T16:31:18.641+0000] {dagbag.py:508} INFO - Filling up the DagBag from /home/airflow/.local/lib/python3.7/site-packages/airflow/example_dags/example_branch_labels.py
[2022-09-07T16:31:18.646+0000] {processor.py:650} INFO - DAG(s) dict_keys(['example_branch_labels']) retrieved from /home/airflow/.local/lib/python3.7/site-packages/airflow/example_dags/example_branch_labels.py
[2022-09-07T16:31:18.665+0000] {logging_mixin.py:115} INFO - [2022-09-07T16:31:18.665+0000] {dag.py:2429} INFO - Sync 1 DAGs
[2022-09-07T16:31:18.680+0000] {logging_mixin.py:115} INFO - [2022-09-07T16:31:18.679+0000] {dag.py:2981} INFO - Setting next_dagrun for example_branch_labels to 2022-09-06T00:00:00+00:00, run_after=2022-09-07T00:00:00+00:00
[2022-09-07T16:31:18.689+0000] {processor.py:161} INFO - Processing /home/airflow/.local/lib/python3.7/site-packages/airflow/example_dags/example_branch_labels.py took 0.053 seconds
[2022-09-07T17:23:37.135+0000] {processor.py:153} INFO - Started process (PID=34) to work on /home/airflow/.local/lib/python3.7/site-packages/airflow/example_dags/example_branch_labels.py
[2022-09-07T17:23:37.145+0000] {processor.py:640} INFO - Processing file /home/airflow/.local/lib/python3.7/site-packages/airflow/example_dags/example_branch_labels.py for tasks to queue
[2022-09-07T17:23:37.152+0000] {logging_mixin.py:115} INFO - [2022-09-07T17:23:37.152+0000] {dagbag.py:508} INFO - Filling up the DagBag from /home/airflow/.local/lib/python3.7/site-packages/airflow/example_dags/example_branch_labels.py
[2022-09-07T17:23:37.164+0000] {processor.py:650} INFO - DAG(s) dict_keys(['example_branch_labels']) retrieved from /home/airflow/.local/lib/python3.7/site-packages/airflow/example_dags/example_branch_labels.py
[2022-09-07T17:23:37.204+0000] {logging_mixin.py:115} INFO - [2022-09-07T17:23:37.203+0000] {dag.py:2429} INFO - Sync 1 DAGs
[2022-09-07T17:23:37.229+0000] {logging_mixin.py:115} INFO - [2022-09-07T17:23:37.229+0000] {dag.py:2981} INFO - Setting next_dagrun for example_branch_labels to 2022-09-06T00:00:00+00:00, run_after=2022-09-07T00:00:00+00:00
[2022-09-07T17:23:37.251+0000] {processor.py:161} INFO - Processing /home/airflow/.local/lib/python3.7/site-packages/airflow/example_dags/example_branch_labels.py took 0.119 seconds
[2022-09-07T17:24:07.926+0000] {processor.py:153} INFO - Started process (PID=93) to work on /home/airflow/.local/lib/python3.7/site-packages/airflow/example_dags/example_branch_labels.py
[2022-09-07T17:24:07.928+0000] {processor.py:640} INFO - Processing file /home/airflow/.local/lib/python3.7/site-packages/airflow/example_dags/example_branch_labels.py for tasks to queue
[2022-09-07T17:24:07.930+0000] {logging_mixin.py:115} INFO - [2022-09-07T17:24:07.930+0000] {dagbag.py:508} INFO - Filling up the DagBag from /home/airflow/.local/lib/python3.7/site-packages/airflow/example_dags/example_branch_labels.py
[2022-09-07T17:24:07.941+0000] {processor.py:650} INFO - DAG(s) dict_keys(['example_branch_labels']) retrieved from /home/airflow/.local/lib/python3.7/site-packages/airflow/example_dags/example_branch_labels.py
[2022-09-07T17:24:07.970+0000] {logging_mixin.py:115} INFO - [2022-09-07T17:24:07.970+0000] {dag.py:2429} INFO - Sync 1 DAGs
[2022-09-07T17:24:07.990+0000] {logging_mixin.py:115} INFO - [2022-09-07T17:24:07.990+0000] {dag.py:2981} INFO - Setting next_dagrun for example_branch_labels to 2022-09-06T00:00:00+00:00, run_after=2022-09-07T00:00:00+00:00
[2022-09-07T17:24:08.000+0000] {processor.py:161} INFO - Processing /home/airflow/.local/lib/python3.7/site-packages/airflow/example_dags/example_branch_labels.py took 0.078 seconds
[2022-09-07T17:24:38.903+0000] {processor.py:153} INFO - Started process (PID=153) to work on /home/airflow/.local/lib/python3.7/site-packages/airflow/example_dags/example_branch_labels.py
[2022-09-07T17:24:38.905+0000] {processor.py:640} INFO - Processing file /home/airflow/.local/lib/python3.7/site-packages/airflow/example_dags/example_branch_labels.py for tasks to queue
[2022-09-07T17:24:38.906+0000] {logging_mixin.py:115} INFO - [2022-09-07T17:24:38.906+0000] {dagbag.py:508} INFO - Filling up the DagBag from /home/airflow/.local/lib/python3.7/site-packages/airflow/example_dags/example_branch_labels.py
[2022-09-07T17:24:38.915+0000] {processor.py:650} INFO - DAG(s) dict_keys(['example_branch_labels']) retrieved from /home/airflow/.local/lib/python3.7/site-packages/airflow/example_dags/example_branch_labels.py
[2022-09-07T17:24:38.949+0000] {logging_mixin.py:115} INFO - [2022-09-07T17:24:38.949+0000] {dag.py:2429} INFO - Sync 1 DAGs
[2022-09-07T17:24:38.968+0000] {logging_mixin.py:115} INFO - [2022-09-07T17:24:38.968+0000] {dag.py:2981} INFO - Setting next_dagrun for example_branch_labels to 2022-09-06T00:00:00+00:00, run_after=2022-09-07T00:00:00+00:00
[2022-09-07T17:24:39.013+0000] {processor.py:161} INFO - Processing /home/airflow/.local/lib/python3.7/site-packages/airflow/example_dags/example_branch_labels.py took 0.112 seconds
