[2022-09-07T07:55:31.648+0000] {processor.py:153} INFO - Started process (PID=35) to work on /home/airflow/.local/lib/python3.7/site-packages/airflow/example_dags/example_branch_day_of_week_operator.py
[2022-09-07T07:55:31.649+0000] {processor.py:640} INFO - Processing file /home/airflow/.local/lib/python3.7/site-packages/airflow/example_dags/example_branch_day_of_week_operator.py for tasks to queue
[2022-09-07T07:55:31.651+0000] {logging_mixin.py:115} INFO - [2022-09-07T07:55:31.651+0000] {dagbag.py:508} INFO - Filling up the DagBag from /home/airflow/.local/lib/python3.7/site-packages/airflow/example_dags/example_branch_day_of_week_operator.py
[2022-09-07T07:55:31.659+0000] {processor.py:650} INFO - DAG(s) dict_keys(['example_weekday_branch_operator']) retrieved from /home/airflow/.local/lib/python3.7/site-packages/airflow/example_dags/example_branch_day_of_week_operator.py
[2022-09-07T07:55:31.716+0000] {logging_mixin.py:115} INFO - [2022-09-07T07:55:31.716+0000] {manager.py:508} INFO - Created Permission View: can delete on DAG:example_weekday_branch_operator
[2022-09-07T07:55:31.726+0000] {logging_mixin.py:115} INFO - [2022-09-07T07:55:31.725+0000] {manager.py:508} INFO - Created Permission View: can read on DAG:example_weekday_branch_operator
[2022-09-07T07:55:31.734+0000] {logging_mixin.py:115} INFO - [2022-09-07T07:55:31.733+0000] {manager.py:508} INFO - Created Permission View: can edit on DAG:example_weekday_branch_operator
[2022-09-07T07:55:31.735+0000] {logging_mixin.py:115} INFO - [2022-09-07T07:55:31.735+0000] {dag.py:2429} INFO - Sync 1 DAGs
[2022-09-07T07:55:31.742+0000] {logging_mixin.py:115} INFO - [2022-09-07T07:55:31.741+0000] {dag.py:2448} INFO - Creating ORM DAG for example_weekday_branch_operator
[2022-09-07T07:55:31.752+0000] {logging_mixin.py:115} INFO - [2022-09-07T07:55:31.752+0000] {dag.py:2981} INFO - Setting next_dagrun for example_weekday_branch_operator to 2022-09-06T00:00:00+00:00, run_after=2022-09-07T00:00:00+00:00
[2022-09-07T07:55:31.768+0000] {processor.py:161} INFO - Processing /home/airflow/.local/lib/python3.7/site-packages/airflow/example_dags/example_branch_day_of_week_operator.py took 0.122 seconds
[2022-09-07T07:56:02.239+0000] {processor.py:153} INFO - Started process (PID=96) to work on /home/airflow/.local/lib/python3.7/site-packages/airflow/example_dags/example_branch_day_of_week_operator.py
[2022-09-07T07:56:02.241+0000] {processor.py:640} INFO - Processing file /home/airflow/.local/lib/python3.7/site-packages/airflow/example_dags/example_branch_day_of_week_operator.py for tasks to queue
[2022-09-07T07:56:02.242+0000] {logging_mixin.py:115} INFO - [2022-09-07T07:56:02.242+0000] {dagbag.py:508} INFO - Filling up the DagBag from /home/airflow/.local/lib/python3.7/site-packages/airflow/example_dags/example_branch_day_of_week_operator.py
[2022-09-07T07:56:02.248+0000] {processor.py:650} INFO - DAG(s) dict_keys(['example_weekday_branch_operator']) retrieved from /home/airflow/.local/lib/python3.7/site-packages/airflow/example_dags/example_branch_day_of_week_operator.py
[2022-09-07T07:56:02.269+0000] {logging_mixin.py:115} INFO - [2022-09-07T07:56:02.269+0000] {dag.py:2429} INFO - Sync 1 DAGs
[2022-09-07T07:56:02.283+0000] {logging_mixin.py:115} INFO - [2022-09-07T07:56:02.283+0000] {dag.py:2981} INFO - Setting next_dagrun for example_weekday_branch_operator to 2022-09-06T00:00:00+00:00, run_after=2022-09-07T00:00:00+00:00
[2022-09-07T07:56:02.291+0000] {processor.py:161} INFO - Processing /home/airflow/.local/lib/python3.7/site-packages/airflow/example_dags/example_branch_day_of_week_operator.py took 0.054 seconds
[2022-09-07T07:56:33.010+0000] {processor.py:153} INFO - Started process (PID=157) to work on /home/airflow/.local/lib/python3.7/site-packages/airflow/example_dags/example_branch_day_of_week_operator.py
[2022-09-07T07:56:33.012+0000] {processor.py:640} INFO - Processing file /home/airflow/.local/lib/python3.7/site-packages/airflow/example_dags/example_branch_day_of_week_operator.py for tasks to queue
[2022-09-07T07:56:33.013+0000] {logging_mixin.py:115} INFO - [2022-09-07T07:56:33.013+0000] {dagbag.py:508} INFO - Filling up the DagBag from /home/airflow/.local/lib/python3.7/site-packages/airflow/example_dags/example_branch_day_of_week_operator.py
[2022-09-07T07:56:33.019+0000] {processor.py:650} INFO - DAG(s) dict_keys(['example_weekday_branch_operator']) retrieved from /home/airflow/.local/lib/python3.7/site-packages/airflow/example_dags/example_branch_day_of_week_operator.py
[2022-09-07T07:56:33.041+0000] {logging_mixin.py:115} INFO - [2022-09-07T07:56:33.040+0000] {dag.py:2429} INFO - Sync 1 DAGs
[2022-09-07T07:56:33.055+0000] {logging_mixin.py:115} INFO - [2022-09-07T07:56:33.054+0000] {dag.py:2981} INFO - Setting next_dagrun for example_weekday_branch_operator to 2022-09-06T00:00:00+00:00, run_after=2022-09-07T00:00:00+00:00
[2022-09-07T07:56:33.063+0000] {processor.py:161} INFO - Processing /home/airflow/.local/lib/python3.7/site-packages/airflow/example_dags/example_branch_day_of_week_operator.py took 0.055 seconds
[2022-09-07T07:57:03.706+0000] {processor.py:153} INFO - Started process (PID=218) to work on /home/airflow/.local/lib/python3.7/site-packages/airflow/example_dags/example_branch_day_of_week_operator.py
[2022-09-07T07:57:03.708+0000] {processor.py:640} INFO - Processing file /home/airflow/.local/lib/python3.7/site-packages/airflow/example_dags/example_branch_day_of_week_operator.py for tasks to queue
[2022-09-07T07:57:03.709+0000] {logging_mixin.py:115} INFO - [2022-09-07T07:57:03.709+0000] {dagbag.py:508} INFO - Filling up the DagBag from /home/airflow/.local/lib/python3.7/site-packages/airflow/example_dags/example_branch_day_of_week_operator.py
[2022-09-07T07:57:03.715+0000] {processor.py:650} INFO - DAG(s) dict_keys(['example_weekday_branch_operator']) retrieved from /home/airflow/.local/lib/python3.7/site-packages/airflow/example_dags/example_branch_day_of_week_operator.py
[2022-09-07T07:57:03.733+0000] {logging_mixin.py:115} INFO - [2022-09-07T07:57:03.733+0000] {dag.py:2429} INFO - Sync 1 DAGs
[2022-09-07T07:57:03.747+0000] {logging_mixin.py:115} INFO - [2022-09-07T07:57:03.747+0000] {dag.py:2981} INFO - Setting next_dagrun for example_weekday_branch_operator to 2022-09-06T00:00:00+00:00, run_after=2022-09-07T00:00:00+00:00
[2022-09-07T07:57:03.755+0000] {processor.py:161} INFO - Processing /home/airflow/.local/lib/python3.7/site-packages/airflow/example_dags/example_branch_day_of_week_operator.py took 0.050 seconds
[2022-09-07T07:57:34.284+0000] {processor.py:153} INFO - Started process (PID=270) to work on /home/airflow/.local/lib/python3.7/site-packages/airflow/example_dags/example_branch_day_of_week_operator.py
[2022-09-07T07:57:34.287+0000] {processor.py:640} INFO - Processing file /home/airflow/.local/lib/python3.7/site-packages/airflow/example_dags/example_branch_day_of_week_operator.py for tasks to queue
[2022-09-07T07:57:34.288+0000] {logging_mixin.py:115} INFO - [2022-09-07T07:57:34.288+0000] {dagbag.py:508} INFO - Filling up the DagBag from /home/airflow/.local/lib/python3.7/site-packages/airflow/example_dags/example_branch_day_of_week_operator.py
[2022-09-07T07:57:34.294+0000] {processor.py:650} INFO - DAG(s) dict_keys(['example_weekday_branch_operator']) retrieved from /home/airflow/.local/lib/python3.7/site-packages/airflow/example_dags/example_branch_day_of_week_operator.py
[2022-09-07T07:57:34.312+0000] {logging_mixin.py:115} INFO - [2022-09-07T07:57:34.312+0000] {dag.py:2429} INFO - Sync 1 DAGs
[2022-09-07T07:57:34.330+0000] {logging_mixin.py:115} INFO - [2022-09-07T07:57:34.330+0000] {dag.py:2981} INFO - Setting next_dagrun for example_weekday_branch_operator to 2022-09-06T00:00:00+00:00, run_after=2022-09-07T00:00:00+00:00
[2022-09-07T07:57:34.339+0000] {processor.py:161} INFO - Processing /home/airflow/.local/lib/python3.7/site-packages/airflow/example_dags/example_branch_day_of_week_operator.py took 0.057 seconds
[2022-09-07T07:58:05.045+0000] {processor.py:153} INFO - Started process (PID=331) to work on /home/airflow/.local/lib/python3.7/site-packages/airflow/example_dags/example_branch_day_of_week_operator.py
[2022-09-07T07:58:05.047+0000] {processor.py:640} INFO - Processing file /home/airflow/.local/lib/python3.7/site-packages/airflow/example_dags/example_branch_day_of_week_operator.py for tasks to queue
[2022-09-07T07:58:05.050+0000] {logging_mixin.py:115} INFO - [2022-09-07T07:58:05.050+0000] {dagbag.py:508} INFO - Filling up the DagBag from /home/airflow/.local/lib/python3.7/site-packages/airflow/example_dags/example_branch_day_of_week_operator.py
[2022-09-07T07:58:05.056+0000] {processor.py:650} INFO - DAG(s) dict_keys(['example_weekday_branch_operator']) retrieved from /home/airflow/.local/lib/python3.7/site-packages/airflow/example_dags/example_branch_day_of_week_operator.py
[2022-09-07T07:58:05.074+0000] {logging_mixin.py:115} INFO - [2022-09-07T07:58:05.074+0000] {dag.py:2429} INFO - Sync 1 DAGs
[2022-09-07T07:58:05.089+0000] {logging_mixin.py:115} INFO - [2022-09-07T07:58:05.088+0000] {dag.py:2981} INFO - Setting next_dagrun for example_weekday_branch_operator to 2022-09-06T00:00:00+00:00, run_after=2022-09-07T00:00:00+00:00
[2022-09-07T07:58:05.098+0000] {processor.py:161} INFO - Processing /home/airflow/.local/lib/python3.7/site-packages/airflow/example_dags/example_branch_day_of_week_operator.py took 0.055 seconds
[2022-09-07T07:58:36.138+0000] {processor.py:153} INFO - Started process (PID=390) to work on /home/airflow/.local/lib/python3.7/site-packages/airflow/example_dags/example_branch_day_of_week_operator.py
[2022-09-07T07:58:36.139+0000] {processor.py:640} INFO - Processing file /home/airflow/.local/lib/python3.7/site-packages/airflow/example_dags/example_branch_day_of_week_operator.py for tasks to queue
[2022-09-07T07:58:36.141+0000] {logging_mixin.py:115} INFO - [2022-09-07T07:58:36.141+0000] {dagbag.py:508} INFO - Filling up the DagBag from /home/airflow/.local/lib/python3.7/site-packages/airflow/example_dags/example_branch_day_of_week_operator.py
[2022-09-07T07:58:36.147+0000] {processor.py:650} INFO - DAG(s) dict_keys(['example_weekday_branch_operator']) retrieved from /home/airflow/.local/lib/python3.7/site-packages/airflow/example_dags/example_branch_day_of_week_operator.py
[2022-09-07T07:58:36.167+0000] {logging_mixin.py:115} INFO - [2022-09-07T07:58:36.167+0000] {dag.py:2429} INFO - Sync 1 DAGs
[2022-09-07T07:58:36.186+0000] {logging_mixin.py:115} INFO - [2022-09-07T07:58:36.186+0000] {dag.py:2981} INFO - Setting next_dagrun for example_weekday_branch_operator to 2022-09-06T00:00:00+00:00, run_after=2022-09-07T00:00:00+00:00
[2022-09-07T07:58:36.197+0000] {processor.py:161} INFO - Processing /home/airflow/.local/lib/python3.7/site-packages/airflow/example_dags/example_branch_day_of_week_operator.py took 0.061 seconds
[2022-09-07T07:59:07.235+0000] {processor.py:153} INFO - Started process (PID=451) to work on /home/airflow/.local/lib/python3.7/site-packages/airflow/example_dags/example_branch_day_of_week_operator.py
[2022-09-07T07:59:07.237+0000] {processor.py:640} INFO - Processing file /home/airflow/.local/lib/python3.7/site-packages/airflow/example_dags/example_branch_day_of_week_operator.py for tasks to queue
[2022-09-07T07:59:07.238+0000] {logging_mixin.py:115} INFO - [2022-09-07T07:59:07.238+0000] {dagbag.py:508} INFO - Filling up the DagBag from /home/airflow/.local/lib/python3.7/site-packages/airflow/example_dags/example_branch_day_of_week_operator.py
[2022-09-07T07:59:07.243+0000] {processor.py:650} INFO - DAG(s) dict_keys(['example_weekday_branch_operator']) retrieved from /home/airflow/.local/lib/python3.7/site-packages/airflow/example_dags/example_branch_day_of_week_operator.py
[2022-09-07T07:59:07.262+0000] {logging_mixin.py:115} INFO - [2022-09-07T07:59:07.262+0000] {dag.py:2429} INFO - Sync 1 DAGs
[2022-09-07T07:59:07.277+0000] {logging_mixin.py:115} INFO - [2022-09-07T07:59:07.277+0000] {dag.py:2981} INFO - Setting next_dagrun for example_weekday_branch_operator to 2022-09-06T00:00:00+00:00, run_after=2022-09-07T00:00:00+00:00
[2022-09-07T07:59:07.285+0000] {processor.py:161} INFO - Processing /home/airflow/.local/lib/python3.7/site-packages/airflow/example_dags/example_branch_day_of_week_operator.py took 0.053 seconds
[2022-09-07T07:59:38.063+0000] {processor.py:153} INFO - Started process (PID=511) to work on /home/airflow/.local/lib/python3.7/site-packages/airflow/example_dags/example_branch_day_of_week_operator.py
[2022-09-07T07:59:38.065+0000] {processor.py:640} INFO - Processing file /home/airflow/.local/lib/python3.7/site-packages/airflow/example_dags/example_branch_day_of_week_operator.py for tasks to queue
[2022-09-07T07:59:38.066+0000] {logging_mixin.py:115} INFO - [2022-09-07T07:59:38.066+0000] {dagbag.py:508} INFO - Filling up the DagBag from /home/airflow/.local/lib/python3.7/site-packages/airflow/example_dags/example_branch_day_of_week_operator.py
[2022-09-07T07:59:38.074+0000] {processor.py:650} INFO - DAG(s) dict_keys(['example_weekday_branch_operator']) retrieved from /home/airflow/.local/lib/python3.7/site-packages/airflow/example_dags/example_branch_day_of_week_operator.py
[2022-09-07T07:59:38.092+0000] {logging_mixin.py:115} INFO - [2022-09-07T07:59:38.092+0000] {dag.py:2429} INFO - Sync 1 DAGs
[2022-09-07T07:59:38.107+0000] {logging_mixin.py:115} INFO - [2022-09-07T07:59:38.107+0000] {dag.py:2981} INFO - Setting next_dagrun for example_weekday_branch_operator to 2022-09-06T00:00:00+00:00, run_after=2022-09-07T00:00:00+00:00
[2022-09-07T07:59:38.114+0000] {processor.py:161} INFO - Processing /home/airflow/.local/lib/python3.7/site-packages/airflow/example_dags/example_branch_day_of_week_operator.py took 0.052 seconds
[2022-09-07T08:00:08.891+0000] {processor.py:153} INFO - Started process (PID=572) to work on /home/airflow/.local/lib/python3.7/site-packages/airflow/example_dags/example_branch_day_of_week_operator.py
[2022-09-07T08:00:08.893+0000] {processor.py:640} INFO - Processing file /home/airflow/.local/lib/python3.7/site-packages/airflow/example_dags/example_branch_day_of_week_operator.py for tasks to queue
[2022-09-07T08:00:08.894+0000] {logging_mixin.py:115} INFO - [2022-09-07T08:00:08.894+0000] {dagbag.py:508} INFO - Filling up the DagBag from /home/airflow/.local/lib/python3.7/site-packages/airflow/example_dags/example_branch_day_of_week_operator.py
[2022-09-07T08:00:08.900+0000] {processor.py:650} INFO - DAG(s) dict_keys(['example_weekday_branch_operator']) retrieved from /home/airflow/.local/lib/python3.7/site-packages/airflow/example_dags/example_branch_day_of_week_operator.py
[2022-09-07T08:00:08.917+0000] {logging_mixin.py:115} INFO - [2022-09-07T08:00:08.917+0000] {dag.py:2429} INFO - Sync 1 DAGs
[2022-09-07T08:00:08.932+0000] {logging_mixin.py:115} INFO - [2022-09-07T08:00:08.932+0000] {dag.py:2981} INFO - Setting next_dagrun for example_weekday_branch_operator to 2022-09-06T00:00:00+00:00, run_after=2022-09-07T00:00:00+00:00
[2022-09-07T08:00:08.941+0000] {processor.py:161} INFO - Processing /home/airflow/.local/lib/python3.7/site-packages/airflow/example_dags/example_branch_day_of_week_operator.py took 0.052 seconds
[2022-09-07T08:00:39.826+0000] {processor.py:153} INFO - Started process (PID=928) to work on /home/airflow/.local/lib/python3.7/site-packages/airflow/example_dags/example_branch_day_of_week_operator.py
[2022-09-07T08:00:39.829+0000] {processor.py:640} INFO - Processing file /home/airflow/.local/lib/python3.7/site-packages/airflow/example_dags/example_branch_day_of_week_operator.py for tasks to queue
[2022-09-07T08:00:39.833+0000] {logging_mixin.py:115} INFO - [2022-09-07T08:00:39.833+0000] {dagbag.py:508} INFO - Filling up the DagBag from /home/airflow/.local/lib/python3.7/site-packages/airflow/example_dags/example_branch_day_of_week_operator.py
[2022-09-07T08:00:39.839+0000] {processor.py:650} INFO - DAG(s) dict_keys(['example_weekday_branch_operator']) retrieved from /home/airflow/.local/lib/python3.7/site-packages/airflow/example_dags/example_branch_day_of_week_operator.py
[2022-09-07T08:00:39.856+0000] {logging_mixin.py:115} INFO - [2022-09-07T08:00:39.856+0000] {dag.py:2429} INFO - Sync 1 DAGs
[2022-09-07T08:00:39.872+0000] {logging_mixin.py:115} INFO - [2022-09-07T08:00:39.872+0000] {dag.py:2981} INFO - Setting next_dagrun for example_weekday_branch_operator to 2022-09-06T00:00:00+00:00, run_after=2022-09-07T00:00:00+00:00
[2022-09-07T08:00:39.881+0000] {processor.py:161} INFO - Processing /home/airflow/.local/lib/python3.7/site-packages/airflow/example_dags/example_branch_day_of_week_operator.py took 0.062 seconds
[2022-09-07T08:01:10.636+0000] {processor.py:153} INFO - Started process (PID=2070) to work on /home/airflow/.local/lib/python3.7/site-packages/airflow/example_dags/example_branch_day_of_week_operator.py
[2022-09-07T08:01:10.638+0000] {processor.py:640} INFO - Processing file /home/airflow/.local/lib/python3.7/site-packages/airflow/example_dags/example_branch_day_of_week_operator.py for tasks to queue
[2022-09-07T08:01:10.639+0000] {logging_mixin.py:115} INFO - [2022-09-07T08:01:10.639+0000] {dagbag.py:508} INFO - Filling up the DagBag from /home/airflow/.local/lib/python3.7/site-packages/airflow/example_dags/example_branch_day_of_week_operator.py
[2022-09-07T08:01:10.644+0000] {processor.py:650} INFO - DAG(s) dict_keys(['example_weekday_branch_operator']) retrieved from /home/airflow/.local/lib/python3.7/site-packages/airflow/example_dags/example_branch_day_of_week_operator.py
[2022-09-07T08:01:10.662+0000] {logging_mixin.py:115} INFO - [2022-09-07T08:01:10.662+0000] {dag.py:2429} INFO - Sync 1 DAGs
[2022-09-07T08:01:10.675+0000] {logging_mixin.py:115} INFO - [2022-09-07T08:01:10.675+0000] {dag.py:2981} INFO - Setting next_dagrun for example_weekday_branch_operator to 2022-09-06T00:00:00+00:00, run_after=2022-09-07T00:00:00+00:00
[2022-09-07T08:01:10.683+0000] {processor.py:161} INFO - Processing /home/airflow/.local/lib/python3.7/site-packages/airflow/example_dags/example_branch_day_of_week_operator.py took 0.049 seconds
[2022-09-07T08:01:41.442+0000] {processor.py:153} INFO - Started process (PID=2324) to work on /home/airflow/.local/lib/python3.7/site-packages/airflow/example_dags/example_branch_day_of_week_operator.py
[2022-09-07T08:01:41.445+0000] {processor.py:640} INFO - Processing file /home/airflow/.local/lib/python3.7/site-packages/airflow/example_dags/example_branch_day_of_week_operator.py for tasks to queue
[2022-09-07T08:01:41.446+0000] {logging_mixin.py:115} INFO - [2022-09-07T08:01:41.446+0000] {dagbag.py:508} INFO - Filling up the DagBag from /home/airflow/.local/lib/python3.7/site-packages/airflow/example_dags/example_branch_day_of_week_operator.py
[2022-09-07T08:01:41.453+0000] {processor.py:650} INFO - DAG(s) dict_keys(['example_weekday_branch_operator']) retrieved from /home/airflow/.local/lib/python3.7/site-packages/airflow/example_dags/example_branch_day_of_week_operator.py
[2022-09-07T08:01:41.470+0000] {logging_mixin.py:115} INFO - [2022-09-07T08:01:41.470+0000] {dag.py:2429} INFO - Sync 1 DAGs
[2022-09-07T08:01:41.485+0000] {logging_mixin.py:115} INFO - [2022-09-07T08:01:41.485+0000] {dag.py:2981} INFO - Setting next_dagrun for example_weekday_branch_operator to 2022-09-06T00:00:00+00:00, run_after=2022-09-07T00:00:00+00:00
[2022-09-07T08:01:41.492+0000] {processor.py:161} INFO - Processing /home/airflow/.local/lib/python3.7/site-packages/airflow/example_dags/example_branch_day_of_week_operator.py took 0.052 seconds
[2022-09-07T08:02:12.213+0000] {processor.py:153} INFO - Started process (PID=2386) to work on /home/airflow/.local/lib/python3.7/site-packages/airflow/example_dags/example_branch_day_of_week_operator.py
[2022-09-07T08:02:12.214+0000] {processor.py:640} INFO - Processing file /home/airflow/.local/lib/python3.7/site-packages/airflow/example_dags/example_branch_day_of_week_operator.py for tasks to queue
[2022-09-07T08:02:12.215+0000] {logging_mixin.py:115} INFO - [2022-09-07T08:02:12.215+0000] {dagbag.py:508} INFO - Filling up the DagBag from /home/airflow/.local/lib/python3.7/site-packages/airflow/example_dags/example_branch_day_of_week_operator.py
[2022-09-07T08:02:12.222+0000] {processor.py:650} INFO - DAG(s) dict_keys(['example_weekday_branch_operator']) retrieved from /home/airflow/.local/lib/python3.7/site-packages/airflow/example_dags/example_branch_day_of_week_operator.py
[2022-09-07T08:02:12.239+0000] {logging_mixin.py:115} INFO - [2022-09-07T08:02:12.239+0000] {dag.py:2429} INFO - Sync 1 DAGs
[2022-09-07T08:02:12.255+0000] {logging_mixin.py:115} INFO - [2022-09-07T08:02:12.255+0000] {dag.py:2981} INFO - Setting next_dagrun for example_weekday_branch_operator to 2022-09-06T00:00:00+00:00, run_after=2022-09-07T00:00:00+00:00
[2022-09-07T08:02:12.262+0000] {processor.py:161} INFO - Processing /home/airflow/.local/lib/python3.7/site-packages/airflow/example_dags/example_branch_day_of_week_operator.py took 0.052 seconds
[2022-09-07T08:02:43.037+0000] {processor.py:153} INFO - Started process (PID=2446) to work on /home/airflow/.local/lib/python3.7/site-packages/airflow/example_dags/example_branch_day_of_week_operator.py
[2022-09-07T08:02:43.039+0000] {processor.py:640} INFO - Processing file /home/airflow/.local/lib/python3.7/site-packages/airflow/example_dags/example_branch_day_of_week_operator.py for tasks to queue
[2022-09-07T08:02:43.040+0000] {logging_mixin.py:115} INFO - [2022-09-07T08:02:43.040+0000] {dagbag.py:508} INFO - Filling up the DagBag from /home/airflow/.local/lib/python3.7/site-packages/airflow/example_dags/example_branch_day_of_week_operator.py
[2022-09-07T08:02:43.045+0000] {processor.py:650} INFO - DAG(s) dict_keys(['example_weekday_branch_operator']) retrieved from /home/airflow/.local/lib/python3.7/site-packages/airflow/example_dags/example_branch_day_of_week_operator.py
[2022-09-07T08:02:43.063+0000] {logging_mixin.py:115} INFO - [2022-09-07T08:02:43.063+0000] {dag.py:2429} INFO - Sync 1 DAGs
[2022-09-07T08:02:43.077+0000] {logging_mixin.py:115} INFO - [2022-09-07T08:02:43.077+0000] {dag.py:2981} INFO - Setting next_dagrun for example_weekday_branch_operator to 2022-09-06T00:00:00+00:00, run_after=2022-09-07T00:00:00+00:00
[2022-09-07T08:02:43.086+0000] {processor.py:161} INFO - Processing /home/airflow/.local/lib/python3.7/site-packages/airflow/example_dags/example_branch_day_of_week_operator.py took 0.051 seconds
[2022-09-07T08:03:13.844+0000] {processor.py:153} INFO - Started process (PID=2506) to work on /home/airflow/.local/lib/python3.7/site-packages/airflow/example_dags/example_branch_day_of_week_operator.py
[2022-09-07T08:03:13.846+0000] {processor.py:640} INFO - Processing file /home/airflow/.local/lib/python3.7/site-packages/airflow/example_dags/example_branch_day_of_week_operator.py for tasks to queue
[2022-09-07T08:03:13.847+0000] {logging_mixin.py:115} INFO - [2022-09-07T08:03:13.847+0000] {dagbag.py:508} INFO - Filling up the DagBag from /home/airflow/.local/lib/python3.7/site-packages/airflow/example_dags/example_branch_day_of_week_operator.py
[2022-09-07T08:03:13.853+0000] {processor.py:650} INFO - DAG(s) dict_keys(['example_weekday_branch_operator']) retrieved from /home/airflow/.local/lib/python3.7/site-packages/airflow/example_dags/example_branch_day_of_week_operator.py
[2022-09-07T08:03:13.872+0000] {logging_mixin.py:115} INFO - [2022-09-07T08:03:13.872+0000] {dag.py:2429} INFO - Sync 1 DAGs
[2022-09-07T08:03:13.886+0000] {logging_mixin.py:115} INFO - [2022-09-07T08:03:13.886+0000] {dag.py:2981} INFO - Setting next_dagrun for example_weekday_branch_operator to 2022-09-06T00:00:00+00:00, run_after=2022-09-07T00:00:00+00:00
[2022-09-07T08:03:13.894+0000] {processor.py:161} INFO - Processing /home/airflow/.local/lib/python3.7/site-packages/airflow/example_dags/example_branch_day_of_week_operator.py took 0.053 seconds
[2022-09-07T08:03:44.618+0000] {processor.py:153} INFO - Started process (PID=2567) to work on /home/airflow/.local/lib/python3.7/site-packages/airflow/example_dags/example_branch_day_of_week_operator.py
[2022-09-07T08:03:44.622+0000] {processor.py:640} INFO - Processing file /home/airflow/.local/lib/python3.7/site-packages/airflow/example_dags/example_branch_day_of_week_operator.py for tasks to queue
[2022-09-07T08:03:44.625+0000] {logging_mixin.py:115} INFO - [2022-09-07T08:03:44.625+0000] {dagbag.py:508} INFO - Filling up the DagBag from /home/airflow/.local/lib/python3.7/site-packages/airflow/example_dags/example_branch_day_of_week_operator.py
[2022-09-07T08:03:44.635+0000] {processor.py:650} INFO - DAG(s) dict_keys(['example_weekday_branch_operator']) retrieved from /home/airflow/.local/lib/python3.7/site-packages/airflow/example_dags/example_branch_day_of_week_operator.py
[2022-09-07T08:03:44.657+0000] {logging_mixin.py:115} INFO - [2022-09-07T08:03:44.657+0000] {dag.py:2429} INFO - Sync 1 DAGs
[2022-09-07T08:03:44.675+0000] {logging_mixin.py:115} INFO - [2022-09-07T08:03:44.675+0000] {dag.py:2981} INFO - Setting next_dagrun for example_weekday_branch_operator to 2022-09-06T00:00:00+00:00, run_after=2022-09-07T00:00:00+00:00
[2022-09-07T08:03:44.682+0000] {processor.py:161} INFO - Processing /home/airflow/.local/lib/python3.7/site-packages/airflow/example_dags/example_branch_day_of_week_operator.py took 0.067 seconds
[2022-09-07T08:04:15.324+0000] {processor.py:153} INFO - Started process (PID=2619) to work on /home/airflow/.local/lib/python3.7/site-packages/airflow/example_dags/example_branch_day_of_week_operator.py
[2022-09-07T08:04:15.326+0000] {processor.py:640} INFO - Processing file /home/airflow/.local/lib/python3.7/site-packages/airflow/example_dags/example_branch_day_of_week_operator.py for tasks to queue
[2022-09-07T08:04:15.328+0000] {logging_mixin.py:115} INFO - [2022-09-07T08:04:15.328+0000] {dagbag.py:508} INFO - Filling up the DagBag from /home/airflow/.local/lib/python3.7/site-packages/airflow/example_dags/example_branch_day_of_week_operator.py
[2022-09-07T08:04:15.335+0000] {processor.py:650} INFO - DAG(s) dict_keys(['example_weekday_branch_operator']) retrieved from /home/airflow/.local/lib/python3.7/site-packages/airflow/example_dags/example_branch_day_of_week_operator.py
[2022-09-07T08:04:15.359+0000] {logging_mixin.py:115} INFO - [2022-09-07T08:04:15.359+0000] {dag.py:2429} INFO - Sync 1 DAGs
[2022-09-07T08:04:15.374+0000] {logging_mixin.py:115} INFO - [2022-09-07T08:04:15.374+0000] {dag.py:2981} INFO - Setting next_dagrun for example_weekday_branch_operator to 2022-09-06T00:00:00+00:00, run_after=2022-09-07T00:00:00+00:00
[2022-09-07T08:04:15.385+0000] {processor.py:161} INFO - Processing /home/airflow/.local/lib/python3.7/site-packages/airflow/example_dags/example_branch_day_of_week_operator.py took 0.063 seconds
[2022-09-07T16:20:33.007+0000] {processor.py:153} INFO - Started process (PID=35) to work on /home/airflow/.local/lib/python3.7/site-packages/airflow/example_dags/example_branch_day_of_week_operator.py
[2022-09-07T16:20:33.010+0000] {processor.py:640} INFO - Processing file /home/airflow/.local/lib/python3.7/site-packages/airflow/example_dags/example_branch_day_of_week_operator.py for tasks to queue
[2022-09-07T16:20:33.014+0000] {logging_mixin.py:115} INFO - [2022-09-07T16:20:33.013+0000] {dagbag.py:508} INFO - Filling up the DagBag from /home/airflow/.local/lib/python3.7/site-packages/airflow/example_dags/example_branch_day_of_week_operator.py
[2022-09-07T16:20:33.028+0000] {processor.py:650} INFO - DAG(s) dict_keys(['example_weekday_branch_operator']) retrieved from /home/airflow/.local/lib/python3.7/site-packages/airflow/example_dags/example_branch_day_of_week_operator.py
[2022-09-07T16:20:33.069+0000] {logging_mixin.py:115} INFO - [2022-09-07T16:20:33.069+0000] {dag.py:2429} INFO - Sync 1 DAGs
[2022-09-07T16:20:33.128+0000] {logging_mixin.py:115} INFO - [2022-09-07T16:20:33.127+0000] {dag.py:2981} INFO - Setting next_dagrun for example_weekday_branch_operator to 2022-09-06T00:00:00+00:00, run_after=2022-09-07T00:00:00+00:00
[2022-09-07T16:20:33.167+0000] {processor.py:161} INFO - Processing /home/airflow/.local/lib/python3.7/site-packages/airflow/example_dags/example_branch_day_of_week_operator.py took 0.164 seconds
[2022-09-07T16:21:00.899+0000] {processor.py:153} INFO - Started process (PID=52) to work on /home/airflow/.local/lib/python3.7/site-packages/airflow/example_dags/example_branch_day_of_week_operator.py
[2022-09-07T16:21:00.900+0000] {processor.py:640} INFO - Processing file /home/airflow/.local/lib/python3.7/site-packages/airflow/example_dags/example_branch_day_of_week_operator.py for tasks to queue
[2022-09-07T16:21:00.902+0000] {logging_mixin.py:115} INFO - [2022-09-07T16:21:00.902+0000] {dagbag.py:508} INFO - Filling up the DagBag from /home/airflow/.local/lib/python3.7/site-packages/airflow/example_dags/example_branch_day_of_week_operator.py
[2022-09-07T16:21:00.911+0000] {processor.py:650} INFO - DAG(s) dict_keys(['example_weekday_branch_operator']) retrieved from /home/airflow/.local/lib/python3.7/site-packages/airflow/example_dags/example_branch_day_of_week_operator.py
[2022-09-07T16:21:00.927+0000] {logging_mixin.py:115} INFO - [2022-09-07T16:21:00.927+0000] {dag.py:2429} INFO - Sync 1 DAGs
[2022-09-07T16:21:00.941+0000] {logging_mixin.py:115} INFO - [2022-09-07T16:21:00.941+0000] {dag.py:2981} INFO - Setting next_dagrun for example_weekday_branch_operator to 2022-09-06T00:00:00+00:00, run_after=2022-09-07T00:00:00+00:00
[2022-09-07T16:21:00.949+0000] {processor.py:161} INFO - Processing /home/airflow/.local/lib/python3.7/site-packages/airflow/example_dags/example_branch_day_of_week_operator.py took 0.052 seconds
[2022-09-07T16:21:31.655+0000] {processor.py:153} INFO - Started process (PID=112) to work on /home/airflow/.local/lib/python3.7/site-packages/airflow/example_dags/example_branch_day_of_week_operator.py
[2022-09-07T16:21:31.657+0000] {processor.py:640} INFO - Processing file /home/airflow/.local/lib/python3.7/site-packages/airflow/example_dags/example_branch_day_of_week_operator.py for tasks to queue
[2022-09-07T16:21:31.658+0000] {logging_mixin.py:115} INFO - [2022-09-07T16:21:31.658+0000] {dagbag.py:508} INFO - Filling up the DagBag from /home/airflow/.local/lib/python3.7/site-packages/airflow/example_dags/example_branch_day_of_week_operator.py
[2022-09-07T16:21:31.664+0000] {processor.py:650} INFO - DAG(s) dict_keys(['example_weekday_branch_operator']) retrieved from /home/airflow/.local/lib/python3.7/site-packages/airflow/example_dags/example_branch_day_of_week_operator.py
[2022-09-07T16:21:31.685+0000] {logging_mixin.py:115} INFO - [2022-09-07T16:21:31.685+0000] {dag.py:2429} INFO - Sync 1 DAGs
[2022-09-07T16:21:31.700+0000] {logging_mixin.py:115} INFO - [2022-09-07T16:21:31.700+0000] {dag.py:2981} INFO - Setting next_dagrun for example_weekday_branch_operator to 2022-09-06T00:00:00+00:00, run_after=2022-09-07T00:00:00+00:00
[2022-09-07T16:21:31.708+0000] {processor.py:161} INFO - Processing /home/airflow/.local/lib/python3.7/site-packages/airflow/example_dags/example_branch_day_of_week_operator.py took 0.055 seconds
[2022-09-07T16:22:02.305+0000] {processor.py:153} INFO - Started process (PID=560) to work on /home/airflow/.local/lib/python3.7/site-packages/airflow/example_dags/example_branch_day_of_week_operator.py
[2022-09-07T16:22:02.307+0000] {processor.py:640} INFO - Processing file /home/airflow/.local/lib/python3.7/site-packages/airflow/example_dags/example_branch_day_of_week_operator.py for tasks to queue
[2022-09-07T16:22:02.309+0000] {logging_mixin.py:115} INFO - [2022-09-07T16:22:02.309+0000] {dagbag.py:508} INFO - Filling up the DagBag from /home/airflow/.local/lib/python3.7/site-packages/airflow/example_dags/example_branch_day_of_week_operator.py
[2022-09-07T16:22:02.315+0000] {processor.py:650} INFO - DAG(s) dict_keys(['example_weekday_branch_operator']) retrieved from /home/airflow/.local/lib/python3.7/site-packages/airflow/example_dags/example_branch_day_of_week_operator.py
[2022-09-07T16:22:02.341+0000] {logging_mixin.py:115} INFO - [2022-09-07T16:22:02.341+0000] {dag.py:2429} INFO - Sync 1 DAGs
[2022-09-07T16:22:02.356+0000] {logging_mixin.py:115} INFO - [2022-09-07T16:22:02.355+0000] {dag.py:2981} INFO - Setting next_dagrun for example_weekday_branch_operator to 2022-09-06T00:00:00+00:00, run_after=2022-09-07T00:00:00+00:00
[2022-09-07T16:22:02.364+0000] {processor.py:161} INFO - Processing /home/airflow/.local/lib/python3.7/site-packages/airflow/example_dags/example_branch_day_of_week_operator.py took 0.062 seconds
[2022-09-07T16:22:32.482+0000] {processor.py:153} INFO - Started process (PID=1098) to work on /home/airflow/.local/lib/python3.7/site-packages/airflow/example_dags/example_branch_day_of_week_operator.py
[2022-09-07T16:22:32.485+0000] {processor.py:640} INFO - Processing file /home/airflow/.local/lib/python3.7/site-packages/airflow/example_dags/example_branch_day_of_week_operator.py for tasks to queue
[2022-09-07T16:22:32.487+0000] {logging_mixin.py:115} INFO - [2022-09-07T16:22:32.487+0000] {dagbag.py:508} INFO - Filling up the DagBag from /home/airflow/.local/lib/python3.7/site-packages/airflow/example_dags/example_branch_day_of_week_operator.py
[2022-09-07T16:22:32.494+0000] {processor.py:650} INFO - DAG(s) dict_keys(['example_weekday_branch_operator']) retrieved from /home/airflow/.local/lib/python3.7/site-packages/airflow/example_dags/example_branch_day_of_week_operator.py
[2022-09-07T16:22:32.513+0000] {logging_mixin.py:115} INFO - [2022-09-07T16:22:32.513+0000] {dag.py:2429} INFO - Sync 1 DAGs
[2022-09-07T16:22:32.531+0000] {logging_mixin.py:115} INFO - [2022-09-07T16:22:32.531+0000] {dag.py:2981} INFO - Setting next_dagrun for example_weekday_branch_operator to 2022-09-06T00:00:00+00:00, run_after=2022-09-07T00:00:00+00:00
[2022-09-07T16:22:32.539+0000] {processor.py:161} INFO - Processing /home/airflow/.local/lib/python3.7/site-packages/airflow/example_dags/example_branch_day_of_week_operator.py took 0.060 seconds
[2022-09-07T16:23:03.049+0000] {processor.py:153} INFO - Started process (PID=1795) to work on /home/airflow/.local/lib/python3.7/site-packages/airflow/example_dags/example_branch_day_of_week_operator.py
[2022-09-07T16:23:03.051+0000] {processor.py:640} INFO - Processing file /home/airflow/.local/lib/python3.7/site-packages/airflow/example_dags/example_branch_day_of_week_operator.py for tasks to queue
[2022-09-07T16:23:03.052+0000] {logging_mixin.py:115} INFO - [2022-09-07T16:23:03.052+0000] {dagbag.py:508} INFO - Filling up the DagBag from /home/airflow/.local/lib/python3.7/site-packages/airflow/example_dags/example_branch_day_of_week_operator.py
[2022-09-07T16:23:03.058+0000] {processor.py:650} INFO - DAG(s) dict_keys(['example_weekday_branch_operator']) retrieved from /home/airflow/.local/lib/python3.7/site-packages/airflow/example_dags/example_branch_day_of_week_operator.py
[2022-09-07T16:23:03.092+0000] {logging_mixin.py:115} INFO - [2022-09-07T16:23:03.092+0000] {dag.py:2429} INFO - Sync 1 DAGs
[2022-09-07T16:23:03.106+0000] {logging_mixin.py:115} INFO - [2022-09-07T16:23:03.106+0000] {dag.py:2981} INFO - Setting next_dagrun for example_weekday_branch_operator to 2022-09-06T00:00:00+00:00, run_after=2022-09-07T00:00:00+00:00
[2022-09-07T16:23:03.114+0000] {processor.py:161} INFO - Processing /home/airflow/.local/lib/python3.7/site-packages/airflow/example_dags/example_branch_day_of_week_operator.py took 0.068 seconds
[2022-09-07T16:23:33.968+0000] {processor.py:153} INFO - Started process (PID=2157) to work on /home/airflow/.local/lib/python3.7/site-packages/airflow/example_dags/example_branch_day_of_week_operator.py
[2022-09-07T16:23:33.969+0000] {processor.py:640} INFO - Processing file /home/airflow/.local/lib/python3.7/site-packages/airflow/example_dags/example_branch_day_of_week_operator.py for tasks to queue
[2022-09-07T16:23:33.970+0000] {logging_mixin.py:115} INFO - [2022-09-07T16:23:33.970+0000] {dagbag.py:508} INFO - Filling up the DagBag from /home/airflow/.local/lib/python3.7/site-packages/airflow/example_dags/example_branch_day_of_week_operator.py
[2022-09-07T16:23:33.976+0000] {processor.py:650} INFO - DAG(s) dict_keys(['example_weekday_branch_operator']) retrieved from /home/airflow/.local/lib/python3.7/site-packages/airflow/example_dags/example_branch_day_of_week_operator.py
[2022-09-07T16:23:33.993+0000] {logging_mixin.py:115} INFO - [2022-09-07T16:23:33.993+0000] {dag.py:2429} INFO - Sync 1 DAGs
[2022-09-07T16:23:34.009+0000] {logging_mixin.py:115} INFO - [2022-09-07T16:23:34.009+0000] {dag.py:2981} INFO - Setting next_dagrun for example_weekday_branch_operator to 2022-09-06T00:00:00+00:00, run_after=2022-09-07T00:00:00+00:00
[2022-09-07T16:23:34.017+0000] {processor.py:161} INFO - Processing /home/airflow/.local/lib/python3.7/site-packages/airflow/example_dags/example_branch_day_of_week_operator.py took 0.052 seconds
[2022-09-07T16:24:04.646+0000] {processor.py:153} INFO - Started process (PID=2541) to work on /home/airflow/.local/lib/python3.7/site-packages/airflow/example_dags/example_branch_day_of_week_operator.py
[2022-09-07T16:24:04.647+0000] {processor.py:640} INFO - Processing file /home/airflow/.local/lib/python3.7/site-packages/airflow/example_dags/example_branch_day_of_week_operator.py for tasks to queue
[2022-09-07T16:24:04.649+0000] {logging_mixin.py:115} INFO - [2022-09-07T16:24:04.649+0000] {dagbag.py:508} INFO - Filling up the DagBag from /home/airflow/.local/lib/python3.7/site-packages/airflow/example_dags/example_branch_day_of_week_operator.py
[2022-09-07T16:24:04.655+0000] {processor.py:650} INFO - DAG(s) dict_keys(['example_weekday_branch_operator']) retrieved from /home/airflow/.local/lib/python3.7/site-packages/airflow/example_dags/example_branch_day_of_week_operator.py
[2022-09-07T16:24:04.672+0000] {logging_mixin.py:115} INFO - [2022-09-07T16:24:04.672+0000] {dag.py:2429} INFO - Sync 1 DAGs
[2022-09-07T16:24:04.687+0000] {logging_mixin.py:115} INFO - [2022-09-07T16:24:04.687+0000] {dag.py:2981} INFO - Setting next_dagrun for example_weekday_branch_operator to 2022-09-06T00:00:00+00:00, run_after=2022-09-07T00:00:00+00:00
[2022-09-07T16:24:04.695+0000] {processor.py:161} INFO - Processing /home/airflow/.local/lib/python3.7/site-packages/airflow/example_dags/example_branch_day_of_week_operator.py took 0.051 seconds
[2022-09-07T16:24:35.222+0000] {processor.py:153} INFO - Started process (PID=2901) to work on /home/airflow/.local/lib/python3.7/site-packages/airflow/example_dags/example_branch_day_of_week_operator.py
[2022-09-07T16:24:35.224+0000] {processor.py:640} INFO - Processing file /home/airflow/.local/lib/python3.7/site-packages/airflow/example_dags/example_branch_day_of_week_operator.py for tasks to queue
[2022-09-07T16:24:35.226+0000] {logging_mixin.py:115} INFO - [2022-09-07T16:24:35.226+0000] {dagbag.py:508} INFO - Filling up the DagBag from /home/airflow/.local/lib/python3.7/site-packages/airflow/example_dags/example_branch_day_of_week_operator.py
[2022-09-07T16:24:35.234+0000] {processor.py:650} INFO - DAG(s) dict_keys(['example_weekday_branch_operator']) retrieved from /home/airflow/.local/lib/python3.7/site-packages/airflow/example_dags/example_branch_day_of_week_operator.py
[2022-09-07T16:24:35.255+0000] {logging_mixin.py:115} INFO - [2022-09-07T16:24:35.255+0000] {dag.py:2429} INFO - Sync 1 DAGs
[2022-09-07T16:24:35.272+0000] {logging_mixin.py:115} INFO - [2022-09-07T16:24:35.272+0000] {dag.py:2981} INFO - Setting next_dagrun for example_weekday_branch_operator to 2022-09-06T00:00:00+00:00, run_after=2022-09-07T00:00:00+00:00
[2022-09-07T16:24:35.297+0000] {processor.py:161} INFO - Processing /home/airflow/.local/lib/python3.7/site-packages/airflow/example_dags/example_branch_day_of_week_operator.py took 0.078 seconds
[2022-09-07T16:25:06.015+0000] {processor.py:153} INFO - Started process (PID=3236) to work on /home/airflow/.local/lib/python3.7/site-packages/airflow/example_dags/example_branch_day_of_week_operator.py
[2022-09-07T16:25:06.017+0000] {processor.py:640} INFO - Processing file /home/airflow/.local/lib/python3.7/site-packages/airflow/example_dags/example_branch_day_of_week_operator.py for tasks to queue
[2022-09-07T16:25:06.020+0000] {logging_mixin.py:115} INFO - [2022-09-07T16:25:06.020+0000] {dagbag.py:508} INFO - Filling up the DagBag from /home/airflow/.local/lib/python3.7/site-packages/airflow/example_dags/example_branch_day_of_week_operator.py
[2022-09-07T16:25:06.031+0000] {processor.py:650} INFO - DAG(s) dict_keys(['example_weekday_branch_operator']) retrieved from /home/airflow/.local/lib/python3.7/site-packages/airflow/example_dags/example_branch_day_of_week_operator.py
[2022-09-07T16:25:06.064+0000] {logging_mixin.py:115} INFO - [2022-09-07T16:25:06.064+0000] {dag.py:2429} INFO - Sync 1 DAGs
[2022-09-07T16:25:06.084+0000] {logging_mixin.py:115} INFO - [2022-09-07T16:25:06.084+0000] {dag.py:2981} INFO - Setting next_dagrun for example_weekday_branch_operator to 2022-09-06T00:00:00+00:00, run_after=2022-09-07T00:00:00+00:00
[2022-09-07T16:25:06.097+0000] {processor.py:161} INFO - Processing /home/airflow/.local/lib/python3.7/site-packages/airflow/example_dags/example_branch_day_of_week_operator.py took 0.088 seconds
[2022-09-07T16:25:36.407+0000] {processor.py:153} INFO - Started process (PID=3297) to work on /home/airflow/.local/lib/python3.7/site-packages/airflow/example_dags/example_branch_day_of_week_operator.py
[2022-09-07T16:25:36.409+0000] {processor.py:640} INFO - Processing file /home/airflow/.local/lib/python3.7/site-packages/airflow/example_dags/example_branch_day_of_week_operator.py for tasks to queue
[2022-09-07T16:25:36.410+0000] {logging_mixin.py:115} INFO - [2022-09-07T16:25:36.410+0000] {dagbag.py:508} INFO - Filling up the DagBag from /home/airflow/.local/lib/python3.7/site-packages/airflow/example_dags/example_branch_day_of_week_operator.py
[2022-09-07T16:25:36.416+0000] {processor.py:650} INFO - DAG(s) dict_keys(['example_weekday_branch_operator']) retrieved from /home/airflow/.local/lib/python3.7/site-packages/airflow/example_dags/example_branch_day_of_week_operator.py
[2022-09-07T16:25:36.437+0000] {logging_mixin.py:115} INFO - [2022-09-07T16:25:36.437+0000] {dag.py:2429} INFO - Sync 1 DAGs
[2022-09-07T16:25:36.453+0000] {logging_mixin.py:115} INFO - [2022-09-07T16:25:36.453+0000] {dag.py:2981} INFO - Setting next_dagrun for example_weekday_branch_operator to 2022-09-06T00:00:00+00:00, run_after=2022-09-07T00:00:00+00:00
[2022-09-07T16:25:36.462+0000] {processor.py:161} INFO - Processing /home/airflow/.local/lib/python3.7/site-packages/airflow/example_dags/example_branch_day_of_week_operator.py took 0.058 seconds
[2022-09-07T16:26:06.542+0000] {processor.py:153} INFO - Started process (PID=3350) to work on /home/airflow/.local/lib/python3.7/site-packages/airflow/example_dags/example_branch_day_of_week_operator.py
[2022-09-07T16:26:06.544+0000] {processor.py:640} INFO - Processing file /home/airflow/.local/lib/python3.7/site-packages/airflow/example_dags/example_branch_day_of_week_operator.py for tasks to queue
[2022-09-07T16:26:06.546+0000] {logging_mixin.py:115} INFO - [2022-09-07T16:26:06.546+0000] {dagbag.py:508} INFO - Filling up the DagBag from /home/airflow/.local/lib/python3.7/site-packages/airflow/example_dags/example_branch_day_of_week_operator.py
[2022-09-07T16:26:06.553+0000] {processor.py:650} INFO - DAG(s) dict_keys(['example_weekday_branch_operator']) retrieved from /home/airflow/.local/lib/python3.7/site-packages/airflow/example_dags/example_branch_day_of_week_operator.py
[2022-09-07T16:26:06.585+0000] {logging_mixin.py:115} INFO - [2022-09-07T16:26:06.585+0000] {dag.py:2429} INFO - Sync 1 DAGs
[2022-09-07T16:26:06.603+0000] {logging_mixin.py:115} INFO - [2022-09-07T16:26:06.603+0000] {dag.py:2981} INFO - Setting next_dagrun for example_weekday_branch_operator to 2022-09-06T00:00:00+00:00, run_after=2022-09-07T00:00:00+00:00
[2022-09-07T16:26:06.614+0000] {processor.py:161} INFO - Processing /home/airflow/.local/lib/python3.7/site-packages/airflow/example_dags/example_branch_day_of_week_operator.py took 0.074 seconds
[2022-09-07T16:26:36.755+0000] {processor.py:153} INFO - Started process (PID=3411) to work on /home/airflow/.local/lib/python3.7/site-packages/airflow/example_dags/example_branch_day_of_week_operator.py
[2022-09-07T16:26:36.757+0000] {processor.py:640} INFO - Processing file /home/airflow/.local/lib/python3.7/site-packages/airflow/example_dags/example_branch_day_of_week_operator.py for tasks to queue
[2022-09-07T16:26:36.757+0000] {logging_mixin.py:115} INFO - [2022-09-07T16:26:36.757+0000] {dagbag.py:508} INFO - Filling up the DagBag from /home/airflow/.local/lib/python3.7/site-packages/airflow/example_dags/example_branch_day_of_week_operator.py
[2022-09-07T16:26:36.764+0000] {processor.py:650} INFO - DAG(s) dict_keys(['example_weekday_branch_operator']) retrieved from /home/airflow/.local/lib/python3.7/site-packages/airflow/example_dags/example_branch_day_of_week_operator.py
[2022-09-07T16:26:36.786+0000] {logging_mixin.py:115} INFO - [2022-09-07T16:26:36.786+0000] {dag.py:2429} INFO - Sync 1 DAGs
[2022-09-07T16:26:36.802+0000] {logging_mixin.py:115} INFO - [2022-09-07T16:26:36.802+0000] {dag.py:2981} INFO - Setting next_dagrun for example_weekday_branch_operator to 2022-09-06T00:00:00+00:00, run_after=2022-09-07T00:00:00+00:00
[2022-09-07T16:26:36.812+0000] {processor.py:161} INFO - Processing /home/airflow/.local/lib/python3.7/site-packages/airflow/example_dags/example_branch_day_of_week_operator.py took 0.060 seconds
[2022-09-07T16:27:07.342+0000] {processor.py:153} INFO - Started process (PID=3472) to work on /home/airflow/.local/lib/python3.7/site-packages/airflow/example_dags/example_branch_day_of_week_operator.py
[2022-09-07T16:27:07.344+0000] {processor.py:640} INFO - Processing file /home/airflow/.local/lib/python3.7/site-packages/airflow/example_dags/example_branch_day_of_week_operator.py for tasks to queue
[2022-09-07T16:27:07.345+0000] {logging_mixin.py:115} INFO - [2022-09-07T16:27:07.345+0000] {dagbag.py:508} INFO - Filling up the DagBag from /home/airflow/.local/lib/python3.7/site-packages/airflow/example_dags/example_branch_day_of_week_operator.py
[2022-09-07T16:27:07.352+0000] {processor.py:650} INFO - DAG(s) dict_keys(['example_weekday_branch_operator']) retrieved from /home/airflow/.local/lib/python3.7/site-packages/airflow/example_dags/example_branch_day_of_week_operator.py
[2022-09-07T16:27:07.374+0000] {logging_mixin.py:115} INFO - [2022-09-07T16:27:07.374+0000] {dag.py:2429} INFO - Sync 1 DAGs
[2022-09-07T16:27:07.392+0000] {logging_mixin.py:115} INFO - [2022-09-07T16:27:07.392+0000] {dag.py:2981} INFO - Setting next_dagrun for example_weekday_branch_operator to 2022-09-06T00:00:00+00:00, run_after=2022-09-07T00:00:00+00:00
[2022-09-07T16:27:07.403+0000] {processor.py:161} INFO - Processing /home/airflow/.local/lib/python3.7/site-packages/airflow/example_dags/example_branch_day_of_week_operator.py took 0.064 seconds
[2022-09-07T16:27:38.081+0000] {processor.py:153} INFO - Started process (PID=3534) to work on /home/airflow/.local/lib/python3.7/site-packages/airflow/example_dags/example_branch_day_of_week_operator.py
[2022-09-07T16:27:38.083+0000] {processor.py:640} INFO - Processing file /home/airflow/.local/lib/python3.7/site-packages/airflow/example_dags/example_branch_day_of_week_operator.py for tasks to queue
[2022-09-07T16:27:38.085+0000] {logging_mixin.py:115} INFO - [2022-09-07T16:27:38.084+0000] {dagbag.py:508} INFO - Filling up the DagBag from /home/airflow/.local/lib/python3.7/site-packages/airflow/example_dags/example_branch_day_of_week_operator.py
[2022-09-07T16:27:38.091+0000] {processor.py:650} INFO - DAG(s) dict_keys(['example_weekday_branch_operator']) retrieved from /home/airflow/.local/lib/python3.7/site-packages/airflow/example_dags/example_branch_day_of_week_operator.py
[2022-09-07T16:27:38.118+0000] {logging_mixin.py:115} INFO - [2022-09-07T16:27:38.118+0000] {dag.py:2429} INFO - Sync 1 DAGs
[2022-09-07T16:27:38.134+0000] {logging_mixin.py:115} INFO - [2022-09-07T16:27:38.134+0000] {dag.py:2981} INFO - Setting next_dagrun for example_weekday_branch_operator to 2022-09-06T00:00:00+00:00, run_after=2022-09-07T00:00:00+00:00
[2022-09-07T16:27:38.144+0000] {processor.py:161} INFO - Processing /home/airflow/.local/lib/python3.7/site-packages/airflow/example_dags/example_branch_day_of_week_operator.py took 0.066 seconds
[2022-09-07T16:28:08.894+0000] {processor.py:153} INFO - Started process (PID=3595) to work on /home/airflow/.local/lib/python3.7/site-packages/airflow/example_dags/example_branch_day_of_week_operator.py
[2022-09-07T16:28:08.896+0000] {processor.py:640} INFO - Processing file /home/airflow/.local/lib/python3.7/site-packages/airflow/example_dags/example_branch_day_of_week_operator.py for tasks to queue
[2022-09-07T16:28:08.899+0000] {logging_mixin.py:115} INFO - [2022-09-07T16:28:08.898+0000] {dagbag.py:508} INFO - Filling up the DagBag from /home/airflow/.local/lib/python3.7/site-packages/airflow/example_dags/example_branch_day_of_week_operator.py
[2022-09-07T16:28:08.911+0000] {processor.py:650} INFO - DAG(s) dict_keys(['example_weekday_branch_operator']) retrieved from /home/airflow/.local/lib/python3.7/site-packages/airflow/example_dags/example_branch_day_of_week_operator.py
[2022-09-07T16:28:08.931+0000] {logging_mixin.py:115} INFO - [2022-09-07T16:28:08.931+0000] {dag.py:2429} INFO - Sync 1 DAGs
[2022-09-07T16:28:08.948+0000] {logging_mixin.py:115} INFO - [2022-09-07T16:28:08.948+0000] {dag.py:2981} INFO - Setting next_dagrun for example_weekday_branch_operator to 2022-09-06T00:00:00+00:00, run_after=2022-09-07T00:00:00+00:00
[2022-09-07T16:28:08.956+0000] {processor.py:161} INFO - Processing /home/airflow/.local/lib/python3.7/site-packages/airflow/example_dags/example_branch_day_of_week_operator.py took 0.066 seconds
[2022-09-07T16:29:17.415+0000] {processor.py:153} INFO - Started process (PID=35) to work on /home/airflow/.local/lib/python3.7/site-packages/airflow/example_dags/example_branch_day_of_week_operator.py
[2022-09-07T16:29:17.418+0000] {processor.py:640} INFO - Processing file /home/airflow/.local/lib/python3.7/site-packages/airflow/example_dags/example_branch_day_of_week_operator.py for tasks to queue
[2022-09-07T16:29:17.421+0000] {logging_mixin.py:115} INFO - [2022-09-07T16:29:17.421+0000] {dagbag.py:508} INFO - Filling up the DagBag from /home/airflow/.local/lib/python3.7/site-packages/airflow/example_dags/example_branch_day_of_week_operator.py
[2022-09-07T16:29:17.433+0000] {processor.py:650} INFO - DAG(s) dict_keys(['example_weekday_branch_operator']) retrieved from /home/airflow/.local/lib/python3.7/site-packages/airflow/example_dags/example_branch_day_of_week_operator.py
[2022-09-07T16:29:17.462+0000] {logging_mixin.py:115} INFO - [2022-09-07T16:29:17.462+0000] {dag.py:2429} INFO - Sync 1 DAGs
[2022-09-07T16:29:17.489+0000] {logging_mixin.py:115} INFO - [2022-09-07T16:29:17.489+0000] {dag.py:2981} INFO - Setting next_dagrun for example_weekday_branch_operator to 2022-09-06T00:00:00+00:00, run_after=2022-09-07T00:00:00+00:00
[2022-09-07T16:29:17.513+0000] {processor.py:161} INFO - Processing /home/airflow/.local/lib/python3.7/site-packages/airflow/example_dags/example_branch_day_of_week_operator.py took 0.100 seconds
[2022-09-07T16:29:47.618+0000] {processor.py:153} INFO - Started process (PID=95) to work on /home/airflow/.local/lib/python3.7/site-packages/airflow/example_dags/example_branch_day_of_week_operator.py
[2022-09-07T16:29:47.620+0000] {processor.py:640} INFO - Processing file /home/airflow/.local/lib/python3.7/site-packages/airflow/example_dags/example_branch_day_of_week_operator.py for tasks to queue
[2022-09-07T16:29:47.622+0000] {logging_mixin.py:115} INFO - [2022-09-07T16:29:47.621+0000] {dagbag.py:508} INFO - Filling up the DagBag from /home/airflow/.local/lib/python3.7/site-packages/airflow/example_dags/example_branch_day_of_week_operator.py
[2022-09-07T16:29:47.631+0000] {processor.py:650} INFO - DAG(s) dict_keys(['example_weekday_branch_operator']) retrieved from /home/airflow/.local/lib/python3.7/site-packages/airflow/example_dags/example_branch_day_of_week_operator.py
[2022-09-07T16:29:47.658+0000] {logging_mixin.py:115} INFO - [2022-09-07T16:29:47.658+0000] {dag.py:2429} INFO - Sync 1 DAGs
[2022-09-07T16:29:47.676+0000] {logging_mixin.py:115} INFO - [2022-09-07T16:29:47.675+0000] {dag.py:2981} INFO - Setting next_dagrun for example_weekday_branch_operator to 2022-09-06T00:00:00+00:00, run_after=2022-09-07T00:00:00+00:00
[2022-09-07T16:29:47.693+0000] {processor.py:161} INFO - Processing /home/airflow/.local/lib/python3.7/site-packages/airflow/example_dags/example_branch_day_of_week_operator.py took 0.078 seconds
[2022-09-07T16:30:17.808+0000] {processor.py:153} INFO - Started process (PID=155) to work on /home/airflow/.local/lib/python3.7/site-packages/airflow/example_dags/example_branch_day_of_week_operator.py
[2022-09-07T16:30:17.809+0000] {processor.py:640} INFO - Processing file /home/airflow/.local/lib/python3.7/site-packages/airflow/example_dags/example_branch_day_of_week_operator.py for tasks to queue
[2022-09-07T16:30:17.810+0000] {logging_mixin.py:115} INFO - [2022-09-07T16:30:17.810+0000] {dagbag.py:508} INFO - Filling up the DagBag from /home/airflow/.local/lib/python3.7/site-packages/airflow/example_dags/example_branch_day_of_week_operator.py
[2022-09-07T16:30:17.818+0000] {processor.py:650} INFO - DAG(s) dict_keys(['example_weekday_branch_operator']) retrieved from /home/airflow/.local/lib/python3.7/site-packages/airflow/example_dags/example_branch_day_of_week_operator.py
[2022-09-07T16:30:17.843+0000] {logging_mixin.py:115} INFO - [2022-09-07T16:30:17.843+0000] {dag.py:2429} INFO - Sync 1 DAGs
[2022-09-07T16:30:17.858+0000] {logging_mixin.py:115} INFO - [2022-09-07T16:30:17.857+0000] {dag.py:2981} INFO - Setting next_dagrun for example_weekday_branch_operator to 2022-09-06T00:00:00+00:00, run_after=2022-09-07T00:00:00+00:00
[2022-09-07T16:30:17.866+0000] {processor.py:161} INFO - Processing /home/airflow/.local/lib/python3.7/site-packages/airflow/example_dags/example_branch_day_of_week_operator.py took 0.061 seconds
[2022-09-07T16:30:47.947+0000] {processor.py:153} INFO - Started process (PID=216) to work on /home/airflow/.local/lib/python3.7/site-packages/airflow/example_dags/example_branch_day_of_week_operator.py
[2022-09-07T16:30:47.949+0000] {processor.py:640} INFO - Processing file /home/airflow/.local/lib/python3.7/site-packages/airflow/example_dags/example_branch_day_of_week_operator.py for tasks to queue
[2022-09-07T16:30:47.950+0000] {logging_mixin.py:115} INFO - [2022-09-07T16:30:47.950+0000] {dagbag.py:508} INFO - Filling up the DagBag from /home/airflow/.local/lib/python3.7/site-packages/airflow/example_dags/example_branch_day_of_week_operator.py
[2022-09-07T16:30:47.958+0000] {processor.py:650} INFO - DAG(s) dict_keys(['example_weekday_branch_operator']) retrieved from /home/airflow/.local/lib/python3.7/site-packages/airflow/example_dags/example_branch_day_of_week_operator.py
[2022-09-07T16:30:47.980+0000] {logging_mixin.py:115} INFO - [2022-09-07T16:30:47.980+0000] {dag.py:2429} INFO - Sync 1 DAGs
[2022-09-07T16:30:47.995+0000] {logging_mixin.py:115} INFO - [2022-09-07T16:30:47.995+0000] {dag.py:2981} INFO - Setting next_dagrun for example_weekday_branch_operator to 2022-09-06T00:00:00+00:00, run_after=2022-09-07T00:00:00+00:00
[2022-09-07T16:30:48.004+0000] {processor.py:161} INFO - Processing /home/airflow/.local/lib/python3.7/site-packages/airflow/example_dags/example_branch_day_of_week_operator.py took 0.060 seconds
[2022-09-07T16:31:18.712+0000] {processor.py:153} INFO - Started process (PID=268) to work on /home/airflow/.local/lib/python3.7/site-packages/airflow/example_dags/example_branch_day_of_week_operator.py
[2022-09-07T16:31:18.714+0000] {processor.py:640} INFO - Processing file /home/airflow/.local/lib/python3.7/site-packages/airflow/example_dags/example_branch_day_of_week_operator.py for tasks to queue
[2022-09-07T16:31:18.715+0000] {logging_mixin.py:115} INFO - [2022-09-07T16:31:18.715+0000] {dagbag.py:508} INFO - Filling up the DagBag from /home/airflow/.local/lib/python3.7/site-packages/airflow/example_dags/example_branch_day_of_week_operator.py
[2022-09-07T16:31:18.722+0000] {processor.py:650} INFO - DAG(s) dict_keys(['example_weekday_branch_operator']) retrieved from /home/airflow/.local/lib/python3.7/site-packages/airflow/example_dags/example_branch_day_of_week_operator.py
[2022-09-07T16:31:18.745+0000] {logging_mixin.py:115} INFO - [2022-09-07T16:31:18.745+0000] {dag.py:2429} INFO - Sync 1 DAGs
[2022-09-07T16:31:18.760+0000] {logging_mixin.py:115} INFO - [2022-09-07T16:31:18.760+0000] {dag.py:2981} INFO - Setting next_dagrun for example_weekday_branch_operator to 2022-09-06T00:00:00+00:00, run_after=2022-09-07T00:00:00+00:00
[2022-09-07T16:31:18.769+0000] {processor.py:161} INFO - Processing /home/airflow/.local/lib/python3.7/site-packages/airflow/example_dags/example_branch_day_of_week_operator.py took 0.059 seconds
[2022-09-07T17:23:37.302+0000] {processor.py:153} INFO - Started process (PID=35) to work on /home/airflow/.local/lib/python3.7/site-packages/airflow/example_dags/example_branch_day_of_week_operator.py
[2022-09-07T17:23:37.304+0000] {processor.py:640} INFO - Processing file /home/airflow/.local/lib/python3.7/site-packages/airflow/example_dags/example_branch_day_of_week_operator.py for tasks to queue
[2022-09-07T17:23:37.306+0000] {logging_mixin.py:115} INFO - [2022-09-07T17:23:37.306+0000] {dagbag.py:508} INFO - Filling up the DagBag from /home/airflow/.local/lib/python3.7/site-packages/airflow/example_dags/example_branch_day_of_week_operator.py
[2022-09-07T17:23:37.319+0000] {processor.py:650} INFO - DAG(s) dict_keys(['example_weekday_branch_operator']) retrieved from /home/airflow/.local/lib/python3.7/site-packages/airflow/example_dags/example_branch_day_of_week_operator.py
[2022-09-07T17:23:37.381+0000] {logging_mixin.py:115} INFO - [2022-09-07T17:23:37.380+0000] {dag.py:2429} INFO - Sync 1 DAGs
[2022-09-07T17:23:37.419+0000] {logging_mixin.py:115} INFO - [2022-09-07T17:23:37.419+0000] {dag.py:2981} INFO - Setting next_dagrun for example_weekday_branch_operator to 2022-09-06T00:00:00+00:00, run_after=2022-09-07T00:00:00+00:00
[2022-09-07T17:23:37.459+0000] {processor.py:161} INFO - Processing /home/airflow/.local/lib/python3.7/site-packages/airflow/example_dags/example_branch_day_of_week_operator.py took 0.160 seconds
[2022-09-07T17:24:08.025+0000] {processor.py:153} INFO - Started process (PID=94) to work on /home/airflow/.local/lib/python3.7/site-packages/airflow/example_dags/example_branch_day_of_week_operator.py
[2022-09-07T17:24:08.027+0000] {processor.py:640} INFO - Processing file /home/airflow/.local/lib/python3.7/site-packages/airflow/example_dags/example_branch_day_of_week_operator.py for tasks to queue
[2022-09-07T17:24:08.028+0000] {logging_mixin.py:115} INFO - [2022-09-07T17:24:08.027+0000] {dagbag.py:508} INFO - Filling up the DagBag from /home/airflow/.local/lib/python3.7/site-packages/airflow/example_dags/example_branch_day_of_week_operator.py
[2022-09-07T17:24:08.034+0000] {processor.py:650} INFO - DAG(s) dict_keys(['example_weekday_branch_operator']) retrieved from /home/airflow/.local/lib/python3.7/site-packages/airflow/example_dags/example_branch_day_of_week_operator.py
[2022-09-07T17:24:08.055+0000] {logging_mixin.py:115} INFO - [2022-09-07T17:24:08.055+0000] {dag.py:2429} INFO - Sync 1 DAGs
[2022-09-07T17:24:08.072+0000] {logging_mixin.py:115} INFO - [2022-09-07T17:24:08.072+0000] {dag.py:2981} INFO - Setting next_dagrun for example_weekday_branch_operator to 2022-09-06T00:00:00+00:00, run_after=2022-09-07T00:00:00+00:00
[2022-09-07T17:24:08.081+0000] {processor.py:161} INFO - Processing /home/airflow/.local/lib/python3.7/site-packages/airflow/example_dags/example_branch_day_of_week_operator.py took 0.059 seconds
[2022-09-07T17:24:39.044+0000] {processor.py:153} INFO - Started process (PID=154) to work on /home/airflow/.local/lib/python3.7/site-packages/airflow/example_dags/example_branch_day_of_week_operator.py
[2022-09-07T17:24:39.053+0000] {processor.py:640} INFO - Processing file /home/airflow/.local/lib/python3.7/site-packages/airflow/example_dags/example_branch_day_of_week_operator.py for tasks to queue
[2022-09-07T17:24:39.056+0000] {logging_mixin.py:115} INFO - [2022-09-07T17:24:39.056+0000] {dagbag.py:508} INFO - Filling up the DagBag from /home/airflow/.local/lib/python3.7/site-packages/airflow/example_dags/example_branch_day_of_week_operator.py
[2022-09-07T17:24:39.065+0000] {processor.py:650} INFO - DAG(s) dict_keys(['example_weekday_branch_operator']) retrieved from /home/airflow/.local/lib/python3.7/site-packages/airflow/example_dags/example_branch_day_of_week_operator.py
[2022-09-07T17:24:39.093+0000] {logging_mixin.py:115} INFO - [2022-09-07T17:24:39.093+0000] {dag.py:2429} INFO - Sync 1 DAGs
[2022-09-07T17:24:39.111+0000] {logging_mixin.py:115} INFO - [2022-09-07T17:24:39.111+0000] {dag.py:2981} INFO - Setting next_dagrun for example_weekday_branch_operator to 2022-09-06T00:00:00+00:00, run_after=2022-09-07T00:00:00+00:00
[2022-09-07T17:24:39.121+0000] {processor.py:161} INFO - Processing /home/airflow/.local/lib/python3.7/site-packages/airflow/example_dags/example_branch_day_of_week_operator.py took 0.080 seconds
