[2022-09-07T07:55:32.582+0000] {processor.py:153} INFO - Started process (PID=45) to work on /home/airflow/.local/lib/python3.7/site-packages/airflow/example_dags/example_latest_only.py
[2022-09-07T07:55:32.584+0000] {processor.py:640} INFO - Processing file /home/airflow/.local/lib/python3.7/site-packages/airflow/example_dags/example_latest_only.py for tasks to queue
[2022-09-07T07:55:32.585+0000] {logging_mixin.py:115} INFO - [2022-09-07T07:55:32.585+0000] {dagbag.py:508} INFO - Filling up the DagBag from /home/airflow/.local/lib/python3.7/site-packages/airflow/example_dags/example_latest_only.py
[2022-09-07T07:55:32.596+0000] {processor.py:650} INFO - DAG(s) dict_keys(['latest_only']) retrieved from /home/airflow/.local/lib/python3.7/site-packages/airflow/example_dags/example_latest_only.py
[2022-09-07T07:55:32.683+0000] {logging_mixin.py:115} INFO - [2022-09-07T07:55:32.683+0000] {manager.py:508} INFO - Created Permission View: can delete on DAG:latest_only
[2022-09-07T07:55:32.696+0000] {logging_mixin.py:115} INFO - [2022-09-07T07:55:32.696+0000] {manager.py:508} INFO - Created Permission View: can read on DAG:latest_only
[2022-09-07T07:55:32.703+0000] {logging_mixin.py:115} INFO - [2022-09-07T07:55:32.703+0000] {manager.py:508} INFO - Created Permission View: can edit on DAG:latest_only
[2022-09-07T07:55:32.705+0000] {logging_mixin.py:115} INFO - [2022-09-07T07:55:32.704+0000] {dag.py:2429} INFO - Sync 1 DAGs
[2022-09-07T07:55:32.715+0000] {logging_mixin.py:115} INFO - [2022-09-07T07:55:32.714+0000] {dag.py:2448} INFO - Creating ORM DAG for latest_only
[2022-09-07T07:55:32.724+0000] {logging_mixin.py:115} INFO - [2022-09-07T07:55:32.724+0000] {dag.py:2981} INFO - Setting next_dagrun for latest_only to 2022-09-07T03:55:32.724028+00:00, run_after=2022-09-07T07:55:32.724028+00:00
[2022-09-07T07:55:32.743+0000] {processor.py:161} INFO - Processing /home/airflow/.local/lib/python3.7/site-packages/airflow/example_dags/example_latest_only.py took 0.163 seconds
[2022-09-07T07:56:03.660+0000] {processor.py:153} INFO - Started process (PID=106) to work on /home/airflow/.local/lib/python3.7/site-packages/airflow/example_dags/example_latest_only.py
[2022-09-07T07:56:03.662+0000] {processor.py:640} INFO - Processing file /home/airflow/.local/lib/python3.7/site-packages/airflow/example_dags/example_latest_only.py for tasks to queue
[2022-09-07T07:56:03.663+0000] {logging_mixin.py:115} INFO - [2022-09-07T07:56:03.663+0000] {dagbag.py:508} INFO - Filling up the DagBag from /home/airflow/.local/lib/python3.7/site-packages/airflow/example_dags/example_latest_only.py
[2022-09-07T07:56:03.667+0000] {processor.py:650} INFO - DAG(s) dict_keys(['latest_only']) retrieved from /home/airflow/.local/lib/python3.7/site-packages/airflow/example_dags/example_latest_only.py
[2022-09-07T07:56:03.684+0000] {logging_mixin.py:115} INFO - [2022-09-07T07:56:03.684+0000] {dag.py:2429} INFO - Sync 1 DAGs
[2022-09-07T07:56:03.698+0000] {logging_mixin.py:115} INFO - [2022-09-07T07:56:03.698+0000] {dag.py:2981} INFO - Setting next_dagrun for latest_only to 2022-09-07T03:56:03.698342+00:00, run_after=2022-09-07T07:56:03.698342+00:00
[2022-09-07T07:56:03.706+0000] {processor.py:161} INFO - Processing /home/airflow/.local/lib/python3.7/site-packages/airflow/example_dags/example_latest_only.py took 0.048 seconds
[2022-09-07T07:56:34.483+0000] {processor.py:153} INFO - Started process (PID=167) to work on /home/airflow/.local/lib/python3.7/site-packages/airflow/example_dags/example_latest_only.py
[2022-09-07T07:56:34.485+0000] {processor.py:640} INFO - Processing file /home/airflow/.local/lib/python3.7/site-packages/airflow/example_dags/example_latest_only.py for tasks to queue
[2022-09-07T07:56:34.486+0000] {logging_mixin.py:115} INFO - [2022-09-07T07:56:34.486+0000] {dagbag.py:508} INFO - Filling up the DagBag from /home/airflow/.local/lib/python3.7/site-packages/airflow/example_dags/example_latest_only.py
[2022-09-07T07:56:34.490+0000] {processor.py:650} INFO - DAG(s) dict_keys(['latest_only']) retrieved from /home/airflow/.local/lib/python3.7/site-packages/airflow/example_dags/example_latest_only.py
[2022-09-07T07:56:34.516+0000] {logging_mixin.py:115} INFO - [2022-09-07T07:56:34.516+0000] {dag.py:2429} INFO - Sync 1 DAGs
[2022-09-07T07:56:34.543+0000] {logging_mixin.py:115} INFO - [2022-09-07T07:56:34.543+0000] {dag.py:2981} INFO - Setting next_dagrun for latest_only to 2022-09-07T03:56:34.543340+00:00, run_after=2022-09-07T07:56:34.543340+00:00
[2022-09-07T07:56:34.553+0000] {processor.py:161} INFO - Processing /home/airflow/.local/lib/python3.7/site-packages/airflow/example_dags/example_latest_only.py took 0.074 seconds
[2022-09-07T07:57:05.082+0000] {processor.py:153} INFO - Started process (PID=228) to work on /home/airflow/.local/lib/python3.7/site-packages/airflow/example_dags/example_latest_only.py
[2022-09-07T07:57:05.084+0000] {processor.py:640} INFO - Processing file /home/airflow/.local/lib/python3.7/site-packages/airflow/example_dags/example_latest_only.py for tasks to queue
[2022-09-07T07:57:05.085+0000] {logging_mixin.py:115} INFO - [2022-09-07T07:57:05.085+0000] {dagbag.py:508} INFO - Filling up the DagBag from /home/airflow/.local/lib/python3.7/site-packages/airflow/example_dags/example_latest_only.py
[2022-09-07T07:57:05.090+0000] {processor.py:650} INFO - DAG(s) dict_keys(['latest_only']) retrieved from /home/airflow/.local/lib/python3.7/site-packages/airflow/example_dags/example_latest_only.py
[2022-09-07T07:57:05.108+0000] {logging_mixin.py:115} INFO - [2022-09-07T07:57:05.108+0000] {dag.py:2429} INFO - Sync 1 DAGs
[2022-09-07T07:57:05.122+0000] {logging_mixin.py:115} INFO - [2022-09-07T07:57:05.122+0000] {dag.py:2981} INFO - Setting next_dagrun for latest_only to 2022-09-07T03:57:05.122716+00:00, run_after=2022-09-07T07:57:05.122716+00:00
[2022-09-07T07:57:05.130+0000] {processor.py:161} INFO - Processing /home/airflow/.local/lib/python3.7/site-packages/airflow/example_dags/example_latest_only.py took 0.050 seconds
[2022-09-07T07:57:35.700+0000] {processor.py:153} INFO - Started process (PID=289) to work on /home/airflow/.local/lib/python3.7/site-packages/airflow/example_dags/example_latest_only.py
[2022-09-07T07:57:35.702+0000] {processor.py:640} INFO - Processing file /home/airflow/.local/lib/python3.7/site-packages/airflow/example_dags/example_latest_only.py for tasks to queue
[2022-09-07T07:57:35.705+0000] {logging_mixin.py:115} INFO - [2022-09-07T07:57:35.705+0000] {dagbag.py:508} INFO - Filling up the DagBag from /home/airflow/.local/lib/python3.7/site-packages/airflow/example_dags/example_latest_only.py
[2022-09-07T07:57:35.709+0000] {processor.py:650} INFO - DAG(s) dict_keys(['latest_only']) retrieved from /home/airflow/.local/lib/python3.7/site-packages/airflow/example_dags/example_latest_only.py
[2022-09-07T07:57:35.726+0000] {logging_mixin.py:115} INFO - [2022-09-07T07:57:35.726+0000] {dag.py:2429} INFO - Sync 1 DAGs
[2022-09-07T07:57:35.741+0000] {logging_mixin.py:115} INFO - [2022-09-07T07:57:35.741+0000] {dag.py:2981} INFO - Setting next_dagrun for latest_only to 2022-09-07T03:57:35.741627+00:00, run_after=2022-09-07T07:57:35.741627+00:00
[2022-09-07T07:57:35.750+0000] {processor.py:161} INFO - Processing /home/airflow/.local/lib/python3.7/site-packages/airflow/example_dags/example_latest_only.py took 0.053 seconds
[2022-09-07T07:58:06.496+0000] {processor.py:153} INFO - Started process (PID=341) to work on /home/airflow/.local/lib/python3.7/site-packages/airflow/example_dags/example_latest_only.py
[2022-09-07T07:58:06.498+0000] {processor.py:640} INFO - Processing file /home/airflow/.local/lib/python3.7/site-packages/airflow/example_dags/example_latest_only.py for tasks to queue
[2022-09-07T07:58:06.499+0000] {logging_mixin.py:115} INFO - [2022-09-07T07:58:06.499+0000] {dagbag.py:508} INFO - Filling up the DagBag from /home/airflow/.local/lib/python3.7/site-packages/airflow/example_dags/example_latest_only.py
[2022-09-07T07:58:06.503+0000] {processor.py:650} INFO - DAG(s) dict_keys(['latest_only']) retrieved from /home/airflow/.local/lib/python3.7/site-packages/airflow/example_dags/example_latest_only.py
[2022-09-07T07:58:06.521+0000] {logging_mixin.py:115} INFO - [2022-09-07T07:58:06.521+0000] {dag.py:2429} INFO - Sync 1 DAGs
[2022-09-07T07:58:06.535+0000] {logging_mixin.py:115} INFO - [2022-09-07T07:58:06.535+0000] {dag.py:2981} INFO - Setting next_dagrun for latest_only to 2022-09-07T03:58:06.535170+00:00, run_after=2022-09-07T07:58:06.535170+00:00
[2022-09-07T07:58:06.544+0000] {processor.py:161} INFO - Processing /home/airflow/.local/lib/python3.7/site-packages/airflow/example_dags/example_latest_only.py took 0.050 seconds
[2022-09-07T07:58:36.705+0000] {processor.py:153} INFO - Started process (PID=400) to work on /home/airflow/.local/lib/python3.7/site-packages/airflow/example_dags/example_latest_only.py
[2022-09-07T07:58:36.707+0000] {processor.py:640} INFO - Processing file /home/airflow/.local/lib/python3.7/site-packages/airflow/example_dags/example_latest_only.py for tasks to queue
[2022-09-07T07:58:36.708+0000] {logging_mixin.py:115} INFO - [2022-09-07T07:58:36.708+0000] {dagbag.py:508} INFO - Filling up the DagBag from /home/airflow/.local/lib/python3.7/site-packages/airflow/example_dags/example_latest_only.py
[2022-09-07T07:58:36.712+0000] {processor.py:650} INFO - DAG(s) dict_keys(['latest_only']) retrieved from /home/airflow/.local/lib/python3.7/site-packages/airflow/example_dags/example_latest_only.py
[2022-09-07T07:58:36.729+0000] {logging_mixin.py:115} INFO - [2022-09-07T07:58:36.728+0000] {dag.py:2429} INFO - Sync 1 DAGs
[2022-09-07T07:58:36.742+0000] {logging_mixin.py:115} INFO - [2022-09-07T07:58:36.742+0000] {dag.py:2981} INFO - Setting next_dagrun for latest_only to 2022-09-07T03:58:36.742497+00:00, run_after=2022-09-07T07:58:36.742497+00:00
[2022-09-07T07:58:36.750+0000] {processor.py:161} INFO - Processing /home/airflow/.local/lib/python3.7/site-packages/airflow/example_dags/example_latest_only.py took 0.047 seconds
[2022-09-07T07:59:07.679+0000] {processor.py:153} INFO - Started process (PID=461) to work on /home/airflow/.local/lib/python3.7/site-packages/airflow/example_dags/example_latest_only.py
[2022-09-07T07:59:07.681+0000] {processor.py:640} INFO - Processing file /home/airflow/.local/lib/python3.7/site-packages/airflow/example_dags/example_latest_only.py for tasks to queue
[2022-09-07T07:59:07.682+0000] {logging_mixin.py:115} INFO - [2022-09-07T07:59:07.682+0000] {dagbag.py:508} INFO - Filling up the DagBag from /home/airflow/.local/lib/python3.7/site-packages/airflow/example_dags/example_latest_only.py
[2022-09-07T07:59:07.685+0000] {processor.py:650} INFO - DAG(s) dict_keys(['latest_only']) retrieved from /home/airflow/.local/lib/python3.7/site-packages/airflow/example_dags/example_latest_only.py
[2022-09-07T07:59:07.704+0000] {logging_mixin.py:115} INFO - [2022-09-07T07:59:07.704+0000] {dag.py:2429} INFO - Sync 1 DAGs
[2022-09-07T07:59:07.720+0000] {logging_mixin.py:115} INFO - [2022-09-07T07:59:07.720+0000] {dag.py:2981} INFO - Setting next_dagrun for latest_only to 2022-09-07T03:59:07.719858+00:00, run_after=2022-09-07T07:59:07.719858+00:00
[2022-09-07T07:59:07.727+0000] {processor.py:161} INFO - Processing /home/airflow/.local/lib/python3.7/site-packages/airflow/example_dags/example_latest_only.py took 0.050 seconds
[2022-09-07T07:59:38.514+0000] {processor.py:153} INFO - Started process (PID=521) to work on /home/airflow/.local/lib/python3.7/site-packages/airflow/example_dags/example_latest_only.py
[2022-09-07T07:59:38.516+0000] {processor.py:640} INFO - Processing file /home/airflow/.local/lib/python3.7/site-packages/airflow/example_dags/example_latest_only.py for tasks to queue
[2022-09-07T07:59:38.517+0000] {logging_mixin.py:115} INFO - [2022-09-07T07:59:38.517+0000] {dagbag.py:508} INFO - Filling up the DagBag from /home/airflow/.local/lib/python3.7/site-packages/airflow/example_dags/example_latest_only.py
[2022-09-07T07:59:38.521+0000] {processor.py:650} INFO - DAG(s) dict_keys(['latest_only']) retrieved from /home/airflow/.local/lib/python3.7/site-packages/airflow/example_dags/example_latest_only.py
[2022-09-07T07:59:38.538+0000] {logging_mixin.py:115} INFO - [2022-09-07T07:59:38.538+0000] {dag.py:2429} INFO - Sync 1 DAGs
[2022-09-07T07:59:38.553+0000] {logging_mixin.py:115} INFO - [2022-09-07T07:59:38.553+0000] {dag.py:2981} INFO - Setting next_dagrun for latest_only to 2022-09-07T03:59:38.553081+00:00, run_after=2022-09-07T07:59:38.553081+00:00
[2022-09-07T07:59:38.560+0000] {processor.py:161} INFO - Processing /home/airflow/.local/lib/python3.7/site-packages/airflow/example_dags/example_latest_only.py took 0.048 seconds
[2022-09-07T08:00:09.417+0000] {processor.py:153} INFO - Started process (PID=582) to work on /home/airflow/.local/lib/python3.7/site-packages/airflow/example_dags/example_latest_only.py
[2022-09-07T08:00:09.419+0000] {processor.py:640} INFO - Processing file /home/airflow/.local/lib/python3.7/site-packages/airflow/example_dags/example_latest_only.py for tasks to queue
[2022-09-07T08:00:09.420+0000] {logging_mixin.py:115} INFO - [2022-09-07T08:00:09.420+0000] {dagbag.py:508} INFO - Filling up the DagBag from /home/airflow/.local/lib/python3.7/site-packages/airflow/example_dags/example_latest_only.py
[2022-09-07T08:00:09.425+0000] {processor.py:650} INFO - DAG(s) dict_keys(['latest_only']) retrieved from /home/airflow/.local/lib/python3.7/site-packages/airflow/example_dags/example_latest_only.py
[2022-09-07T08:00:09.444+0000] {logging_mixin.py:115} INFO - [2022-09-07T08:00:09.444+0000] {dag.py:2429} INFO - Sync 1 DAGs
[2022-09-07T08:00:09.460+0000] {logging_mixin.py:115} INFO - [2022-09-07T08:00:09.460+0000] {dag.py:2981} INFO - Setting next_dagrun for latest_only to 2022-09-07T04:00:09.460583+00:00, run_after=2022-09-07T08:00:09.460583+00:00
[2022-09-07T08:00:09.470+0000] {processor.py:161} INFO - Processing /home/airflow/.local/lib/python3.7/site-packages/airflow/example_dags/example_latest_only.py took 0.057 seconds
[2022-09-07T08:00:40.333+0000] {processor.py:153} INFO - Started process (PID=938) to work on /home/airflow/.local/lib/python3.7/site-packages/airflow/example_dags/example_latest_only.py
[2022-09-07T08:00:40.337+0000] {processor.py:640} INFO - Processing file /home/airflow/.local/lib/python3.7/site-packages/airflow/example_dags/example_latest_only.py for tasks to queue
[2022-09-07T08:00:40.338+0000] {logging_mixin.py:115} INFO - [2022-09-07T08:00:40.338+0000] {dagbag.py:508} INFO - Filling up the DagBag from /home/airflow/.local/lib/python3.7/site-packages/airflow/example_dags/example_latest_only.py
[2022-09-07T08:00:40.342+0000] {processor.py:650} INFO - DAG(s) dict_keys(['latest_only']) retrieved from /home/airflow/.local/lib/python3.7/site-packages/airflow/example_dags/example_latest_only.py
[2022-09-07T08:00:40.363+0000] {logging_mixin.py:115} INFO - [2022-09-07T08:00:40.363+0000] {dag.py:2429} INFO - Sync 1 DAGs
[2022-09-07T08:00:40.379+0000] {logging_mixin.py:115} INFO - [2022-09-07T08:00:40.379+0000] {dag.py:2981} INFO - Setting next_dagrun for latest_only to 2022-09-07T04:00:40.379354+00:00, run_after=2022-09-07T08:00:40.379354+00:00
[2022-09-07T08:00:40.390+0000] {processor.py:161} INFO - Processing /home/airflow/.local/lib/python3.7/site-packages/airflow/example_dags/example_latest_only.py took 0.061 seconds
[2022-09-07T08:01:11.075+0000] {processor.py:153} INFO - Started process (PID=2087) to work on /home/airflow/.local/lib/python3.7/site-packages/airflow/example_dags/example_latest_only.py
[2022-09-07T08:01:11.076+0000] {processor.py:640} INFO - Processing file /home/airflow/.local/lib/python3.7/site-packages/airflow/example_dags/example_latest_only.py for tasks to queue
[2022-09-07T08:01:11.077+0000] {logging_mixin.py:115} INFO - [2022-09-07T08:01:11.077+0000] {dagbag.py:508} INFO - Filling up the DagBag from /home/airflow/.local/lib/python3.7/site-packages/airflow/example_dags/example_latest_only.py
[2022-09-07T08:01:11.082+0000] {processor.py:650} INFO - DAG(s) dict_keys(['latest_only']) retrieved from /home/airflow/.local/lib/python3.7/site-packages/airflow/example_dags/example_latest_only.py
[2022-09-07T08:01:11.100+0000] {logging_mixin.py:115} INFO - [2022-09-07T08:01:11.100+0000] {dag.py:2429} INFO - Sync 1 DAGs
[2022-09-07T08:01:11.114+0000] {logging_mixin.py:115} INFO - [2022-09-07T08:01:11.114+0000] {dag.py:2981} INFO - Setting next_dagrun for latest_only to 2022-09-07T04:01:11.114139+00:00, run_after=2022-09-07T08:01:11.114139+00:00
[2022-09-07T08:01:11.122+0000] {processor.py:161} INFO - Processing /home/airflow/.local/lib/python3.7/site-packages/airflow/example_dags/example_latest_only.py took 0.050 seconds
[2022-09-07T08:01:41.852+0000] {processor.py:153} INFO - Started process (PID=2334) to work on /home/airflow/.local/lib/python3.7/site-packages/airflow/example_dags/example_latest_only.py
[2022-09-07T08:01:41.854+0000] {processor.py:640} INFO - Processing file /home/airflow/.local/lib/python3.7/site-packages/airflow/example_dags/example_latest_only.py for tasks to queue
[2022-09-07T08:01:41.857+0000] {logging_mixin.py:115} INFO - [2022-09-07T08:01:41.857+0000] {dagbag.py:508} INFO - Filling up the DagBag from /home/airflow/.local/lib/python3.7/site-packages/airflow/example_dags/example_latest_only.py
[2022-09-07T08:01:41.861+0000] {processor.py:650} INFO - DAG(s) dict_keys(['latest_only']) retrieved from /home/airflow/.local/lib/python3.7/site-packages/airflow/example_dags/example_latest_only.py
[2022-09-07T08:01:41.878+0000] {logging_mixin.py:115} INFO - [2022-09-07T08:01:41.878+0000] {dag.py:2429} INFO - Sync 1 DAGs
[2022-09-07T08:01:41.892+0000] {logging_mixin.py:115} INFO - [2022-09-07T08:01:41.892+0000] {dag.py:2981} INFO - Setting next_dagrun for latest_only to 2022-09-07T04:01:41.892502+00:00, run_after=2022-09-07T08:01:41.892502+00:00
[2022-09-07T08:01:41.900+0000] {processor.py:161} INFO - Processing /home/airflow/.local/lib/python3.7/site-packages/airflow/example_dags/example_latest_only.py took 0.050 seconds
[2022-09-07T08:02:12.656+0000] {processor.py:153} INFO - Started process (PID=2396) to work on /home/airflow/.local/lib/python3.7/site-packages/airflow/example_dags/example_latest_only.py
[2022-09-07T08:02:12.657+0000] {processor.py:640} INFO - Processing file /home/airflow/.local/lib/python3.7/site-packages/airflow/example_dags/example_latest_only.py for tasks to queue
[2022-09-07T08:02:12.658+0000] {logging_mixin.py:115} INFO - [2022-09-07T08:02:12.658+0000] {dagbag.py:508} INFO - Filling up the DagBag from /home/airflow/.local/lib/python3.7/site-packages/airflow/example_dags/example_latest_only.py
[2022-09-07T08:02:12.663+0000] {processor.py:650} INFO - DAG(s) dict_keys(['latest_only']) retrieved from /home/airflow/.local/lib/python3.7/site-packages/airflow/example_dags/example_latest_only.py
[2022-09-07T08:02:12.681+0000] {logging_mixin.py:115} INFO - [2022-09-07T08:02:12.681+0000] {dag.py:2429} INFO - Sync 1 DAGs
[2022-09-07T08:02:12.695+0000] {logging_mixin.py:115} INFO - [2022-09-07T08:02:12.694+0000] {dag.py:2981} INFO - Setting next_dagrun for latest_only to 2022-09-07T04:02:12.694802+00:00, run_after=2022-09-07T08:02:12.694802+00:00
[2022-09-07T08:02:12.702+0000] {processor.py:161} INFO - Processing /home/airflow/.local/lib/python3.7/site-packages/airflow/example_dags/example_latest_only.py took 0.048 seconds
[2022-09-07T08:02:43.497+0000] {processor.py:153} INFO - Started process (PID=2456) to work on /home/airflow/.local/lib/python3.7/site-packages/airflow/example_dags/example_latest_only.py
[2022-09-07T08:02:43.499+0000] {processor.py:640} INFO - Processing file /home/airflow/.local/lib/python3.7/site-packages/airflow/example_dags/example_latest_only.py for tasks to queue
[2022-09-07T08:02:43.500+0000] {logging_mixin.py:115} INFO - [2022-09-07T08:02:43.500+0000] {dagbag.py:508} INFO - Filling up the DagBag from /home/airflow/.local/lib/python3.7/site-packages/airflow/example_dags/example_latest_only.py
[2022-09-07T08:02:43.504+0000] {processor.py:650} INFO - DAG(s) dict_keys(['latest_only']) retrieved from /home/airflow/.local/lib/python3.7/site-packages/airflow/example_dags/example_latest_only.py
[2022-09-07T08:02:43.526+0000] {logging_mixin.py:115} INFO - [2022-09-07T08:02:43.526+0000] {dag.py:2429} INFO - Sync 1 DAGs
[2022-09-07T08:02:43.542+0000] {logging_mixin.py:115} INFO - [2022-09-07T08:02:43.542+0000] {dag.py:2981} INFO - Setting next_dagrun for latest_only to 2022-09-07T04:02:43.542650+00:00, run_after=2022-09-07T08:02:43.542650+00:00
[2022-09-07T08:02:43.553+0000] {processor.py:161} INFO - Processing /home/airflow/.local/lib/python3.7/site-packages/airflow/example_dags/example_latest_only.py took 0.059 seconds
[2022-09-07T08:03:14.249+0000] {processor.py:153} INFO - Started process (PID=2516) to work on /home/airflow/.local/lib/python3.7/site-packages/airflow/example_dags/example_latest_only.py
[2022-09-07T08:03:14.250+0000] {processor.py:640} INFO - Processing file /home/airflow/.local/lib/python3.7/site-packages/airflow/example_dags/example_latest_only.py for tasks to queue
[2022-09-07T08:03:14.251+0000] {logging_mixin.py:115} INFO - [2022-09-07T08:03:14.251+0000] {dagbag.py:508} INFO - Filling up the DagBag from /home/airflow/.local/lib/python3.7/site-packages/airflow/example_dags/example_latest_only.py
[2022-09-07T08:03:14.256+0000] {processor.py:650} INFO - DAG(s) dict_keys(['latest_only']) retrieved from /home/airflow/.local/lib/python3.7/site-packages/airflow/example_dags/example_latest_only.py
[2022-09-07T08:03:14.279+0000] {logging_mixin.py:115} INFO - [2022-09-07T08:03:14.279+0000] {dag.py:2429} INFO - Sync 1 DAGs
[2022-09-07T08:03:14.294+0000] {logging_mixin.py:115} INFO - [2022-09-07T08:03:14.294+0000] {dag.py:2981} INFO - Setting next_dagrun for latest_only to 2022-09-07T04:03:14.293992+00:00, run_after=2022-09-07T08:03:14.293992+00:00
[2022-09-07T08:03:14.303+0000] {processor.py:161} INFO - Processing /home/airflow/.local/lib/python3.7/site-packages/airflow/example_dags/example_latest_only.py took 0.057 seconds
[2022-09-07T08:03:45.045+0000] {processor.py:153} INFO - Started process (PID=2577) to work on /home/airflow/.local/lib/python3.7/site-packages/airflow/example_dags/example_latest_only.py
[2022-09-07T08:03:45.049+0000] {processor.py:640} INFO - Processing file /home/airflow/.local/lib/python3.7/site-packages/airflow/example_dags/example_latest_only.py for tasks to queue
[2022-09-07T08:03:45.050+0000] {logging_mixin.py:115} INFO - [2022-09-07T08:03:45.050+0000] {dagbag.py:508} INFO - Filling up the DagBag from /home/airflow/.local/lib/python3.7/site-packages/airflow/example_dags/example_latest_only.py
[2022-09-07T08:03:45.055+0000] {processor.py:650} INFO - DAG(s) dict_keys(['latest_only']) retrieved from /home/airflow/.local/lib/python3.7/site-packages/airflow/example_dags/example_latest_only.py
[2022-09-07T08:03:45.081+0000] {logging_mixin.py:115} INFO - [2022-09-07T08:03:45.080+0000] {dag.py:2429} INFO - Sync 1 DAGs
[2022-09-07T08:03:45.095+0000] {logging_mixin.py:115} INFO - [2022-09-07T08:03:45.095+0000] {dag.py:2981} INFO - Setting next_dagrun for latest_only to 2022-09-07T04:03:45.095150+00:00, run_after=2022-09-07T08:03:45.095150+00:00
[2022-09-07T08:03:45.106+0000] {processor.py:161} INFO - Processing /home/airflow/.local/lib/python3.7/site-packages/airflow/example_dags/example_latest_only.py took 0.063 seconds
[2022-09-07T08:04:15.734+0000] {processor.py:153} INFO - Started process (PID=2629) to work on /home/airflow/.local/lib/python3.7/site-packages/airflow/example_dags/example_latest_only.py
[2022-09-07T08:04:15.736+0000] {processor.py:640} INFO - Processing file /home/airflow/.local/lib/python3.7/site-packages/airflow/example_dags/example_latest_only.py for tasks to queue
[2022-09-07T08:04:15.737+0000] {logging_mixin.py:115} INFO - [2022-09-07T08:04:15.737+0000] {dagbag.py:508} INFO - Filling up the DagBag from /home/airflow/.local/lib/python3.7/site-packages/airflow/example_dags/example_latest_only.py
[2022-09-07T08:04:15.741+0000] {processor.py:650} INFO - DAG(s) dict_keys(['latest_only']) retrieved from /home/airflow/.local/lib/python3.7/site-packages/airflow/example_dags/example_latest_only.py
[2022-09-07T08:04:15.760+0000] {logging_mixin.py:115} INFO - [2022-09-07T08:04:15.759+0000] {dag.py:2429} INFO - Sync 1 DAGs
[2022-09-07T08:04:15.775+0000] {logging_mixin.py:115} INFO - [2022-09-07T08:04:15.774+0000] {dag.py:2981} INFO - Setting next_dagrun for latest_only to 2022-09-07T04:04:15.774747+00:00, run_after=2022-09-07T08:04:15.774747+00:00
[2022-09-07T08:04:15.783+0000] {processor.py:161} INFO - Processing /home/airflow/.local/lib/python3.7/site-packages/airflow/example_dags/example_latest_only.py took 0.052 seconds
[2022-09-07T16:21:01.426+0000] {processor.py:153} INFO - Started process (PID=62) to work on /home/airflow/.local/lib/python3.7/site-packages/airflow/example_dags/example_latest_only.py
[2022-09-07T16:21:01.427+0000] {processor.py:640} INFO - Processing file /home/airflow/.local/lib/python3.7/site-packages/airflow/example_dags/example_latest_only.py for tasks to queue
[2022-09-07T16:21:01.428+0000] {logging_mixin.py:115} INFO - [2022-09-07T16:21:01.428+0000] {dagbag.py:508} INFO - Filling up the DagBag from /home/airflow/.local/lib/python3.7/site-packages/airflow/example_dags/example_latest_only.py
[2022-09-07T16:21:01.434+0000] {processor.py:650} INFO - DAG(s) dict_keys(['latest_only']) retrieved from /home/airflow/.local/lib/python3.7/site-packages/airflow/example_dags/example_latest_only.py
[2022-09-07T16:21:01.450+0000] {logging_mixin.py:115} INFO - [2022-09-07T16:21:01.450+0000] {dag.py:2429} INFO - Sync 1 DAGs
[2022-09-07T16:21:01.464+0000] {logging_mixin.py:115} INFO - [2022-09-07T16:21:01.464+0000] {dag.py:2981} INFO - Setting next_dagrun for latest_only to 2022-09-07T12:21:01.464698+00:00, run_after=2022-09-07T16:21:01.464698+00:00
[2022-09-07T16:21:01.472+0000] {processor.py:161} INFO - Processing /home/airflow/.local/lib/python3.7/site-packages/airflow/example_dags/example_latest_only.py took 0.048 seconds
[2022-09-07T16:21:32.070+0000] {processor.py:153} INFO - Started process (PID=122) to work on /home/airflow/.local/lib/python3.7/site-packages/airflow/example_dags/example_latest_only.py
[2022-09-07T16:21:32.072+0000] {processor.py:640} INFO - Processing file /home/airflow/.local/lib/python3.7/site-packages/airflow/example_dags/example_latest_only.py for tasks to queue
[2022-09-07T16:21:32.074+0000] {logging_mixin.py:115} INFO - [2022-09-07T16:21:32.073+0000] {dagbag.py:508} INFO - Filling up the DagBag from /home/airflow/.local/lib/python3.7/site-packages/airflow/example_dags/example_latest_only.py
[2022-09-07T16:21:32.078+0000] {processor.py:650} INFO - DAG(s) dict_keys(['latest_only']) retrieved from /home/airflow/.local/lib/python3.7/site-packages/airflow/example_dags/example_latest_only.py
[2022-09-07T16:21:32.096+0000] {logging_mixin.py:115} INFO - [2022-09-07T16:21:32.096+0000] {dag.py:2429} INFO - Sync 1 DAGs
[2022-09-07T16:21:32.111+0000] {logging_mixin.py:115} INFO - [2022-09-07T16:21:32.111+0000] {dag.py:2981} INFO - Setting next_dagrun for latest_only to 2022-09-07T12:21:32.111278+00:00, run_after=2022-09-07T16:21:32.111278+00:00
[2022-09-07T16:21:32.119+0000] {processor.py:161} INFO - Processing /home/airflow/.local/lib/python3.7/site-packages/airflow/example_dags/example_latest_only.py took 0.051 seconds
[2022-09-07T16:22:02.715+0000] {processor.py:153} INFO - Started process (PID=577) to work on /home/airflow/.local/lib/python3.7/site-packages/airflow/example_dags/example_latest_only.py
[2022-09-07T16:22:02.716+0000] {processor.py:640} INFO - Processing file /home/airflow/.local/lib/python3.7/site-packages/airflow/example_dags/example_latest_only.py for tasks to queue
[2022-09-07T16:22:02.718+0000] {logging_mixin.py:115} INFO - [2022-09-07T16:22:02.718+0000] {dagbag.py:508} INFO - Filling up the DagBag from /home/airflow/.local/lib/python3.7/site-packages/airflow/example_dags/example_latest_only.py
[2022-09-07T16:22:02.722+0000] {processor.py:650} INFO - DAG(s) dict_keys(['latest_only']) retrieved from /home/airflow/.local/lib/python3.7/site-packages/airflow/example_dags/example_latest_only.py
[2022-09-07T16:22:02.740+0000] {logging_mixin.py:115} INFO - [2022-09-07T16:22:02.740+0000] {dag.py:2429} INFO - Sync 1 DAGs
[2022-09-07T16:22:02.754+0000] {logging_mixin.py:115} INFO - [2022-09-07T16:22:02.754+0000] {dag.py:2981} INFO - Setting next_dagrun for latest_only to 2022-09-07T12:22:02.754299+00:00, run_after=2022-09-07T16:22:02.754299+00:00
[2022-09-07T16:22:02.763+0000] {processor.py:161} INFO - Processing /home/airflow/.local/lib/python3.7/site-packages/airflow/example_dags/example_latest_only.py took 0.051 seconds
[2022-09-07T16:22:32.908+0000] {processor.py:153} INFO - Started process (PID=1273) to work on /home/airflow/.local/lib/python3.7/site-packages/airflow/example_dags/example_latest_only.py
[2022-09-07T16:22:32.910+0000] {processor.py:640} INFO - Processing file /home/airflow/.local/lib/python3.7/site-packages/airflow/example_dags/example_latest_only.py for tasks to queue
[2022-09-07T16:22:32.911+0000] {logging_mixin.py:115} INFO - [2022-09-07T16:22:32.911+0000] {dagbag.py:508} INFO - Filling up the DagBag from /home/airflow/.local/lib/python3.7/site-packages/airflow/example_dags/example_latest_only.py
[2022-09-07T16:22:32.916+0000] {processor.py:650} INFO - DAG(s) dict_keys(['latest_only']) retrieved from /home/airflow/.local/lib/python3.7/site-packages/airflow/example_dags/example_latest_only.py
[2022-09-07T16:22:32.935+0000] {logging_mixin.py:115} INFO - [2022-09-07T16:22:32.934+0000] {dag.py:2429} INFO - Sync 1 DAGs
[2022-09-07T16:22:32.949+0000] {logging_mixin.py:115} INFO - [2022-09-07T16:22:32.949+0000] {dag.py:2981} INFO - Setting next_dagrun for latest_only to 2022-09-07T12:22:32.949697+00:00, run_after=2022-09-07T16:22:32.949697+00:00
[2022-09-07T16:22:32.958+0000] {processor.py:161} INFO - Processing /home/airflow/.local/lib/python3.7/site-packages/airflow/example_dags/example_latest_only.py took 0.052 seconds
[2022-09-07T16:23:03.749+0000] {processor.py:153} INFO - Started process (PID=1805) to work on /home/airflow/.local/lib/python3.7/site-packages/airflow/example_dags/example_latest_only.py
[2022-09-07T16:23:03.751+0000] {processor.py:640} INFO - Processing file /home/airflow/.local/lib/python3.7/site-packages/airflow/example_dags/example_latest_only.py for tasks to queue
[2022-09-07T16:23:03.752+0000] {logging_mixin.py:115} INFO - [2022-09-07T16:23:03.752+0000] {dagbag.py:508} INFO - Filling up the DagBag from /home/airflow/.local/lib/python3.7/site-packages/airflow/example_dags/example_latest_only.py
[2022-09-07T16:23:03.756+0000] {processor.py:650} INFO - DAG(s) dict_keys(['latest_only']) retrieved from /home/airflow/.local/lib/python3.7/site-packages/airflow/example_dags/example_latest_only.py
[2022-09-07T16:23:03.777+0000] {logging_mixin.py:115} INFO - [2022-09-07T16:23:03.776+0000] {dag.py:2429} INFO - Sync 1 DAGs
[2022-09-07T16:23:03.796+0000] {logging_mixin.py:115} INFO - [2022-09-07T16:23:03.795+0000] {dag.py:2981} INFO - Setting next_dagrun for latest_only to 2022-09-07T12:23:03.795764+00:00, run_after=2022-09-07T16:23:03.795764+00:00
[2022-09-07T16:23:03.804+0000] {processor.py:161} INFO - Processing /home/airflow/.local/lib/python3.7/site-packages/airflow/example_dags/example_latest_only.py took 0.057 seconds
[2022-09-07T16:23:34.469+0000] {processor.py:153} INFO - Started process (PID=2174) to work on /home/airflow/.local/lib/python3.7/site-packages/airflow/example_dags/example_latest_only.py
[2022-09-07T16:23:34.471+0000] {processor.py:640} INFO - Processing file /home/airflow/.local/lib/python3.7/site-packages/airflow/example_dags/example_latest_only.py for tasks to queue
[2022-09-07T16:23:34.472+0000] {logging_mixin.py:115} INFO - [2022-09-07T16:23:34.472+0000] {dagbag.py:508} INFO - Filling up the DagBag from /home/airflow/.local/lib/python3.7/site-packages/airflow/example_dags/example_latest_only.py
[2022-09-07T16:23:34.476+0000] {processor.py:650} INFO - DAG(s) dict_keys(['latest_only']) retrieved from /home/airflow/.local/lib/python3.7/site-packages/airflow/example_dags/example_latest_only.py
[2022-09-07T16:23:34.496+0000] {logging_mixin.py:115} INFO - [2022-09-07T16:23:34.495+0000] {dag.py:2429} INFO - Sync 1 DAGs
[2022-09-07T16:23:34.511+0000] {logging_mixin.py:115} INFO - [2022-09-07T16:23:34.510+0000] {dag.py:2981} INFO - Setting next_dagrun for latest_only to 2022-09-07T12:23:34.510687+00:00, run_after=2022-09-07T16:23:34.510687+00:00
[2022-09-07T16:23:34.519+0000] {processor.py:161} INFO - Processing /home/airflow/.local/lib/python3.7/site-packages/airflow/example_dags/example_latest_only.py took 0.053 seconds
[2022-09-07T16:24:05.065+0000] {processor.py:153} INFO - Started process (PID=2551) to work on /home/airflow/.local/lib/python3.7/site-packages/airflow/example_dags/example_latest_only.py
[2022-09-07T16:24:05.066+0000] {processor.py:640} INFO - Processing file /home/airflow/.local/lib/python3.7/site-packages/airflow/example_dags/example_latest_only.py for tasks to queue
[2022-09-07T16:24:05.068+0000] {logging_mixin.py:115} INFO - [2022-09-07T16:24:05.068+0000] {dagbag.py:508} INFO - Filling up the DagBag from /home/airflow/.local/lib/python3.7/site-packages/airflow/example_dags/example_latest_only.py
[2022-09-07T16:24:05.072+0000] {processor.py:650} INFO - DAG(s) dict_keys(['latest_only']) retrieved from /home/airflow/.local/lib/python3.7/site-packages/airflow/example_dags/example_latest_only.py
[2022-09-07T16:24:05.088+0000] {logging_mixin.py:115} INFO - [2022-09-07T16:24:05.088+0000] {dag.py:2429} INFO - Sync 1 DAGs
[2022-09-07T16:24:05.102+0000] {logging_mixin.py:115} INFO - [2022-09-07T16:24:05.102+0000] {dag.py:2981} INFO - Setting next_dagrun for latest_only to 2022-09-07T12:24:05.102192+00:00, run_after=2022-09-07T16:24:05.102192+00:00
[2022-09-07T16:24:05.110+0000] {processor.py:161} INFO - Processing /home/airflow/.local/lib/python3.7/site-packages/airflow/example_dags/example_latest_only.py took 0.047 seconds
[2022-09-07T16:24:35.683+0000] {processor.py:153} INFO - Started process (PID=2918) to work on /home/airflow/.local/lib/python3.7/site-packages/airflow/example_dags/example_latest_only.py
[2022-09-07T16:24:35.685+0000] {processor.py:640} INFO - Processing file /home/airflow/.local/lib/python3.7/site-packages/airflow/example_dags/example_latest_only.py for tasks to queue
[2022-09-07T16:24:35.686+0000] {logging_mixin.py:115} INFO - [2022-09-07T16:24:35.686+0000] {dagbag.py:508} INFO - Filling up the DagBag from /home/airflow/.local/lib/python3.7/site-packages/airflow/example_dags/example_latest_only.py
[2022-09-07T16:24:35.690+0000] {processor.py:650} INFO - DAG(s) dict_keys(['latest_only']) retrieved from /home/airflow/.local/lib/python3.7/site-packages/airflow/example_dags/example_latest_only.py
[2022-09-07T16:24:35.707+0000] {logging_mixin.py:115} INFO - [2022-09-07T16:24:35.707+0000] {dag.py:2429} INFO - Sync 1 DAGs
[2022-09-07T16:24:35.724+0000] {logging_mixin.py:115} INFO - [2022-09-07T16:24:35.724+0000] {dag.py:2981} INFO - Setting next_dagrun for latest_only to 2022-09-07T12:24:35.723940+00:00, run_after=2022-09-07T16:24:35.723940+00:00
[2022-09-07T16:24:35.734+0000] {processor.py:161} INFO - Processing /home/airflow/.local/lib/python3.7/site-packages/airflow/example_dags/example_latest_only.py took 0.054 seconds
[2022-09-07T16:25:06.741+0000] {processor.py:153} INFO - Started process (PID=3246) to work on /home/airflow/.local/lib/python3.7/site-packages/airflow/example_dags/example_latest_only.py
[2022-09-07T16:25:06.744+0000] {processor.py:640} INFO - Processing file /home/airflow/.local/lib/python3.7/site-packages/airflow/example_dags/example_latest_only.py for tasks to queue
[2022-09-07T16:25:06.745+0000] {logging_mixin.py:115} INFO - [2022-09-07T16:25:06.745+0000] {dagbag.py:508} INFO - Filling up the DagBag from /home/airflow/.local/lib/python3.7/site-packages/airflow/example_dags/example_latest_only.py
[2022-09-07T16:25:06.751+0000] {processor.py:650} INFO - DAG(s) dict_keys(['latest_only']) retrieved from /home/airflow/.local/lib/python3.7/site-packages/airflow/example_dags/example_latest_only.py
[2022-09-07T16:25:06.778+0000] {logging_mixin.py:115} INFO - [2022-09-07T16:25:06.778+0000] {dag.py:2429} INFO - Sync 1 DAGs
[2022-09-07T16:25:06.810+0000] {logging_mixin.py:115} INFO - [2022-09-07T16:25:06.810+0000] {dag.py:2981} INFO - Setting next_dagrun for latest_only to 2022-09-07T12:25:06.809900+00:00, run_after=2022-09-07T16:25:06.809900+00:00
[2022-09-07T16:25:06.823+0000] {processor.py:161} INFO - Processing /home/airflow/.local/lib/python3.7/site-packages/airflow/example_dags/example_latest_only.py took 0.085 seconds
[2022-09-07T16:25:36.879+0000] {processor.py:153} INFO - Started process (PID=3307) to work on /home/airflow/.local/lib/python3.7/site-packages/airflow/example_dags/example_latest_only.py
[2022-09-07T16:25:36.882+0000] {processor.py:640} INFO - Processing file /home/airflow/.local/lib/python3.7/site-packages/airflow/example_dags/example_latest_only.py for tasks to queue
[2022-09-07T16:25:36.883+0000] {logging_mixin.py:115} INFO - [2022-09-07T16:25:36.883+0000] {dagbag.py:508} INFO - Filling up the DagBag from /home/airflow/.local/lib/python3.7/site-packages/airflow/example_dags/example_latest_only.py
[2022-09-07T16:25:36.887+0000] {processor.py:650} INFO - DAG(s) dict_keys(['latest_only']) retrieved from /home/airflow/.local/lib/python3.7/site-packages/airflow/example_dags/example_latest_only.py
[2022-09-07T16:25:36.907+0000] {logging_mixin.py:115} INFO - [2022-09-07T16:25:36.907+0000] {dag.py:2429} INFO - Sync 1 DAGs
[2022-09-07T16:25:36.921+0000] {logging_mixin.py:115} INFO - [2022-09-07T16:25:36.921+0000] {dag.py:2981} INFO - Setting next_dagrun for latest_only to 2022-09-07T12:25:36.921664+00:00, run_after=2022-09-07T16:25:36.921664+00:00
[2022-09-07T16:25:36.933+0000] {processor.py:161} INFO - Processing /home/airflow/.local/lib/python3.7/site-packages/airflow/example_dags/example_latest_only.py took 0.056 seconds
[2022-09-07T16:26:07.209+0000] {processor.py:153} INFO - Started process (PID=3360) to work on /home/airflow/.local/lib/python3.7/site-packages/airflow/example_dags/example_latest_only.py
[2022-09-07T16:26:07.211+0000] {processor.py:640} INFO - Processing file /home/airflow/.local/lib/python3.7/site-packages/airflow/example_dags/example_latest_only.py for tasks to queue
[2022-09-07T16:26:07.213+0000] {logging_mixin.py:115} INFO - [2022-09-07T16:26:07.213+0000] {dagbag.py:508} INFO - Filling up the DagBag from /home/airflow/.local/lib/python3.7/site-packages/airflow/example_dags/example_latest_only.py
[2022-09-07T16:26:07.218+0000] {processor.py:650} INFO - DAG(s) dict_keys(['latest_only']) retrieved from /home/airflow/.local/lib/python3.7/site-packages/airflow/example_dags/example_latest_only.py
[2022-09-07T16:26:07.241+0000] {logging_mixin.py:115} INFO - [2022-09-07T16:26:07.241+0000] {dag.py:2429} INFO - Sync 1 DAGs
[2022-09-07T16:26:07.259+0000] {logging_mixin.py:115} INFO - [2022-09-07T16:26:07.259+0000] {dag.py:2981} INFO - Setting next_dagrun for latest_only to 2022-09-07T12:26:07.258883+00:00, run_after=2022-09-07T16:26:07.258883+00:00
[2022-09-07T16:26:07.268+0000] {processor.py:161} INFO - Processing /home/airflow/.local/lib/python3.7/site-packages/airflow/example_dags/example_latest_only.py took 0.061 seconds
[2022-09-07T16:26:38.274+0000] {processor.py:153} INFO - Started process (PID=3421) to work on /home/airflow/.local/lib/python3.7/site-packages/airflow/example_dags/example_latest_only.py
[2022-09-07T16:26:38.275+0000] {processor.py:640} INFO - Processing file /home/airflow/.local/lib/python3.7/site-packages/airflow/example_dags/example_latest_only.py for tasks to queue
[2022-09-07T16:26:38.277+0000] {logging_mixin.py:115} INFO - [2022-09-07T16:26:38.276+0000] {dagbag.py:508} INFO - Filling up the DagBag from /home/airflow/.local/lib/python3.7/site-packages/airflow/example_dags/example_latest_only.py
[2022-09-07T16:26:38.281+0000] {processor.py:650} INFO - DAG(s) dict_keys(['latest_only']) retrieved from /home/airflow/.local/lib/python3.7/site-packages/airflow/example_dags/example_latest_only.py
[2022-09-07T16:26:38.304+0000] {logging_mixin.py:115} INFO - [2022-09-07T16:26:38.304+0000] {dag.py:2429} INFO - Sync 1 DAGs
[2022-09-07T16:26:38.321+0000] {logging_mixin.py:115} INFO - [2022-09-07T16:26:38.321+0000] {dag.py:2981} INFO - Setting next_dagrun for latest_only to 2022-09-07T12:26:38.321539+00:00, run_after=2022-09-07T16:26:38.321539+00:00
[2022-09-07T16:26:38.331+0000] {processor.py:161} INFO - Processing /home/airflow/.local/lib/python3.7/site-packages/airflow/example_dags/example_latest_only.py took 0.059 seconds
[2022-09-07T16:27:08.848+0000] {processor.py:153} INFO - Started process (PID=3482) to work on /home/airflow/.local/lib/python3.7/site-packages/airflow/example_dags/example_latest_only.py
[2022-09-07T16:27:08.851+0000] {processor.py:640} INFO - Processing file /home/airflow/.local/lib/python3.7/site-packages/airflow/example_dags/example_latest_only.py for tasks to queue
[2022-09-07T16:27:08.852+0000] {logging_mixin.py:115} INFO - [2022-09-07T16:27:08.852+0000] {dagbag.py:508} INFO - Filling up the DagBag from /home/airflow/.local/lib/python3.7/site-packages/airflow/example_dags/example_latest_only.py
[2022-09-07T16:27:08.856+0000] {processor.py:650} INFO - DAG(s) dict_keys(['latest_only']) retrieved from /home/airflow/.local/lib/python3.7/site-packages/airflow/example_dags/example_latest_only.py
[2022-09-07T16:27:08.875+0000] {logging_mixin.py:115} INFO - [2022-09-07T16:27:08.875+0000] {dag.py:2429} INFO - Sync 1 DAGs
[2022-09-07T16:27:08.890+0000] {logging_mixin.py:115} INFO - [2022-09-07T16:27:08.890+0000] {dag.py:2981} INFO - Setting next_dagrun for latest_only to 2022-09-07T12:27:08.889870+00:00, run_after=2022-09-07T16:27:08.889870+00:00
[2022-09-07T16:27:08.898+0000] {processor.py:161} INFO - Processing /home/airflow/.local/lib/python3.7/site-packages/airflow/example_dags/example_latest_only.py took 0.052 seconds
[2022-09-07T16:27:39.582+0000] {processor.py:153} INFO - Started process (PID=3544) to work on /home/airflow/.local/lib/python3.7/site-packages/airflow/example_dags/example_latest_only.py
[2022-09-07T16:27:39.584+0000] {processor.py:640} INFO - Processing file /home/airflow/.local/lib/python3.7/site-packages/airflow/example_dags/example_latest_only.py for tasks to queue
[2022-09-07T16:27:39.585+0000] {logging_mixin.py:115} INFO - [2022-09-07T16:27:39.585+0000] {dagbag.py:508} INFO - Filling up the DagBag from /home/airflow/.local/lib/python3.7/site-packages/airflow/example_dags/example_latest_only.py
[2022-09-07T16:27:39.589+0000] {processor.py:650} INFO - DAG(s) dict_keys(['latest_only']) retrieved from /home/airflow/.local/lib/python3.7/site-packages/airflow/example_dags/example_latest_only.py
[2022-09-07T16:27:39.607+0000] {logging_mixin.py:115} INFO - [2022-09-07T16:27:39.607+0000] {dag.py:2429} INFO - Sync 1 DAGs
[2022-09-07T16:27:39.622+0000] {logging_mixin.py:115} INFO - [2022-09-07T16:27:39.622+0000] {dag.py:2981} INFO - Setting next_dagrun for latest_only to 2022-09-07T12:27:39.622004+00:00, run_after=2022-09-07T16:27:39.622004+00:00
[2022-09-07T16:27:39.631+0000] {processor.py:161} INFO - Processing /home/airflow/.local/lib/python3.7/site-packages/airflow/example_dags/example_latest_only.py took 0.051 seconds
[2022-09-07T16:28:10.327+0000] {processor.py:153} INFO - Started process (PID=3605) to work on /home/airflow/.local/lib/python3.7/site-packages/airflow/example_dags/example_latest_only.py
[2022-09-07T16:28:10.328+0000] {processor.py:640} INFO - Processing file /home/airflow/.local/lib/python3.7/site-packages/airflow/example_dags/example_latest_only.py for tasks to queue
[2022-09-07T16:28:10.329+0000] {logging_mixin.py:115} INFO - [2022-09-07T16:28:10.329+0000] {dagbag.py:508} INFO - Filling up the DagBag from /home/airflow/.local/lib/python3.7/site-packages/airflow/example_dags/example_latest_only.py
[2022-09-07T16:28:10.333+0000] {processor.py:650} INFO - DAG(s) dict_keys(['latest_only']) retrieved from /home/airflow/.local/lib/python3.7/site-packages/airflow/example_dags/example_latest_only.py
[2022-09-07T16:28:10.360+0000] {logging_mixin.py:115} INFO - [2022-09-07T16:28:10.359+0000] {dag.py:2429} INFO - Sync 1 DAGs
[2022-09-07T16:28:10.374+0000] {logging_mixin.py:115} INFO - [2022-09-07T16:28:10.374+0000] {dag.py:2981} INFO - Setting next_dagrun for latest_only to 2022-09-07T12:28:10.374086+00:00, run_after=2022-09-07T16:28:10.374086+00:00
[2022-09-07T16:28:10.382+0000] {processor.py:161} INFO - Processing /home/airflow/.local/lib/python3.7/site-packages/airflow/example_dags/example_latest_only.py took 0.058 seconds
[2022-09-07T16:29:18.408+0000] {processor.py:153} INFO - Started process (PID=53) to work on /home/airflow/.local/lib/python3.7/site-packages/airflow/example_dags/example_latest_only.py
[2022-09-07T16:29:18.412+0000] {processor.py:640} INFO - Processing file /home/airflow/.local/lib/python3.7/site-packages/airflow/example_dags/example_latest_only.py for tasks to queue
[2022-09-07T16:29:18.413+0000] {logging_mixin.py:115} INFO - [2022-09-07T16:29:18.413+0000] {dagbag.py:508} INFO - Filling up the DagBag from /home/airflow/.local/lib/python3.7/site-packages/airflow/example_dags/example_latest_only.py
[2022-09-07T16:29:18.435+0000] {processor.py:650} INFO - DAG(s) dict_keys(['latest_only']) retrieved from /home/airflow/.local/lib/python3.7/site-packages/airflow/example_dags/example_latest_only.py
[2022-09-07T16:29:18.484+0000] {logging_mixin.py:115} INFO - [2022-09-07T16:29:18.484+0000] {dag.py:2429} INFO - Sync 1 DAGs
[2022-09-07T16:29:18.535+0000] {logging_mixin.py:115} INFO - [2022-09-07T16:29:18.532+0000] {dag.py:2981} INFO - Setting next_dagrun for latest_only to 2022-09-07T12:29:18.531865+00:00, run_after=2022-09-07T16:29:18.531865+00:00
[2022-09-07T16:29:18.549+0000] {processor.py:161} INFO - Processing /home/airflow/.local/lib/python3.7/site-packages/airflow/example_dags/example_latest_only.py took 0.146 seconds
[2022-09-07T16:29:49.183+0000] {processor.py:153} INFO - Started process (PID=105) to work on /home/airflow/.local/lib/python3.7/site-packages/airflow/example_dags/example_latest_only.py
[2022-09-07T16:29:49.184+0000] {processor.py:640} INFO - Processing file /home/airflow/.local/lib/python3.7/site-packages/airflow/example_dags/example_latest_only.py for tasks to queue
[2022-09-07T16:29:49.186+0000] {logging_mixin.py:115} INFO - [2022-09-07T16:29:49.186+0000] {dagbag.py:508} INFO - Filling up the DagBag from /home/airflow/.local/lib/python3.7/site-packages/airflow/example_dags/example_latest_only.py
[2022-09-07T16:29:49.191+0000] {processor.py:650} INFO - DAG(s) dict_keys(['latest_only']) retrieved from /home/airflow/.local/lib/python3.7/site-packages/airflow/example_dags/example_latest_only.py
[2022-09-07T16:29:49.211+0000] {logging_mixin.py:115} INFO - [2022-09-07T16:29:49.211+0000] {dag.py:2429} INFO - Sync 1 DAGs
[2022-09-07T16:29:49.228+0000] {logging_mixin.py:115} INFO - [2022-09-07T16:29:49.228+0000] {dag.py:2981} INFO - Setting next_dagrun for latest_only to 2022-09-07T12:29:49.228114+00:00, run_after=2022-09-07T16:29:49.228114+00:00
[2022-09-07T16:29:49.239+0000] {processor.py:161} INFO - Processing /home/airflow/.local/lib/python3.7/site-packages/airflow/example_dags/example_latest_only.py took 0.060 seconds
[2022-09-07T16:30:19.350+0000] {processor.py:153} INFO - Started process (PID=165) to work on /home/airflow/.local/lib/python3.7/site-packages/airflow/example_dags/example_latest_only.py
[2022-09-07T16:30:19.352+0000] {processor.py:640} INFO - Processing file /home/airflow/.local/lib/python3.7/site-packages/airflow/example_dags/example_latest_only.py for tasks to queue
[2022-09-07T16:30:19.353+0000] {logging_mixin.py:115} INFO - [2022-09-07T16:30:19.353+0000] {dagbag.py:508} INFO - Filling up the DagBag from /home/airflow/.local/lib/python3.7/site-packages/airflow/example_dags/example_latest_only.py
[2022-09-07T16:30:19.357+0000] {processor.py:650} INFO - DAG(s) dict_keys(['latest_only']) retrieved from /home/airflow/.local/lib/python3.7/site-packages/airflow/example_dags/example_latest_only.py
[2022-09-07T16:30:19.376+0000] {logging_mixin.py:115} INFO - [2022-09-07T16:30:19.376+0000] {dag.py:2429} INFO - Sync 1 DAGs
[2022-09-07T16:30:19.391+0000] {logging_mixin.py:115} INFO - [2022-09-07T16:30:19.391+0000] {dag.py:2981} INFO - Setting next_dagrun for latest_only to 2022-09-07T12:30:19.390896+00:00, run_after=2022-09-07T16:30:19.390896+00:00
[2022-09-07T16:30:19.400+0000] {processor.py:161} INFO - Processing /home/airflow/.local/lib/python3.7/site-packages/airflow/example_dags/example_latest_only.py took 0.052 seconds
[2022-09-07T16:30:49.536+0000] {processor.py:153} INFO - Started process (PID=226) to work on /home/airflow/.local/lib/python3.7/site-packages/airflow/example_dags/example_latest_only.py
[2022-09-07T16:30:49.538+0000] {processor.py:640} INFO - Processing file /home/airflow/.local/lib/python3.7/site-packages/airflow/example_dags/example_latest_only.py for tasks to queue
[2022-09-07T16:30:49.539+0000] {logging_mixin.py:115} INFO - [2022-09-07T16:30:49.539+0000] {dagbag.py:508} INFO - Filling up the DagBag from /home/airflow/.local/lib/python3.7/site-packages/airflow/example_dags/example_latest_only.py
[2022-09-07T16:30:49.543+0000] {processor.py:650} INFO - DAG(s) dict_keys(['latest_only']) retrieved from /home/airflow/.local/lib/python3.7/site-packages/airflow/example_dags/example_latest_only.py
[2022-09-07T16:30:49.562+0000] {logging_mixin.py:115} INFO - [2022-09-07T16:30:49.562+0000] {dag.py:2429} INFO - Sync 1 DAGs
[2022-09-07T16:30:49.577+0000] {logging_mixin.py:115} INFO - [2022-09-07T16:30:49.576+0000] {dag.py:2981} INFO - Setting next_dagrun for latest_only to 2022-09-07T12:30:49.576822+00:00, run_after=2022-09-07T16:30:49.576822+00:00
[2022-09-07T16:30:49.587+0000] {processor.py:161} INFO - Processing /home/airflow/.local/lib/python3.7/site-packages/airflow/example_dags/example_latest_only.py took 0.053 seconds
[2022-09-07T16:31:20.231+0000] {processor.py:153} INFO - Started process (PID=287) to work on /home/airflow/.local/lib/python3.7/site-packages/airflow/example_dags/example_latest_only.py
[2022-09-07T16:31:20.232+0000] {processor.py:640} INFO - Processing file /home/airflow/.local/lib/python3.7/site-packages/airflow/example_dags/example_latest_only.py for tasks to queue
[2022-09-07T16:31:20.234+0000] {logging_mixin.py:115} INFO - [2022-09-07T16:31:20.234+0000] {dagbag.py:508} INFO - Filling up the DagBag from /home/airflow/.local/lib/python3.7/site-packages/airflow/example_dags/example_latest_only.py
[2022-09-07T16:31:20.238+0000] {processor.py:650} INFO - DAG(s) dict_keys(['latest_only']) retrieved from /home/airflow/.local/lib/python3.7/site-packages/airflow/example_dags/example_latest_only.py
[2022-09-07T16:31:20.257+0000] {logging_mixin.py:115} INFO - [2022-09-07T16:31:20.257+0000] {dag.py:2429} INFO - Sync 1 DAGs
[2022-09-07T16:31:20.271+0000] {logging_mixin.py:115} INFO - [2022-09-07T16:31:20.271+0000] {dag.py:2981} INFO - Setting next_dagrun for latest_only to 2022-09-07T12:31:20.271669+00:00, run_after=2022-09-07T16:31:20.271669+00:00
[2022-09-07T16:31:20.281+0000] {processor.py:161} INFO - Processing /home/airflow/.local/lib/python3.7/site-packages/airflow/example_dags/example_latest_only.py took 0.052 seconds
[2022-09-07T17:23:38.690+0000] {processor.py:153} INFO - Started process (PID=45) to work on /home/airflow/.local/lib/python3.7/site-packages/airflow/example_dags/example_latest_only.py
[2022-09-07T17:23:38.694+0000] {processor.py:640} INFO - Processing file /home/airflow/.local/lib/python3.7/site-packages/airflow/example_dags/example_latest_only.py for tasks to queue
[2022-09-07T17:23:38.696+0000] {logging_mixin.py:115} INFO - [2022-09-07T17:23:38.695+0000] {dagbag.py:508} INFO - Filling up the DagBag from /home/airflow/.local/lib/python3.7/site-packages/airflow/example_dags/example_latest_only.py
[2022-09-07T17:23:38.709+0000] {processor.py:650} INFO - DAG(s) dict_keys(['latest_only']) retrieved from /home/airflow/.local/lib/python3.7/site-packages/airflow/example_dags/example_latest_only.py
[2022-09-07T17:23:38.759+0000] {logging_mixin.py:115} INFO - [2022-09-07T17:23:38.759+0000] {dag.py:2429} INFO - Sync 1 DAGs
[2022-09-07T17:23:38.842+0000] {logging_mixin.py:115} INFO - [2022-09-07T17:23:38.842+0000] {dag.py:2981} INFO - Setting next_dagrun for latest_only to 2022-09-07T13:23:38.841841+00:00, run_after=2022-09-07T17:23:38.841841+00:00
[2022-09-07T17:23:38.871+0000] {processor.py:161} INFO - Processing /home/airflow/.local/lib/python3.7/site-packages/airflow/example_dags/example_latest_only.py took 0.191 seconds
[2022-09-07T17:24:09.594+0000] {processor.py:153} INFO - Started process (PID=104) to work on /home/airflow/.local/lib/python3.7/site-packages/airflow/example_dags/example_latest_only.py
[2022-09-07T17:24:09.596+0000] {processor.py:640} INFO - Processing file /home/airflow/.local/lib/python3.7/site-packages/airflow/example_dags/example_latest_only.py for tasks to queue
[2022-09-07T17:24:09.597+0000] {logging_mixin.py:115} INFO - [2022-09-07T17:24:09.597+0000] {dagbag.py:508} INFO - Filling up the DagBag from /home/airflow/.local/lib/python3.7/site-packages/airflow/example_dags/example_latest_only.py
[2022-09-07T17:24:09.602+0000] {processor.py:650} INFO - DAG(s) dict_keys(['latest_only']) retrieved from /home/airflow/.local/lib/python3.7/site-packages/airflow/example_dags/example_latest_only.py
[2022-09-07T17:24:09.622+0000] {logging_mixin.py:115} INFO - [2022-09-07T17:24:09.622+0000] {dag.py:2429} INFO - Sync 1 DAGs
[2022-09-07T17:24:09.640+0000] {logging_mixin.py:115} INFO - [2022-09-07T17:24:09.640+0000] {dag.py:2981} INFO - Setting next_dagrun for latest_only to 2022-09-07T13:24:09.639893+00:00, run_after=2022-09-07T17:24:09.639893+00:00
[2022-09-07T17:24:09.650+0000] {processor.py:161} INFO - Processing /home/airflow/.local/lib/python3.7/site-packages/airflow/example_dags/example_latest_only.py took 0.058 seconds
[2022-09-07T17:24:40.533+0000] {processor.py:153} INFO - Started process (PID=164) to work on /home/airflow/.local/lib/python3.7/site-packages/airflow/example_dags/example_latest_only.py
[2022-09-07T17:24:40.535+0000] {processor.py:640} INFO - Processing file /home/airflow/.local/lib/python3.7/site-packages/airflow/example_dags/example_latest_only.py for tasks to queue
[2022-09-07T17:24:40.536+0000] {logging_mixin.py:115} INFO - [2022-09-07T17:24:40.536+0000] {dagbag.py:508} INFO - Filling up the DagBag from /home/airflow/.local/lib/python3.7/site-packages/airflow/example_dags/example_latest_only.py
[2022-09-07T17:24:40.541+0000] {processor.py:650} INFO - DAG(s) dict_keys(['latest_only']) retrieved from /home/airflow/.local/lib/python3.7/site-packages/airflow/example_dags/example_latest_only.py
[2022-09-07T17:24:40.564+0000] {logging_mixin.py:115} INFO - [2022-09-07T17:24:40.564+0000] {dag.py:2429} INFO - Sync 1 DAGs
[2022-09-07T17:24:40.580+0000] {logging_mixin.py:115} INFO - [2022-09-07T17:24:40.580+0000] {dag.py:2981} INFO - Setting next_dagrun for latest_only to 2022-09-07T13:24:40.579961+00:00, run_after=2022-09-07T17:24:40.579961+00:00
[2022-09-07T17:24:40.589+0000] {processor.py:161} INFO - Processing /home/airflow/.local/lib/python3.7/site-packages/airflow/example_dags/example_latest_only.py took 0.058 seconds
