[2022-09-07T07:55:34.373+0000] {processor.py:153} INFO - Started process (PID=56) to work on /home/airflow/.local/lib/python3.7/site-packages/airflow/example_dags/example_latest_only_with_trigger.py
[2022-09-07T07:55:34.382+0000] {processor.py:640} INFO - Processing file /home/airflow/.local/lib/python3.7/site-packages/airflow/example_dags/example_latest_only_with_trigger.py for tasks to queue
[2022-09-07T07:55:34.384+0000] {logging_mixin.py:115} INFO - [2022-09-07T07:55:34.384+0000] {dagbag.py:508} INFO - Filling up the DagBag from /home/airflow/.local/lib/python3.7/site-packages/airflow/example_dags/example_latest_only_with_trigger.py
[2022-09-07T07:55:34.389+0000] {processor.py:650} INFO - DAG(s) dict_keys(['latest_only_with_trigger']) retrieved from /home/airflow/.local/lib/python3.7/site-packages/airflow/example_dags/example_latest_only_with_trigger.py
[2022-09-07T07:55:34.605+0000] {logging_mixin.py:115} INFO - [2022-09-07T07:55:34.604+0000] {manager.py:508} INFO - Created Permission View: can delete on DAG:latest_only_with_trigger
[2022-09-07T07:55:34.635+0000] {logging_mixin.py:115} INFO - [2022-09-07T07:55:34.635+0000] {manager.py:508} INFO - Created Permission View: can read on DAG:latest_only_with_trigger
[2022-09-07T07:55:34.655+0000] {logging_mixin.py:115} INFO - [2022-09-07T07:55:34.655+0000] {manager.py:508} INFO - Created Permission View: can edit on DAG:latest_only_with_trigger
[2022-09-07T07:55:34.658+0000] {logging_mixin.py:115} INFO - [2022-09-07T07:55:34.658+0000] {dag.py:2429} INFO - Sync 1 DAGs
[2022-09-07T07:55:34.675+0000] {logging_mixin.py:115} INFO - [2022-09-07T07:55:34.675+0000] {dag.py:2448} INFO - Creating ORM DAG for latest_only_with_trigger
[2022-09-07T07:55:34.694+0000] {logging_mixin.py:115} INFO - [2022-09-07T07:55:34.694+0000] {dag.py:2981} INFO - Setting next_dagrun for latest_only_with_trigger to 2022-09-07T03:55:34.693985+00:00, run_after=2022-09-07T07:55:34.693985+00:00
[2022-09-07T07:55:34.721+0000] {processor.py:161} INFO - Processing /home/airflow/.local/lib/python3.7/site-packages/airflow/example_dags/example_latest_only_with_trigger.py took 0.350 seconds
[2022-09-07T07:56:05.170+0000] {processor.py:153} INFO - Started process (PID=117) to work on /home/airflow/.local/lib/python3.7/site-packages/airflow/example_dags/example_latest_only_with_trigger.py
[2022-09-07T07:56:05.171+0000] {processor.py:640} INFO - Processing file /home/airflow/.local/lib/python3.7/site-packages/airflow/example_dags/example_latest_only_with_trigger.py for tasks to queue
[2022-09-07T07:56:05.172+0000] {logging_mixin.py:115} INFO - [2022-09-07T07:56:05.172+0000] {dagbag.py:508} INFO - Filling up the DagBag from /home/airflow/.local/lib/python3.7/site-packages/airflow/example_dags/example_latest_only_with_trigger.py
[2022-09-07T07:56:05.176+0000] {processor.py:650} INFO - DAG(s) dict_keys(['latest_only_with_trigger']) retrieved from /home/airflow/.local/lib/python3.7/site-packages/airflow/example_dags/example_latest_only_with_trigger.py
[2022-09-07T07:56:05.193+0000] {logging_mixin.py:115} INFO - [2022-09-07T07:56:05.193+0000] {dag.py:2429} INFO - Sync 1 DAGs
[2022-09-07T07:56:05.206+0000] {logging_mixin.py:115} INFO - [2022-09-07T07:56:05.206+0000] {dag.py:2981} INFO - Setting next_dagrun for latest_only_with_trigger to 2022-09-07T03:56:05.206064+00:00, run_after=2022-09-07T07:56:05.206064+00:00
[2022-09-07T07:56:05.218+0000] {processor.py:161} INFO - Processing /home/airflow/.local/lib/python3.7/site-packages/airflow/example_dags/example_latest_only_with_trigger.py took 0.051 seconds
[2022-09-07T07:56:36.046+0000] {processor.py:153} INFO - Started process (PID=178) to work on /home/airflow/.local/lib/python3.7/site-packages/airflow/example_dags/example_latest_only_with_trigger.py
[2022-09-07T07:56:36.047+0000] {processor.py:640} INFO - Processing file /home/airflow/.local/lib/python3.7/site-packages/airflow/example_dags/example_latest_only_with_trigger.py for tasks to queue
[2022-09-07T07:56:36.048+0000] {logging_mixin.py:115} INFO - [2022-09-07T07:56:36.048+0000] {dagbag.py:508} INFO - Filling up the DagBag from /home/airflow/.local/lib/python3.7/site-packages/airflow/example_dags/example_latest_only_with_trigger.py
[2022-09-07T07:56:36.053+0000] {processor.py:650} INFO - DAG(s) dict_keys(['latest_only_with_trigger']) retrieved from /home/airflow/.local/lib/python3.7/site-packages/airflow/example_dags/example_latest_only_with_trigger.py
[2022-09-07T07:56:36.070+0000] {logging_mixin.py:115} INFO - [2022-09-07T07:56:36.070+0000] {dag.py:2429} INFO - Sync 1 DAGs
[2022-09-07T07:56:36.084+0000] {logging_mixin.py:115} INFO - [2022-09-07T07:56:36.084+0000] {dag.py:2981} INFO - Setting next_dagrun for latest_only_with_trigger to 2022-09-07T03:56:36.084338+00:00, run_after=2022-09-07T07:56:36.084338+00:00
[2022-09-07T07:56:36.093+0000] {processor.py:161} INFO - Processing /home/airflow/.local/lib/python3.7/site-packages/airflow/example_dags/example_latest_only_with_trigger.py took 0.049 seconds
[2022-09-07T07:57:06.582+0000] {processor.py:153} INFO - Started process (PID=239) to work on /home/airflow/.local/lib/python3.7/site-packages/airflow/example_dags/example_latest_only_with_trigger.py
[2022-09-07T07:57:06.584+0000] {processor.py:640} INFO - Processing file /home/airflow/.local/lib/python3.7/site-packages/airflow/example_dags/example_latest_only_with_trigger.py for tasks to queue
[2022-09-07T07:57:06.585+0000] {logging_mixin.py:115} INFO - [2022-09-07T07:57:06.585+0000] {dagbag.py:508} INFO - Filling up the DagBag from /home/airflow/.local/lib/python3.7/site-packages/airflow/example_dags/example_latest_only_with_trigger.py
[2022-09-07T07:57:06.589+0000] {processor.py:650} INFO - DAG(s) dict_keys(['latest_only_with_trigger']) retrieved from /home/airflow/.local/lib/python3.7/site-packages/airflow/example_dags/example_latest_only_with_trigger.py
[2022-09-07T07:57:06.610+0000] {logging_mixin.py:115} INFO - [2022-09-07T07:57:06.610+0000] {dag.py:2429} INFO - Sync 1 DAGs
[2022-09-07T07:57:06.624+0000] {logging_mixin.py:115} INFO - [2022-09-07T07:57:06.624+0000] {dag.py:2981} INFO - Setting next_dagrun for latest_only_with_trigger to 2022-09-07T03:57:06.624418+00:00, run_after=2022-09-07T07:57:06.624418+00:00
[2022-09-07T07:57:06.633+0000] {processor.py:161} INFO - Processing /home/airflow/.local/lib/python3.7/site-packages/airflow/example_dags/example_latest_only_with_trigger.py took 0.054 seconds
[2022-09-07T07:57:37.197+0000] {processor.py:153} INFO - Started process (PID=300) to work on /home/airflow/.local/lib/python3.7/site-packages/airflow/example_dags/example_latest_only_with_trigger.py
[2022-09-07T07:57:37.199+0000] {processor.py:640} INFO - Processing file /home/airflow/.local/lib/python3.7/site-packages/airflow/example_dags/example_latest_only_with_trigger.py for tasks to queue
[2022-09-07T07:57:37.200+0000] {logging_mixin.py:115} INFO - [2022-09-07T07:57:37.200+0000] {dagbag.py:508} INFO - Filling up the DagBag from /home/airflow/.local/lib/python3.7/site-packages/airflow/example_dags/example_latest_only_with_trigger.py
[2022-09-07T07:57:37.205+0000] {processor.py:650} INFO - DAG(s) dict_keys(['latest_only_with_trigger']) retrieved from /home/airflow/.local/lib/python3.7/site-packages/airflow/example_dags/example_latest_only_with_trigger.py
[2022-09-07T07:57:37.223+0000] {logging_mixin.py:115} INFO - [2022-09-07T07:57:37.223+0000] {dag.py:2429} INFO - Sync 1 DAGs
[2022-09-07T07:57:37.238+0000] {logging_mixin.py:115} INFO - [2022-09-07T07:57:37.238+0000] {dag.py:2981} INFO - Setting next_dagrun for latest_only_with_trigger to 2022-09-07T03:57:37.238259+00:00, run_after=2022-09-07T07:57:37.238259+00:00
[2022-09-07T07:57:37.246+0000] {processor.py:161} INFO - Processing /home/airflow/.local/lib/python3.7/site-packages/airflow/example_dags/example_latest_only_with_trigger.py took 0.052 seconds
[2022-09-07T07:58:08.132+0000] {processor.py:153} INFO - Started process (PID=360) to work on /home/airflow/.local/lib/python3.7/site-packages/airflow/example_dags/example_latest_only_with_trigger.py
[2022-09-07T07:58:08.134+0000] {processor.py:640} INFO - Processing file /home/airflow/.local/lib/python3.7/site-packages/airflow/example_dags/example_latest_only_with_trigger.py for tasks to queue
[2022-09-07T07:58:08.136+0000] {logging_mixin.py:115} INFO - [2022-09-07T07:58:08.136+0000] {dagbag.py:508} INFO - Filling up the DagBag from /home/airflow/.local/lib/python3.7/site-packages/airflow/example_dags/example_latest_only_with_trigger.py
[2022-09-07T07:58:08.140+0000] {processor.py:650} INFO - DAG(s) dict_keys(['latest_only_with_trigger']) retrieved from /home/airflow/.local/lib/python3.7/site-packages/airflow/example_dags/example_latest_only_with_trigger.py
[2022-09-07T07:58:08.183+0000] {logging_mixin.py:115} INFO - [2022-09-07T07:58:08.183+0000] {dag.py:2429} INFO - Sync 1 DAGs
[2022-09-07T07:58:08.205+0000] {logging_mixin.py:115} INFO - [2022-09-07T07:58:08.205+0000] {dag.py:2981} INFO - Setting next_dagrun for latest_only_with_trigger to 2022-09-07T03:58:08.205177+00:00, run_after=2022-09-07T07:58:08.205177+00:00
[2022-09-07T07:58:08.214+0000] {processor.py:161} INFO - Processing /home/airflow/.local/lib/python3.7/site-packages/airflow/example_dags/example_latest_only_with_trigger.py took 0.085 seconds
[2022-09-07T07:58:38.310+0000] {processor.py:153} INFO - Started process (PID=411) to work on /home/airflow/.local/lib/python3.7/site-packages/airflow/example_dags/example_latest_only_with_trigger.py
[2022-09-07T07:58:38.312+0000] {processor.py:640} INFO - Processing file /home/airflow/.local/lib/python3.7/site-packages/airflow/example_dags/example_latest_only_with_trigger.py for tasks to queue
[2022-09-07T07:58:38.313+0000] {logging_mixin.py:115} INFO - [2022-09-07T07:58:38.313+0000] {dagbag.py:508} INFO - Filling up the DagBag from /home/airflow/.local/lib/python3.7/site-packages/airflow/example_dags/example_latest_only_with_trigger.py
[2022-09-07T07:58:38.318+0000] {processor.py:650} INFO - DAG(s) dict_keys(['latest_only_with_trigger']) retrieved from /home/airflow/.local/lib/python3.7/site-packages/airflow/example_dags/example_latest_only_with_trigger.py
[2022-09-07T07:58:38.341+0000] {logging_mixin.py:115} INFO - [2022-09-07T07:58:38.341+0000] {dag.py:2429} INFO - Sync 1 DAGs
[2022-09-07T07:58:38.356+0000] {logging_mixin.py:115} INFO - [2022-09-07T07:58:38.356+0000] {dag.py:2981} INFO - Setting next_dagrun for latest_only_with_trigger to 2022-09-07T03:58:38.356076+00:00, run_after=2022-09-07T07:58:38.356076+00:00
[2022-09-07T07:58:38.366+0000] {processor.py:161} INFO - Processing /home/airflow/.local/lib/python3.7/site-packages/airflow/example_dags/example_latest_only_with_trigger.py took 0.058 seconds
[2022-09-07T07:59:09.256+0000] {processor.py:153} INFO - Started process (PID=472) to work on /home/airflow/.local/lib/python3.7/site-packages/airflow/example_dags/example_latest_only_with_trigger.py
[2022-09-07T07:59:09.259+0000] {processor.py:640} INFO - Processing file /home/airflow/.local/lib/python3.7/site-packages/airflow/example_dags/example_latest_only_with_trigger.py for tasks to queue
[2022-09-07T07:59:09.260+0000] {logging_mixin.py:115} INFO - [2022-09-07T07:59:09.260+0000] {dagbag.py:508} INFO - Filling up the DagBag from /home/airflow/.local/lib/python3.7/site-packages/airflow/example_dags/example_latest_only_with_trigger.py
[2022-09-07T07:59:09.265+0000] {processor.py:650} INFO - DAG(s) dict_keys(['latest_only_with_trigger']) retrieved from /home/airflow/.local/lib/python3.7/site-packages/airflow/example_dags/example_latest_only_with_trigger.py
[2022-09-07T07:59:09.283+0000] {logging_mixin.py:115} INFO - [2022-09-07T07:59:09.283+0000] {dag.py:2429} INFO - Sync 1 DAGs
[2022-09-07T07:59:09.297+0000] {logging_mixin.py:115} INFO - [2022-09-07T07:59:09.297+0000] {dag.py:2981} INFO - Setting next_dagrun for latest_only_with_trigger to 2022-09-07T03:59:09.296925+00:00, run_after=2022-09-07T07:59:09.296925+00:00
[2022-09-07T07:59:09.306+0000] {processor.py:161} INFO - Processing /home/airflow/.local/lib/python3.7/site-packages/airflow/example_dags/example_latest_only_with_trigger.py took 0.053 seconds
[2022-09-07T07:59:40.084+0000] {processor.py:153} INFO - Started process (PID=532) to work on /home/airflow/.local/lib/python3.7/site-packages/airflow/example_dags/example_latest_only_with_trigger.py
[2022-09-07T07:59:40.086+0000] {processor.py:640} INFO - Processing file /home/airflow/.local/lib/python3.7/site-packages/airflow/example_dags/example_latest_only_with_trigger.py for tasks to queue
[2022-09-07T07:59:40.087+0000] {logging_mixin.py:115} INFO - [2022-09-07T07:59:40.087+0000] {dagbag.py:508} INFO - Filling up the DagBag from /home/airflow/.local/lib/python3.7/site-packages/airflow/example_dags/example_latest_only_with_trigger.py
[2022-09-07T07:59:40.092+0000] {processor.py:650} INFO - DAG(s) dict_keys(['latest_only_with_trigger']) retrieved from /home/airflow/.local/lib/python3.7/site-packages/airflow/example_dags/example_latest_only_with_trigger.py
[2022-09-07T07:59:40.110+0000] {logging_mixin.py:115} INFO - [2022-09-07T07:59:40.110+0000] {dag.py:2429} INFO - Sync 1 DAGs
[2022-09-07T07:59:40.124+0000] {logging_mixin.py:115} INFO - [2022-09-07T07:59:40.124+0000] {dag.py:2981} INFO - Setting next_dagrun for latest_only_with_trigger to 2022-09-07T03:59:40.124366+00:00, run_after=2022-09-07T07:59:40.124366+00:00
[2022-09-07T07:59:40.134+0000] {processor.py:161} INFO - Processing /home/airflow/.local/lib/python3.7/site-packages/airflow/example_dags/example_latest_only_with_trigger.py took 0.052 seconds
[2022-09-07T08:00:10.995+0000] {processor.py:153} INFO - Started process (PID=593) to work on /home/airflow/.local/lib/python3.7/site-packages/airflow/example_dags/example_latest_only_with_trigger.py
[2022-09-07T08:00:10.997+0000] {processor.py:640} INFO - Processing file /home/airflow/.local/lib/python3.7/site-packages/airflow/example_dags/example_latest_only_with_trigger.py for tasks to queue
[2022-09-07T08:00:10.999+0000] {logging_mixin.py:115} INFO - [2022-09-07T08:00:10.999+0000] {dagbag.py:508} INFO - Filling up the DagBag from /home/airflow/.local/lib/python3.7/site-packages/airflow/example_dags/example_latest_only_with_trigger.py
[2022-09-07T08:00:11.003+0000] {processor.py:650} INFO - DAG(s) dict_keys(['latest_only_with_trigger']) retrieved from /home/airflow/.local/lib/python3.7/site-packages/airflow/example_dags/example_latest_only_with_trigger.py
[2022-09-07T08:00:11.021+0000] {logging_mixin.py:115} INFO - [2022-09-07T08:00:11.021+0000] {dag.py:2429} INFO - Sync 1 DAGs
[2022-09-07T08:00:11.035+0000] {logging_mixin.py:115} INFO - [2022-09-07T08:00:11.035+0000] {dag.py:2981} INFO - Setting next_dagrun for latest_only_with_trigger to 2022-09-07T04:00:11.035256+00:00, run_after=2022-09-07T08:00:11.035256+00:00
[2022-09-07T08:00:11.043+0000] {processor.py:161} INFO - Processing /home/airflow/.local/lib/python3.7/site-packages/airflow/example_dags/example_latest_only_with_trigger.py took 0.051 seconds
[2022-09-07T08:00:41.846+0000] {processor.py:153} INFO - Started process (PID=969) to work on /home/airflow/.local/lib/python3.7/site-packages/airflow/example_dags/example_latest_only_with_trigger.py
[2022-09-07T08:00:41.848+0000] {processor.py:640} INFO - Processing file /home/airflow/.local/lib/python3.7/site-packages/airflow/example_dags/example_latest_only_with_trigger.py for tasks to queue
[2022-09-07T08:00:41.849+0000] {logging_mixin.py:115} INFO - [2022-09-07T08:00:41.849+0000] {dagbag.py:508} INFO - Filling up the DagBag from /home/airflow/.local/lib/python3.7/site-packages/airflow/example_dags/example_latest_only_with_trigger.py
[2022-09-07T08:00:41.854+0000] {processor.py:650} INFO - DAG(s) dict_keys(['latest_only_with_trigger']) retrieved from /home/airflow/.local/lib/python3.7/site-packages/airflow/example_dags/example_latest_only_with_trigger.py
[2022-09-07T08:00:41.870+0000] {logging_mixin.py:115} INFO - [2022-09-07T08:00:41.870+0000] {dag.py:2429} INFO - Sync 1 DAGs
[2022-09-07T08:00:41.883+0000] {logging_mixin.py:115} INFO - [2022-09-07T08:00:41.883+0000] {dag.py:2981} INFO - Setting next_dagrun for latest_only_with_trigger to 2022-09-07T04:00:41.883622+00:00, run_after=2022-09-07T08:00:41.883622+00:00
[2022-09-07T08:00:41.896+0000] {processor.py:161} INFO - Processing /home/airflow/.local/lib/python3.7/site-packages/airflow/example_dags/example_latest_only_with_trigger.py took 0.052 seconds
[2022-09-07T08:01:12.578+0000] {processor.py:153} INFO - Started process (PID=2113) to work on /home/airflow/.local/lib/python3.7/site-packages/airflow/example_dags/example_latest_only_with_trigger.py
[2022-09-07T08:01:12.580+0000] {processor.py:640} INFO - Processing file /home/airflow/.local/lib/python3.7/site-packages/airflow/example_dags/example_latest_only_with_trigger.py for tasks to queue
[2022-09-07T08:01:12.583+0000] {logging_mixin.py:115} INFO - [2022-09-07T08:01:12.582+0000] {dagbag.py:508} INFO - Filling up the DagBag from /home/airflow/.local/lib/python3.7/site-packages/airflow/example_dags/example_latest_only_with_trigger.py
[2022-09-07T08:01:12.588+0000] {processor.py:650} INFO - DAG(s) dict_keys(['latest_only_with_trigger']) retrieved from /home/airflow/.local/lib/python3.7/site-packages/airflow/example_dags/example_latest_only_with_trigger.py
[2022-09-07T08:01:12.611+0000] {logging_mixin.py:115} INFO - [2022-09-07T08:01:12.610+0000] {dag.py:2429} INFO - Sync 1 DAGs
[2022-09-07T08:01:12.631+0000] {logging_mixin.py:115} INFO - [2022-09-07T08:01:12.631+0000] {dag.py:2981} INFO - Setting next_dagrun for latest_only_with_trigger to 2022-09-07T04:01:12.631309+00:00, run_after=2022-09-07T08:01:12.631309+00:00
[2022-09-07T08:01:12.643+0000] {processor.py:161} INFO - Processing /home/airflow/.local/lib/python3.7/site-packages/airflow/example_dags/example_latest_only_with_trigger.py took 0.068 seconds
[2022-09-07T08:01:43.393+0000] {processor.py:153} INFO - Started process (PID=2345) to work on /home/airflow/.local/lib/python3.7/site-packages/airflow/example_dags/example_latest_only_with_trigger.py
[2022-09-07T08:01:43.395+0000] {processor.py:640} INFO - Processing file /home/airflow/.local/lib/python3.7/site-packages/airflow/example_dags/example_latest_only_with_trigger.py for tasks to queue
[2022-09-07T08:01:43.396+0000] {logging_mixin.py:115} INFO - [2022-09-07T08:01:43.396+0000] {dagbag.py:508} INFO - Filling up the DagBag from /home/airflow/.local/lib/python3.7/site-packages/airflow/example_dags/example_latest_only_with_trigger.py
[2022-09-07T08:01:43.400+0000] {processor.py:650} INFO - DAG(s) dict_keys(['latest_only_with_trigger']) retrieved from /home/airflow/.local/lib/python3.7/site-packages/airflow/example_dags/example_latest_only_with_trigger.py
[2022-09-07T08:01:43.418+0000] {logging_mixin.py:115} INFO - [2022-09-07T08:01:43.418+0000] {dag.py:2429} INFO - Sync 1 DAGs
[2022-09-07T08:01:43.432+0000] {logging_mixin.py:115} INFO - [2022-09-07T08:01:43.432+0000] {dag.py:2981} INFO - Setting next_dagrun for latest_only_with_trigger to 2022-09-07T04:01:43.432224+00:00, run_after=2022-09-07T08:01:43.432224+00:00
[2022-09-07T08:01:43.440+0000] {processor.py:161} INFO - Processing /home/airflow/.local/lib/python3.7/site-packages/airflow/example_dags/example_latest_only_with_trigger.py took 0.049 seconds
[2022-09-07T08:02:14.182+0000] {processor.py:153} INFO - Started process (PID=2407) to work on /home/airflow/.local/lib/python3.7/site-packages/airflow/example_dags/example_latest_only_with_trigger.py
[2022-09-07T08:02:14.183+0000] {processor.py:640} INFO - Processing file /home/airflow/.local/lib/python3.7/site-packages/airflow/example_dags/example_latest_only_with_trigger.py for tasks to queue
[2022-09-07T08:02:14.184+0000] {logging_mixin.py:115} INFO - [2022-09-07T08:02:14.183+0000] {dagbag.py:508} INFO - Filling up the DagBag from /home/airflow/.local/lib/python3.7/site-packages/airflow/example_dags/example_latest_only_with_trigger.py
[2022-09-07T08:02:14.188+0000] {processor.py:650} INFO - DAG(s) dict_keys(['latest_only_with_trigger']) retrieved from /home/airflow/.local/lib/python3.7/site-packages/airflow/example_dags/example_latest_only_with_trigger.py
[2022-09-07T08:02:14.206+0000] {logging_mixin.py:115} INFO - [2022-09-07T08:02:14.206+0000] {dag.py:2429} INFO - Sync 1 DAGs
[2022-09-07T08:02:14.222+0000] {logging_mixin.py:115} INFO - [2022-09-07T08:02:14.222+0000] {dag.py:2981} INFO - Setting next_dagrun for latest_only_with_trigger to 2022-09-07T04:02:14.222098+00:00, run_after=2022-09-07T08:02:14.222098+00:00
[2022-09-07T08:02:14.230+0000] {processor.py:161} INFO - Processing /home/airflow/.local/lib/python3.7/site-packages/airflow/example_dags/example_latest_only_with_trigger.py took 0.050 seconds
[2022-09-07T08:02:45.042+0000] {processor.py:153} INFO - Started process (PID=2467) to work on /home/airflow/.local/lib/python3.7/site-packages/airflow/example_dags/example_latest_only_with_trigger.py
[2022-09-07T08:02:45.043+0000] {processor.py:640} INFO - Processing file /home/airflow/.local/lib/python3.7/site-packages/airflow/example_dags/example_latest_only_with_trigger.py for tasks to queue
[2022-09-07T08:02:45.044+0000] {logging_mixin.py:115} INFO - [2022-09-07T08:02:45.044+0000] {dagbag.py:508} INFO - Filling up the DagBag from /home/airflow/.local/lib/python3.7/site-packages/airflow/example_dags/example_latest_only_with_trigger.py
[2022-09-07T08:02:45.049+0000] {processor.py:650} INFO - DAG(s) dict_keys(['latest_only_with_trigger']) retrieved from /home/airflow/.local/lib/python3.7/site-packages/airflow/example_dags/example_latest_only_with_trigger.py
[2022-09-07T08:02:45.066+0000] {logging_mixin.py:115} INFO - [2022-09-07T08:02:45.066+0000] {dag.py:2429} INFO - Sync 1 DAGs
[2022-09-07T08:02:45.084+0000] {logging_mixin.py:115} INFO - [2022-09-07T08:02:45.084+0000] {dag.py:2981} INFO - Setting next_dagrun for latest_only_with_trigger to 2022-09-07T04:02:45.083861+00:00, run_after=2022-09-07T08:02:45.083861+00:00
[2022-09-07T08:02:45.094+0000] {processor.py:161} INFO - Processing /home/airflow/.local/lib/python3.7/site-packages/airflow/example_dags/example_latest_only_with_trigger.py took 0.054 seconds
[2022-09-07T08:03:15.751+0000] {processor.py:153} INFO - Started process (PID=2527) to work on /home/airflow/.local/lib/python3.7/site-packages/airflow/example_dags/example_latest_only_with_trigger.py
[2022-09-07T08:03:15.752+0000] {processor.py:640} INFO - Processing file /home/airflow/.local/lib/python3.7/site-packages/airflow/example_dags/example_latest_only_with_trigger.py for tasks to queue
[2022-09-07T08:03:15.753+0000] {logging_mixin.py:115} INFO - [2022-09-07T08:03:15.753+0000] {dagbag.py:508} INFO - Filling up the DagBag from /home/airflow/.local/lib/python3.7/site-packages/airflow/example_dags/example_latest_only_with_trigger.py
[2022-09-07T08:03:15.757+0000] {processor.py:650} INFO - DAG(s) dict_keys(['latest_only_with_trigger']) retrieved from /home/airflow/.local/lib/python3.7/site-packages/airflow/example_dags/example_latest_only_with_trigger.py
[2022-09-07T08:03:15.775+0000] {logging_mixin.py:115} INFO - [2022-09-07T08:03:15.775+0000] {dag.py:2429} INFO - Sync 1 DAGs
[2022-09-07T08:03:15.790+0000] {logging_mixin.py:115} INFO - [2022-09-07T08:03:15.789+0000] {dag.py:2981} INFO - Setting next_dagrun for latest_only_with_trigger to 2022-09-07T04:03:15.789797+00:00, run_after=2022-09-07T08:03:15.789797+00:00
[2022-09-07T08:03:15.798+0000] {processor.py:161} INFO - Processing /home/airflow/.local/lib/python3.7/site-packages/airflow/example_dags/example_latest_only_with_trigger.py took 0.049 seconds
[2022-09-07T08:03:46.540+0000] {processor.py:153} INFO - Started process (PID=2588) to work on /home/airflow/.local/lib/python3.7/site-packages/airflow/example_dags/example_latest_only_with_trigger.py
[2022-09-07T08:03:46.542+0000] {processor.py:640} INFO - Processing file /home/airflow/.local/lib/python3.7/site-packages/airflow/example_dags/example_latest_only_with_trigger.py for tasks to queue
[2022-09-07T08:03:46.543+0000] {logging_mixin.py:115} INFO - [2022-09-07T08:03:46.543+0000] {dagbag.py:508} INFO - Filling up the DagBag from /home/airflow/.local/lib/python3.7/site-packages/airflow/example_dags/example_latest_only_with_trigger.py
[2022-09-07T08:03:46.547+0000] {processor.py:650} INFO - DAG(s) dict_keys(['latest_only_with_trigger']) retrieved from /home/airflow/.local/lib/python3.7/site-packages/airflow/example_dags/example_latest_only_with_trigger.py
[2022-09-07T08:03:46.564+0000] {logging_mixin.py:115} INFO - [2022-09-07T08:03:46.564+0000] {dag.py:2429} INFO - Sync 1 DAGs
[2022-09-07T08:03:46.578+0000] {logging_mixin.py:115} INFO - [2022-09-07T08:03:46.578+0000] {dag.py:2981} INFO - Setting next_dagrun for latest_only_with_trigger to 2022-09-07T04:03:46.578604+00:00, run_after=2022-09-07T08:03:46.578604+00:00
[2022-09-07T08:03:46.587+0000] {processor.py:161} INFO - Processing /home/airflow/.local/lib/python3.7/site-packages/airflow/example_dags/example_latest_only_with_trigger.py took 0.049 seconds
[2022-09-07T08:04:17.228+0000] {processor.py:153} INFO - Started process (PID=2649) to work on /home/airflow/.local/lib/python3.7/site-packages/airflow/example_dags/example_latest_only_with_trigger.py
[2022-09-07T08:04:17.230+0000] {processor.py:640} INFO - Processing file /home/airflow/.local/lib/python3.7/site-packages/airflow/example_dags/example_latest_only_with_trigger.py for tasks to queue
[2022-09-07T08:04:17.231+0000] {logging_mixin.py:115} INFO - [2022-09-07T08:04:17.231+0000] {dagbag.py:508} INFO - Filling up the DagBag from /home/airflow/.local/lib/python3.7/site-packages/airflow/example_dags/example_latest_only_with_trigger.py
[2022-09-07T08:04:17.234+0000] {processor.py:650} INFO - DAG(s) dict_keys(['latest_only_with_trigger']) retrieved from /home/airflow/.local/lib/python3.7/site-packages/airflow/example_dags/example_latest_only_with_trigger.py
[2022-09-07T08:04:17.252+0000] {logging_mixin.py:115} INFO - [2022-09-07T08:04:17.252+0000] {dag.py:2429} INFO - Sync 1 DAGs
[2022-09-07T08:04:17.268+0000] {logging_mixin.py:115} INFO - [2022-09-07T08:04:17.267+0000] {dag.py:2981} INFO - Setting next_dagrun for latest_only_with_trigger to 2022-09-07T04:04:17.267691+00:00, run_after=2022-09-07T08:04:17.267691+00:00
[2022-09-07T08:04:17.279+0000] {processor.py:161} INFO - Processing /home/airflow/.local/lib/python3.7/site-packages/airflow/example_dags/example_latest_only_with_trigger.py took 0.053 seconds
[2022-09-07T16:21:01.995+0000] {processor.py:153} INFO - Started process (PID=73) to work on /home/airflow/.local/lib/python3.7/site-packages/airflow/example_dags/example_latest_only_with_trigger.py
[2022-09-07T16:21:01.996+0000] {processor.py:640} INFO - Processing file /home/airflow/.local/lib/python3.7/site-packages/airflow/example_dags/example_latest_only_with_trigger.py for tasks to queue
[2022-09-07T16:21:01.997+0000] {logging_mixin.py:115} INFO - [2022-09-07T16:21:01.997+0000] {dagbag.py:508} INFO - Filling up the DagBag from /home/airflow/.local/lib/python3.7/site-packages/airflow/example_dags/example_latest_only_with_trigger.py
[2022-09-07T16:21:02.002+0000] {processor.py:650} INFO - DAG(s) dict_keys(['latest_only_with_trigger']) retrieved from /home/airflow/.local/lib/python3.7/site-packages/airflow/example_dags/example_latest_only_with_trigger.py
[2022-09-07T16:21:02.020+0000] {logging_mixin.py:115} INFO - [2022-09-07T16:21:02.019+0000] {dag.py:2429} INFO - Sync 1 DAGs
[2022-09-07T16:21:02.034+0000] {logging_mixin.py:115} INFO - [2022-09-07T16:21:02.034+0000] {dag.py:2981} INFO - Setting next_dagrun for latest_only_with_trigger to 2022-09-07T12:21:02.034313+00:00, run_after=2022-09-07T16:21:02.034313+00:00
[2022-09-07T16:21:02.042+0000] {processor.py:161} INFO - Processing /home/airflow/.local/lib/python3.7/site-packages/airflow/example_dags/example_latest_only_with_trigger.py took 0.050 seconds
[2022-09-07T16:21:32.585+0000] {processor.py:153} INFO - Started process (PID=133) to work on /home/airflow/.local/lib/python3.7/site-packages/airflow/example_dags/example_latest_only_with_trigger.py
[2022-09-07T16:21:32.587+0000] {processor.py:640} INFO - Processing file /home/airflow/.local/lib/python3.7/site-packages/airflow/example_dags/example_latest_only_with_trigger.py for tasks to queue
[2022-09-07T16:21:32.588+0000] {logging_mixin.py:115} INFO - [2022-09-07T16:21:32.588+0000] {dagbag.py:508} INFO - Filling up the DagBag from /home/airflow/.local/lib/python3.7/site-packages/airflow/example_dags/example_latest_only_with_trigger.py
[2022-09-07T16:21:32.593+0000] {processor.py:650} INFO - DAG(s) dict_keys(['latest_only_with_trigger']) retrieved from /home/airflow/.local/lib/python3.7/site-packages/airflow/example_dags/example_latest_only_with_trigger.py
[2022-09-07T16:21:32.612+0000] {logging_mixin.py:115} INFO - [2022-09-07T16:21:32.612+0000] {dag.py:2429} INFO - Sync 1 DAGs
[2022-09-07T16:21:32.627+0000] {logging_mixin.py:115} INFO - [2022-09-07T16:21:32.627+0000] {dag.py:2981} INFO - Setting next_dagrun for latest_only_with_trigger to 2022-09-07T12:21:32.627542+00:00, run_after=2022-09-07T16:21:32.627542+00:00
[2022-09-07T16:21:32.639+0000] {processor.py:161} INFO - Processing /home/airflow/.local/lib/python3.7/site-packages/airflow/example_dags/example_latest_only_with_trigger.py took 0.055 seconds
[2022-09-07T16:22:03.667+0000] {processor.py:153} INFO - Started process (PID=601) to work on /home/airflow/.local/lib/python3.7/site-packages/airflow/example_dags/example_latest_only_with_trigger.py
[2022-09-07T16:22:03.669+0000] {processor.py:640} INFO - Processing file /home/airflow/.local/lib/python3.7/site-packages/airflow/example_dags/example_latest_only_with_trigger.py for tasks to queue
[2022-09-07T16:22:03.671+0000] {logging_mixin.py:115} INFO - [2022-09-07T16:22:03.671+0000] {dagbag.py:508} INFO - Filling up the DagBag from /home/airflow/.local/lib/python3.7/site-packages/airflow/example_dags/example_latest_only_with_trigger.py
[2022-09-07T16:22:03.675+0000] {processor.py:650} INFO - DAG(s) dict_keys(['latest_only_with_trigger']) retrieved from /home/airflow/.local/lib/python3.7/site-packages/airflow/example_dags/example_latest_only_with_trigger.py
[2022-09-07T16:22:03.700+0000] {logging_mixin.py:115} INFO - [2022-09-07T16:22:03.700+0000] {dag.py:2429} INFO - Sync 1 DAGs
[2022-09-07T16:22:03.716+0000] {logging_mixin.py:115} INFO - [2022-09-07T16:22:03.716+0000] {dag.py:2981} INFO - Setting next_dagrun for latest_only_with_trigger to 2022-09-07T12:22:03.715801+00:00, run_after=2022-09-07T16:22:03.715801+00:00
[2022-09-07T16:22:03.725+0000] {processor.py:161} INFO - Processing /home/airflow/.local/lib/python3.7/site-packages/airflow/example_dags/example_latest_only_with_trigger.py took 0.060 seconds
[2022-09-07T16:22:34.446+0000] {processor.py:153} INFO - Started process (PID=1298) to work on /home/airflow/.local/lib/python3.7/site-packages/airflow/example_dags/example_latest_only_with_trigger.py
[2022-09-07T16:22:34.447+0000] {processor.py:640} INFO - Processing file /home/airflow/.local/lib/python3.7/site-packages/airflow/example_dags/example_latest_only_with_trigger.py for tasks to queue
[2022-09-07T16:22:34.449+0000] {logging_mixin.py:115} INFO - [2022-09-07T16:22:34.448+0000] {dagbag.py:508} INFO - Filling up the DagBag from /home/airflow/.local/lib/python3.7/site-packages/airflow/example_dags/example_latest_only_with_trigger.py
[2022-09-07T16:22:34.453+0000] {processor.py:650} INFO - DAG(s) dict_keys(['latest_only_with_trigger']) retrieved from /home/airflow/.local/lib/python3.7/site-packages/airflow/example_dags/example_latest_only_with_trigger.py
[2022-09-07T16:22:34.472+0000] {logging_mixin.py:115} INFO - [2022-09-07T16:22:34.472+0000] {dag.py:2429} INFO - Sync 1 DAGs
[2022-09-07T16:22:34.487+0000] {logging_mixin.py:115} INFO - [2022-09-07T16:22:34.487+0000] {dag.py:2981} INFO - Setting next_dagrun for latest_only_with_trigger to 2022-09-07T12:22:34.487497+00:00, run_after=2022-09-07T16:22:34.487497+00:00
[2022-09-07T16:22:34.496+0000] {processor.py:161} INFO - Processing /home/airflow/.local/lib/python3.7/site-packages/airflow/example_dags/example_latest_only_with_trigger.py took 0.052 seconds
[2022-09-07T16:23:05.264+0000] {processor.py:153} INFO - Started process (PID=1845) to work on /home/airflow/.local/lib/python3.7/site-packages/airflow/example_dags/example_latest_only_with_trigger.py
[2022-09-07T16:23:05.266+0000] {processor.py:640} INFO - Processing file /home/airflow/.local/lib/python3.7/site-packages/airflow/example_dags/example_latest_only_with_trigger.py for tasks to queue
[2022-09-07T16:23:05.267+0000] {logging_mixin.py:115} INFO - [2022-09-07T16:23:05.267+0000] {dagbag.py:508} INFO - Filling up the DagBag from /home/airflow/.local/lib/python3.7/site-packages/airflow/example_dags/example_latest_only_with_trigger.py
[2022-09-07T16:23:05.272+0000] {processor.py:650} INFO - DAG(s) dict_keys(['latest_only_with_trigger']) retrieved from /home/airflow/.local/lib/python3.7/site-packages/airflow/example_dags/example_latest_only_with_trigger.py
[2022-09-07T16:23:05.292+0000] {logging_mixin.py:115} INFO - [2022-09-07T16:23:05.292+0000] {dag.py:2429} INFO - Sync 1 DAGs
[2022-09-07T16:23:05.307+0000] {logging_mixin.py:115} INFO - [2022-09-07T16:23:05.307+0000] {dag.py:2981} INFO - Setting next_dagrun for latest_only_with_trigger to 2022-09-07T12:23:05.307365+00:00, run_after=2022-09-07T16:23:05.307365+00:00
[2022-09-07T16:23:05.316+0000] {processor.py:161} INFO - Processing /home/airflow/.local/lib/python3.7/site-packages/airflow/example_dags/example_latest_only_with_trigger.py took 0.054 seconds
[2022-09-07T16:23:36.012+0000] {processor.py:153} INFO - Started process (PID=2198) to work on /home/airflow/.local/lib/python3.7/site-packages/airflow/example_dags/example_latest_only_with_trigger.py
[2022-09-07T16:23:36.014+0000] {processor.py:640} INFO - Processing file /home/airflow/.local/lib/python3.7/site-packages/airflow/example_dags/example_latest_only_with_trigger.py for tasks to queue
[2022-09-07T16:23:36.015+0000] {logging_mixin.py:115} INFO - [2022-09-07T16:23:36.015+0000] {dagbag.py:508} INFO - Filling up the DagBag from /home/airflow/.local/lib/python3.7/site-packages/airflow/example_dags/example_latest_only_with_trigger.py
[2022-09-07T16:23:36.019+0000] {processor.py:650} INFO - DAG(s) dict_keys(['latest_only_with_trigger']) retrieved from /home/airflow/.local/lib/python3.7/site-packages/airflow/example_dags/example_latest_only_with_trigger.py
[2022-09-07T16:23:36.040+0000] {logging_mixin.py:115} INFO - [2022-09-07T16:23:36.040+0000] {dag.py:2429} INFO - Sync 1 DAGs
[2022-09-07T16:23:36.054+0000] {logging_mixin.py:115} INFO - [2022-09-07T16:23:36.054+0000] {dag.py:2981} INFO - Setting next_dagrun for latest_only_with_trigger to 2022-09-07T12:23:36.054243+00:00, run_after=2022-09-07T16:23:36.054243+00:00
[2022-09-07T16:23:36.062+0000] {processor.py:161} INFO - Processing /home/airflow/.local/lib/python3.7/site-packages/airflow/example_dags/example_latest_only_with_trigger.py took 0.052 seconds
[2022-09-07T16:24:06.635+0000] {processor.py:153} INFO - Started process (PID=2582) to work on /home/airflow/.local/lib/python3.7/site-packages/airflow/example_dags/example_latest_only_with_trigger.py
[2022-09-07T16:24:06.636+0000] {processor.py:640} INFO - Processing file /home/airflow/.local/lib/python3.7/site-packages/airflow/example_dags/example_latest_only_with_trigger.py for tasks to queue
[2022-09-07T16:24:06.638+0000] {logging_mixin.py:115} INFO - [2022-09-07T16:24:06.638+0000] {dagbag.py:508} INFO - Filling up the DagBag from /home/airflow/.local/lib/python3.7/site-packages/airflow/example_dags/example_latest_only_with_trigger.py
[2022-09-07T16:24:06.643+0000] {processor.py:650} INFO - DAG(s) dict_keys(['latest_only_with_trigger']) retrieved from /home/airflow/.local/lib/python3.7/site-packages/airflow/example_dags/example_latest_only_with_trigger.py
[2022-09-07T16:24:06.663+0000] {logging_mixin.py:115} INFO - [2022-09-07T16:24:06.663+0000] {dag.py:2429} INFO - Sync 1 DAGs
[2022-09-07T16:24:06.676+0000] {logging_mixin.py:115} INFO - [2022-09-07T16:24:06.676+0000] {dag.py:2981} INFO - Setting next_dagrun for latest_only_with_trigger to 2022-09-07T12:24:06.676113+00:00, run_after=2022-09-07T16:24:06.676113+00:00
[2022-09-07T16:24:06.684+0000] {processor.py:161} INFO - Processing /home/airflow/.local/lib/python3.7/site-packages/airflow/example_dags/example_latest_only_with_trigger.py took 0.053 seconds
[2022-09-07T16:24:37.279+0000] {processor.py:153} INFO - Started process (PID=2942) to work on /home/airflow/.local/lib/python3.7/site-packages/airflow/example_dags/example_latest_only_with_trigger.py
[2022-09-07T16:24:37.281+0000] {processor.py:640} INFO - Processing file /home/airflow/.local/lib/python3.7/site-packages/airflow/example_dags/example_latest_only_with_trigger.py for tasks to queue
[2022-09-07T16:24:37.286+0000] {logging_mixin.py:115} INFO - [2022-09-07T16:24:37.286+0000] {dagbag.py:508} INFO - Filling up the DagBag from /home/airflow/.local/lib/python3.7/site-packages/airflow/example_dags/example_latest_only_with_trigger.py
[2022-09-07T16:24:37.291+0000] {processor.py:650} INFO - DAG(s) dict_keys(['latest_only_with_trigger']) retrieved from /home/airflow/.local/lib/python3.7/site-packages/airflow/example_dags/example_latest_only_with_trigger.py
[2022-09-07T16:24:37.313+0000] {logging_mixin.py:115} INFO - [2022-09-07T16:24:37.312+0000] {dag.py:2429} INFO - Sync 1 DAGs
[2022-09-07T16:24:37.335+0000] {logging_mixin.py:115} INFO - [2022-09-07T16:24:37.335+0000] {dag.py:2981} INFO - Setting next_dagrun for latest_only_with_trigger to 2022-09-07T12:24:37.334987+00:00, run_after=2022-09-07T16:24:37.334987+00:00
[2022-09-07T16:24:37.343+0000] {processor.py:161} INFO - Processing /home/airflow/.local/lib/python3.7/site-packages/airflow/example_dags/example_latest_only_with_trigger.py took 0.066 seconds
[2022-09-07T16:25:07.486+0000] {processor.py:153} INFO - Started process (PID=3257) to work on /home/airflow/.local/lib/python3.7/site-packages/airflow/example_dags/example_latest_only_with_trigger.py
[2022-09-07T16:25:07.490+0000] {processor.py:640} INFO - Processing file /home/airflow/.local/lib/python3.7/site-packages/airflow/example_dags/example_latest_only_with_trigger.py for tasks to queue
[2022-09-07T16:25:07.492+0000] {logging_mixin.py:115} INFO - [2022-09-07T16:25:07.491+0000] {dagbag.py:508} INFO - Filling up the DagBag from /home/airflow/.local/lib/python3.7/site-packages/airflow/example_dags/example_latest_only_with_trigger.py
[2022-09-07T16:25:07.498+0000] {processor.py:650} INFO - DAG(s) dict_keys(['latest_only_with_trigger']) retrieved from /home/airflow/.local/lib/python3.7/site-packages/airflow/example_dags/example_latest_only_with_trigger.py
[2022-09-07T16:25:07.531+0000] {logging_mixin.py:115} INFO - [2022-09-07T16:25:07.530+0000] {dag.py:2429} INFO - Sync 1 DAGs
[2022-09-07T16:25:07.552+0000] {logging_mixin.py:115} INFO - [2022-09-07T16:25:07.552+0000] {dag.py:2981} INFO - Setting next_dagrun for latest_only_with_trigger to 2022-09-07T12:25:07.552125+00:00, run_after=2022-09-07T16:25:07.552125+00:00
[2022-09-07T16:25:07.569+0000] {processor.py:161} INFO - Processing /home/airflow/.local/lib/python3.7/site-packages/airflow/example_dags/example_latest_only_with_trigger.py took 0.088 seconds
[2022-09-07T16:25:37.715+0000] {processor.py:153} INFO - Started process (PID=3318) to work on /home/airflow/.local/lib/python3.7/site-packages/airflow/example_dags/example_latest_only_with_trigger.py
[2022-09-07T16:25:37.717+0000] {processor.py:640} INFO - Processing file /home/airflow/.local/lib/python3.7/site-packages/airflow/example_dags/example_latest_only_with_trigger.py for tasks to queue
[2022-09-07T16:25:37.718+0000] {logging_mixin.py:115} INFO - [2022-09-07T16:25:37.718+0000] {dagbag.py:508} INFO - Filling up the DagBag from /home/airflow/.local/lib/python3.7/site-packages/airflow/example_dags/example_latest_only_with_trigger.py
[2022-09-07T16:25:37.723+0000] {processor.py:650} INFO - DAG(s) dict_keys(['latest_only_with_trigger']) retrieved from /home/airflow/.local/lib/python3.7/site-packages/airflow/example_dags/example_latest_only_with_trigger.py
[2022-09-07T16:25:37.743+0000] {logging_mixin.py:115} INFO - [2022-09-07T16:25:37.743+0000] {dag.py:2429} INFO - Sync 1 DAGs
[2022-09-07T16:25:37.758+0000] {logging_mixin.py:115} INFO - [2022-09-07T16:25:37.758+0000] {dag.py:2981} INFO - Setting next_dagrun for latest_only_with_trigger to 2022-09-07T12:25:37.758373+00:00, run_after=2022-09-07T16:25:37.758373+00:00
[2022-09-07T16:25:37.768+0000] {processor.py:161} INFO - Processing /home/airflow/.local/lib/python3.7/site-packages/airflow/example_dags/example_latest_only_with_trigger.py took 0.056 seconds
[2022-09-07T16:26:07.887+0000] {processor.py:153} INFO - Started process (PID=3378) to work on /home/airflow/.local/lib/python3.7/site-packages/airflow/example_dags/example_latest_only_with_trigger.py
[2022-09-07T16:26:07.889+0000] {processor.py:640} INFO - Processing file /home/airflow/.local/lib/python3.7/site-packages/airflow/example_dags/example_latest_only_with_trigger.py for tasks to queue
[2022-09-07T16:26:07.890+0000] {logging_mixin.py:115} INFO - [2022-09-07T16:26:07.890+0000] {dagbag.py:508} INFO - Filling up the DagBag from /home/airflow/.local/lib/python3.7/site-packages/airflow/example_dags/example_latest_only_with_trigger.py
[2022-09-07T16:26:07.894+0000] {processor.py:650} INFO - DAG(s) dict_keys(['latest_only_with_trigger']) retrieved from /home/airflow/.local/lib/python3.7/site-packages/airflow/example_dags/example_latest_only_with_trigger.py
[2022-09-07T16:26:07.921+0000] {logging_mixin.py:115} INFO - [2022-09-07T16:26:07.921+0000] {dag.py:2429} INFO - Sync 1 DAGs
[2022-09-07T16:26:07.936+0000] {logging_mixin.py:115} INFO - [2022-09-07T16:26:07.936+0000] {dag.py:2981} INFO - Setting next_dagrun for latest_only_with_trigger to 2022-09-07T12:26:07.936435+00:00, run_after=2022-09-07T16:26:07.936435+00:00
[2022-09-07T16:26:07.947+0000] {processor.py:161} INFO - Processing /home/airflow/.local/lib/python3.7/site-packages/airflow/example_dags/example_latest_only_with_trigger.py took 0.063 seconds
[2022-09-07T16:26:38.922+0000] {processor.py:153} INFO - Started process (PID=3432) to work on /home/airflow/.local/lib/python3.7/site-packages/airflow/example_dags/example_latest_only_with_trigger.py
[2022-09-07T16:26:38.942+0000] {processor.py:640} INFO - Processing file /home/airflow/.local/lib/python3.7/site-packages/airflow/example_dags/example_latest_only_with_trigger.py for tasks to queue
[2022-09-07T16:26:38.954+0000] {logging_mixin.py:115} INFO - [2022-09-07T16:26:38.948+0000] {dagbag.py:508} INFO - Filling up the DagBag from /home/airflow/.local/lib/python3.7/site-packages/airflow/example_dags/example_latest_only_with_trigger.py
[2022-09-07T16:26:38.967+0000] {processor.py:650} INFO - DAG(s) dict_keys(['latest_only_with_trigger']) retrieved from /home/airflow/.local/lib/python3.7/site-packages/airflow/example_dags/example_latest_only_with_trigger.py
[2022-09-07T16:26:39.021+0000] {logging_mixin.py:115} INFO - [2022-09-07T16:26:39.021+0000] {dag.py:2429} INFO - Sync 1 DAGs
[2022-09-07T16:26:39.058+0000] {logging_mixin.py:115} INFO - [2022-09-07T16:26:39.058+0000] {dag.py:2981} INFO - Setting next_dagrun for latest_only_with_trigger to 2022-09-07T12:26:39.058102+00:00, run_after=2022-09-07T16:26:39.058102+00:00
[2022-09-07T16:26:39.112+0000] {processor.py:161} INFO - Processing /home/airflow/.local/lib/python3.7/site-packages/airflow/example_dags/example_latest_only_with_trigger.py took 0.196 seconds
[2022-09-07T16:27:09.434+0000] {processor.py:153} INFO - Started process (PID=3493) to work on /home/airflow/.local/lib/python3.7/site-packages/airflow/example_dags/example_latest_only_with_trigger.py
[2022-09-07T16:27:09.437+0000] {processor.py:640} INFO - Processing file /home/airflow/.local/lib/python3.7/site-packages/airflow/example_dags/example_latest_only_with_trigger.py for tasks to queue
[2022-09-07T16:27:09.439+0000] {logging_mixin.py:115} INFO - [2022-09-07T16:27:09.439+0000] {dagbag.py:508} INFO - Filling up the DagBag from /home/airflow/.local/lib/python3.7/site-packages/airflow/example_dags/example_latest_only_with_trigger.py
[2022-09-07T16:27:09.443+0000] {processor.py:650} INFO - DAG(s) dict_keys(['latest_only_with_trigger']) retrieved from /home/airflow/.local/lib/python3.7/site-packages/airflow/example_dags/example_latest_only_with_trigger.py
[2022-09-07T16:27:09.467+0000] {logging_mixin.py:115} INFO - [2022-09-07T16:27:09.467+0000] {dag.py:2429} INFO - Sync 1 DAGs
[2022-09-07T16:27:09.487+0000] {logging_mixin.py:115} INFO - [2022-09-07T16:27:09.487+0000] {dag.py:2981} INFO - Setting next_dagrun for latest_only_with_trigger to 2022-09-07T12:27:09.487229+00:00, run_after=2022-09-07T16:27:09.487229+00:00
[2022-09-07T16:27:09.496+0000] {processor.py:161} INFO - Processing /home/airflow/.local/lib/python3.7/site-packages/airflow/example_dags/example_latest_only_with_trigger.py took 0.065 seconds
[2022-09-07T16:27:40.197+0000] {processor.py:153} INFO - Started process (PID=3555) to work on /home/airflow/.local/lib/python3.7/site-packages/airflow/example_dags/example_latest_only_with_trigger.py
[2022-09-07T16:27:40.199+0000] {processor.py:640} INFO - Processing file /home/airflow/.local/lib/python3.7/site-packages/airflow/example_dags/example_latest_only_with_trigger.py for tasks to queue
[2022-09-07T16:27:40.201+0000] {logging_mixin.py:115} INFO - [2022-09-07T16:27:40.200+0000] {dagbag.py:508} INFO - Filling up the DagBag from /home/airflow/.local/lib/python3.7/site-packages/airflow/example_dags/example_latest_only_with_trigger.py
[2022-09-07T16:27:40.206+0000] {processor.py:650} INFO - DAG(s) dict_keys(['latest_only_with_trigger']) retrieved from /home/airflow/.local/lib/python3.7/site-packages/airflow/example_dags/example_latest_only_with_trigger.py
[2022-09-07T16:27:40.227+0000] {logging_mixin.py:115} INFO - [2022-09-07T16:27:40.226+0000] {dag.py:2429} INFO - Sync 1 DAGs
[2022-09-07T16:27:40.246+0000] {logging_mixin.py:115} INFO - [2022-09-07T16:27:40.245+0000] {dag.py:2981} INFO - Setting next_dagrun for latest_only_with_trigger to 2022-09-07T12:27:40.245762+00:00, run_after=2022-09-07T16:27:40.245762+00:00
[2022-09-07T16:27:40.256+0000] {processor.py:161} INFO - Processing /home/airflow/.local/lib/python3.7/site-packages/airflow/example_dags/example_latest_only_with_trigger.py took 0.061 seconds
[2022-09-07T16:28:10.897+0000] {processor.py:153} INFO - Started process (PID=3616) to work on /home/airflow/.local/lib/python3.7/site-packages/airflow/example_dags/example_latest_only_with_trigger.py
[2022-09-07T16:28:10.900+0000] {processor.py:640} INFO - Processing file /home/airflow/.local/lib/python3.7/site-packages/airflow/example_dags/example_latest_only_with_trigger.py for tasks to queue
[2022-09-07T16:28:10.901+0000] {logging_mixin.py:115} INFO - [2022-09-07T16:28:10.901+0000] {dagbag.py:508} INFO - Filling up the DagBag from /home/airflow/.local/lib/python3.7/site-packages/airflow/example_dags/example_latest_only_with_trigger.py
[2022-09-07T16:28:10.906+0000] {processor.py:650} INFO - DAG(s) dict_keys(['latest_only_with_trigger']) retrieved from /home/airflow/.local/lib/python3.7/site-packages/airflow/example_dags/example_latest_only_with_trigger.py
[2022-09-07T16:28:10.926+0000] {logging_mixin.py:115} INFO - [2022-09-07T16:28:10.926+0000] {dag.py:2429} INFO - Sync 1 DAGs
[2022-09-07T16:28:10.945+0000] {logging_mixin.py:115} INFO - [2022-09-07T16:28:10.945+0000] {dag.py:2981} INFO - Setting next_dagrun for latest_only_with_trigger to 2022-09-07T12:28:10.945315+00:00, run_after=2022-09-07T16:28:10.945315+00:00
[2022-09-07T16:28:10.954+0000] {processor.py:161} INFO - Processing /home/airflow/.local/lib/python3.7/site-packages/airflow/example_dags/example_latest_only_with_trigger.py took 0.060 seconds
[2022-09-07T16:29:20.087+0000] {processor.py:153} INFO - Started process (PID=64) to work on /home/airflow/.local/lib/python3.7/site-packages/airflow/example_dags/example_latest_only_with_trigger.py
[2022-09-07T16:29:20.092+0000] {processor.py:640} INFO - Processing file /home/airflow/.local/lib/python3.7/site-packages/airflow/example_dags/example_latest_only_with_trigger.py for tasks to queue
[2022-09-07T16:29:20.093+0000] {logging_mixin.py:115} INFO - [2022-09-07T16:29:20.093+0000] {dagbag.py:508} INFO - Filling up the DagBag from /home/airflow/.local/lib/python3.7/site-packages/airflow/example_dags/example_latest_only_with_trigger.py
[2022-09-07T16:29:20.106+0000] {processor.py:650} INFO - DAG(s) dict_keys(['latest_only_with_trigger']) retrieved from /home/airflow/.local/lib/python3.7/site-packages/airflow/example_dags/example_latest_only_with_trigger.py
[2022-09-07T16:29:20.171+0000] {logging_mixin.py:115} INFO - [2022-09-07T16:29:20.171+0000] {dag.py:2429} INFO - Sync 1 DAGs
[2022-09-07T16:29:20.218+0000] {logging_mixin.py:115} INFO - [2022-09-07T16:29:20.217+0000] {dag.py:2981} INFO - Setting next_dagrun for latest_only_with_trigger to 2022-09-07T12:29:20.217706+00:00, run_after=2022-09-07T16:29:20.217706+00:00
[2022-09-07T16:29:20.242+0000] {processor.py:161} INFO - Processing /home/airflow/.local/lib/python3.7/site-packages/airflow/example_dags/example_latest_only_with_trigger.py took 0.162 seconds
[2022-09-07T16:29:50.910+0000] {processor.py:153} INFO - Started process (PID=116) to work on /home/airflow/.local/lib/python3.7/site-packages/airflow/example_dags/example_latest_only_with_trigger.py
[2022-09-07T16:29:50.911+0000] {processor.py:640} INFO - Processing file /home/airflow/.local/lib/python3.7/site-packages/airflow/example_dags/example_latest_only_with_trigger.py for tasks to queue
[2022-09-07T16:29:50.912+0000] {logging_mixin.py:115} INFO - [2022-09-07T16:29:50.912+0000] {dagbag.py:508} INFO - Filling up the DagBag from /home/airflow/.local/lib/python3.7/site-packages/airflow/example_dags/example_latest_only_with_trigger.py
[2022-09-07T16:29:50.917+0000] {processor.py:650} INFO - DAG(s) dict_keys(['latest_only_with_trigger']) retrieved from /home/airflow/.local/lib/python3.7/site-packages/airflow/example_dags/example_latest_only_with_trigger.py
[2022-09-07T16:29:50.938+0000] {logging_mixin.py:115} INFO - [2022-09-07T16:29:50.938+0000] {dag.py:2429} INFO - Sync 1 DAGs
[2022-09-07T16:29:50.954+0000] {logging_mixin.py:115} INFO - [2022-09-07T16:29:50.954+0000] {dag.py:2981} INFO - Setting next_dagrun for latest_only_with_trigger to 2022-09-07T12:29:50.954758+00:00, run_after=2022-09-07T16:29:50.954758+00:00
[2022-09-07T16:29:50.965+0000] {processor.py:161} INFO - Processing /home/airflow/.local/lib/python3.7/site-packages/airflow/example_dags/example_latest_only_with_trigger.py took 0.057 seconds
[2022-09-07T16:30:21.206+0000] {processor.py:153} INFO - Started process (PID=176) to work on /home/airflow/.local/lib/python3.7/site-packages/airflow/example_dags/example_latest_only_with_trigger.py
[2022-09-07T16:30:21.208+0000] {processor.py:640} INFO - Processing file /home/airflow/.local/lib/python3.7/site-packages/airflow/example_dags/example_latest_only_with_trigger.py for tasks to queue
[2022-09-07T16:30:21.209+0000] {logging_mixin.py:115} INFO - [2022-09-07T16:30:21.209+0000] {dagbag.py:508} INFO - Filling up the DagBag from /home/airflow/.local/lib/python3.7/site-packages/airflow/example_dags/example_latest_only_with_trigger.py
[2022-09-07T16:30:21.215+0000] {processor.py:650} INFO - DAG(s) dict_keys(['latest_only_with_trigger']) retrieved from /home/airflow/.local/lib/python3.7/site-packages/airflow/example_dags/example_latest_only_with_trigger.py
[2022-09-07T16:30:21.236+0000] {logging_mixin.py:115} INFO - [2022-09-07T16:30:21.236+0000] {dag.py:2429} INFO - Sync 1 DAGs
[2022-09-07T16:30:21.252+0000] {logging_mixin.py:115} INFO - [2022-09-07T16:30:21.252+0000] {dag.py:2981} INFO - Setting next_dagrun for latest_only_with_trigger to 2022-09-07T12:30:21.252574+00:00, run_after=2022-09-07T16:30:21.252574+00:00
[2022-09-07T16:30:21.261+0000] {processor.py:161} INFO - Processing /home/airflow/.local/lib/python3.7/site-packages/airflow/example_dags/example_latest_only_with_trigger.py took 0.059 seconds
[2022-09-07T16:30:52.086+0000] {processor.py:153} INFO - Started process (PID=237) to work on /home/airflow/.local/lib/python3.7/site-packages/airflow/example_dags/example_latest_only_with_trigger.py
[2022-09-07T16:30:52.089+0000] {processor.py:640} INFO - Processing file /home/airflow/.local/lib/python3.7/site-packages/airflow/example_dags/example_latest_only_with_trigger.py for tasks to queue
[2022-09-07T16:30:52.090+0000] {logging_mixin.py:115} INFO - [2022-09-07T16:30:52.090+0000] {dagbag.py:508} INFO - Filling up the DagBag from /home/airflow/.local/lib/python3.7/site-packages/airflow/example_dags/example_latest_only_with_trigger.py
[2022-09-07T16:30:52.096+0000] {processor.py:650} INFO - DAG(s) dict_keys(['latest_only_with_trigger']) retrieved from /home/airflow/.local/lib/python3.7/site-packages/airflow/example_dags/example_latest_only_with_trigger.py
[2022-09-07T16:30:52.127+0000] {logging_mixin.py:115} INFO - [2022-09-07T16:30:52.127+0000] {dag.py:2429} INFO - Sync 1 DAGs
[2022-09-07T16:30:52.154+0000] {logging_mixin.py:115} INFO - [2022-09-07T16:30:52.153+0000] {dag.py:2981} INFO - Setting next_dagrun for latest_only_with_trigger to 2022-09-07T12:30:52.153794+00:00, run_after=2022-09-07T16:30:52.153794+00:00
[2022-09-07T16:30:52.163+0000] {processor.py:161} INFO - Processing /home/airflow/.local/lib/python3.7/site-packages/airflow/example_dags/example_latest_only_with_trigger.py took 0.080 seconds
[2022-09-07T16:31:22.743+0000] {processor.py:153} INFO - Started process (PID=298) to work on /home/airflow/.local/lib/python3.7/site-packages/airflow/example_dags/example_latest_only_with_trigger.py
[2022-09-07T16:31:22.744+0000] {processor.py:640} INFO - Processing file /home/airflow/.local/lib/python3.7/site-packages/airflow/example_dags/example_latest_only_with_trigger.py for tasks to queue
[2022-09-07T16:31:22.745+0000] {logging_mixin.py:115} INFO - [2022-09-07T16:31:22.745+0000] {dagbag.py:508} INFO - Filling up the DagBag from /home/airflow/.local/lib/python3.7/site-packages/airflow/example_dags/example_latest_only_with_trigger.py
[2022-09-07T16:31:22.750+0000] {processor.py:650} INFO - DAG(s) dict_keys(['latest_only_with_trigger']) retrieved from /home/airflow/.local/lib/python3.7/site-packages/airflow/example_dags/example_latest_only_with_trigger.py
[2022-09-07T16:31:22.770+0000] {logging_mixin.py:115} INFO - [2022-09-07T16:31:22.770+0000] {dag.py:2429} INFO - Sync 1 DAGs
[2022-09-07T16:31:22.785+0000] {logging_mixin.py:115} INFO - [2022-09-07T16:31:22.785+0000] {dag.py:2981} INFO - Setting next_dagrun for latest_only_with_trigger to 2022-09-07T12:31:22.785550+00:00, run_after=2022-09-07T16:31:22.785550+00:00
[2022-09-07T16:31:22.796+0000] {processor.py:161} INFO - Processing /home/airflow/.local/lib/python3.7/site-packages/airflow/example_dags/example_latest_only_with_trigger.py took 0.055 seconds
[2022-09-07T17:23:41.014+0000] {processor.py:153} INFO - Started process (PID=64) to work on /home/airflow/.local/lib/python3.7/site-packages/airflow/example_dags/example_latest_only_with_trigger.py
[2022-09-07T17:23:41.016+0000] {processor.py:640} INFO - Processing file /home/airflow/.local/lib/python3.7/site-packages/airflow/example_dags/example_latest_only_with_trigger.py for tasks to queue
[2022-09-07T17:23:41.018+0000] {logging_mixin.py:115} INFO - [2022-09-07T17:23:41.018+0000] {dagbag.py:508} INFO - Filling up the DagBag from /home/airflow/.local/lib/python3.7/site-packages/airflow/example_dags/example_latest_only_with_trigger.py
[2022-09-07T17:23:41.040+0000] {processor.py:650} INFO - DAG(s) dict_keys(['latest_only_with_trigger']) retrieved from /home/airflow/.local/lib/python3.7/site-packages/airflow/example_dags/example_latest_only_with_trigger.py
[2022-09-07T17:23:41.105+0000] {logging_mixin.py:115} INFO - [2022-09-07T17:23:41.105+0000] {dag.py:2429} INFO - Sync 1 DAGs
[2022-09-07T17:23:41.161+0000] {logging_mixin.py:115} INFO - [2022-09-07T17:23:41.160+0000] {dag.py:2981} INFO - Setting next_dagrun for latest_only_with_trigger to 2022-09-07T13:23:41.160259+00:00, run_after=2022-09-07T17:23:41.160259+00:00
[2022-09-07T17:23:41.219+0000] {processor.py:161} INFO - Processing /home/airflow/.local/lib/python3.7/site-packages/airflow/example_dags/example_latest_only_with_trigger.py took 0.208 seconds
[2022-09-07T17:24:11.270+0000] {processor.py:153} INFO - Started process (PID=115) to work on /home/airflow/.local/lib/python3.7/site-packages/airflow/example_dags/example_latest_only_with_trigger.py
[2022-09-07T17:24:11.271+0000] {processor.py:640} INFO - Processing file /home/airflow/.local/lib/python3.7/site-packages/airflow/example_dags/example_latest_only_with_trigger.py for tasks to queue
[2022-09-07T17:24:11.272+0000] {logging_mixin.py:115} INFO - [2022-09-07T17:24:11.272+0000] {dagbag.py:508} INFO - Filling up the DagBag from /home/airflow/.local/lib/python3.7/site-packages/airflow/example_dags/example_latest_only_with_trigger.py
[2022-09-07T17:24:11.279+0000] {processor.py:650} INFO - DAG(s) dict_keys(['latest_only_with_trigger']) retrieved from /home/airflow/.local/lib/python3.7/site-packages/airflow/example_dags/example_latest_only_with_trigger.py
[2022-09-07T17:24:11.300+0000] {logging_mixin.py:115} INFO - [2022-09-07T17:24:11.300+0000] {dag.py:2429} INFO - Sync 1 DAGs
[2022-09-07T17:24:11.319+0000] {logging_mixin.py:115} INFO - [2022-09-07T17:24:11.318+0000] {dag.py:2981} INFO - Setting next_dagrun for latest_only_with_trigger to 2022-09-07T13:24:11.318799+00:00, run_after=2022-09-07T17:24:11.318799+00:00
[2022-09-07T17:24:11.330+0000] {processor.py:161} INFO - Processing /home/airflow/.local/lib/python3.7/site-packages/airflow/example_dags/example_latest_only_with_trigger.py took 0.063 seconds
[2022-09-07T17:24:42.108+0000] {processor.py:153} INFO - Started process (PID=175) to work on /home/airflow/.local/lib/python3.7/site-packages/airflow/example_dags/example_latest_only_with_trigger.py
[2022-09-07T17:24:42.110+0000] {processor.py:640} INFO - Processing file /home/airflow/.local/lib/python3.7/site-packages/airflow/example_dags/example_latest_only_with_trigger.py for tasks to queue
[2022-09-07T17:24:42.111+0000] {logging_mixin.py:115} INFO - [2022-09-07T17:24:42.111+0000] {dagbag.py:508} INFO - Filling up the DagBag from /home/airflow/.local/lib/python3.7/site-packages/airflow/example_dags/example_latest_only_with_trigger.py
[2022-09-07T17:24:42.116+0000] {processor.py:650} INFO - DAG(s) dict_keys(['latest_only_with_trigger']) retrieved from /home/airflow/.local/lib/python3.7/site-packages/airflow/example_dags/example_latest_only_with_trigger.py
[2022-09-07T17:24:42.134+0000] {logging_mixin.py:115} INFO - [2022-09-07T17:24:42.133+0000] {dag.py:2429} INFO - Sync 1 DAGs
[2022-09-07T17:24:42.148+0000] {logging_mixin.py:115} INFO - [2022-09-07T17:24:42.148+0000] {dag.py:2981} INFO - Setting next_dagrun for latest_only_with_trigger to 2022-09-07T13:24:42.148042+00:00, run_after=2022-09-07T17:24:42.148042+00:00
[2022-09-07T17:24:42.160+0000] {processor.py:161} INFO - Processing /home/airflow/.local/lib/python3.7/site-packages/airflow/example_dags/example_latest_only_with_trigger.py took 0.054 seconds
