[2022-09-07T07:55:35.184+0000] {processor.py:153} INFO - Started process (PID=62) to work on /home/airflow/.local/lib/python3.7/site-packages/airflow/example_dags/example_kubernetes_executor.py
[2022-09-07T07:55:35.187+0000] {processor.py:640} INFO - Processing file /home/airflow/.local/lib/python3.7/site-packages/airflow/example_dags/example_kubernetes_executor.py for tasks to queue
[2022-09-07T07:55:35.188+0000] {logging_mixin.py:115} INFO - [2022-09-07T07:55:35.188+0000] {dagbag.py:508} INFO - Filling up the DagBag from /home/airflow/.local/lib/python3.7/site-packages/airflow/example_dags/example_kubernetes_executor.py
[2022-09-07T07:55:35.227+0000] {processor.py:650} INFO - DAG(s) dict_keys(['example_kubernetes_executor']) retrieved from /home/airflow/.local/lib/python3.7/site-packages/airflow/example_dags/example_kubernetes_executor.py
[2022-09-07T07:55:35.364+0000] {logging_mixin.py:115} INFO - [2022-09-07T07:55:35.364+0000] {manager.py:508} INFO - Created Permission View: can delete on DAG:example_kubernetes_executor
[2022-09-07T07:55:35.377+0000] {logging_mixin.py:115} INFO - [2022-09-07T07:55:35.376+0000] {manager.py:508} INFO - Created Permission View: can read on DAG:example_kubernetes_executor
[2022-09-07T07:55:35.388+0000] {logging_mixin.py:115} INFO - [2022-09-07T07:55:35.388+0000] {manager.py:508} INFO - Created Permission View: can edit on DAG:example_kubernetes_executor
[2022-09-07T07:55:35.389+0000] {logging_mixin.py:115} INFO - [2022-09-07T07:55:35.389+0000] {dag.py:2429} INFO - Sync 1 DAGs
[2022-09-07T07:55:35.398+0000] {logging_mixin.py:115} INFO - [2022-09-07T07:55:35.398+0000] {dag.py:2448} INFO - Creating ORM DAG for example_kubernetes_executor
[2022-09-07T07:55:35.419+0000] {logging_mixin.py:115} INFO - [2022-09-07T07:55:35.419+0000] {dag.py:2981} INFO - Setting next_dagrun for example_kubernetes_executor to None, run_after=None
[2022-09-07T07:55:35.434+0000] {processor.py:161} INFO - Processing /home/airflow/.local/lib/python3.7/site-packages/airflow/example_dags/example_kubernetes_executor.py took 0.253 seconds
[2022-09-07T07:56:06.467+0000] {processor.py:153} INFO - Started process (PID=123) to work on /home/airflow/.local/lib/python3.7/site-packages/airflow/example_dags/example_kubernetes_executor.py
[2022-09-07T07:56:06.471+0000] {processor.py:640} INFO - Processing file /home/airflow/.local/lib/python3.7/site-packages/airflow/example_dags/example_kubernetes_executor.py for tasks to queue
[2022-09-07T07:56:06.473+0000] {logging_mixin.py:115} INFO - [2022-09-07T07:56:06.473+0000] {dagbag.py:508} INFO - Filling up the DagBag from /home/airflow/.local/lib/python3.7/site-packages/airflow/example_dags/example_kubernetes_executor.py
[2022-09-07T07:56:06.497+0000] {processor.py:650} INFO - DAG(s) dict_keys(['example_kubernetes_executor']) retrieved from /home/airflow/.local/lib/python3.7/site-packages/airflow/example_dags/example_kubernetes_executor.py
[2022-09-07T07:56:06.514+0000] {logging_mixin.py:115} INFO - [2022-09-07T07:56:06.514+0000] {dag.py:2429} INFO - Sync 1 DAGs
[2022-09-07T07:56:06.527+0000] {logging_mixin.py:115} INFO - [2022-09-07T07:56:06.527+0000] {dag.py:2981} INFO - Setting next_dagrun for example_kubernetes_executor to None, run_after=None
[2022-09-07T07:56:06.544+0000] {processor.py:161} INFO - Processing /home/airflow/.local/lib/python3.7/site-packages/airflow/example_dags/example_kubernetes_executor.py took 0.083 seconds
[2022-09-07T07:56:37.312+0000] {processor.py:153} INFO - Started process (PID=184) to work on /home/airflow/.local/lib/python3.7/site-packages/airflow/example_dags/example_kubernetes_executor.py
[2022-09-07T07:56:37.315+0000] {processor.py:640} INFO - Processing file /home/airflow/.local/lib/python3.7/site-packages/airflow/example_dags/example_kubernetes_executor.py for tasks to queue
[2022-09-07T07:56:37.317+0000] {logging_mixin.py:115} INFO - [2022-09-07T07:56:37.317+0000] {dagbag.py:508} INFO - Filling up the DagBag from /home/airflow/.local/lib/python3.7/site-packages/airflow/example_dags/example_kubernetes_executor.py
[2022-09-07T07:56:37.337+0000] {processor.py:650} INFO - DAG(s) dict_keys(['example_kubernetes_executor']) retrieved from /home/airflow/.local/lib/python3.7/site-packages/airflow/example_dags/example_kubernetes_executor.py
[2022-09-07T07:56:37.354+0000] {logging_mixin.py:115} INFO - [2022-09-07T07:56:37.354+0000] {dag.py:2429} INFO - Sync 1 DAGs
[2022-09-07T07:56:37.367+0000] {logging_mixin.py:115} INFO - [2022-09-07T07:56:37.367+0000] {dag.py:2981} INFO - Setting next_dagrun for example_kubernetes_executor to None, run_after=None
[2022-09-07T07:56:37.376+0000] {processor.py:161} INFO - Processing /home/airflow/.local/lib/python3.7/site-packages/airflow/example_dags/example_kubernetes_executor.py took 0.070 seconds
[2022-09-07T07:57:07.855+0000] {processor.py:153} INFO - Started process (PID=245) to work on /home/airflow/.local/lib/python3.7/site-packages/airflow/example_dags/example_kubernetes_executor.py
[2022-09-07T07:57:07.861+0000] {processor.py:640} INFO - Processing file /home/airflow/.local/lib/python3.7/site-packages/airflow/example_dags/example_kubernetes_executor.py for tasks to queue
[2022-09-07T07:57:07.865+0000] {logging_mixin.py:115} INFO - [2022-09-07T07:57:07.865+0000] {dagbag.py:508} INFO - Filling up the DagBag from /home/airflow/.local/lib/python3.7/site-packages/airflow/example_dags/example_kubernetes_executor.py
[2022-09-07T07:57:07.889+0000] {processor.py:650} INFO - DAG(s) dict_keys(['example_kubernetes_executor']) retrieved from /home/airflow/.local/lib/python3.7/site-packages/airflow/example_dags/example_kubernetes_executor.py
[2022-09-07T07:57:07.918+0000] {logging_mixin.py:115} INFO - [2022-09-07T07:57:07.918+0000] {dag.py:2429} INFO - Sync 1 DAGs
[2022-09-07T07:57:07.932+0000] {logging_mixin.py:115} INFO - [2022-09-07T07:57:07.932+0000] {dag.py:2981} INFO - Setting next_dagrun for example_kubernetes_executor to None, run_after=None
[2022-09-07T07:57:07.941+0000] {processor.py:161} INFO - Processing /home/airflow/.local/lib/python3.7/site-packages/airflow/example_dags/example_kubernetes_executor.py took 0.092 seconds
[2022-09-07T07:57:38.465+0000] {processor.py:153} INFO - Started process (PID=306) to work on /home/airflow/.local/lib/python3.7/site-packages/airflow/example_dags/example_kubernetes_executor.py
[2022-09-07T07:57:38.468+0000] {processor.py:640} INFO - Processing file /home/airflow/.local/lib/python3.7/site-packages/airflow/example_dags/example_kubernetes_executor.py for tasks to queue
[2022-09-07T07:57:38.470+0000] {logging_mixin.py:115} INFO - [2022-09-07T07:57:38.470+0000] {dagbag.py:508} INFO - Filling up the DagBag from /home/airflow/.local/lib/python3.7/site-packages/airflow/example_dags/example_kubernetes_executor.py
[2022-09-07T07:57:38.489+0000] {processor.py:650} INFO - DAG(s) dict_keys(['example_kubernetes_executor']) retrieved from /home/airflow/.local/lib/python3.7/site-packages/airflow/example_dags/example_kubernetes_executor.py
[2022-09-07T07:57:38.508+0000] {logging_mixin.py:115} INFO - [2022-09-07T07:57:38.507+0000] {dag.py:2429} INFO - Sync 1 DAGs
[2022-09-07T07:57:38.521+0000] {logging_mixin.py:115} INFO - [2022-09-07T07:57:38.521+0000] {dag.py:2981} INFO - Setting next_dagrun for example_kubernetes_executor to None, run_after=None
[2022-09-07T07:57:38.532+0000] {processor.py:161} INFO - Processing /home/airflow/.local/lib/python3.7/site-packages/airflow/example_dags/example_kubernetes_executor.py took 0.069 seconds
[2022-09-07T07:58:09.508+0000] {processor.py:153} INFO - Started process (PID=366) to work on /home/airflow/.local/lib/python3.7/site-packages/airflow/example_dags/example_kubernetes_executor.py
[2022-09-07T07:58:09.510+0000] {processor.py:640} INFO - Processing file /home/airflow/.local/lib/python3.7/site-packages/airflow/example_dags/example_kubernetes_executor.py for tasks to queue
[2022-09-07T07:58:09.511+0000] {logging_mixin.py:115} INFO - [2022-09-07T07:58:09.511+0000] {dagbag.py:508} INFO - Filling up the DagBag from /home/airflow/.local/lib/python3.7/site-packages/airflow/example_dags/example_kubernetes_executor.py
[2022-09-07T07:58:09.526+0000] {processor.py:650} INFO - DAG(s) dict_keys(['example_kubernetes_executor']) retrieved from /home/airflow/.local/lib/python3.7/site-packages/airflow/example_dags/example_kubernetes_executor.py
[2022-09-07T07:58:09.545+0000] {logging_mixin.py:115} INFO - [2022-09-07T07:58:09.545+0000] {dag.py:2429} INFO - Sync 1 DAGs
[2022-09-07T07:58:09.560+0000] {logging_mixin.py:115} INFO - [2022-09-07T07:58:09.560+0000] {dag.py:2981} INFO - Setting next_dagrun for example_kubernetes_executor to None, run_after=None
[2022-09-07T07:58:09.571+0000] {processor.py:161} INFO - Processing /home/airflow/.local/lib/python3.7/site-packages/airflow/example_dags/example_kubernetes_executor.py took 0.065 seconds
[2022-09-07T07:58:39.670+0000] {processor.py:153} INFO - Started process (PID=417) to work on /home/airflow/.local/lib/python3.7/site-packages/airflow/example_dags/example_kubernetes_executor.py
[2022-09-07T07:58:39.675+0000] {processor.py:640} INFO - Processing file /home/airflow/.local/lib/python3.7/site-packages/airflow/example_dags/example_kubernetes_executor.py for tasks to queue
[2022-09-07T07:58:39.677+0000] {logging_mixin.py:115} INFO - [2022-09-07T07:58:39.677+0000] {dagbag.py:508} INFO - Filling up the DagBag from /home/airflow/.local/lib/python3.7/site-packages/airflow/example_dags/example_kubernetes_executor.py
[2022-09-07T07:58:39.699+0000] {processor.py:650} INFO - DAG(s) dict_keys(['example_kubernetes_executor']) retrieved from /home/airflow/.local/lib/python3.7/site-packages/airflow/example_dags/example_kubernetes_executor.py
[2022-09-07T07:58:39.718+0000] {logging_mixin.py:115} INFO - [2022-09-07T07:58:39.718+0000] {dag.py:2429} INFO - Sync 1 DAGs
[2022-09-07T07:58:39.731+0000] {logging_mixin.py:115} INFO - [2022-09-07T07:58:39.731+0000] {dag.py:2981} INFO - Setting next_dagrun for example_kubernetes_executor to None, run_after=None
[2022-09-07T07:58:39.740+0000] {processor.py:161} INFO - Processing /home/airflow/.local/lib/python3.7/site-packages/airflow/example_dags/example_kubernetes_executor.py took 0.075 seconds
[2022-09-07T07:59:10.556+0000] {processor.py:153} INFO - Started process (PID=478) to work on /home/airflow/.local/lib/python3.7/site-packages/airflow/example_dags/example_kubernetes_executor.py
[2022-09-07T07:59:10.560+0000] {processor.py:640} INFO - Processing file /home/airflow/.local/lib/python3.7/site-packages/airflow/example_dags/example_kubernetes_executor.py for tasks to queue
[2022-09-07T07:59:10.563+0000] {logging_mixin.py:115} INFO - [2022-09-07T07:59:10.562+0000] {dagbag.py:508} INFO - Filling up the DagBag from /home/airflow/.local/lib/python3.7/site-packages/airflow/example_dags/example_kubernetes_executor.py
[2022-09-07T07:59:10.589+0000] {processor.py:650} INFO - DAG(s) dict_keys(['example_kubernetes_executor']) retrieved from /home/airflow/.local/lib/python3.7/site-packages/airflow/example_dags/example_kubernetes_executor.py
[2022-09-07T07:59:10.608+0000] {logging_mixin.py:115} INFO - [2022-09-07T07:59:10.608+0000] {dag.py:2429} INFO - Sync 1 DAGs
[2022-09-07T07:59:10.619+0000] {logging_mixin.py:115} INFO - [2022-09-07T07:59:10.619+0000] {dag.py:2981} INFO - Setting next_dagrun for example_kubernetes_executor to None, run_after=None
[2022-09-07T07:59:10.628+0000] {processor.py:161} INFO - Processing /home/airflow/.local/lib/python3.7/site-packages/airflow/example_dags/example_kubernetes_executor.py took 0.077 seconds
[2022-09-07T07:59:41.393+0000] {processor.py:153} INFO - Started process (PID=538) to work on /home/airflow/.local/lib/python3.7/site-packages/airflow/example_dags/example_kubernetes_executor.py
[2022-09-07T07:59:41.397+0000] {processor.py:640} INFO - Processing file /home/airflow/.local/lib/python3.7/site-packages/airflow/example_dags/example_kubernetes_executor.py for tasks to queue
[2022-09-07T07:59:41.400+0000] {logging_mixin.py:115} INFO - [2022-09-07T07:59:41.400+0000] {dagbag.py:508} INFO - Filling up the DagBag from /home/airflow/.local/lib/python3.7/site-packages/airflow/example_dags/example_kubernetes_executor.py
[2022-09-07T07:59:41.424+0000] {processor.py:650} INFO - DAG(s) dict_keys(['example_kubernetes_executor']) retrieved from /home/airflow/.local/lib/python3.7/site-packages/airflow/example_dags/example_kubernetes_executor.py
[2022-09-07T07:59:41.443+0000] {logging_mixin.py:115} INFO - [2022-09-07T07:59:41.443+0000] {dag.py:2429} INFO - Sync 1 DAGs
[2022-09-07T07:59:41.455+0000] {logging_mixin.py:115} INFO - [2022-09-07T07:59:41.455+0000] {dag.py:2981} INFO - Setting next_dagrun for example_kubernetes_executor to None, run_after=None
[2022-09-07T07:59:41.465+0000] {processor.py:161} INFO - Processing /home/airflow/.local/lib/python3.7/site-packages/airflow/example_dags/example_kubernetes_executor.py took 0.077 seconds
[2022-09-07T08:00:12.254+0000] {processor.py:153} INFO - Started process (PID=599) to work on /home/airflow/.local/lib/python3.7/site-packages/airflow/example_dags/example_kubernetes_executor.py
[2022-09-07T08:00:12.257+0000] {processor.py:640} INFO - Processing file /home/airflow/.local/lib/python3.7/site-packages/airflow/example_dags/example_kubernetes_executor.py for tasks to queue
[2022-09-07T08:00:12.259+0000] {logging_mixin.py:115} INFO - [2022-09-07T08:00:12.259+0000] {dagbag.py:508} INFO - Filling up the DagBag from /home/airflow/.local/lib/python3.7/site-packages/airflow/example_dags/example_kubernetes_executor.py
[2022-09-07T08:00:12.275+0000] {processor.py:650} INFO - DAG(s) dict_keys(['example_kubernetes_executor']) retrieved from /home/airflow/.local/lib/python3.7/site-packages/airflow/example_dags/example_kubernetes_executor.py
[2022-09-07T08:00:12.294+0000] {logging_mixin.py:115} INFO - [2022-09-07T08:00:12.294+0000] {dag.py:2429} INFO - Sync 1 DAGs
[2022-09-07T08:00:12.307+0000] {logging_mixin.py:115} INFO - [2022-09-07T08:00:12.307+0000] {dag.py:2981} INFO - Setting next_dagrun for example_kubernetes_executor to None, run_after=None
[2022-09-07T08:00:12.316+0000] {processor.py:161} INFO - Processing /home/airflow/.local/lib/python3.7/site-packages/airflow/example_dags/example_kubernetes_executor.py took 0.064 seconds
[2022-09-07T08:00:43.115+0000] {processor.py:153} INFO - Started process (PID=996) to work on /home/airflow/.local/lib/python3.7/site-packages/airflow/example_dags/example_kubernetes_executor.py
[2022-09-07T08:00:43.117+0000] {processor.py:640} INFO - Processing file /home/airflow/.local/lib/python3.7/site-packages/airflow/example_dags/example_kubernetes_executor.py for tasks to queue
[2022-09-07T08:00:43.120+0000] {logging_mixin.py:115} INFO - [2022-09-07T08:00:43.119+0000] {dagbag.py:508} INFO - Filling up the DagBag from /home/airflow/.local/lib/python3.7/site-packages/airflow/example_dags/example_kubernetes_executor.py
[2022-09-07T08:00:43.136+0000] {processor.py:650} INFO - DAG(s) dict_keys(['example_kubernetes_executor']) retrieved from /home/airflow/.local/lib/python3.7/site-packages/airflow/example_dags/example_kubernetes_executor.py
[2022-09-07T08:00:43.155+0000] {logging_mixin.py:115} INFO - [2022-09-07T08:00:43.155+0000] {dag.py:2429} INFO - Sync 1 DAGs
[2022-09-07T08:00:43.171+0000] {logging_mixin.py:115} INFO - [2022-09-07T08:00:43.170+0000] {dag.py:2981} INFO - Setting next_dagrun for example_kubernetes_executor to None, run_after=None
[2022-09-07T08:00:43.185+0000] {processor.py:161} INFO - Processing /home/airflow/.local/lib/python3.7/site-packages/airflow/example_dags/example_kubernetes_executor.py took 0.072 seconds
[2022-09-07T08:01:13.948+0000] {processor.py:153} INFO - Started process (PID=2133) to work on /home/airflow/.local/lib/python3.7/site-packages/airflow/example_dags/example_kubernetes_executor.py
[2022-09-07T08:01:13.952+0000] {processor.py:640} INFO - Processing file /home/airflow/.local/lib/python3.7/site-packages/airflow/example_dags/example_kubernetes_executor.py for tasks to queue
[2022-09-07T08:01:13.953+0000] {logging_mixin.py:115} INFO - [2022-09-07T08:01:13.953+0000] {dagbag.py:508} INFO - Filling up the DagBag from /home/airflow/.local/lib/python3.7/site-packages/airflow/example_dags/example_kubernetes_executor.py
[2022-09-07T08:01:13.975+0000] {processor.py:650} INFO - DAG(s) dict_keys(['example_kubernetes_executor']) retrieved from /home/airflow/.local/lib/python3.7/site-packages/airflow/example_dags/example_kubernetes_executor.py
[2022-09-07T08:01:13.994+0000] {logging_mixin.py:115} INFO - [2022-09-07T08:01:13.994+0000] {dag.py:2429} INFO - Sync 1 DAGs
[2022-09-07T08:01:14.007+0000] {logging_mixin.py:115} INFO - [2022-09-07T08:01:14.007+0000] {dag.py:2981} INFO - Setting next_dagrun for example_kubernetes_executor to None, run_after=None
[2022-09-07T08:01:14.015+0000] {processor.py:161} INFO - Processing /home/airflow/.local/lib/python3.7/site-packages/airflow/example_dags/example_kubernetes_executor.py took 0.071 seconds
[2022-09-07T08:01:44.690+0000] {processor.py:153} INFO - Started process (PID=2351) to work on /home/airflow/.local/lib/python3.7/site-packages/airflow/example_dags/example_kubernetes_executor.py
[2022-09-07T08:01:44.693+0000] {processor.py:640} INFO - Processing file /home/airflow/.local/lib/python3.7/site-packages/airflow/example_dags/example_kubernetes_executor.py for tasks to queue
[2022-09-07T08:01:44.695+0000] {logging_mixin.py:115} INFO - [2022-09-07T08:01:44.695+0000] {dagbag.py:508} INFO - Filling up the DagBag from /home/airflow/.local/lib/python3.7/site-packages/airflow/example_dags/example_kubernetes_executor.py
[2022-09-07T08:01:44.715+0000] {processor.py:650} INFO - DAG(s) dict_keys(['example_kubernetes_executor']) retrieved from /home/airflow/.local/lib/python3.7/site-packages/airflow/example_dags/example_kubernetes_executor.py
[2022-09-07T08:01:44.744+0000] {logging_mixin.py:115} INFO - [2022-09-07T08:01:44.744+0000] {dag.py:2429} INFO - Sync 1 DAGs
[2022-09-07T08:01:44.763+0000] {logging_mixin.py:115} INFO - [2022-09-07T08:01:44.762+0000] {dag.py:2981} INFO - Setting next_dagrun for example_kubernetes_executor to None, run_after=None
[2022-09-07T08:01:44.773+0000] {processor.py:161} INFO - Processing /home/airflow/.local/lib/python3.7/site-packages/airflow/example_dags/example_kubernetes_executor.py took 0.086 seconds
[2022-09-07T08:02:15.473+0000] {processor.py:153} INFO - Started process (PID=2413) to work on /home/airflow/.local/lib/python3.7/site-packages/airflow/example_dags/example_kubernetes_executor.py
[2022-09-07T08:02:15.475+0000] {processor.py:640} INFO - Processing file /home/airflow/.local/lib/python3.7/site-packages/airflow/example_dags/example_kubernetes_executor.py for tasks to queue
[2022-09-07T08:02:15.477+0000] {logging_mixin.py:115} INFO - [2022-09-07T08:02:15.477+0000] {dagbag.py:508} INFO - Filling up the DagBag from /home/airflow/.local/lib/python3.7/site-packages/airflow/example_dags/example_kubernetes_executor.py
[2022-09-07T08:02:15.499+0000] {processor.py:650} INFO - DAG(s) dict_keys(['example_kubernetes_executor']) retrieved from /home/airflow/.local/lib/python3.7/site-packages/airflow/example_dags/example_kubernetes_executor.py
[2022-09-07T08:02:15.520+0000] {logging_mixin.py:115} INFO - [2022-09-07T08:02:15.520+0000] {dag.py:2429} INFO - Sync 1 DAGs
[2022-09-07T08:02:15.534+0000] {logging_mixin.py:115} INFO - [2022-09-07T08:02:15.534+0000] {dag.py:2981} INFO - Setting next_dagrun for example_kubernetes_executor to None, run_after=None
[2022-09-07T08:02:15.542+0000] {processor.py:161} INFO - Processing /home/airflow/.local/lib/python3.7/site-packages/airflow/example_dags/example_kubernetes_executor.py took 0.072 seconds
[2022-09-07T08:02:46.346+0000] {processor.py:153} INFO - Started process (PID=2473) to work on /home/airflow/.local/lib/python3.7/site-packages/airflow/example_dags/example_kubernetes_executor.py
[2022-09-07T08:02:46.351+0000] {processor.py:640} INFO - Processing file /home/airflow/.local/lib/python3.7/site-packages/airflow/example_dags/example_kubernetes_executor.py for tasks to queue
[2022-09-07T08:02:46.353+0000] {logging_mixin.py:115} INFO - [2022-09-07T08:02:46.353+0000] {dagbag.py:508} INFO - Filling up the DagBag from /home/airflow/.local/lib/python3.7/site-packages/airflow/example_dags/example_kubernetes_executor.py
[2022-09-07T08:02:46.373+0000] {processor.py:650} INFO - DAG(s) dict_keys(['example_kubernetes_executor']) retrieved from /home/airflow/.local/lib/python3.7/site-packages/airflow/example_dags/example_kubernetes_executor.py
[2022-09-07T08:02:46.391+0000] {logging_mixin.py:115} INFO - [2022-09-07T08:02:46.391+0000] {dag.py:2429} INFO - Sync 1 DAGs
[2022-09-07T08:02:46.405+0000] {logging_mixin.py:115} INFO - [2022-09-07T08:02:46.405+0000] {dag.py:2981} INFO - Setting next_dagrun for example_kubernetes_executor to None, run_after=None
[2022-09-07T08:02:46.412+0000] {processor.py:161} INFO - Processing /home/airflow/.local/lib/python3.7/site-packages/airflow/example_dags/example_kubernetes_executor.py took 0.075 seconds
[2022-09-07T08:03:17.107+0000] {processor.py:153} INFO - Started process (PID=2533) to work on /home/airflow/.local/lib/python3.7/site-packages/airflow/example_dags/example_kubernetes_executor.py
[2022-09-07T08:03:17.112+0000] {processor.py:640} INFO - Processing file /home/airflow/.local/lib/python3.7/site-packages/airflow/example_dags/example_kubernetes_executor.py for tasks to queue
[2022-09-07T08:03:17.115+0000] {logging_mixin.py:115} INFO - [2022-09-07T08:03:17.115+0000] {dagbag.py:508} INFO - Filling up the DagBag from /home/airflow/.local/lib/python3.7/site-packages/airflow/example_dags/example_kubernetes_executor.py
[2022-09-07T08:03:17.135+0000] {processor.py:650} INFO - DAG(s) dict_keys(['example_kubernetes_executor']) retrieved from /home/airflow/.local/lib/python3.7/site-packages/airflow/example_dags/example_kubernetes_executor.py
[2022-09-07T08:03:17.152+0000] {logging_mixin.py:115} INFO - [2022-09-07T08:03:17.152+0000] {dag.py:2429} INFO - Sync 1 DAGs
[2022-09-07T08:03:17.165+0000] {logging_mixin.py:115} INFO - [2022-09-07T08:03:17.165+0000] {dag.py:2981} INFO - Setting next_dagrun for example_kubernetes_executor to None, run_after=None
[2022-09-07T08:03:17.174+0000] {processor.py:161} INFO - Processing /home/airflow/.local/lib/python3.7/site-packages/airflow/example_dags/example_kubernetes_executor.py took 0.075 seconds
[2022-09-07T08:03:47.805+0000] {processor.py:153} INFO - Started process (PID=2594) to work on /home/airflow/.local/lib/python3.7/site-packages/airflow/example_dags/example_kubernetes_executor.py
[2022-09-07T08:03:47.808+0000] {processor.py:640} INFO - Processing file /home/airflow/.local/lib/python3.7/site-packages/airflow/example_dags/example_kubernetes_executor.py for tasks to queue
[2022-09-07T08:03:47.809+0000] {logging_mixin.py:115} INFO - [2022-09-07T08:03:47.809+0000] {dagbag.py:508} INFO - Filling up the DagBag from /home/airflow/.local/lib/python3.7/site-packages/airflow/example_dags/example_kubernetes_executor.py
[2022-09-07T08:03:47.824+0000] {processor.py:650} INFO - DAG(s) dict_keys(['example_kubernetes_executor']) retrieved from /home/airflow/.local/lib/python3.7/site-packages/airflow/example_dags/example_kubernetes_executor.py
[2022-09-07T08:03:47.843+0000] {logging_mixin.py:115} INFO - [2022-09-07T08:03:47.843+0000] {dag.py:2429} INFO - Sync 1 DAGs
[2022-09-07T08:03:47.857+0000] {logging_mixin.py:115} INFO - [2022-09-07T08:03:47.857+0000] {dag.py:2981} INFO - Setting next_dagrun for example_kubernetes_executor to None, run_after=None
[2022-09-07T08:03:47.865+0000] {processor.py:161} INFO - Processing /home/airflow/.local/lib/python3.7/site-packages/airflow/example_dags/example_kubernetes_executor.py took 0.062 seconds
[2022-09-07T08:04:18.546+0000] {processor.py:153} INFO - Started process (PID=2655) to work on /home/airflow/.local/lib/python3.7/site-packages/airflow/example_dags/example_kubernetes_executor.py
[2022-09-07T08:04:18.548+0000] {processor.py:640} INFO - Processing file /home/airflow/.local/lib/python3.7/site-packages/airflow/example_dags/example_kubernetes_executor.py for tasks to queue
[2022-09-07T08:04:18.549+0000] {logging_mixin.py:115} INFO - [2022-09-07T08:04:18.549+0000] {dagbag.py:508} INFO - Filling up the DagBag from /home/airflow/.local/lib/python3.7/site-packages/airflow/example_dags/example_kubernetes_executor.py
[2022-09-07T08:04:18.564+0000] {processor.py:650} INFO - DAG(s) dict_keys(['example_kubernetes_executor']) retrieved from /home/airflow/.local/lib/python3.7/site-packages/airflow/example_dags/example_kubernetes_executor.py
[2022-09-07T08:04:18.582+0000] {logging_mixin.py:115} INFO - [2022-09-07T08:04:18.582+0000] {dag.py:2429} INFO - Sync 1 DAGs
[2022-09-07T08:04:18.596+0000] {logging_mixin.py:115} INFO - [2022-09-07T08:04:18.596+0000] {dag.py:2981} INFO - Setting next_dagrun for example_kubernetes_executor to None, run_after=None
[2022-09-07T08:04:18.604+0000] {processor.py:161} INFO - Processing /home/airflow/.local/lib/python3.7/site-packages/airflow/example_dags/example_kubernetes_executor.py took 0.062 seconds
[2022-09-07T16:21:02.266+0000] {processor.py:153} INFO - Started process (PID=79) to work on /home/airflow/.local/lib/python3.7/site-packages/airflow/example_dags/example_kubernetes_executor.py
[2022-09-07T16:21:02.267+0000] {processor.py:640} INFO - Processing file /home/airflow/.local/lib/python3.7/site-packages/airflow/example_dags/example_kubernetes_executor.py for tasks to queue
[2022-09-07T16:21:02.268+0000] {logging_mixin.py:115} INFO - [2022-09-07T16:21:02.268+0000] {dagbag.py:508} INFO - Filling up the DagBag from /home/airflow/.local/lib/python3.7/site-packages/airflow/example_dags/example_kubernetes_executor.py
[2022-09-07T16:21:02.287+0000] {processor.py:650} INFO - DAG(s) dict_keys(['example_kubernetes_executor']) retrieved from /home/airflow/.local/lib/python3.7/site-packages/airflow/example_dags/example_kubernetes_executor.py
[2022-09-07T16:21:02.310+0000] {logging_mixin.py:115} INFO - [2022-09-07T16:21:02.310+0000] {dag.py:2429} INFO - Sync 1 DAGs
[2022-09-07T16:21:02.329+0000] {logging_mixin.py:115} INFO - [2022-09-07T16:21:02.329+0000] {dag.py:2981} INFO - Setting next_dagrun for example_kubernetes_executor to None, run_after=None
[2022-09-07T16:21:02.340+0000] {processor.py:161} INFO - Processing /home/airflow/.local/lib/python3.7/site-packages/airflow/example_dags/example_kubernetes_executor.py took 0.077 seconds
[2022-09-07T16:21:32.875+0000] {processor.py:153} INFO - Started process (PID=139) to work on /home/airflow/.local/lib/python3.7/site-packages/airflow/example_dags/example_kubernetes_executor.py
[2022-09-07T16:21:32.876+0000] {processor.py:640} INFO - Processing file /home/airflow/.local/lib/python3.7/site-packages/airflow/example_dags/example_kubernetes_executor.py for tasks to queue
[2022-09-07T16:21:32.878+0000] {logging_mixin.py:115} INFO - [2022-09-07T16:21:32.878+0000] {dagbag.py:508} INFO - Filling up the DagBag from /home/airflow/.local/lib/python3.7/site-packages/airflow/example_dags/example_kubernetes_executor.py
[2022-09-07T16:21:32.894+0000] {processor.py:650} INFO - DAG(s) dict_keys(['example_kubernetes_executor']) retrieved from /home/airflow/.local/lib/python3.7/site-packages/airflow/example_dags/example_kubernetes_executor.py
[2022-09-07T16:21:32.912+0000] {logging_mixin.py:115} INFO - [2022-09-07T16:21:32.912+0000] {dag.py:2429} INFO - Sync 1 DAGs
[2022-09-07T16:21:32.927+0000] {logging_mixin.py:115} INFO - [2022-09-07T16:21:32.927+0000] {dag.py:2981} INFO - Setting next_dagrun for example_kubernetes_executor to None, run_after=None
[2022-09-07T16:21:32.935+0000] {processor.py:161} INFO - Processing /home/airflow/.local/lib/python3.7/site-packages/airflow/example_dags/example_kubernetes_executor.py took 0.063 seconds
[2022-09-07T16:22:03.986+0000] {processor.py:153} INFO - Started process (PID=607) to work on /home/airflow/.local/lib/python3.7/site-packages/airflow/example_dags/example_kubernetes_executor.py
[2022-09-07T16:22:03.988+0000] {processor.py:640} INFO - Processing file /home/airflow/.local/lib/python3.7/site-packages/airflow/example_dags/example_kubernetes_executor.py for tasks to queue
[2022-09-07T16:22:03.990+0000] {logging_mixin.py:115} INFO - [2022-09-07T16:22:03.990+0000] {dagbag.py:508} INFO - Filling up the DagBag from /home/airflow/.local/lib/python3.7/site-packages/airflow/example_dags/example_kubernetes_executor.py
[2022-09-07T16:22:04.011+0000] {processor.py:650} INFO - DAG(s) dict_keys(['example_kubernetes_executor']) retrieved from /home/airflow/.local/lib/python3.7/site-packages/airflow/example_dags/example_kubernetes_executor.py
[2022-09-07T16:22:04.035+0000] {logging_mixin.py:115} INFO - [2022-09-07T16:22:04.035+0000] {dag.py:2429} INFO - Sync 1 DAGs
[2022-09-07T16:22:04.070+0000] {logging_mixin.py:115} INFO - [2022-09-07T16:22:04.070+0000] {dag.py:2981} INFO - Setting next_dagrun for example_kubernetes_executor to None, run_after=None
[2022-09-07T16:22:04.080+0000] {processor.py:161} INFO - Processing /home/airflow/.local/lib/python3.7/site-packages/airflow/example_dags/example_kubernetes_executor.py took 0.096 seconds
[2022-09-07T16:22:34.706+0000] {processor.py:153} INFO - Started process (PID=1311) to work on /home/airflow/.local/lib/python3.7/site-packages/airflow/example_dags/example_kubernetes_executor.py
[2022-09-07T16:22:34.707+0000] {processor.py:640} INFO - Processing file /home/airflow/.local/lib/python3.7/site-packages/airflow/example_dags/example_kubernetes_executor.py for tasks to queue
[2022-09-07T16:22:34.709+0000] {logging_mixin.py:115} INFO - [2022-09-07T16:22:34.708+0000] {dagbag.py:508} INFO - Filling up the DagBag from /home/airflow/.local/lib/python3.7/site-packages/airflow/example_dags/example_kubernetes_executor.py
[2022-09-07T16:22:34.729+0000] {processor.py:650} INFO - DAG(s) dict_keys(['example_kubernetes_executor']) retrieved from /home/airflow/.local/lib/python3.7/site-packages/airflow/example_dags/example_kubernetes_executor.py
[2022-09-07T16:22:34.748+0000] {logging_mixin.py:115} INFO - [2022-09-07T16:22:34.748+0000] {dag.py:2429} INFO - Sync 1 DAGs
[2022-09-07T16:22:34.762+0000] {logging_mixin.py:115} INFO - [2022-09-07T16:22:34.762+0000] {dag.py:2981} INFO - Setting next_dagrun for example_kubernetes_executor to None, run_after=None
[2022-09-07T16:22:34.771+0000] {processor.py:161} INFO - Processing /home/airflow/.local/lib/python3.7/site-packages/airflow/example_dags/example_kubernetes_executor.py took 0.067 seconds
[2022-09-07T16:23:05.538+0000] {processor.py:153} INFO - Started process (PID=1851) to work on /home/airflow/.local/lib/python3.7/site-packages/airflow/example_dags/example_kubernetes_executor.py
[2022-09-07T16:23:05.540+0000] {processor.py:640} INFO - Processing file /home/airflow/.local/lib/python3.7/site-packages/airflow/example_dags/example_kubernetes_executor.py for tasks to queue
[2022-09-07T16:23:05.540+0000] {logging_mixin.py:115} INFO - [2022-09-07T16:23:05.540+0000] {dagbag.py:508} INFO - Filling up the DagBag from /home/airflow/.local/lib/python3.7/site-packages/airflow/example_dags/example_kubernetes_executor.py
[2022-09-07T16:23:05.554+0000] {processor.py:650} INFO - DAG(s) dict_keys(['example_kubernetes_executor']) retrieved from /home/airflow/.local/lib/python3.7/site-packages/airflow/example_dags/example_kubernetes_executor.py
[2022-09-07T16:23:05.572+0000] {logging_mixin.py:115} INFO - [2022-09-07T16:23:05.572+0000] {dag.py:2429} INFO - Sync 1 DAGs
[2022-09-07T16:23:05.589+0000] {logging_mixin.py:115} INFO - [2022-09-07T16:23:05.589+0000] {dag.py:2981} INFO - Setting next_dagrun for example_kubernetes_executor to None, run_after=None
[2022-09-07T16:23:05.597+0000] {processor.py:161} INFO - Processing /home/airflow/.local/lib/python3.7/site-packages/airflow/example_dags/example_kubernetes_executor.py took 0.061 seconds
[2022-09-07T16:23:36.259+0000] {processor.py:153} INFO - Started process (PID=2211) to work on /home/airflow/.local/lib/python3.7/site-packages/airflow/example_dags/example_kubernetes_executor.py
[2022-09-07T16:23:36.263+0000] {processor.py:640} INFO - Processing file /home/airflow/.local/lib/python3.7/site-packages/airflow/example_dags/example_kubernetes_executor.py for tasks to queue
[2022-09-07T16:23:36.264+0000] {logging_mixin.py:115} INFO - [2022-09-07T16:23:36.264+0000] {dagbag.py:508} INFO - Filling up the DagBag from /home/airflow/.local/lib/python3.7/site-packages/airflow/example_dags/example_kubernetes_executor.py
[2022-09-07T16:23:36.284+0000] {processor.py:650} INFO - DAG(s) dict_keys(['example_kubernetes_executor']) retrieved from /home/airflow/.local/lib/python3.7/site-packages/airflow/example_dags/example_kubernetes_executor.py
[2022-09-07T16:23:36.306+0000] {logging_mixin.py:115} INFO - [2022-09-07T16:23:36.306+0000] {dag.py:2429} INFO - Sync 1 DAGs
[2022-09-07T16:23:36.321+0000] {logging_mixin.py:115} INFO - [2022-09-07T16:23:36.321+0000] {dag.py:2981} INFO - Setting next_dagrun for example_kubernetes_executor to None, run_after=None
[2022-09-07T16:23:36.329+0000] {processor.py:161} INFO - Processing /home/airflow/.local/lib/python3.7/site-packages/airflow/example_dags/example_kubernetes_executor.py took 0.074 seconds
[2022-09-07T16:24:06.887+0000] {processor.py:153} INFO - Started process (PID=2588) to work on /home/airflow/.local/lib/python3.7/site-packages/airflow/example_dags/example_kubernetes_executor.py
[2022-09-07T16:24:06.889+0000] {processor.py:640} INFO - Processing file /home/airflow/.local/lib/python3.7/site-packages/airflow/example_dags/example_kubernetes_executor.py for tasks to queue
[2022-09-07T16:24:06.890+0000] {logging_mixin.py:115} INFO - [2022-09-07T16:24:06.890+0000] {dagbag.py:508} INFO - Filling up the DagBag from /home/airflow/.local/lib/python3.7/site-packages/airflow/example_dags/example_kubernetes_executor.py
[2022-09-07T16:24:06.911+0000] {processor.py:650} INFO - DAG(s) dict_keys(['example_kubernetes_executor']) retrieved from /home/airflow/.local/lib/python3.7/site-packages/airflow/example_dags/example_kubernetes_executor.py
[2022-09-07T16:24:06.929+0000] {logging_mixin.py:115} INFO - [2022-09-07T16:24:06.929+0000] {dag.py:2429} INFO - Sync 1 DAGs
[2022-09-07T16:24:06.943+0000] {logging_mixin.py:115} INFO - [2022-09-07T16:24:06.943+0000] {dag.py:2981} INFO - Setting next_dagrun for example_kubernetes_executor to None, run_after=None
[2022-09-07T16:24:06.950+0000] {processor.py:161} INFO - Processing /home/airflow/.local/lib/python3.7/site-packages/airflow/example_dags/example_kubernetes_executor.py took 0.065 seconds
[2022-09-07T16:24:37.571+0000] {processor.py:153} INFO - Started process (PID=2955) to work on /home/airflow/.local/lib/python3.7/site-packages/airflow/example_dags/example_kubernetes_executor.py
[2022-09-07T16:24:37.572+0000] {processor.py:640} INFO - Processing file /home/airflow/.local/lib/python3.7/site-packages/airflow/example_dags/example_kubernetes_executor.py for tasks to queue
[2022-09-07T16:24:37.574+0000] {logging_mixin.py:115} INFO - [2022-09-07T16:24:37.573+0000] {dagbag.py:508} INFO - Filling up the DagBag from /home/airflow/.local/lib/python3.7/site-packages/airflow/example_dags/example_kubernetes_executor.py
[2022-09-07T16:24:37.588+0000] {processor.py:650} INFO - DAG(s) dict_keys(['example_kubernetes_executor']) retrieved from /home/airflow/.local/lib/python3.7/site-packages/airflow/example_dags/example_kubernetes_executor.py
[2022-09-07T16:24:37.610+0000] {logging_mixin.py:115} INFO - [2022-09-07T16:24:37.610+0000] {dag.py:2429} INFO - Sync 1 DAGs
[2022-09-07T16:24:37.626+0000] {logging_mixin.py:115} INFO - [2022-09-07T16:24:37.626+0000] {dag.py:2981} INFO - Setting next_dagrun for example_kubernetes_executor to None, run_after=None
[2022-09-07T16:24:37.637+0000] {processor.py:161} INFO - Processing /home/airflow/.local/lib/python3.7/site-packages/airflow/example_dags/example_kubernetes_executor.py took 0.069 seconds
[2022-09-07T16:25:07.960+0000] {processor.py:153} INFO - Started process (PID=3263) to work on /home/airflow/.local/lib/python3.7/site-packages/airflow/example_dags/example_kubernetes_executor.py
[2022-09-07T16:25:07.966+0000] {processor.py:640} INFO - Processing file /home/airflow/.local/lib/python3.7/site-packages/airflow/example_dags/example_kubernetes_executor.py for tasks to queue
[2022-09-07T16:25:07.968+0000] {logging_mixin.py:115} INFO - [2022-09-07T16:25:07.968+0000] {dagbag.py:508} INFO - Filling up the DagBag from /home/airflow/.local/lib/python3.7/site-packages/airflow/example_dags/example_kubernetes_executor.py
[2022-09-07T16:25:07.989+0000] {processor.py:650} INFO - DAG(s) dict_keys(['example_kubernetes_executor']) retrieved from /home/airflow/.local/lib/python3.7/site-packages/airflow/example_dags/example_kubernetes_executor.py
[2022-09-07T16:25:08.038+0000] {logging_mixin.py:115} INFO - [2022-09-07T16:25:08.038+0000] {dag.py:2429} INFO - Sync 1 DAGs
[2022-09-07T16:25:08.071+0000] {logging_mixin.py:115} INFO - [2022-09-07T16:25:08.071+0000] {dag.py:2981} INFO - Setting next_dagrun for example_kubernetes_executor to None, run_after=None
[2022-09-07T16:25:08.084+0000] {processor.py:161} INFO - Processing /home/airflow/.local/lib/python3.7/site-packages/airflow/example_dags/example_kubernetes_executor.py took 0.129 seconds
[2022-09-07T16:25:38.149+0000] {processor.py:153} INFO - Started process (PID=3324) to work on /home/airflow/.local/lib/python3.7/site-packages/airflow/example_dags/example_kubernetes_executor.py
[2022-09-07T16:25:38.150+0000] {processor.py:640} INFO - Processing file /home/airflow/.local/lib/python3.7/site-packages/airflow/example_dags/example_kubernetes_executor.py for tasks to queue
[2022-09-07T16:25:38.152+0000] {logging_mixin.py:115} INFO - [2022-09-07T16:25:38.152+0000] {dagbag.py:508} INFO - Filling up the DagBag from /home/airflow/.local/lib/python3.7/site-packages/airflow/example_dags/example_kubernetes_executor.py
[2022-09-07T16:25:38.170+0000] {processor.py:650} INFO - DAG(s) dict_keys(['example_kubernetes_executor']) retrieved from /home/airflow/.local/lib/python3.7/site-packages/airflow/example_dags/example_kubernetes_executor.py
[2022-09-07T16:25:38.194+0000] {logging_mixin.py:115} INFO - [2022-09-07T16:25:38.194+0000] {dag.py:2429} INFO - Sync 1 DAGs
[2022-09-07T16:25:38.221+0000] {logging_mixin.py:115} INFO - [2022-09-07T16:25:38.221+0000] {dag.py:2981} INFO - Setting next_dagrun for example_kubernetes_executor to None, run_after=None
[2022-09-07T16:25:38.233+0000] {processor.py:161} INFO - Processing /home/airflow/.local/lib/python3.7/site-packages/airflow/example_dags/example_kubernetes_executor.py took 0.087 seconds
[2022-09-07T16:26:08.339+0000] {processor.py:153} INFO - Started process (PID=3386) to work on /home/airflow/.local/lib/python3.7/site-packages/airflow/example_dags/example_kubernetes_executor.py
[2022-09-07T16:26:08.340+0000] {processor.py:640} INFO - Processing file /home/airflow/.local/lib/python3.7/site-packages/airflow/example_dags/example_kubernetes_executor.py for tasks to queue
[2022-09-07T16:26:08.341+0000] {logging_mixin.py:115} INFO - [2022-09-07T16:26:08.341+0000] {dagbag.py:508} INFO - Filling up the DagBag from /home/airflow/.local/lib/python3.7/site-packages/airflow/example_dags/example_kubernetes_executor.py
[2022-09-07T16:26:08.358+0000] {processor.py:650} INFO - DAG(s) dict_keys(['example_kubernetes_executor']) retrieved from /home/airflow/.local/lib/python3.7/site-packages/airflow/example_dags/example_kubernetes_executor.py
[2022-09-07T16:26:08.379+0000] {logging_mixin.py:115} INFO - [2022-09-07T16:26:08.379+0000] {dag.py:2429} INFO - Sync 1 DAGs
[2022-09-07T16:26:08.397+0000] {logging_mixin.py:115} INFO - [2022-09-07T16:26:08.397+0000] {dag.py:2981} INFO - Setting next_dagrun for example_kubernetes_executor to None, run_after=None
[2022-09-07T16:26:08.405+0000] {processor.py:161} INFO - Processing /home/airflow/.local/lib/python3.7/site-packages/airflow/example_dags/example_kubernetes_executor.py took 0.070 seconds
[2022-09-07T16:26:39.728+0000] {processor.py:153} INFO - Started process (PID=3438) to work on /home/airflow/.local/lib/python3.7/site-packages/airflow/example_dags/example_kubernetes_executor.py
[2022-09-07T16:26:39.732+0000] {processor.py:640} INFO - Processing file /home/airflow/.local/lib/python3.7/site-packages/airflow/example_dags/example_kubernetes_executor.py for tasks to queue
[2022-09-07T16:26:39.736+0000] {logging_mixin.py:115} INFO - [2022-09-07T16:26:39.735+0000] {dagbag.py:508} INFO - Filling up the DagBag from /home/airflow/.local/lib/python3.7/site-packages/airflow/example_dags/example_kubernetes_executor.py
[2022-09-07T16:26:39.850+0000] {processor.py:650} INFO - DAG(s) dict_keys(['example_kubernetes_executor']) retrieved from /home/airflow/.local/lib/python3.7/site-packages/airflow/example_dags/example_kubernetes_executor.py
[2022-09-07T16:26:39.890+0000] {logging_mixin.py:115} INFO - [2022-09-07T16:26:39.889+0000] {dag.py:2429} INFO - Sync 1 DAGs
[2022-09-07T16:26:39.919+0000] {logging_mixin.py:115} INFO - [2022-09-07T16:26:39.919+0000] {dag.py:2981} INFO - Setting next_dagrun for example_kubernetes_executor to None, run_after=None
[2022-09-07T16:26:39.949+0000] {processor.py:161} INFO - Processing /home/airflow/.local/lib/python3.7/site-packages/airflow/example_dags/example_kubernetes_executor.py took 0.224 seconds
[2022-09-07T16:27:10.720+0000] {processor.py:153} INFO - Started process (PID=3499) to work on /home/airflow/.local/lib/python3.7/site-packages/airflow/example_dags/example_kubernetes_executor.py
[2022-09-07T16:27:10.723+0000] {processor.py:640} INFO - Processing file /home/airflow/.local/lib/python3.7/site-packages/airflow/example_dags/example_kubernetes_executor.py for tasks to queue
[2022-09-07T16:27:10.724+0000] {logging_mixin.py:115} INFO - [2022-09-07T16:27:10.724+0000] {dagbag.py:508} INFO - Filling up the DagBag from /home/airflow/.local/lib/python3.7/site-packages/airflow/example_dags/example_kubernetes_executor.py
[2022-09-07T16:27:10.741+0000] {processor.py:650} INFO - DAG(s) dict_keys(['example_kubernetes_executor']) retrieved from /home/airflow/.local/lib/python3.7/site-packages/airflow/example_dags/example_kubernetes_executor.py
[2022-09-07T16:27:10.761+0000] {logging_mixin.py:115} INFO - [2022-09-07T16:27:10.761+0000] {dag.py:2429} INFO - Sync 1 DAGs
[2022-09-07T16:27:10.778+0000] {logging_mixin.py:115} INFO - [2022-09-07T16:27:10.778+0000] {dag.py:2981} INFO - Setting next_dagrun for example_kubernetes_executor to None, run_after=None
[2022-09-07T16:27:10.786+0000] {processor.py:161} INFO - Processing /home/airflow/.local/lib/python3.7/site-packages/airflow/example_dags/example_kubernetes_executor.py took 0.068 seconds
[2022-09-07T16:27:41.462+0000] {processor.py:153} INFO - Started process (PID=3561) to work on /home/airflow/.local/lib/python3.7/site-packages/airflow/example_dags/example_kubernetes_executor.py
[2022-09-07T16:27:41.464+0000] {processor.py:640} INFO - Processing file /home/airflow/.local/lib/python3.7/site-packages/airflow/example_dags/example_kubernetes_executor.py for tasks to queue
[2022-09-07T16:27:41.465+0000] {logging_mixin.py:115} INFO - [2022-09-07T16:27:41.465+0000] {dagbag.py:508} INFO - Filling up the DagBag from /home/airflow/.local/lib/python3.7/site-packages/airflow/example_dags/example_kubernetes_executor.py
[2022-09-07T16:27:41.482+0000] {processor.py:650} INFO - DAG(s) dict_keys(['example_kubernetes_executor']) retrieved from /home/airflow/.local/lib/python3.7/site-packages/airflow/example_dags/example_kubernetes_executor.py
[2022-09-07T16:27:41.507+0000] {logging_mixin.py:115} INFO - [2022-09-07T16:27:41.506+0000] {dag.py:2429} INFO - Sync 1 DAGs
[2022-09-07T16:27:41.522+0000] {logging_mixin.py:115} INFO - [2022-09-07T16:27:41.522+0000] {dag.py:2981} INFO - Setting next_dagrun for example_kubernetes_executor to None, run_after=None
[2022-09-07T16:27:41.531+0000] {processor.py:161} INFO - Processing /home/airflow/.local/lib/python3.7/site-packages/airflow/example_dags/example_kubernetes_executor.py took 0.072 seconds
[2022-09-07T16:28:12.162+0000] {processor.py:153} INFO - Started process (PID=3622) to work on /home/airflow/.local/lib/python3.7/site-packages/airflow/example_dags/example_kubernetes_executor.py
[2022-09-07T16:28:12.164+0000] {processor.py:640} INFO - Processing file /home/airflow/.local/lib/python3.7/site-packages/airflow/example_dags/example_kubernetes_executor.py for tasks to queue
[2022-09-07T16:28:12.165+0000] {logging_mixin.py:115} INFO - [2022-09-07T16:28:12.165+0000] {dagbag.py:508} INFO - Filling up the DagBag from /home/airflow/.local/lib/python3.7/site-packages/airflow/example_dags/example_kubernetes_executor.py
[2022-09-07T16:28:12.185+0000] {processor.py:650} INFO - DAG(s) dict_keys(['example_kubernetes_executor']) retrieved from /home/airflow/.local/lib/python3.7/site-packages/airflow/example_dags/example_kubernetes_executor.py
[2022-09-07T16:28:12.204+0000] {logging_mixin.py:115} INFO - [2022-09-07T16:28:12.204+0000] {dag.py:2429} INFO - Sync 1 DAGs
[2022-09-07T16:28:12.219+0000] {logging_mixin.py:115} INFO - [2022-09-07T16:28:12.219+0000] {dag.py:2981} INFO - Setting next_dagrun for example_kubernetes_executor to None, run_after=None
[2022-09-07T16:28:12.228+0000] {processor.py:161} INFO - Processing /home/airflow/.local/lib/python3.7/site-packages/airflow/example_dags/example_kubernetes_executor.py took 0.069 seconds
[2022-09-07T16:29:20.952+0000] {processor.py:153} INFO - Started process (PID=70) to work on /home/airflow/.local/lib/python3.7/site-packages/airflow/example_dags/example_kubernetes_executor.py
[2022-09-07T16:29:20.955+0000] {processor.py:640} INFO - Processing file /home/airflow/.local/lib/python3.7/site-packages/airflow/example_dags/example_kubernetes_executor.py for tasks to queue
[2022-09-07T16:29:20.956+0000] {logging_mixin.py:115} INFO - [2022-09-07T16:29:20.956+0000] {dagbag.py:508} INFO - Filling up the DagBag from /home/airflow/.local/lib/python3.7/site-packages/airflow/example_dags/example_kubernetes_executor.py
[2022-09-07T16:29:20.985+0000] {processor.py:650} INFO - DAG(s) dict_keys(['example_kubernetes_executor']) retrieved from /home/airflow/.local/lib/python3.7/site-packages/airflow/example_dags/example_kubernetes_executor.py
[2022-09-07T16:29:21.009+0000] {logging_mixin.py:115} INFO - [2022-09-07T16:29:21.009+0000] {dag.py:2429} INFO - Sync 1 DAGs
[2022-09-07T16:29:21.037+0000] {logging_mixin.py:115} INFO - [2022-09-07T16:29:21.037+0000] {dag.py:2981} INFO - Setting next_dagrun for example_kubernetes_executor to None, run_after=None
[2022-09-07T16:29:21.059+0000] {processor.py:161} INFO - Processing /home/airflow/.local/lib/python3.7/site-packages/airflow/example_dags/example_kubernetes_executor.py took 0.111 seconds
[2022-09-07T16:29:51.230+0000] {processor.py:153} INFO - Started process (PID=122) to work on /home/airflow/.local/lib/python3.7/site-packages/airflow/example_dags/example_kubernetes_executor.py
[2022-09-07T16:29:51.237+0000] {processor.py:640} INFO - Processing file /home/airflow/.local/lib/python3.7/site-packages/airflow/example_dags/example_kubernetes_executor.py for tasks to queue
[2022-09-07T16:29:51.239+0000] {logging_mixin.py:115} INFO - [2022-09-07T16:29:51.238+0000] {dagbag.py:508} INFO - Filling up the DagBag from /home/airflow/.local/lib/python3.7/site-packages/airflow/example_dags/example_kubernetes_executor.py
[2022-09-07T16:29:51.257+0000] {processor.py:650} INFO - DAG(s) dict_keys(['example_kubernetes_executor']) retrieved from /home/airflow/.local/lib/python3.7/site-packages/airflow/example_dags/example_kubernetes_executor.py
[2022-09-07T16:29:51.277+0000] {logging_mixin.py:115} INFO - [2022-09-07T16:29:51.276+0000] {dag.py:2429} INFO - Sync 1 DAGs
[2022-09-07T16:29:51.294+0000] {logging_mixin.py:115} INFO - [2022-09-07T16:29:51.294+0000] {dag.py:2981} INFO - Setting next_dagrun for example_kubernetes_executor to None, run_after=None
[2022-09-07T16:29:51.307+0000] {processor.py:161} INFO - Processing /home/airflow/.local/lib/python3.7/site-packages/airflow/example_dags/example_kubernetes_executor.py took 0.081 seconds
[2022-09-07T16:30:21.481+0000] {processor.py:153} INFO - Started process (PID=182) to work on /home/airflow/.local/lib/python3.7/site-packages/airflow/example_dags/example_kubernetes_executor.py
[2022-09-07T16:30:21.483+0000] {processor.py:640} INFO - Processing file /home/airflow/.local/lib/python3.7/site-packages/airflow/example_dags/example_kubernetes_executor.py for tasks to queue
[2022-09-07T16:30:21.484+0000] {logging_mixin.py:115} INFO - [2022-09-07T16:30:21.484+0000] {dagbag.py:508} INFO - Filling up the DagBag from /home/airflow/.local/lib/python3.7/site-packages/airflow/example_dags/example_kubernetes_executor.py
[2022-09-07T16:30:21.507+0000] {processor.py:650} INFO - DAG(s) dict_keys(['example_kubernetes_executor']) retrieved from /home/airflow/.local/lib/python3.7/site-packages/airflow/example_dags/example_kubernetes_executor.py
[2022-09-07T16:30:21.529+0000] {logging_mixin.py:115} INFO - [2022-09-07T16:30:21.529+0000] {dag.py:2429} INFO - Sync 1 DAGs
[2022-09-07T16:30:21.551+0000] {logging_mixin.py:115} INFO - [2022-09-07T16:30:21.551+0000] {dag.py:2981} INFO - Setting next_dagrun for example_kubernetes_executor to None, run_after=None
[2022-09-07T16:30:21.562+0000] {processor.py:161} INFO - Processing /home/airflow/.local/lib/python3.7/site-packages/airflow/example_dags/example_kubernetes_executor.py took 0.083 seconds
[2022-09-07T16:30:52.396+0000] {processor.py:153} INFO - Started process (PID=243) to work on /home/airflow/.local/lib/python3.7/site-packages/airflow/example_dags/example_kubernetes_executor.py
[2022-09-07T16:30:52.398+0000] {processor.py:640} INFO - Processing file /home/airflow/.local/lib/python3.7/site-packages/airflow/example_dags/example_kubernetes_executor.py for tasks to queue
[2022-09-07T16:30:52.399+0000] {logging_mixin.py:115} INFO - [2022-09-07T16:30:52.398+0000] {dagbag.py:508} INFO - Filling up the DagBag from /home/airflow/.local/lib/python3.7/site-packages/airflow/example_dags/example_kubernetes_executor.py
[2022-09-07T16:30:52.420+0000] {processor.py:650} INFO - DAG(s) dict_keys(['example_kubernetes_executor']) retrieved from /home/airflow/.local/lib/python3.7/site-packages/airflow/example_dags/example_kubernetes_executor.py
[2022-09-07T16:30:52.439+0000] {logging_mixin.py:115} INFO - [2022-09-07T16:30:52.439+0000] {dag.py:2429} INFO - Sync 1 DAGs
[2022-09-07T16:30:52.454+0000] {logging_mixin.py:115} INFO - [2022-09-07T16:30:52.454+0000] {dag.py:2981} INFO - Setting next_dagrun for example_kubernetes_executor to None, run_after=None
[2022-09-07T16:30:52.463+0000] {processor.py:161} INFO - Processing /home/airflow/.local/lib/python3.7/site-packages/airflow/example_dags/example_kubernetes_executor.py took 0.069 seconds
[2022-09-07T16:31:23.036+0000] {processor.py:153} INFO - Started process (PID=304) to work on /home/airflow/.local/lib/python3.7/site-packages/airflow/example_dags/example_kubernetes_executor.py
[2022-09-07T16:31:23.038+0000] {processor.py:640} INFO - Processing file /home/airflow/.local/lib/python3.7/site-packages/airflow/example_dags/example_kubernetes_executor.py for tasks to queue
[2022-09-07T16:31:23.039+0000] {logging_mixin.py:115} INFO - [2022-09-07T16:31:23.039+0000] {dagbag.py:508} INFO - Filling up the DagBag from /home/airflow/.local/lib/python3.7/site-packages/airflow/example_dags/example_kubernetes_executor.py
[2022-09-07T16:31:23.056+0000] {processor.py:650} INFO - DAG(s) dict_keys(['example_kubernetes_executor']) retrieved from /home/airflow/.local/lib/python3.7/site-packages/airflow/example_dags/example_kubernetes_executor.py
[2022-09-07T16:31:23.081+0000] {logging_mixin.py:115} INFO - [2022-09-07T16:31:23.081+0000] {dag.py:2429} INFO - Sync 1 DAGs
[2022-09-07T16:31:23.099+0000] {logging_mixin.py:115} INFO - [2022-09-07T16:31:23.099+0000] {dag.py:2981} INFO - Setting next_dagrun for example_kubernetes_executor to None, run_after=None
[2022-09-07T16:31:23.107+0000] {processor.py:161} INFO - Processing /home/airflow/.local/lib/python3.7/site-packages/airflow/example_dags/example_kubernetes_executor.py took 0.076 seconds
[2022-09-07T17:23:42.109+0000] {processor.py:153} INFO - Started process (PID=70) to work on /home/airflow/.local/lib/python3.7/site-packages/airflow/example_dags/example_kubernetes_executor.py
[2022-09-07T17:23:42.111+0000] {processor.py:640} INFO - Processing file /home/airflow/.local/lib/python3.7/site-packages/airflow/example_dags/example_kubernetes_executor.py for tasks to queue
[2022-09-07T17:23:42.113+0000] {logging_mixin.py:115} INFO - [2022-09-07T17:23:42.113+0000] {dagbag.py:508} INFO - Filling up the DagBag from /home/airflow/.local/lib/python3.7/site-packages/airflow/example_dags/example_kubernetes_executor.py
[2022-09-07T17:23:42.209+0000] {processor.py:650} INFO - DAG(s) dict_keys(['example_kubernetes_executor']) retrieved from /home/airflow/.local/lib/python3.7/site-packages/airflow/example_dags/example_kubernetes_executor.py
[2022-09-07T17:23:42.308+0000] {logging_mixin.py:115} INFO - [2022-09-07T17:23:42.308+0000] {dag.py:2429} INFO - Sync 1 DAGs
[2022-09-07T17:23:42.408+0000] {logging_mixin.py:115} INFO - [2022-09-07T17:23:42.408+0000] {dag.py:2981} INFO - Setting next_dagrun for example_kubernetes_executor to None, run_after=None
[2022-09-07T17:23:42.448+0000] {processor.py:161} INFO - Processing /home/airflow/.local/lib/python3.7/site-packages/airflow/example_dags/example_kubernetes_executor.py took 0.343 seconds
[2022-09-07T17:24:12.641+0000] {processor.py:153} INFO - Started process (PID=121) to work on /home/airflow/.local/lib/python3.7/site-packages/airflow/example_dags/example_kubernetes_executor.py
[2022-09-07T17:24:12.643+0000] {processor.py:640} INFO - Processing file /home/airflow/.local/lib/python3.7/site-packages/airflow/example_dags/example_kubernetes_executor.py for tasks to queue
[2022-09-07T17:24:12.644+0000] {logging_mixin.py:115} INFO - [2022-09-07T17:24:12.644+0000] {dagbag.py:508} INFO - Filling up the DagBag from /home/airflow/.local/lib/python3.7/site-packages/airflow/example_dags/example_kubernetes_executor.py
[2022-09-07T17:24:12.660+0000] {processor.py:650} INFO - DAG(s) dict_keys(['example_kubernetes_executor']) retrieved from /home/airflow/.local/lib/python3.7/site-packages/airflow/example_dags/example_kubernetes_executor.py
[2022-09-07T17:24:12.678+0000] {logging_mixin.py:115} INFO - [2022-09-07T17:24:12.678+0000] {dag.py:2429} INFO - Sync 1 DAGs
[2022-09-07T17:24:12.693+0000] {logging_mixin.py:115} INFO - [2022-09-07T17:24:12.693+0000] {dag.py:2981} INFO - Setting next_dagrun for example_kubernetes_executor to None, run_after=None
[2022-09-07T17:24:12.702+0000] {processor.py:161} INFO - Processing /home/airflow/.local/lib/python3.7/site-packages/airflow/example_dags/example_kubernetes_executor.py took 0.064 seconds
[2022-09-07T17:24:43.460+0000] {processor.py:153} INFO - Started process (PID=181) to work on /home/airflow/.local/lib/python3.7/site-packages/airflow/example_dags/example_kubernetes_executor.py
[2022-09-07T17:24:43.462+0000] {processor.py:640} INFO - Processing file /home/airflow/.local/lib/python3.7/site-packages/airflow/example_dags/example_kubernetes_executor.py for tasks to queue
[2022-09-07T17:24:43.463+0000] {logging_mixin.py:115} INFO - [2022-09-07T17:24:43.463+0000] {dagbag.py:508} INFO - Filling up the DagBag from /home/airflow/.local/lib/python3.7/site-packages/airflow/example_dags/example_kubernetes_executor.py
[2022-09-07T17:24:43.480+0000] {processor.py:650} INFO - DAG(s) dict_keys(['example_kubernetes_executor']) retrieved from /home/airflow/.local/lib/python3.7/site-packages/airflow/example_dags/example_kubernetes_executor.py
[2022-09-07T17:24:43.502+0000] {logging_mixin.py:115} INFO - [2022-09-07T17:24:43.502+0000] {dag.py:2429} INFO - Sync 1 DAGs
[2022-09-07T17:24:43.521+0000] {logging_mixin.py:115} INFO - [2022-09-07T17:24:43.521+0000] {dag.py:2981} INFO - Setting next_dagrun for example_kubernetes_executor to None, run_after=None
[2022-09-07T17:24:43.530+0000] {processor.py:161} INFO - Processing /home/airflow/.local/lib/python3.7/site-packages/airflow/example_dags/example_kubernetes_executor.py took 0.072 seconds
