[2022-09-07T07:55:32.785+0000] {processor.py:153} INFO - Started process (PID=47) to work on /home/airflow/.local/lib/python3.7/site-packages/airflow/example_dags/example_branch_operator.py
[2022-09-07T07:55:32.787+0000] {processor.py:640} INFO - Processing file /home/airflow/.local/lib/python3.7/site-packages/airflow/example_dags/example_branch_operator.py for tasks to queue
[2022-09-07T07:55:32.789+0000] {logging_mixin.py:115} INFO - [2022-09-07T07:55:32.788+0000] {dagbag.py:508} INFO - Filling up the DagBag from /home/airflow/.local/lib/python3.7/site-packages/airflow/example_dags/example_branch_operator.py
[2022-09-07T07:55:32.801+0000] {processor.py:650} INFO - DAG(s) dict_keys(['example_branch_operator']) retrieved from /home/airflow/.local/lib/python3.7/site-packages/airflow/example_dags/example_branch_operator.py
[2022-09-07T07:55:32.898+0000] {logging_mixin.py:115} INFO - [2022-09-07T07:55:32.898+0000] {manager.py:508} INFO - Created Permission View: can delete on DAG:example_branch_operator
[2022-09-07T07:55:32.913+0000] {logging_mixin.py:115} INFO - [2022-09-07T07:55:32.913+0000] {manager.py:508} INFO - Created Permission View: can read on DAG:example_branch_operator
[2022-09-07T07:55:32.921+0000] {logging_mixin.py:115} INFO - [2022-09-07T07:55:32.920+0000] {manager.py:508} INFO - Created Permission View: can edit on DAG:example_branch_operator
[2022-09-07T07:55:32.922+0000] {logging_mixin.py:115} INFO - [2022-09-07T07:55:32.922+0000] {dag.py:2429} INFO - Sync 1 DAGs
[2022-09-07T07:55:32.937+0000] {logging_mixin.py:115} INFO - [2022-09-07T07:55:32.937+0000] {dag.py:2448} INFO - Creating ORM DAG for example_branch_operator
[2022-09-07T07:55:32.955+0000] {logging_mixin.py:115} INFO - [2022-09-07T07:55:32.955+0000] {dag.py:2981} INFO - Setting next_dagrun for example_branch_operator to 2022-09-06T00:00:00+00:00, run_after=2022-09-07T00:00:00+00:00
[2022-09-07T07:55:32.968+0000] {processor.py:161} INFO - Processing /home/airflow/.local/lib/python3.7/site-packages/airflow/example_dags/example_branch_operator.py took 0.188 seconds
[2022-09-07T07:56:03.726+0000] {processor.py:153} INFO - Started process (PID=108) to work on /home/airflow/.local/lib/python3.7/site-packages/airflow/example_dags/example_branch_operator.py
[2022-09-07T07:56:03.727+0000] {processor.py:640} INFO - Processing file /home/airflow/.local/lib/python3.7/site-packages/airflow/example_dags/example_branch_operator.py for tasks to queue
[2022-09-07T07:56:03.728+0000] {logging_mixin.py:115} INFO - [2022-09-07T07:56:03.728+0000] {dagbag.py:508} INFO - Filling up the DagBag from /home/airflow/.local/lib/python3.7/site-packages/airflow/example_dags/example_branch_operator.py
[2022-09-07T07:56:03.735+0000] {processor.py:650} INFO - DAG(s) dict_keys(['example_branch_operator']) retrieved from /home/airflow/.local/lib/python3.7/site-packages/airflow/example_dags/example_branch_operator.py
[2022-09-07T07:56:03.752+0000] {logging_mixin.py:115} INFO - [2022-09-07T07:56:03.752+0000] {dag.py:2429} INFO - Sync 1 DAGs
[2022-09-07T07:56:03.769+0000] {logging_mixin.py:115} INFO - [2022-09-07T07:56:03.769+0000] {dag.py:2981} INFO - Setting next_dagrun for example_branch_operator to 2022-09-06T00:00:00+00:00, run_after=2022-09-07T00:00:00+00:00
[2022-09-07T07:56:03.777+0000] {processor.py:161} INFO - Processing /home/airflow/.local/lib/python3.7/site-packages/airflow/example_dags/example_branch_operator.py took 0.053 seconds
[2022-09-07T07:56:34.577+0000] {processor.py:153} INFO - Started process (PID=169) to work on /home/airflow/.local/lib/python3.7/site-packages/airflow/example_dags/example_branch_operator.py
[2022-09-07T07:56:34.579+0000] {processor.py:640} INFO - Processing file /home/airflow/.local/lib/python3.7/site-packages/airflow/example_dags/example_branch_operator.py for tasks to queue
[2022-09-07T07:56:34.580+0000] {logging_mixin.py:115} INFO - [2022-09-07T07:56:34.580+0000] {dagbag.py:508} INFO - Filling up the DagBag from /home/airflow/.local/lib/python3.7/site-packages/airflow/example_dags/example_branch_operator.py
[2022-09-07T07:56:34.587+0000] {processor.py:650} INFO - DAG(s) dict_keys(['example_branch_operator']) retrieved from /home/airflow/.local/lib/python3.7/site-packages/airflow/example_dags/example_branch_operator.py
[2022-09-07T07:56:34.607+0000] {logging_mixin.py:115} INFO - [2022-09-07T07:56:34.607+0000] {dag.py:2429} INFO - Sync 1 DAGs
[2022-09-07T07:56:34.621+0000] {logging_mixin.py:115} INFO - [2022-09-07T07:56:34.621+0000] {dag.py:2981} INFO - Setting next_dagrun for example_branch_operator to 2022-09-06T00:00:00+00:00, run_after=2022-09-07T00:00:00+00:00
[2022-09-07T07:56:34.628+0000] {processor.py:161} INFO - Processing /home/airflow/.local/lib/python3.7/site-packages/airflow/example_dags/example_branch_operator.py took 0.054 seconds
[2022-09-07T07:57:05.148+0000] {processor.py:153} INFO - Started process (PID=230) to work on /home/airflow/.local/lib/python3.7/site-packages/airflow/example_dags/example_branch_operator.py
[2022-09-07T07:57:05.150+0000] {processor.py:640} INFO - Processing file /home/airflow/.local/lib/python3.7/site-packages/airflow/example_dags/example_branch_operator.py for tasks to queue
[2022-09-07T07:57:05.151+0000] {logging_mixin.py:115} INFO - [2022-09-07T07:57:05.151+0000] {dagbag.py:508} INFO - Filling up the DagBag from /home/airflow/.local/lib/python3.7/site-packages/airflow/example_dags/example_branch_operator.py
[2022-09-07T07:57:05.157+0000] {processor.py:650} INFO - DAG(s) dict_keys(['example_branch_operator']) retrieved from /home/airflow/.local/lib/python3.7/site-packages/airflow/example_dags/example_branch_operator.py
[2022-09-07T07:57:05.174+0000] {logging_mixin.py:115} INFO - [2022-09-07T07:57:05.173+0000] {dag.py:2429} INFO - Sync 1 DAGs
[2022-09-07T07:57:05.187+0000] {logging_mixin.py:115} INFO - [2022-09-07T07:57:05.187+0000] {dag.py:2981} INFO - Setting next_dagrun for example_branch_operator to 2022-09-06T00:00:00+00:00, run_after=2022-09-07T00:00:00+00:00
[2022-09-07T07:57:05.194+0000] {processor.py:161} INFO - Processing /home/airflow/.local/lib/python3.7/site-packages/airflow/example_dags/example_branch_operator.py took 0.048 seconds
[2022-09-07T07:57:35.772+0000] {processor.py:153} INFO - Started process (PID=291) to work on /home/airflow/.local/lib/python3.7/site-packages/airflow/example_dags/example_branch_operator.py
[2022-09-07T07:57:35.774+0000] {processor.py:640} INFO - Processing file /home/airflow/.local/lib/python3.7/site-packages/airflow/example_dags/example_branch_operator.py for tasks to queue
[2022-09-07T07:57:35.775+0000] {logging_mixin.py:115} INFO - [2022-09-07T07:57:35.775+0000] {dagbag.py:508} INFO - Filling up the DagBag from /home/airflow/.local/lib/python3.7/site-packages/airflow/example_dags/example_branch_operator.py
[2022-09-07T07:57:35.783+0000] {processor.py:650} INFO - DAG(s) dict_keys(['example_branch_operator']) retrieved from /home/airflow/.local/lib/python3.7/site-packages/airflow/example_dags/example_branch_operator.py
[2022-09-07T07:57:35.801+0000] {logging_mixin.py:115} INFO - [2022-09-07T07:57:35.801+0000] {dag.py:2429} INFO - Sync 1 DAGs
[2022-09-07T07:57:35.816+0000] {logging_mixin.py:115} INFO - [2022-09-07T07:57:35.816+0000] {dag.py:2981} INFO - Setting next_dagrun for example_branch_operator to 2022-09-06T00:00:00+00:00, run_after=2022-09-07T00:00:00+00:00
[2022-09-07T07:57:35.825+0000] {processor.py:161} INFO - Processing /home/airflow/.local/lib/python3.7/site-packages/airflow/example_dags/example_branch_operator.py took 0.055 seconds
[2022-09-07T07:58:06.584+0000] {processor.py:153} INFO - Started process (PID=343) to work on /home/airflow/.local/lib/python3.7/site-packages/airflow/example_dags/example_branch_operator.py
[2022-09-07T07:58:06.587+0000] {processor.py:640} INFO - Processing file /home/airflow/.local/lib/python3.7/site-packages/airflow/example_dags/example_branch_operator.py for tasks to queue
[2022-09-07T07:58:06.588+0000] {logging_mixin.py:115} INFO - [2022-09-07T07:58:06.588+0000] {dagbag.py:508} INFO - Filling up the DagBag from /home/airflow/.local/lib/python3.7/site-packages/airflow/example_dags/example_branch_operator.py
[2022-09-07T07:58:06.596+0000] {processor.py:650} INFO - DAG(s) dict_keys(['example_branch_operator']) retrieved from /home/airflow/.local/lib/python3.7/site-packages/airflow/example_dags/example_branch_operator.py
[2022-09-07T07:58:06.617+0000] {logging_mixin.py:115} INFO - [2022-09-07T07:58:06.616+0000] {dag.py:2429} INFO - Sync 1 DAGs
[2022-09-07T07:58:06.634+0000] {logging_mixin.py:115} INFO - [2022-09-07T07:58:06.633+0000] {dag.py:2981} INFO - Setting next_dagrun for example_branch_operator to 2022-09-06T00:00:00+00:00, run_after=2022-09-07T00:00:00+00:00
[2022-09-07T07:58:06.642+0000] {processor.py:161} INFO - Processing /home/airflow/.local/lib/python3.7/site-packages/airflow/example_dags/example_branch_operator.py took 0.060 seconds
[2022-09-07T07:58:36.709+0000] {processor.py:153} INFO - Started process (PID=401) to work on /home/airflow/.local/lib/python3.7/site-packages/airflow/example_dags/example_branch_operator.py
[2022-09-07T07:58:36.711+0000] {processor.py:640} INFO - Processing file /home/airflow/.local/lib/python3.7/site-packages/airflow/example_dags/example_branch_operator.py for tasks to queue
[2022-09-07T07:58:36.711+0000] {logging_mixin.py:115} INFO - [2022-09-07T07:58:36.711+0000] {dagbag.py:508} INFO - Filling up the DagBag from /home/airflow/.local/lib/python3.7/site-packages/airflow/example_dags/example_branch_operator.py
[2022-09-07T07:58:36.718+0000] {processor.py:650} INFO - DAG(s) dict_keys(['example_branch_operator']) retrieved from /home/airflow/.local/lib/python3.7/site-packages/airflow/example_dags/example_branch_operator.py
[2022-09-07T07:58:36.736+0000] {logging_mixin.py:115} INFO - [2022-09-07T07:58:36.735+0000] {dag.py:2429} INFO - Sync 1 DAGs
[2022-09-07T07:58:36.749+0000] {logging_mixin.py:115} INFO - [2022-09-07T07:58:36.749+0000] {dag.py:2981} INFO - Setting next_dagrun for example_branch_operator to 2022-09-06T00:00:00+00:00, run_after=2022-09-07T00:00:00+00:00
[2022-09-07T07:58:36.757+0000] {processor.py:161} INFO - Processing /home/airflow/.local/lib/python3.7/site-packages/airflow/example_dags/example_branch_operator.py took 0.050 seconds
[2022-09-07T07:59:07.746+0000] {processor.py:153} INFO - Started process (PID=463) to work on /home/airflow/.local/lib/python3.7/site-packages/airflow/example_dags/example_branch_operator.py
[2022-09-07T07:59:07.747+0000] {processor.py:640} INFO - Processing file /home/airflow/.local/lib/python3.7/site-packages/airflow/example_dags/example_branch_operator.py for tasks to queue
[2022-09-07T07:59:07.748+0000] {logging_mixin.py:115} INFO - [2022-09-07T07:59:07.748+0000] {dagbag.py:508} INFO - Filling up the DagBag from /home/airflow/.local/lib/python3.7/site-packages/airflow/example_dags/example_branch_operator.py
[2022-09-07T07:59:07.755+0000] {processor.py:650} INFO - DAG(s) dict_keys(['example_branch_operator']) retrieved from /home/airflow/.local/lib/python3.7/site-packages/airflow/example_dags/example_branch_operator.py
[2022-09-07T07:59:07.773+0000] {logging_mixin.py:115} INFO - [2022-09-07T07:59:07.773+0000] {dag.py:2429} INFO - Sync 1 DAGs
[2022-09-07T07:59:07.787+0000] {logging_mixin.py:115} INFO - [2022-09-07T07:59:07.787+0000] {dag.py:2981} INFO - Setting next_dagrun for example_branch_operator to 2022-09-06T00:00:00+00:00, run_after=2022-09-07T00:00:00+00:00
[2022-09-07T07:59:07.794+0000] {processor.py:161} INFO - Processing /home/airflow/.local/lib/python3.7/site-packages/airflow/example_dags/example_branch_operator.py took 0.051 seconds
[2022-09-07T07:59:38.585+0000] {processor.py:153} INFO - Started process (PID=523) to work on /home/airflow/.local/lib/python3.7/site-packages/airflow/example_dags/example_branch_operator.py
[2022-09-07T07:59:38.587+0000] {processor.py:640} INFO - Processing file /home/airflow/.local/lib/python3.7/site-packages/airflow/example_dags/example_branch_operator.py for tasks to queue
[2022-09-07T07:59:38.588+0000] {logging_mixin.py:115} INFO - [2022-09-07T07:59:38.587+0000] {dagbag.py:508} INFO - Filling up the DagBag from /home/airflow/.local/lib/python3.7/site-packages/airflow/example_dags/example_branch_operator.py
[2022-09-07T07:59:38.595+0000] {processor.py:650} INFO - DAG(s) dict_keys(['example_branch_operator']) retrieved from /home/airflow/.local/lib/python3.7/site-packages/airflow/example_dags/example_branch_operator.py
[2022-09-07T07:59:38.614+0000] {logging_mixin.py:115} INFO - [2022-09-07T07:59:38.614+0000] {dag.py:2429} INFO - Sync 1 DAGs
[2022-09-07T07:59:38.628+0000] {logging_mixin.py:115} INFO - [2022-09-07T07:59:38.628+0000] {dag.py:2981} INFO - Setting next_dagrun for example_branch_operator to 2022-09-06T00:00:00+00:00, run_after=2022-09-07T00:00:00+00:00
[2022-09-07T07:59:38.636+0000] {processor.py:161} INFO - Processing /home/airflow/.local/lib/python3.7/site-packages/airflow/example_dags/example_branch_operator.py took 0.053 seconds
[2022-09-07T08:00:09.494+0000] {processor.py:153} INFO - Started process (PID=584) to work on /home/airflow/.local/lib/python3.7/site-packages/airflow/example_dags/example_branch_operator.py
[2022-09-07T08:00:09.496+0000] {processor.py:640} INFO - Processing file /home/airflow/.local/lib/python3.7/site-packages/airflow/example_dags/example_branch_operator.py for tasks to queue
[2022-09-07T08:00:09.497+0000] {logging_mixin.py:115} INFO - [2022-09-07T08:00:09.497+0000] {dagbag.py:508} INFO - Filling up the DagBag from /home/airflow/.local/lib/python3.7/site-packages/airflow/example_dags/example_branch_operator.py
[2022-09-07T08:00:09.514+0000] {processor.py:650} INFO - DAG(s) dict_keys(['example_branch_operator']) retrieved from /home/airflow/.local/lib/python3.7/site-packages/airflow/example_dags/example_branch_operator.py
[2022-09-07T08:00:09.540+0000] {logging_mixin.py:115} INFO - [2022-09-07T08:00:09.539+0000] {dag.py:2429} INFO - Sync 1 DAGs
[2022-09-07T08:00:09.562+0000] {logging_mixin.py:115} INFO - [2022-09-07T08:00:09.562+0000] {dag.py:2981} INFO - Setting next_dagrun for example_branch_operator to 2022-09-06T00:00:00+00:00, run_after=2022-09-07T00:00:00+00:00
[2022-09-07T08:00:09.572+0000] {processor.py:161} INFO - Processing /home/airflow/.local/lib/python3.7/site-packages/airflow/example_dags/example_branch_operator.py took 0.081 seconds
[2022-09-07T08:00:40.412+0000] {processor.py:153} INFO - Started process (PID=944) to work on /home/airflow/.local/lib/python3.7/site-packages/airflow/example_dags/example_branch_operator.py
[2022-09-07T08:00:40.414+0000] {processor.py:640} INFO - Processing file /home/airflow/.local/lib/python3.7/site-packages/airflow/example_dags/example_branch_operator.py for tasks to queue
[2022-09-07T08:00:40.416+0000] {logging_mixin.py:115} INFO - [2022-09-07T08:00:40.415+0000] {dagbag.py:508} INFO - Filling up the DagBag from /home/airflow/.local/lib/python3.7/site-packages/airflow/example_dags/example_branch_operator.py
[2022-09-07T08:00:40.422+0000] {processor.py:650} INFO - DAG(s) dict_keys(['example_branch_operator']) retrieved from /home/airflow/.local/lib/python3.7/site-packages/airflow/example_dags/example_branch_operator.py
[2022-09-07T08:00:40.441+0000] {logging_mixin.py:115} INFO - [2022-09-07T08:00:40.441+0000] {dag.py:2429} INFO - Sync 1 DAGs
[2022-09-07T08:00:40.456+0000] {logging_mixin.py:115} INFO - [2022-09-07T08:00:40.455+0000] {dag.py:2981} INFO - Setting next_dagrun for example_branch_operator to 2022-09-06T00:00:00+00:00, run_after=2022-09-07T00:00:00+00:00
[2022-09-07T08:00:40.464+0000] {processor.py:161} INFO - Processing /home/airflow/.local/lib/python3.7/site-packages/airflow/example_dags/example_branch_operator.py took 0.054 seconds
[2022-09-07T08:01:11.142+0000] {processor.py:153} INFO - Started process (PID=2089) to work on /home/airflow/.local/lib/python3.7/site-packages/airflow/example_dags/example_branch_operator.py
[2022-09-07T08:01:11.144+0000] {processor.py:640} INFO - Processing file /home/airflow/.local/lib/python3.7/site-packages/airflow/example_dags/example_branch_operator.py for tasks to queue
[2022-09-07T08:01:11.145+0000] {logging_mixin.py:115} INFO - [2022-09-07T08:01:11.145+0000] {dagbag.py:508} INFO - Filling up the DagBag from /home/airflow/.local/lib/python3.7/site-packages/airflow/example_dags/example_branch_operator.py
[2022-09-07T08:01:11.153+0000] {processor.py:650} INFO - DAG(s) dict_keys(['example_branch_operator']) retrieved from /home/airflow/.local/lib/python3.7/site-packages/airflow/example_dags/example_branch_operator.py
[2022-09-07T08:01:11.171+0000] {logging_mixin.py:115} INFO - [2022-09-07T08:01:11.171+0000] {dag.py:2429} INFO - Sync 1 DAGs
[2022-09-07T08:01:11.185+0000] {logging_mixin.py:115} INFO - [2022-09-07T08:01:11.185+0000] {dag.py:2981} INFO - Setting next_dagrun for example_branch_operator to 2022-09-06T00:00:00+00:00, run_after=2022-09-07T00:00:00+00:00
[2022-09-07T08:01:11.192+0000] {processor.py:161} INFO - Processing /home/airflow/.local/lib/python3.7/site-packages/airflow/example_dags/example_branch_operator.py took 0.052 seconds
[2022-09-07T08:01:41.919+0000] {processor.py:153} INFO - Started process (PID=2336) to work on /home/airflow/.local/lib/python3.7/site-packages/airflow/example_dags/example_branch_operator.py
[2022-09-07T08:01:41.922+0000] {processor.py:640} INFO - Processing file /home/airflow/.local/lib/python3.7/site-packages/airflow/example_dags/example_branch_operator.py for tasks to queue
[2022-09-07T08:01:41.923+0000] {logging_mixin.py:115} INFO - [2022-09-07T08:01:41.923+0000] {dagbag.py:508} INFO - Filling up the DagBag from /home/airflow/.local/lib/python3.7/site-packages/airflow/example_dags/example_branch_operator.py
[2022-09-07T08:01:41.930+0000] {processor.py:650} INFO - DAG(s) dict_keys(['example_branch_operator']) retrieved from /home/airflow/.local/lib/python3.7/site-packages/airflow/example_dags/example_branch_operator.py
[2022-09-07T08:01:41.948+0000] {logging_mixin.py:115} INFO - [2022-09-07T08:01:41.948+0000] {dag.py:2429} INFO - Sync 1 DAGs
[2022-09-07T08:01:41.963+0000] {logging_mixin.py:115} INFO - [2022-09-07T08:01:41.963+0000] {dag.py:2981} INFO - Setting next_dagrun for example_branch_operator to 2022-09-06T00:00:00+00:00, run_after=2022-09-07T00:00:00+00:00
[2022-09-07T08:01:41.971+0000] {processor.py:161} INFO - Processing /home/airflow/.local/lib/python3.7/site-packages/airflow/example_dags/example_branch_operator.py took 0.054 seconds
[2022-09-07T08:02:12.723+0000] {processor.py:153} INFO - Started process (PID=2398) to work on /home/airflow/.local/lib/python3.7/site-packages/airflow/example_dags/example_branch_operator.py
[2022-09-07T08:02:12.724+0000] {processor.py:640} INFO - Processing file /home/airflow/.local/lib/python3.7/site-packages/airflow/example_dags/example_branch_operator.py for tasks to queue
[2022-09-07T08:02:12.727+0000] {logging_mixin.py:115} INFO - [2022-09-07T08:02:12.727+0000] {dagbag.py:508} INFO - Filling up the DagBag from /home/airflow/.local/lib/python3.7/site-packages/airflow/example_dags/example_branch_operator.py
[2022-09-07T08:02:12.733+0000] {processor.py:650} INFO - DAG(s) dict_keys(['example_branch_operator']) retrieved from /home/airflow/.local/lib/python3.7/site-packages/airflow/example_dags/example_branch_operator.py
[2022-09-07T08:02:12.752+0000] {logging_mixin.py:115} INFO - [2022-09-07T08:02:12.752+0000] {dag.py:2429} INFO - Sync 1 DAGs
[2022-09-07T08:02:12.766+0000] {logging_mixin.py:115} INFO - [2022-09-07T08:02:12.766+0000] {dag.py:2981} INFO - Setting next_dagrun for example_branch_operator to 2022-09-06T00:00:00+00:00, run_after=2022-09-07T00:00:00+00:00
[2022-09-07T08:02:12.774+0000] {processor.py:161} INFO - Processing /home/airflow/.local/lib/python3.7/site-packages/airflow/example_dags/example_branch_operator.py took 0.053 seconds
[2022-09-07T08:02:43.602+0000] {processor.py:153} INFO - Started process (PID=2458) to work on /home/airflow/.local/lib/python3.7/site-packages/airflow/example_dags/example_branch_operator.py
[2022-09-07T08:02:43.604+0000] {processor.py:640} INFO - Processing file /home/airflow/.local/lib/python3.7/site-packages/airflow/example_dags/example_branch_operator.py for tasks to queue
[2022-09-07T08:02:43.606+0000] {logging_mixin.py:115} INFO - [2022-09-07T08:02:43.606+0000] {dagbag.py:508} INFO - Filling up the DagBag from /home/airflow/.local/lib/python3.7/site-packages/airflow/example_dags/example_branch_operator.py
[2022-09-07T08:02:43.615+0000] {processor.py:650} INFO - DAG(s) dict_keys(['example_branch_operator']) retrieved from /home/airflow/.local/lib/python3.7/site-packages/airflow/example_dags/example_branch_operator.py
[2022-09-07T08:02:43.637+0000] {logging_mixin.py:115} INFO - [2022-09-07T08:02:43.636+0000] {dag.py:2429} INFO - Sync 1 DAGs
[2022-09-07T08:02:43.651+0000] {logging_mixin.py:115} INFO - [2022-09-07T08:02:43.651+0000] {dag.py:2981} INFO - Setting next_dagrun for example_branch_operator to 2022-09-06T00:00:00+00:00, run_after=2022-09-07T00:00:00+00:00
[2022-09-07T08:02:43.659+0000] {processor.py:161} INFO - Processing /home/airflow/.local/lib/python3.7/site-packages/airflow/example_dags/example_branch_operator.py took 0.061 seconds
[2022-09-07T08:03:14.323+0000] {processor.py:153} INFO - Started process (PID=2518) to work on /home/airflow/.local/lib/python3.7/site-packages/airflow/example_dags/example_branch_operator.py
[2022-09-07T08:03:14.324+0000] {processor.py:640} INFO - Processing file /home/airflow/.local/lib/python3.7/site-packages/airflow/example_dags/example_branch_operator.py for tasks to queue
[2022-09-07T08:03:14.325+0000] {logging_mixin.py:115} INFO - [2022-09-07T08:03:14.325+0000] {dagbag.py:508} INFO - Filling up the DagBag from /home/airflow/.local/lib/python3.7/site-packages/airflow/example_dags/example_branch_operator.py
[2022-09-07T08:03:14.332+0000] {processor.py:650} INFO - DAG(s) dict_keys(['example_branch_operator']) retrieved from /home/airflow/.local/lib/python3.7/site-packages/airflow/example_dags/example_branch_operator.py
[2022-09-07T08:03:14.359+0000] {logging_mixin.py:115} INFO - [2022-09-07T08:03:14.359+0000] {dag.py:2429} INFO - Sync 1 DAGs
[2022-09-07T08:03:14.374+0000] {logging_mixin.py:115} INFO - [2022-09-07T08:03:14.374+0000] {dag.py:2981} INFO - Setting next_dagrun for example_branch_operator to 2022-09-06T00:00:00+00:00, run_after=2022-09-07T00:00:00+00:00
[2022-09-07T08:03:14.384+0000] {processor.py:161} INFO - Processing /home/airflow/.local/lib/python3.7/site-packages/airflow/example_dags/example_branch_operator.py took 0.065 seconds
[2022-09-07T08:03:45.127+0000] {processor.py:153} INFO - Started process (PID=2579) to work on /home/airflow/.local/lib/python3.7/site-packages/airflow/example_dags/example_branch_operator.py
[2022-09-07T08:03:45.129+0000] {processor.py:640} INFO - Processing file /home/airflow/.local/lib/python3.7/site-packages/airflow/example_dags/example_branch_operator.py for tasks to queue
[2022-09-07T08:03:45.131+0000] {logging_mixin.py:115} INFO - [2022-09-07T08:03:45.131+0000] {dagbag.py:508} INFO - Filling up the DagBag from /home/airflow/.local/lib/python3.7/site-packages/airflow/example_dags/example_branch_operator.py
[2022-09-07T08:03:45.138+0000] {processor.py:650} INFO - DAG(s) dict_keys(['example_branch_operator']) retrieved from /home/airflow/.local/lib/python3.7/site-packages/airflow/example_dags/example_branch_operator.py
[2022-09-07T08:03:45.162+0000] {logging_mixin.py:115} INFO - [2022-09-07T08:03:45.162+0000] {dag.py:2429} INFO - Sync 1 DAGs
[2022-09-07T08:03:45.179+0000] {logging_mixin.py:115} INFO - [2022-09-07T08:03:45.179+0000] {dag.py:2981} INFO - Setting next_dagrun for example_branch_operator to 2022-09-06T00:00:00+00:00, run_after=2022-09-07T00:00:00+00:00
[2022-09-07T08:03:45.187+0000] {processor.py:161} INFO - Processing /home/airflow/.local/lib/python3.7/site-packages/airflow/example_dags/example_branch_operator.py took 0.062 seconds
[2022-09-07T08:04:15.807+0000] {processor.py:153} INFO - Started process (PID=2631) to work on /home/airflow/.local/lib/python3.7/site-packages/airflow/example_dags/example_branch_operator.py
[2022-09-07T08:04:15.809+0000] {processor.py:640} INFO - Processing file /home/airflow/.local/lib/python3.7/site-packages/airflow/example_dags/example_branch_operator.py for tasks to queue
[2022-09-07T08:04:15.810+0000] {logging_mixin.py:115} INFO - [2022-09-07T08:04:15.810+0000] {dagbag.py:508} INFO - Filling up the DagBag from /home/airflow/.local/lib/python3.7/site-packages/airflow/example_dags/example_branch_operator.py
[2022-09-07T08:04:15.817+0000] {processor.py:650} INFO - DAG(s) dict_keys(['example_branch_operator']) retrieved from /home/airflow/.local/lib/python3.7/site-packages/airflow/example_dags/example_branch_operator.py
[2022-09-07T08:04:15.840+0000] {logging_mixin.py:115} INFO - [2022-09-07T08:04:15.839+0000] {dag.py:2429} INFO - Sync 1 DAGs
[2022-09-07T08:04:15.855+0000] {logging_mixin.py:115} INFO - [2022-09-07T08:04:15.855+0000] {dag.py:2981} INFO - Setting next_dagrun for example_branch_operator to 2022-09-06T00:00:00+00:00, run_after=2022-09-07T00:00:00+00:00
[2022-09-07T08:04:15.867+0000] {processor.py:161} INFO - Processing /home/airflow/.local/lib/python3.7/site-packages/airflow/example_dags/example_branch_operator.py took 0.062 seconds
[2022-09-07T16:21:01.495+0000] {processor.py:153} INFO - Started process (PID=64) to work on /home/airflow/.local/lib/python3.7/site-packages/airflow/example_dags/example_branch_operator.py
[2022-09-07T16:21:01.497+0000] {processor.py:640} INFO - Processing file /home/airflow/.local/lib/python3.7/site-packages/airflow/example_dags/example_branch_operator.py for tasks to queue
[2022-09-07T16:21:01.498+0000] {logging_mixin.py:115} INFO - [2022-09-07T16:21:01.498+0000] {dagbag.py:508} INFO - Filling up the DagBag from /home/airflow/.local/lib/python3.7/site-packages/airflow/example_dags/example_branch_operator.py
[2022-09-07T16:21:01.507+0000] {processor.py:650} INFO - DAG(s) dict_keys(['example_branch_operator']) retrieved from /home/airflow/.local/lib/python3.7/site-packages/airflow/example_dags/example_branch_operator.py
[2022-09-07T16:21:01.525+0000] {logging_mixin.py:115} INFO - [2022-09-07T16:21:01.525+0000] {dag.py:2429} INFO - Sync 1 DAGs
[2022-09-07T16:21:01.539+0000] {logging_mixin.py:115} INFO - [2022-09-07T16:21:01.539+0000] {dag.py:2981} INFO - Setting next_dagrun for example_branch_operator to 2022-09-06T00:00:00+00:00, run_after=2022-09-07T00:00:00+00:00
[2022-09-07T16:21:01.547+0000] {processor.py:161} INFO - Processing /home/airflow/.local/lib/python3.7/site-packages/airflow/example_dags/example_branch_operator.py took 0.053 seconds
[2022-09-07T16:21:32.140+0000] {processor.py:153} INFO - Started process (PID=124) to work on /home/airflow/.local/lib/python3.7/site-packages/airflow/example_dags/example_branch_operator.py
[2022-09-07T16:21:32.142+0000] {processor.py:640} INFO - Processing file /home/airflow/.local/lib/python3.7/site-packages/airflow/example_dags/example_branch_operator.py for tasks to queue
[2022-09-07T16:21:32.143+0000] {logging_mixin.py:115} INFO - [2022-09-07T16:21:32.143+0000] {dagbag.py:508} INFO - Filling up the DagBag from /home/airflow/.local/lib/python3.7/site-packages/airflow/example_dags/example_branch_operator.py
[2022-09-07T16:21:32.150+0000] {processor.py:650} INFO - DAG(s) dict_keys(['example_branch_operator']) retrieved from /home/airflow/.local/lib/python3.7/site-packages/airflow/example_dags/example_branch_operator.py
[2022-09-07T16:21:32.167+0000] {logging_mixin.py:115} INFO - [2022-09-07T16:21:32.167+0000] {dag.py:2429} INFO - Sync 1 DAGs
[2022-09-07T16:21:32.181+0000] {logging_mixin.py:115} INFO - [2022-09-07T16:21:32.181+0000] {dag.py:2981} INFO - Setting next_dagrun for example_branch_operator to 2022-09-06T00:00:00+00:00, run_after=2022-09-07T00:00:00+00:00
[2022-09-07T16:21:32.189+0000] {processor.py:161} INFO - Processing /home/airflow/.local/lib/python3.7/site-packages/airflow/example_dags/example_branch_operator.py took 0.051 seconds
[2022-09-07T16:22:02.784+0000] {processor.py:153} INFO - Started process (PID=579) to work on /home/airflow/.local/lib/python3.7/site-packages/airflow/example_dags/example_branch_operator.py
[2022-09-07T16:22:02.786+0000] {processor.py:640} INFO - Processing file /home/airflow/.local/lib/python3.7/site-packages/airflow/example_dags/example_branch_operator.py for tasks to queue
[2022-09-07T16:22:02.787+0000] {logging_mixin.py:115} INFO - [2022-09-07T16:22:02.787+0000] {dagbag.py:508} INFO - Filling up the DagBag from /home/airflow/.local/lib/python3.7/site-packages/airflow/example_dags/example_branch_operator.py
[2022-09-07T16:22:02.794+0000] {processor.py:650} INFO - DAG(s) dict_keys(['example_branch_operator']) retrieved from /home/airflow/.local/lib/python3.7/site-packages/airflow/example_dags/example_branch_operator.py
[2022-09-07T16:22:02.812+0000] {logging_mixin.py:115} INFO - [2022-09-07T16:22:02.812+0000] {dag.py:2429} INFO - Sync 1 DAGs
[2022-09-07T16:22:02.827+0000] {logging_mixin.py:115} INFO - [2022-09-07T16:22:02.827+0000] {dag.py:2981} INFO - Setting next_dagrun for example_branch_operator to 2022-09-06T00:00:00+00:00, run_after=2022-09-07T00:00:00+00:00
[2022-09-07T16:22:02.835+0000] {processor.py:161} INFO - Processing /home/airflow/.local/lib/python3.7/site-packages/airflow/example_dags/example_branch_operator.py took 0.053 seconds
[2022-09-07T16:22:32.979+0000] {processor.py:153} INFO - Started process (PID=1275) to work on /home/airflow/.local/lib/python3.7/site-packages/airflow/example_dags/example_branch_operator.py
[2022-09-07T16:22:32.981+0000] {processor.py:640} INFO - Processing file /home/airflow/.local/lib/python3.7/site-packages/airflow/example_dags/example_branch_operator.py for tasks to queue
[2022-09-07T16:22:32.982+0000] {logging_mixin.py:115} INFO - [2022-09-07T16:22:32.982+0000] {dagbag.py:508} INFO - Filling up the DagBag from /home/airflow/.local/lib/python3.7/site-packages/airflow/example_dags/example_branch_operator.py
[2022-09-07T16:22:32.990+0000] {processor.py:650} INFO - DAG(s) dict_keys(['example_branch_operator']) retrieved from /home/airflow/.local/lib/python3.7/site-packages/airflow/example_dags/example_branch_operator.py
[2022-09-07T16:22:33.008+0000] {logging_mixin.py:115} INFO - [2022-09-07T16:22:33.008+0000] {dag.py:2429} INFO - Sync 1 DAGs
[2022-09-07T16:22:33.022+0000] {logging_mixin.py:115} INFO - [2022-09-07T16:22:33.022+0000] {dag.py:2981} INFO - Setting next_dagrun for example_branch_operator to 2022-09-06T00:00:00+00:00, run_after=2022-09-07T00:00:00+00:00
[2022-09-07T16:22:33.030+0000] {processor.py:161} INFO - Processing /home/airflow/.local/lib/python3.7/site-packages/airflow/example_dags/example_branch_operator.py took 0.053 seconds
[2022-09-07T16:23:03.825+0000] {processor.py:153} INFO - Started process (PID=1807) to work on /home/airflow/.local/lib/python3.7/site-packages/airflow/example_dags/example_branch_operator.py
[2022-09-07T16:23:03.827+0000] {processor.py:640} INFO - Processing file /home/airflow/.local/lib/python3.7/site-packages/airflow/example_dags/example_branch_operator.py for tasks to queue
[2022-09-07T16:23:03.828+0000] {logging_mixin.py:115} INFO - [2022-09-07T16:23:03.828+0000] {dagbag.py:508} INFO - Filling up the DagBag from /home/airflow/.local/lib/python3.7/site-packages/airflow/example_dags/example_branch_operator.py
[2022-09-07T16:23:03.837+0000] {processor.py:650} INFO - DAG(s) dict_keys(['example_branch_operator']) retrieved from /home/airflow/.local/lib/python3.7/site-packages/airflow/example_dags/example_branch_operator.py
[2022-09-07T16:23:03.888+0000] {logging_mixin.py:115} INFO - [2022-09-07T16:23:03.888+0000] {dag.py:2429} INFO - Sync 1 DAGs
[2022-09-07T16:23:03.904+0000] {logging_mixin.py:115} INFO - [2022-09-07T16:23:03.904+0000] {dag.py:2981} INFO - Setting next_dagrun for example_branch_operator to 2022-09-06T00:00:00+00:00, run_after=2022-09-07T00:00:00+00:00
[2022-09-07T16:23:03.916+0000] {processor.py:161} INFO - Processing /home/airflow/.local/lib/python3.7/site-packages/airflow/example_dags/example_branch_operator.py took 0.094 seconds
[2022-09-07T16:23:34.541+0000] {processor.py:153} INFO - Started process (PID=2176) to work on /home/airflow/.local/lib/python3.7/site-packages/airflow/example_dags/example_branch_operator.py
[2022-09-07T16:23:34.543+0000] {processor.py:640} INFO - Processing file /home/airflow/.local/lib/python3.7/site-packages/airflow/example_dags/example_branch_operator.py for tasks to queue
[2022-09-07T16:23:34.545+0000] {logging_mixin.py:115} INFO - [2022-09-07T16:23:34.545+0000] {dagbag.py:508} INFO - Filling up the DagBag from /home/airflow/.local/lib/python3.7/site-packages/airflow/example_dags/example_branch_operator.py
[2022-09-07T16:23:34.554+0000] {processor.py:650} INFO - DAG(s) dict_keys(['example_branch_operator']) retrieved from /home/airflow/.local/lib/python3.7/site-packages/airflow/example_dags/example_branch_operator.py
[2022-09-07T16:23:34.583+0000] {logging_mixin.py:115} INFO - [2022-09-07T16:23:34.583+0000] {dag.py:2429} INFO - Sync 1 DAGs
[2022-09-07T16:23:34.597+0000] {logging_mixin.py:115} INFO - [2022-09-07T16:23:34.597+0000] {dag.py:2981} INFO - Setting next_dagrun for example_branch_operator to 2022-09-06T00:00:00+00:00, run_after=2022-09-07T00:00:00+00:00
[2022-09-07T16:23:34.605+0000] {processor.py:161} INFO - Processing /home/airflow/.local/lib/python3.7/site-packages/airflow/example_dags/example_branch_operator.py took 0.066 seconds
[2022-09-07T16:24:05.147+0000] {processor.py:153} INFO - Started process (PID=2553) to work on /home/airflow/.local/lib/python3.7/site-packages/airflow/example_dags/example_branch_operator.py
[2022-09-07T16:24:05.148+0000] {processor.py:640} INFO - Processing file /home/airflow/.local/lib/python3.7/site-packages/airflow/example_dags/example_branch_operator.py for tasks to queue
[2022-09-07T16:24:05.149+0000] {logging_mixin.py:115} INFO - [2022-09-07T16:24:05.149+0000] {dagbag.py:508} INFO - Filling up the DagBag from /home/airflow/.local/lib/python3.7/site-packages/airflow/example_dags/example_branch_operator.py
[2022-09-07T16:24:05.156+0000] {processor.py:650} INFO - DAG(s) dict_keys(['example_branch_operator']) retrieved from /home/airflow/.local/lib/python3.7/site-packages/airflow/example_dags/example_branch_operator.py
[2022-09-07T16:24:05.175+0000] {logging_mixin.py:115} INFO - [2022-09-07T16:24:05.175+0000] {dag.py:2429} INFO - Sync 1 DAGs
[2022-09-07T16:24:05.191+0000] {logging_mixin.py:115} INFO - [2022-09-07T16:24:05.191+0000] {dag.py:2981} INFO - Setting next_dagrun for example_branch_operator to 2022-09-06T00:00:00+00:00, run_after=2022-09-07T00:00:00+00:00
[2022-09-07T16:24:05.202+0000] {processor.py:161} INFO - Processing /home/airflow/.local/lib/python3.7/site-packages/airflow/example_dags/example_branch_operator.py took 0.058 seconds
[2022-09-07T16:24:35.770+0000] {processor.py:153} INFO - Started process (PID=2920) to work on /home/airflow/.local/lib/python3.7/site-packages/airflow/example_dags/example_branch_operator.py
[2022-09-07T16:24:35.773+0000] {processor.py:640} INFO - Processing file /home/airflow/.local/lib/python3.7/site-packages/airflow/example_dags/example_branch_operator.py for tasks to queue
[2022-09-07T16:24:35.774+0000] {logging_mixin.py:115} INFO - [2022-09-07T16:24:35.773+0000] {dagbag.py:508} INFO - Filling up the DagBag from /home/airflow/.local/lib/python3.7/site-packages/airflow/example_dags/example_branch_operator.py
[2022-09-07T16:24:35.781+0000] {processor.py:650} INFO - DAG(s) dict_keys(['example_branch_operator']) retrieved from /home/airflow/.local/lib/python3.7/site-packages/airflow/example_dags/example_branch_operator.py
[2022-09-07T16:24:35.805+0000] {logging_mixin.py:115} INFO - [2022-09-07T16:24:35.805+0000] {dag.py:2429} INFO - Sync 1 DAGs
[2022-09-07T16:24:35.821+0000] {logging_mixin.py:115} INFO - [2022-09-07T16:24:35.821+0000] {dag.py:2981} INFO - Setting next_dagrun for example_branch_operator to 2022-09-06T00:00:00+00:00, run_after=2022-09-07T00:00:00+00:00
[2022-09-07T16:24:35.831+0000] {processor.py:161} INFO - Processing /home/airflow/.local/lib/python3.7/site-packages/airflow/example_dags/example_branch_operator.py took 0.063 seconds
[2022-09-07T16:25:06.852+0000] {processor.py:153} INFO - Started process (PID=3248) to work on /home/airflow/.local/lib/python3.7/site-packages/airflow/example_dags/example_branch_operator.py
[2022-09-07T16:25:06.854+0000] {processor.py:640} INFO - Processing file /home/airflow/.local/lib/python3.7/site-packages/airflow/example_dags/example_branch_operator.py for tasks to queue
[2022-09-07T16:25:06.855+0000] {logging_mixin.py:115} INFO - [2022-09-07T16:25:06.855+0000] {dagbag.py:508} INFO - Filling up the DagBag from /home/airflow/.local/lib/python3.7/site-packages/airflow/example_dags/example_branch_operator.py
[2022-09-07T16:25:06.864+0000] {processor.py:650} INFO - DAG(s) dict_keys(['example_branch_operator']) retrieved from /home/airflow/.local/lib/python3.7/site-packages/airflow/example_dags/example_branch_operator.py
[2022-09-07T16:25:06.886+0000] {logging_mixin.py:115} INFO - [2022-09-07T16:25:06.886+0000] {dag.py:2429} INFO - Sync 1 DAGs
[2022-09-07T16:25:06.903+0000] {logging_mixin.py:115} INFO - [2022-09-07T16:25:06.903+0000] {dag.py:2981} INFO - Setting next_dagrun for example_branch_operator to 2022-09-06T00:00:00+00:00, run_after=2022-09-07T00:00:00+00:00
[2022-09-07T16:25:06.915+0000] {processor.py:161} INFO - Processing /home/airflow/.local/lib/python3.7/site-packages/airflow/example_dags/example_branch_operator.py took 0.066 seconds
[2022-09-07T16:25:36.958+0000] {processor.py:153} INFO - Started process (PID=3308) to work on /home/airflow/.local/lib/python3.7/site-packages/airflow/example_dags/example_branch_operator.py
[2022-09-07T16:25:36.961+0000] {processor.py:640} INFO - Processing file /home/airflow/.local/lib/python3.7/site-packages/airflow/example_dags/example_branch_operator.py for tasks to queue
[2022-09-07T16:25:36.963+0000] {logging_mixin.py:115} INFO - [2022-09-07T16:25:36.963+0000] {dagbag.py:508} INFO - Filling up the DagBag from /home/airflow/.local/lib/python3.7/site-packages/airflow/example_dags/example_branch_operator.py
[2022-09-07T16:25:36.973+0000] {processor.py:650} INFO - DAG(s) dict_keys(['example_branch_operator']) retrieved from /home/airflow/.local/lib/python3.7/site-packages/airflow/example_dags/example_branch_operator.py
[2022-09-07T16:25:36.993+0000] {logging_mixin.py:115} INFO - [2022-09-07T16:25:36.993+0000] {dag.py:2429} INFO - Sync 1 DAGs
[2022-09-07T16:25:37.010+0000] {logging_mixin.py:115} INFO - [2022-09-07T16:25:37.010+0000] {dag.py:2981} INFO - Setting next_dagrun for example_branch_operator to 2022-09-06T00:00:00+00:00, run_after=2022-09-07T00:00:00+00:00
[2022-09-07T16:25:37.018+0000] {processor.py:161} INFO - Processing /home/airflow/.local/lib/python3.7/site-packages/airflow/example_dags/example_branch_operator.py took 0.062 seconds
[2022-09-07T16:26:07.247+0000] {processor.py:153} INFO - Started process (PID=3361) to work on /home/airflow/.local/lib/python3.7/site-packages/airflow/example_dags/example_branch_operator.py
[2022-09-07T16:26:07.248+0000] {processor.py:640} INFO - Processing file /home/airflow/.local/lib/python3.7/site-packages/airflow/example_dags/example_branch_operator.py for tasks to queue
[2022-09-07T16:26:07.250+0000] {logging_mixin.py:115} INFO - [2022-09-07T16:26:07.250+0000] {dagbag.py:508} INFO - Filling up the DagBag from /home/airflow/.local/lib/python3.7/site-packages/airflow/example_dags/example_branch_operator.py
[2022-09-07T16:26:07.258+0000] {processor.py:650} INFO - DAG(s) dict_keys(['example_branch_operator']) retrieved from /home/airflow/.local/lib/python3.7/site-packages/airflow/example_dags/example_branch_operator.py
[2022-09-07T16:26:07.282+0000] {logging_mixin.py:115} INFO - [2022-09-07T16:26:07.282+0000] {dag.py:2429} INFO - Sync 1 DAGs
[2022-09-07T16:26:07.299+0000] {logging_mixin.py:115} INFO - [2022-09-07T16:26:07.299+0000] {dag.py:2981} INFO - Setting next_dagrun for example_branch_operator to 2022-09-06T00:00:00+00:00, run_after=2022-09-07T00:00:00+00:00
[2022-09-07T16:26:07.309+0000] {processor.py:161} INFO - Processing /home/airflow/.local/lib/python3.7/site-packages/airflow/example_dags/example_branch_operator.py took 0.065 seconds
[2022-09-07T16:26:38.355+0000] {processor.py:153} INFO - Started process (PID=3423) to work on /home/airflow/.local/lib/python3.7/site-packages/airflow/example_dags/example_branch_operator.py
[2022-09-07T16:26:38.356+0000] {processor.py:640} INFO - Processing file /home/airflow/.local/lib/python3.7/site-packages/airflow/example_dags/example_branch_operator.py for tasks to queue
[2022-09-07T16:26:38.358+0000] {logging_mixin.py:115} INFO - [2022-09-07T16:26:38.358+0000] {dagbag.py:508} INFO - Filling up the DagBag from /home/airflow/.local/lib/python3.7/site-packages/airflow/example_dags/example_branch_operator.py
[2022-09-07T16:26:38.366+0000] {processor.py:650} INFO - DAG(s) dict_keys(['example_branch_operator']) retrieved from /home/airflow/.local/lib/python3.7/site-packages/airflow/example_dags/example_branch_operator.py
[2022-09-07T16:26:38.386+0000] {logging_mixin.py:115} INFO - [2022-09-07T16:26:38.385+0000] {dag.py:2429} INFO - Sync 1 DAGs
[2022-09-07T16:26:38.401+0000] {logging_mixin.py:115} INFO - [2022-09-07T16:26:38.401+0000] {dag.py:2981} INFO - Setting next_dagrun for example_branch_operator to 2022-09-06T00:00:00+00:00, run_after=2022-09-07T00:00:00+00:00
[2022-09-07T16:26:38.410+0000] {processor.py:161} INFO - Processing /home/airflow/.local/lib/python3.7/site-packages/airflow/example_dags/example_branch_operator.py took 0.059 seconds
[2022-09-07T16:27:08.927+0000] {processor.py:153} INFO - Started process (PID=3484) to work on /home/airflow/.local/lib/python3.7/site-packages/airflow/example_dags/example_branch_operator.py
[2022-09-07T16:27:08.929+0000] {processor.py:640} INFO - Processing file /home/airflow/.local/lib/python3.7/site-packages/airflow/example_dags/example_branch_operator.py for tasks to queue
[2022-09-07T16:27:08.932+0000] {logging_mixin.py:115} INFO - [2022-09-07T16:27:08.932+0000] {dagbag.py:508} INFO - Filling up the DagBag from /home/airflow/.local/lib/python3.7/site-packages/airflow/example_dags/example_branch_operator.py
[2022-09-07T16:27:08.940+0000] {processor.py:650} INFO - DAG(s) dict_keys(['example_branch_operator']) retrieved from /home/airflow/.local/lib/python3.7/site-packages/airflow/example_dags/example_branch_operator.py
[2022-09-07T16:27:08.960+0000] {logging_mixin.py:115} INFO - [2022-09-07T16:27:08.960+0000] {dag.py:2429} INFO - Sync 1 DAGs
[2022-09-07T16:27:08.975+0000] {logging_mixin.py:115} INFO - [2022-09-07T16:27:08.975+0000] {dag.py:2981} INFO - Setting next_dagrun for example_branch_operator to 2022-09-06T00:00:00+00:00, run_after=2022-09-07T00:00:00+00:00
[2022-09-07T16:27:08.983+0000] {processor.py:161} INFO - Processing /home/airflow/.local/lib/python3.7/site-packages/airflow/example_dags/example_branch_operator.py took 0.058 seconds
[2022-09-07T16:27:39.658+0000] {processor.py:153} INFO - Started process (PID=3546) to work on /home/airflow/.local/lib/python3.7/site-packages/airflow/example_dags/example_branch_operator.py
[2022-09-07T16:27:39.659+0000] {processor.py:640} INFO - Processing file /home/airflow/.local/lib/python3.7/site-packages/airflow/example_dags/example_branch_operator.py for tasks to queue
[2022-09-07T16:27:39.661+0000] {logging_mixin.py:115} INFO - [2022-09-07T16:27:39.661+0000] {dagbag.py:508} INFO - Filling up the DagBag from /home/airflow/.local/lib/python3.7/site-packages/airflow/example_dags/example_branch_operator.py
[2022-09-07T16:27:39.669+0000] {processor.py:650} INFO - DAG(s) dict_keys(['example_branch_operator']) retrieved from /home/airflow/.local/lib/python3.7/site-packages/airflow/example_dags/example_branch_operator.py
[2022-09-07T16:27:39.688+0000] {logging_mixin.py:115} INFO - [2022-09-07T16:27:39.688+0000] {dag.py:2429} INFO - Sync 1 DAGs
[2022-09-07T16:27:39.705+0000] {logging_mixin.py:115} INFO - [2022-09-07T16:27:39.705+0000] {dag.py:2981} INFO - Setting next_dagrun for example_branch_operator to 2022-09-06T00:00:00+00:00, run_after=2022-09-07T00:00:00+00:00
[2022-09-07T16:27:39.714+0000] {processor.py:161} INFO - Processing /home/airflow/.local/lib/python3.7/site-packages/airflow/example_dags/example_branch_operator.py took 0.059 seconds
[2022-09-07T16:28:10.405+0000] {processor.py:153} INFO - Started process (PID=3607) to work on /home/airflow/.local/lib/python3.7/site-packages/airflow/example_dags/example_branch_operator.py
[2022-09-07T16:28:10.406+0000] {processor.py:640} INFO - Processing file /home/airflow/.local/lib/python3.7/site-packages/airflow/example_dags/example_branch_operator.py for tasks to queue
[2022-09-07T16:28:10.409+0000] {logging_mixin.py:115} INFO - [2022-09-07T16:28:10.408+0000] {dagbag.py:508} INFO - Filling up the DagBag from /home/airflow/.local/lib/python3.7/site-packages/airflow/example_dags/example_branch_operator.py
[2022-09-07T16:28:10.416+0000] {processor.py:650} INFO - DAG(s) dict_keys(['example_branch_operator']) retrieved from /home/airflow/.local/lib/python3.7/site-packages/airflow/example_dags/example_branch_operator.py
[2022-09-07T16:28:10.435+0000] {logging_mixin.py:115} INFO - [2022-09-07T16:28:10.435+0000] {dag.py:2429} INFO - Sync 1 DAGs
[2022-09-07T16:28:10.450+0000] {logging_mixin.py:115} INFO - [2022-09-07T16:28:10.450+0000] {dag.py:2981} INFO - Setting next_dagrun for example_branch_operator to 2022-09-06T00:00:00+00:00, run_after=2022-09-07T00:00:00+00:00
[2022-09-07T16:28:10.457+0000] {processor.py:161} INFO - Processing /home/airflow/.local/lib/python3.7/site-packages/airflow/example_dags/example_branch_operator.py took 0.055 seconds
[2022-09-07T16:29:18.612+0000] {processor.py:153} INFO - Started process (PID=55) to work on /home/airflow/.local/lib/python3.7/site-packages/airflow/example_dags/example_branch_operator.py
[2022-09-07T16:29:18.618+0000] {processor.py:640} INFO - Processing file /home/airflow/.local/lib/python3.7/site-packages/airflow/example_dags/example_branch_operator.py for tasks to queue
[2022-09-07T16:29:18.620+0000] {logging_mixin.py:115} INFO - [2022-09-07T16:29:18.620+0000] {dagbag.py:508} INFO - Filling up the DagBag from /home/airflow/.local/lib/python3.7/site-packages/airflow/example_dags/example_branch_operator.py
[2022-09-07T16:29:18.636+0000] {processor.py:650} INFO - DAG(s) dict_keys(['example_branch_operator']) retrieved from /home/airflow/.local/lib/python3.7/site-packages/airflow/example_dags/example_branch_operator.py
[2022-09-07T16:29:18.681+0000] {logging_mixin.py:115} INFO - [2022-09-07T16:29:18.681+0000] {dag.py:2429} INFO - Sync 1 DAGs
[2022-09-07T16:29:18.720+0000] {logging_mixin.py:115} INFO - [2022-09-07T16:29:18.720+0000] {dag.py:2981} INFO - Setting next_dagrun for example_branch_operator to 2022-09-06T00:00:00+00:00, run_after=2022-09-07T00:00:00+00:00
[2022-09-07T16:29:18.739+0000] {processor.py:161} INFO - Processing /home/airflow/.local/lib/python3.7/site-packages/airflow/example_dags/example_branch_operator.py took 0.131 seconds
[2022-09-07T16:29:49.268+0000] {processor.py:153} INFO - Started process (PID=106) to work on /home/airflow/.local/lib/python3.7/site-packages/airflow/example_dags/example_branch_operator.py
[2022-09-07T16:29:49.270+0000] {processor.py:640} INFO - Processing file /home/airflow/.local/lib/python3.7/site-packages/airflow/example_dags/example_branch_operator.py for tasks to queue
[2022-09-07T16:29:49.272+0000] {logging_mixin.py:115} INFO - [2022-09-07T16:29:49.272+0000] {dagbag.py:508} INFO - Filling up the DagBag from /home/airflow/.local/lib/python3.7/site-packages/airflow/example_dags/example_branch_operator.py
[2022-09-07T16:29:49.282+0000] {processor.py:650} INFO - DAG(s) dict_keys(['example_branch_operator']) retrieved from /home/airflow/.local/lib/python3.7/site-packages/airflow/example_dags/example_branch_operator.py
[2022-09-07T16:29:49.323+0000] {logging_mixin.py:115} INFO - [2022-09-07T16:29:49.323+0000] {dag.py:2429} INFO - Sync 1 DAGs
[2022-09-07T16:29:49.346+0000] {logging_mixin.py:115} INFO - [2022-09-07T16:29:49.346+0000] {dag.py:2981} INFO - Setting next_dagrun for example_branch_operator to 2022-09-06T00:00:00+00:00, run_after=2022-09-07T00:00:00+00:00
[2022-09-07T16:29:49.357+0000] {processor.py:161} INFO - Processing /home/airflow/.local/lib/python3.7/site-packages/airflow/example_dags/example_branch_operator.py took 0.092 seconds
[2022-09-07T16:30:19.425+0000] {processor.py:153} INFO - Started process (PID=166) to work on /home/airflow/.local/lib/python3.7/site-packages/airflow/example_dags/example_branch_operator.py
[2022-09-07T16:30:19.427+0000] {processor.py:640} INFO - Processing file /home/airflow/.local/lib/python3.7/site-packages/airflow/example_dags/example_branch_operator.py for tasks to queue
[2022-09-07T16:30:19.428+0000] {logging_mixin.py:115} INFO - [2022-09-07T16:30:19.428+0000] {dagbag.py:508} INFO - Filling up the DagBag from /home/airflow/.local/lib/python3.7/site-packages/airflow/example_dags/example_branch_operator.py
[2022-09-07T16:30:19.437+0000] {processor.py:650} INFO - DAG(s) dict_keys(['example_branch_operator']) retrieved from /home/airflow/.local/lib/python3.7/site-packages/airflow/example_dags/example_branch_operator.py
[2022-09-07T16:30:19.458+0000] {logging_mixin.py:115} INFO - [2022-09-07T16:30:19.458+0000] {dag.py:2429} INFO - Sync 1 DAGs
[2022-09-07T16:30:19.472+0000] {logging_mixin.py:115} INFO - [2022-09-07T16:30:19.472+0000] {dag.py:2981} INFO - Setting next_dagrun for example_branch_operator to 2022-09-06T00:00:00+00:00, run_after=2022-09-07T00:00:00+00:00
[2022-09-07T16:30:19.480+0000] {processor.py:161} INFO - Processing /home/airflow/.local/lib/python3.7/site-packages/airflow/example_dags/example_branch_operator.py took 0.057 seconds
[2022-09-07T16:30:49.613+0000] {processor.py:153} INFO - Started process (PID=227) to work on /home/airflow/.local/lib/python3.7/site-packages/airflow/example_dags/example_branch_operator.py
[2022-09-07T16:30:49.615+0000] {processor.py:640} INFO - Processing file /home/airflow/.local/lib/python3.7/site-packages/airflow/example_dags/example_branch_operator.py for tasks to queue
[2022-09-07T16:30:49.616+0000] {logging_mixin.py:115} INFO - [2022-09-07T16:30:49.616+0000] {dagbag.py:508} INFO - Filling up the DagBag from /home/airflow/.local/lib/python3.7/site-packages/airflow/example_dags/example_branch_operator.py
[2022-09-07T16:30:49.624+0000] {processor.py:650} INFO - DAG(s) dict_keys(['example_branch_operator']) retrieved from /home/airflow/.local/lib/python3.7/site-packages/airflow/example_dags/example_branch_operator.py
[2022-09-07T16:30:49.645+0000] {logging_mixin.py:115} INFO - [2022-09-07T16:30:49.645+0000] {dag.py:2429} INFO - Sync 1 DAGs
[2022-09-07T16:30:49.662+0000] {logging_mixin.py:115} INFO - [2022-09-07T16:30:49.662+0000] {dag.py:2981} INFO - Setting next_dagrun for example_branch_operator to 2022-09-06T00:00:00+00:00, run_after=2022-09-07T00:00:00+00:00
[2022-09-07T16:30:49.671+0000] {processor.py:161} INFO - Processing /home/airflow/.local/lib/python3.7/site-packages/airflow/example_dags/example_branch_operator.py took 0.060 seconds
[2022-09-07T16:31:20.305+0000] {processor.py:153} INFO - Started process (PID=288) to work on /home/airflow/.local/lib/python3.7/site-packages/airflow/example_dags/example_branch_operator.py
[2022-09-07T16:31:20.307+0000] {processor.py:640} INFO - Processing file /home/airflow/.local/lib/python3.7/site-packages/airflow/example_dags/example_branch_operator.py for tasks to queue
[2022-09-07T16:31:20.310+0000] {logging_mixin.py:115} INFO - [2022-09-07T16:31:20.310+0000] {dagbag.py:508} INFO - Filling up the DagBag from /home/airflow/.local/lib/python3.7/site-packages/airflow/example_dags/example_branch_operator.py
[2022-09-07T16:31:20.319+0000] {processor.py:650} INFO - DAG(s) dict_keys(['example_branch_operator']) retrieved from /home/airflow/.local/lib/python3.7/site-packages/airflow/example_dags/example_branch_operator.py
[2022-09-07T16:31:20.342+0000] {logging_mixin.py:115} INFO - [2022-09-07T16:31:20.342+0000] {dag.py:2429} INFO - Sync 1 DAGs
[2022-09-07T16:31:20.357+0000] {logging_mixin.py:115} INFO - [2022-09-07T16:31:20.357+0000] {dag.py:2981} INFO - Setting next_dagrun for example_branch_operator to 2022-09-06T00:00:00+00:00, run_after=2022-09-07T00:00:00+00:00
[2022-09-07T16:31:20.366+0000] {processor.py:161} INFO - Processing /home/airflow/.local/lib/python3.7/site-packages/airflow/example_dags/example_branch_operator.py took 0.063 seconds
[2022-09-07T17:23:38.911+0000] {processor.py:153} INFO - Started process (PID=47) to work on /home/airflow/.local/lib/python3.7/site-packages/airflow/example_dags/example_branch_operator.py
[2022-09-07T17:23:38.938+0000] {processor.py:640} INFO - Processing file /home/airflow/.local/lib/python3.7/site-packages/airflow/example_dags/example_branch_operator.py for tasks to queue
[2022-09-07T17:23:38.939+0000] {logging_mixin.py:115} INFO - [2022-09-07T17:23:38.939+0000] {dagbag.py:508} INFO - Filling up the DagBag from /home/airflow/.local/lib/python3.7/site-packages/airflow/example_dags/example_branch_operator.py
[2022-09-07T17:23:38.959+0000] {processor.py:650} INFO - DAG(s) dict_keys(['example_branch_operator']) retrieved from /home/airflow/.local/lib/python3.7/site-packages/airflow/example_dags/example_branch_operator.py
[2022-09-07T17:23:39.074+0000] {logging_mixin.py:115} INFO - [2022-09-07T17:23:39.074+0000] {dag.py:2429} INFO - Sync 1 DAGs
[2022-09-07T17:23:39.108+0000] {logging_mixin.py:115} INFO - [2022-09-07T17:23:39.108+0000] {dag.py:2981} INFO - Setting next_dagrun for example_branch_operator to 2022-09-06T00:00:00+00:00, run_after=2022-09-07T00:00:00+00:00
[2022-09-07T17:23:39.141+0000] {processor.py:161} INFO - Processing /home/airflow/.local/lib/python3.7/site-packages/airflow/example_dags/example_branch_operator.py took 0.233 seconds
[2022-09-07T17:24:09.686+0000] {processor.py:153} INFO - Started process (PID=106) to work on /home/airflow/.local/lib/python3.7/site-packages/airflow/example_dags/example_branch_operator.py
[2022-09-07T17:24:09.688+0000] {processor.py:640} INFO - Processing file /home/airflow/.local/lib/python3.7/site-packages/airflow/example_dags/example_branch_operator.py for tasks to queue
[2022-09-07T17:24:09.690+0000] {logging_mixin.py:115} INFO - [2022-09-07T17:24:09.690+0000] {dagbag.py:508} INFO - Filling up the DagBag from /home/airflow/.local/lib/python3.7/site-packages/airflow/example_dags/example_branch_operator.py
[2022-09-07T17:24:09.702+0000] {processor.py:650} INFO - DAG(s) dict_keys(['example_branch_operator']) retrieved from /home/airflow/.local/lib/python3.7/site-packages/airflow/example_dags/example_branch_operator.py
[2022-09-07T17:24:09.723+0000] {logging_mixin.py:115} INFO - [2022-09-07T17:24:09.722+0000] {dag.py:2429} INFO - Sync 1 DAGs
[2022-09-07T17:24:09.740+0000] {logging_mixin.py:115} INFO - [2022-09-07T17:24:09.740+0000] {dag.py:2981} INFO - Setting next_dagrun for example_branch_operator to 2022-09-06T00:00:00+00:00, run_after=2022-09-07T00:00:00+00:00
[2022-09-07T17:24:09.750+0000] {processor.py:161} INFO - Processing /home/airflow/.local/lib/python3.7/site-packages/airflow/example_dags/example_branch_operator.py took 0.067 seconds
[2022-09-07T17:24:40.613+0000] {processor.py:153} INFO - Started process (PID=166) to work on /home/airflow/.local/lib/python3.7/site-packages/airflow/example_dags/example_branch_operator.py
[2022-09-07T17:24:40.615+0000] {processor.py:640} INFO - Processing file /home/airflow/.local/lib/python3.7/site-packages/airflow/example_dags/example_branch_operator.py for tasks to queue
[2022-09-07T17:24:40.616+0000] {logging_mixin.py:115} INFO - [2022-09-07T17:24:40.616+0000] {dagbag.py:508} INFO - Filling up the DagBag from /home/airflow/.local/lib/python3.7/site-packages/airflow/example_dags/example_branch_operator.py
[2022-09-07T17:24:40.623+0000] {processor.py:650} INFO - DAG(s) dict_keys(['example_branch_operator']) retrieved from /home/airflow/.local/lib/python3.7/site-packages/airflow/example_dags/example_branch_operator.py
[2022-09-07T17:24:40.641+0000] {logging_mixin.py:115} INFO - [2022-09-07T17:24:40.641+0000] {dag.py:2429} INFO - Sync 1 DAGs
[2022-09-07T17:24:40.656+0000] {logging_mixin.py:115} INFO - [2022-09-07T17:24:40.656+0000] {dag.py:2981} INFO - Setting next_dagrun for example_branch_operator to 2022-09-06T00:00:00+00:00, run_after=2022-09-07T00:00:00+00:00
[2022-09-07T17:24:40.664+0000] {processor.py:161} INFO - Processing /home/airflow/.local/lib/python3.7/site-packages/airflow/example_dags/example_branch_operator.py took 0.054 seconds
