[2022-09-07T07:55:34.737+0000] {processor.py:153} INFO - Started process (PID=58) to work on /home/airflow/.local/lib/python3.7/site-packages/airflow/example_dags/example_python_operator.py
[2022-09-07T07:55:34.739+0000] {processor.py:640} INFO - Processing file /home/airflow/.local/lib/python3.7/site-packages/airflow/example_dags/example_python_operator.py for tasks to queue
[2022-09-07T07:55:34.740+0000] {logging_mixin.py:115} INFO - [2022-09-07T07:55:34.740+0000] {dagbag.py:508} INFO - Filling up the DagBag from /home/airflow/.local/lib/python3.7/site-packages/airflow/example_dags/example_python_operator.py
[2022-09-07T07:55:34.770+0000] {processor.py:650} INFO - DAG(s) dict_keys(['example_python_operator']) retrieved from /home/airflow/.local/lib/python3.7/site-packages/airflow/example_dags/example_python_operator.py
[2022-09-07T07:55:34.873+0000] {logging_mixin.py:115} INFO - [2022-09-07T07:55:34.873+0000] {manager.py:508} INFO - Created Permission View: can delete on DAG:example_python_operator
[2022-09-07T07:55:34.885+0000] {logging_mixin.py:115} INFO - [2022-09-07T07:55:34.885+0000] {manager.py:508} INFO - Created Permission View: can read on DAG:example_python_operator
[2022-09-07T07:55:34.905+0000] {logging_mixin.py:115} INFO - [2022-09-07T07:55:34.905+0000] {manager.py:508} INFO - Created Permission View: can edit on DAG:example_python_operator
[2022-09-07T07:55:34.907+0000] {logging_mixin.py:115} INFO - [2022-09-07T07:55:34.906+0000] {dag.py:2429} INFO - Sync 1 DAGs
[2022-09-07T07:55:34.917+0000] {logging_mixin.py:115} INFO - [2022-09-07T07:55:34.917+0000] {dag.py:2448} INFO - Creating ORM DAG for example_python_operator
[2022-09-07T07:55:34.927+0000] {logging_mixin.py:115} INFO - [2022-09-07T07:55:34.926+0000] {dag.py:2981} INFO - Setting next_dagrun for example_python_operator to None, run_after=None
[2022-09-07T07:55:34.938+0000] {processor.py:161} INFO - Processing /home/airflow/.local/lib/python3.7/site-packages/airflow/example_dags/example_python_operator.py took 0.216 seconds
[2022-09-07T07:56:05.237+0000] {processor.py:153} INFO - Started process (PID=119) to work on /home/airflow/.local/lib/python3.7/site-packages/airflow/example_dags/example_python_operator.py
[2022-09-07T07:56:05.238+0000] {processor.py:640} INFO - Processing file /home/airflow/.local/lib/python3.7/site-packages/airflow/example_dags/example_python_operator.py for tasks to queue
[2022-09-07T07:56:05.239+0000] {logging_mixin.py:115} INFO - [2022-09-07T07:56:05.239+0000] {dagbag.py:508} INFO - Filling up the DagBag from /home/airflow/.local/lib/python3.7/site-packages/airflow/example_dags/example_python_operator.py
[2022-09-07T07:56:05.249+0000] {processor.py:650} INFO - DAG(s) dict_keys(['example_python_operator']) retrieved from /home/airflow/.local/lib/python3.7/site-packages/airflow/example_dags/example_python_operator.py
[2022-09-07T07:56:05.266+0000] {logging_mixin.py:115} INFO - [2022-09-07T07:56:05.266+0000] {dag.py:2429} INFO - Sync 1 DAGs
[2022-09-07T07:56:05.279+0000] {logging_mixin.py:115} INFO - [2022-09-07T07:56:05.279+0000] {dag.py:2981} INFO - Setting next_dagrun for example_python_operator to None, run_after=None
[2022-09-07T07:56:05.289+0000] {processor.py:161} INFO - Processing /home/airflow/.local/lib/python3.7/site-packages/airflow/example_dags/example_python_operator.py took 0.055 seconds
[2022-09-07T07:56:36.112+0000] {processor.py:153} INFO - Started process (PID=180) to work on /home/airflow/.local/lib/python3.7/site-packages/airflow/example_dags/example_python_operator.py
[2022-09-07T07:56:36.114+0000] {processor.py:640} INFO - Processing file /home/airflow/.local/lib/python3.7/site-packages/airflow/example_dags/example_python_operator.py for tasks to queue
[2022-09-07T07:56:36.115+0000] {logging_mixin.py:115} INFO - [2022-09-07T07:56:36.115+0000] {dagbag.py:508} INFO - Filling up the DagBag from /home/airflow/.local/lib/python3.7/site-packages/airflow/example_dags/example_python_operator.py
[2022-09-07T07:56:36.125+0000] {processor.py:650} INFO - DAG(s) dict_keys(['example_python_operator']) retrieved from /home/airflow/.local/lib/python3.7/site-packages/airflow/example_dags/example_python_operator.py
[2022-09-07T07:56:36.143+0000] {logging_mixin.py:115} INFO - [2022-09-07T07:56:36.143+0000] {dag.py:2429} INFO - Sync 1 DAGs
[2022-09-07T07:56:36.157+0000] {logging_mixin.py:115} INFO - [2022-09-07T07:56:36.156+0000] {dag.py:2981} INFO - Setting next_dagrun for example_python_operator to None, run_after=None
[2022-09-07T07:56:36.165+0000] {processor.py:161} INFO - Processing /home/airflow/.local/lib/python3.7/site-packages/airflow/example_dags/example_python_operator.py took 0.055 seconds
[2022-09-07T07:57:06.651+0000] {processor.py:153} INFO - Started process (PID=241) to work on /home/airflow/.local/lib/python3.7/site-packages/airflow/example_dags/example_python_operator.py
[2022-09-07T07:57:06.653+0000] {processor.py:640} INFO - Processing file /home/airflow/.local/lib/python3.7/site-packages/airflow/example_dags/example_python_operator.py for tasks to queue
[2022-09-07T07:57:06.655+0000] {logging_mixin.py:115} INFO - [2022-09-07T07:57:06.655+0000] {dagbag.py:508} INFO - Filling up the DagBag from /home/airflow/.local/lib/python3.7/site-packages/airflow/example_dags/example_python_operator.py
[2022-09-07T07:57:06.666+0000] {processor.py:650} INFO - DAG(s) dict_keys(['example_python_operator']) retrieved from /home/airflow/.local/lib/python3.7/site-packages/airflow/example_dags/example_python_operator.py
[2022-09-07T07:57:06.685+0000] {logging_mixin.py:115} INFO - [2022-09-07T07:57:06.685+0000] {dag.py:2429} INFO - Sync 1 DAGs
[2022-09-07T07:57:06.697+0000] {logging_mixin.py:115} INFO - [2022-09-07T07:57:06.697+0000] {dag.py:2981} INFO - Setting next_dagrun for example_python_operator to None, run_after=None
[2022-09-07T07:57:06.707+0000] {processor.py:161} INFO - Processing /home/airflow/.local/lib/python3.7/site-packages/airflow/example_dags/example_python_operator.py took 0.058 seconds
[2022-09-07T07:57:37.268+0000] {processor.py:153} INFO - Started process (PID=302) to work on /home/airflow/.local/lib/python3.7/site-packages/airflow/example_dags/example_python_operator.py
[2022-09-07T07:57:37.270+0000] {processor.py:640} INFO - Processing file /home/airflow/.local/lib/python3.7/site-packages/airflow/example_dags/example_python_operator.py for tasks to queue
[2022-09-07T07:57:37.271+0000] {logging_mixin.py:115} INFO - [2022-09-07T07:57:37.271+0000] {dagbag.py:508} INFO - Filling up the DagBag from /home/airflow/.local/lib/python3.7/site-packages/airflow/example_dags/example_python_operator.py
[2022-09-07T07:57:37.281+0000] {processor.py:650} INFO - DAG(s) dict_keys(['example_python_operator']) retrieved from /home/airflow/.local/lib/python3.7/site-packages/airflow/example_dags/example_python_operator.py
[2022-09-07T07:57:37.299+0000] {logging_mixin.py:115} INFO - [2022-09-07T07:57:37.299+0000] {dag.py:2429} INFO - Sync 1 DAGs
[2022-09-07T07:57:37.313+0000] {logging_mixin.py:115} INFO - [2022-09-07T07:57:37.313+0000] {dag.py:2981} INFO - Setting next_dagrun for example_python_operator to None, run_after=None
[2022-09-07T07:57:37.324+0000] {processor.py:161} INFO - Processing /home/airflow/.local/lib/python3.7/site-packages/airflow/example_dags/example_python_operator.py took 0.058 seconds
[2022-09-07T07:58:08.263+0000] {processor.py:153} INFO - Started process (PID=362) to work on /home/airflow/.local/lib/python3.7/site-packages/airflow/example_dags/example_python_operator.py
[2022-09-07T07:58:08.266+0000] {processor.py:640} INFO - Processing file /home/airflow/.local/lib/python3.7/site-packages/airflow/example_dags/example_python_operator.py for tasks to queue
[2022-09-07T07:58:08.268+0000] {logging_mixin.py:115} INFO - [2022-09-07T07:58:08.268+0000] {dagbag.py:508} INFO - Filling up the DagBag from /home/airflow/.local/lib/python3.7/site-packages/airflow/example_dags/example_python_operator.py
[2022-09-07T07:58:08.281+0000] {processor.py:650} INFO - DAG(s) dict_keys(['example_python_operator']) retrieved from /home/airflow/.local/lib/python3.7/site-packages/airflow/example_dags/example_python_operator.py
[2022-09-07T07:58:08.321+0000] {logging_mixin.py:115} INFO - [2022-09-07T07:58:08.321+0000] {dag.py:2429} INFO - Sync 1 DAGs
[2022-09-07T07:58:08.344+0000] {logging_mixin.py:115} INFO - [2022-09-07T07:58:08.344+0000] {dag.py:2981} INFO - Setting next_dagrun for example_python_operator to None, run_after=None
[2022-09-07T07:58:08.358+0000] {processor.py:161} INFO - Processing /home/airflow/.local/lib/python3.7/site-packages/airflow/example_dags/example_python_operator.py took 0.100 seconds
[2022-09-07T07:58:38.391+0000] {processor.py:153} INFO - Started process (PID=413) to work on /home/airflow/.local/lib/python3.7/site-packages/airflow/example_dags/example_python_operator.py
[2022-09-07T07:58:38.393+0000] {processor.py:640} INFO - Processing file /home/airflow/.local/lib/python3.7/site-packages/airflow/example_dags/example_python_operator.py for tasks to queue
[2022-09-07T07:58:38.394+0000] {logging_mixin.py:115} INFO - [2022-09-07T07:58:38.394+0000] {dagbag.py:508} INFO - Filling up the DagBag from /home/airflow/.local/lib/python3.7/site-packages/airflow/example_dags/example_python_operator.py
[2022-09-07T07:58:38.405+0000] {processor.py:650} INFO - DAG(s) dict_keys(['example_python_operator']) retrieved from /home/airflow/.local/lib/python3.7/site-packages/airflow/example_dags/example_python_operator.py
[2022-09-07T07:58:38.423+0000] {logging_mixin.py:115} INFO - [2022-09-07T07:58:38.423+0000] {dag.py:2429} INFO - Sync 1 DAGs
[2022-09-07T07:58:38.437+0000] {logging_mixin.py:115} INFO - [2022-09-07T07:58:38.436+0000] {dag.py:2981} INFO - Setting next_dagrun for example_python_operator to None, run_after=None
[2022-09-07T07:58:38.453+0000] {processor.py:161} INFO - Processing /home/airflow/.local/lib/python3.7/site-packages/airflow/example_dags/example_python_operator.py took 0.065 seconds
[2022-09-07T07:59:09.326+0000] {processor.py:153} INFO - Started process (PID=474) to work on /home/airflow/.local/lib/python3.7/site-packages/airflow/example_dags/example_python_operator.py
[2022-09-07T07:59:09.328+0000] {processor.py:640} INFO - Processing file /home/airflow/.local/lib/python3.7/site-packages/airflow/example_dags/example_python_operator.py for tasks to queue
[2022-09-07T07:59:09.329+0000] {logging_mixin.py:115} INFO - [2022-09-07T07:59:09.329+0000] {dagbag.py:508} INFO - Filling up the DagBag from /home/airflow/.local/lib/python3.7/site-packages/airflow/example_dags/example_python_operator.py
[2022-09-07T07:59:09.341+0000] {processor.py:650} INFO - DAG(s) dict_keys(['example_python_operator']) retrieved from /home/airflow/.local/lib/python3.7/site-packages/airflow/example_dags/example_python_operator.py
[2022-09-07T07:59:09.358+0000] {logging_mixin.py:115} INFO - [2022-09-07T07:59:09.358+0000] {dag.py:2429} INFO - Sync 1 DAGs
[2022-09-07T07:59:09.372+0000] {logging_mixin.py:115} INFO - [2022-09-07T07:59:09.372+0000] {dag.py:2981} INFO - Setting next_dagrun for example_python_operator to None, run_after=None
[2022-09-07T07:59:09.382+0000] {processor.py:161} INFO - Processing /home/airflow/.local/lib/python3.7/site-packages/airflow/example_dags/example_python_operator.py took 0.057 seconds
[2022-09-07T07:59:40.155+0000] {processor.py:153} INFO - Started process (PID=534) to work on /home/airflow/.local/lib/python3.7/site-packages/airflow/example_dags/example_python_operator.py
[2022-09-07T07:59:40.156+0000] {processor.py:640} INFO - Processing file /home/airflow/.local/lib/python3.7/site-packages/airflow/example_dags/example_python_operator.py for tasks to queue
[2022-09-07T07:59:40.158+0000] {logging_mixin.py:115} INFO - [2022-09-07T07:59:40.158+0000] {dagbag.py:508} INFO - Filling up the DagBag from /home/airflow/.local/lib/python3.7/site-packages/airflow/example_dags/example_python_operator.py
[2022-09-07T07:59:40.168+0000] {processor.py:650} INFO - DAG(s) dict_keys(['example_python_operator']) retrieved from /home/airflow/.local/lib/python3.7/site-packages/airflow/example_dags/example_python_operator.py
[2022-09-07T07:59:40.186+0000] {logging_mixin.py:115} INFO - [2022-09-07T07:59:40.186+0000] {dag.py:2429} INFO - Sync 1 DAGs
[2022-09-07T07:59:40.200+0000] {logging_mixin.py:115} INFO - [2022-09-07T07:59:40.200+0000] {dag.py:2981} INFO - Setting next_dagrun for example_python_operator to None, run_after=None
[2022-09-07T07:59:40.213+0000] {processor.py:161} INFO - Processing /home/airflow/.local/lib/python3.7/site-packages/airflow/example_dags/example_python_operator.py took 0.061 seconds
[2022-09-07T08:00:11.065+0000] {processor.py:153} INFO - Started process (PID=595) to work on /home/airflow/.local/lib/python3.7/site-packages/airflow/example_dags/example_python_operator.py
[2022-09-07T08:00:11.066+0000] {processor.py:640} INFO - Processing file /home/airflow/.local/lib/python3.7/site-packages/airflow/example_dags/example_python_operator.py for tasks to queue
[2022-09-07T08:00:11.067+0000] {logging_mixin.py:115} INFO - [2022-09-07T08:00:11.067+0000] {dagbag.py:508} INFO - Filling up the DagBag from /home/airflow/.local/lib/python3.7/site-packages/airflow/example_dags/example_python_operator.py
[2022-09-07T08:00:11.076+0000] {processor.py:650} INFO - DAG(s) dict_keys(['example_python_operator']) retrieved from /home/airflow/.local/lib/python3.7/site-packages/airflow/example_dags/example_python_operator.py
[2022-09-07T08:00:11.095+0000] {logging_mixin.py:115} INFO - [2022-09-07T08:00:11.095+0000] {dag.py:2429} INFO - Sync 1 DAGs
[2022-09-07T08:00:11.108+0000] {logging_mixin.py:115} INFO - [2022-09-07T08:00:11.108+0000] {dag.py:2981} INFO - Setting next_dagrun for example_python_operator to None, run_after=None
[2022-09-07T08:00:11.116+0000] {processor.py:161} INFO - Processing /home/airflow/.local/lib/python3.7/site-packages/airflow/example_dags/example_python_operator.py took 0.054 seconds
[2022-09-07T08:00:41.925+0000] {processor.py:153} INFO - Started process (PID=971) to work on /home/airflow/.local/lib/python3.7/site-packages/airflow/example_dags/example_python_operator.py
[2022-09-07T08:00:41.927+0000] {processor.py:640} INFO - Processing file /home/airflow/.local/lib/python3.7/site-packages/airflow/example_dags/example_python_operator.py for tasks to queue
[2022-09-07T08:00:41.929+0000] {logging_mixin.py:115} INFO - [2022-09-07T08:00:41.929+0000] {dagbag.py:508} INFO - Filling up the DagBag from /home/airflow/.local/lib/python3.7/site-packages/airflow/example_dags/example_python_operator.py
[2022-09-07T08:00:41.940+0000] {processor.py:650} INFO - DAG(s) dict_keys(['example_python_operator']) retrieved from /home/airflow/.local/lib/python3.7/site-packages/airflow/example_dags/example_python_operator.py
[2022-09-07T08:00:41.957+0000] {logging_mixin.py:115} INFO - [2022-09-07T08:00:41.957+0000] {dag.py:2429} INFO - Sync 1 DAGs
[2022-09-07T08:00:41.972+0000] {logging_mixin.py:115} INFO - [2022-09-07T08:00:41.972+0000] {dag.py:2981} INFO - Setting next_dagrun for example_python_operator to None, run_after=None
[2022-09-07T08:00:41.981+0000] {processor.py:161} INFO - Processing /home/airflow/.local/lib/python3.7/site-packages/airflow/example_dags/example_python_operator.py took 0.059 seconds
[2022-09-07T08:01:12.666+0000] {processor.py:153} INFO - Started process (PID=2115) to work on /home/airflow/.local/lib/python3.7/site-packages/airflow/example_dags/example_python_operator.py
[2022-09-07T08:01:12.668+0000] {processor.py:640} INFO - Processing file /home/airflow/.local/lib/python3.7/site-packages/airflow/example_dags/example_python_operator.py for tasks to queue
[2022-09-07T08:01:12.669+0000] {logging_mixin.py:115} INFO - [2022-09-07T08:01:12.669+0000] {dagbag.py:508} INFO - Filling up the DagBag from /home/airflow/.local/lib/python3.7/site-packages/airflow/example_dags/example_python_operator.py
[2022-09-07T08:01:12.686+0000] {processor.py:650} INFO - DAG(s) dict_keys(['example_python_operator']) retrieved from /home/airflow/.local/lib/python3.7/site-packages/airflow/example_dags/example_python_operator.py
[2022-09-07T08:01:12.705+0000] {logging_mixin.py:115} INFO - [2022-09-07T08:01:12.705+0000] {dag.py:2429} INFO - Sync 1 DAGs
[2022-09-07T08:01:12.723+0000] {logging_mixin.py:115} INFO - [2022-09-07T08:01:12.723+0000] {dag.py:2981} INFO - Setting next_dagrun for example_python_operator to None, run_after=None
[2022-09-07T08:01:12.735+0000] {processor.py:161} INFO - Processing /home/airflow/.local/lib/python3.7/site-packages/airflow/example_dags/example_python_operator.py took 0.073 seconds
[2022-09-07T08:01:43.462+0000] {processor.py:153} INFO - Started process (PID=2347) to work on /home/airflow/.local/lib/python3.7/site-packages/airflow/example_dags/example_python_operator.py
[2022-09-07T08:01:43.464+0000] {processor.py:640} INFO - Processing file /home/airflow/.local/lib/python3.7/site-packages/airflow/example_dags/example_python_operator.py for tasks to queue
[2022-09-07T08:01:43.465+0000] {logging_mixin.py:115} INFO - [2022-09-07T08:01:43.465+0000] {dagbag.py:508} INFO - Filling up the DagBag from /home/airflow/.local/lib/python3.7/site-packages/airflow/example_dags/example_python_operator.py
[2022-09-07T08:01:43.476+0000] {processor.py:650} INFO - DAG(s) dict_keys(['example_python_operator']) retrieved from /home/airflow/.local/lib/python3.7/site-packages/airflow/example_dags/example_python_operator.py
[2022-09-07T08:01:43.497+0000] {logging_mixin.py:115} INFO - [2022-09-07T08:01:43.497+0000] {dag.py:2429} INFO - Sync 1 DAGs
[2022-09-07T08:01:43.513+0000] {logging_mixin.py:115} INFO - [2022-09-07T08:01:43.512+0000] {dag.py:2981} INFO - Setting next_dagrun for example_python_operator to None, run_after=None
[2022-09-07T08:01:43.525+0000] {processor.py:161} INFO - Processing /home/airflow/.local/lib/python3.7/site-packages/airflow/example_dags/example_python_operator.py took 0.065 seconds
[2022-09-07T08:02:14.251+0000] {processor.py:153} INFO - Started process (PID=2409) to work on /home/airflow/.local/lib/python3.7/site-packages/airflow/example_dags/example_python_operator.py
[2022-09-07T08:02:14.253+0000] {processor.py:640} INFO - Processing file /home/airflow/.local/lib/python3.7/site-packages/airflow/example_dags/example_python_operator.py for tasks to queue
[2022-09-07T08:02:14.254+0000] {logging_mixin.py:115} INFO - [2022-09-07T08:02:14.254+0000] {dagbag.py:508} INFO - Filling up the DagBag from /home/airflow/.local/lib/python3.7/site-packages/airflow/example_dags/example_python_operator.py
[2022-09-07T08:02:14.265+0000] {processor.py:650} INFO - DAG(s) dict_keys(['example_python_operator']) retrieved from /home/airflow/.local/lib/python3.7/site-packages/airflow/example_dags/example_python_operator.py
[2022-09-07T08:02:14.285+0000] {logging_mixin.py:115} INFO - [2022-09-07T08:02:14.285+0000] {dag.py:2429} INFO - Sync 1 DAGs
[2022-09-07T08:02:14.301+0000] {logging_mixin.py:115} INFO - [2022-09-07T08:02:14.301+0000] {dag.py:2981} INFO - Setting next_dagrun for example_python_operator to None, run_after=None
[2022-09-07T08:02:14.310+0000] {processor.py:161} INFO - Processing /home/airflow/.local/lib/python3.7/site-packages/airflow/example_dags/example_python_operator.py took 0.061 seconds
[2022-09-07T08:02:45.116+0000] {processor.py:153} INFO - Started process (PID=2469) to work on /home/airflow/.local/lib/python3.7/site-packages/airflow/example_dags/example_python_operator.py
[2022-09-07T08:02:45.117+0000] {processor.py:640} INFO - Processing file /home/airflow/.local/lib/python3.7/site-packages/airflow/example_dags/example_python_operator.py for tasks to queue
[2022-09-07T08:02:45.119+0000] {logging_mixin.py:115} INFO - [2022-09-07T08:02:45.118+0000] {dagbag.py:508} INFO - Filling up the DagBag from /home/airflow/.local/lib/python3.7/site-packages/airflow/example_dags/example_python_operator.py
[2022-09-07T08:02:45.130+0000] {processor.py:650} INFO - DAG(s) dict_keys(['example_python_operator']) retrieved from /home/airflow/.local/lib/python3.7/site-packages/airflow/example_dags/example_python_operator.py
[2022-09-07T08:02:45.149+0000] {logging_mixin.py:115} INFO - [2022-09-07T08:02:45.149+0000] {dag.py:2429} INFO - Sync 1 DAGs
[2022-09-07T08:02:45.166+0000] {logging_mixin.py:115} INFO - [2022-09-07T08:02:45.166+0000] {dag.py:2981} INFO - Setting next_dagrun for example_python_operator to None, run_after=None
[2022-09-07T08:02:45.177+0000] {processor.py:161} INFO - Processing /home/airflow/.local/lib/python3.7/site-packages/airflow/example_dags/example_python_operator.py took 0.063 seconds
[2022-09-07T08:03:15.884+0000] {processor.py:153} INFO - Started process (PID=2529) to work on /home/airflow/.local/lib/python3.7/site-packages/airflow/example_dags/example_python_operator.py
[2022-09-07T08:03:15.886+0000] {processor.py:640} INFO - Processing file /home/airflow/.local/lib/python3.7/site-packages/airflow/example_dags/example_python_operator.py for tasks to queue
[2022-09-07T08:03:15.889+0000] {logging_mixin.py:115} INFO - [2022-09-07T08:03:15.889+0000] {dagbag.py:508} INFO - Filling up the DagBag from /home/airflow/.local/lib/python3.7/site-packages/airflow/example_dags/example_python_operator.py
[2022-09-07T08:03:15.901+0000] {processor.py:650} INFO - DAG(s) dict_keys(['example_python_operator']) retrieved from /home/airflow/.local/lib/python3.7/site-packages/airflow/example_dags/example_python_operator.py
[2022-09-07T08:03:15.916+0000] {logging_mixin.py:115} INFO - [2022-09-07T08:03:15.916+0000] {dag.py:2429} INFO - Sync 1 DAGs
[2022-09-07T08:03:15.930+0000] {logging_mixin.py:115} INFO - [2022-09-07T08:03:15.930+0000] {dag.py:2981} INFO - Setting next_dagrun for example_python_operator to None, run_after=None
[2022-09-07T08:03:15.940+0000] {processor.py:161} INFO - Processing /home/airflow/.local/lib/python3.7/site-packages/airflow/example_dags/example_python_operator.py took 0.059 seconds
[2022-09-07T08:03:46.609+0000] {processor.py:153} INFO - Started process (PID=2590) to work on /home/airflow/.local/lib/python3.7/site-packages/airflow/example_dags/example_python_operator.py
[2022-09-07T08:03:46.612+0000] {processor.py:640} INFO - Processing file /home/airflow/.local/lib/python3.7/site-packages/airflow/example_dags/example_python_operator.py for tasks to queue
[2022-09-07T08:03:46.613+0000] {logging_mixin.py:115} INFO - [2022-09-07T08:03:46.613+0000] {dagbag.py:508} INFO - Filling up the DagBag from /home/airflow/.local/lib/python3.7/site-packages/airflow/example_dags/example_python_operator.py
[2022-09-07T08:03:46.625+0000] {processor.py:650} INFO - DAG(s) dict_keys(['example_python_operator']) retrieved from /home/airflow/.local/lib/python3.7/site-packages/airflow/example_dags/example_python_operator.py
[2022-09-07T08:03:46.643+0000] {logging_mixin.py:115} INFO - [2022-09-07T08:03:46.643+0000] {dag.py:2429} INFO - Sync 1 DAGs
[2022-09-07T08:03:46.656+0000] {logging_mixin.py:115} INFO - [2022-09-07T08:03:46.656+0000] {dag.py:2981} INFO - Setting next_dagrun for example_python_operator to None, run_after=None
[2022-09-07T08:03:46.667+0000] {processor.py:161} INFO - Processing /home/airflow/.local/lib/python3.7/site-packages/airflow/example_dags/example_python_operator.py took 0.060 seconds
[2022-09-07T08:04:17.375+0000] {processor.py:153} INFO - Started process (PID=2651) to work on /home/airflow/.local/lib/python3.7/site-packages/airflow/example_dags/example_python_operator.py
[2022-09-07T08:04:17.377+0000] {processor.py:640} INFO - Processing file /home/airflow/.local/lib/python3.7/site-packages/airflow/example_dags/example_python_operator.py for tasks to queue
[2022-09-07T08:04:17.378+0000] {logging_mixin.py:115} INFO - [2022-09-07T08:04:17.378+0000] {dagbag.py:508} INFO - Filling up the DagBag from /home/airflow/.local/lib/python3.7/site-packages/airflow/example_dags/example_python_operator.py
[2022-09-07T08:04:17.389+0000] {processor.py:650} INFO - DAG(s) dict_keys(['example_python_operator']) retrieved from /home/airflow/.local/lib/python3.7/site-packages/airflow/example_dags/example_python_operator.py
[2022-09-07T08:04:17.408+0000] {logging_mixin.py:115} INFO - [2022-09-07T08:04:17.408+0000] {dag.py:2429} INFO - Sync 1 DAGs
[2022-09-07T08:04:17.421+0000] {logging_mixin.py:115} INFO - [2022-09-07T08:04:17.421+0000] {dag.py:2981} INFO - Setting next_dagrun for example_python_operator to None, run_after=None
[2022-09-07T08:04:17.430+0000] {processor.py:161} INFO - Processing /home/airflow/.local/lib/python3.7/site-packages/airflow/example_dags/example_python_operator.py took 0.057 seconds
[2022-09-07T16:21:02.063+0000] {processor.py:153} INFO - Started process (PID=75) to work on /home/airflow/.local/lib/python3.7/site-packages/airflow/example_dags/example_python_operator.py
[2022-09-07T16:21:02.064+0000] {processor.py:640} INFO - Processing file /home/airflow/.local/lib/python3.7/site-packages/airflow/example_dags/example_python_operator.py for tasks to queue
[2022-09-07T16:21:02.065+0000] {logging_mixin.py:115} INFO - [2022-09-07T16:21:02.065+0000] {dagbag.py:508} INFO - Filling up the DagBag from /home/airflow/.local/lib/python3.7/site-packages/airflow/example_dags/example_python_operator.py
[2022-09-07T16:21:02.078+0000] {processor.py:650} INFO - DAG(s) dict_keys(['example_python_operator']) retrieved from /home/airflow/.local/lib/python3.7/site-packages/airflow/example_dags/example_python_operator.py
[2022-09-07T16:21:02.095+0000] {logging_mixin.py:115} INFO - [2022-09-07T16:21:02.095+0000] {dag.py:2429} INFO - Sync 1 DAGs
[2022-09-07T16:21:02.109+0000] {logging_mixin.py:115} INFO - [2022-09-07T16:21:02.109+0000] {dag.py:2981} INFO - Setting next_dagrun for example_python_operator to None, run_after=None
[2022-09-07T16:21:02.119+0000] {processor.py:161} INFO - Processing /home/airflow/.local/lib/python3.7/site-packages/airflow/example_dags/example_python_operator.py took 0.058 seconds
[2022-09-07T16:21:32.678+0000] {processor.py:153} INFO - Started process (PID=135) to work on /home/airflow/.local/lib/python3.7/site-packages/airflow/example_dags/example_python_operator.py
[2022-09-07T16:21:32.679+0000] {processor.py:640} INFO - Processing file /home/airflow/.local/lib/python3.7/site-packages/airflow/example_dags/example_python_operator.py for tasks to queue
[2022-09-07T16:21:32.682+0000] {logging_mixin.py:115} INFO - [2022-09-07T16:21:32.681+0000] {dagbag.py:508} INFO - Filling up the DagBag from /home/airflow/.local/lib/python3.7/site-packages/airflow/example_dags/example_python_operator.py
[2022-09-07T16:21:32.695+0000] {processor.py:650} INFO - DAG(s) dict_keys(['example_python_operator']) retrieved from /home/airflow/.local/lib/python3.7/site-packages/airflow/example_dags/example_python_operator.py
[2022-09-07T16:21:32.714+0000] {logging_mixin.py:115} INFO - [2022-09-07T16:21:32.714+0000] {dag.py:2429} INFO - Sync 1 DAGs
[2022-09-07T16:21:32.728+0000] {logging_mixin.py:115} INFO - [2022-09-07T16:21:32.728+0000] {dag.py:2981} INFO - Setting next_dagrun for example_python_operator to None, run_after=None
[2022-09-07T16:21:32.738+0000] {processor.py:161} INFO - Processing /home/airflow/.local/lib/python3.7/site-packages/airflow/example_dags/example_python_operator.py took 0.062 seconds
[2022-09-07T16:22:03.749+0000] {processor.py:153} INFO - Started process (PID=603) to work on /home/airflow/.local/lib/python3.7/site-packages/airflow/example_dags/example_python_operator.py
[2022-09-07T16:22:03.751+0000] {processor.py:640} INFO - Processing file /home/airflow/.local/lib/python3.7/site-packages/airflow/example_dags/example_python_operator.py for tasks to queue
[2022-09-07T16:22:03.753+0000] {logging_mixin.py:115} INFO - [2022-09-07T16:22:03.753+0000] {dagbag.py:508} INFO - Filling up the DagBag from /home/airflow/.local/lib/python3.7/site-packages/airflow/example_dags/example_python_operator.py
[2022-09-07T16:22:03.766+0000] {processor.py:650} INFO - DAG(s) dict_keys(['example_python_operator']) retrieved from /home/airflow/.local/lib/python3.7/site-packages/airflow/example_dags/example_python_operator.py
[2022-09-07T16:22:03.790+0000] {logging_mixin.py:115} INFO - [2022-09-07T16:22:03.790+0000] {dag.py:2429} INFO - Sync 1 DAGs
[2022-09-07T16:22:03.806+0000] {logging_mixin.py:115} INFO - [2022-09-07T16:22:03.806+0000] {dag.py:2981} INFO - Setting next_dagrun for example_python_operator to None, run_after=None
[2022-09-07T16:22:03.817+0000] {processor.py:161} INFO - Processing /home/airflow/.local/lib/python3.7/site-packages/airflow/example_dags/example_python_operator.py took 0.071 seconds
[2022-09-07T16:22:34.519+0000] {processor.py:153} INFO - Started process (PID=1300) to work on /home/airflow/.local/lib/python3.7/site-packages/airflow/example_dags/example_python_operator.py
[2022-09-07T16:22:34.522+0000] {processor.py:640} INFO - Processing file /home/airflow/.local/lib/python3.7/site-packages/airflow/example_dags/example_python_operator.py for tasks to queue
[2022-09-07T16:22:34.523+0000] {logging_mixin.py:115} INFO - [2022-09-07T16:22:34.523+0000] {dagbag.py:508} INFO - Filling up the DagBag from /home/airflow/.local/lib/python3.7/site-packages/airflow/example_dags/example_python_operator.py
[2022-09-07T16:22:34.536+0000] {processor.py:650} INFO - DAG(s) dict_keys(['example_python_operator']) retrieved from /home/airflow/.local/lib/python3.7/site-packages/airflow/example_dags/example_python_operator.py
[2022-09-07T16:22:34.554+0000] {logging_mixin.py:115} INFO - [2022-09-07T16:22:34.554+0000] {dag.py:2429} INFO - Sync 1 DAGs
[2022-09-07T16:22:34.568+0000] {logging_mixin.py:115} INFO - [2022-09-07T16:22:34.568+0000] {dag.py:2981} INFO - Setting next_dagrun for example_python_operator to None, run_after=None
[2022-09-07T16:22:34.577+0000] {processor.py:161} INFO - Processing /home/airflow/.local/lib/python3.7/site-packages/airflow/example_dags/example_python_operator.py took 0.061 seconds
[2022-09-07T16:23:05.339+0000] {processor.py:153} INFO - Started process (PID=1847) to work on /home/airflow/.local/lib/python3.7/site-packages/airflow/example_dags/example_python_operator.py
[2022-09-07T16:23:05.341+0000] {processor.py:640} INFO - Processing file /home/airflow/.local/lib/python3.7/site-packages/airflow/example_dags/example_python_operator.py for tasks to queue
[2022-09-07T16:23:05.342+0000] {logging_mixin.py:115} INFO - [2022-09-07T16:23:05.342+0000] {dagbag.py:508} INFO - Filling up the DagBag from /home/airflow/.local/lib/python3.7/site-packages/airflow/example_dags/example_python_operator.py
[2022-09-07T16:23:05.353+0000] {processor.py:650} INFO - DAG(s) dict_keys(['example_python_operator']) retrieved from /home/airflow/.local/lib/python3.7/site-packages/airflow/example_dags/example_python_operator.py
[2022-09-07T16:23:05.374+0000] {logging_mixin.py:115} INFO - [2022-09-07T16:23:05.373+0000] {dag.py:2429} INFO - Sync 1 DAGs
[2022-09-07T16:23:05.387+0000] {logging_mixin.py:115} INFO - [2022-09-07T16:23:05.387+0000] {dag.py:2981} INFO - Setting next_dagrun for example_python_operator to None, run_after=None
[2022-09-07T16:23:05.396+0000] {processor.py:161} INFO - Processing /home/airflow/.local/lib/python3.7/site-packages/airflow/example_dags/example_python_operator.py took 0.060 seconds
[2022-09-07T16:23:36.085+0000] {processor.py:153} INFO - Started process (PID=2207) to work on /home/airflow/.local/lib/python3.7/site-packages/airflow/example_dags/example_python_operator.py
[2022-09-07T16:23:36.087+0000] {processor.py:640} INFO - Processing file /home/airflow/.local/lib/python3.7/site-packages/airflow/example_dags/example_python_operator.py for tasks to queue
[2022-09-07T16:23:36.088+0000] {logging_mixin.py:115} INFO - [2022-09-07T16:23:36.088+0000] {dagbag.py:508} INFO - Filling up the DagBag from /home/airflow/.local/lib/python3.7/site-packages/airflow/example_dags/example_python_operator.py
[2022-09-07T16:23:36.099+0000] {processor.py:650} INFO - DAG(s) dict_keys(['example_python_operator']) retrieved from /home/airflow/.local/lib/python3.7/site-packages/airflow/example_dags/example_python_operator.py
[2022-09-07T16:23:36.117+0000] {logging_mixin.py:115} INFO - [2022-09-07T16:23:36.117+0000] {dag.py:2429} INFO - Sync 1 DAGs
[2022-09-07T16:23:36.132+0000] {logging_mixin.py:115} INFO - [2022-09-07T16:23:36.132+0000] {dag.py:2981} INFO - Setting next_dagrun for example_python_operator to None, run_after=None
[2022-09-07T16:23:36.142+0000] {processor.py:161} INFO - Processing /home/airflow/.local/lib/python3.7/site-packages/airflow/example_dags/example_python_operator.py took 0.059 seconds
[2022-09-07T16:24:06.706+0000] {processor.py:153} INFO - Started process (PID=2584) to work on /home/airflow/.local/lib/python3.7/site-packages/airflow/example_dags/example_python_operator.py
[2022-09-07T16:24:06.709+0000] {processor.py:640} INFO - Processing file /home/airflow/.local/lib/python3.7/site-packages/airflow/example_dags/example_python_operator.py for tasks to queue
[2022-09-07T16:24:06.711+0000] {logging_mixin.py:115} INFO - [2022-09-07T16:24:06.710+0000] {dagbag.py:508} INFO - Filling up the DagBag from /home/airflow/.local/lib/python3.7/site-packages/airflow/example_dags/example_python_operator.py
[2022-09-07T16:24:06.726+0000] {processor.py:650} INFO - DAG(s) dict_keys(['example_python_operator']) retrieved from /home/airflow/.local/lib/python3.7/site-packages/airflow/example_dags/example_python_operator.py
[2022-09-07T16:24:06.744+0000] {logging_mixin.py:115} INFO - [2022-09-07T16:24:06.744+0000] {dag.py:2429} INFO - Sync 1 DAGs
[2022-09-07T16:24:06.758+0000] {logging_mixin.py:115} INFO - [2022-09-07T16:24:06.758+0000] {dag.py:2981} INFO - Setting next_dagrun for example_python_operator to None, run_after=None
[2022-09-07T16:24:06.767+0000] {processor.py:161} INFO - Processing /home/airflow/.local/lib/python3.7/site-packages/airflow/example_dags/example_python_operator.py took 0.063 seconds
[2022-09-07T16:24:37.373+0000] {processor.py:153} INFO - Started process (PID=2944) to work on /home/airflow/.local/lib/python3.7/site-packages/airflow/example_dags/example_python_operator.py
[2022-09-07T16:24:37.374+0000] {processor.py:640} INFO - Processing file /home/airflow/.local/lib/python3.7/site-packages/airflow/example_dags/example_python_operator.py for tasks to queue
[2022-09-07T16:24:37.375+0000] {logging_mixin.py:115} INFO - [2022-09-07T16:24:37.375+0000] {dagbag.py:508} INFO - Filling up the DagBag from /home/airflow/.local/lib/python3.7/site-packages/airflow/example_dags/example_python_operator.py
[2022-09-07T16:24:37.386+0000] {processor.py:650} INFO - DAG(s) dict_keys(['example_python_operator']) retrieved from /home/airflow/.local/lib/python3.7/site-packages/airflow/example_dags/example_python_operator.py
[2022-09-07T16:24:37.404+0000] {logging_mixin.py:115} INFO - [2022-09-07T16:24:37.404+0000] {dag.py:2429} INFO - Sync 1 DAGs
[2022-09-07T16:24:37.418+0000] {logging_mixin.py:115} INFO - [2022-09-07T16:24:37.418+0000] {dag.py:2981} INFO - Setting next_dagrun for example_python_operator to None, run_after=None
[2022-09-07T16:24:37.428+0000] {processor.py:161} INFO - Processing /home/airflow/.local/lib/python3.7/site-packages/airflow/example_dags/example_python_operator.py took 0.058 seconds
[2022-09-07T16:25:07.600+0000] {processor.py:153} INFO - Started process (PID=3259) to work on /home/airflow/.local/lib/python3.7/site-packages/airflow/example_dags/example_python_operator.py
[2022-09-07T16:25:07.603+0000] {processor.py:640} INFO - Processing file /home/airflow/.local/lib/python3.7/site-packages/airflow/example_dags/example_python_operator.py for tasks to queue
[2022-09-07T16:25:07.605+0000] {logging_mixin.py:115} INFO - [2022-09-07T16:25:07.605+0000] {dagbag.py:508} INFO - Filling up the DagBag from /home/airflow/.local/lib/python3.7/site-packages/airflow/example_dags/example_python_operator.py
[2022-09-07T16:25:07.620+0000] {processor.py:650} INFO - DAG(s) dict_keys(['example_python_operator']) retrieved from /home/airflow/.local/lib/python3.7/site-packages/airflow/example_dags/example_python_operator.py
[2022-09-07T16:25:07.665+0000] {logging_mixin.py:115} INFO - [2022-09-07T16:25:07.665+0000] {dag.py:2429} INFO - Sync 1 DAGs
[2022-09-07T16:25:07.689+0000] {logging_mixin.py:115} INFO - [2022-09-07T16:25:07.689+0000] {dag.py:2981} INFO - Setting next_dagrun for example_python_operator to None, run_after=None
[2022-09-07T16:25:07.712+0000] {processor.py:161} INFO - Processing /home/airflow/.local/lib/python3.7/site-packages/airflow/example_dags/example_python_operator.py took 0.115 seconds
[2022-09-07T16:25:37.793+0000] {processor.py:153} INFO - Started process (PID=3320) to work on /home/airflow/.local/lib/python3.7/site-packages/airflow/example_dags/example_python_operator.py
[2022-09-07T16:25:37.795+0000] {processor.py:640} INFO - Processing file /home/airflow/.local/lib/python3.7/site-packages/airflow/example_dags/example_python_operator.py for tasks to queue
[2022-09-07T16:25:37.797+0000] {logging_mixin.py:115} INFO - [2022-09-07T16:25:37.797+0000] {dagbag.py:508} INFO - Filling up the DagBag from /home/airflow/.local/lib/python3.7/site-packages/airflow/example_dags/example_python_operator.py
[2022-09-07T16:25:37.808+0000] {processor.py:650} INFO - DAG(s) dict_keys(['example_python_operator']) retrieved from /home/airflow/.local/lib/python3.7/site-packages/airflow/example_dags/example_python_operator.py
[2022-09-07T16:25:37.827+0000] {logging_mixin.py:115} INFO - [2022-09-07T16:25:37.827+0000] {dag.py:2429} INFO - Sync 1 DAGs
[2022-09-07T16:25:37.842+0000] {logging_mixin.py:115} INFO - [2022-09-07T16:25:37.842+0000] {dag.py:2981} INFO - Setting next_dagrun for example_python_operator to None, run_after=None
[2022-09-07T16:25:37.851+0000] {processor.py:161} INFO - Processing /home/airflow/.local/lib/python3.7/site-packages/airflow/example_dags/example_python_operator.py took 0.060 seconds
[2022-09-07T16:26:07.971+0000] {processor.py:153} INFO - Started process (PID=3380) to work on /home/airflow/.local/lib/python3.7/site-packages/airflow/example_dags/example_python_operator.py
[2022-09-07T16:26:07.973+0000] {processor.py:640} INFO - Processing file /home/airflow/.local/lib/python3.7/site-packages/airflow/example_dags/example_python_operator.py for tasks to queue
[2022-09-07T16:26:07.974+0000] {logging_mixin.py:115} INFO - [2022-09-07T16:26:07.974+0000] {dagbag.py:508} INFO - Filling up the DagBag from /home/airflow/.local/lib/python3.7/site-packages/airflow/example_dags/example_python_operator.py
[2022-09-07T16:26:07.985+0000] {processor.py:650} INFO - DAG(s) dict_keys(['example_python_operator']) retrieved from /home/airflow/.local/lib/python3.7/site-packages/airflow/example_dags/example_python_operator.py
[2022-09-07T16:26:08.004+0000] {logging_mixin.py:115} INFO - [2022-09-07T16:26:08.004+0000] {dag.py:2429} INFO - Sync 1 DAGs
[2022-09-07T16:26:08.019+0000] {logging_mixin.py:115} INFO - [2022-09-07T16:26:08.019+0000] {dag.py:2981} INFO - Setting next_dagrun for example_python_operator to None, run_after=None
[2022-09-07T16:26:08.029+0000] {processor.py:161} INFO - Processing /home/airflow/.local/lib/python3.7/site-packages/airflow/example_dags/example_python_operator.py took 0.060 seconds
[2022-09-07T16:26:39.151+0000] {processor.py:153} INFO - Started process (PID=3434) to work on /home/airflow/.local/lib/python3.7/site-packages/airflow/example_dags/example_python_operator.py
[2022-09-07T16:26:39.154+0000] {processor.py:640} INFO - Processing file /home/airflow/.local/lib/python3.7/site-packages/airflow/example_dags/example_python_operator.py for tasks to queue
[2022-09-07T16:26:39.156+0000] {logging_mixin.py:115} INFO - [2022-09-07T16:26:39.156+0000] {dagbag.py:508} INFO - Filling up the DagBag from /home/airflow/.local/lib/python3.7/site-packages/airflow/example_dags/example_python_operator.py
[2022-09-07T16:26:39.184+0000] {processor.py:650} INFO - DAG(s) dict_keys(['example_python_operator']) retrieved from /home/airflow/.local/lib/python3.7/site-packages/airflow/example_dags/example_python_operator.py
[2022-09-07T16:26:39.290+0000] {logging_mixin.py:115} INFO - [2022-09-07T16:26:39.290+0000] {dag.py:2429} INFO - Sync 1 DAGs
[2022-09-07T16:26:39.321+0000] {logging_mixin.py:115} INFO - [2022-09-07T16:26:39.321+0000] {dag.py:2981} INFO - Setting next_dagrun for example_python_operator to None, run_after=None
[2022-09-07T16:26:39.347+0000] {processor.py:161} INFO - Processing /home/airflow/.local/lib/python3.7/site-packages/airflow/example_dags/example_python_operator.py took 0.199 seconds
[2022-09-07T16:27:09.522+0000] {processor.py:153} INFO - Started process (PID=3495) to work on /home/airflow/.local/lib/python3.7/site-packages/airflow/example_dags/example_python_operator.py
[2022-09-07T16:27:09.524+0000] {processor.py:640} INFO - Processing file /home/airflow/.local/lib/python3.7/site-packages/airflow/example_dags/example_python_operator.py for tasks to queue
[2022-09-07T16:27:09.525+0000] {logging_mixin.py:115} INFO - [2022-09-07T16:27:09.525+0000] {dagbag.py:508} INFO - Filling up the DagBag from /home/airflow/.local/lib/python3.7/site-packages/airflow/example_dags/example_python_operator.py
[2022-09-07T16:27:09.539+0000] {processor.py:650} INFO - DAG(s) dict_keys(['example_python_operator']) retrieved from /home/airflow/.local/lib/python3.7/site-packages/airflow/example_dags/example_python_operator.py
[2022-09-07T16:27:09.563+0000] {logging_mixin.py:115} INFO - [2022-09-07T16:27:09.562+0000] {dag.py:2429} INFO - Sync 1 DAGs
[2022-09-07T16:27:09.579+0000] {logging_mixin.py:115} INFO - [2022-09-07T16:27:09.579+0000] {dag.py:2981} INFO - Setting next_dagrun for example_python_operator to None, run_after=None
[2022-09-07T16:27:09.590+0000] {processor.py:161} INFO - Processing /home/airflow/.local/lib/python3.7/site-packages/airflow/example_dags/example_python_operator.py took 0.071 seconds
[2022-09-07T16:27:40.281+0000] {processor.py:153} INFO - Started process (PID=3557) to work on /home/airflow/.local/lib/python3.7/site-packages/airflow/example_dags/example_python_operator.py
[2022-09-07T16:27:40.283+0000] {processor.py:640} INFO - Processing file /home/airflow/.local/lib/python3.7/site-packages/airflow/example_dags/example_python_operator.py for tasks to queue
[2022-09-07T16:27:40.284+0000] {logging_mixin.py:115} INFO - [2022-09-07T16:27:40.284+0000] {dagbag.py:508} INFO - Filling up the DagBag from /home/airflow/.local/lib/python3.7/site-packages/airflow/example_dags/example_python_operator.py
[2022-09-07T16:27:40.297+0000] {processor.py:650} INFO - DAG(s) dict_keys(['example_python_operator']) retrieved from /home/airflow/.local/lib/python3.7/site-packages/airflow/example_dags/example_python_operator.py
[2022-09-07T16:27:40.320+0000] {logging_mixin.py:115} INFO - [2022-09-07T16:27:40.320+0000] {dag.py:2429} INFO - Sync 1 DAGs
[2022-09-07T16:27:40.335+0000] {logging_mixin.py:115} INFO - [2022-09-07T16:27:40.335+0000] {dag.py:2981} INFO - Setting next_dagrun for example_python_operator to None, run_after=None
[2022-09-07T16:27:40.345+0000] {processor.py:161} INFO - Processing /home/airflow/.local/lib/python3.7/site-packages/airflow/example_dags/example_python_operator.py took 0.067 seconds
[2022-09-07T16:28:10.982+0000] {processor.py:153} INFO - Started process (PID=3618) to work on /home/airflow/.local/lib/python3.7/site-packages/airflow/example_dags/example_python_operator.py
[2022-09-07T16:28:10.983+0000] {processor.py:640} INFO - Processing file /home/airflow/.local/lib/python3.7/site-packages/airflow/example_dags/example_python_operator.py for tasks to queue
[2022-09-07T16:28:10.984+0000] {logging_mixin.py:115} INFO - [2022-09-07T16:28:10.984+0000] {dagbag.py:508} INFO - Filling up the DagBag from /home/airflow/.local/lib/python3.7/site-packages/airflow/example_dags/example_python_operator.py
[2022-09-07T16:28:10.996+0000] {processor.py:650} INFO - DAG(s) dict_keys(['example_python_operator']) retrieved from /home/airflow/.local/lib/python3.7/site-packages/airflow/example_dags/example_python_operator.py
[2022-09-07T16:28:11.017+0000] {logging_mixin.py:115} INFO - [2022-09-07T16:28:11.017+0000] {dag.py:2429} INFO - Sync 1 DAGs
[2022-09-07T16:28:11.031+0000] {logging_mixin.py:115} INFO - [2022-09-07T16:28:11.031+0000] {dag.py:2981} INFO - Setting next_dagrun for example_python_operator to None, run_after=None
[2022-09-07T16:28:11.043+0000] {processor.py:161} INFO - Processing /home/airflow/.local/lib/python3.7/site-packages/airflow/example_dags/example_python_operator.py took 0.064 seconds
[2022-09-07T16:29:20.297+0000] {processor.py:153} INFO - Started process (PID=66) to work on /home/airflow/.local/lib/python3.7/site-packages/airflow/example_dags/example_python_operator.py
[2022-09-07T16:29:20.302+0000] {processor.py:640} INFO - Processing file /home/airflow/.local/lib/python3.7/site-packages/airflow/example_dags/example_python_operator.py for tasks to queue
[2022-09-07T16:29:20.305+0000] {logging_mixin.py:115} INFO - [2022-09-07T16:29:20.305+0000] {dagbag.py:508} INFO - Filling up the DagBag from /home/airflow/.local/lib/python3.7/site-packages/airflow/example_dags/example_python_operator.py
[2022-09-07T16:29:20.346+0000] {processor.py:650} INFO - DAG(s) dict_keys(['example_python_operator']) retrieved from /home/airflow/.local/lib/python3.7/site-packages/airflow/example_dags/example_python_operator.py
[2022-09-07T16:29:20.408+0000] {logging_mixin.py:115} INFO - [2022-09-07T16:29:20.408+0000] {dag.py:2429} INFO - Sync 1 DAGs
[2022-09-07T16:29:20.454+0000] {logging_mixin.py:115} INFO - [2022-09-07T16:29:20.454+0000] {dag.py:2981} INFO - Setting next_dagrun for example_python_operator to None, run_after=None
[2022-09-07T16:29:20.480+0000] {processor.py:161} INFO - Processing /home/airflow/.local/lib/python3.7/site-packages/airflow/example_dags/example_python_operator.py took 0.186 seconds
[2022-09-07T16:29:50.993+0000] {processor.py:153} INFO - Started process (PID=118) to work on /home/airflow/.local/lib/python3.7/site-packages/airflow/example_dags/example_python_operator.py
[2022-09-07T16:29:50.994+0000] {processor.py:640} INFO - Processing file /home/airflow/.local/lib/python3.7/site-packages/airflow/example_dags/example_python_operator.py for tasks to queue
[2022-09-07T16:29:50.995+0000] {logging_mixin.py:115} INFO - [2022-09-07T16:29:50.995+0000] {dagbag.py:508} INFO - Filling up the DagBag from /home/airflow/.local/lib/python3.7/site-packages/airflow/example_dags/example_python_operator.py
[2022-09-07T16:29:51.008+0000] {processor.py:650} INFO - DAG(s) dict_keys(['example_python_operator']) retrieved from /home/airflow/.local/lib/python3.7/site-packages/airflow/example_dags/example_python_operator.py
[2022-09-07T16:29:51.027+0000] {logging_mixin.py:115} INFO - [2022-09-07T16:29:51.026+0000] {dag.py:2429} INFO - Sync 1 DAGs
[2022-09-07T16:29:51.041+0000] {logging_mixin.py:115} INFO - [2022-09-07T16:29:51.041+0000] {dag.py:2981} INFO - Setting next_dagrun for example_python_operator to None, run_after=None
[2022-09-07T16:29:51.050+0000] {processor.py:161} INFO - Processing /home/airflow/.local/lib/python3.7/site-packages/airflow/example_dags/example_python_operator.py took 0.060 seconds
[2022-09-07T16:30:21.285+0000] {processor.py:153} INFO - Started process (PID=178) to work on /home/airflow/.local/lib/python3.7/site-packages/airflow/example_dags/example_python_operator.py
[2022-09-07T16:30:21.288+0000] {processor.py:640} INFO - Processing file /home/airflow/.local/lib/python3.7/site-packages/airflow/example_dags/example_python_operator.py for tasks to queue
[2022-09-07T16:30:21.289+0000] {logging_mixin.py:115} INFO - [2022-09-07T16:30:21.288+0000] {dagbag.py:508} INFO - Filling up the DagBag from /home/airflow/.local/lib/python3.7/site-packages/airflow/example_dags/example_python_operator.py
[2022-09-07T16:30:21.301+0000] {processor.py:650} INFO - DAG(s) dict_keys(['example_python_operator']) retrieved from /home/airflow/.local/lib/python3.7/site-packages/airflow/example_dags/example_python_operator.py
[2022-09-07T16:30:21.324+0000] {logging_mixin.py:115} INFO - [2022-09-07T16:30:21.324+0000] {dag.py:2429} INFO - Sync 1 DAGs
[2022-09-07T16:30:21.339+0000] {logging_mixin.py:115} INFO - [2022-09-07T16:30:21.339+0000] {dag.py:2981} INFO - Setting next_dagrun for example_python_operator to None, run_after=None
[2022-09-07T16:30:21.350+0000] {processor.py:161} INFO - Processing /home/airflow/.local/lib/python3.7/site-packages/airflow/example_dags/example_python_operator.py took 0.067 seconds
[2022-09-07T16:30:52.192+0000] {processor.py:153} INFO - Started process (PID=239) to work on /home/airflow/.local/lib/python3.7/site-packages/airflow/example_dags/example_python_operator.py
[2022-09-07T16:30:52.194+0000] {processor.py:640} INFO - Processing file /home/airflow/.local/lib/python3.7/site-packages/airflow/example_dags/example_python_operator.py for tasks to queue
[2022-09-07T16:30:52.195+0000] {logging_mixin.py:115} INFO - [2022-09-07T16:30:52.195+0000] {dagbag.py:508} INFO - Filling up the DagBag from /home/airflow/.local/lib/python3.7/site-packages/airflow/example_dags/example_python_operator.py
[2022-09-07T16:30:52.205+0000] {processor.py:650} INFO - DAG(s) dict_keys(['example_python_operator']) retrieved from /home/airflow/.local/lib/python3.7/site-packages/airflow/example_dags/example_python_operator.py
[2022-09-07T16:30:52.227+0000] {logging_mixin.py:115} INFO - [2022-09-07T16:30:52.226+0000] {dag.py:2429} INFO - Sync 1 DAGs
[2022-09-07T16:30:52.243+0000] {logging_mixin.py:115} INFO - [2022-09-07T16:30:52.243+0000] {dag.py:2981} INFO - Setting next_dagrun for example_python_operator to None, run_after=None
[2022-09-07T16:30:52.253+0000] {processor.py:161} INFO - Processing /home/airflow/.local/lib/python3.7/site-packages/airflow/example_dags/example_python_operator.py took 0.064 seconds
[2022-09-07T16:31:22.819+0000] {processor.py:153} INFO - Started process (PID=300) to work on /home/airflow/.local/lib/python3.7/site-packages/airflow/example_dags/example_python_operator.py
[2022-09-07T16:31:22.821+0000] {processor.py:640} INFO - Processing file /home/airflow/.local/lib/python3.7/site-packages/airflow/example_dags/example_python_operator.py for tasks to queue
[2022-09-07T16:31:22.822+0000] {logging_mixin.py:115} INFO - [2022-09-07T16:31:22.822+0000] {dagbag.py:508} INFO - Filling up the DagBag from /home/airflow/.local/lib/python3.7/site-packages/airflow/example_dags/example_python_operator.py
[2022-09-07T16:31:22.833+0000] {processor.py:650} INFO - DAG(s) dict_keys(['example_python_operator']) retrieved from /home/airflow/.local/lib/python3.7/site-packages/airflow/example_dags/example_python_operator.py
[2022-09-07T16:31:22.853+0000] {logging_mixin.py:115} INFO - [2022-09-07T16:31:22.853+0000] {dag.py:2429} INFO - Sync 1 DAGs
[2022-09-07T16:31:22.868+0000] {logging_mixin.py:115} INFO - [2022-09-07T16:31:22.868+0000] {dag.py:2981} INFO - Setting next_dagrun for example_python_operator to None, run_after=None
[2022-09-07T16:31:22.882+0000] {processor.py:161} INFO - Processing /home/airflow/.local/lib/python3.7/site-packages/airflow/example_dags/example_python_operator.py took 0.066 seconds
[2022-09-07T17:23:41.289+0000] {processor.py:153} INFO - Started process (PID=66) to work on /home/airflow/.local/lib/python3.7/site-packages/airflow/example_dags/example_python_operator.py
[2022-09-07T17:23:41.292+0000] {processor.py:640} INFO - Processing file /home/airflow/.local/lib/python3.7/site-packages/airflow/example_dags/example_python_operator.py for tasks to queue
[2022-09-07T17:23:41.293+0000] {logging_mixin.py:115} INFO - [2022-09-07T17:23:41.293+0000] {dagbag.py:508} INFO - Filling up the DagBag from /home/airflow/.local/lib/python3.7/site-packages/airflow/example_dags/example_python_operator.py
[2022-09-07T17:23:41.360+0000] {processor.py:650} INFO - DAG(s) dict_keys(['example_python_operator']) retrieved from /home/airflow/.local/lib/python3.7/site-packages/airflow/example_dags/example_python_operator.py
[2022-09-07T17:23:41.466+0000] {logging_mixin.py:115} INFO - [2022-09-07T17:23:41.466+0000] {dag.py:2429} INFO - Sync 1 DAGs
[2022-09-07T17:23:41.534+0000] {logging_mixin.py:115} INFO - [2022-09-07T17:23:41.533+0000] {dag.py:2981} INFO - Setting next_dagrun for example_python_operator to None, run_after=None
[2022-09-07T17:23:41.582+0000] {processor.py:161} INFO - Processing /home/airflow/.local/lib/python3.7/site-packages/airflow/example_dags/example_python_operator.py took 0.301 seconds
[2022-09-07T17:24:12.354+0000] {processor.py:153} INFO - Started process (PID=117) to work on /home/airflow/.local/lib/python3.7/site-packages/airflow/example_dags/example_python_operator.py
[2022-09-07T17:24:12.356+0000] {processor.py:640} INFO - Processing file /home/airflow/.local/lib/python3.7/site-packages/airflow/example_dags/example_python_operator.py for tasks to queue
[2022-09-07T17:24:12.361+0000] {logging_mixin.py:115} INFO - [2022-09-07T17:24:12.361+0000] {dagbag.py:508} INFO - Filling up the DagBag from /home/airflow/.local/lib/python3.7/site-packages/airflow/example_dags/example_python_operator.py
[2022-09-07T17:24:12.372+0000] {processor.py:650} INFO - DAG(s) dict_keys(['example_python_operator']) retrieved from /home/airflow/.local/lib/python3.7/site-packages/airflow/example_dags/example_python_operator.py
[2022-09-07T17:24:12.391+0000] {logging_mixin.py:115} INFO - [2022-09-07T17:24:12.391+0000] {dag.py:2429} INFO - Sync 1 DAGs
[2022-09-07T17:24:12.405+0000] {logging_mixin.py:115} INFO - [2022-09-07T17:24:12.405+0000] {dag.py:2981} INFO - Setting next_dagrun for example_python_operator to None, run_after=None
[2022-09-07T17:24:12.415+0000] {processor.py:161} INFO - Processing /home/airflow/.local/lib/python3.7/site-packages/airflow/example_dags/example_python_operator.py took 0.064 seconds
[2022-09-07T17:24:43.190+0000] {processor.py:153} INFO - Started process (PID=177) to work on /home/airflow/.local/lib/python3.7/site-packages/airflow/example_dags/example_python_operator.py
[2022-09-07T17:24:43.192+0000] {processor.py:640} INFO - Processing file /home/airflow/.local/lib/python3.7/site-packages/airflow/example_dags/example_python_operator.py for tasks to queue
[2022-09-07T17:24:43.194+0000] {logging_mixin.py:115} INFO - [2022-09-07T17:24:43.193+0000] {dagbag.py:508} INFO - Filling up the DagBag from /home/airflow/.local/lib/python3.7/site-packages/airflow/example_dags/example_python_operator.py
[2022-09-07T17:24:43.206+0000] {processor.py:650} INFO - DAG(s) dict_keys(['example_python_operator']) retrieved from /home/airflow/.local/lib/python3.7/site-packages/airflow/example_dags/example_python_operator.py
[2022-09-07T17:24:43.244+0000] {logging_mixin.py:115} INFO - [2022-09-07T17:24:43.244+0000] {dag.py:2429} INFO - Sync 1 DAGs
[2022-09-07T17:24:43.260+0000] {logging_mixin.py:115} INFO - [2022-09-07T17:24:43.260+0000] {dag.py:2981} INFO - Setting next_dagrun for example_python_operator to None, run_after=None
[2022-09-07T17:24:43.271+0000] {processor.py:161} INFO - Processing /home/airflow/.local/lib/python3.7/site-packages/airflow/example_dags/example_python_operator.py took 0.084 seconds
