[2022-09-07T07:55:35.379+0000] {processor.py:153} INFO - Started process (PID=70) to work on /home/airflow/.local/lib/python3.7/site-packages/airflow/example_dags/example_sla_dag.py
[2022-09-07T07:55:35.380+0000] {processor.py:640} INFO - Processing file /home/airflow/.local/lib/python3.7/site-packages/airflow/example_dags/example_sla_dag.py for tasks to queue
[2022-09-07T07:55:35.393+0000] {logging_mixin.py:115} INFO - [2022-09-07T07:55:35.393+0000] {dagbag.py:508} INFO - Filling up the DagBag from /home/airflow/.local/lib/python3.7/site-packages/airflow/example_dags/example_sla_dag.py
[2022-09-07T07:55:35.454+0000] {processor.py:650} INFO - DAG(s) dict_keys(['example_sla_dag']) retrieved from /home/airflow/.local/lib/python3.7/site-packages/airflow/example_dags/example_sla_dag.py
[2022-09-07T07:55:35.620+0000] {logging_mixin.py:115} INFO - [2022-09-07T07:55:35.620+0000] {manager.py:508} INFO - Created Permission View: can delete on DAG:example_sla_dag
[2022-09-07T07:55:35.638+0000] {logging_mixin.py:115} INFO - [2022-09-07T07:55:35.637+0000] {manager.py:508} INFO - Created Permission View: can read on DAG:example_sla_dag
[2022-09-07T07:55:35.653+0000] {logging_mixin.py:115} INFO - [2022-09-07T07:55:35.653+0000] {manager.py:508} INFO - Created Permission View: can edit on DAG:example_sla_dag
[2022-09-07T07:55:35.661+0000] {logging_mixin.py:115} INFO - [2022-09-07T07:55:35.661+0000] {dag.py:2429} INFO - Sync 1 DAGs
[2022-09-07T07:55:35.672+0000] {logging_mixin.py:115} INFO - [2022-09-07T07:55:35.672+0000] {dag.py:2448} INFO - Creating ORM DAG for example_sla_dag
[2022-09-07T07:55:35.699+0000] {logging_mixin.py:115} INFO - [2022-09-07T07:55:35.699+0000] {dag.py:2981} INFO - Setting next_dagrun for example_sla_dag to 2022-09-07T07:52:00+00:00, run_after=2022-09-07T07:54:00+00:00
[2022-09-07T07:55:35.746+0000] {processor.py:161} INFO - Processing /home/airflow/.local/lib/python3.7/site-packages/airflow/example_dags/example_sla_dag.py took 0.370 seconds
[2022-09-07T07:56:06.474+0000] {processor.py:153} INFO - Started process (PID=124) to work on /home/airflow/.local/lib/python3.7/site-packages/airflow/example_dags/example_sla_dag.py
[2022-09-07T07:56:06.478+0000] {processor.py:640} INFO - Processing file /home/airflow/.local/lib/python3.7/site-packages/airflow/example_dags/example_sla_dag.py for tasks to queue
[2022-09-07T07:56:06.479+0000] {logging_mixin.py:115} INFO - [2022-09-07T07:56:06.479+0000] {dagbag.py:508} INFO - Filling up the DagBag from /home/airflow/.local/lib/python3.7/site-packages/airflow/example_dags/example_sla_dag.py
[2022-09-07T07:56:06.494+0000] {processor.py:650} INFO - DAG(s) dict_keys(['example_sla_dag']) retrieved from /home/airflow/.local/lib/python3.7/site-packages/airflow/example_dags/example_sla_dag.py
[2022-09-07T07:56:06.513+0000] {logging_mixin.py:115} INFO - [2022-09-07T07:56:06.513+0000] {dag.py:2429} INFO - Sync 1 DAGs
[2022-09-07T07:56:06.529+0000] {logging_mixin.py:115} INFO - [2022-09-07T07:56:06.529+0000] {dag.py:2981} INFO - Setting next_dagrun for example_sla_dag to 2022-09-07T07:54:00+00:00, run_after=2022-09-07T07:56:00+00:00
[2022-09-07T07:56:06.545+0000] {processor.py:161} INFO - Processing /home/airflow/.local/lib/python3.7/site-packages/airflow/example_dags/example_sla_dag.py took 0.079 seconds
[2022-09-07T07:56:37.316+0000] {processor.py:153} INFO - Started process (PID=185) to work on /home/airflow/.local/lib/python3.7/site-packages/airflow/example_dags/example_sla_dag.py
[2022-09-07T07:56:37.319+0000] {processor.py:640} INFO - Processing file /home/airflow/.local/lib/python3.7/site-packages/airflow/example_dags/example_sla_dag.py for tasks to queue
[2022-09-07T07:56:37.320+0000] {logging_mixin.py:115} INFO - [2022-09-07T07:56:37.320+0000] {dagbag.py:508} INFO - Filling up the DagBag from /home/airflow/.local/lib/python3.7/site-packages/airflow/example_dags/example_sla_dag.py
[2022-09-07T07:56:37.334+0000] {processor.py:650} INFO - DAG(s) dict_keys(['example_sla_dag']) retrieved from /home/airflow/.local/lib/python3.7/site-packages/airflow/example_dags/example_sla_dag.py
[2022-09-07T07:56:37.354+0000] {logging_mixin.py:115} INFO - [2022-09-07T07:56:37.353+0000] {dag.py:2429} INFO - Sync 1 DAGs
[2022-09-07T07:56:37.369+0000] {logging_mixin.py:115} INFO - [2022-09-07T07:56:37.369+0000] {dag.py:2981} INFO - Setting next_dagrun for example_sla_dag to 2022-09-07T07:54:00+00:00, run_after=2022-09-07T07:56:00+00:00
[2022-09-07T07:56:37.376+0000] {processor.py:161} INFO - Processing /home/airflow/.local/lib/python3.7/site-packages/airflow/example_dags/example_sla_dag.py took 0.065 seconds
[2022-09-07T07:57:07.864+0000] {processor.py:153} INFO - Started process (PID=246) to work on /home/airflow/.local/lib/python3.7/site-packages/airflow/example_dags/example_sla_dag.py
[2022-09-07T07:57:07.867+0000] {processor.py:640} INFO - Processing file /home/airflow/.local/lib/python3.7/site-packages/airflow/example_dags/example_sla_dag.py for tasks to queue
[2022-09-07T07:57:07.872+0000] {logging_mixin.py:115} INFO - [2022-09-07T07:57:07.872+0000] {dagbag.py:508} INFO - Filling up the DagBag from /home/airflow/.local/lib/python3.7/site-packages/airflow/example_dags/example_sla_dag.py
[2022-09-07T07:57:07.884+0000] {processor.py:650} INFO - DAG(s) dict_keys(['example_sla_dag']) retrieved from /home/airflow/.local/lib/python3.7/site-packages/airflow/example_dags/example_sla_dag.py
[2022-09-07T07:57:07.911+0000] {logging_mixin.py:115} INFO - [2022-09-07T07:57:07.911+0000] {dag.py:2429} INFO - Sync 1 DAGs
[2022-09-07T07:57:07.928+0000] {logging_mixin.py:115} INFO - [2022-09-07T07:57:07.927+0000] {dag.py:2981} INFO - Setting next_dagrun for example_sla_dag to 2022-09-07T07:54:00+00:00, run_after=2022-09-07T07:56:00+00:00
[2022-09-07T07:57:07.936+0000] {processor.py:161} INFO - Processing /home/airflow/.local/lib/python3.7/site-packages/airflow/example_dags/example_sla_dag.py took 0.078 seconds
[2022-09-07T07:57:38.471+0000] {processor.py:153} INFO - Started process (PID=307) to work on /home/airflow/.local/lib/python3.7/site-packages/airflow/example_dags/example_sla_dag.py
[2022-09-07T07:57:38.474+0000] {processor.py:640} INFO - Processing file /home/airflow/.local/lib/python3.7/site-packages/airflow/example_dags/example_sla_dag.py for tasks to queue
[2022-09-07T07:57:38.475+0000] {logging_mixin.py:115} INFO - [2022-09-07T07:57:38.475+0000] {dagbag.py:508} INFO - Filling up the DagBag from /home/airflow/.local/lib/python3.7/site-packages/airflow/example_dags/example_sla_dag.py
[2022-09-07T07:57:38.488+0000] {processor.py:650} INFO - DAG(s) dict_keys(['example_sla_dag']) retrieved from /home/airflow/.local/lib/python3.7/site-packages/airflow/example_dags/example_sla_dag.py
[2022-09-07T07:57:38.506+0000] {logging_mixin.py:115} INFO - [2022-09-07T07:57:38.506+0000] {dag.py:2429} INFO - Sync 1 DAGs
[2022-09-07T07:57:38.523+0000] {logging_mixin.py:115} INFO - [2022-09-07T07:57:38.523+0000] {dag.py:2981} INFO - Setting next_dagrun for example_sla_dag to 2022-09-07T07:54:00+00:00, run_after=2022-09-07T07:56:00+00:00
[2022-09-07T07:57:38.532+0000] {processor.py:161} INFO - Processing /home/airflow/.local/lib/python3.7/site-packages/airflow/example_dags/example_sla_dag.py took 0.064 seconds
[2022-09-07T07:58:09.508+0000] {processor.py:153} INFO - Started process (PID=367) to work on /home/airflow/.local/lib/python3.7/site-packages/airflow/example_dags/example_sla_dag.py
[2022-09-07T07:58:09.510+0000] {processor.py:640} INFO - Processing file /home/airflow/.local/lib/python3.7/site-packages/airflow/example_dags/example_sla_dag.py for tasks to queue
[2022-09-07T07:58:09.511+0000] {logging_mixin.py:115} INFO - [2022-09-07T07:58:09.511+0000] {dagbag.py:508} INFO - Filling up the DagBag from /home/airflow/.local/lib/python3.7/site-packages/airflow/example_dags/example_sla_dag.py
[2022-09-07T07:58:09.521+0000] {processor.py:650} INFO - DAG(s) dict_keys(['example_sla_dag']) retrieved from /home/airflow/.local/lib/python3.7/site-packages/airflow/example_dags/example_sla_dag.py
[2022-09-07T07:58:09.540+0000] {logging_mixin.py:115} INFO - [2022-09-07T07:58:09.540+0000] {dag.py:2429} INFO - Sync 1 DAGs
[2022-09-07T07:58:09.557+0000] {logging_mixin.py:115} INFO - [2022-09-07T07:58:09.557+0000] {dag.py:2981} INFO - Setting next_dagrun for example_sla_dag to 2022-09-07T07:56:00+00:00, run_after=2022-09-07T07:58:00+00:00
[2022-09-07T07:58:09.568+0000] {processor.py:161} INFO - Processing /home/airflow/.local/lib/python3.7/site-packages/airflow/example_dags/example_sla_dag.py took 0.063 seconds
[2022-09-07T07:58:39.683+0000] {processor.py:153} INFO - Started process (PID=418) to work on /home/airflow/.local/lib/python3.7/site-packages/airflow/example_dags/example_sla_dag.py
[2022-09-07T07:58:39.685+0000] {processor.py:640} INFO - Processing file /home/airflow/.local/lib/python3.7/site-packages/airflow/example_dags/example_sla_dag.py for tasks to queue
[2022-09-07T07:58:39.687+0000] {logging_mixin.py:115} INFO - [2022-09-07T07:58:39.687+0000] {dagbag.py:508} INFO - Filling up the DagBag from /home/airflow/.local/lib/python3.7/site-packages/airflow/example_dags/example_sla_dag.py
[2022-09-07T07:58:39.701+0000] {processor.py:650} INFO - DAG(s) dict_keys(['example_sla_dag']) retrieved from /home/airflow/.local/lib/python3.7/site-packages/airflow/example_dags/example_sla_dag.py
[2022-09-07T07:58:39.718+0000] {logging_mixin.py:115} INFO - [2022-09-07T07:58:39.718+0000] {dag.py:2429} INFO - Sync 1 DAGs
[2022-09-07T07:58:39.733+0000] {logging_mixin.py:115} INFO - [2022-09-07T07:58:39.733+0000] {dag.py:2981} INFO - Setting next_dagrun for example_sla_dag to 2022-09-07T07:56:00+00:00, run_after=2022-09-07T07:58:00+00:00
[2022-09-07T07:58:39.740+0000] {processor.py:161} INFO - Processing /home/airflow/.local/lib/python3.7/site-packages/airflow/example_dags/example_sla_dag.py took 0.062 seconds
[2022-09-07T07:59:10.564+0000] {processor.py:153} INFO - Started process (PID=479) to work on /home/airflow/.local/lib/python3.7/site-packages/airflow/example_dags/example_sla_dag.py
[2022-09-07T07:59:10.567+0000] {processor.py:640} INFO - Processing file /home/airflow/.local/lib/python3.7/site-packages/airflow/example_dags/example_sla_dag.py for tasks to queue
[2022-09-07T07:59:10.568+0000] {logging_mixin.py:115} INFO - [2022-09-07T07:59:10.568+0000] {dagbag.py:508} INFO - Filling up the DagBag from /home/airflow/.local/lib/python3.7/site-packages/airflow/example_dags/example_sla_dag.py
[2022-09-07T07:59:10.584+0000] {processor.py:650} INFO - DAG(s) dict_keys(['example_sla_dag']) retrieved from /home/airflow/.local/lib/python3.7/site-packages/airflow/example_dags/example_sla_dag.py
[2022-09-07T07:59:10.605+0000] {logging_mixin.py:115} INFO - [2022-09-07T07:59:10.605+0000] {dag.py:2429} INFO - Sync 1 DAGs
[2022-09-07T07:59:10.621+0000] {logging_mixin.py:115} INFO - [2022-09-07T07:59:10.621+0000] {dag.py:2981} INFO - Setting next_dagrun for example_sla_dag to 2022-09-07T07:56:00+00:00, run_after=2022-09-07T07:58:00+00:00
[2022-09-07T07:59:10.629+0000] {processor.py:161} INFO - Processing /home/airflow/.local/lib/python3.7/site-packages/airflow/example_dags/example_sla_dag.py took 0.068 seconds
[2022-09-07T07:59:41.404+0000] {processor.py:153} INFO - Started process (PID=539) to work on /home/airflow/.local/lib/python3.7/site-packages/airflow/example_dags/example_sla_dag.py
[2022-09-07T07:59:41.406+0000] {processor.py:640} INFO - Processing file /home/airflow/.local/lib/python3.7/site-packages/airflow/example_dags/example_sla_dag.py for tasks to queue
[2022-09-07T07:59:41.408+0000] {logging_mixin.py:115} INFO - [2022-09-07T07:59:41.408+0000] {dagbag.py:508} INFO - Filling up the DagBag from /home/airflow/.local/lib/python3.7/site-packages/airflow/example_dags/example_sla_dag.py
[2022-09-07T07:59:41.422+0000] {processor.py:650} INFO - DAG(s) dict_keys(['example_sla_dag']) retrieved from /home/airflow/.local/lib/python3.7/site-packages/airflow/example_dags/example_sla_dag.py
[2022-09-07T07:59:41.440+0000] {logging_mixin.py:115} INFO - [2022-09-07T07:59:41.440+0000] {dag.py:2429} INFO - Sync 1 DAGs
[2022-09-07T07:59:41.455+0000] {logging_mixin.py:115} INFO - [2022-09-07T07:59:41.455+0000] {dag.py:2981} INFO - Setting next_dagrun for example_sla_dag to 2022-09-07T07:56:00+00:00, run_after=2022-09-07T07:58:00+00:00
[2022-09-07T07:59:41.463+0000] {processor.py:161} INFO - Processing /home/airflow/.local/lib/python3.7/site-packages/airflow/example_dags/example_sla_dag.py took 0.064 seconds
[2022-09-07T08:00:12.258+0000] {processor.py:153} INFO - Started process (PID=600) to work on /home/airflow/.local/lib/python3.7/site-packages/airflow/example_dags/example_sla_dag.py
[2022-09-07T08:00:12.260+0000] {processor.py:640} INFO - Processing file /home/airflow/.local/lib/python3.7/site-packages/airflow/example_dags/example_sla_dag.py for tasks to queue
[2022-09-07T08:00:12.261+0000] {logging_mixin.py:115} INFO - [2022-09-07T08:00:12.261+0000] {dagbag.py:508} INFO - Filling up the DagBag from /home/airflow/.local/lib/python3.7/site-packages/airflow/example_dags/example_sla_dag.py
[2022-09-07T08:00:12.271+0000] {processor.py:650} INFO - DAG(s) dict_keys(['example_sla_dag']) retrieved from /home/airflow/.local/lib/python3.7/site-packages/airflow/example_dags/example_sla_dag.py
[2022-09-07T08:00:12.290+0000] {logging_mixin.py:115} INFO - [2022-09-07T08:00:12.290+0000] {dag.py:2429} INFO - Sync 1 DAGs
[2022-09-07T08:00:12.304+0000] {logging_mixin.py:115} INFO - [2022-09-07T08:00:12.304+0000] {dag.py:2981} INFO - Setting next_dagrun for example_sla_dag to 2022-09-07T07:58:00+00:00, run_after=2022-09-07T08:00:00+00:00
[2022-09-07T08:00:12.312+0000] {processor.py:161} INFO - Processing /home/airflow/.local/lib/python3.7/site-packages/airflow/example_dags/example_sla_dag.py took 0.057 seconds
[2022-09-07T08:00:43.122+0000] {processor.py:153} INFO - Started process (PID=997) to work on /home/airflow/.local/lib/python3.7/site-packages/airflow/example_dags/example_sla_dag.py
[2022-09-07T08:00:43.124+0000] {processor.py:640} INFO - Processing file /home/airflow/.local/lib/python3.7/site-packages/airflow/example_dags/example_sla_dag.py for tasks to queue
[2022-09-07T08:00:43.126+0000] {logging_mixin.py:115} INFO - [2022-09-07T08:00:43.125+0000] {dagbag.py:508} INFO - Filling up the DagBag from /home/airflow/.local/lib/python3.7/site-packages/airflow/example_dags/example_sla_dag.py
[2022-09-07T08:00:43.138+0000] {processor.py:650} INFO - DAG(s) dict_keys(['example_sla_dag']) retrieved from /home/airflow/.local/lib/python3.7/site-packages/airflow/example_dags/example_sla_dag.py
[2022-09-07T08:00:43.155+0000] {logging_mixin.py:115} INFO - [2022-09-07T08:00:43.155+0000] {dag.py:2429} INFO - Sync 1 DAGs
[2022-09-07T08:00:43.171+0000] {logging_mixin.py:115} INFO - [2022-09-07T08:00:43.171+0000] {dag.py:2981} INFO - Setting next_dagrun for example_sla_dag to 2022-09-07T07:58:00+00:00, run_after=2022-09-07T08:00:00+00:00
[2022-09-07T08:00:43.186+0000] {processor.py:161} INFO - Processing /home/airflow/.local/lib/python3.7/site-packages/airflow/example_dags/example_sla_dag.py took 0.067 seconds
[2022-09-07T08:01:13.955+0000] {processor.py:153} INFO - Started process (PID=2134) to work on /home/airflow/.local/lib/python3.7/site-packages/airflow/example_dags/example_sla_dag.py
[2022-09-07T08:01:13.958+0000] {processor.py:640} INFO - Processing file /home/airflow/.local/lib/python3.7/site-packages/airflow/example_dags/example_sla_dag.py for tasks to queue
[2022-09-07T08:01:13.959+0000] {logging_mixin.py:115} INFO - [2022-09-07T08:01:13.959+0000] {dagbag.py:508} INFO - Filling up the DagBag from /home/airflow/.local/lib/python3.7/site-packages/airflow/example_dags/example_sla_dag.py
[2022-09-07T08:01:13.974+0000] {processor.py:650} INFO - DAG(s) dict_keys(['example_sla_dag']) retrieved from /home/airflow/.local/lib/python3.7/site-packages/airflow/example_dags/example_sla_dag.py
[2022-09-07T08:01:13.993+0000] {logging_mixin.py:115} INFO - [2022-09-07T08:01:13.993+0000] {dag.py:2429} INFO - Sync 1 DAGs
[2022-09-07T08:01:14.009+0000] {logging_mixin.py:115} INFO - [2022-09-07T08:01:14.009+0000] {dag.py:2981} INFO - Setting next_dagrun for example_sla_dag to 2022-09-07T07:58:00+00:00, run_after=2022-09-07T08:00:00+00:00
[2022-09-07T08:01:14.017+0000] {processor.py:161} INFO - Processing /home/airflow/.local/lib/python3.7/site-packages/airflow/example_dags/example_sla_dag.py took 0.066 seconds
[2022-09-07T08:01:44.700+0000] {processor.py:153} INFO - Started process (PID=2352) to work on /home/airflow/.local/lib/python3.7/site-packages/airflow/example_dags/example_sla_dag.py
[2022-09-07T08:01:44.702+0000] {processor.py:640} INFO - Processing file /home/airflow/.local/lib/python3.7/site-packages/airflow/example_dags/example_sla_dag.py for tasks to queue
[2022-09-07T08:01:44.704+0000] {logging_mixin.py:115} INFO - [2022-09-07T08:01:44.704+0000] {dagbag.py:508} INFO - Filling up the DagBag from /home/airflow/.local/lib/python3.7/site-packages/airflow/example_dags/example_sla_dag.py
[2022-09-07T08:01:44.717+0000] {processor.py:650} INFO - DAG(s) dict_keys(['example_sla_dag']) retrieved from /home/airflow/.local/lib/python3.7/site-packages/airflow/example_dags/example_sla_dag.py
[2022-09-07T08:01:44.738+0000] {logging_mixin.py:115} INFO - [2022-09-07T08:01:44.738+0000] {dag.py:2429} INFO - Sync 1 DAGs
[2022-09-07T08:01:44.756+0000] {logging_mixin.py:115} INFO - [2022-09-07T08:01:44.756+0000] {dag.py:2981} INFO - Setting next_dagrun for example_sla_dag to 2022-09-07T07:58:00+00:00, run_after=2022-09-07T08:00:00+00:00
[2022-09-07T08:01:44.768+0000] {processor.py:161} INFO - Processing /home/airflow/.local/lib/python3.7/site-packages/airflow/example_dags/example_sla_dag.py took 0.071 seconds
[2022-09-07T08:02:15.480+0000] {processor.py:153} INFO - Started process (PID=2414) to work on /home/airflow/.local/lib/python3.7/site-packages/airflow/example_dags/example_sla_dag.py
[2022-09-07T08:02:15.481+0000] {processor.py:640} INFO - Processing file /home/airflow/.local/lib/python3.7/site-packages/airflow/example_dags/example_sla_dag.py for tasks to queue
[2022-09-07T08:02:15.483+0000] {logging_mixin.py:115} INFO - [2022-09-07T08:02:15.483+0000] {dagbag.py:508} INFO - Filling up the DagBag from /home/airflow/.local/lib/python3.7/site-packages/airflow/example_dags/example_sla_dag.py
[2022-09-07T08:02:15.500+0000] {processor.py:650} INFO - DAG(s) dict_keys(['example_sla_dag']) retrieved from /home/airflow/.local/lib/python3.7/site-packages/airflow/example_dags/example_sla_dag.py
[2022-09-07T08:02:15.520+0000] {logging_mixin.py:115} INFO - [2022-09-07T08:02:15.520+0000] {dag.py:2429} INFO - Sync 1 DAGs
[2022-09-07T08:02:15.534+0000] {logging_mixin.py:115} INFO - [2022-09-07T08:02:15.534+0000] {dag.py:2981} INFO - Setting next_dagrun for example_sla_dag to 2022-09-07T08:00:00+00:00, run_after=2022-09-07T08:02:00+00:00
[2022-09-07T08:02:15.542+0000] {processor.py:161} INFO - Processing /home/airflow/.local/lib/python3.7/site-packages/airflow/example_dags/example_sla_dag.py took 0.066 seconds
[2022-09-07T08:02:46.346+0000] {processor.py:153} INFO - Started process (PID=2474) to work on /home/airflow/.local/lib/python3.7/site-packages/airflow/example_dags/example_sla_dag.py
[2022-09-07T08:02:46.351+0000] {processor.py:640} INFO - Processing file /home/airflow/.local/lib/python3.7/site-packages/airflow/example_dags/example_sla_dag.py for tasks to queue
[2022-09-07T08:02:46.353+0000] {logging_mixin.py:115} INFO - [2022-09-07T08:02:46.352+0000] {dagbag.py:508} INFO - Filling up the DagBag from /home/airflow/.local/lib/python3.7/site-packages/airflow/example_dags/example_sla_dag.py
[2022-09-07T08:02:46.368+0000] {processor.py:650} INFO - DAG(s) dict_keys(['example_sla_dag']) retrieved from /home/airflow/.local/lib/python3.7/site-packages/airflow/example_dags/example_sla_dag.py
[2022-09-07T08:02:46.387+0000] {logging_mixin.py:115} INFO - [2022-09-07T08:02:46.387+0000] {dag.py:2429} INFO - Sync 1 DAGs
[2022-09-07T08:02:46.403+0000] {logging_mixin.py:115} INFO - [2022-09-07T08:02:46.403+0000] {dag.py:2981} INFO - Setting next_dagrun for example_sla_dag to 2022-09-07T08:00:00+00:00, run_after=2022-09-07T08:02:00+00:00
[2022-09-07T08:02:46.412+0000] {processor.py:161} INFO - Processing /home/airflow/.local/lib/python3.7/site-packages/airflow/example_dags/example_sla_dag.py took 0.070 seconds
[2022-09-07T08:03:17.108+0000] {processor.py:153} INFO - Started process (PID=2534) to work on /home/airflow/.local/lib/python3.7/site-packages/airflow/example_dags/example_sla_dag.py
[2022-09-07T08:03:17.115+0000] {processor.py:640} INFO - Processing file /home/airflow/.local/lib/python3.7/site-packages/airflow/example_dags/example_sla_dag.py for tasks to queue
[2022-09-07T08:03:17.117+0000] {logging_mixin.py:115} INFO - [2022-09-07T08:03:17.116+0000] {dagbag.py:508} INFO - Filling up the DagBag from /home/airflow/.local/lib/python3.7/site-packages/airflow/example_dags/example_sla_dag.py
[2022-09-07T08:03:17.134+0000] {processor.py:650} INFO - DAG(s) dict_keys(['example_sla_dag']) retrieved from /home/airflow/.local/lib/python3.7/site-packages/airflow/example_dags/example_sla_dag.py
[2022-09-07T08:03:17.151+0000] {logging_mixin.py:115} INFO - [2022-09-07T08:03:17.151+0000] {dag.py:2429} INFO - Sync 1 DAGs
[2022-09-07T08:03:17.165+0000] {logging_mixin.py:115} INFO - [2022-09-07T08:03:17.165+0000] {dag.py:2981} INFO - Setting next_dagrun for example_sla_dag to 2022-09-07T08:00:00+00:00, run_after=2022-09-07T08:02:00+00:00
[2022-09-07T08:03:17.174+0000] {processor.py:161} INFO - Processing /home/airflow/.local/lib/python3.7/site-packages/airflow/example_dags/example_sla_dag.py took 0.071 seconds
[2022-09-07T08:03:47.810+0000] {processor.py:153} INFO - Started process (PID=2595) to work on /home/airflow/.local/lib/python3.7/site-packages/airflow/example_dags/example_sla_dag.py
[2022-09-07T08:03:47.812+0000] {processor.py:640} INFO - Processing file /home/airflow/.local/lib/python3.7/site-packages/airflow/example_dags/example_sla_dag.py for tasks to queue
[2022-09-07T08:03:47.814+0000] {logging_mixin.py:115} INFO - [2022-09-07T08:03:47.814+0000] {dagbag.py:508} INFO - Filling up the DagBag from /home/airflow/.local/lib/python3.7/site-packages/airflow/example_dags/example_sla_dag.py
[2022-09-07T08:03:47.824+0000] {processor.py:650} INFO - DAG(s) dict_keys(['example_sla_dag']) retrieved from /home/airflow/.local/lib/python3.7/site-packages/airflow/example_dags/example_sla_dag.py
[2022-09-07T08:03:47.841+0000] {logging_mixin.py:115} INFO - [2022-09-07T08:03:47.841+0000] {dag.py:2429} INFO - Sync 1 DAGs
[2022-09-07T08:03:47.856+0000] {logging_mixin.py:115} INFO - [2022-09-07T08:03:47.856+0000] {dag.py:2981} INFO - Setting next_dagrun for example_sla_dag to 2022-09-07T08:00:00+00:00, run_after=2022-09-07T08:02:00+00:00
[2022-09-07T08:03:47.865+0000] {processor.py:161} INFO - Processing /home/airflow/.local/lib/python3.7/site-packages/airflow/example_dags/example_sla_dag.py took 0.057 seconds
[2022-09-07T08:04:18.547+0000] {processor.py:153} INFO - Started process (PID=2656) to work on /home/airflow/.local/lib/python3.7/site-packages/airflow/example_dags/example_sla_dag.py
[2022-09-07T08:04:18.549+0000] {processor.py:640} INFO - Processing file /home/airflow/.local/lib/python3.7/site-packages/airflow/example_dags/example_sla_dag.py for tasks to queue
[2022-09-07T08:04:18.550+0000] {logging_mixin.py:115} INFO - [2022-09-07T08:04:18.550+0000] {dagbag.py:508} INFO - Filling up the DagBag from /home/airflow/.local/lib/python3.7/site-packages/airflow/example_dags/example_sla_dag.py
[2022-09-07T08:04:18.561+0000] {processor.py:650} INFO - DAG(s) dict_keys(['example_sla_dag']) retrieved from /home/airflow/.local/lib/python3.7/site-packages/airflow/example_dags/example_sla_dag.py
[2022-09-07T08:04:18.578+0000] {logging_mixin.py:115} INFO - [2022-09-07T08:04:18.578+0000] {dag.py:2429} INFO - Sync 1 DAGs
[2022-09-07T08:04:18.593+0000] {logging_mixin.py:115} INFO - [2022-09-07T08:04:18.593+0000] {dag.py:2981} INFO - Setting next_dagrun for example_sla_dag to 2022-09-07T08:02:00+00:00, run_after=2022-09-07T08:04:00+00:00
[2022-09-07T08:04:18.603+0000] {processor.py:161} INFO - Processing /home/airflow/.local/lib/python3.7/site-packages/airflow/example_dags/example_sla_dag.py took 0.058 seconds
[2022-09-07T16:21:02.279+0000] {processor.py:153} INFO - Started process (PID=80) to work on /home/airflow/.local/lib/python3.7/site-packages/airflow/example_dags/example_sla_dag.py
[2022-09-07T16:21:02.280+0000] {processor.py:640} INFO - Processing file /home/airflow/.local/lib/python3.7/site-packages/airflow/example_dags/example_sla_dag.py for tasks to queue
[2022-09-07T16:21:02.282+0000] {logging_mixin.py:115} INFO - [2022-09-07T16:21:02.282+0000] {dagbag.py:508} INFO - Filling up the DagBag from /home/airflow/.local/lib/python3.7/site-packages/airflow/example_dags/example_sla_dag.py
[2022-09-07T16:21:02.301+0000] {processor.py:650} INFO - DAG(s) dict_keys(['example_sla_dag']) retrieved from /home/airflow/.local/lib/python3.7/site-packages/airflow/example_dags/example_sla_dag.py
[2022-09-07T16:21:02.326+0000] {logging_mixin.py:115} INFO - [2022-09-07T16:21:02.326+0000] {dag.py:2429} INFO - Sync 1 DAGs
[2022-09-07T16:21:02.345+0000] {logging_mixin.py:115} INFO - [2022-09-07T16:21:02.345+0000] {dag.py:2981} INFO - Setting next_dagrun for example_sla_dag to 2022-09-07T16:18:00+00:00, run_after=2022-09-07T16:20:00+00:00
[2022-09-07T16:21:02.357+0000] {processor.py:161} INFO - Processing /home/airflow/.local/lib/python3.7/site-packages/airflow/example_dags/example_sla_dag.py took 0.081 seconds
[2022-09-07T16:21:32.956+0000] {processor.py:153} INFO - Started process (PID=140) to work on /home/airflow/.local/lib/python3.7/site-packages/airflow/example_dags/example_sla_dag.py
[2022-09-07T16:21:32.958+0000] {processor.py:640} INFO - Processing file /home/airflow/.local/lib/python3.7/site-packages/airflow/example_dags/example_sla_dag.py for tasks to queue
[2022-09-07T16:21:32.959+0000] {logging_mixin.py:115} INFO - [2022-09-07T16:21:32.959+0000] {dagbag.py:508} INFO - Filling up the DagBag from /home/airflow/.local/lib/python3.7/site-packages/airflow/example_dags/example_sla_dag.py
[2022-09-07T16:21:32.971+0000] {processor.py:650} INFO - DAG(s) dict_keys(['example_sla_dag']) retrieved from /home/airflow/.local/lib/python3.7/site-packages/airflow/example_dags/example_sla_dag.py
[2022-09-07T16:21:32.992+0000] {logging_mixin.py:115} INFO - [2022-09-07T16:21:32.992+0000] {dag.py:2429} INFO - Sync 1 DAGs
[2022-09-07T16:21:33.008+0000] {logging_mixin.py:115} INFO - [2022-09-07T16:21:33.008+0000] {dag.py:2981} INFO - Setting next_dagrun for example_sla_dag to 2022-09-07T16:18:00+00:00, run_after=2022-09-07T16:20:00+00:00
[2022-09-07T16:21:33.017+0000] {processor.py:161} INFO - Processing /home/airflow/.local/lib/python3.7/site-packages/airflow/example_dags/example_sla_dag.py took 0.064 seconds
[2022-09-07T16:22:04.120+0000] {processor.py:153} INFO - Started process (PID=608) to work on /home/airflow/.local/lib/python3.7/site-packages/airflow/example_dags/example_sla_dag.py
[2022-09-07T16:22:04.123+0000] {processor.py:640} INFO - Processing file /home/airflow/.local/lib/python3.7/site-packages/airflow/example_dags/example_sla_dag.py for tasks to queue
[2022-09-07T16:22:04.124+0000] {logging_mixin.py:115} INFO - [2022-09-07T16:22:04.124+0000] {dagbag.py:508} INFO - Filling up the DagBag from /home/airflow/.local/lib/python3.7/site-packages/airflow/example_dags/example_sla_dag.py
[2022-09-07T16:22:04.148+0000] {processor.py:650} INFO - DAG(s) dict_keys(['example_sla_dag']) retrieved from /home/airflow/.local/lib/python3.7/site-packages/airflow/example_dags/example_sla_dag.py
[2022-09-07T16:22:04.171+0000] {logging_mixin.py:115} INFO - [2022-09-07T16:22:04.171+0000] {dag.py:2429} INFO - Sync 1 DAGs
[2022-09-07T16:22:04.196+0000] {logging_mixin.py:115} INFO - [2022-09-07T16:22:04.196+0000] {dag.py:2981} INFO - Setting next_dagrun for example_sla_dag to 2022-09-07T16:20:00+00:00, run_after=2022-09-07T16:22:00+00:00
[2022-09-07T16:22:04.209+0000] {processor.py:161} INFO - Processing /home/airflow/.local/lib/python3.7/site-packages/airflow/example_dags/example_sla_dag.py took 0.091 seconds
[2022-09-07T16:22:34.721+0000] {processor.py:153} INFO - Started process (PID=1312) to work on /home/airflow/.local/lib/python3.7/site-packages/airflow/example_dags/example_sla_dag.py
[2022-09-07T16:22:34.722+0000] {processor.py:640} INFO - Processing file /home/airflow/.local/lib/python3.7/site-packages/airflow/example_dags/example_sla_dag.py for tasks to queue
[2022-09-07T16:22:34.723+0000] {logging_mixin.py:115} INFO - [2022-09-07T16:22:34.723+0000] {dagbag.py:508} INFO - Filling up the DagBag from /home/airflow/.local/lib/python3.7/site-packages/airflow/example_dags/example_sla_dag.py
[2022-09-07T16:22:34.735+0000] {processor.py:650} INFO - DAG(s) dict_keys(['example_sla_dag']) retrieved from /home/airflow/.local/lib/python3.7/site-packages/airflow/example_dags/example_sla_dag.py
[2022-09-07T16:22:34.752+0000] {logging_mixin.py:115} INFO - [2022-09-07T16:22:34.752+0000] {dag.py:2429} INFO - Sync 1 DAGs
[2022-09-07T16:22:34.766+0000] {logging_mixin.py:115} INFO - [2022-09-07T16:22:34.766+0000] {dag.py:2981} INFO - Setting next_dagrun for example_sla_dag to 2022-09-07T16:20:00+00:00, run_after=2022-09-07T16:22:00+00:00
[2022-09-07T16:22:34.776+0000] {processor.py:161} INFO - Processing /home/airflow/.local/lib/python3.7/site-packages/airflow/example_dags/example_sla_dag.py took 0.057 seconds
[2022-09-07T16:23:05.620+0000] {processor.py:153} INFO - Started process (PID=1852) to work on /home/airflow/.local/lib/python3.7/site-packages/airflow/example_dags/example_sla_dag.py
[2022-09-07T16:23:05.621+0000] {processor.py:640} INFO - Processing file /home/airflow/.local/lib/python3.7/site-packages/airflow/example_dags/example_sla_dag.py for tasks to queue
[2022-09-07T16:23:05.623+0000] {logging_mixin.py:115} INFO - [2022-09-07T16:23:05.623+0000] {dagbag.py:508} INFO - Filling up the DagBag from /home/airflow/.local/lib/python3.7/site-packages/airflow/example_dags/example_sla_dag.py
[2022-09-07T16:23:05.635+0000] {processor.py:650} INFO - DAG(s) dict_keys(['example_sla_dag']) retrieved from /home/airflow/.local/lib/python3.7/site-packages/airflow/example_dags/example_sla_dag.py
[2022-09-07T16:23:05.652+0000] {logging_mixin.py:115} INFO - [2022-09-07T16:23:05.652+0000] {dag.py:2429} INFO - Sync 1 DAGs
[2022-09-07T16:23:05.667+0000] {logging_mixin.py:115} INFO - [2022-09-07T16:23:05.667+0000] {dag.py:2981} INFO - Setting next_dagrun for example_sla_dag to 2022-09-07T16:20:00+00:00, run_after=2022-09-07T16:22:00+00:00
[2022-09-07T16:23:05.677+0000] {processor.py:161} INFO - Processing /home/airflow/.local/lib/python3.7/site-packages/airflow/example_dags/example_sla_dag.py took 0.060 seconds
[2022-09-07T16:23:36.295+0000] {processor.py:153} INFO - Started process (PID=2212) to work on /home/airflow/.local/lib/python3.7/site-packages/airflow/example_dags/example_sla_dag.py
[2022-09-07T16:23:36.297+0000] {processor.py:640} INFO - Processing file /home/airflow/.local/lib/python3.7/site-packages/airflow/example_dags/example_sla_dag.py for tasks to queue
[2022-09-07T16:23:36.298+0000] {logging_mixin.py:115} INFO - [2022-09-07T16:23:36.298+0000] {dagbag.py:508} INFO - Filling up the DagBag from /home/airflow/.local/lib/python3.7/site-packages/airflow/example_dags/example_sla_dag.py
[2022-09-07T16:23:36.310+0000] {processor.py:650} INFO - DAG(s) dict_keys(['example_sla_dag']) retrieved from /home/airflow/.local/lib/python3.7/site-packages/airflow/example_dags/example_sla_dag.py
[2022-09-07T16:23:36.327+0000] {logging_mixin.py:115} INFO - [2022-09-07T16:23:36.327+0000] {dag.py:2429} INFO - Sync 1 DAGs
[2022-09-07T16:23:36.343+0000] {logging_mixin.py:115} INFO - [2022-09-07T16:23:36.343+0000] {dag.py:2981} INFO - Setting next_dagrun for example_sla_dag to 2022-09-07T16:20:00+00:00, run_after=2022-09-07T16:22:00+00:00
[2022-09-07T16:23:36.353+0000] {processor.py:161} INFO - Processing /home/airflow/.local/lib/python3.7/site-packages/airflow/example_dags/example_sla_dag.py took 0.060 seconds
[2022-09-07T16:24:06.894+0000] {processor.py:153} INFO - Started process (PID=2589) to work on /home/airflow/.local/lib/python3.7/site-packages/airflow/example_dags/example_sla_dag.py
[2022-09-07T16:24:06.896+0000] {processor.py:640} INFO - Processing file /home/airflow/.local/lib/python3.7/site-packages/airflow/example_dags/example_sla_dag.py for tasks to queue
[2022-09-07T16:24:06.897+0000] {logging_mixin.py:115} INFO - [2022-09-07T16:24:06.896+0000] {dagbag.py:508} INFO - Filling up the DagBag from /home/airflow/.local/lib/python3.7/site-packages/airflow/example_dags/example_sla_dag.py
[2022-09-07T16:24:06.909+0000] {processor.py:650} INFO - DAG(s) dict_keys(['example_sla_dag']) retrieved from /home/airflow/.local/lib/python3.7/site-packages/airflow/example_dags/example_sla_dag.py
[2022-09-07T16:24:06.926+0000] {logging_mixin.py:115} INFO - [2022-09-07T16:24:06.926+0000] {dag.py:2429} INFO - Sync 1 DAGs
[2022-09-07T16:24:06.942+0000] {logging_mixin.py:115} INFO - [2022-09-07T16:24:06.941+0000] {dag.py:2981} INFO - Setting next_dagrun for example_sla_dag to 2022-09-07T16:22:00+00:00, run_after=2022-09-07T16:24:00+00:00
[2022-09-07T16:24:06.951+0000] {processor.py:161} INFO - Processing /home/airflow/.local/lib/python3.7/site-packages/airflow/example_dags/example_sla_dag.py took 0.059 seconds
[2022-09-07T16:24:37.604+0000] {processor.py:153} INFO - Started process (PID=2956) to work on /home/airflow/.local/lib/python3.7/site-packages/airflow/example_dags/example_sla_dag.py
[2022-09-07T16:24:37.606+0000] {processor.py:640} INFO - Processing file /home/airflow/.local/lib/python3.7/site-packages/airflow/example_dags/example_sla_dag.py for tasks to queue
[2022-09-07T16:24:37.607+0000] {logging_mixin.py:115} INFO - [2022-09-07T16:24:37.607+0000] {dagbag.py:508} INFO - Filling up the DagBag from /home/airflow/.local/lib/python3.7/site-packages/airflow/example_dags/example_sla_dag.py
[2022-09-07T16:24:37.618+0000] {processor.py:650} INFO - DAG(s) dict_keys(['example_sla_dag']) retrieved from /home/airflow/.local/lib/python3.7/site-packages/airflow/example_dags/example_sla_dag.py
[2022-09-07T16:24:37.640+0000] {logging_mixin.py:115} INFO - [2022-09-07T16:24:37.640+0000] {dag.py:2429} INFO - Sync 1 DAGs
[2022-09-07T16:24:37.656+0000] {logging_mixin.py:115} INFO - [2022-09-07T16:24:37.656+0000] {dag.py:2981} INFO - Setting next_dagrun for example_sla_dag to 2022-09-07T16:22:00+00:00, run_after=2022-09-07T16:24:00+00:00
[2022-09-07T16:24:37.675+0000] {processor.py:161} INFO - Processing /home/airflow/.local/lib/python3.7/site-packages/airflow/example_dags/example_sla_dag.py took 0.073 seconds
[2022-09-07T16:25:08.022+0000] {processor.py:153} INFO - Started process (PID=3264) to work on /home/airflow/.local/lib/python3.7/site-packages/airflow/example_dags/example_sla_dag.py
[2022-09-07T16:25:08.024+0000] {processor.py:640} INFO - Processing file /home/airflow/.local/lib/python3.7/site-packages/airflow/example_dags/example_sla_dag.py for tasks to queue
[2022-09-07T16:25:08.025+0000] {logging_mixin.py:115} INFO - [2022-09-07T16:25:08.025+0000] {dagbag.py:508} INFO - Filling up the DagBag from /home/airflow/.local/lib/python3.7/site-packages/airflow/example_dags/example_sla_dag.py
[2022-09-07T16:25:08.044+0000] {processor.py:650} INFO - DAG(s) dict_keys(['example_sla_dag']) retrieved from /home/airflow/.local/lib/python3.7/site-packages/airflow/example_dags/example_sla_dag.py
[2022-09-07T16:25:08.073+0000] {logging_mixin.py:115} INFO - [2022-09-07T16:25:08.072+0000] {dag.py:2429} INFO - Sync 1 DAGs
[2022-09-07T16:25:08.095+0000] {logging_mixin.py:115} INFO - [2022-09-07T16:25:08.095+0000] {dag.py:2981} INFO - Setting next_dagrun for example_sla_dag to 2022-09-07T16:22:00+00:00, run_after=2022-09-07T16:24:00+00:00
[2022-09-07T16:25:08.110+0000] {processor.py:161} INFO - Processing /home/airflow/.local/lib/python3.7/site-packages/airflow/example_dags/example_sla_dag.py took 0.091 seconds
[2022-09-07T16:25:38.155+0000] {processor.py:153} INFO - Started process (PID=3325) to work on /home/airflow/.local/lib/python3.7/site-packages/airflow/example_dags/example_sla_dag.py
[2022-09-07T16:25:38.157+0000] {processor.py:640} INFO - Processing file /home/airflow/.local/lib/python3.7/site-packages/airflow/example_dags/example_sla_dag.py for tasks to queue
[2022-09-07T16:25:38.157+0000] {logging_mixin.py:115} INFO - [2022-09-07T16:25:38.157+0000] {dagbag.py:508} INFO - Filling up the DagBag from /home/airflow/.local/lib/python3.7/site-packages/airflow/example_dags/example_sla_dag.py
[2022-09-07T16:25:38.171+0000] {processor.py:650} INFO - DAG(s) dict_keys(['example_sla_dag']) retrieved from /home/airflow/.local/lib/python3.7/site-packages/airflow/example_dags/example_sla_dag.py
[2022-09-07T16:25:38.201+0000] {logging_mixin.py:115} INFO - [2022-09-07T16:25:38.200+0000] {dag.py:2429} INFO - Sync 1 DAGs
[2022-09-07T16:25:38.228+0000] {logging_mixin.py:115} INFO - [2022-09-07T16:25:38.228+0000] {dag.py:2981} INFO - Setting next_dagrun for example_sla_dag to 2022-09-07T16:22:00+00:00, run_after=2022-09-07T16:24:00+00:00
[2022-09-07T16:25:38.243+0000] {processor.py:161} INFO - Processing /home/airflow/.local/lib/python3.7/site-packages/airflow/example_dags/example_sla_dag.py took 0.091 seconds
[2022-09-07T16:26:08.344+0000] {processor.py:153} INFO - Started process (PID=3387) to work on /home/airflow/.local/lib/python3.7/site-packages/airflow/example_dags/example_sla_dag.py
[2022-09-07T16:26:08.346+0000] {processor.py:640} INFO - Processing file /home/airflow/.local/lib/python3.7/site-packages/airflow/example_dags/example_sla_dag.py for tasks to queue
[2022-09-07T16:26:08.347+0000] {logging_mixin.py:115} INFO - [2022-09-07T16:26:08.347+0000] {dagbag.py:508} INFO - Filling up the DagBag from /home/airflow/.local/lib/python3.7/site-packages/airflow/example_dags/example_sla_dag.py
[2022-09-07T16:26:08.359+0000] {processor.py:650} INFO - DAG(s) dict_keys(['example_sla_dag']) retrieved from /home/airflow/.local/lib/python3.7/site-packages/airflow/example_dags/example_sla_dag.py
[2022-09-07T16:26:08.377+0000] {logging_mixin.py:115} INFO - [2022-09-07T16:26:08.377+0000] {dag.py:2429} INFO - Sync 1 DAGs
[2022-09-07T16:26:08.394+0000] {logging_mixin.py:115} INFO - [2022-09-07T16:26:08.393+0000] {dag.py:2981} INFO - Setting next_dagrun for example_sla_dag to 2022-09-07T16:24:00+00:00, run_after=2022-09-07T16:26:00+00:00
[2022-09-07T16:26:08.405+0000] {processor.py:161} INFO - Processing /home/airflow/.local/lib/python3.7/site-packages/airflow/example_dags/example_sla_dag.py took 0.064 seconds
[2022-09-07T16:26:39.731+0000] {processor.py:153} INFO - Started process (PID=3439) to work on /home/airflow/.local/lib/python3.7/site-packages/airflow/example_dags/example_sla_dag.py
[2022-09-07T16:26:39.736+0000] {processor.py:640} INFO - Processing file /home/airflow/.local/lib/python3.7/site-packages/airflow/example_dags/example_sla_dag.py for tasks to queue
[2022-09-07T16:26:39.740+0000] {logging_mixin.py:115} INFO - [2022-09-07T16:26:39.739+0000] {dagbag.py:508} INFO - Filling up the DagBag from /home/airflow/.local/lib/python3.7/site-packages/airflow/example_dags/example_sla_dag.py
[2022-09-07T16:26:39.791+0000] {processor.py:650} INFO - DAG(s) dict_keys(['example_sla_dag']) retrieved from /home/airflow/.local/lib/python3.7/site-packages/airflow/example_dags/example_sla_dag.py
[2022-09-07T16:26:39.819+0000] {logging_mixin.py:115} INFO - [2022-09-07T16:26:39.819+0000] {dag.py:2429} INFO - Sync 1 DAGs
[2022-09-07T16:26:39.866+0000] {logging_mixin.py:115} INFO - [2022-09-07T16:26:39.866+0000] {dag.py:2981} INFO - Setting next_dagrun for example_sla_dag to 2022-09-07T16:24:00+00:00, run_after=2022-09-07T16:26:00+00:00
[2022-09-07T16:26:39.879+0000] {processor.py:161} INFO - Processing /home/airflow/.local/lib/python3.7/site-packages/airflow/example_dags/example_sla_dag.py took 0.151 seconds
[2022-09-07T16:27:10.740+0000] {processor.py:153} INFO - Started process (PID=3500) to work on /home/airflow/.local/lib/python3.7/site-packages/airflow/example_dags/example_sla_dag.py
[2022-09-07T16:27:10.742+0000] {processor.py:640} INFO - Processing file /home/airflow/.local/lib/python3.7/site-packages/airflow/example_dags/example_sla_dag.py for tasks to queue
[2022-09-07T16:27:10.743+0000] {logging_mixin.py:115} INFO - [2022-09-07T16:27:10.743+0000] {dagbag.py:508} INFO - Filling up the DagBag from /home/airflow/.local/lib/python3.7/site-packages/airflow/example_dags/example_sla_dag.py
[2022-09-07T16:27:10.755+0000] {processor.py:650} INFO - DAG(s) dict_keys(['example_sla_dag']) retrieved from /home/airflow/.local/lib/python3.7/site-packages/airflow/example_dags/example_sla_dag.py
[2022-09-07T16:27:10.775+0000] {logging_mixin.py:115} INFO - [2022-09-07T16:27:10.775+0000] {dag.py:2429} INFO - Sync 1 DAGs
[2022-09-07T16:27:10.792+0000] {logging_mixin.py:115} INFO - [2022-09-07T16:27:10.792+0000] {dag.py:2981} INFO - Setting next_dagrun for example_sla_dag to 2022-09-07T16:24:00+00:00, run_after=2022-09-07T16:26:00+00:00
[2022-09-07T16:27:10.802+0000] {processor.py:161} INFO - Processing /home/airflow/.local/lib/python3.7/site-packages/airflow/example_dags/example_sla_dag.py took 0.065 seconds
[2022-09-07T16:27:41.490+0000] {processor.py:153} INFO - Started process (PID=3562) to work on /home/airflow/.local/lib/python3.7/site-packages/airflow/example_dags/example_sla_dag.py
[2022-09-07T16:27:41.492+0000] {processor.py:640} INFO - Processing file /home/airflow/.local/lib/python3.7/site-packages/airflow/example_dags/example_sla_dag.py for tasks to queue
[2022-09-07T16:27:41.493+0000] {logging_mixin.py:115} INFO - [2022-09-07T16:27:41.493+0000] {dagbag.py:508} INFO - Filling up the DagBag from /home/airflow/.local/lib/python3.7/site-packages/airflow/example_dags/example_sla_dag.py
[2022-09-07T16:27:41.504+0000] {processor.py:650} INFO - DAG(s) dict_keys(['example_sla_dag']) retrieved from /home/airflow/.local/lib/python3.7/site-packages/airflow/example_dags/example_sla_dag.py
[2022-09-07T16:27:41.523+0000] {logging_mixin.py:115} INFO - [2022-09-07T16:27:41.523+0000] {dag.py:2429} INFO - Sync 1 DAGs
[2022-09-07T16:27:41.539+0000] {logging_mixin.py:115} INFO - [2022-09-07T16:27:41.539+0000] {dag.py:2981} INFO - Setting next_dagrun for example_sla_dag to 2022-09-07T16:24:00+00:00, run_after=2022-09-07T16:26:00+00:00
[2022-09-07T16:27:41.550+0000] {processor.py:161} INFO - Processing /home/airflow/.local/lib/python3.7/site-packages/airflow/example_dags/example_sla_dag.py took 0.063 seconds
[2022-09-07T16:28:12.179+0000] {processor.py:153} INFO - Started process (PID=3623) to work on /home/airflow/.local/lib/python3.7/site-packages/airflow/example_dags/example_sla_dag.py
[2022-09-07T16:28:12.181+0000] {processor.py:640} INFO - Processing file /home/airflow/.local/lib/python3.7/site-packages/airflow/example_dags/example_sla_dag.py for tasks to queue
[2022-09-07T16:28:12.182+0000] {logging_mixin.py:115} INFO - [2022-09-07T16:28:12.182+0000] {dagbag.py:508} INFO - Filling up the DagBag from /home/airflow/.local/lib/python3.7/site-packages/airflow/example_dags/example_sla_dag.py
[2022-09-07T16:28:12.193+0000] {processor.py:650} INFO - DAG(s) dict_keys(['example_sla_dag']) retrieved from /home/airflow/.local/lib/python3.7/site-packages/airflow/example_dags/example_sla_dag.py
[2022-09-07T16:28:12.211+0000] {logging_mixin.py:115} INFO - [2022-09-07T16:28:12.211+0000] {dag.py:2429} INFO - Sync 1 DAGs
[2022-09-07T16:28:12.226+0000] {logging_mixin.py:115} INFO - [2022-09-07T16:28:12.226+0000] {dag.py:2981} INFO - Setting next_dagrun for example_sla_dag to 2022-09-07T16:26:00+00:00, run_after=2022-09-07T16:28:00+00:00
[2022-09-07T16:28:12.239+0000] {processor.py:161} INFO - Processing /home/airflow/.local/lib/python3.7/site-packages/airflow/example_dags/example_sla_dag.py took 0.062 seconds
[2022-09-07T16:29:21.096+0000] {processor.py:153} INFO - Started process (PID=71) to work on /home/airflow/.local/lib/python3.7/site-packages/airflow/example_dags/example_sla_dag.py
[2022-09-07T16:29:21.098+0000] {processor.py:640} INFO - Processing file /home/airflow/.local/lib/python3.7/site-packages/airflow/example_dags/example_sla_dag.py for tasks to queue
[2022-09-07T16:29:21.100+0000] {logging_mixin.py:115} INFO - [2022-09-07T16:29:21.100+0000] {dagbag.py:508} INFO - Filling up the DagBag from /home/airflow/.local/lib/python3.7/site-packages/airflow/example_dags/example_sla_dag.py
[2022-09-07T16:29:21.133+0000] {processor.py:650} INFO - DAG(s) dict_keys(['example_sla_dag']) retrieved from /home/airflow/.local/lib/python3.7/site-packages/airflow/example_dags/example_sla_dag.py
[2022-09-07T16:29:21.191+0000] {logging_mixin.py:115} INFO - [2022-09-07T16:29:21.191+0000] {dag.py:2429} INFO - Sync 1 DAGs
[2022-09-07T16:29:21.232+0000] {logging_mixin.py:115} INFO - [2022-09-07T16:29:21.231+0000] {dag.py:2981} INFO - Setting next_dagrun for example_sla_dag to 2022-09-07T16:26:00+00:00, run_after=2022-09-07T16:28:00+00:00
[2022-09-07T16:29:21.248+0000] {processor.py:161} INFO - Processing /home/airflow/.local/lib/python3.7/site-packages/airflow/example_dags/example_sla_dag.py took 0.155 seconds
[2022-09-07T16:29:51.335+0000] {processor.py:153} INFO - Started process (PID=123) to work on /home/airflow/.local/lib/python3.7/site-packages/airflow/example_dags/example_sla_dag.py
[2022-09-07T16:29:51.340+0000] {processor.py:640} INFO - Processing file /home/airflow/.local/lib/python3.7/site-packages/airflow/example_dags/example_sla_dag.py for tasks to queue
[2022-09-07T16:29:51.342+0000] {logging_mixin.py:115} INFO - [2022-09-07T16:29:51.342+0000] {dagbag.py:508} INFO - Filling up the DagBag from /home/airflow/.local/lib/python3.7/site-packages/airflow/example_dags/example_sla_dag.py
[2022-09-07T16:29:51.368+0000] {processor.py:650} INFO - DAG(s) dict_keys(['example_sla_dag']) retrieved from /home/airflow/.local/lib/python3.7/site-packages/airflow/example_dags/example_sla_dag.py
[2022-09-07T16:29:51.389+0000] {logging_mixin.py:115} INFO - [2022-09-07T16:29:51.389+0000] {dag.py:2429} INFO - Sync 1 DAGs
[2022-09-07T16:29:51.417+0000] {logging_mixin.py:115} INFO - [2022-09-07T16:29:51.417+0000] {dag.py:2981} INFO - Setting next_dagrun for example_sla_dag to 2022-09-07T16:26:00+00:00, run_after=2022-09-07T16:28:00+00:00
[2022-09-07T16:29:51.432+0000] {processor.py:161} INFO - Processing /home/airflow/.local/lib/python3.7/site-packages/airflow/example_dags/example_sla_dag.py took 0.102 seconds
[2022-09-07T16:30:21.491+0000] {processor.py:153} INFO - Started process (PID=183) to work on /home/airflow/.local/lib/python3.7/site-packages/airflow/example_dags/example_sla_dag.py
[2022-09-07T16:30:21.493+0000] {processor.py:640} INFO - Processing file /home/airflow/.local/lib/python3.7/site-packages/airflow/example_dags/example_sla_dag.py for tasks to queue
[2022-09-07T16:30:21.497+0000] {logging_mixin.py:115} INFO - [2022-09-07T16:30:21.497+0000] {dagbag.py:508} INFO - Filling up the DagBag from /home/airflow/.local/lib/python3.7/site-packages/airflow/example_dags/example_sla_dag.py
[2022-09-07T16:30:21.510+0000] {processor.py:650} INFO - DAG(s) dict_keys(['example_sla_dag']) retrieved from /home/airflow/.local/lib/python3.7/site-packages/airflow/example_dags/example_sla_dag.py
[2022-09-07T16:30:21.538+0000] {logging_mixin.py:115} INFO - [2022-09-07T16:30:21.538+0000] {dag.py:2429} INFO - Sync 1 DAGs
[2022-09-07T16:30:21.556+0000] {logging_mixin.py:115} INFO - [2022-09-07T16:30:21.556+0000] {dag.py:2981} INFO - Setting next_dagrun for example_sla_dag to 2022-09-07T16:28:00+00:00, run_after=2022-09-07T16:30:00+00:00
[2022-09-07T16:30:21.567+0000] {processor.py:161} INFO - Processing /home/airflow/.local/lib/python3.7/site-packages/airflow/example_dags/example_sla_dag.py took 0.078 seconds
[2022-09-07T16:30:52.413+0000] {processor.py:153} INFO - Started process (PID=244) to work on /home/airflow/.local/lib/python3.7/site-packages/airflow/example_dags/example_sla_dag.py
[2022-09-07T16:30:52.415+0000] {processor.py:640} INFO - Processing file /home/airflow/.local/lib/python3.7/site-packages/airflow/example_dags/example_sla_dag.py for tasks to queue
[2022-09-07T16:30:52.417+0000] {logging_mixin.py:115} INFO - [2022-09-07T16:30:52.416+0000] {dagbag.py:508} INFO - Filling up the DagBag from /home/airflow/.local/lib/python3.7/site-packages/airflow/example_dags/example_sla_dag.py
[2022-09-07T16:30:52.428+0000] {processor.py:650} INFO - DAG(s) dict_keys(['example_sla_dag']) retrieved from /home/airflow/.local/lib/python3.7/site-packages/airflow/example_dags/example_sla_dag.py
[2022-09-07T16:30:52.446+0000] {logging_mixin.py:115} INFO - [2022-09-07T16:30:52.446+0000] {dag.py:2429} INFO - Sync 1 DAGs
[2022-09-07T16:30:52.462+0000] {logging_mixin.py:115} INFO - [2022-09-07T16:30:52.462+0000] {dag.py:2981} INFO - Setting next_dagrun for example_sla_dag to 2022-09-07T16:28:00+00:00, run_after=2022-09-07T16:30:00+00:00
[2022-09-07T16:30:52.471+0000] {processor.py:161} INFO - Processing /home/airflow/.local/lib/python3.7/site-packages/airflow/example_dags/example_sla_dag.py took 0.061 seconds
[2022-09-07T16:31:23.064+0000] {processor.py:153} INFO - Started process (PID=305) to work on /home/airflow/.local/lib/python3.7/site-packages/airflow/example_dags/example_sla_dag.py
[2022-09-07T16:31:23.066+0000] {processor.py:640} INFO - Processing file /home/airflow/.local/lib/python3.7/site-packages/airflow/example_dags/example_sla_dag.py for tasks to queue
[2022-09-07T16:31:23.067+0000] {logging_mixin.py:115} INFO - [2022-09-07T16:31:23.067+0000] {dagbag.py:508} INFO - Filling up the DagBag from /home/airflow/.local/lib/python3.7/site-packages/airflow/example_dags/example_sla_dag.py
[2022-09-07T16:31:23.081+0000] {processor.py:650} INFO - DAG(s) dict_keys(['example_sla_dag']) retrieved from /home/airflow/.local/lib/python3.7/site-packages/airflow/example_dags/example_sla_dag.py
[2022-09-07T16:31:23.099+0000] {logging_mixin.py:115} INFO - [2022-09-07T16:31:23.099+0000] {dag.py:2429} INFO - Sync 1 DAGs
[2022-09-07T16:31:23.114+0000] {logging_mixin.py:115} INFO - [2022-09-07T16:31:23.114+0000] {dag.py:2981} INFO - Setting next_dagrun for example_sla_dag to 2022-09-07T16:28:00+00:00, run_after=2022-09-07T16:30:00+00:00
[2022-09-07T16:31:23.124+0000] {processor.py:161} INFO - Processing /home/airflow/.local/lib/python3.7/site-packages/airflow/example_dags/example_sla_dag.py took 0.062 seconds
[2022-09-07T17:23:42.146+0000] {processor.py:153} INFO - Started process (PID=71) to work on /home/airflow/.local/lib/python3.7/site-packages/airflow/example_dags/example_sla_dag.py
[2022-09-07T17:23:42.149+0000] {processor.py:640} INFO - Processing file /home/airflow/.local/lib/python3.7/site-packages/airflow/example_dags/example_sla_dag.py for tasks to queue
[2022-09-07T17:23:42.153+0000] {logging_mixin.py:115} INFO - [2022-09-07T17:23:42.152+0000] {dagbag.py:508} INFO - Filling up the DagBag from /home/airflow/.local/lib/python3.7/site-packages/airflow/example_dags/example_sla_dag.py
[2022-09-07T17:23:42.260+0000] {processor.py:650} INFO - DAG(s) dict_keys(['example_sla_dag']) retrieved from /home/airflow/.local/lib/python3.7/site-packages/airflow/example_dags/example_sla_dag.py
[2022-09-07T17:23:42.344+0000] {logging_mixin.py:115} INFO - [2022-09-07T17:23:42.344+0000] {dag.py:2429} INFO - Sync 1 DAGs
[2022-09-07T17:23:42.425+0000] {logging_mixin.py:115} INFO - [2022-09-07T17:23:42.425+0000] {dag.py:2981} INFO - Setting next_dagrun for example_sla_dag to 2022-09-07T17:20:00+00:00, run_after=2022-09-07T17:22:00+00:00
[2022-09-07T17:23:42.478+0000] {processor.py:161} INFO - Processing /home/airflow/.local/lib/python3.7/site-packages/airflow/example_dags/example_sla_dag.py took 0.335 seconds
[2022-09-07T17:24:12.647+0000] {processor.py:153} INFO - Started process (PID=122) to work on /home/airflow/.local/lib/python3.7/site-packages/airflow/example_dags/example_sla_dag.py
[2022-09-07T17:24:12.648+0000] {processor.py:640} INFO - Processing file /home/airflow/.local/lib/python3.7/site-packages/airflow/example_dags/example_sla_dag.py for tasks to queue
[2022-09-07T17:24:12.650+0000] {logging_mixin.py:115} INFO - [2022-09-07T17:24:12.649+0000] {dagbag.py:508} INFO - Filling up the DagBag from /home/airflow/.local/lib/python3.7/site-packages/airflow/example_dags/example_sla_dag.py
[2022-09-07T17:24:12.660+0000] {processor.py:650} INFO - DAG(s) dict_keys(['example_sla_dag']) retrieved from /home/airflow/.local/lib/python3.7/site-packages/airflow/example_dags/example_sla_dag.py
[2022-09-07T17:24:12.678+0000] {logging_mixin.py:115} INFO - [2022-09-07T17:24:12.677+0000] {dag.py:2429} INFO - Sync 1 DAGs
[2022-09-07T17:24:12.694+0000] {logging_mixin.py:115} INFO - [2022-09-07T17:24:12.693+0000] {dag.py:2981} INFO - Setting next_dagrun for example_sla_dag to 2022-09-07T17:22:00+00:00, run_after=2022-09-07T17:24:00+00:00
[2022-09-07T17:24:12.703+0000] {processor.py:161} INFO - Processing /home/airflow/.local/lib/python3.7/site-packages/airflow/example_dags/example_sla_dag.py took 0.059 seconds
[2022-09-07T17:24:43.551+0000] {processor.py:153} INFO - Started process (PID=182) to work on /home/airflow/.local/lib/python3.7/site-packages/airflow/example_dags/example_sla_dag.py
[2022-09-07T17:24:43.553+0000] {processor.py:640} INFO - Processing file /home/airflow/.local/lib/python3.7/site-packages/airflow/example_dags/example_sla_dag.py for tasks to queue
[2022-09-07T17:24:43.555+0000] {logging_mixin.py:115} INFO - [2022-09-07T17:24:43.555+0000] {dagbag.py:508} INFO - Filling up the DagBag from /home/airflow/.local/lib/python3.7/site-packages/airflow/example_dags/example_sla_dag.py
[2022-09-07T17:24:43.567+0000] {processor.py:650} INFO - DAG(s) dict_keys(['example_sla_dag']) retrieved from /home/airflow/.local/lib/python3.7/site-packages/airflow/example_dags/example_sla_dag.py
[2022-09-07T17:24:43.588+0000] {logging_mixin.py:115} INFO - [2022-09-07T17:24:43.588+0000] {dag.py:2429} INFO - Sync 1 DAGs
[2022-09-07T17:24:43.605+0000] {logging_mixin.py:115} INFO - [2022-09-07T17:24:43.605+0000] {dag.py:2981} INFO - Setting next_dagrun for example_sla_dag to 2022-09-07T17:22:00+00:00, run_after=2022-09-07T17:24:00+00:00
[2022-09-07T17:24:43.615+0000] {processor.py:161} INFO - Processing /home/airflow/.local/lib/python3.7/site-packages/airflow/example_dags/example_sla_dag.py took 0.067 seconds
