[2022-09-07T07:55:34.769+0000] {processor.py:153} INFO - Started process (PID=59) to work on /home/airflow/.local/lib/python3.7/site-packages/airflow/example_dags/example_bash_operator.py
[2022-09-07T07:55:34.775+0000] {processor.py:640} INFO - Processing file /home/airflow/.local/lib/python3.7/site-packages/airflow/example_dags/example_bash_operator.py for tasks to queue
[2022-09-07T07:55:34.776+0000] {logging_mixin.py:115} INFO - [2022-09-07T07:55:34.776+0000] {dagbag.py:508} INFO - Filling up the DagBag from /home/airflow/.local/lib/python3.7/site-packages/airflow/example_dags/example_bash_operator.py
[2022-09-07T07:55:34.802+0000] {processor.py:650} INFO - DAG(s) dict_keys(['example_bash_operator']) retrieved from /home/airflow/.local/lib/python3.7/site-packages/airflow/example_dags/example_bash_operator.py
[2022-09-07T07:55:34.928+0000] {logging_mixin.py:115} INFO - [2022-09-07T07:55:34.928+0000] {manager.py:508} INFO - Created Permission View: can delete on DAG:example_bash_operator
[2022-09-07T07:55:34.938+0000] {logging_mixin.py:115} INFO - [2022-09-07T07:55:34.937+0000] {manager.py:508} INFO - Created Permission View: can read on DAG:example_bash_operator
[2022-09-07T07:55:34.946+0000] {logging_mixin.py:115} INFO - [2022-09-07T07:55:34.946+0000] {manager.py:508} INFO - Created Permission View: can edit on DAG:example_bash_operator
[2022-09-07T07:55:34.949+0000] {logging_mixin.py:115} INFO - [2022-09-07T07:55:34.949+0000] {dag.py:2429} INFO - Sync 1 DAGs
[2022-09-07T07:55:34.956+0000] {logging_mixin.py:115} INFO - [2022-09-07T07:55:34.956+0000] {dag.py:2448} INFO - Creating ORM DAG for example_bash_operator
[2022-09-07T07:55:34.973+0000] {logging_mixin.py:115} INFO - [2022-09-07T07:55:34.972+0000] {dag.py:2981} INFO - Setting next_dagrun for example_bash_operator to 2022-09-06T00:00:00+00:00, run_after=2022-09-07T00:00:00+00:00
[2022-09-07T07:55:34.989+0000] {processor.py:161} INFO - Processing /home/airflow/.local/lib/python3.7/site-packages/airflow/example_dags/example_bash_operator.py took 0.225 seconds
[2022-09-07T07:56:05.288+0000] {processor.py:153} INFO - Started process (PID=120) to work on /home/airflow/.local/lib/python3.7/site-packages/airflow/example_dags/example_bash_operator.py
[2022-09-07T07:56:05.289+0000] {processor.py:640} INFO - Processing file /home/airflow/.local/lib/python3.7/site-packages/airflow/example_dags/example_bash_operator.py for tasks to queue
[2022-09-07T07:56:05.290+0000] {logging_mixin.py:115} INFO - [2022-09-07T07:56:05.290+0000] {dagbag.py:508} INFO - Filling up the DagBag from /home/airflow/.local/lib/python3.7/site-packages/airflow/example_dags/example_bash_operator.py
[2022-09-07T07:56:05.299+0000] {processor.py:650} INFO - DAG(s) dict_keys(['example_bash_operator']) retrieved from /home/airflow/.local/lib/python3.7/site-packages/airflow/example_dags/example_bash_operator.py
[2022-09-07T07:56:05.323+0000] {logging_mixin.py:115} INFO - [2022-09-07T07:56:05.323+0000] {dag.py:2429} INFO - Sync 1 DAGs
[2022-09-07T07:56:05.337+0000] {logging_mixin.py:115} INFO - [2022-09-07T07:56:05.337+0000] {dag.py:2981} INFO - Setting next_dagrun for example_bash_operator to 2022-09-06T00:00:00+00:00, run_after=2022-09-07T00:00:00+00:00
[2022-09-07T07:56:05.346+0000] {processor.py:161} INFO - Processing /home/airflow/.local/lib/python3.7/site-packages/airflow/example_dags/example_bash_operator.py took 0.061 seconds
[2022-09-07T07:56:36.157+0000] {processor.py:153} INFO - Started process (PID=181) to work on /home/airflow/.local/lib/python3.7/site-packages/airflow/example_dags/example_bash_operator.py
[2022-09-07T07:56:36.159+0000] {processor.py:640} INFO - Processing file /home/airflow/.local/lib/python3.7/site-packages/airflow/example_dags/example_bash_operator.py for tasks to queue
[2022-09-07T07:56:36.160+0000] {logging_mixin.py:115} INFO - [2022-09-07T07:56:36.160+0000] {dagbag.py:508} INFO - Filling up the DagBag from /home/airflow/.local/lib/python3.7/site-packages/airflow/example_dags/example_bash_operator.py
[2022-09-07T07:56:36.168+0000] {processor.py:650} INFO - DAG(s) dict_keys(['example_bash_operator']) retrieved from /home/airflow/.local/lib/python3.7/site-packages/airflow/example_dags/example_bash_operator.py
[2022-09-07T07:56:36.191+0000] {logging_mixin.py:115} INFO - [2022-09-07T07:56:36.191+0000] {dag.py:2429} INFO - Sync 1 DAGs
[2022-09-07T07:56:36.204+0000] {logging_mixin.py:115} INFO - [2022-09-07T07:56:36.204+0000] {dag.py:2981} INFO - Setting next_dagrun for example_bash_operator to 2022-09-06T00:00:00+00:00, run_after=2022-09-07T00:00:00+00:00
[2022-09-07T07:56:36.211+0000] {processor.py:161} INFO - Processing /home/airflow/.local/lib/python3.7/site-packages/airflow/example_dags/example_bash_operator.py took 0.057 seconds
[2022-09-07T07:57:06.672+0000] {processor.py:153} INFO - Started process (PID=242) to work on /home/airflow/.local/lib/python3.7/site-packages/airflow/example_dags/example_bash_operator.py
[2022-09-07T07:57:06.674+0000] {processor.py:640} INFO - Processing file /home/airflow/.local/lib/python3.7/site-packages/airflow/example_dags/example_bash_operator.py for tasks to queue
[2022-09-07T07:57:06.675+0000] {logging_mixin.py:115} INFO - [2022-09-07T07:57:06.675+0000] {dagbag.py:508} INFO - Filling up the DagBag from /home/airflow/.local/lib/python3.7/site-packages/airflow/example_dags/example_bash_operator.py
[2022-09-07T07:57:06.683+0000] {processor.py:650} INFO - DAG(s) dict_keys(['example_bash_operator']) retrieved from /home/airflow/.local/lib/python3.7/site-packages/airflow/example_dags/example_bash_operator.py
[2022-09-07T07:57:06.703+0000] {logging_mixin.py:115} INFO - [2022-09-07T07:57:06.703+0000] {dag.py:2429} INFO - Sync 1 DAGs
[2022-09-07T07:57:06.716+0000] {logging_mixin.py:115} INFO - [2022-09-07T07:57:06.716+0000] {dag.py:2981} INFO - Setting next_dagrun for example_bash_operator to 2022-09-06T00:00:00+00:00, run_after=2022-09-07T00:00:00+00:00
[2022-09-07T07:57:06.726+0000] {processor.py:161} INFO - Processing /home/airflow/.local/lib/python3.7/site-packages/airflow/example_dags/example_bash_operator.py took 0.056 seconds
[2022-09-07T07:57:37.322+0000] {processor.py:153} INFO - Started process (PID=303) to work on /home/airflow/.local/lib/python3.7/site-packages/airflow/example_dags/example_bash_operator.py
[2022-09-07T07:57:37.324+0000] {processor.py:640} INFO - Processing file /home/airflow/.local/lib/python3.7/site-packages/airflow/example_dags/example_bash_operator.py for tasks to queue
[2022-09-07T07:57:37.326+0000] {logging_mixin.py:115} INFO - [2022-09-07T07:57:37.326+0000] {dagbag.py:508} INFO - Filling up the DagBag from /home/airflow/.local/lib/python3.7/site-packages/airflow/example_dags/example_bash_operator.py
[2022-09-07T07:57:37.334+0000] {processor.py:650} INFO - DAG(s) dict_keys(['example_bash_operator']) retrieved from /home/airflow/.local/lib/python3.7/site-packages/airflow/example_dags/example_bash_operator.py
[2022-09-07T07:57:37.355+0000] {logging_mixin.py:115} INFO - [2022-09-07T07:57:37.355+0000] {dag.py:2429} INFO - Sync 1 DAGs
[2022-09-07T07:57:37.368+0000] {logging_mixin.py:115} INFO - [2022-09-07T07:57:37.368+0000] {dag.py:2981} INFO - Setting next_dagrun for example_bash_operator to 2022-09-06T00:00:00+00:00, run_after=2022-09-07T00:00:00+00:00
[2022-09-07T07:57:37.376+0000] {processor.py:161} INFO - Processing /home/airflow/.local/lib/python3.7/site-packages/airflow/example_dags/example_bash_operator.py took 0.056 seconds
[2022-09-07T07:58:08.331+0000] {processor.py:153} INFO - Started process (PID=363) to work on /home/airflow/.local/lib/python3.7/site-packages/airflow/example_dags/example_bash_operator.py
[2022-09-07T07:58:08.334+0000] {processor.py:640} INFO - Processing file /home/airflow/.local/lib/python3.7/site-packages/airflow/example_dags/example_bash_operator.py for tasks to queue
[2022-09-07T07:58:08.336+0000] {logging_mixin.py:115} INFO - [2022-09-07T07:58:08.336+0000] {dagbag.py:508} INFO - Filling up the DagBag from /home/airflow/.local/lib/python3.7/site-packages/airflow/example_dags/example_bash_operator.py
[2022-09-07T07:58:08.350+0000] {processor.py:650} INFO - DAG(s) dict_keys(['example_bash_operator']) retrieved from /home/airflow/.local/lib/python3.7/site-packages/airflow/example_dags/example_bash_operator.py
[2022-09-07T07:58:08.385+0000] {logging_mixin.py:115} INFO - [2022-09-07T07:58:08.384+0000] {dag.py:2429} INFO - Sync 1 DAGs
[2022-09-07T07:58:08.405+0000] {logging_mixin.py:115} INFO - [2022-09-07T07:58:08.405+0000] {dag.py:2981} INFO - Setting next_dagrun for example_bash_operator to 2022-09-06T00:00:00+00:00, run_after=2022-09-07T00:00:00+00:00
[2022-09-07T07:58:08.413+0000] {processor.py:161} INFO - Processing /home/airflow/.local/lib/python3.7/site-packages/airflow/example_dags/example_bash_operator.py took 0.089 seconds
[2022-09-07T07:58:38.472+0000] {processor.py:153} INFO - Started process (PID=414) to work on /home/airflow/.local/lib/python3.7/site-packages/airflow/example_dags/example_bash_operator.py
[2022-09-07T07:58:38.474+0000] {processor.py:640} INFO - Processing file /home/airflow/.local/lib/python3.7/site-packages/airflow/example_dags/example_bash_operator.py for tasks to queue
[2022-09-07T07:58:38.475+0000] {logging_mixin.py:115} INFO - [2022-09-07T07:58:38.475+0000] {dagbag.py:508} INFO - Filling up the DagBag from /home/airflow/.local/lib/python3.7/site-packages/airflow/example_dags/example_bash_operator.py
[2022-09-07T07:58:38.483+0000] {processor.py:650} INFO - DAG(s) dict_keys(['example_bash_operator']) retrieved from /home/airflow/.local/lib/python3.7/site-packages/airflow/example_dags/example_bash_operator.py
[2022-09-07T07:58:38.503+0000] {logging_mixin.py:115} INFO - [2022-09-07T07:58:38.503+0000] {dag.py:2429} INFO - Sync 1 DAGs
[2022-09-07T07:58:38.516+0000] {logging_mixin.py:115} INFO - [2022-09-07T07:58:38.516+0000] {dag.py:2981} INFO - Setting next_dagrun for example_bash_operator to 2022-09-06T00:00:00+00:00, run_after=2022-09-07T00:00:00+00:00
[2022-09-07T07:58:38.524+0000] {processor.py:161} INFO - Processing /home/airflow/.local/lib/python3.7/site-packages/airflow/example_dags/example_bash_operator.py took 0.054 seconds
[2022-09-07T07:59:09.381+0000] {processor.py:153} INFO - Started process (PID=475) to work on /home/airflow/.local/lib/python3.7/site-packages/airflow/example_dags/example_bash_operator.py
[2022-09-07T07:59:09.383+0000] {processor.py:640} INFO - Processing file /home/airflow/.local/lib/python3.7/site-packages/airflow/example_dags/example_bash_operator.py for tasks to queue
[2022-09-07T07:59:09.384+0000] {logging_mixin.py:115} INFO - [2022-09-07T07:59:09.384+0000] {dagbag.py:508} INFO - Filling up the DagBag from /home/airflow/.local/lib/python3.7/site-packages/airflow/example_dags/example_bash_operator.py
[2022-09-07T07:59:09.393+0000] {processor.py:650} INFO - DAG(s) dict_keys(['example_bash_operator']) retrieved from /home/airflow/.local/lib/python3.7/site-packages/airflow/example_dags/example_bash_operator.py
[2022-09-07T07:59:09.418+0000] {logging_mixin.py:115} INFO - [2022-09-07T07:59:09.418+0000] {dag.py:2429} INFO - Sync 1 DAGs
[2022-09-07T07:59:09.449+0000] {logging_mixin.py:115} INFO - [2022-09-07T07:59:09.449+0000] {dag.py:2981} INFO - Setting next_dagrun for example_bash_operator to 2022-09-06T00:00:00+00:00, run_after=2022-09-07T00:00:00+00:00
[2022-09-07T07:59:09.457+0000] {processor.py:161} INFO - Processing /home/airflow/.local/lib/python3.7/site-packages/airflow/example_dags/example_bash_operator.py took 0.079 seconds
[2022-09-07T07:59:40.208+0000] {processor.py:153} INFO - Started process (PID=535) to work on /home/airflow/.local/lib/python3.7/site-packages/airflow/example_dags/example_bash_operator.py
[2022-09-07T07:59:40.209+0000] {processor.py:640} INFO - Processing file /home/airflow/.local/lib/python3.7/site-packages/airflow/example_dags/example_bash_operator.py for tasks to queue
[2022-09-07T07:59:40.210+0000] {logging_mixin.py:115} INFO - [2022-09-07T07:59:40.210+0000] {dagbag.py:508} INFO - Filling up the DagBag from /home/airflow/.local/lib/python3.7/site-packages/airflow/example_dags/example_bash_operator.py
[2022-09-07T07:59:40.218+0000] {processor.py:650} INFO - DAG(s) dict_keys(['example_bash_operator']) retrieved from /home/airflow/.local/lib/python3.7/site-packages/airflow/example_dags/example_bash_operator.py
[2022-09-07T07:59:40.243+0000] {logging_mixin.py:115} INFO - [2022-09-07T07:59:40.243+0000] {dag.py:2429} INFO - Sync 1 DAGs
[2022-09-07T07:59:40.257+0000] {logging_mixin.py:115} INFO - [2022-09-07T07:59:40.257+0000] {dag.py:2981} INFO - Setting next_dagrun for example_bash_operator to 2022-09-06T00:00:00+00:00, run_after=2022-09-07T00:00:00+00:00
[2022-09-07T07:59:40.265+0000] {processor.py:161} INFO - Processing /home/airflow/.local/lib/python3.7/site-packages/airflow/example_dags/example_bash_operator.py took 0.060 seconds
[2022-09-07T08:00:11.138+0000] {processor.py:153} INFO - Started process (PID=596) to work on /home/airflow/.local/lib/python3.7/site-packages/airflow/example_dags/example_bash_operator.py
[2022-09-07T08:00:11.140+0000] {processor.py:640} INFO - Processing file /home/airflow/.local/lib/python3.7/site-packages/airflow/example_dags/example_bash_operator.py for tasks to queue
[2022-09-07T08:00:11.141+0000] {logging_mixin.py:115} INFO - [2022-09-07T08:00:11.141+0000] {dagbag.py:508} INFO - Filling up the DagBag from /home/airflow/.local/lib/python3.7/site-packages/airflow/example_dags/example_bash_operator.py
[2022-09-07T08:00:11.149+0000] {processor.py:650} INFO - DAG(s) dict_keys(['example_bash_operator']) retrieved from /home/airflow/.local/lib/python3.7/site-packages/airflow/example_dags/example_bash_operator.py
[2022-09-07T08:00:11.169+0000] {logging_mixin.py:115} INFO - [2022-09-07T08:00:11.169+0000] {dag.py:2429} INFO - Sync 1 DAGs
[2022-09-07T08:00:11.182+0000] {logging_mixin.py:115} INFO - [2022-09-07T08:00:11.182+0000] {dag.py:2981} INFO - Setting next_dagrun for example_bash_operator to 2022-09-06T00:00:00+00:00, run_after=2022-09-07T00:00:00+00:00
[2022-09-07T08:00:11.190+0000] {processor.py:161} INFO - Processing /home/airflow/.local/lib/python3.7/site-packages/airflow/example_dags/example_bash_operator.py took 0.054 seconds
[2022-09-07T08:00:41.994+0000] {processor.py:153} INFO - Started process (PID=972) to work on /home/airflow/.local/lib/python3.7/site-packages/airflow/example_dags/example_bash_operator.py
[2022-09-07T08:00:41.995+0000] {processor.py:640} INFO - Processing file /home/airflow/.local/lib/python3.7/site-packages/airflow/example_dags/example_bash_operator.py for tasks to queue
[2022-09-07T08:00:41.998+0000] {logging_mixin.py:115} INFO - [2022-09-07T08:00:41.997+0000] {dagbag.py:508} INFO - Filling up the DagBag from /home/airflow/.local/lib/python3.7/site-packages/airflow/example_dags/example_bash_operator.py
[2022-09-07T08:00:42.006+0000] {processor.py:650} INFO - DAG(s) dict_keys(['example_bash_operator']) retrieved from /home/airflow/.local/lib/python3.7/site-packages/airflow/example_dags/example_bash_operator.py
[2022-09-07T08:00:42.027+0000] {logging_mixin.py:115} INFO - [2022-09-07T08:00:42.027+0000] {dag.py:2429} INFO - Sync 1 DAGs
[2022-09-07T08:00:42.041+0000] {logging_mixin.py:115} INFO - [2022-09-07T08:00:42.041+0000] {dag.py:2981} INFO - Setting next_dagrun for example_bash_operator to 2022-09-06T00:00:00+00:00, run_after=2022-09-07T00:00:00+00:00
[2022-09-07T08:00:42.050+0000] {processor.py:161} INFO - Processing /home/airflow/.local/lib/python3.7/site-packages/airflow/example_dags/example_bash_operator.py took 0.058 seconds
[2022-09-07T08:01:12.707+0000] {processor.py:153} INFO - Started process (PID=2116) to work on /home/airflow/.local/lib/python3.7/site-packages/airflow/example_dags/example_bash_operator.py
[2022-09-07T08:01:12.710+0000] {processor.py:640} INFO - Processing file /home/airflow/.local/lib/python3.7/site-packages/airflow/example_dags/example_bash_operator.py for tasks to queue
[2022-09-07T08:01:12.711+0000] {logging_mixin.py:115} INFO - [2022-09-07T08:01:12.711+0000] {dagbag.py:508} INFO - Filling up the DagBag from /home/airflow/.local/lib/python3.7/site-packages/airflow/example_dags/example_bash_operator.py
[2022-09-07T08:01:12.724+0000] {processor.py:650} INFO - DAG(s) dict_keys(['example_bash_operator']) retrieved from /home/airflow/.local/lib/python3.7/site-packages/airflow/example_dags/example_bash_operator.py
[2022-09-07T08:01:12.760+0000] {logging_mixin.py:115} INFO - [2022-09-07T08:01:12.760+0000] {dag.py:2429} INFO - Sync 1 DAGs
[2022-09-07T08:01:12.778+0000] {logging_mixin.py:115} INFO - [2022-09-07T08:01:12.778+0000] {dag.py:2981} INFO - Setting next_dagrun for example_bash_operator to 2022-09-06T00:00:00+00:00, run_after=2022-09-07T00:00:00+00:00
[2022-09-07T08:01:12.790+0000] {processor.py:161} INFO - Processing /home/airflow/.local/lib/python3.7/site-packages/airflow/example_dags/example_bash_operator.py took 0.086 seconds
[2022-09-07T08:01:43.551+0000] {processor.py:153} INFO - Started process (PID=2348) to work on /home/airflow/.local/lib/python3.7/site-packages/airflow/example_dags/example_bash_operator.py
[2022-09-07T08:01:43.552+0000] {processor.py:640} INFO - Processing file /home/airflow/.local/lib/python3.7/site-packages/airflow/example_dags/example_bash_operator.py for tasks to queue
[2022-09-07T08:01:43.554+0000] {logging_mixin.py:115} INFO - [2022-09-07T08:01:43.554+0000] {dagbag.py:508} INFO - Filling up the DagBag from /home/airflow/.local/lib/python3.7/site-packages/airflow/example_dags/example_bash_operator.py
[2022-09-07T08:01:43.562+0000] {processor.py:650} INFO - DAG(s) dict_keys(['example_bash_operator']) retrieved from /home/airflow/.local/lib/python3.7/site-packages/airflow/example_dags/example_bash_operator.py
[2022-09-07T08:01:43.586+0000] {logging_mixin.py:115} INFO - [2022-09-07T08:01:43.586+0000] {dag.py:2429} INFO - Sync 1 DAGs
[2022-09-07T08:01:43.606+0000] {logging_mixin.py:115} INFO - [2022-09-07T08:01:43.606+0000] {dag.py:2981} INFO - Setting next_dagrun for example_bash_operator to 2022-09-06T00:00:00+00:00, run_after=2022-09-07T00:00:00+00:00
[2022-09-07T08:01:43.616+0000] {processor.py:161} INFO - Processing /home/airflow/.local/lib/python3.7/site-packages/airflow/example_dags/example_bash_operator.py took 0.068 seconds
[2022-09-07T08:02:14.289+0000] {processor.py:153} INFO - Started process (PID=2410) to work on /home/airflow/.local/lib/python3.7/site-packages/airflow/example_dags/example_bash_operator.py
[2022-09-07T08:02:14.291+0000] {processor.py:640} INFO - Processing file /home/airflow/.local/lib/python3.7/site-packages/airflow/example_dags/example_bash_operator.py for tasks to queue
[2022-09-07T08:02:14.292+0000] {logging_mixin.py:115} INFO - [2022-09-07T08:02:14.292+0000] {dagbag.py:508} INFO - Filling up the DagBag from /home/airflow/.local/lib/python3.7/site-packages/airflow/example_dags/example_bash_operator.py
[2022-09-07T08:02:14.299+0000] {processor.py:650} INFO - DAG(s) dict_keys(['example_bash_operator']) retrieved from /home/airflow/.local/lib/python3.7/site-packages/airflow/example_dags/example_bash_operator.py
[2022-09-07T08:02:14.322+0000] {logging_mixin.py:115} INFO - [2022-09-07T08:02:14.322+0000] {dag.py:2429} INFO - Sync 1 DAGs
[2022-09-07T08:02:14.337+0000] {logging_mixin.py:115} INFO - [2022-09-07T08:02:14.336+0000] {dag.py:2981} INFO - Setting next_dagrun for example_bash_operator to 2022-09-06T00:00:00+00:00, run_after=2022-09-07T00:00:00+00:00
[2022-09-07T08:02:14.345+0000] {processor.py:161} INFO - Processing /home/airflow/.local/lib/python3.7/site-packages/airflow/example_dags/example_bash_operator.py took 0.058 seconds
[2022-09-07T08:02:45.168+0000] {processor.py:153} INFO - Started process (PID=2470) to work on /home/airflow/.local/lib/python3.7/site-packages/airflow/example_dags/example_bash_operator.py
[2022-09-07T08:02:45.169+0000] {processor.py:640} INFO - Processing file /home/airflow/.local/lib/python3.7/site-packages/airflow/example_dags/example_bash_operator.py for tasks to queue
[2022-09-07T08:02:45.171+0000] {logging_mixin.py:115} INFO - [2022-09-07T08:02:45.171+0000] {dagbag.py:508} INFO - Filling up the DagBag from /home/airflow/.local/lib/python3.7/site-packages/airflow/example_dags/example_bash_operator.py
[2022-09-07T08:02:45.180+0000] {processor.py:650} INFO - DAG(s) dict_keys(['example_bash_operator']) retrieved from /home/airflow/.local/lib/python3.7/site-packages/airflow/example_dags/example_bash_operator.py
[2022-09-07T08:02:45.206+0000] {logging_mixin.py:115} INFO - [2022-09-07T08:02:45.205+0000] {dag.py:2429} INFO - Sync 1 DAGs
[2022-09-07T08:02:45.219+0000] {logging_mixin.py:115} INFO - [2022-09-07T08:02:45.219+0000] {dag.py:2981} INFO - Setting next_dagrun for example_bash_operator to 2022-09-06T00:00:00+00:00, run_after=2022-09-07T00:00:00+00:00
[2022-09-07T08:02:45.229+0000] {processor.py:161} INFO - Processing /home/airflow/.local/lib/python3.7/site-packages/airflow/example_dags/example_bash_operator.py took 0.063 seconds
[2022-09-07T08:03:15.889+0000] {processor.py:153} INFO - Started process (PID=2530) to work on /home/airflow/.local/lib/python3.7/site-packages/airflow/example_dags/example_bash_operator.py
[2022-09-07T08:03:15.890+0000] {processor.py:640} INFO - Processing file /home/airflow/.local/lib/python3.7/site-packages/airflow/example_dags/example_bash_operator.py for tasks to queue
[2022-09-07T08:03:15.891+0000] {logging_mixin.py:115} INFO - [2022-09-07T08:03:15.891+0000] {dagbag.py:508} INFO - Filling up the DagBag from /home/airflow/.local/lib/python3.7/site-packages/airflow/example_dags/example_bash_operator.py
[2022-09-07T08:03:15.899+0000] {processor.py:650} INFO - DAG(s) dict_keys(['example_bash_operator']) retrieved from /home/airflow/.local/lib/python3.7/site-packages/airflow/example_dags/example_bash_operator.py
[2022-09-07T08:03:15.921+0000] {logging_mixin.py:115} INFO - [2022-09-07T08:03:15.921+0000] {dag.py:2429} INFO - Sync 1 DAGs
[2022-09-07T08:03:15.936+0000] {logging_mixin.py:115} INFO - [2022-09-07T08:03:15.936+0000] {dag.py:2981} INFO - Setting next_dagrun for example_bash_operator to 2022-09-06T00:00:00+00:00, run_after=2022-09-07T00:00:00+00:00
[2022-09-07T08:03:15.946+0000] {processor.py:161} INFO - Processing /home/airflow/.local/lib/python3.7/site-packages/airflow/example_dags/example_bash_operator.py took 0.059 seconds
[2022-09-07T08:03:46.672+0000] {processor.py:153} INFO - Started process (PID=2591) to work on /home/airflow/.local/lib/python3.7/site-packages/airflow/example_dags/example_bash_operator.py
[2022-09-07T08:03:46.673+0000] {processor.py:640} INFO - Processing file /home/airflow/.local/lib/python3.7/site-packages/airflow/example_dags/example_bash_operator.py for tasks to queue
[2022-09-07T08:03:46.674+0000] {logging_mixin.py:115} INFO - [2022-09-07T08:03:46.674+0000] {dagbag.py:508} INFO - Filling up the DagBag from /home/airflow/.local/lib/python3.7/site-packages/airflow/example_dags/example_bash_operator.py
[2022-09-07T08:03:46.682+0000] {processor.py:650} INFO - DAG(s) dict_keys(['example_bash_operator']) retrieved from /home/airflow/.local/lib/python3.7/site-packages/airflow/example_dags/example_bash_operator.py
[2022-09-07T08:03:46.705+0000] {logging_mixin.py:115} INFO - [2022-09-07T08:03:46.705+0000] {dag.py:2429} INFO - Sync 1 DAGs
[2022-09-07T08:03:46.722+0000] {logging_mixin.py:115} INFO - [2022-09-07T08:03:46.722+0000] {dag.py:2981} INFO - Setting next_dagrun for example_bash_operator to 2022-09-06T00:00:00+00:00, run_after=2022-09-07T00:00:00+00:00
[2022-09-07T08:03:46.731+0000] {processor.py:161} INFO - Processing /home/airflow/.local/lib/python3.7/site-packages/airflow/example_dags/example_bash_operator.py took 0.062 seconds
[2022-09-07T08:04:17.382+0000] {processor.py:153} INFO - Started process (PID=2652) to work on /home/airflow/.local/lib/python3.7/site-packages/airflow/example_dags/example_bash_operator.py
[2022-09-07T08:04:17.384+0000] {processor.py:640} INFO - Processing file /home/airflow/.local/lib/python3.7/site-packages/airflow/example_dags/example_bash_operator.py for tasks to queue
[2022-09-07T08:04:17.385+0000] {logging_mixin.py:115} INFO - [2022-09-07T08:04:17.385+0000] {dagbag.py:508} INFO - Filling up the DagBag from /home/airflow/.local/lib/python3.7/site-packages/airflow/example_dags/example_bash_operator.py
[2022-09-07T08:04:17.394+0000] {processor.py:650} INFO - DAG(s) dict_keys(['example_bash_operator']) retrieved from /home/airflow/.local/lib/python3.7/site-packages/airflow/example_dags/example_bash_operator.py
[2022-09-07T08:04:17.416+0000] {logging_mixin.py:115} INFO - [2022-09-07T08:04:17.416+0000] {dag.py:2429} INFO - Sync 1 DAGs
[2022-09-07T08:04:17.429+0000] {logging_mixin.py:115} INFO - [2022-09-07T08:04:17.429+0000] {dag.py:2981} INFO - Setting next_dagrun for example_bash_operator to 2022-09-06T00:00:00+00:00, run_after=2022-09-07T00:00:00+00:00
[2022-09-07T08:04:17.439+0000] {processor.py:161} INFO - Processing /home/airflow/.local/lib/python3.7/site-packages/airflow/example_dags/example_bash_operator.py took 0.062 seconds
[2022-09-07T16:21:02.099+0000] {processor.py:153} INFO - Started process (PID=76) to work on /home/airflow/.local/lib/python3.7/site-packages/airflow/example_dags/example_bash_operator.py
[2022-09-07T16:21:02.101+0000] {processor.py:640} INFO - Processing file /home/airflow/.local/lib/python3.7/site-packages/airflow/example_dags/example_bash_operator.py for tasks to queue
[2022-09-07T16:21:02.102+0000] {logging_mixin.py:115} INFO - [2022-09-07T16:21:02.102+0000] {dagbag.py:508} INFO - Filling up the DagBag from /home/airflow/.local/lib/python3.7/site-packages/airflow/example_dags/example_bash_operator.py
[2022-09-07T16:21:02.111+0000] {processor.py:650} INFO - DAG(s) dict_keys(['example_bash_operator']) retrieved from /home/airflow/.local/lib/python3.7/site-packages/airflow/example_dags/example_bash_operator.py
[2022-09-07T16:21:02.135+0000] {logging_mixin.py:115} INFO - [2022-09-07T16:21:02.135+0000] {dag.py:2429} INFO - Sync 1 DAGs
[2022-09-07T16:21:02.154+0000] {logging_mixin.py:115} INFO - [2022-09-07T16:21:02.154+0000] {dag.py:2981} INFO - Setting next_dagrun for example_bash_operator to 2022-09-06T00:00:00+00:00, run_after=2022-09-07T00:00:00+00:00
[2022-09-07T16:21:02.164+0000] {processor.py:161} INFO - Processing /home/airflow/.local/lib/python3.7/site-packages/airflow/example_dags/example_bash_operator.py took 0.067 seconds
[2022-09-07T16:21:32.716+0000] {processor.py:153} INFO - Started process (PID=136) to work on /home/airflow/.local/lib/python3.7/site-packages/airflow/example_dags/example_bash_operator.py
[2022-09-07T16:21:32.717+0000] {processor.py:640} INFO - Processing file /home/airflow/.local/lib/python3.7/site-packages/airflow/example_dags/example_bash_operator.py for tasks to queue
[2022-09-07T16:21:32.718+0000] {logging_mixin.py:115} INFO - [2022-09-07T16:21:32.718+0000] {dagbag.py:508} INFO - Filling up the DagBag from /home/airflow/.local/lib/python3.7/site-packages/airflow/example_dags/example_bash_operator.py
[2022-09-07T16:21:32.726+0000] {processor.py:650} INFO - DAG(s) dict_keys(['example_bash_operator']) retrieved from /home/airflow/.local/lib/python3.7/site-packages/airflow/example_dags/example_bash_operator.py
[2022-09-07T16:21:32.748+0000] {logging_mixin.py:115} INFO - [2022-09-07T16:21:32.748+0000] {dag.py:2429} INFO - Sync 1 DAGs
[2022-09-07T16:21:32.764+0000] {logging_mixin.py:115} INFO - [2022-09-07T16:21:32.764+0000] {dag.py:2981} INFO - Setting next_dagrun for example_bash_operator to 2022-09-06T00:00:00+00:00, run_after=2022-09-07T00:00:00+00:00
[2022-09-07T16:21:32.772+0000] {processor.py:161} INFO - Processing /home/airflow/.local/lib/python3.7/site-packages/airflow/example_dags/example_bash_operator.py took 0.059 seconds
[2022-09-07T16:22:03.778+0000] {processor.py:153} INFO - Started process (PID=604) to work on /home/airflow/.local/lib/python3.7/site-packages/airflow/example_dags/example_bash_operator.py
[2022-09-07T16:22:03.781+0000] {processor.py:640} INFO - Processing file /home/airflow/.local/lib/python3.7/site-packages/airflow/example_dags/example_bash_operator.py for tasks to queue
[2022-09-07T16:22:03.783+0000] {logging_mixin.py:115} INFO - [2022-09-07T16:22:03.783+0000] {dagbag.py:508} INFO - Filling up the DagBag from /home/airflow/.local/lib/python3.7/site-packages/airflow/example_dags/example_bash_operator.py
[2022-09-07T16:22:03.791+0000] {processor.py:650} INFO - DAG(s) dict_keys(['example_bash_operator']) retrieved from /home/airflow/.local/lib/python3.7/site-packages/airflow/example_dags/example_bash_operator.py
[2022-09-07T16:22:03.816+0000] {logging_mixin.py:115} INFO - [2022-09-07T16:22:03.815+0000] {dag.py:2429} INFO - Sync 1 DAGs
[2022-09-07T16:22:03.832+0000] {logging_mixin.py:115} INFO - [2022-09-07T16:22:03.832+0000] {dag.py:2981} INFO - Setting next_dagrun for example_bash_operator to 2022-09-06T00:00:00+00:00, run_after=2022-09-07T00:00:00+00:00
[2022-09-07T16:22:03.844+0000] {processor.py:161} INFO - Processing /home/airflow/.local/lib/python3.7/site-packages/airflow/example_dags/example_bash_operator.py took 0.068 seconds
[2022-09-07T16:22:34.561+0000] {processor.py:153} INFO - Started process (PID=1301) to work on /home/airflow/.local/lib/python3.7/site-packages/airflow/example_dags/example_bash_operator.py
[2022-09-07T16:22:34.562+0000] {processor.py:640} INFO - Processing file /home/airflow/.local/lib/python3.7/site-packages/airflow/example_dags/example_bash_operator.py for tasks to queue
[2022-09-07T16:22:34.563+0000] {logging_mixin.py:115} INFO - [2022-09-07T16:22:34.563+0000] {dagbag.py:508} INFO - Filling up the DagBag from /home/airflow/.local/lib/python3.7/site-packages/airflow/example_dags/example_bash_operator.py
[2022-09-07T16:22:34.571+0000] {processor.py:650} INFO - DAG(s) dict_keys(['example_bash_operator']) retrieved from /home/airflow/.local/lib/python3.7/site-packages/airflow/example_dags/example_bash_operator.py
[2022-09-07T16:22:34.594+0000] {logging_mixin.py:115} INFO - [2022-09-07T16:22:34.594+0000] {dag.py:2429} INFO - Sync 1 DAGs
[2022-09-07T16:22:34.609+0000] {logging_mixin.py:115} INFO - [2022-09-07T16:22:34.609+0000] {dag.py:2981} INFO - Setting next_dagrun for example_bash_operator to 2022-09-06T00:00:00+00:00, run_after=2022-09-07T00:00:00+00:00
[2022-09-07T16:22:34.617+0000] {processor.py:161} INFO - Processing /home/airflow/.local/lib/python3.7/site-packages/airflow/example_dags/example_bash_operator.py took 0.059 seconds
[2022-09-07T16:23:05.370+0000] {processor.py:153} INFO - Started process (PID=1848) to work on /home/airflow/.local/lib/python3.7/site-packages/airflow/example_dags/example_bash_operator.py
[2022-09-07T16:23:05.372+0000] {processor.py:640} INFO - Processing file /home/airflow/.local/lib/python3.7/site-packages/airflow/example_dags/example_bash_operator.py for tasks to queue
[2022-09-07T16:23:05.373+0000] {logging_mixin.py:115} INFO - [2022-09-07T16:23:05.372+0000] {dagbag.py:508} INFO - Filling up the DagBag from /home/airflow/.local/lib/python3.7/site-packages/airflow/example_dags/example_bash_operator.py
[2022-09-07T16:23:05.381+0000] {processor.py:650} INFO - DAG(s) dict_keys(['example_bash_operator']) retrieved from /home/airflow/.local/lib/python3.7/site-packages/airflow/example_dags/example_bash_operator.py
[2022-09-07T16:23:05.403+0000] {logging_mixin.py:115} INFO - [2022-09-07T16:23:05.403+0000] {dag.py:2429} INFO - Sync 1 DAGs
[2022-09-07T16:23:05.423+0000] {logging_mixin.py:115} INFO - [2022-09-07T16:23:05.423+0000] {dag.py:2981} INFO - Setting next_dagrun for example_bash_operator to 2022-09-06T00:00:00+00:00, run_after=2022-09-07T00:00:00+00:00
[2022-09-07T16:23:05.431+0000] {processor.py:161} INFO - Processing /home/airflow/.local/lib/python3.7/site-packages/airflow/example_dags/example_bash_operator.py took 0.063 seconds
[2022-09-07T16:23:36.098+0000] {processor.py:153} INFO - Started process (PID=2208) to work on /home/airflow/.local/lib/python3.7/site-packages/airflow/example_dags/example_bash_operator.py
[2022-09-07T16:23:36.099+0000] {processor.py:640} INFO - Processing file /home/airflow/.local/lib/python3.7/site-packages/airflow/example_dags/example_bash_operator.py for tasks to queue
[2022-09-07T16:23:36.100+0000] {logging_mixin.py:115} INFO - [2022-09-07T16:23:36.100+0000] {dagbag.py:508} INFO - Filling up the DagBag from /home/airflow/.local/lib/python3.7/site-packages/airflow/example_dags/example_bash_operator.py
[2022-09-07T16:23:36.108+0000] {processor.py:650} INFO - DAG(s) dict_keys(['example_bash_operator']) retrieved from /home/airflow/.local/lib/python3.7/site-packages/airflow/example_dags/example_bash_operator.py
[2022-09-07T16:23:36.130+0000] {logging_mixin.py:115} INFO - [2022-09-07T16:23:36.130+0000] {dag.py:2429} INFO - Sync 1 DAGs
[2022-09-07T16:23:36.144+0000] {logging_mixin.py:115} INFO - [2022-09-07T16:23:36.144+0000] {dag.py:2981} INFO - Setting next_dagrun for example_bash_operator to 2022-09-06T00:00:00+00:00, run_after=2022-09-07T00:00:00+00:00
[2022-09-07T16:23:36.155+0000] {processor.py:161} INFO - Processing /home/airflow/.local/lib/python3.7/site-packages/airflow/example_dags/example_bash_operator.py took 0.059 seconds
[2022-09-07T16:24:06.727+0000] {processor.py:153} INFO - Started process (PID=2585) to work on /home/airflow/.local/lib/python3.7/site-packages/airflow/example_dags/example_bash_operator.py
[2022-09-07T16:24:06.729+0000] {processor.py:640} INFO - Processing file /home/airflow/.local/lib/python3.7/site-packages/airflow/example_dags/example_bash_operator.py for tasks to queue
[2022-09-07T16:24:06.730+0000] {logging_mixin.py:115} INFO - [2022-09-07T16:24:06.730+0000] {dagbag.py:508} INFO - Filling up the DagBag from /home/airflow/.local/lib/python3.7/site-packages/airflow/example_dags/example_bash_operator.py
[2022-09-07T16:24:06.738+0000] {processor.py:650} INFO - DAG(s) dict_keys(['example_bash_operator']) retrieved from /home/airflow/.local/lib/python3.7/site-packages/airflow/example_dags/example_bash_operator.py
[2022-09-07T16:24:06.761+0000] {logging_mixin.py:115} INFO - [2022-09-07T16:24:06.761+0000] {dag.py:2429} INFO - Sync 1 DAGs
[2022-09-07T16:24:06.776+0000] {logging_mixin.py:115} INFO - [2022-09-07T16:24:06.775+0000] {dag.py:2981} INFO - Setting next_dagrun for example_bash_operator to 2022-09-06T00:00:00+00:00, run_after=2022-09-07T00:00:00+00:00
[2022-09-07T16:24:06.785+0000] {processor.py:161} INFO - Processing /home/airflow/.local/lib/python3.7/site-packages/airflow/example_dags/example_bash_operator.py took 0.060 seconds
[2022-09-07T16:24:37.437+0000] {processor.py:153} INFO - Started process (PID=2945) to work on /home/airflow/.local/lib/python3.7/site-packages/airflow/example_dags/example_bash_operator.py
[2022-09-07T16:24:37.439+0000] {processor.py:640} INFO - Processing file /home/airflow/.local/lib/python3.7/site-packages/airflow/example_dags/example_bash_operator.py for tasks to queue
[2022-09-07T16:24:37.441+0000] {logging_mixin.py:115} INFO - [2022-09-07T16:24:37.441+0000] {dagbag.py:508} INFO - Filling up the DagBag from /home/airflow/.local/lib/python3.7/site-packages/airflow/example_dags/example_bash_operator.py
[2022-09-07T16:24:37.450+0000] {processor.py:650} INFO - DAG(s) dict_keys(['example_bash_operator']) retrieved from /home/airflow/.local/lib/python3.7/site-packages/airflow/example_dags/example_bash_operator.py
[2022-09-07T16:24:37.473+0000] {logging_mixin.py:115} INFO - [2022-09-07T16:24:37.473+0000] {dag.py:2429} INFO - Sync 1 DAGs
[2022-09-07T16:24:37.487+0000] {logging_mixin.py:115} INFO - [2022-09-07T16:24:37.487+0000] {dag.py:2981} INFO - Setting next_dagrun for example_bash_operator to 2022-09-06T00:00:00+00:00, run_after=2022-09-07T00:00:00+00:00
[2022-09-07T16:24:37.494+0000] {processor.py:161} INFO - Processing /home/airflow/.local/lib/python3.7/site-packages/airflow/example_dags/example_bash_operator.py took 0.059 seconds
[2022-09-07T16:25:07.655+0000] {processor.py:153} INFO - Started process (PID=3260) to work on /home/airflow/.local/lib/python3.7/site-packages/airflow/example_dags/example_bash_operator.py
[2022-09-07T16:25:07.657+0000] {processor.py:640} INFO - Processing file /home/airflow/.local/lib/python3.7/site-packages/airflow/example_dags/example_bash_operator.py for tasks to queue
[2022-09-07T16:25:07.659+0000] {logging_mixin.py:115} INFO - [2022-09-07T16:25:07.659+0000] {dagbag.py:508} INFO - Filling up the DagBag from /home/airflow/.local/lib/python3.7/site-packages/airflow/example_dags/example_bash_operator.py
[2022-09-07T16:25:07.673+0000] {processor.py:650} INFO - DAG(s) dict_keys(['example_bash_operator']) retrieved from /home/airflow/.local/lib/python3.7/site-packages/airflow/example_dags/example_bash_operator.py
[2022-09-07T16:25:07.712+0000] {logging_mixin.py:115} INFO - [2022-09-07T16:25:07.712+0000] {dag.py:2429} INFO - Sync 1 DAGs
[2022-09-07T16:25:07.745+0000] {logging_mixin.py:115} INFO - [2022-09-07T16:25:07.745+0000] {dag.py:2981} INFO - Setting next_dagrun for example_bash_operator to 2022-09-06T00:00:00+00:00, run_after=2022-09-07T00:00:00+00:00
[2022-09-07T16:25:07.762+0000] {processor.py:161} INFO - Processing /home/airflow/.local/lib/python3.7/site-packages/airflow/example_dags/example_bash_operator.py took 0.109 seconds
[2022-09-07T16:25:37.874+0000] {processor.py:153} INFO - Started process (PID=3321) to work on /home/airflow/.local/lib/python3.7/site-packages/airflow/example_dags/example_bash_operator.py
[2022-09-07T16:25:37.876+0000] {processor.py:640} INFO - Processing file /home/airflow/.local/lib/python3.7/site-packages/airflow/example_dags/example_bash_operator.py for tasks to queue
[2022-09-07T16:25:37.877+0000] {logging_mixin.py:115} INFO - [2022-09-07T16:25:37.877+0000] {dagbag.py:508} INFO - Filling up the DagBag from /home/airflow/.local/lib/python3.7/site-packages/airflow/example_dags/example_bash_operator.py
[2022-09-07T16:25:37.885+0000] {processor.py:650} INFO - DAG(s) dict_keys(['example_bash_operator']) retrieved from /home/airflow/.local/lib/python3.7/site-packages/airflow/example_dags/example_bash_operator.py
[2022-09-07T16:25:37.908+0000] {logging_mixin.py:115} INFO - [2022-09-07T16:25:37.908+0000] {dag.py:2429} INFO - Sync 1 DAGs
[2022-09-07T16:25:37.923+0000] {logging_mixin.py:115} INFO - [2022-09-07T16:25:37.923+0000] {dag.py:2981} INFO - Setting next_dagrun for example_bash_operator to 2022-09-06T00:00:00+00:00, run_after=2022-09-07T00:00:00+00:00
[2022-09-07T16:25:37.931+0000] {processor.py:161} INFO - Processing /home/airflow/.local/lib/python3.7/site-packages/airflow/example_dags/example_bash_operator.py took 0.059 seconds
[2022-09-07T16:26:08.052+0000] {processor.py:153} INFO - Started process (PID=3383) to work on /home/airflow/.local/lib/python3.7/site-packages/airflow/example_dags/example_bash_operator.py
[2022-09-07T16:26:08.054+0000] {processor.py:640} INFO - Processing file /home/airflow/.local/lib/python3.7/site-packages/airflow/example_dags/example_bash_operator.py for tasks to queue
[2022-09-07T16:26:08.055+0000] {logging_mixin.py:115} INFO - [2022-09-07T16:26:08.055+0000] {dagbag.py:508} INFO - Filling up the DagBag from /home/airflow/.local/lib/python3.7/site-packages/airflow/example_dags/example_bash_operator.py
[2022-09-07T16:26:08.064+0000] {processor.py:650} INFO - DAG(s) dict_keys(['example_bash_operator']) retrieved from /home/airflow/.local/lib/python3.7/site-packages/airflow/example_dags/example_bash_operator.py
[2022-09-07T16:26:08.087+0000] {logging_mixin.py:115} INFO - [2022-09-07T16:26:08.086+0000] {dag.py:2429} INFO - Sync 1 DAGs
[2022-09-07T16:26:08.101+0000] {logging_mixin.py:115} INFO - [2022-09-07T16:26:08.101+0000] {dag.py:2981} INFO - Setting next_dagrun for example_bash_operator to 2022-09-06T00:00:00+00:00, run_after=2022-09-07T00:00:00+00:00
[2022-09-07T16:26:08.113+0000] {processor.py:161} INFO - Processing /home/airflow/.local/lib/python3.7/site-packages/airflow/example_dags/example_bash_operator.py took 0.063 seconds
[2022-09-07T16:26:39.247+0000] {processor.py:153} INFO - Started process (PID=3435) to work on /home/airflow/.local/lib/python3.7/site-packages/airflow/example_dags/example_bash_operator.py
[2022-09-07T16:26:39.249+0000] {processor.py:640} INFO - Processing file /home/airflow/.local/lib/python3.7/site-packages/airflow/example_dags/example_bash_operator.py for tasks to queue
[2022-09-07T16:26:39.251+0000] {logging_mixin.py:115} INFO - [2022-09-07T16:26:39.251+0000] {dagbag.py:508} INFO - Filling up the DagBag from /home/airflow/.local/lib/python3.7/site-packages/airflow/example_dags/example_bash_operator.py
[2022-09-07T16:26:39.265+0000] {processor.py:650} INFO - DAG(s) dict_keys(['example_bash_operator']) retrieved from /home/airflow/.local/lib/python3.7/site-packages/airflow/example_dags/example_bash_operator.py
[2022-09-07T16:26:39.308+0000] {logging_mixin.py:115} INFO - [2022-09-07T16:26:39.308+0000] {dag.py:2429} INFO - Sync 1 DAGs
[2022-09-07T16:26:39.346+0000] {logging_mixin.py:115} INFO - [2022-09-07T16:26:39.346+0000] {dag.py:2981} INFO - Setting next_dagrun for example_bash_operator to 2022-09-06T00:00:00+00:00, run_after=2022-09-07T00:00:00+00:00
[2022-09-07T16:26:39.372+0000] {processor.py:161} INFO - Processing /home/airflow/.local/lib/python3.7/site-packages/airflow/example_dags/example_bash_operator.py took 0.131 seconds
[2022-09-07T16:27:09.556+0000] {processor.py:153} INFO - Started process (PID=3496) to work on /home/airflow/.local/lib/python3.7/site-packages/airflow/example_dags/example_bash_operator.py
[2022-09-07T16:27:09.559+0000] {processor.py:640} INFO - Processing file /home/airflow/.local/lib/python3.7/site-packages/airflow/example_dags/example_bash_operator.py for tasks to queue
[2022-09-07T16:27:09.560+0000] {logging_mixin.py:115} INFO - [2022-09-07T16:27:09.560+0000] {dagbag.py:508} INFO - Filling up the DagBag from /home/airflow/.local/lib/python3.7/site-packages/airflow/example_dags/example_bash_operator.py
[2022-09-07T16:27:09.570+0000] {processor.py:650} INFO - DAG(s) dict_keys(['example_bash_operator']) retrieved from /home/airflow/.local/lib/python3.7/site-packages/airflow/example_dags/example_bash_operator.py
[2022-09-07T16:27:09.598+0000] {logging_mixin.py:115} INFO - [2022-09-07T16:27:09.598+0000] {dag.py:2429} INFO - Sync 1 DAGs
[2022-09-07T16:27:09.613+0000] {logging_mixin.py:115} INFO - [2022-09-07T16:27:09.613+0000] {dag.py:2981} INFO - Setting next_dagrun for example_bash_operator to 2022-09-06T00:00:00+00:00, run_after=2022-09-07T00:00:00+00:00
[2022-09-07T16:27:09.623+0000] {processor.py:161} INFO - Processing /home/airflow/.local/lib/python3.7/site-packages/airflow/example_dags/example_bash_operator.py took 0.070 seconds
[2022-09-07T16:27:40.325+0000] {processor.py:153} INFO - Started process (PID=3558) to work on /home/airflow/.local/lib/python3.7/site-packages/airflow/example_dags/example_bash_operator.py
[2022-09-07T16:27:40.326+0000] {processor.py:640} INFO - Processing file /home/airflow/.local/lib/python3.7/site-packages/airflow/example_dags/example_bash_operator.py for tasks to queue
[2022-09-07T16:27:40.328+0000] {logging_mixin.py:115} INFO - [2022-09-07T16:27:40.328+0000] {dagbag.py:508} INFO - Filling up the DagBag from /home/airflow/.local/lib/python3.7/site-packages/airflow/example_dags/example_bash_operator.py
[2022-09-07T16:27:40.336+0000] {processor.py:650} INFO - DAG(s) dict_keys(['example_bash_operator']) retrieved from /home/airflow/.local/lib/python3.7/site-packages/airflow/example_dags/example_bash_operator.py
[2022-09-07T16:27:40.362+0000] {logging_mixin.py:115} INFO - [2022-09-07T16:27:40.362+0000] {dag.py:2429} INFO - Sync 1 DAGs
[2022-09-07T16:27:40.377+0000] {logging_mixin.py:115} INFO - [2022-09-07T16:27:40.377+0000] {dag.py:2981} INFO - Setting next_dagrun for example_bash_operator to 2022-09-06T00:00:00+00:00, run_after=2022-09-07T00:00:00+00:00
[2022-09-07T16:27:40.388+0000] {processor.py:161} INFO - Processing /home/airflow/.local/lib/python3.7/site-packages/airflow/example_dags/example_bash_operator.py took 0.066 seconds
[2022-09-07T16:28:11.015+0000] {processor.py:153} INFO - Started process (PID=3619) to work on /home/airflow/.local/lib/python3.7/site-packages/airflow/example_dags/example_bash_operator.py
[2022-09-07T16:28:11.017+0000] {processor.py:640} INFO - Processing file /home/airflow/.local/lib/python3.7/site-packages/airflow/example_dags/example_bash_operator.py for tasks to queue
[2022-09-07T16:28:11.019+0000] {logging_mixin.py:115} INFO - [2022-09-07T16:28:11.019+0000] {dagbag.py:508} INFO - Filling up the DagBag from /home/airflow/.local/lib/python3.7/site-packages/airflow/example_dags/example_bash_operator.py
[2022-09-07T16:28:11.027+0000] {processor.py:650} INFO - DAG(s) dict_keys(['example_bash_operator']) retrieved from /home/airflow/.local/lib/python3.7/site-packages/airflow/example_dags/example_bash_operator.py
[2022-09-07T16:28:11.051+0000] {logging_mixin.py:115} INFO - [2022-09-07T16:28:11.051+0000] {dag.py:2429} INFO - Sync 1 DAGs
[2022-09-07T16:28:11.068+0000] {logging_mixin.py:115} INFO - [2022-09-07T16:28:11.068+0000] {dag.py:2981} INFO - Setting next_dagrun for example_bash_operator to 2022-09-06T00:00:00+00:00, run_after=2022-09-07T00:00:00+00:00
[2022-09-07T16:28:11.081+0000] {processor.py:161} INFO - Processing /home/airflow/.local/lib/python3.7/site-packages/airflow/example_dags/example_bash_operator.py took 0.068 seconds
[2022-09-07T16:29:20.378+0000] {processor.py:153} INFO - Started process (PID=67) to work on /home/airflow/.local/lib/python3.7/site-packages/airflow/example_dags/example_bash_operator.py
[2022-09-07T16:29:20.382+0000] {processor.py:640} INFO - Processing file /home/airflow/.local/lib/python3.7/site-packages/airflow/example_dags/example_bash_operator.py for tasks to queue
[2022-09-07T16:29:20.383+0000] {logging_mixin.py:115} INFO - [2022-09-07T16:29:20.383+0000] {dagbag.py:508} INFO - Filling up the DagBag from /home/airflow/.local/lib/python3.7/site-packages/airflow/example_dags/example_bash_operator.py
[2022-09-07T16:29:20.417+0000] {processor.py:650} INFO - DAG(s) dict_keys(['example_bash_operator']) retrieved from /home/airflow/.local/lib/python3.7/site-packages/airflow/example_dags/example_bash_operator.py
[2022-09-07T16:29:20.511+0000] {logging_mixin.py:115} INFO - [2022-09-07T16:29:20.510+0000] {dag.py:2429} INFO - Sync 1 DAGs
[2022-09-07T16:29:20.590+0000] {logging_mixin.py:115} INFO - [2022-09-07T16:29:20.589+0000] {dag.py:2981} INFO - Setting next_dagrun for example_bash_operator to 2022-09-06T00:00:00+00:00, run_after=2022-09-07T00:00:00+00:00
[2022-09-07T16:29:20.620+0000] {processor.py:161} INFO - Processing /home/airflow/.local/lib/python3.7/site-packages/airflow/example_dags/example_bash_operator.py took 0.246 seconds
[2022-09-07T16:29:51.003+0000] {processor.py:153} INFO - Started process (PID=119) to work on /home/airflow/.local/lib/python3.7/site-packages/airflow/example_dags/example_bash_operator.py
[2022-09-07T16:29:51.005+0000] {processor.py:640} INFO - Processing file /home/airflow/.local/lib/python3.7/site-packages/airflow/example_dags/example_bash_operator.py for tasks to queue
[2022-09-07T16:29:51.006+0000] {logging_mixin.py:115} INFO - [2022-09-07T16:29:51.006+0000] {dagbag.py:508} INFO - Filling up the DagBag from /home/airflow/.local/lib/python3.7/site-packages/airflow/example_dags/example_bash_operator.py
[2022-09-07T16:29:51.015+0000] {processor.py:650} INFO - DAG(s) dict_keys(['example_bash_operator']) retrieved from /home/airflow/.local/lib/python3.7/site-packages/airflow/example_dags/example_bash_operator.py
[2022-09-07T16:29:51.039+0000] {logging_mixin.py:115} INFO - [2022-09-07T16:29:51.039+0000] {dag.py:2429} INFO - Sync 1 DAGs
[2022-09-07T16:29:51.054+0000] {logging_mixin.py:115} INFO - [2022-09-07T16:29:51.054+0000] {dag.py:2981} INFO - Setting next_dagrun for example_bash_operator to 2022-09-06T00:00:00+00:00, run_after=2022-09-07T00:00:00+00:00
[2022-09-07T16:29:51.064+0000] {processor.py:161} INFO - Processing /home/airflow/.local/lib/python3.7/site-packages/airflow/example_dags/example_bash_operator.py took 0.064 seconds
[2022-09-07T16:30:21.307+0000] {processor.py:153} INFO - Started process (PID=179) to work on /home/airflow/.local/lib/python3.7/site-packages/airflow/example_dags/example_bash_operator.py
[2022-09-07T16:30:21.309+0000] {processor.py:640} INFO - Processing file /home/airflow/.local/lib/python3.7/site-packages/airflow/example_dags/example_bash_operator.py for tasks to queue
[2022-09-07T16:30:21.311+0000] {logging_mixin.py:115} INFO - [2022-09-07T16:30:21.310+0000] {dagbag.py:508} INFO - Filling up the DagBag from /home/airflow/.local/lib/python3.7/site-packages/airflow/example_dags/example_bash_operator.py
[2022-09-07T16:30:21.319+0000] {processor.py:650} INFO - DAG(s) dict_keys(['example_bash_operator']) retrieved from /home/airflow/.local/lib/python3.7/site-packages/airflow/example_dags/example_bash_operator.py
[2022-09-07T16:30:21.342+0000] {logging_mixin.py:115} INFO - [2022-09-07T16:30:21.342+0000] {dag.py:2429} INFO - Sync 1 DAGs
[2022-09-07T16:30:21.358+0000] {logging_mixin.py:115} INFO - [2022-09-07T16:30:21.357+0000] {dag.py:2981} INFO - Setting next_dagrun for example_bash_operator to 2022-09-06T00:00:00+00:00, run_after=2022-09-07T00:00:00+00:00
[2022-09-07T16:30:21.369+0000] {processor.py:161} INFO - Processing /home/airflow/.local/lib/python3.7/site-packages/airflow/example_dags/example_bash_operator.py took 0.064 seconds
[2022-09-07T16:30:52.229+0000] {processor.py:153} INFO - Started process (PID=240) to work on /home/airflow/.local/lib/python3.7/site-packages/airflow/example_dags/example_bash_operator.py
[2022-09-07T16:30:52.230+0000] {processor.py:640} INFO - Processing file /home/airflow/.local/lib/python3.7/site-packages/airflow/example_dags/example_bash_operator.py for tasks to queue
[2022-09-07T16:30:52.232+0000] {logging_mixin.py:115} INFO - [2022-09-07T16:30:52.231+0000] {dagbag.py:508} INFO - Filling up the DagBag from /home/airflow/.local/lib/python3.7/site-packages/airflow/example_dags/example_bash_operator.py
[2022-09-07T16:30:52.239+0000] {processor.py:650} INFO - DAG(s) dict_keys(['example_bash_operator']) retrieved from /home/airflow/.local/lib/python3.7/site-packages/airflow/example_dags/example_bash_operator.py
[2022-09-07T16:30:52.262+0000] {logging_mixin.py:115} INFO - [2022-09-07T16:30:52.262+0000] {dag.py:2429} INFO - Sync 1 DAGs
[2022-09-07T16:30:52.280+0000] {logging_mixin.py:115} INFO - [2022-09-07T16:30:52.280+0000] {dag.py:2981} INFO - Setting next_dagrun for example_bash_operator to 2022-09-06T00:00:00+00:00, run_after=2022-09-07T00:00:00+00:00
[2022-09-07T16:30:52.290+0000] {processor.py:161} INFO - Processing /home/airflow/.local/lib/python3.7/site-packages/airflow/example_dags/example_bash_operator.py took 0.064 seconds
[2022-09-07T16:31:22.877+0000] {processor.py:153} INFO - Started process (PID=301) to work on /home/airflow/.local/lib/python3.7/site-packages/airflow/example_dags/example_bash_operator.py
[2022-09-07T16:31:22.879+0000] {processor.py:640} INFO - Processing file /home/airflow/.local/lib/python3.7/site-packages/airflow/example_dags/example_bash_operator.py for tasks to queue
[2022-09-07T16:31:22.880+0000] {logging_mixin.py:115} INFO - [2022-09-07T16:31:22.880+0000] {dagbag.py:508} INFO - Filling up the DagBag from /home/airflow/.local/lib/python3.7/site-packages/airflow/example_dags/example_bash_operator.py
[2022-09-07T16:31:22.888+0000] {processor.py:650} INFO - DAG(s) dict_keys(['example_bash_operator']) retrieved from /home/airflow/.local/lib/python3.7/site-packages/airflow/example_dags/example_bash_operator.py
[2022-09-07T16:31:22.912+0000] {logging_mixin.py:115} INFO - [2022-09-07T16:31:22.912+0000] {dag.py:2429} INFO - Sync 1 DAGs
[2022-09-07T16:31:22.927+0000] {logging_mixin.py:115} INFO - [2022-09-07T16:31:22.927+0000] {dag.py:2981} INFO - Setting next_dagrun for example_bash_operator to 2022-09-06T00:00:00+00:00, run_after=2022-09-07T00:00:00+00:00
[2022-09-07T16:31:22.937+0000] {processor.py:161} INFO - Processing /home/airflow/.local/lib/python3.7/site-packages/airflow/example_dags/example_bash_operator.py took 0.063 seconds
[2022-09-07T17:23:41.310+0000] {processor.py:153} INFO - Started process (PID=67) to work on /home/airflow/.local/lib/python3.7/site-packages/airflow/example_dags/example_bash_operator.py
[2022-09-07T17:23:41.315+0000] {processor.py:640} INFO - Processing file /home/airflow/.local/lib/python3.7/site-packages/airflow/example_dags/example_bash_operator.py for tasks to queue
[2022-09-07T17:23:41.317+0000] {logging_mixin.py:115} INFO - [2022-09-07T17:23:41.317+0000] {dagbag.py:508} INFO - Filling up the DagBag from /home/airflow/.local/lib/python3.7/site-packages/airflow/example_dags/example_bash_operator.py
[2022-09-07T17:23:41.372+0000] {processor.py:650} INFO - DAG(s) dict_keys(['example_bash_operator']) retrieved from /home/airflow/.local/lib/python3.7/site-packages/airflow/example_dags/example_bash_operator.py
[2022-09-07T17:23:41.502+0000] {logging_mixin.py:115} INFO - [2022-09-07T17:23:41.502+0000] {dag.py:2429} INFO - Sync 1 DAGs
[2022-09-07T17:23:41.597+0000] {logging_mixin.py:115} INFO - [2022-09-07T17:23:41.583+0000] {dag.py:2981} INFO - Setting next_dagrun for example_bash_operator to 2022-09-06T00:00:00+00:00, run_after=2022-09-07T00:00:00+00:00
[2022-09-07T17:23:41.634+0000] {processor.py:161} INFO - Processing /home/airflow/.local/lib/python3.7/site-packages/airflow/example_dags/example_bash_operator.py took 0.340 seconds
[2022-09-07T17:24:12.357+0000] {processor.py:153} INFO - Started process (PID=118) to work on /home/airflow/.local/lib/python3.7/site-packages/airflow/example_dags/example_bash_operator.py
[2022-09-07T17:24:12.361+0000] {processor.py:640} INFO - Processing file /home/airflow/.local/lib/python3.7/site-packages/airflow/example_dags/example_bash_operator.py for tasks to queue
[2022-09-07T17:24:12.362+0000] {logging_mixin.py:115} INFO - [2022-09-07T17:24:12.362+0000] {dagbag.py:508} INFO - Filling up the DagBag from /home/airflow/.local/lib/python3.7/site-packages/airflow/example_dags/example_bash_operator.py
[2022-09-07T17:24:12.370+0000] {processor.py:650} INFO - DAG(s) dict_keys(['example_bash_operator']) retrieved from /home/airflow/.local/lib/python3.7/site-packages/airflow/example_dags/example_bash_operator.py
[2022-09-07T17:24:12.394+0000] {logging_mixin.py:115} INFO - [2022-09-07T17:24:12.394+0000] {dag.py:2429} INFO - Sync 1 DAGs
[2022-09-07T17:24:12.409+0000] {logging_mixin.py:115} INFO - [2022-09-07T17:24:12.409+0000] {dag.py:2981} INFO - Setting next_dagrun for example_bash_operator to 2022-09-06T00:00:00+00:00, run_after=2022-09-07T00:00:00+00:00
[2022-09-07T17:24:12.417+0000] {processor.py:161} INFO - Processing /home/airflow/.local/lib/python3.7/site-packages/airflow/example_dags/example_bash_operator.py took 0.062 seconds
[2022-09-07T17:24:43.194+0000] {processor.py:153} INFO - Started process (PID=178) to work on /home/airflow/.local/lib/python3.7/site-packages/airflow/example_dags/example_bash_operator.py
[2022-09-07T17:24:43.195+0000] {processor.py:640} INFO - Processing file /home/airflow/.local/lib/python3.7/site-packages/airflow/example_dags/example_bash_operator.py for tasks to queue
[2022-09-07T17:24:43.197+0000] {logging_mixin.py:115} INFO - [2022-09-07T17:24:43.196+0000] {dagbag.py:508} INFO - Filling up the DagBag from /home/airflow/.local/lib/python3.7/site-packages/airflow/example_dags/example_bash_operator.py
[2022-09-07T17:24:43.206+0000] {processor.py:650} INFO - DAG(s) dict_keys(['example_bash_operator']) retrieved from /home/airflow/.local/lib/python3.7/site-packages/airflow/example_dags/example_bash_operator.py
[2022-09-07T17:24:43.248+0000] {logging_mixin.py:115} INFO - [2022-09-07T17:24:43.248+0000] {dag.py:2429} INFO - Sync 1 DAGs
[2022-09-07T17:24:43.264+0000] {logging_mixin.py:115} INFO - [2022-09-07T17:24:43.264+0000] {dag.py:2981} INFO - Setting next_dagrun for example_bash_operator to 2022-09-06T00:00:00+00:00, run_after=2022-09-07T00:00:00+00:00
[2022-09-07T17:24:43.274+0000] {processor.py:161} INFO - Processing /home/airflow/.local/lib/python3.7/site-packages/airflow/example_dags/example_bash_operator.py took 0.083 seconds
