[2022-09-07T07:55:32.257+0000] {processor.py:153} INFO - Started process (PID=42) to work on /home/airflow/.local/lib/python3.7/site-packages/airflow/example_dags/example_nested_branch_dag.py
[2022-09-07T07:55:32.259+0000] {processor.py:640} INFO - Processing file /home/airflow/.local/lib/python3.7/site-packages/airflow/example_dags/example_nested_branch_dag.py for tasks to queue
[2022-09-07T07:55:32.261+0000] {logging_mixin.py:115} INFO - [2022-09-07T07:55:32.261+0000] {dagbag.py:508} INFO - Filling up the DagBag from /home/airflow/.local/lib/python3.7/site-packages/airflow/example_dags/example_nested_branch_dag.py
[2022-09-07T07:55:32.274+0000] {processor.py:650} INFO - DAG(s) dict_keys(['example_nested_branch_dag']) retrieved from /home/airflow/.local/lib/python3.7/site-packages/airflow/example_dags/example_nested_branch_dag.py
[2022-09-07T07:55:32.355+0000] {logging_mixin.py:115} INFO - [2022-09-07T07:55:32.355+0000] {manager.py:508} INFO - Created Permission View: can delete on DAG:example_nested_branch_dag
[2022-09-07T07:55:32.368+0000] {logging_mixin.py:115} INFO - [2022-09-07T07:55:32.368+0000] {manager.py:508} INFO - Created Permission View: can read on DAG:example_nested_branch_dag
[2022-09-07T07:55:32.380+0000] {logging_mixin.py:115} INFO - [2022-09-07T07:55:32.380+0000] {manager.py:508} INFO - Created Permission View: can edit on DAG:example_nested_branch_dag
[2022-09-07T07:55:32.382+0000] {logging_mixin.py:115} INFO - [2022-09-07T07:55:32.381+0000] {dag.py:2429} INFO - Sync 1 DAGs
[2022-09-07T07:55:32.388+0000] {logging_mixin.py:115} INFO - [2022-09-07T07:55:32.388+0000] {dag.py:2448} INFO - Creating ORM DAG for example_nested_branch_dag
[2022-09-07T07:55:32.398+0000] {logging_mixin.py:115} INFO - [2022-09-07T07:55:32.398+0000] {dag.py:2981} INFO - Setting next_dagrun for example_nested_branch_dag to 2022-09-06T00:00:00+00:00, run_after=2022-09-07T00:00:00+00:00
[2022-09-07T07:55:32.411+0000] {processor.py:161} INFO - Processing /home/airflow/.local/lib/python3.7/site-packages/airflow/example_dags/example_nested_branch_dag.py took 0.157 seconds
[2022-09-07T07:56:02.485+0000] {processor.py:153} INFO - Started process (PID=103) to work on /home/airflow/.local/lib/python3.7/site-packages/airflow/example_dags/example_nested_branch_dag.py
[2022-09-07T07:56:02.486+0000] {processor.py:640} INFO - Processing file /home/airflow/.local/lib/python3.7/site-packages/airflow/example_dags/example_nested_branch_dag.py for tasks to queue
[2022-09-07T07:56:02.487+0000] {logging_mixin.py:115} INFO - [2022-09-07T07:56:02.487+0000] {dagbag.py:508} INFO - Filling up the DagBag from /home/airflow/.local/lib/python3.7/site-packages/airflow/example_dags/example_nested_branch_dag.py
[2022-09-07T07:56:02.493+0000] {processor.py:650} INFO - DAG(s) dict_keys(['example_nested_branch_dag']) retrieved from /home/airflow/.local/lib/python3.7/site-packages/airflow/example_dags/example_nested_branch_dag.py
[2022-09-07T07:56:02.511+0000] {logging_mixin.py:115} INFO - [2022-09-07T07:56:02.511+0000] {dag.py:2429} INFO - Sync 1 DAGs
[2022-09-07T07:56:02.524+0000] {logging_mixin.py:115} INFO - [2022-09-07T07:56:02.523+0000] {dag.py:2981} INFO - Setting next_dagrun for example_nested_branch_dag to 2022-09-06T00:00:00+00:00, run_after=2022-09-07T00:00:00+00:00
[2022-09-07T07:56:02.530+0000] {processor.py:161} INFO - Processing /home/airflow/.local/lib/python3.7/site-packages/airflow/example_dags/example_nested_branch_dag.py took 0.048 seconds
[2022-09-07T07:56:33.294+0000] {processor.py:153} INFO - Started process (PID=164) to work on /home/airflow/.local/lib/python3.7/site-packages/airflow/example_dags/example_nested_branch_dag.py
[2022-09-07T07:56:33.296+0000] {processor.py:640} INFO - Processing file /home/airflow/.local/lib/python3.7/site-packages/airflow/example_dags/example_nested_branch_dag.py for tasks to queue
[2022-09-07T07:56:33.297+0000] {logging_mixin.py:115} INFO - [2022-09-07T07:56:33.297+0000] {dagbag.py:508} INFO - Filling up the DagBag from /home/airflow/.local/lib/python3.7/site-packages/airflow/example_dags/example_nested_branch_dag.py
[2022-09-07T07:56:33.304+0000] {processor.py:650} INFO - DAG(s) dict_keys(['example_nested_branch_dag']) retrieved from /home/airflow/.local/lib/python3.7/site-packages/airflow/example_dags/example_nested_branch_dag.py
[2022-09-07T07:56:33.322+0000] {logging_mixin.py:115} INFO - [2022-09-07T07:56:33.322+0000] {dag.py:2429} INFO - Sync 1 DAGs
[2022-09-07T07:56:33.336+0000] {logging_mixin.py:115} INFO - [2022-09-07T07:56:33.335+0000] {dag.py:2981} INFO - Setting next_dagrun for example_nested_branch_dag to 2022-09-06T00:00:00+00:00, run_after=2022-09-07T00:00:00+00:00
[2022-09-07T07:56:33.343+0000] {processor.py:161} INFO - Processing /home/airflow/.local/lib/python3.7/site-packages/airflow/example_dags/example_nested_branch_dag.py took 0.051 seconds
[2022-09-07T07:57:03.947+0000] {processor.py:153} INFO - Started process (PID=225) to work on /home/airflow/.local/lib/python3.7/site-packages/airflow/example_dags/example_nested_branch_dag.py
[2022-09-07T07:57:03.949+0000] {processor.py:640} INFO - Processing file /home/airflow/.local/lib/python3.7/site-packages/airflow/example_dags/example_nested_branch_dag.py for tasks to queue
[2022-09-07T07:57:03.950+0000] {logging_mixin.py:115} INFO - [2022-09-07T07:57:03.950+0000] {dagbag.py:508} INFO - Filling up the DagBag from /home/airflow/.local/lib/python3.7/site-packages/airflow/example_dags/example_nested_branch_dag.py
[2022-09-07T07:57:03.957+0000] {processor.py:650} INFO - DAG(s) dict_keys(['example_nested_branch_dag']) retrieved from /home/airflow/.local/lib/python3.7/site-packages/airflow/example_dags/example_nested_branch_dag.py
[2022-09-07T07:57:03.974+0000] {logging_mixin.py:115} INFO - [2022-09-07T07:57:03.974+0000] {dag.py:2429} INFO - Sync 1 DAGs
[2022-09-07T07:57:03.989+0000] {logging_mixin.py:115} INFO - [2022-09-07T07:57:03.989+0000] {dag.py:2981} INFO - Setting next_dagrun for example_nested_branch_dag to 2022-09-06T00:00:00+00:00, run_after=2022-09-07T00:00:00+00:00
[2022-09-07T07:57:03.996+0000] {processor.py:161} INFO - Processing /home/airflow/.local/lib/python3.7/site-packages/airflow/example_dags/example_nested_branch_dag.py took 0.051 seconds
[2022-09-07T07:57:34.555+0000] {processor.py:153} INFO - Started process (PID=277) to work on /home/airflow/.local/lib/python3.7/site-packages/airflow/example_dags/example_nested_branch_dag.py
[2022-09-07T07:57:34.556+0000] {processor.py:640} INFO - Processing file /home/airflow/.local/lib/python3.7/site-packages/airflow/example_dags/example_nested_branch_dag.py for tasks to queue
[2022-09-07T07:57:34.558+0000] {logging_mixin.py:115} INFO - [2022-09-07T07:57:34.558+0000] {dagbag.py:508} INFO - Filling up the DagBag from /home/airflow/.local/lib/python3.7/site-packages/airflow/example_dags/example_nested_branch_dag.py
[2022-09-07T07:57:34.568+0000] {processor.py:650} INFO - DAG(s) dict_keys(['example_nested_branch_dag']) retrieved from /home/airflow/.local/lib/python3.7/site-packages/airflow/example_dags/example_nested_branch_dag.py
[2022-09-07T07:57:34.587+0000] {logging_mixin.py:115} INFO - [2022-09-07T07:57:34.587+0000] {dag.py:2429} INFO - Sync 1 DAGs
[2022-09-07T07:57:34.602+0000] {logging_mixin.py:115} INFO - [2022-09-07T07:57:34.602+0000] {dag.py:2981} INFO - Setting next_dagrun for example_nested_branch_dag to 2022-09-06T00:00:00+00:00, run_after=2022-09-07T00:00:00+00:00
[2022-09-07T07:57:34.611+0000] {processor.py:161} INFO - Processing /home/airflow/.local/lib/python3.7/site-packages/airflow/example_dags/example_nested_branch_dag.py took 0.059 seconds
[2022-09-07T07:58:05.333+0000] {processor.py:153} INFO - Started process (PID=338) to work on /home/airflow/.local/lib/python3.7/site-packages/airflow/example_dags/example_nested_branch_dag.py
[2022-09-07T07:58:05.336+0000] {processor.py:640} INFO - Processing file /home/airflow/.local/lib/python3.7/site-packages/airflow/example_dags/example_nested_branch_dag.py for tasks to queue
[2022-09-07T07:58:05.337+0000] {logging_mixin.py:115} INFO - [2022-09-07T07:58:05.337+0000] {dagbag.py:508} INFO - Filling up the DagBag from /home/airflow/.local/lib/python3.7/site-packages/airflow/example_dags/example_nested_branch_dag.py
[2022-09-07T07:58:05.346+0000] {processor.py:650} INFO - DAG(s) dict_keys(['example_nested_branch_dag']) retrieved from /home/airflow/.local/lib/python3.7/site-packages/airflow/example_dags/example_nested_branch_dag.py
[2022-09-07T07:58:05.364+0000] {logging_mixin.py:115} INFO - [2022-09-07T07:58:05.363+0000] {dag.py:2429} INFO - Sync 1 DAGs
[2022-09-07T07:58:05.377+0000] {logging_mixin.py:115} INFO - [2022-09-07T07:58:05.377+0000] {dag.py:2981} INFO - Setting next_dagrun for example_nested_branch_dag to 2022-09-06T00:00:00+00:00, run_after=2022-09-07T00:00:00+00:00
[2022-09-07T07:58:05.384+0000] {processor.py:161} INFO - Processing /home/airflow/.local/lib/python3.7/site-packages/airflow/example_dags/example_nested_branch_dag.py took 0.054 seconds
[2022-09-07T07:58:36.457+0000] {processor.py:153} INFO - Started process (PID=397) to work on /home/airflow/.local/lib/python3.7/site-packages/airflow/example_dags/example_nested_branch_dag.py
[2022-09-07T07:58:36.459+0000] {processor.py:640} INFO - Processing file /home/airflow/.local/lib/python3.7/site-packages/airflow/example_dags/example_nested_branch_dag.py for tasks to queue
[2022-09-07T07:58:36.460+0000] {logging_mixin.py:115} INFO - [2022-09-07T07:58:36.460+0000] {dagbag.py:508} INFO - Filling up the DagBag from /home/airflow/.local/lib/python3.7/site-packages/airflow/example_dags/example_nested_branch_dag.py
[2022-09-07T07:58:36.467+0000] {processor.py:650} INFO - DAG(s) dict_keys(['example_nested_branch_dag']) retrieved from /home/airflow/.local/lib/python3.7/site-packages/airflow/example_dags/example_nested_branch_dag.py
[2022-09-07T07:58:36.484+0000] {logging_mixin.py:115} INFO - [2022-09-07T07:58:36.484+0000] {dag.py:2429} INFO - Sync 1 DAGs
[2022-09-07T07:58:36.497+0000] {logging_mixin.py:115} INFO - [2022-09-07T07:58:36.497+0000] {dag.py:2981} INFO - Setting next_dagrun for example_nested_branch_dag to 2022-09-06T00:00:00+00:00, run_after=2022-09-07T00:00:00+00:00
[2022-09-07T07:58:36.504+0000] {processor.py:161} INFO - Processing /home/airflow/.local/lib/python3.7/site-packages/airflow/example_dags/example_nested_branch_dag.py took 0.049 seconds
[2022-09-07T07:59:07.548+0000] {processor.py:153} INFO - Started process (PID=458) to work on /home/airflow/.local/lib/python3.7/site-packages/airflow/example_dags/example_nested_branch_dag.py
[2022-09-07T07:59:07.549+0000] {processor.py:640} INFO - Processing file /home/airflow/.local/lib/python3.7/site-packages/airflow/example_dags/example_nested_branch_dag.py for tasks to queue
[2022-09-07T07:59:07.550+0000] {logging_mixin.py:115} INFO - [2022-09-07T07:59:07.550+0000] {dagbag.py:508} INFO - Filling up the DagBag from /home/airflow/.local/lib/python3.7/site-packages/airflow/example_dags/example_nested_branch_dag.py
[2022-09-07T07:59:07.557+0000] {processor.py:650} INFO - DAG(s) dict_keys(['example_nested_branch_dag']) retrieved from /home/airflow/.local/lib/python3.7/site-packages/airflow/example_dags/example_nested_branch_dag.py
[2022-09-07T07:59:07.575+0000] {logging_mixin.py:115} INFO - [2022-09-07T07:59:07.575+0000] {dag.py:2429} INFO - Sync 1 DAGs
[2022-09-07T07:59:07.590+0000] {logging_mixin.py:115} INFO - [2022-09-07T07:59:07.590+0000] {dag.py:2981} INFO - Setting next_dagrun for example_nested_branch_dag to 2022-09-06T00:00:00+00:00, run_after=2022-09-07T00:00:00+00:00
[2022-09-07T07:59:07.600+0000] {processor.py:161} INFO - Processing /home/airflow/.local/lib/python3.7/site-packages/airflow/example_dags/example_nested_branch_dag.py took 0.054 seconds
[2022-09-07T07:59:38.342+0000] {processor.py:153} INFO - Started process (PID=518) to work on /home/airflow/.local/lib/python3.7/site-packages/airflow/example_dags/example_nested_branch_dag.py
[2022-09-07T07:59:38.343+0000] {processor.py:640} INFO - Processing file /home/airflow/.local/lib/python3.7/site-packages/airflow/example_dags/example_nested_branch_dag.py for tasks to queue
[2022-09-07T07:59:38.344+0000] {logging_mixin.py:115} INFO - [2022-09-07T07:59:38.344+0000] {dagbag.py:508} INFO - Filling up the DagBag from /home/airflow/.local/lib/python3.7/site-packages/airflow/example_dags/example_nested_branch_dag.py
[2022-09-07T07:59:38.352+0000] {processor.py:650} INFO - DAG(s) dict_keys(['example_nested_branch_dag']) retrieved from /home/airflow/.local/lib/python3.7/site-packages/airflow/example_dags/example_nested_branch_dag.py
[2022-09-07T07:59:38.370+0000] {logging_mixin.py:115} INFO - [2022-09-07T07:59:38.370+0000] {dag.py:2429} INFO - Sync 1 DAGs
[2022-09-07T07:59:38.384+0000] {logging_mixin.py:115} INFO - [2022-09-07T07:59:38.384+0000] {dag.py:2981} INFO - Setting next_dagrun for example_nested_branch_dag to 2022-09-06T00:00:00+00:00, run_after=2022-09-07T00:00:00+00:00
[2022-09-07T07:59:38.392+0000] {processor.py:161} INFO - Processing /home/airflow/.local/lib/python3.7/site-packages/airflow/example_dags/example_nested_branch_dag.py took 0.052 seconds
[2022-09-07T08:00:09.185+0000] {processor.py:153} INFO - Started process (PID=579) to work on /home/airflow/.local/lib/python3.7/site-packages/airflow/example_dags/example_nested_branch_dag.py
[2022-09-07T08:00:09.186+0000] {processor.py:640} INFO - Processing file /home/airflow/.local/lib/python3.7/site-packages/airflow/example_dags/example_nested_branch_dag.py for tasks to queue
[2022-09-07T08:00:09.187+0000] {logging_mixin.py:115} INFO - [2022-09-07T08:00:09.187+0000] {dagbag.py:508} INFO - Filling up the DagBag from /home/airflow/.local/lib/python3.7/site-packages/airflow/example_dags/example_nested_branch_dag.py
[2022-09-07T08:00:09.194+0000] {processor.py:650} INFO - DAG(s) dict_keys(['example_nested_branch_dag']) retrieved from /home/airflow/.local/lib/python3.7/site-packages/airflow/example_dags/example_nested_branch_dag.py
[2022-09-07T08:00:09.212+0000] {logging_mixin.py:115} INFO - [2022-09-07T08:00:09.211+0000] {dag.py:2429} INFO - Sync 1 DAGs
[2022-09-07T08:00:09.229+0000] {logging_mixin.py:115} INFO - [2022-09-07T08:00:09.229+0000] {dag.py:2981} INFO - Setting next_dagrun for example_nested_branch_dag to 2022-09-06T00:00:00+00:00, run_after=2022-09-07T00:00:00+00:00
[2022-09-07T08:00:09.239+0000] {processor.py:161} INFO - Processing /home/airflow/.local/lib/python3.7/site-packages/airflow/example_dags/example_nested_branch_dag.py took 0.056 seconds
[2022-09-07T08:00:40.180+0000] {processor.py:153} INFO - Started process (PID=935) to work on /home/airflow/.local/lib/python3.7/site-packages/airflow/example_dags/example_nested_branch_dag.py
[2022-09-07T08:00:40.182+0000] {processor.py:640} INFO - Processing file /home/airflow/.local/lib/python3.7/site-packages/airflow/example_dags/example_nested_branch_dag.py for tasks to queue
[2022-09-07T08:00:40.183+0000] {logging_mixin.py:115} INFO - [2022-09-07T08:00:40.183+0000] {dagbag.py:508} INFO - Filling up the DagBag from /home/airflow/.local/lib/python3.7/site-packages/airflow/example_dags/example_nested_branch_dag.py
[2022-09-07T08:00:40.191+0000] {processor.py:650} INFO - DAG(s) dict_keys(['example_nested_branch_dag']) retrieved from /home/airflow/.local/lib/python3.7/site-packages/airflow/example_dags/example_nested_branch_dag.py
[2022-09-07T08:00:40.219+0000] {logging_mixin.py:115} INFO - [2022-09-07T08:00:40.219+0000] {dag.py:2429} INFO - Sync 1 DAGs
[2022-09-07T08:00:40.242+0000] {logging_mixin.py:115} INFO - [2022-09-07T08:00:40.242+0000] {dag.py:2981} INFO - Setting next_dagrun for example_nested_branch_dag to 2022-09-06T00:00:00+00:00, run_after=2022-09-07T00:00:00+00:00
[2022-09-07T08:00:40.253+0000] {processor.py:161} INFO - Processing /home/airflow/.local/lib/python3.7/site-packages/airflow/example_dags/example_nested_branch_dag.py took 0.075 seconds
[2022-09-07T08:01:10.927+0000] {processor.py:153} INFO - Started process (PID=2084) to work on /home/airflow/.local/lib/python3.7/site-packages/airflow/example_dags/example_nested_branch_dag.py
[2022-09-07T08:01:10.929+0000] {processor.py:640} INFO - Processing file /home/airflow/.local/lib/python3.7/site-packages/airflow/example_dags/example_nested_branch_dag.py for tasks to queue
[2022-09-07T08:01:10.930+0000] {logging_mixin.py:115} INFO - [2022-09-07T08:01:10.930+0000] {dagbag.py:508} INFO - Filling up the DagBag from /home/airflow/.local/lib/python3.7/site-packages/airflow/example_dags/example_nested_branch_dag.py
[2022-09-07T08:01:10.937+0000] {processor.py:650} INFO - DAG(s) dict_keys(['example_nested_branch_dag']) retrieved from /home/airflow/.local/lib/python3.7/site-packages/airflow/example_dags/example_nested_branch_dag.py
[2022-09-07T08:01:10.956+0000] {logging_mixin.py:115} INFO - [2022-09-07T08:01:10.956+0000] {dag.py:2429} INFO - Sync 1 DAGs
[2022-09-07T08:01:10.971+0000] {logging_mixin.py:115} INFO - [2022-09-07T08:01:10.971+0000] {dag.py:2981} INFO - Setting next_dagrun for example_nested_branch_dag to 2022-09-06T00:00:00+00:00, run_after=2022-09-07T00:00:00+00:00
[2022-09-07T08:01:10.979+0000] {processor.py:161} INFO - Processing /home/airflow/.local/lib/python3.7/site-packages/airflow/example_dags/example_nested_branch_dag.py took 0.054 seconds
[2022-09-07T08:01:41.675+0000] {processor.py:153} INFO - Started process (PID=2331) to work on /home/airflow/.local/lib/python3.7/site-packages/airflow/example_dags/example_nested_branch_dag.py
[2022-09-07T08:01:41.677+0000] {processor.py:640} INFO - Processing file /home/airflow/.local/lib/python3.7/site-packages/airflow/example_dags/example_nested_branch_dag.py for tasks to queue
[2022-09-07T08:01:41.678+0000] {logging_mixin.py:115} INFO - [2022-09-07T08:01:41.678+0000] {dagbag.py:508} INFO - Filling up the DagBag from /home/airflow/.local/lib/python3.7/site-packages/airflow/example_dags/example_nested_branch_dag.py
[2022-09-07T08:01:41.685+0000] {processor.py:650} INFO - DAG(s) dict_keys(['example_nested_branch_dag']) retrieved from /home/airflow/.local/lib/python3.7/site-packages/airflow/example_dags/example_nested_branch_dag.py
[2022-09-07T08:01:41.707+0000] {logging_mixin.py:115} INFO - [2022-09-07T08:01:41.707+0000] {dag.py:2429} INFO - Sync 1 DAGs
[2022-09-07T08:01:41.724+0000] {logging_mixin.py:115} INFO - [2022-09-07T08:01:41.724+0000] {dag.py:2981} INFO - Setting next_dagrun for example_nested_branch_dag to 2022-09-06T00:00:00+00:00, run_after=2022-09-07T00:00:00+00:00
[2022-09-07T08:01:41.735+0000] {processor.py:161} INFO - Processing /home/airflow/.local/lib/python3.7/site-packages/airflow/example_dags/example_nested_branch_dag.py took 0.064 seconds
[2022-09-07T08:02:12.504+0000] {processor.py:153} INFO - Started process (PID=2393) to work on /home/airflow/.local/lib/python3.7/site-packages/airflow/example_dags/example_nested_branch_dag.py
[2022-09-07T08:02:12.506+0000] {processor.py:640} INFO - Processing file /home/airflow/.local/lib/python3.7/site-packages/airflow/example_dags/example_nested_branch_dag.py for tasks to queue
[2022-09-07T08:02:12.507+0000] {logging_mixin.py:115} INFO - [2022-09-07T08:02:12.507+0000] {dagbag.py:508} INFO - Filling up the DagBag from /home/airflow/.local/lib/python3.7/site-packages/airflow/example_dags/example_nested_branch_dag.py
[2022-09-07T08:02:12.514+0000] {processor.py:650} INFO - DAG(s) dict_keys(['example_nested_branch_dag']) retrieved from /home/airflow/.local/lib/python3.7/site-packages/airflow/example_dags/example_nested_branch_dag.py
[2022-09-07T08:02:12.531+0000] {logging_mixin.py:115} INFO - [2022-09-07T08:02:12.531+0000] {dag.py:2429} INFO - Sync 1 DAGs
[2022-09-07T08:02:12.545+0000] {logging_mixin.py:115} INFO - [2022-09-07T08:02:12.545+0000] {dag.py:2981} INFO - Setting next_dagrun for example_nested_branch_dag to 2022-09-06T00:00:00+00:00, run_after=2022-09-07T00:00:00+00:00
[2022-09-07T08:02:12.554+0000] {processor.py:161} INFO - Processing /home/airflow/.local/lib/python3.7/site-packages/airflow/example_dags/example_nested_branch_dag.py took 0.052 seconds
[2022-09-07T08:02:43.334+0000] {processor.py:153} INFO - Started process (PID=2453) to work on /home/airflow/.local/lib/python3.7/site-packages/airflow/example_dags/example_nested_branch_dag.py
[2022-09-07T08:02:43.335+0000] {processor.py:640} INFO - Processing file /home/airflow/.local/lib/python3.7/site-packages/airflow/example_dags/example_nested_branch_dag.py for tasks to queue
[2022-09-07T08:02:43.336+0000] {logging_mixin.py:115} INFO - [2022-09-07T08:02:43.336+0000] {dagbag.py:508} INFO - Filling up the DagBag from /home/airflow/.local/lib/python3.7/site-packages/airflow/example_dags/example_nested_branch_dag.py
[2022-09-07T08:02:43.343+0000] {processor.py:650} INFO - DAG(s) dict_keys(['example_nested_branch_dag']) retrieved from /home/airflow/.local/lib/python3.7/site-packages/airflow/example_dags/example_nested_branch_dag.py
[2022-09-07T08:02:43.360+0000] {logging_mixin.py:115} INFO - [2022-09-07T08:02:43.360+0000] {dag.py:2429} INFO - Sync 1 DAGs
[2022-09-07T08:02:43.373+0000] {logging_mixin.py:115} INFO - [2022-09-07T08:02:43.373+0000] {dag.py:2981} INFO - Setting next_dagrun for example_nested_branch_dag to 2022-09-06T00:00:00+00:00, run_after=2022-09-07T00:00:00+00:00
[2022-09-07T08:02:43.381+0000] {processor.py:161} INFO - Processing /home/airflow/.local/lib/python3.7/site-packages/airflow/example_dags/example_nested_branch_dag.py took 0.050 seconds
[2022-09-07T08:03:14.090+0000] {processor.py:153} INFO - Started process (PID=2513) to work on /home/airflow/.local/lib/python3.7/site-packages/airflow/example_dags/example_nested_branch_dag.py
[2022-09-07T08:03:14.091+0000] {processor.py:640} INFO - Processing file /home/airflow/.local/lib/python3.7/site-packages/airflow/example_dags/example_nested_branch_dag.py for tasks to queue
[2022-09-07T08:03:14.092+0000] {logging_mixin.py:115} INFO - [2022-09-07T08:03:14.092+0000] {dagbag.py:508} INFO - Filling up the DagBag from /home/airflow/.local/lib/python3.7/site-packages/airflow/example_dags/example_nested_branch_dag.py
[2022-09-07T08:03:14.099+0000] {processor.py:650} INFO - DAG(s) dict_keys(['example_nested_branch_dag']) retrieved from /home/airflow/.local/lib/python3.7/site-packages/airflow/example_dags/example_nested_branch_dag.py
[2022-09-07T08:03:14.117+0000] {logging_mixin.py:115} INFO - [2022-09-07T08:03:14.117+0000] {dag.py:2429} INFO - Sync 1 DAGs
[2022-09-07T08:03:14.134+0000] {logging_mixin.py:115} INFO - [2022-09-07T08:03:14.134+0000] {dag.py:2981} INFO - Setting next_dagrun for example_nested_branch_dag to 2022-09-06T00:00:00+00:00, run_after=2022-09-07T00:00:00+00:00
[2022-09-07T08:03:14.147+0000] {processor.py:161} INFO - Processing /home/airflow/.local/lib/python3.7/site-packages/airflow/example_dags/example_nested_branch_dag.py took 0.059 seconds
[2022-09-07T08:03:44.898+0000] {processor.py:153} INFO - Started process (PID=2574) to work on /home/airflow/.local/lib/python3.7/site-packages/airflow/example_dags/example_nested_branch_dag.py
[2022-09-07T08:03:44.899+0000] {processor.py:640} INFO - Processing file /home/airflow/.local/lib/python3.7/site-packages/airflow/example_dags/example_nested_branch_dag.py for tasks to queue
[2022-09-07T08:03:44.901+0000] {logging_mixin.py:115} INFO - [2022-09-07T08:03:44.901+0000] {dagbag.py:508} INFO - Filling up the DagBag from /home/airflow/.local/lib/python3.7/site-packages/airflow/example_dags/example_nested_branch_dag.py
[2022-09-07T08:03:44.908+0000] {processor.py:650} INFO - DAG(s) dict_keys(['example_nested_branch_dag']) retrieved from /home/airflow/.local/lib/python3.7/site-packages/airflow/example_dags/example_nested_branch_dag.py
[2022-09-07T08:03:44.927+0000] {logging_mixin.py:115} INFO - [2022-09-07T08:03:44.926+0000] {dag.py:2429} INFO - Sync 1 DAGs
[2022-09-07T08:03:44.942+0000] {logging_mixin.py:115} INFO - [2022-09-07T08:03:44.942+0000] {dag.py:2981} INFO - Setting next_dagrun for example_nested_branch_dag to 2022-09-06T00:00:00+00:00, run_after=2022-09-07T00:00:00+00:00
[2022-09-07T08:03:44.952+0000] {processor.py:161} INFO - Processing /home/airflow/.local/lib/python3.7/site-packages/airflow/example_dags/example_nested_branch_dag.py took 0.057 seconds
[2022-09-07T08:04:15.587+0000] {processor.py:153} INFO - Started process (PID=2626) to work on /home/airflow/.local/lib/python3.7/site-packages/airflow/example_dags/example_nested_branch_dag.py
[2022-09-07T08:04:15.589+0000] {processor.py:640} INFO - Processing file /home/airflow/.local/lib/python3.7/site-packages/airflow/example_dags/example_nested_branch_dag.py for tasks to queue
[2022-09-07T08:04:15.590+0000] {logging_mixin.py:115} INFO - [2022-09-07T08:04:15.590+0000] {dagbag.py:508} INFO - Filling up the DagBag from /home/airflow/.local/lib/python3.7/site-packages/airflow/example_dags/example_nested_branch_dag.py
[2022-09-07T08:04:15.597+0000] {processor.py:650} INFO - DAG(s) dict_keys(['example_nested_branch_dag']) retrieved from /home/airflow/.local/lib/python3.7/site-packages/airflow/example_dags/example_nested_branch_dag.py
[2022-09-07T08:04:15.616+0000] {logging_mixin.py:115} INFO - [2022-09-07T08:04:15.616+0000] {dag.py:2429} INFO - Sync 1 DAGs
[2022-09-07T08:04:15.635+0000] {logging_mixin.py:115} INFO - [2022-09-07T08:04:15.634+0000] {dag.py:2981} INFO - Setting next_dagrun for example_nested_branch_dag to 2022-09-06T00:00:00+00:00, run_after=2022-09-07T00:00:00+00:00
[2022-09-07T08:04:15.643+0000] {processor.py:161} INFO - Processing /home/airflow/.local/lib/python3.7/site-packages/airflow/example_dags/example_nested_branch_dag.py took 0.058 seconds
[2022-09-07T16:21:01.239+0000] {processor.py:153} INFO - Started process (PID=59) to work on /home/airflow/.local/lib/python3.7/site-packages/airflow/example_dags/example_nested_branch_dag.py
[2022-09-07T16:21:01.241+0000] {processor.py:640} INFO - Processing file /home/airflow/.local/lib/python3.7/site-packages/airflow/example_dags/example_nested_branch_dag.py for tasks to queue
[2022-09-07T16:21:01.243+0000] {logging_mixin.py:115} INFO - [2022-09-07T16:21:01.243+0000] {dagbag.py:508} INFO - Filling up the DagBag from /home/airflow/.local/lib/python3.7/site-packages/airflow/example_dags/example_nested_branch_dag.py
[2022-09-07T16:21:01.252+0000] {processor.py:650} INFO - DAG(s) dict_keys(['example_nested_branch_dag']) retrieved from /home/airflow/.local/lib/python3.7/site-packages/airflow/example_dags/example_nested_branch_dag.py
[2022-09-07T16:21:01.272+0000] {logging_mixin.py:115} INFO - [2022-09-07T16:21:01.272+0000] {dag.py:2429} INFO - Sync 1 DAGs
[2022-09-07T16:21:01.288+0000] {logging_mixin.py:115} INFO - [2022-09-07T16:21:01.288+0000] {dag.py:2981} INFO - Setting next_dagrun for example_nested_branch_dag to 2022-09-06T00:00:00+00:00, run_after=2022-09-07T00:00:00+00:00
[2022-09-07T16:21:01.303+0000] {processor.py:161} INFO - Processing /home/airflow/.local/lib/python3.7/site-packages/airflow/example_dags/example_nested_branch_dag.py took 0.067 seconds
[2022-09-07T16:21:31.919+0000] {processor.py:153} INFO - Started process (PID=119) to work on /home/airflow/.local/lib/python3.7/site-packages/airflow/example_dags/example_nested_branch_dag.py
[2022-09-07T16:21:31.921+0000] {processor.py:640} INFO - Processing file /home/airflow/.local/lib/python3.7/site-packages/airflow/example_dags/example_nested_branch_dag.py for tasks to queue
[2022-09-07T16:21:31.923+0000] {logging_mixin.py:115} INFO - [2022-09-07T16:21:31.923+0000] {dagbag.py:508} INFO - Filling up the DagBag from /home/airflow/.local/lib/python3.7/site-packages/airflow/example_dags/example_nested_branch_dag.py
[2022-09-07T16:21:31.930+0000] {processor.py:650} INFO - DAG(s) dict_keys(['example_nested_branch_dag']) retrieved from /home/airflow/.local/lib/python3.7/site-packages/airflow/example_dags/example_nested_branch_dag.py
[2022-09-07T16:21:31.950+0000] {logging_mixin.py:115} INFO - [2022-09-07T16:21:31.950+0000] {dag.py:2429} INFO - Sync 1 DAGs
[2022-09-07T16:21:31.967+0000] {logging_mixin.py:115} INFO - [2022-09-07T16:21:31.967+0000] {dag.py:2981} INFO - Setting next_dagrun for example_nested_branch_dag to 2022-09-06T00:00:00+00:00, run_after=2022-09-07T00:00:00+00:00
[2022-09-07T16:21:31.975+0000] {processor.py:161} INFO - Processing /home/airflow/.local/lib/python3.7/site-packages/airflow/example_dags/example_nested_branch_dag.py took 0.058 seconds
[2022-09-07T16:22:02.583+0000] {processor.py:153} INFO - Started process (PID=574) to work on /home/airflow/.local/lib/python3.7/site-packages/airflow/example_dags/example_nested_branch_dag.py
[2022-09-07T16:22:02.585+0000] {processor.py:640} INFO - Processing file /home/airflow/.local/lib/python3.7/site-packages/airflow/example_dags/example_nested_branch_dag.py for tasks to queue
[2022-09-07T16:22:02.587+0000] {logging_mixin.py:115} INFO - [2022-09-07T16:22:02.587+0000] {dagbag.py:508} INFO - Filling up the DagBag from /home/airflow/.local/lib/python3.7/site-packages/airflow/example_dags/example_nested_branch_dag.py
[2022-09-07T16:22:02.595+0000] {processor.py:650} INFO - DAG(s) dict_keys(['example_nested_branch_dag']) retrieved from /home/airflow/.local/lib/python3.7/site-packages/airflow/example_dags/example_nested_branch_dag.py
[2022-09-07T16:22:02.617+0000] {logging_mixin.py:115} INFO - [2022-09-07T16:22:02.616+0000] {dag.py:2429} INFO - Sync 1 DAGs
[2022-09-07T16:22:02.630+0000] {logging_mixin.py:115} INFO - [2022-09-07T16:22:02.630+0000] {dag.py:2981} INFO - Setting next_dagrun for example_nested_branch_dag to 2022-09-06T00:00:00+00:00, run_after=2022-09-07T00:00:00+00:00
[2022-09-07T16:22:02.639+0000] {processor.py:161} INFO - Processing /home/airflow/.local/lib/python3.7/site-packages/airflow/example_dags/example_nested_branch_dag.py took 0.059 seconds
[2022-09-07T16:22:32.763+0000] {processor.py:153} INFO - Started process (PID=1270) to work on /home/airflow/.local/lib/python3.7/site-packages/airflow/example_dags/example_nested_branch_dag.py
[2022-09-07T16:22:32.765+0000] {processor.py:640} INFO - Processing file /home/airflow/.local/lib/python3.7/site-packages/airflow/example_dags/example_nested_branch_dag.py for tasks to queue
[2022-09-07T16:22:32.767+0000] {logging_mixin.py:115} INFO - [2022-09-07T16:22:32.766+0000] {dagbag.py:508} INFO - Filling up the DagBag from /home/airflow/.local/lib/python3.7/site-packages/airflow/example_dags/example_nested_branch_dag.py
[2022-09-07T16:22:32.774+0000] {processor.py:650} INFO - DAG(s) dict_keys(['example_nested_branch_dag']) retrieved from /home/airflow/.local/lib/python3.7/site-packages/airflow/example_dags/example_nested_branch_dag.py
[2022-09-07T16:22:32.797+0000] {logging_mixin.py:115} INFO - [2022-09-07T16:22:32.797+0000] {dag.py:2429} INFO - Sync 1 DAGs
[2022-09-07T16:22:32.813+0000] {logging_mixin.py:115} INFO - [2022-09-07T16:22:32.813+0000] {dag.py:2981} INFO - Setting next_dagrun for example_nested_branch_dag to 2022-09-06T00:00:00+00:00, run_after=2022-09-07T00:00:00+00:00
[2022-09-07T16:22:32.822+0000] {processor.py:161} INFO - Processing /home/airflow/.local/lib/python3.7/site-packages/airflow/example_dags/example_nested_branch_dag.py took 0.061 seconds
[2022-09-07T16:23:03.405+0000] {processor.py:153} INFO - Started process (PID=1802) to work on /home/airflow/.local/lib/python3.7/site-packages/airflow/example_dags/example_nested_branch_dag.py
[2022-09-07T16:23:03.406+0000] {processor.py:640} INFO - Processing file /home/airflow/.local/lib/python3.7/site-packages/airflow/example_dags/example_nested_branch_dag.py for tasks to queue
[2022-09-07T16:23:03.408+0000] {logging_mixin.py:115} INFO - [2022-09-07T16:23:03.408+0000] {dagbag.py:508} INFO - Filling up the DagBag from /home/airflow/.local/lib/python3.7/site-packages/airflow/example_dags/example_nested_branch_dag.py
[2022-09-07T16:23:03.415+0000] {processor.py:650} INFO - DAG(s) dict_keys(['example_nested_branch_dag']) retrieved from /home/airflow/.local/lib/python3.7/site-packages/airflow/example_dags/example_nested_branch_dag.py
[2022-09-07T16:23:03.433+0000] {logging_mixin.py:115} INFO - [2022-09-07T16:23:03.432+0000] {dag.py:2429} INFO - Sync 1 DAGs
[2022-09-07T16:23:03.446+0000] {logging_mixin.py:115} INFO - [2022-09-07T16:23:03.446+0000] {dag.py:2981} INFO - Setting next_dagrun for example_nested_branch_dag to 2022-09-06T00:00:00+00:00, run_after=2022-09-07T00:00:00+00:00
[2022-09-07T16:23:03.489+0000] {processor.py:161} INFO - Processing /home/airflow/.local/lib/python3.7/site-packages/airflow/example_dags/example_nested_branch_dag.py took 0.086 seconds
[2022-09-07T16:23:34.306+0000] {processor.py:153} INFO - Started process (PID=2171) to work on /home/airflow/.local/lib/python3.7/site-packages/airflow/example_dags/example_nested_branch_dag.py
[2022-09-07T16:23:34.308+0000] {processor.py:640} INFO - Processing file /home/airflow/.local/lib/python3.7/site-packages/airflow/example_dags/example_nested_branch_dag.py for tasks to queue
[2022-09-07T16:23:34.310+0000] {logging_mixin.py:115} INFO - [2022-09-07T16:23:34.310+0000] {dagbag.py:508} INFO - Filling up the DagBag from /home/airflow/.local/lib/python3.7/site-packages/airflow/example_dags/example_nested_branch_dag.py
[2022-09-07T16:23:34.322+0000] {processor.py:650} INFO - DAG(s) dict_keys(['example_nested_branch_dag']) retrieved from /home/airflow/.local/lib/python3.7/site-packages/airflow/example_dags/example_nested_branch_dag.py
[2022-09-07T16:23:34.355+0000] {logging_mixin.py:115} INFO - [2022-09-07T16:23:34.355+0000] {dag.py:2429} INFO - Sync 1 DAGs
[2022-09-07T16:23:34.371+0000] {logging_mixin.py:115} INFO - [2022-09-07T16:23:34.371+0000] {dag.py:2981} INFO - Setting next_dagrun for example_nested_branch_dag to 2022-09-06T00:00:00+00:00, run_after=2022-09-07T00:00:00+00:00
[2022-09-07T16:23:34.379+0000] {processor.py:161} INFO - Processing /home/airflow/.local/lib/python3.7/site-packages/airflow/example_dags/example_nested_branch_dag.py took 0.075 seconds
[2022-09-07T16:24:04.923+0000] {processor.py:153} INFO - Started process (PID=2548) to work on /home/airflow/.local/lib/python3.7/site-packages/airflow/example_dags/example_nested_branch_dag.py
[2022-09-07T16:24:04.947+0000] {processor.py:640} INFO - Processing file /home/airflow/.local/lib/python3.7/site-packages/airflow/example_dags/example_nested_branch_dag.py for tasks to queue
[2022-09-07T16:24:04.948+0000] {logging_mixin.py:115} INFO - [2022-09-07T16:24:04.948+0000] {dagbag.py:508} INFO - Filling up the DagBag from /home/airflow/.local/lib/python3.7/site-packages/airflow/example_dags/example_nested_branch_dag.py
[2022-09-07T16:24:04.956+0000] {processor.py:650} INFO - DAG(s) dict_keys(['example_nested_branch_dag']) retrieved from /home/airflow/.local/lib/python3.7/site-packages/airflow/example_dags/example_nested_branch_dag.py
[2022-09-07T16:24:05.003+0000] {logging_mixin.py:115} INFO - [2022-09-07T16:24:05.003+0000] {dag.py:2429} INFO - Sync 1 DAGs
[2022-09-07T16:24:05.017+0000] {logging_mixin.py:115} INFO - [2022-09-07T16:24:05.017+0000] {dag.py:2981} INFO - Setting next_dagrun for example_nested_branch_dag to 2022-09-06T00:00:00+00:00, run_after=2022-09-07T00:00:00+00:00
[2022-09-07T16:24:05.025+0000] {processor.py:161} INFO - Processing /home/airflow/.local/lib/python3.7/site-packages/airflow/example_dags/example_nested_branch_dag.py took 0.105 seconds
[2022-09-07T16:24:35.565+0000] {processor.py:153} INFO - Started process (PID=2915) to work on /home/airflow/.local/lib/python3.7/site-packages/airflow/example_dags/example_nested_branch_dag.py
[2022-09-07T16:24:35.566+0000] {processor.py:640} INFO - Processing file /home/airflow/.local/lib/python3.7/site-packages/airflow/example_dags/example_nested_branch_dag.py for tasks to queue
[2022-09-07T16:24:35.568+0000] {logging_mixin.py:115} INFO - [2022-09-07T16:24:35.567+0000] {dagbag.py:508} INFO - Filling up the DagBag from /home/airflow/.local/lib/python3.7/site-packages/airflow/example_dags/example_nested_branch_dag.py
[2022-09-07T16:24:35.575+0000] {processor.py:650} INFO - DAG(s) dict_keys(['example_nested_branch_dag']) retrieved from /home/airflow/.local/lib/python3.7/site-packages/airflow/example_dags/example_nested_branch_dag.py
[2022-09-07T16:24:35.597+0000] {logging_mixin.py:115} INFO - [2022-09-07T16:24:35.597+0000] {dag.py:2429} INFO - Sync 1 DAGs
[2022-09-07T16:24:35.613+0000] {logging_mixin.py:115} INFO - [2022-09-07T16:24:35.612+0000] {dag.py:2981} INFO - Setting next_dagrun for example_nested_branch_dag to 2022-09-06T00:00:00+00:00, run_after=2022-09-07T00:00:00+00:00
[2022-09-07T16:24:35.622+0000] {processor.py:161} INFO - Processing /home/airflow/.local/lib/python3.7/site-packages/airflow/example_dags/example_nested_branch_dag.py took 0.060 seconds
[2022-09-07T16:25:06.486+0000] {processor.py:153} INFO - Started process (PID=3243) to work on /home/airflow/.local/lib/python3.7/site-packages/airflow/example_dags/example_nested_branch_dag.py
[2022-09-07T16:25:06.493+0000] {processor.py:640} INFO - Processing file /home/airflow/.local/lib/python3.7/site-packages/airflow/example_dags/example_nested_branch_dag.py for tasks to queue
[2022-09-07T16:25:06.495+0000] {logging_mixin.py:115} INFO - [2022-09-07T16:25:06.495+0000] {dagbag.py:508} INFO - Filling up the DagBag from /home/airflow/.local/lib/python3.7/site-packages/airflow/example_dags/example_nested_branch_dag.py
[2022-09-07T16:25:06.503+0000] {processor.py:650} INFO - DAG(s) dict_keys(['example_nested_branch_dag']) retrieved from /home/airflow/.local/lib/python3.7/site-packages/airflow/example_dags/example_nested_branch_dag.py
[2022-09-07T16:25:06.522+0000] {logging_mixin.py:115} INFO - [2022-09-07T16:25:06.522+0000] {dag.py:2429} INFO - Sync 1 DAGs
[2022-09-07T16:25:06.541+0000] {logging_mixin.py:115} INFO - [2022-09-07T16:25:06.540+0000] {dag.py:2981} INFO - Setting next_dagrun for example_nested_branch_dag to 2022-09-06T00:00:00+00:00, run_after=2022-09-07T00:00:00+00:00
[2022-09-07T16:25:06.551+0000] {processor.py:161} INFO - Processing /home/airflow/.local/lib/python3.7/site-packages/airflow/example_dags/example_nested_branch_dag.py took 0.068 seconds
[2022-09-07T16:25:36.689+0000] {processor.py:153} INFO - Started process (PID=3304) to work on /home/airflow/.local/lib/python3.7/site-packages/airflow/example_dags/example_nested_branch_dag.py
[2022-09-07T16:25:36.692+0000] {processor.py:640} INFO - Processing file /home/airflow/.local/lib/python3.7/site-packages/airflow/example_dags/example_nested_branch_dag.py for tasks to queue
[2022-09-07T16:25:36.694+0000] {logging_mixin.py:115} INFO - [2022-09-07T16:25:36.693+0000] {dagbag.py:508} INFO - Filling up the DagBag from /home/airflow/.local/lib/python3.7/site-packages/airflow/example_dags/example_nested_branch_dag.py
[2022-09-07T16:25:36.702+0000] {processor.py:650} INFO - DAG(s) dict_keys(['example_nested_branch_dag']) retrieved from /home/airflow/.local/lib/python3.7/site-packages/airflow/example_dags/example_nested_branch_dag.py
[2022-09-07T16:25:36.721+0000] {logging_mixin.py:115} INFO - [2022-09-07T16:25:36.721+0000] {dag.py:2429} INFO - Sync 1 DAGs
[2022-09-07T16:25:36.735+0000] {logging_mixin.py:115} INFO - [2022-09-07T16:25:36.735+0000] {dag.py:2981} INFO - Setting next_dagrun for example_nested_branch_dag to 2022-09-06T00:00:00+00:00, run_after=2022-09-07T00:00:00+00:00
[2022-09-07T16:25:36.745+0000] {processor.py:161} INFO - Processing /home/airflow/.local/lib/python3.7/site-packages/airflow/example_dags/example_nested_branch_dag.py took 0.058 seconds
[2022-09-07T16:26:06.989+0000] {processor.py:153} INFO - Started process (PID=3357) to work on /home/airflow/.local/lib/python3.7/site-packages/airflow/example_dags/example_nested_branch_dag.py
[2022-09-07T16:26:06.990+0000] {processor.py:640} INFO - Processing file /home/airflow/.local/lib/python3.7/site-packages/airflow/example_dags/example_nested_branch_dag.py for tasks to queue
[2022-09-07T16:26:06.992+0000] {logging_mixin.py:115} INFO - [2022-09-07T16:26:06.992+0000] {dagbag.py:508} INFO - Filling up the DagBag from /home/airflow/.local/lib/python3.7/site-packages/airflow/example_dags/example_nested_branch_dag.py
[2022-09-07T16:26:07.003+0000] {processor.py:650} INFO - DAG(s) dict_keys(['example_nested_branch_dag']) retrieved from /home/airflow/.local/lib/python3.7/site-packages/airflow/example_dags/example_nested_branch_dag.py
[2022-09-07T16:26:07.032+0000] {logging_mixin.py:115} INFO - [2022-09-07T16:26:07.031+0000] {dag.py:2429} INFO - Sync 1 DAGs
[2022-09-07T16:26:07.059+0000] {logging_mixin.py:115} INFO - [2022-09-07T16:26:07.059+0000] {dag.py:2981} INFO - Setting next_dagrun for example_nested_branch_dag to 2022-09-06T00:00:00+00:00, run_after=2022-09-07T00:00:00+00:00
[2022-09-07T16:26:07.070+0000] {processor.py:161} INFO - Processing /home/airflow/.local/lib/python3.7/site-packages/airflow/example_dags/example_nested_branch_dag.py took 0.084 seconds
[2022-09-07T16:26:37.101+0000] {processor.py:153} INFO - Started process (PID=3418) to work on /home/airflow/.local/lib/python3.7/site-packages/airflow/example_dags/example_nested_branch_dag.py
[2022-09-07T16:26:37.104+0000] {processor.py:640} INFO - Processing file /home/airflow/.local/lib/python3.7/site-packages/airflow/example_dags/example_nested_branch_dag.py for tasks to queue
[2022-09-07T16:26:37.105+0000] {logging_mixin.py:115} INFO - [2022-09-07T16:26:37.105+0000] {dagbag.py:508} INFO - Filling up the DagBag from /home/airflow/.local/lib/python3.7/site-packages/airflow/example_dags/example_nested_branch_dag.py
[2022-09-07T16:26:37.113+0000] {processor.py:650} INFO - DAG(s) dict_keys(['example_nested_branch_dag']) retrieved from /home/airflow/.local/lib/python3.7/site-packages/airflow/example_dags/example_nested_branch_dag.py
[2022-09-07T16:26:37.131+0000] {logging_mixin.py:115} INFO - [2022-09-07T16:26:37.130+0000] {dag.py:2429} INFO - Sync 1 DAGs
[2022-09-07T16:26:37.146+0000] {logging_mixin.py:115} INFO - [2022-09-07T16:26:37.146+0000] {dag.py:2981} INFO - Setting next_dagrun for example_nested_branch_dag to 2022-09-06T00:00:00+00:00, run_after=2022-09-07T00:00:00+00:00
[2022-09-07T16:26:37.156+0000] {processor.py:161} INFO - Processing /home/airflow/.local/lib/python3.7/site-packages/airflow/example_dags/example_nested_branch_dag.py took 0.057 seconds
[2022-09-07T16:27:07.691+0000] {processor.py:153} INFO - Started process (PID=3479) to work on /home/airflow/.local/lib/python3.7/site-packages/airflow/example_dags/example_nested_branch_dag.py
[2022-09-07T16:27:07.693+0000] {processor.py:640} INFO - Processing file /home/airflow/.local/lib/python3.7/site-packages/airflow/example_dags/example_nested_branch_dag.py for tasks to queue
[2022-09-07T16:27:07.695+0000] {logging_mixin.py:115} INFO - [2022-09-07T16:27:07.695+0000] {dagbag.py:508} INFO - Filling up the DagBag from /home/airflow/.local/lib/python3.7/site-packages/airflow/example_dags/example_nested_branch_dag.py
[2022-09-07T16:27:07.704+0000] {processor.py:650} INFO - DAG(s) dict_keys(['example_nested_branch_dag']) retrieved from /home/airflow/.local/lib/python3.7/site-packages/airflow/example_dags/example_nested_branch_dag.py
[2022-09-07T16:27:07.724+0000] {logging_mixin.py:115} INFO - [2022-09-07T16:27:07.724+0000] {dag.py:2429} INFO - Sync 1 DAGs
[2022-09-07T16:27:07.740+0000] {logging_mixin.py:115} INFO - [2022-09-07T16:27:07.740+0000] {dag.py:2981} INFO - Setting next_dagrun for example_nested_branch_dag to 2022-09-06T00:00:00+00:00, run_after=2022-09-07T00:00:00+00:00
[2022-09-07T16:27:07.750+0000] {processor.py:161} INFO - Processing /home/airflow/.local/lib/python3.7/site-packages/airflow/example_dags/example_nested_branch_dag.py took 0.062 seconds
[2022-09-07T16:27:38.362+0000] {processor.py:153} INFO - Started process (PID=3541) to work on /home/airflow/.local/lib/python3.7/site-packages/airflow/example_dags/example_nested_branch_dag.py
[2022-09-07T16:27:38.364+0000] {processor.py:640} INFO - Processing file /home/airflow/.local/lib/python3.7/site-packages/airflow/example_dags/example_nested_branch_dag.py for tasks to queue
[2022-09-07T16:27:38.370+0000] {logging_mixin.py:115} INFO - [2022-09-07T16:27:38.369+0000] {dagbag.py:508} INFO - Filling up the DagBag from /home/airflow/.local/lib/python3.7/site-packages/airflow/example_dags/example_nested_branch_dag.py
[2022-09-07T16:27:38.377+0000] {processor.py:650} INFO - DAG(s) dict_keys(['example_nested_branch_dag']) retrieved from /home/airflow/.local/lib/python3.7/site-packages/airflow/example_dags/example_nested_branch_dag.py
[2022-09-07T16:27:38.399+0000] {logging_mixin.py:115} INFO - [2022-09-07T16:27:38.399+0000] {dag.py:2429} INFO - Sync 1 DAGs
[2022-09-07T16:27:38.417+0000] {logging_mixin.py:115} INFO - [2022-09-07T16:27:38.417+0000] {dag.py:2981} INFO - Setting next_dagrun for example_nested_branch_dag to 2022-09-06T00:00:00+00:00, run_after=2022-09-07T00:00:00+00:00
[2022-09-07T16:27:38.429+0000] {processor.py:161} INFO - Processing /home/airflow/.local/lib/python3.7/site-packages/airflow/example_dags/example_nested_branch_dag.py took 0.070 seconds
[2022-09-07T16:28:09.196+0000] {processor.py:153} INFO - Started process (PID=3602) to work on /home/airflow/.local/lib/python3.7/site-packages/airflow/example_dags/example_nested_branch_dag.py
[2022-09-07T16:28:09.198+0000] {processor.py:640} INFO - Processing file /home/airflow/.local/lib/python3.7/site-packages/airflow/example_dags/example_nested_branch_dag.py for tasks to queue
[2022-09-07T16:28:09.199+0000] {logging_mixin.py:115} INFO - [2022-09-07T16:28:09.199+0000] {dagbag.py:508} INFO - Filling up the DagBag from /home/airflow/.local/lib/python3.7/site-packages/airflow/example_dags/example_nested_branch_dag.py
[2022-09-07T16:28:09.207+0000] {processor.py:650} INFO - DAG(s) dict_keys(['example_nested_branch_dag']) retrieved from /home/airflow/.local/lib/python3.7/site-packages/airflow/example_dags/example_nested_branch_dag.py
[2022-09-07T16:28:09.225+0000] {logging_mixin.py:115} INFO - [2022-09-07T16:28:09.225+0000] {dag.py:2429} INFO - Sync 1 DAGs
[2022-09-07T16:28:09.243+0000] {logging_mixin.py:115} INFO - [2022-09-07T16:28:09.243+0000] {dag.py:2981} INFO - Setting next_dagrun for example_nested_branch_dag to 2022-09-06T00:00:00+00:00, run_after=2022-09-07T00:00:00+00:00
[2022-09-07T16:28:09.254+0000] {processor.py:161} INFO - Processing /home/airflow/.local/lib/python3.7/site-packages/airflow/example_dags/example_nested_branch_dag.py took 0.061 seconds
[2022-09-07T16:29:18.065+0000] {processor.py:153} INFO - Started process (PID=48) to work on /home/airflow/.local/lib/python3.7/site-packages/airflow/example_dags/example_nested_branch_dag.py
[2022-09-07T16:29:18.069+0000] {processor.py:640} INFO - Processing file /home/airflow/.local/lib/python3.7/site-packages/airflow/example_dags/example_nested_branch_dag.py for tasks to queue
[2022-09-07T16:29:18.071+0000] {logging_mixin.py:115} INFO - [2022-09-07T16:29:18.071+0000] {dagbag.py:508} INFO - Filling up the DagBag from /home/airflow/.local/lib/python3.7/site-packages/airflow/example_dags/example_nested_branch_dag.py
[2022-09-07T16:29:18.086+0000] {processor.py:650} INFO - DAG(s) dict_keys(['example_nested_branch_dag']) retrieved from /home/airflow/.local/lib/python3.7/site-packages/airflow/example_dags/example_nested_branch_dag.py
[2022-09-07T16:29:18.147+0000] {logging_mixin.py:115} INFO - [2022-09-07T16:29:18.147+0000] {dag.py:2429} INFO - Sync 1 DAGs
[2022-09-07T16:29:18.203+0000] {logging_mixin.py:115} INFO - [2022-09-07T16:29:18.203+0000] {dag.py:2981} INFO - Setting next_dagrun for example_nested_branch_dag to 2022-09-06T00:00:00+00:00, run_after=2022-09-07T00:00:00+00:00
[2022-09-07T16:29:18.279+0000] {processor.py:161} INFO - Processing /home/airflow/.local/lib/python3.7/site-packages/airflow/example_dags/example_nested_branch_dag.py took 0.216 seconds
[2022-09-07T16:29:49.025+0000] {processor.py:153} INFO - Started process (PID=102) to work on /home/airflow/.local/lib/python3.7/site-packages/airflow/example_dags/example_nested_branch_dag.py
[2022-09-07T16:29:49.027+0000] {processor.py:640} INFO - Processing file /home/airflow/.local/lib/python3.7/site-packages/airflow/example_dags/example_nested_branch_dag.py for tasks to queue
[2022-09-07T16:29:49.029+0000] {logging_mixin.py:115} INFO - [2022-09-07T16:29:49.028+0000] {dagbag.py:508} INFO - Filling up the DagBag from /home/airflow/.local/lib/python3.7/site-packages/airflow/example_dags/example_nested_branch_dag.py
[2022-09-07T16:29:49.037+0000] {processor.py:650} INFO - DAG(s) dict_keys(['example_nested_branch_dag']) retrieved from /home/airflow/.local/lib/python3.7/site-packages/airflow/example_dags/example_nested_branch_dag.py
[2022-09-07T16:29:49.064+0000] {logging_mixin.py:115} INFO - [2022-09-07T16:29:49.064+0000] {dag.py:2429} INFO - Sync 1 DAGs
[2022-09-07T16:29:49.082+0000] {logging_mixin.py:115} INFO - [2022-09-07T16:29:49.082+0000] {dag.py:2981} INFO - Setting next_dagrun for example_nested_branch_dag to 2022-09-06T00:00:00+00:00, run_after=2022-09-07T00:00:00+00:00
[2022-09-07T16:29:49.092+0000] {processor.py:161} INFO - Processing /home/airflow/.local/lib/python3.7/site-packages/airflow/example_dags/example_nested_branch_dag.py took 0.069 seconds
[2022-09-07T16:30:19.162+0000] {processor.py:153} INFO - Started process (PID=162) to work on /home/airflow/.local/lib/python3.7/site-packages/airflow/example_dags/example_nested_branch_dag.py
[2022-09-07T16:30:19.163+0000] {processor.py:640} INFO - Processing file /home/airflow/.local/lib/python3.7/site-packages/airflow/example_dags/example_nested_branch_dag.py for tasks to queue
[2022-09-07T16:30:19.165+0000] {logging_mixin.py:115} INFO - [2022-09-07T16:30:19.165+0000] {dagbag.py:508} INFO - Filling up the DagBag from /home/airflow/.local/lib/python3.7/site-packages/airflow/example_dags/example_nested_branch_dag.py
[2022-09-07T16:30:19.172+0000] {processor.py:650} INFO - DAG(s) dict_keys(['example_nested_branch_dag']) retrieved from /home/airflow/.local/lib/python3.7/site-packages/airflow/example_dags/example_nested_branch_dag.py
[2022-09-07T16:30:19.190+0000] {logging_mixin.py:115} INFO - [2022-09-07T16:30:19.190+0000] {dag.py:2429} INFO - Sync 1 DAGs
[2022-09-07T16:30:19.204+0000] {logging_mixin.py:115} INFO - [2022-09-07T16:30:19.204+0000] {dag.py:2981} INFO - Setting next_dagrun for example_nested_branch_dag to 2022-09-06T00:00:00+00:00, run_after=2022-09-07T00:00:00+00:00
[2022-09-07T16:30:19.213+0000] {processor.py:161} INFO - Processing /home/airflow/.local/lib/python3.7/site-packages/airflow/example_dags/example_nested_branch_dag.py took 0.054 seconds
[2022-09-07T16:30:49.305+0000] {processor.py:153} INFO - Started process (PID=223) to work on /home/airflow/.local/lib/python3.7/site-packages/airflow/example_dags/example_nested_branch_dag.py
[2022-09-07T16:30:49.308+0000] {processor.py:640} INFO - Processing file /home/airflow/.local/lib/python3.7/site-packages/airflow/example_dags/example_nested_branch_dag.py for tasks to queue
[2022-09-07T16:30:49.310+0000] {logging_mixin.py:115} INFO - [2022-09-07T16:30:49.309+0000] {dagbag.py:508} INFO - Filling up the DagBag from /home/airflow/.local/lib/python3.7/site-packages/airflow/example_dags/example_nested_branch_dag.py
[2022-09-07T16:30:49.319+0000] {processor.py:650} INFO - DAG(s) dict_keys(['example_nested_branch_dag']) retrieved from /home/airflow/.local/lib/python3.7/site-packages/airflow/example_dags/example_nested_branch_dag.py
[2022-09-07T16:30:49.342+0000] {logging_mixin.py:115} INFO - [2022-09-07T16:30:49.342+0000] {dag.py:2429} INFO - Sync 1 DAGs
[2022-09-07T16:30:49.365+0000] {logging_mixin.py:115} INFO - [2022-09-07T16:30:49.365+0000] {dag.py:2981} INFO - Setting next_dagrun for example_nested_branch_dag to 2022-09-06T00:00:00+00:00, run_after=2022-09-07T00:00:00+00:00
[2022-09-07T16:30:49.377+0000] {processor.py:161} INFO - Processing /home/airflow/.local/lib/python3.7/site-packages/airflow/example_dags/example_nested_branch_dag.py took 0.074 seconds
[2022-09-07T16:31:20.037+0000] {processor.py:153} INFO - Started process (PID=284) to work on /home/airflow/.local/lib/python3.7/site-packages/airflow/example_dags/example_nested_branch_dag.py
[2022-09-07T16:31:20.039+0000] {processor.py:640} INFO - Processing file /home/airflow/.local/lib/python3.7/site-packages/airflow/example_dags/example_nested_branch_dag.py for tasks to queue
[2022-09-07T16:31:20.040+0000] {logging_mixin.py:115} INFO - [2022-09-07T16:31:20.040+0000] {dagbag.py:508} INFO - Filling up the DagBag from /home/airflow/.local/lib/python3.7/site-packages/airflow/example_dags/example_nested_branch_dag.py
[2022-09-07T16:31:20.048+0000] {processor.py:650} INFO - DAG(s) dict_keys(['example_nested_branch_dag']) retrieved from /home/airflow/.local/lib/python3.7/site-packages/airflow/example_dags/example_nested_branch_dag.py
[2022-09-07T16:31:20.067+0000] {logging_mixin.py:115} INFO - [2022-09-07T16:31:20.067+0000] {dag.py:2429} INFO - Sync 1 DAGs
[2022-09-07T16:31:20.082+0000] {logging_mixin.py:115} INFO - [2022-09-07T16:31:20.082+0000] {dag.py:2981} INFO - Setting next_dagrun for example_nested_branch_dag to 2022-09-06T00:00:00+00:00, run_after=2022-09-07T00:00:00+00:00
[2022-09-07T16:31:20.090+0000] {processor.py:161} INFO - Processing /home/airflow/.local/lib/python3.7/site-packages/airflow/example_dags/example_nested_branch_dag.py took 0.056 seconds
[2022-09-07T17:23:38.199+0000] {processor.py:153} INFO - Started process (PID=42) to work on /home/airflow/.local/lib/python3.7/site-packages/airflow/example_dags/example_nested_branch_dag.py
[2022-09-07T17:23:38.203+0000] {processor.py:640} INFO - Processing file /home/airflow/.local/lib/python3.7/site-packages/airflow/example_dags/example_nested_branch_dag.py for tasks to queue
[2022-09-07T17:23:38.205+0000] {logging_mixin.py:115} INFO - [2022-09-07T17:23:38.205+0000] {dagbag.py:508} INFO - Filling up the DagBag from /home/airflow/.local/lib/python3.7/site-packages/airflow/example_dags/example_nested_branch_dag.py
[2022-09-07T17:23:38.232+0000] {processor.py:650} INFO - DAG(s) dict_keys(['example_nested_branch_dag']) retrieved from /home/airflow/.local/lib/python3.7/site-packages/airflow/example_dags/example_nested_branch_dag.py
[2022-09-07T17:23:38.284+0000] {logging_mixin.py:115} INFO - [2022-09-07T17:23:38.284+0000] {dag.py:2429} INFO - Sync 1 DAGs
[2022-09-07T17:23:38.364+0000] {logging_mixin.py:115} INFO - [2022-09-07T17:23:38.363+0000] {dag.py:2981} INFO - Setting next_dagrun for example_nested_branch_dag to 2022-09-06T00:00:00+00:00, run_after=2022-09-07T00:00:00+00:00
[2022-09-07T17:23:38.395+0000] {processor.py:161} INFO - Processing /home/airflow/.local/lib/python3.7/site-packages/airflow/example_dags/example_nested_branch_dag.py took 0.199 seconds
[2022-09-07T17:24:08.454+0000] {processor.py:153} INFO - Started process (PID=101) to work on /home/airflow/.local/lib/python3.7/site-packages/airflow/example_dags/example_nested_branch_dag.py
[2022-09-07T17:24:08.456+0000] {processor.py:640} INFO - Processing file /home/airflow/.local/lib/python3.7/site-packages/airflow/example_dags/example_nested_branch_dag.py for tasks to queue
[2022-09-07T17:24:08.457+0000] {logging_mixin.py:115} INFO - [2022-09-07T17:24:08.457+0000] {dagbag.py:508} INFO - Filling up the DagBag from /home/airflow/.local/lib/python3.7/site-packages/airflow/example_dags/example_nested_branch_dag.py
[2022-09-07T17:24:08.465+0000] {processor.py:650} INFO - DAG(s) dict_keys(['example_nested_branch_dag']) retrieved from /home/airflow/.local/lib/python3.7/site-packages/airflow/example_dags/example_nested_branch_dag.py
[2022-09-07T17:24:08.484+0000] {logging_mixin.py:115} INFO - [2022-09-07T17:24:08.484+0000] {dag.py:2429} INFO - Sync 1 DAGs
[2022-09-07T17:24:08.501+0000] {logging_mixin.py:115} INFO - [2022-09-07T17:24:08.501+0000] {dag.py:2981} INFO - Setting next_dagrun for example_nested_branch_dag to 2022-09-06T00:00:00+00:00, run_after=2022-09-07T00:00:00+00:00
[2022-09-07T17:24:08.510+0000] {processor.py:161} INFO - Processing /home/airflow/.local/lib/python3.7/site-packages/airflow/example_dags/example_nested_branch_dag.py took 0.059 seconds
[2022-09-07T17:24:39.381+0000] {processor.py:153} INFO - Started process (PID=161) to work on /home/airflow/.local/lib/python3.7/site-packages/airflow/example_dags/example_nested_branch_dag.py
[2022-09-07T17:24:39.383+0000] {processor.py:640} INFO - Processing file /home/airflow/.local/lib/python3.7/site-packages/airflow/example_dags/example_nested_branch_dag.py for tasks to queue
[2022-09-07T17:24:39.384+0000] {logging_mixin.py:115} INFO - [2022-09-07T17:24:39.384+0000] {dagbag.py:508} INFO - Filling up the DagBag from /home/airflow/.local/lib/python3.7/site-packages/airflow/example_dags/example_nested_branch_dag.py
[2022-09-07T17:24:39.393+0000] {processor.py:650} INFO - DAG(s) dict_keys(['example_nested_branch_dag']) retrieved from /home/airflow/.local/lib/python3.7/site-packages/airflow/example_dags/example_nested_branch_dag.py
[2022-09-07T17:24:39.411+0000] {logging_mixin.py:115} INFO - [2022-09-07T17:24:39.411+0000] {dag.py:2429} INFO - Sync 1 DAGs
[2022-09-07T17:24:39.426+0000] {logging_mixin.py:115} INFO - [2022-09-07T17:24:39.426+0000] {dag.py:2981} INFO - Setting next_dagrun for example_nested_branch_dag to 2022-09-06T00:00:00+00:00, run_after=2022-09-07T00:00:00+00:00
[2022-09-07T17:24:39.435+0000] {processor.py:161} INFO - Processing /home/airflow/.local/lib/python3.7/site-packages/airflow/example_dags/example_nested_branch_dag.py took 0.057 seconds
