[2022-09-07T07:55:33.522+0000] {processor.py:153} INFO - Started process (PID=52) to work on /home/airflow/.local/lib/python3.7/site-packages/airflow/example_dags/example_time_delta_sensor_async.py
[2022-09-07T07:55:33.526+0000] {processor.py:640} INFO - Processing file /home/airflow/.local/lib/python3.7/site-packages/airflow/example_dags/example_time_delta_sensor_async.py for tasks to queue
[2022-09-07T07:55:33.527+0000] {logging_mixin.py:115} INFO - [2022-09-07T07:55:33.527+0000] {dagbag.py:508} INFO - Filling up the DagBag from /home/airflow/.local/lib/python3.7/site-packages/airflow/example_dags/example_time_delta_sensor_async.py
[2022-09-07T07:55:33.542+0000] {processor.py:650} INFO - DAG(s) dict_keys(['example_time_delta_sensor_async']) retrieved from /home/airflow/.local/lib/python3.7/site-packages/airflow/example_dags/example_time_delta_sensor_async.py
[2022-09-07T07:55:33.909+0000] {logging_mixin.py:115} INFO - [2022-09-07T07:55:33.909+0000] {manager.py:508} INFO - Created Permission View: can delete on DAG:example_time_delta_sensor_async
[2022-09-07T07:55:33.923+0000] {logging_mixin.py:115} INFO - [2022-09-07T07:55:33.923+0000] {manager.py:508} INFO - Created Permission View: can read on DAG:example_time_delta_sensor_async
[2022-09-07T07:55:33.933+0000] {logging_mixin.py:115} INFO - [2022-09-07T07:55:33.932+0000] {manager.py:508} INFO - Created Permission View: can edit on DAG:example_time_delta_sensor_async
[2022-09-07T07:55:33.935+0000] {logging_mixin.py:115} INFO - [2022-09-07T07:55:33.934+0000] {dag.py:2429} INFO - Sync 1 DAGs
[2022-09-07T07:55:33.944+0000] {logging_mixin.py:115} INFO - [2022-09-07T07:55:33.944+0000] {dag.py:2448} INFO - Creating ORM DAG for example_time_delta_sensor_async
[2022-09-07T07:55:33.953+0000] {logging_mixin.py:115} INFO - [2022-09-07T07:55:33.953+0000] {dag.py:2981} INFO - Setting next_dagrun for example_time_delta_sensor_async to None, run_after=None
[2022-09-07T07:55:33.973+0000] {processor.py:161} INFO - Processing /home/airflow/.local/lib/python3.7/site-packages/airflow/example_dags/example_time_delta_sensor_async.py took 0.454 seconds
[2022-09-07T07:56:04.994+0000] {processor.py:153} INFO - Started process (PID=113) to work on /home/airflow/.local/lib/python3.7/site-packages/airflow/example_dags/example_time_delta_sensor_async.py
[2022-09-07T07:56:04.997+0000] {processor.py:640} INFO - Processing file /home/airflow/.local/lib/python3.7/site-packages/airflow/example_dags/example_time_delta_sensor_async.py for tasks to queue
[2022-09-07T07:56:05.000+0000] {logging_mixin.py:115} INFO - [2022-09-07T07:56:04.999+0000] {dagbag.py:508} INFO - Filling up the DagBag from /home/airflow/.local/lib/python3.7/site-packages/airflow/example_dags/example_time_delta_sensor_async.py
[2022-09-07T07:56:05.006+0000] {processor.py:650} INFO - DAG(s) dict_keys(['example_time_delta_sensor_async']) retrieved from /home/airflow/.local/lib/python3.7/site-packages/airflow/example_dags/example_time_delta_sensor_async.py
[2022-09-07T07:56:05.100+0000] {logging_mixin.py:115} INFO - [2022-09-07T07:56:05.100+0000] {dag.py:2429} INFO - Sync 1 DAGs
[2022-09-07T07:56:05.114+0000] {logging_mixin.py:115} INFO - [2022-09-07T07:56:05.114+0000] {dag.py:2981} INFO - Setting next_dagrun for example_time_delta_sensor_async to None, run_after=None
[2022-09-07T07:56:05.122+0000] {processor.py:161} INFO - Processing /home/airflow/.local/lib/python3.7/site-packages/airflow/example_dags/example_time_delta_sensor_async.py took 0.134 seconds
[2022-09-07T07:56:35.869+0000] {processor.py:153} INFO - Started process (PID=174) to work on /home/airflow/.local/lib/python3.7/site-packages/airflow/example_dags/example_time_delta_sensor_async.py
[2022-09-07T07:56:35.873+0000] {processor.py:640} INFO - Processing file /home/airflow/.local/lib/python3.7/site-packages/airflow/example_dags/example_time_delta_sensor_async.py for tasks to queue
[2022-09-07T07:56:35.876+0000] {logging_mixin.py:115} INFO - [2022-09-07T07:56:35.876+0000] {dagbag.py:508} INFO - Filling up the DagBag from /home/airflow/.local/lib/python3.7/site-packages/airflow/example_dags/example_time_delta_sensor_async.py
[2022-09-07T07:56:35.886+0000] {processor.py:650} INFO - DAG(s) dict_keys(['example_time_delta_sensor_async']) retrieved from /home/airflow/.local/lib/python3.7/site-packages/airflow/example_dags/example_time_delta_sensor_async.py
[2022-09-07T07:56:35.979+0000] {logging_mixin.py:115} INFO - [2022-09-07T07:56:35.979+0000] {dag.py:2429} INFO - Sync 1 DAGs
[2022-09-07T07:56:35.993+0000] {logging_mixin.py:115} INFO - [2022-09-07T07:56:35.993+0000] {dag.py:2981} INFO - Setting next_dagrun for example_time_delta_sensor_async to None, run_after=None
[2022-09-07T07:56:36.000+0000] {processor.py:161} INFO - Processing /home/airflow/.local/lib/python3.7/site-packages/airflow/example_dags/example_time_delta_sensor_async.py took 0.137 seconds
[2022-09-07T07:57:06.397+0000] {processor.py:153} INFO - Started process (PID=235) to work on /home/airflow/.local/lib/python3.7/site-packages/airflow/example_dags/example_time_delta_sensor_async.py
[2022-09-07T07:57:06.400+0000] {processor.py:640} INFO - Processing file /home/airflow/.local/lib/python3.7/site-packages/airflow/example_dags/example_time_delta_sensor_async.py for tasks to queue
[2022-09-07T07:57:06.401+0000] {logging_mixin.py:115} INFO - [2022-09-07T07:57:06.401+0000] {dagbag.py:508} INFO - Filling up the DagBag from /home/airflow/.local/lib/python3.7/site-packages/airflow/example_dags/example_time_delta_sensor_async.py
[2022-09-07T07:57:06.407+0000] {processor.py:650} INFO - DAG(s) dict_keys(['example_time_delta_sensor_async']) retrieved from /home/airflow/.local/lib/python3.7/site-packages/airflow/example_dags/example_time_delta_sensor_async.py
[2022-09-07T07:57:06.495+0000] {logging_mixin.py:115} INFO - [2022-09-07T07:57:06.495+0000] {dag.py:2429} INFO - Sync 1 DAGs
[2022-09-07T07:57:06.509+0000] {logging_mixin.py:115} INFO - [2022-09-07T07:57:06.509+0000] {dag.py:2981} INFO - Setting next_dagrun for example_time_delta_sensor_async to None, run_after=None
[2022-09-07T07:57:06.517+0000] {processor.py:161} INFO - Processing /home/airflow/.local/lib/python3.7/site-packages/airflow/example_dags/example_time_delta_sensor_async.py took 0.125 seconds
[2022-09-07T07:57:37.023+0000] {processor.py:153} INFO - Started process (PID=296) to work on /home/airflow/.local/lib/python3.7/site-packages/airflow/example_dags/example_time_delta_sensor_async.py
[2022-09-07T07:57:37.026+0000] {processor.py:640} INFO - Processing file /home/airflow/.local/lib/python3.7/site-packages/airflow/example_dags/example_time_delta_sensor_async.py for tasks to queue
[2022-09-07T07:57:37.028+0000] {logging_mixin.py:115} INFO - [2022-09-07T07:57:37.028+0000] {dagbag.py:508} INFO - Filling up the DagBag from /home/airflow/.local/lib/python3.7/site-packages/airflow/example_dags/example_time_delta_sensor_async.py
[2022-09-07T07:57:37.034+0000] {processor.py:650} INFO - DAG(s) dict_keys(['example_time_delta_sensor_async']) retrieved from /home/airflow/.local/lib/python3.7/site-packages/airflow/example_dags/example_time_delta_sensor_async.py
[2022-09-07T07:57:37.133+0000] {logging_mixin.py:115} INFO - [2022-09-07T07:57:37.133+0000] {dag.py:2429} INFO - Sync 1 DAGs
[2022-09-07T07:57:37.149+0000] {logging_mixin.py:115} INFO - [2022-09-07T07:57:37.149+0000] {dag.py:2981} INFO - Setting next_dagrun for example_time_delta_sensor_async to None, run_after=None
[2022-09-07T07:57:37.157+0000] {processor.py:161} INFO - Processing /home/airflow/.local/lib/python3.7/site-packages/airflow/example_dags/example_time_delta_sensor_async.py took 0.138 seconds
[2022-09-07T07:58:07.869+0000] {processor.py:153} INFO - Started process (PID=356) to work on /home/airflow/.local/lib/python3.7/site-packages/airflow/example_dags/example_time_delta_sensor_async.py
[2022-09-07T07:58:07.871+0000] {processor.py:640} INFO - Processing file /home/airflow/.local/lib/python3.7/site-packages/airflow/example_dags/example_time_delta_sensor_async.py for tasks to queue
[2022-09-07T07:58:07.872+0000] {logging_mixin.py:115} INFO - [2022-09-07T07:58:07.872+0000] {dagbag.py:508} INFO - Filling up the DagBag from /home/airflow/.local/lib/python3.7/site-packages/airflow/example_dags/example_time_delta_sensor_async.py
[2022-09-07T07:58:07.878+0000] {processor.py:650} INFO - DAG(s) dict_keys(['example_time_delta_sensor_async']) retrieved from /home/airflow/.local/lib/python3.7/site-packages/airflow/example_dags/example_time_delta_sensor_async.py
[2022-09-07T07:58:07.996+0000] {logging_mixin.py:115} INFO - [2022-09-07T07:58:07.996+0000] {dag.py:2429} INFO - Sync 1 DAGs
[2022-09-07T07:58:08.017+0000] {logging_mixin.py:115} INFO - [2022-09-07T07:58:08.017+0000] {dag.py:2981} INFO - Setting next_dagrun for example_time_delta_sensor_async to None, run_after=None
[2022-09-07T07:58:08.055+0000] {processor.py:161} INFO - Processing /home/airflow/.local/lib/python3.7/site-packages/airflow/example_dags/example_time_delta_sensor_async.py took 0.192 seconds
[2022-09-07T07:58:38.104+0000] {processor.py:153} INFO - Started process (PID=408) to work on /home/airflow/.local/lib/python3.7/site-packages/airflow/example_dags/example_time_delta_sensor_async.py
[2022-09-07T07:58:38.106+0000] {processor.py:640} INFO - Processing file /home/airflow/.local/lib/python3.7/site-packages/airflow/example_dags/example_time_delta_sensor_async.py for tasks to queue
[2022-09-07T07:58:38.108+0000] {logging_mixin.py:115} INFO - [2022-09-07T07:58:38.107+0000] {dagbag.py:508} INFO - Filling up the DagBag from /home/airflow/.local/lib/python3.7/site-packages/airflow/example_dags/example_time_delta_sensor_async.py
[2022-09-07T07:58:38.112+0000] {processor.py:650} INFO - DAG(s) dict_keys(['example_time_delta_sensor_async']) retrieved from /home/airflow/.local/lib/python3.7/site-packages/airflow/example_dags/example_time_delta_sensor_async.py
[2022-09-07T07:58:38.193+0000] {logging_mixin.py:115} INFO - [2022-09-07T07:58:38.193+0000] {dag.py:2429} INFO - Sync 1 DAGs
[2022-09-07T07:58:38.207+0000] {logging_mixin.py:115} INFO - [2022-09-07T07:58:38.207+0000] {dag.py:2981} INFO - Setting next_dagrun for example_time_delta_sensor_async to None, run_after=None
[2022-09-07T07:58:38.214+0000] {processor.py:161} INFO - Processing /home/airflow/.local/lib/python3.7/site-packages/airflow/example_dags/example_time_delta_sensor_async.py took 0.112 seconds
[2022-09-07T07:59:09.049+0000] {processor.py:153} INFO - Started process (PID=468) to work on /home/airflow/.local/lib/python3.7/site-packages/airflow/example_dags/example_time_delta_sensor_async.py
[2022-09-07T07:59:09.053+0000] {processor.py:640} INFO - Processing file /home/airflow/.local/lib/python3.7/site-packages/airflow/example_dags/example_time_delta_sensor_async.py for tasks to queue
[2022-09-07T07:59:09.054+0000] {logging_mixin.py:115} INFO - [2022-09-07T07:59:09.054+0000] {dagbag.py:508} INFO - Filling up the DagBag from /home/airflow/.local/lib/python3.7/site-packages/airflow/example_dags/example_time_delta_sensor_async.py
[2022-09-07T07:59:09.062+0000] {processor.py:650} INFO - DAG(s) dict_keys(['example_time_delta_sensor_async']) retrieved from /home/airflow/.local/lib/python3.7/site-packages/airflow/example_dags/example_time_delta_sensor_async.py
[2022-09-07T07:59:09.159+0000] {logging_mixin.py:115} INFO - [2022-09-07T07:59:09.159+0000] {dag.py:2429} INFO - Sync 1 DAGs
[2022-09-07T07:59:09.177+0000] {logging_mixin.py:115} INFO - [2022-09-07T07:59:09.177+0000] {dag.py:2981} INFO - Setting next_dagrun for example_time_delta_sensor_async to None, run_after=None
[2022-09-07T07:59:09.185+0000] {processor.py:161} INFO - Processing /home/airflow/.local/lib/python3.7/site-packages/airflow/example_dags/example_time_delta_sensor_async.py took 0.146 seconds
[2022-09-07T07:59:39.904+0000] {processor.py:153} INFO - Started process (PID=528) to work on /home/airflow/.local/lib/python3.7/site-packages/airflow/example_dags/example_time_delta_sensor_async.py
[2022-09-07T07:59:39.907+0000] {processor.py:640} INFO - Processing file /home/airflow/.local/lib/python3.7/site-packages/airflow/example_dags/example_time_delta_sensor_async.py for tasks to queue
[2022-09-07T07:59:39.909+0000] {logging_mixin.py:115} INFO - [2022-09-07T07:59:39.909+0000] {dagbag.py:508} INFO - Filling up the DagBag from /home/airflow/.local/lib/python3.7/site-packages/airflow/example_dags/example_time_delta_sensor_async.py
[2022-09-07T07:59:39.919+0000] {processor.py:650} INFO - DAG(s) dict_keys(['example_time_delta_sensor_async']) retrieved from /home/airflow/.local/lib/python3.7/site-packages/airflow/example_dags/example_time_delta_sensor_async.py
[2022-09-07T07:59:40.015+0000] {logging_mixin.py:115} INFO - [2022-09-07T07:59:40.015+0000] {dag.py:2429} INFO - Sync 1 DAGs
[2022-09-07T07:59:40.030+0000] {logging_mixin.py:115} INFO - [2022-09-07T07:59:40.030+0000] {dag.py:2981} INFO - Setting next_dagrun for example_time_delta_sensor_async to None, run_after=None
[2022-09-07T07:59:40.037+0000] {processor.py:161} INFO - Processing /home/airflow/.local/lib/python3.7/site-packages/airflow/example_dags/example_time_delta_sensor_async.py took 0.138 seconds
[2022-09-07T08:00:10.776+0000] {processor.py:153} INFO - Started process (PID=589) to work on /home/airflow/.local/lib/python3.7/site-packages/airflow/example_dags/example_time_delta_sensor_async.py
[2022-09-07T08:00:10.780+0000] {processor.py:640} INFO - Processing file /home/airflow/.local/lib/python3.7/site-packages/airflow/example_dags/example_time_delta_sensor_async.py for tasks to queue
[2022-09-07T08:00:10.783+0000] {logging_mixin.py:115} INFO - [2022-09-07T08:00:10.783+0000] {dagbag.py:508} INFO - Filling up the DagBag from /home/airflow/.local/lib/python3.7/site-packages/airflow/example_dags/example_time_delta_sensor_async.py
[2022-09-07T08:00:10.789+0000] {processor.py:650} INFO - DAG(s) dict_keys(['example_time_delta_sensor_async']) retrieved from /home/airflow/.local/lib/python3.7/site-packages/airflow/example_dags/example_time_delta_sensor_async.py
[2022-09-07T08:00:10.884+0000] {logging_mixin.py:115} INFO - [2022-09-07T08:00:10.884+0000] {dag.py:2429} INFO - Sync 1 DAGs
[2022-09-07T08:00:10.898+0000] {logging_mixin.py:115} INFO - [2022-09-07T08:00:10.898+0000] {dag.py:2981} INFO - Setting next_dagrun for example_time_delta_sensor_async to None, run_after=None
[2022-09-07T08:00:10.906+0000] {processor.py:161} INFO - Processing /home/airflow/.local/lib/python3.7/site-packages/airflow/example_dags/example_time_delta_sensor_async.py took 0.135 seconds
[2022-09-07T08:00:41.674+0000] {processor.py:153} INFO - Started process (PID=962) to work on /home/airflow/.local/lib/python3.7/site-packages/airflow/example_dags/example_time_delta_sensor_async.py
[2022-09-07T08:00:41.675+0000] {processor.py:640} INFO - Processing file /home/airflow/.local/lib/python3.7/site-packages/airflow/example_dags/example_time_delta_sensor_async.py for tasks to queue
[2022-09-07T08:00:41.676+0000] {logging_mixin.py:115} INFO - [2022-09-07T08:00:41.676+0000] {dagbag.py:508} INFO - Filling up the DagBag from /home/airflow/.local/lib/python3.7/site-packages/airflow/example_dags/example_time_delta_sensor_async.py
[2022-09-07T08:00:41.681+0000] {processor.py:650} INFO - DAG(s) dict_keys(['example_time_delta_sensor_async']) retrieved from /home/airflow/.local/lib/python3.7/site-packages/airflow/example_dags/example_time_delta_sensor_async.py
[2022-09-07T08:00:41.778+0000] {logging_mixin.py:115} INFO - [2022-09-07T08:00:41.778+0000] {dag.py:2429} INFO - Sync 1 DAGs
[2022-09-07T08:00:41.792+0000] {logging_mixin.py:115} INFO - [2022-09-07T08:00:41.792+0000] {dag.py:2981} INFO - Setting next_dagrun for example_time_delta_sensor_async to None, run_after=None
[2022-09-07T08:00:41.800+0000] {processor.py:161} INFO - Processing /home/airflow/.local/lib/python3.7/site-packages/airflow/example_dags/example_time_delta_sensor_async.py took 0.129 seconds
[2022-09-07T08:01:12.368+0000] {processor.py:153} INFO - Started process (PID=2109) to work on /home/airflow/.local/lib/python3.7/site-packages/airflow/example_dags/example_time_delta_sensor_async.py
[2022-09-07T08:01:12.370+0000] {processor.py:640} INFO - Processing file /home/airflow/.local/lib/python3.7/site-packages/airflow/example_dags/example_time_delta_sensor_async.py for tasks to queue
[2022-09-07T08:01:12.372+0000] {logging_mixin.py:115} INFO - [2022-09-07T08:01:12.371+0000] {dagbag.py:508} INFO - Filling up the DagBag from /home/airflow/.local/lib/python3.7/site-packages/airflow/example_dags/example_time_delta_sensor_async.py
[2022-09-07T08:01:12.377+0000] {processor.py:650} INFO - DAG(s) dict_keys(['example_time_delta_sensor_async']) retrieved from /home/airflow/.local/lib/python3.7/site-packages/airflow/example_dags/example_time_delta_sensor_async.py
[2022-09-07T08:01:12.477+0000] {logging_mixin.py:115} INFO - [2022-09-07T08:01:12.477+0000] {dag.py:2429} INFO - Sync 1 DAGs
[2022-09-07T08:01:12.492+0000] {logging_mixin.py:115} INFO - [2022-09-07T08:01:12.492+0000] {dag.py:2981} INFO - Setting next_dagrun for example_time_delta_sensor_async to None, run_after=None
[2022-09-07T08:01:12.501+0000] {processor.py:161} INFO - Processing /home/airflow/.local/lib/python3.7/site-packages/airflow/example_dags/example_time_delta_sensor_async.py took 0.136 seconds
[2022-09-07T08:01:43.162+0000] {processor.py:153} INFO - Started process (PID=2341) to work on /home/airflow/.local/lib/python3.7/site-packages/airflow/example_dags/example_time_delta_sensor_async.py
[2022-09-07T08:01:43.166+0000] {processor.py:640} INFO - Processing file /home/airflow/.local/lib/python3.7/site-packages/airflow/example_dags/example_time_delta_sensor_async.py for tasks to queue
[2022-09-07T08:01:43.168+0000] {logging_mixin.py:115} INFO - [2022-09-07T08:01:43.168+0000] {dagbag.py:508} INFO - Filling up the DagBag from /home/airflow/.local/lib/python3.7/site-packages/airflow/example_dags/example_time_delta_sensor_async.py
[2022-09-07T08:01:43.175+0000] {processor.py:650} INFO - DAG(s) dict_keys(['example_time_delta_sensor_async']) retrieved from /home/airflow/.local/lib/python3.7/site-packages/airflow/example_dags/example_time_delta_sensor_async.py
[2022-09-07T08:01:43.278+0000] {logging_mixin.py:115} INFO - [2022-09-07T08:01:43.278+0000] {dag.py:2429} INFO - Sync 1 DAGs
[2022-09-07T08:01:43.292+0000] {logging_mixin.py:115} INFO - [2022-09-07T08:01:43.292+0000] {dag.py:2981} INFO - Setting next_dagrun for example_time_delta_sensor_async to None, run_after=None
[2022-09-07T08:01:43.300+0000] {processor.py:161} INFO - Processing /home/airflow/.local/lib/python3.7/site-packages/airflow/example_dags/example_time_delta_sensor_async.py took 0.143 seconds
[2022-09-07T08:02:13.953+0000] {processor.py:153} INFO - Started process (PID=2403) to work on /home/airflow/.local/lib/python3.7/site-packages/airflow/example_dags/example_time_delta_sensor_async.py
[2022-09-07T08:02:13.954+0000] {processor.py:640} INFO - Processing file /home/airflow/.local/lib/python3.7/site-packages/airflow/example_dags/example_time_delta_sensor_async.py for tasks to queue
[2022-09-07T08:02:13.956+0000] {logging_mixin.py:115} INFO - [2022-09-07T08:02:13.956+0000] {dagbag.py:508} INFO - Filling up the DagBag from /home/airflow/.local/lib/python3.7/site-packages/airflow/example_dags/example_time_delta_sensor_async.py
[2022-09-07T08:02:13.960+0000] {processor.py:650} INFO - DAG(s) dict_keys(['example_time_delta_sensor_async']) retrieved from /home/airflow/.local/lib/python3.7/site-packages/airflow/example_dags/example_time_delta_sensor_async.py
[2022-09-07T08:02:14.068+0000] {logging_mixin.py:115} INFO - [2022-09-07T08:02:14.068+0000] {dag.py:2429} INFO - Sync 1 DAGs
[2022-09-07T08:02:14.088+0000] {logging_mixin.py:115} INFO - [2022-09-07T08:02:14.088+0000] {dag.py:2981} INFO - Setting next_dagrun for example_time_delta_sensor_async to None, run_after=None
[2022-09-07T08:02:14.098+0000] {processor.py:161} INFO - Processing /home/airflow/.local/lib/python3.7/site-packages/airflow/example_dags/example_time_delta_sensor_async.py took 0.148 seconds
[2022-09-07T08:02:44.868+0000] {processor.py:153} INFO - Started process (PID=2463) to work on /home/airflow/.local/lib/python3.7/site-packages/airflow/example_dags/example_time_delta_sensor_async.py
[2022-09-07T08:02:44.870+0000] {processor.py:640} INFO - Processing file /home/airflow/.local/lib/python3.7/site-packages/airflow/example_dags/example_time_delta_sensor_async.py for tasks to queue
[2022-09-07T08:02:44.873+0000] {logging_mixin.py:115} INFO - [2022-09-07T08:02:44.873+0000] {dagbag.py:508} INFO - Filling up the DagBag from /home/airflow/.local/lib/python3.7/site-packages/airflow/example_dags/example_time_delta_sensor_async.py
[2022-09-07T08:02:44.878+0000] {processor.py:650} INFO - DAG(s) dict_keys(['example_time_delta_sensor_async']) retrieved from /home/airflow/.local/lib/python3.7/site-packages/airflow/example_dags/example_time_delta_sensor_async.py
[2022-09-07T08:02:44.970+0000] {logging_mixin.py:115} INFO - [2022-09-07T08:02:44.970+0000] {dag.py:2429} INFO - Sync 1 DAGs
[2022-09-07T08:02:44.984+0000] {logging_mixin.py:115} INFO - [2022-09-07T08:02:44.984+0000] {dag.py:2981} INFO - Setting next_dagrun for example_time_delta_sensor_async to None, run_after=None
[2022-09-07T08:02:44.991+0000] {processor.py:161} INFO - Processing /home/airflow/.local/lib/python3.7/site-packages/airflow/example_dags/example_time_delta_sensor_async.py took 0.126 seconds
[2022-09-07T08:03:15.591+0000] {processor.py:153} INFO - Started process (PID=2523) to work on /home/airflow/.local/lib/python3.7/site-packages/airflow/example_dags/example_time_delta_sensor_async.py
[2022-09-07T08:03:15.593+0000] {processor.py:640} INFO - Processing file /home/airflow/.local/lib/python3.7/site-packages/airflow/example_dags/example_time_delta_sensor_async.py for tasks to queue
[2022-09-07T08:03:15.594+0000] {logging_mixin.py:115} INFO - [2022-09-07T08:03:15.594+0000] {dagbag.py:508} INFO - Filling up the DagBag from /home/airflow/.local/lib/python3.7/site-packages/airflow/example_dags/example_time_delta_sensor_async.py
[2022-09-07T08:03:15.599+0000] {processor.py:650} INFO - DAG(s) dict_keys(['example_time_delta_sensor_async']) retrieved from /home/airflow/.local/lib/python3.7/site-packages/airflow/example_dags/example_time_delta_sensor_async.py
[2022-09-07T08:03:15.693+0000] {logging_mixin.py:115} INFO - [2022-09-07T08:03:15.693+0000] {dag.py:2429} INFO - Sync 1 DAGs
[2022-09-07T08:03:15.709+0000] {logging_mixin.py:115} INFO - [2022-09-07T08:03:15.709+0000] {dag.py:2981} INFO - Setting next_dagrun for example_time_delta_sensor_async to None, run_after=None
[2022-09-07T08:03:15.718+0000] {processor.py:161} INFO - Processing /home/airflow/.local/lib/python3.7/site-packages/airflow/example_dags/example_time_delta_sensor_async.py took 0.129 seconds
[2022-09-07T08:03:46.373+0000] {processor.py:153} INFO - Started process (PID=2584) to work on /home/airflow/.local/lib/python3.7/site-packages/airflow/example_dags/example_time_delta_sensor_async.py
[2022-09-07T08:03:46.375+0000] {processor.py:640} INFO - Processing file /home/airflow/.local/lib/python3.7/site-packages/airflow/example_dags/example_time_delta_sensor_async.py for tasks to queue
[2022-09-07T08:03:46.376+0000] {logging_mixin.py:115} INFO - [2022-09-07T08:03:46.376+0000] {dagbag.py:508} INFO - Filling up the DagBag from /home/airflow/.local/lib/python3.7/site-packages/airflow/example_dags/example_time_delta_sensor_async.py
[2022-09-07T08:03:46.380+0000] {processor.py:650} INFO - DAG(s) dict_keys(['example_time_delta_sensor_async']) retrieved from /home/airflow/.local/lib/python3.7/site-packages/airflow/example_dags/example_time_delta_sensor_async.py
[2022-09-07T08:03:46.475+0000] {logging_mixin.py:115} INFO - [2022-09-07T08:03:46.474+0000] {dag.py:2429} INFO - Sync 1 DAGs
[2022-09-07T08:03:46.489+0000] {logging_mixin.py:115} INFO - [2022-09-07T08:03:46.489+0000] {dag.py:2981} INFO - Setting next_dagrun for example_time_delta_sensor_async to None, run_after=None
[2022-09-07T08:03:46.497+0000] {processor.py:161} INFO - Processing /home/airflow/.local/lib/python3.7/site-packages/airflow/example_dags/example_time_delta_sensor_async.py took 0.126 seconds
[2022-09-07T08:04:17.075+0000] {processor.py:153} INFO - Started process (PID=2645) to work on /home/airflow/.local/lib/python3.7/site-packages/airflow/example_dags/example_time_delta_sensor_async.py
[2022-09-07T08:04:17.077+0000] {processor.py:640} INFO - Processing file /home/airflow/.local/lib/python3.7/site-packages/airflow/example_dags/example_time_delta_sensor_async.py for tasks to queue
[2022-09-07T08:04:17.079+0000] {logging_mixin.py:115} INFO - [2022-09-07T08:04:17.079+0000] {dagbag.py:508} INFO - Filling up the DagBag from /home/airflow/.local/lib/python3.7/site-packages/airflow/example_dags/example_time_delta_sensor_async.py
[2022-09-07T08:04:17.083+0000] {processor.py:650} INFO - DAG(s) dict_keys(['example_time_delta_sensor_async']) retrieved from /home/airflow/.local/lib/python3.7/site-packages/airflow/example_dags/example_time_delta_sensor_async.py
[2022-09-07T08:04:17.174+0000] {logging_mixin.py:115} INFO - [2022-09-07T08:04:17.174+0000] {dag.py:2429} INFO - Sync 1 DAGs
[2022-09-07T08:04:17.189+0000] {logging_mixin.py:115} INFO - [2022-09-07T08:04:17.189+0000] {dag.py:2981} INFO - Setting next_dagrun for example_time_delta_sensor_async to None, run_after=None
[2022-09-07T08:04:17.197+0000] {processor.py:161} INFO - Processing /home/airflow/.local/lib/python3.7/site-packages/airflow/example_dags/example_time_delta_sensor_async.py took 0.124 seconds
[2022-09-07T16:21:01.791+0000] {processor.py:153} INFO - Started process (PID=69) to work on /home/airflow/.local/lib/python3.7/site-packages/airflow/example_dags/example_time_delta_sensor_async.py
[2022-09-07T16:21:01.793+0000] {processor.py:640} INFO - Processing file /home/airflow/.local/lib/python3.7/site-packages/airflow/example_dags/example_time_delta_sensor_async.py for tasks to queue
[2022-09-07T16:21:01.794+0000] {logging_mixin.py:115} INFO - [2022-09-07T16:21:01.794+0000] {dagbag.py:508} INFO - Filling up the DagBag from /home/airflow/.local/lib/python3.7/site-packages/airflow/example_dags/example_time_delta_sensor_async.py
[2022-09-07T16:21:01.801+0000] {processor.py:650} INFO - DAG(s) dict_keys(['example_time_delta_sensor_async']) retrieved from /home/airflow/.local/lib/python3.7/site-packages/airflow/example_dags/example_time_delta_sensor_async.py
[2022-09-07T16:21:01.903+0000] {logging_mixin.py:115} INFO - [2022-09-07T16:21:01.903+0000] {dag.py:2429} INFO - Sync 1 DAGs
[2022-09-07T16:21:01.918+0000] {logging_mixin.py:115} INFO - [2022-09-07T16:21:01.918+0000] {dag.py:2981} INFO - Setting next_dagrun for example_time_delta_sensor_async to None, run_after=None
[2022-09-07T16:21:01.925+0000] {processor.py:161} INFO - Processing /home/airflow/.local/lib/python3.7/site-packages/airflow/example_dags/example_time_delta_sensor_async.py took 0.136 seconds
[2022-09-07T16:21:32.410+0000] {processor.py:153} INFO - Started process (PID=129) to work on /home/airflow/.local/lib/python3.7/site-packages/airflow/example_dags/example_time_delta_sensor_async.py
[2022-09-07T16:21:32.412+0000] {processor.py:640} INFO - Processing file /home/airflow/.local/lib/python3.7/site-packages/airflow/example_dags/example_time_delta_sensor_async.py for tasks to queue
[2022-09-07T16:21:32.413+0000] {logging_mixin.py:115} INFO - [2022-09-07T16:21:32.413+0000] {dagbag.py:508} INFO - Filling up the DagBag from /home/airflow/.local/lib/python3.7/site-packages/airflow/example_dags/example_time_delta_sensor_async.py
[2022-09-07T16:21:32.419+0000] {processor.py:650} INFO - DAG(s) dict_keys(['example_time_delta_sensor_async']) retrieved from /home/airflow/.local/lib/python3.7/site-packages/airflow/example_dags/example_time_delta_sensor_async.py
[2022-09-07T16:21:32.517+0000] {logging_mixin.py:115} INFO - [2022-09-07T16:21:32.517+0000] {dag.py:2429} INFO - Sync 1 DAGs
[2022-09-07T16:21:32.532+0000] {logging_mixin.py:115} INFO - [2022-09-07T16:21:32.532+0000] {dag.py:2981} INFO - Setting next_dagrun for example_time_delta_sensor_async to None, run_after=None
[2022-09-07T16:21:32.540+0000] {processor.py:161} INFO - Processing /home/airflow/.local/lib/python3.7/site-packages/airflow/example_dags/example_time_delta_sensor_async.py took 0.133 seconds
[2022-09-07T16:22:03.104+0000] {processor.py:153} INFO - Started process (PID=584) to work on /home/airflow/.local/lib/python3.7/site-packages/airflow/example_dags/example_time_delta_sensor_async.py
[2022-09-07T16:22:03.105+0000] {processor.py:640} INFO - Processing file /home/airflow/.local/lib/python3.7/site-packages/airflow/example_dags/example_time_delta_sensor_async.py for tasks to queue
[2022-09-07T16:22:03.107+0000] {logging_mixin.py:115} INFO - [2022-09-07T16:22:03.107+0000] {dagbag.py:508} INFO - Filling up the DagBag from /home/airflow/.local/lib/python3.7/site-packages/airflow/example_dags/example_time_delta_sensor_async.py
[2022-09-07T16:22:03.112+0000] {processor.py:650} INFO - DAG(s) dict_keys(['example_time_delta_sensor_async']) retrieved from /home/airflow/.local/lib/python3.7/site-packages/airflow/example_dags/example_time_delta_sensor_async.py
[2022-09-07T16:22:03.214+0000] {logging_mixin.py:115} INFO - [2022-09-07T16:22:03.214+0000] {dag.py:2429} INFO - Sync 1 DAGs
[2022-09-07T16:22:03.456+0000] {logging_mixin.py:115} INFO - [2022-09-07T16:22:03.456+0000] {dag.py:2981} INFO - Setting next_dagrun for example_time_delta_sensor_async to None, run_after=None
[2022-09-07T16:22:03.491+0000] {processor.py:161} INFO - Processing /home/airflow/.local/lib/python3.7/site-packages/airflow/example_dags/example_time_delta_sensor_async.py took 0.390 seconds
[2022-09-07T16:22:34.292+0000] {processor.py:153} INFO - Started process (PID=1295) to work on /home/airflow/.local/lib/python3.7/site-packages/airflow/example_dags/example_time_delta_sensor_async.py
[2022-09-07T16:22:34.294+0000] {processor.py:640} INFO - Processing file /home/airflow/.local/lib/python3.7/site-packages/airflow/example_dags/example_time_delta_sensor_async.py for tasks to queue
[2022-09-07T16:22:34.295+0000] {logging_mixin.py:115} INFO - [2022-09-07T16:22:34.295+0000] {dagbag.py:508} INFO - Filling up the DagBag from /home/airflow/.local/lib/python3.7/site-packages/airflow/example_dags/example_time_delta_sensor_async.py
[2022-09-07T16:22:34.300+0000] {processor.py:650} INFO - DAG(s) dict_keys(['example_time_delta_sensor_async']) retrieved from /home/airflow/.local/lib/python3.7/site-packages/airflow/example_dags/example_time_delta_sensor_async.py
[2022-09-07T16:22:34.398+0000] {logging_mixin.py:115} INFO - [2022-09-07T16:22:34.398+0000] {dag.py:2429} INFO - Sync 1 DAGs
[2022-09-07T16:22:34.414+0000] {logging_mixin.py:115} INFO - [2022-09-07T16:22:34.414+0000] {dag.py:2981} INFO - Setting next_dagrun for example_time_delta_sensor_async to None, run_after=None
[2022-09-07T16:22:34.423+0000] {processor.py:161} INFO - Processing /home/airflow/.local/lib/python3.7/site-packages/airflow/example_dags/example_time_delta_sensor_async.py took 0.134 seconds
[2022-09-07T16:23:05.114+0000] {processor.py:153} INFO - Started process (PID=1842) to work on /home/airflow/.local/lib/python3.7/site-packages/airflow/example_dags/example_time_delta_sensor_async.py
[2022-09-07T16:23:05.117+0000] {processor.py:640} INFO - Processing file /home/airflow/.local/lib/python3.7/site-packages/airflow/example_dags/example_time_delta_sensor_async.py for tasks to queue
[2022-09-07T16:23:05.118+0000] {logging_mixin.py:115} INFO - [2022-09-07T16:23:05.118+0000] {dagbag.py:508} INFO - Filling up the DagBag from /home/airflow/.local/lib/python3.7/site-packages/airflow/example_dags/example_time_delta_sensor_async.py
[2022-09-07T16:23:05.123+0000] {processor.py:650} INFO - DAG(s) dict_keys(['example_time_delta_sensor_async']) retrieved from /home/airflow/.local/lib/python3.7/site-packages/airflow/example_dags/example_time_delta_sensor_async.py
[2022-09-07T16:23:05.219+0000] {logging_mixin.py:115} INFO - [2022-09-07T16:23:05.219+0000] {dag.py:2429} INFO - Sync 1 DAGs
[2022-09-07T16:23:05.233+0000] {logging_mixin.py:115} INFO - [2022-09-07T16:23:05.233+0000] {dag.py:2981} INFO - Setting next_dagrun for example_time_delta_sensor_async to None, run_after=None
[2022-09-07T16:23:05.241+0000] {processor.py:161} INFO - Processing /home/airflow/.local/lib/python3.7/site-packages/airflow/example_dags/example_time_delta_sensor_async.py took 0.130 seconds
[2022-09-07T16:23:35.867+0000] {processor.py:153} INFO - Started process (PID=2195) to work on /home/airflow/.local/lib/python3.7/site-packages/airflow/example_dags/example_time_delta_sensor_async.py
[2022-09-07T16:23:35.871+0000] {processor.py:640} INFO - Processing file /home/airflow/.local/lib/python3.7/site-packages/airflow/example_dags/example_time_delta_sensor_async.py for tasks to queue
[2022-09-07T16:23:35.872+0000] {logging_mixin.py:115} INFO - [2022-09-07T16:23:35.872+0000] {dagbag.py:508} INFO - Filling up the DagBag from /home/airflow/.local/lib/python3.7/site-packages/airflow/example_dags/example_time_delta_sensor_async.py
[2022-09-07T16:23:35.877+0000] {processor.py:650} INFO - DAG(s) dict_keys(['example_time_delta_sensor_async']) retrieved from /home/airflow/.local/lib/python3.7/site-packages/airflow/example_dags/example_time_delta_sensor_async.py
[2022-09-07T16:23:35.970+0000] {logging_mixin.py:115} INFO - [2022-09-07T16:23:35.970+0000] {dag.py:2429} INFO - Sync 1 DAGs
[2022-09-07T16:23:35.985+0000] {logging_mixin.py:115} INFO - [2022-09-07T16:23:35.984+0000] {dag.py:2981} INFO - Setting next_dagrun for example_time_delta_sensor_async to None, run_after=None
[2022-09-07T16:23:35.992+0000] {processor.py:161} INFO - Processing /home/airflow/.local/lib/python3.7/site-packages/airflow/example_dags/example_time_delta_sensor_async.py took 0.127 seconds
[2022-09-07T16:24:06.492+0000] {processor.py:153} INFO - Started process (PID=2579) to work on /home/airflow/.local/lib/python3.7/site-packages/airflow/example_dags/example_time_delta_sensor_async.py
[2022-09-07T16:24:06.494+0000] {processor.py:640} INFO - Processing file /home/airflow/.local/lib/python3.7/site-packages/airflow/example_dags/example_time_delta_sensor_async.py for tasks to queue
[2022-09-07T16:24:06.496+0000] {logging_mixin.py:115} INFO - [2022-09-07T16:24:06.496+0000] {dagbag.py:508} INFO - Filling up the DagBag from /home/airflow/.local/lib/python3.7/site-packages/airflow/example_dags/example_time_delta_sensor_async.py
[2022-09-07T16:24:06.500+0000] {processor.py:650} INFO - DAG(s) dict_keys(['example_time_delta_sensor_async']) retrieved from /home/airflow/.local/lib/python3.7/site-packages/airflow/example_dags/example_time_delta_sensor_async.py
[2022-09-07T16:24:06.590+0000] {logging_mixin.py:115} INFO - [2022-09-07T16:24:06.590+0000] {dag.py:2429} INFO - Sync 1 DAGs
[2022-09-07T16:24:06.605+0000] {logging_mixin.py:115} INFO - [2022-09-07T16:24:06.605+0000] {dag.py:2981} INFO - Setting next_dagrun for example_time_delta_sensor_async to None, run_after=None
[2022-09-07T16:24:06.613+0000] {processor.py:161} INFO - Processing /home/airflow/.local/lib/python3.7/site-packages/airflow/example_dags/example_time_delta_sensor_async.py took 0.123 seconds
[2022-09-07T16:24:37.105+0000] {processor.py:153} INFO - Started process (PID=2939) to work on /home/airflow/.local/lib/python3.7/site-packages/airflow/example_dags/example_time_delta_sensor_async.py
[2022-09-07T16:24:37.107+0000] {processor.py:640} INFO - Processing file /home/airflow/.local/lib/python3.7/site-packages/airflow/example_dags/example_time_delta_sensor_async.py for tasks to queue
[2022-09-07T16:24:37.109+0000] {logging_mixin.py:115} INFO - [2022-09-07T16:24:37.109+0000] {dagbag.py:508} INFO - Filling up the DagBag from /home/airflow/.local/lib/python3.7/site-packages/airflow/example_dags/example_time_delta_sensor_async.py
[2022-09-07T16:24:37.116+0000] {processor.py:650} INFO - DAG(s) dict_keys(['example_time_delta_sensor_async']) retrieved from /home/airflow/.local/lib/python3.7/site-packages/airflow/example_dags/example_time_delta_sensor_async.py
[2022-09-07T16:24:37.230+0000] {logging_mixin.py:115} INFO - [2022-09-07T16:24:37.230+0000] {dag.py:2429} INFO - Sync 1 DAGs
[2022-09-07T16:24:37.247+0000] {logging_mixin.py:115} INFO - [2022-09-07T16:24:37.246+0000] {dag.py:2981} INFO - Setting next_dagrun for example_time_delta_sensor_async to None, run_after=None
[2022-09-07T16:24:37.255+0000] {processor.py:161} INFO - Processing /home/airflow/.local/lib/python3.7/site-packages/airflow/example_dags/example_time_delta_sensor_async.py took 0.153 seconds
[2022-09-07T16:25:07.293+0000] {processor.py:153} INFO - Started process (PID=3255) to work on /home/airflow/.local/lib/python3.7/site-packages/airflow/example_dags/example_time_delta_sensor_async.py
[2022-09-07T16:25:07.297+0000] {processor.py:640} INFO - Processing file /home/airflow/.local/lib/python3.7/site-packages/airflow/example_dags/example_time_delta_sensor_async.py for tasks to queue
[2022-09-07T16:25:07.299+0000] {logging_mixin.py:115} INFO - [2022-09-07T16:25:07.298+0000] {dagbag.py:508} INFO - Filling up the DagBag from /home/airflow/.local/lib/python3.7/site-packages/airflow/example_dags/example_time_delta_sensor_async.py
[2022-09-07T16:25:07.304+0000] {processor.py:650} INFO - DAG(s) dict_keys(['example_time_delta_sensor_async']) retrieved from /home/airflow/.local/lib/python3.7/site-packages/airflow/example_dags/example_time_delta_sensor_async.py
[2022-09-07T16:25:07.405+0000] {logging_mixin.py:115} INFO - [2022-09-07T16:25:07.405+0000] {dag.py:2429} INFO - Sync 1 DAGs
[2022-09-07T16:25:07.434+0000] {logging_mixin.py:115} INFO - [2022-09-07T16:25:07.434+0000] {dag.py:2981} INFO - Setting next_dagrun for example_time_delta_sensor_async to None, run_after=None
[2022-09-07T16:25:07.466+0000] {processor.py:161} INFO - Processing /home/airflow/.local/lib/python3.7/site-packages/airflow/example_dags/example_time_delta_sensor_async.py took 0.176 seconds
[2022-09-07T16:25:37.571+0000] {processor.py:153} INFO - Started process (PID=3317) to work on /home/airflow/.local/lib/python3.7/site-packages/airflow/example_dags/example_time_delta_sensor_async.py
[2022-09-07T16:25:37.573+0000] {processor.py:640} INFO - Processing file /home/airflow/.local/lib/python3.7/site-packages/airflow/example_dags/example_time_delta_sensor_async.py for tasks to queue
[2022-09-07T16:25:37.574+0000] {logging_mixin.py:115} INFO - [2022-09-07T16:25:37.574+0000] {dagbag.py:508} INFO - Filling up the DagBag from /home/airflow/.local/lib/python3.7/site-packages/airflow/example_dags/example_time_delta_sensor_async.py
[2022-09-07T16:25:37.578+0000] {processor.py:650} INFO - DAG(s) dict_keys(['example_time_delta_sensor_async']) retrieved from /home/airflow/.local/lib/python3.7/site-packages/airflow/example_dags/example_time_delta_sensor_async.py
[2022-09-07T16:25:37.665+0000] {logging_mixin.py:115} INFO - [2022-09-07T16:25:37.664+0000] {dag.py:2429} INFO - Sync 1 DAGs
[2022-09-07T16:25:37.680+0000] {logging_mixin.py:115} INFO - [2022-09-07T16:25:37.680+0000] {dag.py:2981} INFO - Setting next_dagrun for example_time_delta_sensor_async to None, run_after=None
[2022-09-07T16:25:37.690+0000] {processor.py:161} INFO - Processing /home/airflow/.local/lib/python3.7/site-packages/airflow/example_dags/example_time_delta_sensor_async.py took 0.121 seconds
[2022-09-07T16:26:07.736+0000] {processor.py:153} INFO - Started process (PID=3370) to work on /home/airflow/.local/lib/python3.7/site-packages/airflow/example_dags/example_time_delta_sensor_async.py
[2022-09-07T16:26:07.737+0000] {processor.py:640} INFO - Processing file /home/airflow/.local/lib/python3.7/site-packages/airflow/example_dags/example_time_delta_sensor_async.py for tasks to queue
[2022-09-07T16:26:07.739+0000] {logging_mixin.py:115} INFO - [2022-09-07T16:26:07.739+0000] {dagbag.py:508} INFO - Filling up the DagBag from /home/airflow/.local/lib/python3.7/site-packages/airflow/example_dags/example_time_delta_sensor_async.py
[2022-09-07T16:26:07.743+0000] {processor.py:650} INFO - DAG(s) dict_keys(['example_time_delta_sensor_async']) retrieved from /home/airflow/.local/lib/python3.7/site-packages/airflow/example_dags/example_time_delta_sensor_async.py
[2022-09-07T16:26:07.838+0000] {logging_mixin.py:115} INFO - [2022-09-07T16:26:07.838+0000] {dag.py:2429} INFO - Sync 1 DAGs
[2022-09-07T16:26:07.853+0000] {logging_mixin.py:115} INFO - [2022-09-07T16:26:07.853+0000] {dag.py:2981} INFO - Setting next_dagrun for example_time_delta_sensor_async to None, run_after=None
[2022-09-07T16:26:07.863+0000] {processor.py:161} INFO - Processing /home/airflow/.local/lib/python3.7/site-packages/airflow/example_dags/example_time_delta_sensor_async.py took 0.129 seconds
[2022-09-07T16:26:38.648+0000] {processor.py:153} INFO - Started process (PID=3428) to work on /home/airflow/.local/lib/python3.7/site-packages/airflow/example_dags/example_time_delta_sensor_async.py
[2022-09-07T16:26:38.651+0000] {processor.py:640} INFO - Processing file /home/airflow/.local/lib/python3.7/site-packages/airflow/example_dags/example_time_delta_sensor_async.py for tasks to queue
[2022-09-07T16:26:38.652+0000] {logging_mixin.py:115} INFO - [2022-09-07T16:26:38.652+0000] {dagbag.py:508} INFO - Filling up the DagBag from /home/airflow/.local/lib/python3.7/site-packages/airflow/example_dags/example_time_delta_sensor_async.py
[2022-09-07T16:26:38.657+0000] {processor.py:650} INFO - DAG(s) dict_keys(['example_time_delta_sensor_async']) retrieved from /home/airflow/.local/lib/python3.7/site-packages/airflow/example_dags/example_time_delta_sensor_async.py
[2022-09-07T16:26:38.801+0000] {logging_mixin.py:115} INFO - [2022-09-07T16:26:38.801+0000] {dag.py:2429} INFO - Sync 1 DAGs
[2022-09-07T16:26:38.822+0000] {logging_mixin.py:115} INFO - [2022-09-07T16:26:38.822+0000] {dag.py:2981} INFO - Setting next_dagrun for example_time_delta_sensor_async to None, run_after=None
[2022-09-07T16:26:38.838+0000] {processor.py:161} INFO - Processing /home/airflow/.local/lib/python3.7/site-packages/airflow/example_dags/example_time_delta_sensor_async.py took 0.193 seconds
[2022-09-07T16:27:09.207+0000] {processor.py:153} INFO - Started process (PID=3489) to work on /home/airflow/.local/lib/python3.7/site-packages/airflow/example_dags/example_time_delta_sensor_async.py
[2022-09-07T16:27:09.209+0000] {processor.py:640} INFO - Processing file /home/airflow/.local/lib/python3.7/site-packages/airflow/example_dags/example_time_delta_sensor_async.py for tasks to queue
[2022-09-07T16:27:09.210+0000] {logging_mixin.py:115} INFO - [2022-09-07T16:27:09.210+0000] {dagbag.py:508} INFO - Filling up the DagBag from /home/airflow/.local/lib/python3.7/site-packages/airflow/example_dags/example_time_delta_sensor_async.py
[2022-09-07T16:27:09.216+0000] {processor.py:650} INFO - DAG(s) dict_keys(['example_time_delta_sensor_async']) retrieved from /home/airflow/.local/lib/python3.7/site-packages/airflow/example_dags/example_time_delta_sensor_async.py
[2022-09-07T16:27:09.320+0000] {logging_mixin.py:115} INFO - [2022-09-07T16:27:09.320+0000] {dag.py:2429} INFO - Sync 1 DAGs
[2022-09-07T16:27:09.341+0000] {logging_mixin.py:115} INFO - [2022-09-07T16:27:09.341+0000] {dag.py:2981} INFO - Setting next_dagrun for example_time_delta_sensor_async to None, run_after=None
[2022-09-07T16:27:09.350+0000] {processor.py:161} INFO - Processing /home/airflow/.local/lib/python3.7/site-packages/airflow/example_dags/example_time_delta_sensor_async.py took 0.146 seconds
[2022-09-07T16:27:40.003+0000] {processor.py:153} INFO - Started process (PID=3551) to work on /home/airflow/.local/lib/python3.7/site-packages/airflow/example_dags/example_time_delta_sensor_async.py
[2022-09-07T16:27:40.005+0000] {processor.py:640} INFO - Processing file /home/airflow/.local/lib/python3.7/site-packages/airflow/example_dags/example_time_delta_sensor_async.py for tasks to queue
[2022-09-07T16:27:40.007+0000] {logging_mixin.py:115} INFO - [2022-09-07T16:27:40.007+0000] {dagbag.py:508} INFO - Filling up the DagBag from /home/airflow/.local/lib/python3.7/site-packages/airflow/example_dags/example_time_delta_sensor_async.py
[2022-09-07T16:27:40.012+0000] {processor.py:650} INFO - DAG(s) dict_keys(['example_time_delta_sensor_async']) retrieved from /home/airflow/.local/lib/python3.7/site-packages/airflow/example_dags/example_time_delta_sensor_async.py
[2022-09-07T16:27:40.110+0000] {logging_mixin.py:115} INFO - [2022-09-07T16:27:40.110+0000] {dag.py:2429} INFO - Sync 1 DAGs
[2022-09-07T16:27:40.125+0000] {logging_mixin.py:115} INFO - [2022-09-07T16:27:40.125+0000] {dag.py:2981} INFO - Setting next_dagrun for example_time_delta_sensor_async to None, run_after=None
[2022-09-07T16:27:40.133+0000] {processor.py:161} INFO - Processing /home/airflow/.local/lib/python3.7/site-packages/airflow/example_dags/example_time_delta_sensor_async.py took 0.132 seconds
[2022-09-07T16:28:10.694+0000] {processor.py:153} INFO - Started process (PID=3612) to work on /home/airflow/.local/lib/python3.7/site-packages/airflow/example_dags/example_time_delta_sensor_async.py
[2022-09-07T16:28:10.697+0000] {processor.py:640} INFO - Processing file /home/airflow/.local/lib/python3.7/site-packages/airflow/example_dags/example_time_delta_sensor_async.py for tasks to queue
[2022-09-07T16:28:10.698+0000] {logging_mixin.py:115} INFO - [2022-09-07T16:28:10.698+0000] {dagbag.py:508} INFO - Filling up the DagBag from /home/airflow/.local/lib/python3.7/site-packages/airflow/example_dags/example_time_delta_sensor_async.py
[2022-09-07T16:28:10.702+0000] {processor.py:650} INFO - DAG(s) dict_keys(['example_time_delta_sensor_async']) retrieved from /home/airflow/.local/lib/python3.7/site-packages/airflow/example_dags/example_time_delta_sensor_async.py
[2022-09-07T16:28:10.799+0000] {logging_mixin.py:115} INFO - [2022-09-07T16:28:10.799+0000] {dag.py:2429} INFO - Sync 1 DAGs
[2022-09-07T16:28:10.813+0000] {logging_mixin.py:115} INFO - [2022-09-07T16:28:10.813+0000] {dag.py:2981} INFO - Setting next_dagrun for example_time_delta_sensor_async to None, run_after=None
[2022-09-07T16:28:10.822+0000] {processor.py:161} INFO - Processing /home/airflow/.local/lib/python3.7/site-packages/airflow/example_dags/example_time_delta_sensor_async.py took 0.130 seconds
[2022-09-07T16:29:19.367+0000] {processor.py:153} INFO - Started process (PID=60) to work on /home/airflow/.local/lib/python3.7/site-packages/airflow/example_dags/example_time_delta_sensor_async.py
[2022-09-07T16:29:19.383+0000] {processor.py:640} INFO - Processing file /home/airflow/.local/lib/python3.7/site-packages/airflow/example_dags/example_time_delta_sensor_async.py for tasks to queue
[2022-09-07T16:29:19.388+0000] {logging_mixin.py:115} INFO - [2022-09-07T16:29:19.387+0000] {dagbag.py:508} INFO - Filling up the DagBag from /home/airflow/.local/lib/python3.7/site-packages/airflow/example_dags/example_time_delta_sensor_async.py
[2022-09-07T16:29:19.412+0000] {processor.py:650} INFO - DAG(s) dict_keys(['example_time_delta_sensor_async']) retrieved from /home/airflow/.local/lib/python3.7/site-packages/airflow/example_dags/example_time_delta_sensor_async.py
[2022-09-07T16:29:19.897+0000] {logging_mixin.py:115} INFO - [2022-09-07T16:29:19.897+0000] {dag.py:2429} INFO - Sync 1 DAGs
[2022-09-07T16:29:19.973+0000] {logging_mixin.py:115} INFO - [2022-09-07T16:29:19.973+0000] {dag.py:2981} INFO - Setting next_dagrun for example_time_delta_sensor_async to None, run_after=None
[2022-09-07T16:29:20.024+0000] {processor.py:161} INFO - Processing /home/airflow/.local/lib/python3.7/site-packages/airflow/example_dags/example_time_delta_sensor_async.py took 0.660 seconds
[2022-09-07T16:29:50.725+0000] {processor.py:153} INFO - Started process (PID=113) to work on /home/airflow/.local/lib/python3.7/site-packages/airflow/example_dags/example_time_delta_sensor_async.py
[2022-09-07T16:29:50.728+0000] {processor.py:640} INFO - Processing file /home/airflow/.local/lib/python3.7/site-packages/airflow/example_dags/example_time_delta_sensor_async.py for tasks to queue
[2022-09-07T16:29:50.729+0000] {logging_mixin.py:115} INFO - [2022-09-07T16:29:50.729+0000] {dagbag.py:508} INFO - Filling up the DagBag from /home/airflow/.local/lib/python3.7/site-packages/airflow/example_dags/example_time_delta_sensor_async.py
[2022-09-07T16:29:50.735+0000] {processor.py:650} INFO - DAG(s) dict_keys(['example_time_delta_sensor_async']) retrieved from /home/airflow/.local/lib/python3.7/site-packages/airflow/example_dags/example_time_delta_sensor_async.py
[2022-09-07T16:29:50.858+0000] {logging_mixin.py:115} INFO - [2022-09-07T16:29:50.858+0000] {dag.py:2429} INFO - Sync 1 DAGs
[2022-09-07T16:29:50.875+0000] {logging_mixin.py:115} INFO - [2022-09-07T16:29:50.875+0000] {dag.py:2981} INFO - Setting next_dagrun for example_time_delta_sensor_async to None, run_after=None
[2022-09-07T16:29:50.884+0000] {processor.py:161} INFO - Processing /home/airflow/.local/lib/python3.7/site-packages/airflow/example_dags/example_time_delta_sensor_async.py took 0.163 seconds
[2022-09-07T16:30:21.038+0000] {processor.py:153} INFO - Started process (PID=173) to work on /home/airflow/.local/lib/python3.7/site-packages/airflow/example_dags/example_time_delta_sensor_async.py
[2022-09-07T16:30:21.040+0000] {processor.py:640} INFO - Processing file /home/airflow/.local/lib/python3.7/site-packages/airflow/example_dags/example_time_delta_sensor_async.py for tasks to queue
[2022-09-07T16:30:21.041+0000] {logging_mixin.py:115} INFO - [2022-09-07T16:30:21.041+0000] {dagbag.py:508} INFO - Filling up the DagBag from /home/airflow/.local/lib/python3.7/site-packages/airflow/example_dags/example_time_delta_sensor_async.py
[2022-09-07T16:30:21.046+0000] {processor.py:650} INFO - DAG(s) dict_keys(['example_time_delta_sensor_async']) retrieved from /home/airflow/.local/lib/python3.7/site-packages/airflow/example_dags/example_time_delta_sensor_async.py
[2022-09-07T16:30:21.142+0000] {logging_mixin.py:115} INFO - [2022-09-07T16:30:21.142+0000] {dag.py:2429} INFO - Sync 1 DAGs
[2022-09-07T16:30:21.157+0000] {logging_mixin.py:115} INFO - [2022-09-07T16:30:21.157+0000] {dag.py:2981} INFO - Setting next_dagrun for example_time_delta_sensor_async to None, run_after=None
[2022-09-07T16:30:21.167+0000] {processor.py:161} INFO - Processing /home/airflow/.local/lib/python3.7/site-packages/airflow/example_dags/example_time_delta_sensor_async.py took 0.132 seconds
[2022-09-07T16:30:51.933+0000] {processor.py:153} INFO - Started process (PID=234) to work on /home/airflow/.local/lib/python3.7/site-packages/airflow/example_dags/example_time_delta_sensor_async.py
[2022-09-07T16:30:51.935+0000] {processor.py:640} INFO - Processing file /home/airflow/.local/lib/python3.7/site-packages/airflow/example_dags/example_time_delta_sensor_async.py for tasks to queue
[2022-09-07T16:30:51.937+0000] {logging_mixin.py:115} INFO - [2022-09-07T16:30:51.937+0000] {dagbag.py:508} INFO - Filling up the DagBag from /home/airflow/.local/lib/python3.7/site-packages/airflow/example_dags/example_time_delta_sensor_async.py
[2022-09-07T16:30:51.941+0000] {processor.py:650} INFO - DAG(s) dict_keys(['example_time_delta_sensor_async']) retrieved from /home/airflow/.local/lib/python3.7/site-packages/airflow/example_dags/example_time_delta_sensor_async.py
[2022-09-07T16:30:52.037+0000] {logging_mixin.py:115} INFO - [2022-09-07T16:30:52.037+0000] {dag.py:2429} INFO - Sync 1 DAGs
[2022-09-07T16:30:52.055+0000] {logging_mixin.py:115} INFO - [2022-09-07T16:30:52.055+0000] {dag.py:2981} INFO - Setting next_dagrun for example_time_delta_sensor_async to None, run_after=None
[2022-09-07T16:30:52.062+0000] {processor.py:161} INFO - Processing /home/airflow/.local/lib/python3.7/site-packages/airflow/example_dags/example_time_delta_sensor_async.py took 0.132 seconds
[2022-09-07T16:31:22.587+0000] {processor.py:153} INFO - Started process (PID=295) to work on /home/airflow/.local/lib/python3.7/site-packages/airflow/example_dags/example_time_delta_sensor_async.py
[2022-09-07T16:31:22.589+0000] {processor.py:640} INFO - Processing file /home/airflow/.local/lib/python3.7/site-packages/airflow/example_dags/example_time_delta_sensor_async.py for tasks to queue
[2022-09-07T16:31:22.590+0000] {logging_mixin.py:115} INFO - [2022-09-07T16:31:22.590+0000] {dagbag.py:508} INFO - Filling up the DagBag from /home/airflow/.local/lib/python3.7/site-packages/airflow/example_dags/example_time_delta_sensor_async.py
[2022-09-07T16:31:22.596+0000] {processor.py:650} INFO - DAG(s) dict_keys(['example_time_delta_sensor_async']) retrieved from /home/airflow/.local/lib/python3.7/site-packages/airflow/example_dags/example_time_delta_sensor_async.py
[2022-09-07T16:31:22.691+0000] {logging_mixin.py:115} INFO - [2022-09-07T16:31:22.690+0000] {dag.py:2429} INFO - Sync 1 DAGs
[2022-09-07T16:31:22.710+0000] {logging_mixin.py:115} INFO - [2022-09-07T16:31:22.710+0000] {dag.py:2981} INFO - Setting next_dagrun for example_time_delta_sensor_async to None, run_after=None
[2022-09-07T16:31:22.719+0000] {processor.py:161} INFO - Processing /home/airflow/.local/lib/python3.7/site-packages/airflow/example_dags/example_time_delta_sensor_async.py took 0.134 seconds
[2022-09-07T17:23:40.117+0000] {processor.py:153} INFO - Started process (PID=60) to work on /home/airflow/.local/lib/python3.7/site-packages/airflow/example_dags/example_time_delta_sensor_async.py
[2022-09-07T17:23:40.120+0000] {processor.py:640} INFO - Processing file /home/airflow/.local/lib/python3.7/site-packages/airflow/example_dags/example_time_delta_sensor_async.py for tasks to queue
[2022-09-07T17:23:40.129+0000] {logging_mixin.py:115} INFO - [2022-09-07T17:23:40.129+0000] {dagbag.py:508} INFO - Filling up the DagBag from /home/airflow/.local/lib/python3.7/site-packages/airflow/example_dags/example_time_delta_sensor_async.py
[2022-09-07T17:23:40.161+0000] {processor.py:650} INFO - DAG(s) dict_keys(['example_time_delta_sensor_async']) retrieved from /home/airflow/.local/lib/python3.7/site-packages/airflow/example_dags/example_time_delta_sensor_async.py
[2022-09-07T17:23:40.601+0000] {logging_mixin.py:115} INFO - [2022-09-07T17:23:40.600+0000] {dag.py:2429} INFO - Sync 1 DAGs
[2022-09-07T17:23:40.693+0000] {logging_mixin.py:115} INFO - [2022-09-07T17:23:40.693+0000] {dag.py:2981} INFO - Setting next_dagrun for example_time_delta_sensor_async to None, run_after=None
[2022-09-07T17:23:40.746+0000] {processor.py:161} INFO - Processing /home/airflow/.local/lib/python3.7/site-packages/airflow/example_dags/example_time_delta_sensor_async.py took 0.631 seconds
[2022-09-07T17:24:10.958+0000] {processor.py:153} INFO - Started process (PID=111) to work on /home/airflow/.local/lib/python3.7/site-packages/airflow/example_dags/example_time_delta_sensor_async.py
[2022-09-07T17:24:10.960+0000] {processor.py:640} INFO - Processing file /home/airflow/.local/lib/python3.7/site-packages/airflow/example_dags/example_time_delta_sensor_async.py for tasks to queue
[2022-09-07T17:24:10.961+0000] {logging_mixin.py:115} INFO - [2022-09-07T17:24:10.961+0000] {dagbag.py:508} INFO - Filling up the DagBag from /home/airflow/.local/lib/python3.7/site-packages/airflow/example_dags/example_time_delta_sensor_async.py
[2022-09-07T17:24:10.966+0000] {processor.py:650} INFO - DAG(s) dict_keys(['example_time_delta_sensor_async']) retrieved from /home/airflow/.local/lib/python3.7/site-packages/airflow/example_dags/example_time_delta_sensor_async.py
[2022-09-07T17:24:11.057+0000] {logging_mixin.py:115} INFO - [2022-09-07T17:24:11.057+0000] {dag.py:2429} INFO - Sync 1 DAGs
[2022-09-07T17:24:11.072+0000] {logging_mixin.py:115} INFO - [2022-09-07T17:24:11.072+0000] {dag.py:2981} INFO - Setting next_dagrun for example_time_delta_sensor_async to None, run_after=None
[2022-09-07T17:24:11.081+0000] {processor.py:161} INFO - Processing /home/airflow/.local/lib/python3.7/site-packages/airflow/example_dags/example_time_delta_sensor_async.py took 0.126 seconds
[2022-09-07T17:24:41.863+0000] {processor.py:153} INFO - Started process (PID=171) to work on /home/airflow/.local/lib/python3.7/site-packages/airflow/example_dags/example_time_delta_sensor_async.py
[2022-09-07T17:24:41.865+0000] {processor.py:640} INFO - Processing file /home/airflow/.local/lib/python3.7/site-packages/airflow/example_dags/example_time_delta_sensor_async.py for tasks to queue
[2022-09-07T17:24:41.867+0000] {logging_mixin.py:115} INFO - [2022-09-07T17:24:41.867+0000] {dagbag.py:508} INFO - Filling up the DagBag from /home/airflow/.local/lib/python3.7/site-packages/airflow/example_dags/example_time_delta_sensor_async.py
[2022-09-07T17:24:41.871+0000] {processor.py:650} INFO - DAG(s) dict_keys(['example_time_delta_sensor_async']) retrieved from /home/airflow/.local/lib/python3.7/site-packages/airflow/example_dags/example_time_delta_sensor_async.py
[2022-09-07T17:24:41.955+0000] {logging_mixin.py:115} INFO - [2022-09-07T17:24:41.955+0000] {dag.py:2429} INFO - Sync 1 DAGs
[2022-09-07T17:24:41.970+0000] {logging_mixin.py:115} INFO - [2022-09-07T17:24:41.970+0000] {dag.py:2981} INFO - Setting next_dagrun for example_time_delta_sensor_async to None, run_after=None
[2022-09-07T17:24:41.978+0000] {processor.py:161} INFO - Processing /home/airflow/.local/lib/python3.7/site-packages/airflow/example_dags/example_time_delta_sensor_async.py took 0.117 seconds
