[2022-09-07T07:55:33.759+0000] {processor.py:153} INFO - Started process (PID=53) to work on /home/airflow/.local/lib/python3.7/site-packages/airflow/example_dags/example_task_group.py
[2022-09-07T07:55:33.762+0000] {processor.py:640} INFO - Processing file /home/airflow/.local/lib/python3.7/site-packages/airflow/example_dags/example_task_group.py for tasks to queue
[2022-09-07T07:55:33.764+0000] {logging_mixin.py:115} INFO - [2022-09-07T07:55:33.764+0000] {dagbag.py:508} INFO - Filling up the DagBag from /home/airflow/.local/lib/python3.7/site-packages/airflow/example_dags/example_task_group.py
[2022-09-07T07:55:33.781+0000] {processor.py:650} INFO - DAG(s) dict_keys(['example_task_group']) retrieved from /home/airflow/.local/lib/python3.7/site-packages/airflow/example_dags/example_task_group.py
[2022-09-07T07:55:33.955+0000] {logging_mixin.py:115} INFO - [2022-09-07T07:55:33.954+0000] {manager.py:508} INFO - Created Permission View: can delete on DAG:example_task_group
[2022-09-07T07:55:33.964+0000] {logging_mixin.py:115} INFO - [2022-09-07T07:55:33.964+0000] {manager.py:508} INFO - Created Permission View: can read on DAG:example_task_group
[2022-09-07T07:55:33.972+0000] {logging_mixin.py:115} INFO - [2022-09-07T07:55:33.972+0000] {manager.py:508} INFO - Created Permission View: can edit on DAG:example_task_group
[2022-09-07T07:55:33.978+0000] {logging_mixin.py:115} INFO - [2022-09-07T07:55:33.975+0000] {dag.py:2429} INFO - Sync 1 DAGs
[2022-09-07T07:55:33.986+0000] {logging_mixin.py:115} INFO - [2022-09-07T07:55:33.986+0000] {dag.py:2448} INFO - Creating ORM DAG for example_task_group
[2022-09-07T07:55:33.997+0000] {logging_mixin.py:115} INFO - [2022-09-07T07:55:33.997+0000] {dag.py:2981} INFO - Setting next_dagrun for example_task_group to 2022-09-06T07:55:33.997023+00:00, run_after=2022-09-07T07:55:33.997023+00:00
[2022-09-07T07:55:34.019+0000] {processor.py:161} INFO - Processing /home/airflow/.local/lib/python3.7/site-packages/airflow/example_dags/example_task_group.py took 0.265 seconds
[2022-09-07T07:56:04.996+0000] {processor.py:153} INFO - Started process (PID=114) to work on /home/airflow/.local/lib/python3.7/site-packages/airflow/example_dags/example_task_group.py
[2022-09-07T07:56:04.999+0000] {processor.py:640} INFO - Processing file /home/airflow/.local/lib/python3.7/site-packages/airflow/example_dags/example_task_group.py for tasks to queue
[2022-09-07T07:56:05.001+0000] {logging_mixin.py:115} INFO - [2022-09-07T07:56:05.001+0000] {dagbag.py:508} INFO - Filling up the DagBag from /home/airflow/.local/lib/python3.7/site-packages/airflow/example_dags/example_task_group.py
[2022-09-07T07:56:05.009+0000] {processor.py:650} INFO - DAG(s) dict_keys(['example_task_group']) retrieved from /home/airflow/.local/lib/python3.7/site-packages/airflow/example_dags/example_task_group.py
[2022-09-07T07:56:05.029+0000] {logging_mixin.py:115} INFO - [2022-09-07T07:56:05.029+0000] {dag.py:2429} INFO - Sync 1 DAGs
[2022-09-07T07:56:05.044+0000] {logging_mixin.py:115} INFO - [2022-09-07T07:56:05.044+0000] {dag.py:2981} INFO - Setting next_dagrun for example_task_group to 2022-09-06T07:56:05.044112+00:00, run_after=2022-09-07T07:56:05.044112+00:00
[2022-09-07T07:56:05.052+0000] {processor.py:161} INFO - Processing /home/airflow/.local/lib/python3.7/site-packages/airflow/example_dags/example_task_group.py took 0.060 seconds
[2022-09-07T07:56:35.872+0000] {processor.py:153} INFO - Started process (PID=175) to work on /home/airflow/.local/lib/python3.7/site-packages/airflow/example_dags/example_task_group.py
[2022-09-07T07:56:35.876+0000] {processor.py:640} INFO - Processing file /home/airflow/.local/lib/python3.7/site-packages/airflow/example_dags/example_task_group.py for tasks to queue
[2022-09-07T07:56:35.878+0000] {logging_mixin.py:115} INFO - [2022-09-07T07:56:35.878+0000] {dagbag.py:508} INFO - Filling up the DagBag from /home/airflow/.local/lib/python3.7/site-packages/airflow/example_dags/example_task_group.py
[2022-09-07T07:56:35.887+0000] {processor.py:650} INFO - DAG(s) dict_keys(['example_task_group']) retrieved from /home/airflow/.local/lib/python3.7/site-packages/airflow/example_dags/example_task_group.py
[2022-09-07T07:56:35.909+0000] {logging_mixin.py:115} INFO - [2022-09-07T07:56:35.909+0000] {dag.py:2429} INFO - Sync 1 DAGs
[2022-09-07T07:56:35.922+0000] {logging_mixin.py:115} INFO - [2022-09-07T07:56:35.922+0000] {dag.py:2981} INFO - Setting next_dagrun for example_task_group to 2022-09-06T07:56:35.922467+00:00, run_after=2022-09-07T07:56:35.922467+00:00
[2022-09-07T07:56:35.930+0000] {processor.py:161} INFO - Processing /home/airflow/.local/lib/python3.7/site-packages/airflow/example_dags/example_task_group.py took 0.062 seconds
[2022-09-07T07:57:06.397+0000] {processor.py:153} INFO - Started process (PID=236) to work on /home/airflow/.local/lib/python3.7/site-packages/airflow/example_dags/example_task_group.py
[2022-09-07T07:57:06.400+0000] {processor.py:640} INFO - Processing file /home/airflow/.local/lib/python3.7/site-packages/airflow/example_dags/example_task_group.py for tasks to queue
[2022-09-07T07:57:06.401+0000] {logging_mixin.py:115} INFO - [2022-09-07T07:57:06.401+0000] {dagbag.py:508} INFO - Filling up the DagBag from /home/airflow/.local/lib/python3.7/site-packages/airflow/example_dags/example_task_group.py
[2022-09-07T07:57:06.408+0000] {processor.py:650} INFO - DAG(s) dict_keys(['example_task_group']) retrieved from /home/airflow/.local/lib/python3.7/site-packages/airflow/example_dags/example_task_group.py
[2022-09-07T07:57:06.427+0000] {logging_mixin.py:115} INFO - [2022-09-07T07:57:06.427+0000] {dag.py:2429} INFO - Sync 1 DAGs
[2022-09-07T07:57:06.440+0000] {logging_mixin.py:115} INFO - [2022-09-07T07:57:06.440+0000] {dag.py:2981} INFO - Setting next_dagrun for example_task_group to 2022-09-06T07:57:06.439867+00:00, run_after=2022-09-07T07:57:06.439867+00:00
[2022-09-07T07:57:06.447+0000] {processor.py:161} INFO - Processing /home/airflow/.local/lib/python3.7/site-packages/airflow/example_dags/example_task_group.py took 0.055 seconds
[2022-09-07T07:57:37.027+0000] {processor.py:153} INFO - Started process (PID=297) to work on /home/airflow/.local/lib/python3.7/site-packages/airflow/example_dags/example_task_group.py
[2022-09-07T07:57:37.029+0000] {processor.py:640} INFO - Processing file /home/airflow/.local/lib/python3.7/site-packages/airflow/example_dags/example_task_group.py for tasks to queue
[2022-09-07T07:57:37.030+0000] {logging_mixin.py:115} INFO - [2022-09-07T07:57:37.030+0000] {dagbag.py:508} INFO - Filling up the DagBag from /home/airflow/.local/lib/python3.7/site-packages/airflow/example_dags/example_task_group.py
[2022-09-07T07:57:37.036+0000] {processor.py:650} INFO - DAG(s) dict_keys(['example_task_group']) retrieved from /home/airflow/.local/lib/python3.7/site-packages/airflow/example_dags/example_task_group.py
[2022-09-07T07:57:37.053+0000] {logging_mixin.py:115} INFO - [2022-09-07T07:57:37.053+0000] {dag.py:2429} INFO - Sync 1 DAGs
[2022-09-07T07:57:37.065+0000] {logging_mixin.py:115} INFO - [2022-09-07T07:57:37.065+0000] {dag.py:2981} INFO - Setting next_dagrun for example_task_group to 2022-09-06T07:57:37.065730+00:00, run_after=2022-09-07T07:57:37.065730+00:00
[2022-09-07T07:57:37.074+0000] {processor.py:161} INFO - Processing /home/airflow/.local/lib/python3.7/site-packages/airflow/example_dags/example_task_group.py took 0.050 seconds
[2022-09-07T07:58:07.875+0000] {processor.py:153} INFO - Started process (PID=357) to work on /home/airflow/.local/lib/python3.7/site-packages/airflow/example_dags/example_task_group.py
[2022-09-07T07:58:07.877+0000] {processor.py:640} INFO - Processing file /home/airflow/.local/lib/python3.7/site-packages/airflow/example_dags/example_task_group.py for tasks to queue
[2022-09-07T07:58:07.878+0000] {logging_mixin.py:115} INFO - [2022-09-07T07:58:07.878+0000] {dagbag.py:508} INFO - Filling up the DagBag from /home/airflow/.local/lib/python3.7/site-packages/airflow/example_dags/example_task_group.py
[2022-09-07T07:58:07.886+0000] {processor.py:650} INFO - DAG(s) dict_keys(['example_task_group']) retrieved from /home/airflow/.local/lib/python3.7/site-packages/airflow/example_dags/example_task_group.py
[2022-09-07T07:58:07.912+0000] {logging_mixin.py:115} INFO - [2022-09-07T07:58:07.912+0000] {dag.py:2429} INFO - Sync 1 DAGs
[2022-09-07T07:58:07.927+0000] {logging_mixin.py:115} INFO - [2022-09-07T07:58:07.926+0000] {dag.py:2981} INFO - Setting next_dagrun for example_task_group to 2022-09-06T07:58:07.926577+00:00, run_after=2022-09-07T07:58:07.926577+00:00
[2022-09-07T07:58:07.940+0000] {processor.py:161} INFO - Processing /home/airflow/.local/lib/python3.7/site-packages/airflow/example_dags/example_task_group.py took 0.068 seconds
[2022-09-07T07:58:38.030+0000] {processor.py:153} INFO - Started process (PID=407) to work on /home/airflow/.local/lib/python3.7/site-packages/airflow/example_dags/example_task_group.py
[2022-09-07T07:58:38.034+0000] {processor.py:640} INFO - Processing file /home/airflow/.local/lib/python3.7/site-packages/airflow/example_dags/example_task_group.py for tasks to queue
[2022-09-07T07:58:38.036+0000] {logging_mixin.py:115} INFO - [2022-09-07T07:58:38.036+0000] {dagbag.py:508} INFO - Filling up the DagBag from /home/airflow/.local/lib/python3.7/site-packages/airflow/example_dags/example_task_group.py
[2022-09-07T07:58:38.043+0000] {processor.py:650} INFO - DAG(s) dict_keys(['example_task_group']) retrieved from /home/airflow/.local/lib/python3.7/site-packages/airflow/example_dags/example_task_group.py
[2022-09-07T07:58:38.064+0000] {logging_mixin.py:115} INFO - [2022-09-07T07:58:38.064+0000] {dag.py:2429} INFO - Sync 1 DAGs
[2022-09-07T07:58:38.077+0000] {logging_mixin.py:115} INFO - [2022-09-07T07:58:38.077+0000] {dag.py:2981} INFO - Setting next_dagrun for example_task_group to 2022-09-06T07:58:38.077744+00:00, run_after=2022-09-07T07:58:38.077744+00:00
[2022-09-07T07:58:38.085+0000] {processor.py:161} INFO - Processing /home/airflow/.local/lib/python3.7/site-packages/airflow/example_dags/example_task_group.py took 0.060 seconds
[2022-09-07T07:59:09.050+0000] {processor.py:153} INFO - Started process (PID=469) to work on /home/airflow/.local/lib/python3.7/site-packages/airflow/example_dags/example_task_group.py
[2022-09-07T07:59:09.053+0000] {processor.py:640} INFO - Processing file /home/airflow/.local/lib/python3.7/site-packages/airflow/example_dags/example_task_group.py for tasks to queue
[2022-09-07T07:59:09.054+0000] {logging_mixin.py:115} INFO - [2022-09-07T07:59:09.054+0000] {dagbag.py:508} INFO - Filling up the DagBag from /home/airflow/.local/lib/python3.7/site-packages/airflow/example_dags/example_task_group.py
[2022-09-07T07:59:09.064+0000] {processor.py:650} INFO - DAG(s) dict_keys(['example_task_group']) retrieved from /home/airflow/.local/lib/python3.7/site-packages/airflow/example_dags/example_task_group.py
[2022-09-07T07:59:09.087+0000] {logging_mixin.py:115} INFO - [2022-09-07T07:59:09.087+0000] {dag.py:2429} INFO - Sync 1 DAGs
[2022-09-07T07:59:09.100+0000] {logging_mixin.py:115} INFO - [2022-09-07T07:59:09.100+0000] {dag.py:2981} INFO - Setting next_dagrun for example_task_group to 2022-09-06T07:59:09.100383+00:00, run_after=2022-09-07T07:59:09.100383+00:00
[2022-09-07T07:59:09.108+0000] {processor.py:161} INFO - Processing /home/airflow/.local/lib/python3.7/site-packages/airflow/example_dags/example_task_group.py took 0.063 seconds
[2022-09-07T07:59:39.909+0000] {processor.py:153} INFO - Started process (PID=529) to work on /home/airflow/.local/lib/python3.7/site-packages/airflow/example_dags/example_task_group.py
[2022-09-07T07:59:39.912+0000] {processor.py:640} INFO - Processing file /home/airflow/.local/lib/python3.7/site-packages/airflow/example_dags/example_task_group.py for tasks to queue
[2022-09-07T07:59:39.914+0000] {logging_mixin.py:115} INFO - [2022-09-07T07:59:39.914+0000] {dagbag.py:508} INFO - Filling up the DagBag from /home/airflow/.local/lib/python3.7/site-packages/airflow/example_dags/example_task_group.py
[2022-09-07T07:59:39.922+0000] {processor.py:650} INFO - DAG(s) dict_keys(['example_task_group']) retrieved from /home/airflow/.local/lib/python3.7/site-packages/airflow/example_dags/example_task_group.py
[2022-09-07T07:59:39.944+0000] {logging_mixin.py:115} INFO - [2022-09-07T07:59:39.943+0000] {dag.py:2429} INFO - Sync 1 DAGs
[2022-09-07T07:59:39.958+0000] {logging_mixin.py:115} INFO - [2022-09-07T07:59:39.958+0000] {dag.py:2981} INFO - Setting next_dagrun for example_task_group to 2022-09-06T07:59:39.958298+00:00, run_after=2022-09-07T07:59:39.958298+00:00
[2022-09-07T07:59:39.967+0000] {processor.py:161} INFO - Processing /home/airflow/.local/lib/python3.7/site-packages/airflow/example_dags/example_task_group.py took 0.062 seconds
[2022-09-07T08:00:10.781+0000] {processor.py:153} INFO - Started process (PID=590) to work on /home/airflow/.local/lib/python3.7/site-packages/airflow/example_dags/example_task_group.py
[2022-09-07T08:00:10.783+0000] {processor.py:640} INFO - Processing file /home/airflow/.local/lib/python3.7/site-packages/airflow/example_dags/example_task_group.py for tasks to queue
[2022-09-07T08:00:10.785+0000] {logging_mixin.py:115} INFO - [2022-09-07T08:00:10.785+0000] {dagbag.py:508} INFO - Filling up the DagBag from /home/airflow/.local/lib/python3.7/site-packages/airflow/example_dags/example_task_group.py
[2022-09-07T08:00:10.792+0000] {processor.py:650} INFO - DAG(s) dict_keys(['example_task_group']) retrieved from /home/airflow/.local/lib/python3.7/site-packages/airflow/example_dags/example_task_group.py
[2022-09-07T08:00:10.811+0000] {logging_mixin.py:115} INFO - [2022-09-07T08:00:10.811+0000] {dag.py:2429} INFO - Sync 1 DAGs
[2022-09-07T08:00:10.825+0000] {logging_mixin.py:115} INFO - [2022-09-07T08:00:10.825+0000] {dag.py:2981} INFO - Setting next_dagrun for example_task_group to 2022-09-06T08:00:10.825124+00:00, run_after=2022-09-07T08:00:10.825124+00:00
[2022-09-07T08:00:10.834+0000] {processor.py:161} INFO - Processing /home/airflow/.local/lib/python3.7/site-packages/airflow/example_dags/example_task_group.py took 0.058 seconds
[2022-09-07T08:00:41.677+0000] {processor.py:153} INFO - Started process (PID=963) to work on /home/airflow/.local/lib/python3.7/site-packages/airflow/example_dags/example_task_group.py
[2022-09-07T08:00:41.679+0000] {processor.py:640} INFO - Processing file /home/airflow/.local/lib/python3.7/site-packages/airflow/example_dags/example_task_group.py for tasks to queue
[2022-09-07T08:00:41.680+0000] {logging_mixin.py:115} INFO - [2022-09-07T08:00:41.679+0000] {dagbag.py:508} INFO - Filling up the DagBag from /home/airflow/.local/lib/python3.7/site-packages/airflow/example_dags/example_task_group.py
[2022-09-07T08:00:41.684+0000] {processor.py:650} INFO - DAG(s) dict_keys(['example_task_group']) retrieved from /home/airflow/.local/lib/python3.7/site-packages/airflow/example_dags/example_task_group.py
[2022-09-07T08:00:41.701+0000] {logging_mixin.py:115} INFO - [2022-09-07T08:00:41.701+0000] {dag.py:2429} INFO - Sync 1 DAGs
[2022-09-07T08:00:41.715+0000] {logging_mixin.py:115} INFO - [2022-09-07T08:00:41.715+0000] {dag.py:2981} INFO - Setting next_dagrun for example_task_group to 2022-09-06T08:00:41.715248+00:00, run_after=2022-09-07T08:00:41.715248+00:00
[2022-09-07T08:00:41.723+0000] {processor.py:161} INFO - Processing /home/airflow/.local/lib/python3.7/site-packages/airflow/example_dags/example_task_group.py took 0.048 seconds
[2022-09-07T08:01:12.378+0000] {processor.py:153} INFO - Started process (PID=2110) to work on /home/airflow/.local/lib/python3.7/site-packages/airflow/example_dags/example_task_group.py
[2022-09-07T08:01:12.383+0000] {processor.py:640} INFO - Processing file /home/airflow/.local/lib/python3.7/site-packages/airflow/example_dags/example_task_group.py for tasks to queue
[2022-09-07T08:01:12.385+0000] {logging_mixin.py:115} INFO - [2022-09-07T08:01:12.385+0000] {dagbag.py:508} INFO - Filling up the DagBag from /home/airflow/.local/lib/python3.7/site-packages/airflow/example_dags/example_task_group.py
[2022-09-07T08:01:12.391+0000] {processor.py:650} INFO - DAG(s) dict_keys(['example_task_group']) retrieved from /home/airflow/.local/lib/python3.7/site-packages/airflow/example_dags/example_task_group.py
[2022-09-07T08:01:12.418+0000] {logging_mixin.py:115} INFO - [2022-09-07T08:01:12.418+0000] {dag.py:2429} INFO - Sync 1 DAGs
[2022-09-07T08:01:12.433+0000] {logging_mixin.py:115} INFO - [2022-09-07T08:01:12.433+0000] {dag.py:2981} INFO - Setting next_dagrun for example_task_group to 2022-09-06T08:01:12.433138+00:00, run_after=2022-09-07T08:01:12.433138+00:00
[2022-09-07T08:01:12.443+0000] {processor.py:161} INFO - Processing /home/airflow/.local/lib/python3.7/site-packages/airflow/example_dags/example_task_group.py took 0.072 seconds
[2022-09-07T08:01:43.171+0000] {processor.py:153} INFO - Started process (PID=2342) to work on /home/airflow/.local/lib/python3.7/site-packages/airflow/example_dags/example_task_group.py
[2022-09-07T08:01:43.172+0000] {processor.py:640} INFO - Processing file /home/airflow/.local/lib/python3.7/site-packages/airflow/example_dags/example_task_group.py for tasks to queue
[2022-09-07T08:01:43.174+0000] {logging_mixin.py:115} INFO - [2022-09-07T08:01:43.174+0000] {dagbag.py:508} INFO - Filling up the DagBag from /home/airflow/.local/lib/python3.7/site-packages/airflow/example_dags/example_task_group.py
[2022-09-07T08:01:43.180+0000] {processor.py:650} INFO - DAG(s) dict_keys(['example_task_group']) retrieved from /home/airflow/.local/lib/python3.7/site-packages/airflow/example_dags/example_task_group.py
[2022-09-07T08:01:43.200+0000] {logging_mixin.py:115} INFO - [2022-09-07T08:01:43.200+0000] {dag.py:2429} INFO - Sync 1 DAGs
[2022-09-07T08:01:43.214+0000] {logging_mixin.py:115} INFO - [2022-09-07T08:01:43.214+0000] {dag.py:2981} INFO - Setting next_dagrun for example_task_group to 2022-09-06T08:01:43.214072+00:00, run_after=2022-09-07T08:01:43.214072+00:00
[2022-09-07T08:01:43.222+0000] {processor.py:161} INFO - Processing /home/airflow/.local/lib/python3.7/site-packages/airflow/example_dags/example_task_group.py took 0.056 seconds
[2022-09-07T08:02:13.971+0000] {processor.py:153} INFO - Started process (PID=2404) to work on /home/airflow/.local/lib/python3.7/site-packages/airflow/example_dags/example_task_group.py
[2022-09-07T08:02:13.972+0000] {processor.py:640} INFO - Processing file /home/airflow/.local/lib/python3.7/site-packages/airflow/example_dags/example_task_group.py for tasks to queue
[2022-09-07T08:02:13.974+0000] {logging_mixin.py:115} INFO - [2022-09-07T08:02:13.974+0000] {dagbag.py:508} INFO - Filling up the DagBag from /home/airflow/.local/lib/python3.7/site-packages/airflow/example_dags/example_task_group.py
[2022-09-07T08:02:13.981+0000] {processor.py:650} INFO - DAG(s) dict_keys(['example_task_group']) retrieved from /home/airflow/.local/lib/python3.7/site-packages/airflow/example_dags/example_task_group.py
[2022-09-07T08:02:14.005+0000] {logging_mixin.py:115} INFO - [2022-09-07T08:02:14.005+0000] {dag.py:2429} INFO - Sync 1 DAGs
[2022-09-07T08:02:14.023+0000] {logging_mixin.py:115} INFO - [2022-09-07T08:02:14.023+0000] {dag.py:2981} INFO - Setting next_dagrun for example_task_group to 2022-09-06T08:02:14.023297+00:00, run_after=2022-09-07T08:02:14.023297+00:00
[2022-09-07T08:02:14.035+0000] {processor.py:161} INFO - Processing /home/airflow/.local/lib/python3.7/site-packages/airflow/example_dags/example_task_group.py took 0.068 seconds
[2022-09-07T08:02:44.870+0000] {processor.py:153} INFO - Started process (PID=2464) to work on /home/airflow/.local/lib/python3.7/site-packages/airflow/example_dags/example_task_group.py
[2022-09-07T08:02:44.872+0000] {processor.py:640} INFO - Processing file /home/airflow/.local/lib/python3.7/site-packages/airflow/example_dags/example_task_group.py for tasks to queue
[2022-09-07T08:02:44.873+0000] {logging_mixin.py:115} INFO - [2022-09-07T08:02:44.873+0000] {dagbag.py:508} INFO - Filling up the DagBag from /home/airflow/.local/lib/python3.7/site-packages/airflow/example_dags/example_task_group.py
[2022-09-07T08:02:44.879+0000] {processor.py:650} INFO - DAG(s) dict_keys(['example_task_group']) retrieved from /home/airflow/.local/lib/python3.7/site-packages/airflow/example_dags/example_task_group.py
[2022-09-07T08:02:44.899+0000] {logging_mixin.py:115} INFO - [2022-09-07T08:02:44.899+0000] {dag.py:2429} INFO - Sync 1 DAGs
[2022-09-07T08:02:44.914+0000] {logging_mixin.py:115} INFO - [2022-09-07T08:02:44.914+0000] {dag.py:2981} INFO - Setting next_dagrun for example_task_group to 2022-09-06T08:02:44.913923+00:00, run_after=2022-09-07T08:02:44.913923+00:00
[2022-09-07T08:02:44.922+0000] {processor.py:161} INFO - Processing /home/airflow/.local/lib/python3.7/site-packages/airflow/example_dags/example_task_group.py took 0.054 seconds
[2022-09-07T08:03:15.592+0000] {processor.py:153} INFO - Started process (PID=2524) to work on /home/airflow/.local/lib/python3.7/site-packages/airflow/example_dags/example_task_group.py
[2022-09-07T08:03:15.594+0000] {processor.py:640} INFO - Processing file /home/airflow/.local/lib/python3.7/site-packages/airflow/example_dags/example_task_group.py for tasks to queue
[2022-09-07T08:03:15.596+0000] {logging_mixin.py:115} INFO - [2022-09-07T08:03:15.596+0000] {dagbag.py:508} INFO - Filling up the DagBag from /home/airflow/.local/lib/python3.7/site-packages/airflow/example_dags/example_task_group.py
[2022-09-07T08:03:15.602+0000] {processor.py:650} INFO - DAG(s) dict_keys(['example_task_group']) retrieved from /home/airflow/.local/lib/python3.7/site-packages/airflow/example_dags/example_task_group.py
[2022-09-07T08:03:15.622+0000] {logging_mixin.py:115} INFO - [2022-09-07T08:03:15.622+0000] {dag.py:2429} INFO - Sync 1 DAGs
[2022-09-07T08:03:15.637+0000] {logging_mixin.py:115} INFO - [2022-09-07T08:03:15.637+0000] {dag.py:2981} INFO - Setting next_dagrun for example_task_group to 2022-09-06T08:03:15.636933+00:00, run_after=2022-09-07T08:03:15.636933+00:00
[2022-09-07T08:03:15.646+0000] {processor.py:161} INFO - Processing /home/airflow/.local/lib/python3.7/site-packages/airflow/example_dags/example_task_group.py took 0.056 seconds
[2022-09-07T08:03:46.373+0000] {processor.py:153} INFO - Started process (PID=2585) to work on /home/airflow/.local/lib/python3.7/site-packages/airflow/example_dags/example_task_group.py
[2022-09-07T08:03:46.375+0000] {processor.py:640} INFO - Processing file /home/airflow/.local/lib/python3.7/site-packages/airflow/example_dags/example_task_group.py for tasks to queue
[2022-09-07T08:03:46.376+0000] {logging_mixin.py:115} INFO - [2022-09-07T08:03:46.376+0000] {dagbag.py:508} INFO - Filling up the DagBag from /home/airflow/.local/lib/python3.7/site-packages/airflow/example_dags/example_task_group.py
[2022-09-07T08:03:46.382+0000] {processor.py:650} INFO - DAG(s) dict_keys(['example_task_group']) retrieved from /home/airflow/.local/lib/python3.7/site-packages/airflow/example_dags/example_task_group.py
[2022-09-07T08:03:46.400+0000] {logging_mixin.py:115} INFO - [2022-09-07T08:03:46.400+0000] {dag.py:2429} INFO - Sync 1 DAGs
[2022-09-07T08:03:46.413+0000] {logging_mixin.py:115} INFO - [2022-09-07T08:03:46.413+0000] {dag.py:2981} INFO - Setting next_dagrun for example_task_group to 2022-09-06T08:03:46.413326+00:00, run_after=2022-09-07T08:03:46.413326+00:00
[2022-09-07T08:03:46.421+0000] {processor.py:161} INFO - Processing /home/airflow/.local/lib/python3.7/site-packages/airflow/example_dags/example_task_group.py took 0.050 seconds
[2022-09-07T08:04:17.080+0000] {processor.py:153} INFO - Started process (PID=2646) to work on /home/airflow/.local/lib/python3.7/site-packages/airflow/example_dags/example_task_group.py
[2022-09-07T08:04:17.081+0000] {processor.py:640} INFO - Processing file /home/airflow/.local/lib/python3.7/site-packages/airflow/example_dags/example_task_group.py for tasks to queue
[2022-09-07T08:04:17.082+0000] {logging_mixin.py:115} INFO - [2022-09-07T08:04:17.082+0000] {dagbag.py:508} INFO - Filling up the DagBag from /home/airflow/.local/lib/python3.7/site-packages/airflow/example_dags/example_task_group.py
[2022-09-07T08:04:17.087+0000] {processor.py:650} INFO - DAG(s) dict_keys(['example_task_group']) retrieved from /home/airflow/.local/lib/python3.7/site-packages/airflow/example_dags/example_task_group.py
[2022-09-07T08:04:17.103+0000] {logging_mixin.py:115} INFO - [2022-09-07T08:04:17.103+0000] {dag.py:2429} INFO - Sync 1 DAGs
[2022-09-07T08:04:17.117+0000] {logging_mixin.py:115} INFO - [2022-09-07T08:04:17.117+0000] {dag.py:2981} INFO - Setting next_dagrun for example_task_group to 2022-09-06T08:04:17.117182+00:00, run_after=2022-09-07T08:04:17.117182+00:00
[2022-09-07T08:04:17.126+0000] {processor.py:161} INFO - Processing /home/airflow/.local/lib/python3.7/site-packages/airflow/example_dags/example_task_group.py took 0.048 seconds
[2022-09-07T16:21:01.815+0000] {processor.py:153} INFO - Started process (PID=70) to work on /home/airflow/.local/lib/python3.7/site-packages/airflow/example_dags/example_task_group.py
[2022-09-07T16:21:01.817+0000] {processor.py:640} INFO - Processing file /home/airflow/.local/lib/python3.7/site-packages/airflow/example_dags/example_task_group.py for tasks to queue
[2022-09-07T16:21:01.819+0000] {logging_mixin.py:115} INFO - [2022-09-07T16:21:01.819+0000] {dagbag.py:508} INFO - Filling up the DagBag from /home/airflow/.local/lib/python3.7/site-packages/airflow/example_dags/example_task_group.py
[2022-09-07T16:21:01.826+0000] {processor.py:650} INFO - DAG(s) dict_keys(['example_task_group']) retrieved from /home/airflow/.local/lib/python3.7/site-packages/airflow/example_dags/example_task_group.py
[2022-09-07T16:21:01.849+0000] {logging_mixin.py:115} INFO - [2022-09-07T16:21:01.849+0000] {dag.py:2429} INFO - Sync 1 DAGs
[2022-09-07T16:21:01.863+0000] {logging_mixin.py:115} INFO - [2022-09-07T16:21:01.863+0000] {dag.py:2981} INFO - Setting next_dagrun for example_task_group to 2022-09-06T16:21:01.862969+00:00, run_after=2022-09-07T16:21:01.862969+00:00
[2022-09-07T16:21:01.872+0000] {processor.py:161} INFO - Processing /home/airflow/.local/lib/python3.7/site-packages/airflow/example_dags/example_task_group.py took 0.059 seconds
[2022-09-07T16:21:32.431+0000] {processor.py:153} INFO - Started process (PID=130) to work on /home/airflow/.local/lib/python3.7/site-packages/airflow/example_dags/example_task_group.py
[2022-09-07T16:21:32.433+0000] {processor.py:640} INFO - Processing file /home/airflow/.local/lib/python3.7/site-packages/airflow/example_dags/example_task_group.py for tasks to queue
[2022-09-07T16:21:32.435+0000] {logging_mixin.py:115} INFO - [2022-09-07T16:21:32.435+0000] {dagbag.py:508} INFO - Filling up the DagBag from /home/airflow/.local/lib/python3.7/site-packages/airflow/example_dags/example_task_group.py
[2022-09-07T16:21:32.441+0000] {processor.py:650} INFO - DAG(s) dict_keys(['example_task_group']) retrieved from /home/airflow/.local/lib/python3.7/site-packages/airflow/example_dags/example_task_group.py
[2022-09-07T16:21:32.461+0000] {logging_mixin.py:115} INFO - [2022-09-07T16:21:32.461+0000] {dag.py:2429} INFO - Sync 1 DAGs
[2022-09-07T16:21:32.474+0000] {logging_mixin.py:115} INFO - [2022-09-07T16:21:32.474+0000] {dag.py:2981} INFO - Setting next_dagrun for example_task_group to 2022-09-06T16:21:32.474323+00:00, run_after=2022-09-07T16:21:32.474323+00:00
[2022-09-07T16:21:32.484+0000] {processor.py:161} INFO - Processing /home/airflow/.local/lib/python3.7/site-packages/airflow/example_dags/example_task_group.py took 0.055 seconds
[2022-09-07T16:22:03.129+0000] {processor.py:153} INFO - Started process (PID=585) to work on /home/airflow/.local/lib/python3.7/site-packages/airflow/example_dags/example_task_group.py
[2022-09-07T16:22:03.131+0000] {processor.py:640} INFO - Processing file /home/airflow/.local/lib/python3.7/site-packages/airflow/example_dags/example_task_group.py for tasks to queue
[2022-09-07T16:22:03.134+0000] {logging_mixin.py:115} INFO - [2022-09-07T16:22:03.133+0000] {dagbag.py:508} INFO - Filling up the DagBag from /home/airflow/.local/lib/python3.7/site-packages/airflow/example_dags/example_task_group.py
[2022-09-07T16:22:03.139+0000] {processor.py:650} INFO - DAG(s) dict_keys(['example_task_group']) retrieved from /home/airflow/.local/lib/python3.7/site-packages/airflow/example_dags/example_task_group.py
[2022-09-07T16:22:03.158+0000] {logging_mixin.py:115} INFO - [2022-09-07T16:22:03.158+0000] {dag.py:2429} INFO - Sync 1 DAGs
[2022-09-07T16:22:03.172+0000] {logging_mixin.py:115} INFO - [2022-09-07T16:22:03.172+0000] {dag.py:2981} INFO - Setting next_dagrun for example_task_group to 2022-09-06T16:22:03.172250+00:00, run_after=2022-09-07T16:22:03.172250+00:00
[2022-09-07T16:22:03.181+0000] {processor.py:161} INFO - Processing /home/airflow/.local/lib/python3.7/site-packages/airflow/example_dags/example_task_group.py took 0.054 seconds
[2022-09-07T16:22:33.214+0000] {processor.py:153} INFO - Started process (PID=1280) to work on /home/airflow/.local/lib/python3.7/site-packages/airflow/example_dags/example_task_group.py
[2022-09-07T16:22:33.216+0000] {processor.py:640} INFO - Processing file /home/airflow/.local/lib/python3.7/site-packages/airflow/example_dags/example_task_group.py for tasks to queue
[2022-09-07T16:22:33.217+0000] {logging_mixin.py:115} INFO - [2022-09-07T16:22:33.217+0000] {dagbag.py:508} INFO - Filling up the DagBag from /home/airflow/.local/lib/python3.7/site-packages/airflow/example_dags/example_task_group.py
[2022-09-07T16:22:33.222+0000] {processor.py:650} INFO - DAG(s) dict_keys(['example_task_group']) retrieved from /home/airflow/.local/lib/python3.7/site-packages/airflow/example_dags/example_task_group.py
[2022-09-07T16:22:33.240+0000] {logging_mixin.py:115} INFO - [2022-09-07T16:22:33.240+0000] {dag.py:2429} INFO - Sync 1 DAGs
[2022-09-07T16:22:33.256+0000] {logging_mixin.py:115} INFO - [2022-09-07T16:22:33.256+0000] {dag.py:2981} INFO - Setting next_dagrun for example_task_group to 2022-09-06T16:22:33.255854+00:00, run_after=2022-09-07T16:22:33.255854+00:00
[2022-09-07T16:22:33.265+0000] {processor.py:161} INFO - Processing /home/airflow/.local/lib/python3.7/site-packages/airflow/example_dags/example_task_group.py took 0.053 seconds
[2022-09-07T16:23:04.074+0000] {processor.py:153} INFO - Started process (PID=1819) to work on /home/airflow/.local/lib/python3.7/site-packages/airflow/example_dags/example_task_group.py
[2022-09-07T16:23:04.076+0000] {processor.py:640} INFO - Processing file /home/airflow/.local/lib/python3.7/site-packages/airflow/example_dags/example_task_group.py for tasks to queue
[2022-09-07T16:23:04.077+0000] {logging_mixin.py:115} INFO - [2022-09-07T16:23:04.077+0000] {dagbag.py:508} INFO - Filling up the DagBag from /home/airflow/.local/lib/python3.7/site-packages/airflow/example_dags/example_task_group.py
[2022-09-07T16:23:04.083+0000] {processor.py:650} INFO - DAG(s) dict_keys(['example_task_group']) retrieved from /home/airflow/.local/lib/python3.7/site-packages/airflow/example_dags/example_task_group.py
[2022-09-07T16:23:04.104+0000] {logging_mixin.py:115} INFO - [2022-09-07T16:23:04.104+0000] {dag.py:2429} INFO - Sync 1 DAGs
[2022-09-07T16:23:04.130+0000] {logging_mixin.py:115} INFO - [2022-09-07T16:23:04.130+0000] {dag.py:2981} INFO - Setting next_dagrun for example_task_group to 2022-09-06T16:23:04.130475+00:00, run_after=2022-09-07T16:23:04.130475+00:00
[2022-09-07T16:23:04.139+0000] {processor.py:161} INFO - Processing /home/airflow/.local/lib/python3.7/site-packages/airflow/example_dags/example_task_group.py took 0.067 seconds
[2022-09-07T16:23:34.802+0000] {processor.py:153} INFO - Started process (PID=2181) to work on /home/airflow/.local/lib/python3.7/site-packages/airflow/example_dags/example_task_group.py
[2022-09-07T16:23:34.806+0000] {processor.py:640} INFO - Processing file /home/airflow/.local/lib/python3.7/site-packages/airflow/example_dags/example_task_group.py for tasks to queue
[2022-09-07T16:23:34.808+0000] {logging_mixin.py:115} INFO - [2022-09-07T16:23:34.808+0000] {dagbag.py:508} INFO - Filling up the DagBag from /home/airflow/.local/lib/python3.7/site-packages/airflow/example_dags/example_task_group.py
[2022-09-07T16:23:34.816+0000] {processor.py:650} INFO - DAG(s) dict_keys(['example_task_group']) retrieved from /home/airflow/.local/lib/python3.7/site-packages/airflow/example_dags/example_task_group.py
[2022-09-07T16:23:34.852+0000] {logging_mixin.py:115} INFO - [2022-09-07T16:23:34.851+0000] {dag.py:2429} INFO - Sync 1 DAGs
[2022-09-07T16:23:34.865+0000] {logging_mixin.py:115} INFO - [2022-09-07T16:23:34.865+0000] {dag.py:2981} INFO - Setting next_dagrun for example_task_group to 2022-09-06T16:23:34.865483+00:00, run_after=2022-09-07T16:23:34.865483+00:00
[2022-09-07T16:23:34.874+0000] {processor.py:161} INFO - Processing /home/airflow/.local/lib/python3.7/site-packages/airflow/example_dags/example_task_group.py took 0.074 seconds
[2022-09-07T16:24:05.386+0000] {processor.py:153} INFO - Started process (PID=2565) to work on /home/airflow/.local/lib/python3.7/site-packages/airflow/example_dags/example_task_group.py
[2022-09-07T16:24:05.387+0000] {processor.py:640} INFO - Processing file /home/airflow/.local/lib/python3.7/site-packages/airflow/example_dags/example_task_group.py for tasks to queue
[2022-09-07T16:24:05.388+0000] {logging_mixin.py:115} INFO - [2022-09-07T16:24:05.388+0000] {dagbag.py:508} INFO - Filling up the DagBag from /home/airflow/.local/lib/python3.7/site-packages/airflow/example_dags/example_task_group.py
[2022-09-07T16:24:05.393+0000] {processor.py:650} INFO - DAG(s) dict_keys(['example_task_group']) retrieved from /home/airflow/.local/lib/python3.7/site-packages/airflow/example_dags/example_task_group.py
[2022-09-07T16:24:05.410+0000] {logging_mixin.py:115} INFO - [2022-09-07T16:24:05.410+0000] {dag.py:2429} INFO - Sync 1 DAGs
[2022-09-07T16:24:05.424+0000] {logging_mixin.py:115} INFO - [2022-09-07T16:24:05.424+0000] {dag.py:2981} INFO - Setting next_dagrun for example_task_group to 2022-09-06T16:24:05.424378+00:00, run_after=2022-09-07T16:24:05.424378+00:00
[2022-09-07T16:24:05.468+0000] {processor.py:161} INFO - Processing /home/airflow/.local/lib/python3.7/site-packages/airflow/example_dags/example_task_group.py took 0.084 seconds
[2022-09-07T16:24:36.032+0000] {processor.py:153} INFO - Started process (PID=2925) to work on /home/airflow/.local/lib/python3.7/site-packages/airflow/example_dags/example_task_group.py
[2022-09-07T16:24:36.034+0000] {processor.py:640} INFO - Processing file /home/airflow/.local/lib/python3.7/site-packages/airflow/example_dags/example_task_group.py for tasks to queue
[2022-09-07T16:24:36.035+0000] {logging_mixin.py:115} INFO - [2022-09-07T16:24:36.035+0000] {dagbag.py:508} INFO - Filling up the DagBag from /home/airflow/.local/lib/python3.7/site-packages/airflow/example_dags/example_task_group.py
[2022-09-07T16:24:36.040+0000] {processor.py:650} INFO - DAG(s) dict_keys(['example_task_group']) retrieved from /home/airflow/.local/lib/python3.7/site-packages/airflow/example_dags/example_task_group.py
[2022-09-07T16:24:36.067+0000] {logging_mixin.py:115} INFO - [2022-09-07T16:24:36.067+0000] {dag.py:2429} INFO - Sync 1 DAGs
[2022-09-07T16:24:36.084+0000] {logging_mixin.py:115} INFO - [2022-09-07T16:24:36.084+0000] {dag.py:2981} INFO - Setting next_dagrun for example_task_group to 2022-09-06T16:24:36.084281+00:00, run_after=2022-09-07T16:24:36.084281+00:00
[2022-09-07T16:24:36.094+0000] {processor.py:161} INFO - Processing /home/airflow/.local/lib/python3.7/site-packages/airflow/example_dags/example_task_group.py took 0.065 seconds
[2022-09-07T16:25:07.200+0000] {processor.py:153} INFO - Started process (PID=3253) to work on /home/airflow/.local/lib/python3.7/site-packages/airflow/example_dags/example_task_group.py
[2022-09-07T16:25:07.202+0000] {processor.py:640} INFO - Processing file /home/airflow/.local/lib/python3.7/site-packages/airflow/example_dags/example_task_group.py for tasks to queue
[2022-09-07T16:25:07.203+0000] {logging_mixin.py:115} INFO - [2022-09-07T16:25:07.203+0000] {dagbag.py:508} INFO - Filling up the DagBag from /home/airflow/.local/lib/python3.7/site-packages/airflow/example_dags/example_task_group.py
[2022-09-07T16:25:07.211+0000] {processor.py:650} INFO - DAG(s) dict_keys(['example_task_group']) retrieved from /home/airflow/.local/lib/python3.7/site-packages/airflow/example_dags/example_task_group.py
[2022-09-07T16:25:07.233+0000] {logging_mixin.py:115} INFO - [2022-09-07T16:25:07.233+0000] {dag.py:2429} INFO - Sync 1 DAGs
[2022-09-07T16:25:07.257+0000] {logging_mixin.py:115} INFO - [2022-09-07T16:25:07.257+0000] {dag.py:2981} INFO - Setting next_dagrun for example_task_group to 2022-09-06T16:25:07.257657+00:00, run_after=2022-09-07T16:25:07.257657+00:00
[2022-09-07T16:25:07.267+0000] {processor.py:161} INFO - Processing /home/airflow/.local/lib/python3.7/site-packages/airflow/example_dags/example_task_group.py took 0.070 seconds
[2022-09-07T16:25:37.336+0000] {processor.py:153} INFO - Started process (PID=3314) to work on /home/airflow/.local/lib/python3.7/site-packages/airflow/example_dags/example_task_group.py
[2022-09-07T16:25:37.338+0000] {processor.py:640} INFO - Processing file /home/airflow/.local/lib/python3.7/site-packages/airflow/example_dags/example_task_group.py for tasks to queue
[2022-09-07T16:25:37.339+0000] {logging_mixin.py:115} INFO - [2022-09-07T16:25:37.339+0000] {dagbag.py:508} INFO - Filling up the DagBag from /home/airflow/.local/lib/python3.7/site-packages/airflow/example_dags/example_task_group.py
[2022-09-07T16:25:37.344+0000] {processor.py:650} INFO - DAG(s) dict_keys(['example_task_group']) retrieved from /home/airflow/.local/lib/python3.7/site-packages/airflow/example_dags/example_task_group.py
[2022-09-07T16:25:37.364+0000] {logging_mixin.py:115} INFO - [2022-09-07T16:25:37.364+0000] {dag.py:2429} INFO - Sync 1 DAGs
[2022-09-07T16:25:37.378+0000] {logging_mixin.py:115} INFO - [2022-09-07T16:25:37.377+0000] {dag.py:2981} INFO - Setting next_dagrun for example_task_group to 2022-09-06T16:25:37.377777+00:00, run_after=2022-09-07T16:25:37.377777+00:00
[2022-09-07T16:25:37.386+0000] {processor.py:161} INFO - Processing /home/airflow/.local/lib/python3.7/site-packages/airflow/example_dags/example_task_group.py took 0.052 seconds
[2022-09-07T16:26:07.562+0000] {processor.py:153} INFO - Started process (PID=3367) to work on /home/airflow/.local/lib/python3.7/site-packages/airflow/example_dags/example_task_group.py
[2022-09-07T16:26:07.564+0000] {processor.py:640} INFO - Processing file /home/airflow/.local/lib/python3.7/site-packages/airflow/example_dags/example_task_group.py for tasks to queue
[2022-09-07T16:26:07.565+0000] {logging_mixin.py:115} INFO - [2022-09-07T16:26:07.565+0000] {dagbag.py:508} INFO - Filling up the DagBag from /home/airflow/.local/lib/python3.7/site-packages/airflow/example_dags/example_task_group.py
[2022-09-07T16:26:07.570+0000] {processor.py:650} INFO - DAG(s) dict_keys(['example_task_group']) retrieved from /home/airflow/.local/lib/python3.7/site-packages/airflow/example_dags/example_task_group.py
[2022-09-07T16:26:07.595+0000] {logging_mixin.py:115} INFO - [2022-09-07T16:26:07.595+0000] {dag.py:2429} INFO - Sync 1 DAGs
[2022-09-07T16:26:07.611+0000] {logging_mixin.py:115} INFO - [2022-09-07T16:26:07.611+0000] {dag.py:2981} INFO - Setting next_dagrun for example_task_group to 2022-09-06T16:26:07.611151+00:00, run_after=2022-09-07T16:26:07.611151+00:00
[2022-09-07T16:26:07.621+0000] {processor.py:161} INFO - Processing /home/airflow/.local/lib/python3.7/site-packages/airflow/example_dags/example_task_group.py took 0.062 seconds
[2022-09-07T16:26:38.657+0000] {processor.py:153} INFO - Started process (PID=3429) to work on /home/airflow/.local/lib/python3.7/site-packages/airflow/example_dags/example_task_group.py
[2022-09-07T16:26:38.659+0000] {processor.py:640} INFO - Processing file /home/airflow/.local/lib/python3.7/site-packages/airflow/example_dags/example_task_group.py for tasks to queue
[2022-09-07T16:26:38.661+0000] {logging_mixin.py:115} INFO - [2022-09-07T16:26:38.660+0000] {dagbag.py:508} INFO - Filling up the DagBag from /home/airflow/.local/lib/python3.7/site-packages/airflow/example_dags/example_task_group.py
[2022-09-07T16:26:38.667+0000] {processor.py:650} INFO - DAG(s) dict_keys(['example_task_group']) retrieved from /home/airflow/.local/lib/python3.7/site-packages/airflow/example_dags/example_task_group.py
[2022-09-07T16:26:38.716+0000] {logging_mixin.py:115} INFO - [2022-09-07T16:26:38.716+0000] {dag.py:2429} INFO - Sync 1 DAGs
[2022-09-07T16:26:38.737+0000] {logging_mixin.py:115} INFO - [2022-09-07T16:26:38.737+0000] {dag.py:2981} INFO - Setting next_dagrun for example_task_group to 2022-09-06T16:26:38.737078+00:00, run_after=2022-09-07T16:26:38.737078+00:00
[2022-09-07T16:26:38.749+0000] {processor.py:161} INFO - Processing /home/airflow/.local/lib/python3.7/site-packages/airflow/example_dags/example_task_group.py took 0.095 seconds
[2022-09-07T16:27:09.261+0000] {processor.py:153} INFO - Started process (PID=3490) to work on /home/airflow/.local/lib/python3.7/site-packages/airflow/example_dags/example_task_group.py
[2022-09-07T16:27:09.263+0000] {processor.py:640} INFO - Processing file /home/airflow/.local/lib/python3.7/site-packages/airflow/example_dags/example_task_group.py for tasks to queue
[2022-09-07T16:27:09.264+0000] {logging_mixin.py:115} INFO - [2022-09-07T16:27:09.264+0000] {dagbag.py:508} INFO - Filling up the DagBag from /home/airflow/.local/lib/python3.7/site-packages/airflow/example_dags/example_task_group.py
[2022-09-07T16:27:09.268+0000] {processor.py:650} INFO - DAG(s) dict_keys(['example_task_group']) retrieved from /home/airflow/.local/lib/python3.7/site-packages/airflow/example_dags/example_task_group.py
[2022-09-07T16:27:09.288+0000] {logging_mixin.py:115} INFO - [2022-09-07T16:27:09.287+0000] {dag.py:2429} INFO - Sync 1 DAGs
[2022-09-07T16:27:09.302+0000] {logging_mixin.py:115} INFO - [2022-09-07T16:27:09.302+0000] {dag.py:2981} INFO - Setting next_dagrun for example_task_group to 2022-09-06T16:27:09.302330+00:00, run_after=2022-09-07T16:27:09.302330+00:00
[2022-09-07T16:27:09.311+0000] {processor.py:161} INFO - Processing /home/airflow/.local/lib/python3.7/site-packages/airflow/example_dags/example_task_group.py took 0.053 seconds
[2022-09-07T16:27:40.033+0000] {processor.py:153} INFO - Started process (PID=3552) to work on /home/airflow/.local/lib/python3.7/site-packages/airflow/example_dags/example_task_group.py
[2022-09-07T16:27:40.035+0000] {processor.py:640} INFO - Processing file /home/airflow/.local/lib/python3.7/site-packages/airflow/example_dags/example_task_group.py for tasks to queue
[2022-09-07T16:27:40.037+0000] {logging_mixin.py:115} INFO - [2022-09-07T16:27:40.037+0000] {dagbag.py:508} INFO - Filling up the DagBag from /home/airflow/.local/lib/python3.7/site-packages/airflow/example_dags/example_task_group.py
[2022-09-07T16:27:40.042+0000] {processor.py:650} INFO - DAG(s) dict_keys(['example_task_group']) retrieved from /home/airflow/.local/lib/python3.7/site-packages/airflow/example_dags/example_task_group.py
[2022-09-07T16:27:40.061+0000] {logging_mixin.py:115} INFO - [2022-09-07T16:27:40.061+0000] {dag.py:2429} INFO - Sync 1 DAGs
[2022-09-07T16:27:40.076+0000] {logging_mixin.py:115} INFO - [2022-09-07T16:27:40.076+0000] {dag.py:2981} INFO - Setting next_dagrun for example_task_group to 2022-09-06T16:27:40.075996+00:00, run_after=2022-09-07T16:27:40.075996+00:00
[2022-09-07T16:27:40.085+0000] {processor.py:161} INFO - Processing /home/airflow/.local/lib/python3.7/site-packages/airflow/example_dags/example_task_group.py took 0.054 seconds
[2022-09-07T16:28:10.701+0000] {processor.py:153} INFO - Started process (PID=3613) to work on /home/airflow/.local/lib/python3.7/site-packages/airflow/example_dags/example_task_group.py
[2022-09-07T16:28:10.702+0000] {processor.py:640} INFO - Processing file /home/airflow/.local/lib/python3.7/site-packages/airflow/example_dags/example_task_group.py for tasks to queue
[2022-09-07T16:28:10.703+0000] {logging_mixin.py:115} INFO - [2022-09-07T16:28:10.703+0000] {dagbag.py:508} INFO - Filling up the DagBag from /home/airflow/.local/lib/python3.7/site-packages/airflow/example_dags/example_task_group.py
[2022-09-07T16:28:10.709+0000] {processor.py:650} INFO - DAG(s) dict_keys(['example_task_group']) retrieved from /home/airflow/.local/lib/python3.7/site-packages/airflow/example_dags/example_task_group.py
[2022-09-07T16:28:10.731+0000] {logging_mixin.py:115} INFO - [2022-09-07T16:28:10.731+0000] {dag.py:2429} INFO - Sync 1 DAGs
[2022-09-07T16:28:10.748+0000] {logging_mixin.py:115} INFO - [2022-09-07T16:28:10.748+0000] {dag.py:2981} INFO - Setting next_dagrun for example_task_group to 2022-09-06T16:28:10.748127+00:00, run_after=2022-09-07T16:28:10.748127+00:00
[2022-09-07T16:28:10.758+0000] {processor.py:161} INFO - Processing /home/airflow/.local/lib/python3.7/site-packages/airflow/example_dags/example_task_group.py took 0.060 seconds
[2022-09-07T16:29:19.512+0000] {processor.py:153} INFO - Started process (PID=61) to work on /home/airflow/.local/lib/python3.7/site-packages/airflow/example_dags/example_task_group.py
[2022-09-07T16:29:19.519+0000] {processor.py:640} INFO - Processing file /home/airflow/.local/lib/python3.7/site-packages/airflow/example_dags/example_task_group.py for tasks to queue
[2022-09-07T16:29:19.521+0000] {logging_mixin.py:115} INFO - [2022-09-07T16:29:19.521+0000] {dagbag.py:508} INFO - Filling up the DagBag from /home/airflow/.local/lib/python3.7/site-packages/airflow/example_dags/example_task_group.py
[2022-09-07T16:29:19.533+0000] {processor.py:650} INFO - DAG(s) dict_keys(['example_task_group']) retrieved from /home/airflow/.local/lib/python3.7/site-packages/airflow/example_dags/example_task_group.py
[2022-09-07T16:29:19.578+0000] {logging_mixin.py:115} INFO - [2022-09-07T16:29:19.578+0000] {dag.py:2429} INFO - Sync 1 DAGs
[2022-09-07T16:29:19.604+0000] {logging_mixin.py:115} INFO - [2022-09-07T16:29:19.604+0000] {dag.py:2981} INFO - Setting next_dagrun for example_task_group to 2022-09-06T16:29:19.604671+00:00, run_after=2022-09-07T16:29:19.604671+00:00
[2022-09-07T16:29:19.620+0000] {processor.py:161} INFO - Processing /home/airflow/.local/lib/python3.7/site-packages/airflow/example_dags/example_task_group.py took 0.117 seconds
[2022-09-07T16:29:49.669+0000] {processor.py:153} INFO - Started process (PID=112) to work on /home/airflow/.local/lib/python3.7/site-packages/airflow/example_dags/example_task_group.py
[2022-09-07T16:29:49.671+0000] {processor.py:640} INFO - Processing file /home/airflow/.local/lib/python3.7/site-packages/airflow/example_dags/example_task_group.py for tasks to queue
[2022-09-07T16:29:49.672+0000] {logging_mixin.py:115} INFO - [2022-09-07T16:29:49.672+0000] {dagbag.py:508} INFO - Filling up the DagBag from /home/airflow/.local/lib/python3.7/site-packages/airflow/example_dags/example_task_group.py
[2022-09-07T16:29:49.678+0000] {processor.py:650} INFO - DAG(s) dict_keys(['example_task_group']) retrieved from /home/airflow/.local/lib/python3.7/site-packages/airflow/example_dags/example_task_group.py
[2022-09-07T16:29:49.696+0000] {logging_mixin.py:115} INFO - [2022-09-07T16:29:49.696+0000] {dag.py:2429} INFO - Sync 1 DAGs
[2022-09-07T16:29:49.711+0000] {logging_mixin.py:115} INFO - [2022-09-07T16:29:49.711+0000] {dag.py:2981} INFO - Setting next_dagrun for example_task_group to 2022-09-06T16:29:49.711654+00:00, run_after=2022-09-07T16:29:49.711654+00:00
[2022-09-07T16:29:49.721+0000] {processor.py:161} INFO - Processing /home/airflow/.local/lib/python3.7/site-packages/airflow/example_dags/example_task_group.py took 0.054 seconds
[2022-09-07T16:30:20.032+0000] {processor.py:153} INFO - Started process (PID=172) to work on /home/airflow/.local/lib/python3.7/site-packages/airflow/example_dags/example_task_group.py
[2022-09-07T16:30:20.034+0000] {processor.py:640} INFO - Processing file /home/airflow/.local/lib/python3.7/site-packages/airflow/example_dags/example_task_group.py for tasks to queue
[2022-09-07T16:30:20.035+0000] {logging_mixin.py:115} INFO - [2022-09-07T16:30:20.035+0000] {dagbag.py:508} INFO - Filling up the DagBag from /home/airflow/.local/lib/python3.7/site-packages/airflow/example_dags/example_task_group.py
[2022-09-07T16:30:20.041+0000] {processor.py:650} INFO - DAG(s) dict_keys(['example_task_group']) retrieved from /home/airflow/.local/lib/python3.7/site-packages/airflow/example_dags/example_task_group.py
[2022-09-07T16:30:20.060+0000] {logging_mixin.py:115} INFO - [2022-09-07T16:30:20.060+0000] {dag.py:2429} INFO - Sync 1 DAGs
[2022-09-07T16:30:20.076+0000] {logging_mixin.py:115} INFO - [2022-09-07T16:30:20.076+0000] {dag.py:2981} INFO - Setting next_dagrun for example_task_group to 2022-09-06T16:30:20.076417+00:00, run_after=2022-09-07T16:30:20.076417+00:00
[2022-09-07T16:30:20.085+0000] {processor.py:161} INFO - Processing /home/airflow/.local/lib/python3.7/site-packages/airflow/example_dags/example_task_group.py took 0.056 seconds
[2022-09-07T16:30:50.914+0000] {processor.py:153} INFO - Started process (PID=233) to work on /home/airflow/.local/lib/python3.7/site-packages/airflow/example_dags/example_task_group.py
[2022-09-07T16:30:50.916+0000] {processor.py:640} INFO - Processing file /home/airflow/.local/lib/python3.7/site-packages/airflow/example_dags/example_task_group.py for tasks to queue
[2022-09-07T16:30:50.918+0000] {logging_mixin.py:115} INFO - [2022-09-07T16:30:50.918+0000] {dagbag.py:508} INFO - Filling up the DagBag from /home/airflow/.local/lib/python3.7/site-packages/airflow/example_dags/example_task_group.py
[2022-09-07T16:30:50.923+0000] {processor.py:650} INFO - DAG(s) dict_keys(['example_task_group']) retrieved from /home/airflow/.local/lib/python3.7/site-packages/airflow/example_dags/example_task_group.py
[2022-09-07T16:30:50.941+0000] {logging_mixin.py:115} INFO - [2022-09-07T16:30:50.941+0000] {dag.py:2429} INFO - Sync 1 DAGs
[2022-09-07T16:30:50.955+0000] {logging_mixin.py:115} INFO - [2022-09-07T16:30:50.955+0000] {dag.py:2981} INFO - Setting next_dagrun for example_task_group to 2022-09-06T16:30:50.955537+00:00, run_after=2022-09-07T16:30:50.955537+00:00
[2022-09-07T16:30:50.964+0000] {processor.py:161} INFO - Processing /home/airflow/.local/lib/python3.7/site-packages/airflow/example_dags/example_task_group.py took 0.053 seconds
[2022-09-07T16:31:21.577+0000] {processor.py:153} INFO - Started process (PID=294) to work on /home/airflow/.local/lib/python3.7/site-packages/airflow/example_dags/example_task_group.py
[2022-09-07T16:31:21.579+0000] {processor.py:640} INFO - Processing file /home/airflow/.local/lib/python3.7/site-packages/airflow/example_dags/example_task_group.py for tasks to queue
[2022-09-07T16:31:21.580+0000] {logging_mixin.py:115} INFO - [2022-09-07T16:31:21.580+0000] {dagbag.py:508} INFO - Filling up the DagBag from /home/airflow/.local/lib/python3.7/site-packages/airflow/example_dags/example_task_group.py
[2022-09-07T16:31:21.585+0000] {processor.py:650} INFO - DAG(s) dict_keys(['example_task_group']) retrieved from /home/airflow/.local/lib/python3.7/site-packages/airflow/example_dags/example_task_group.py
[2022-09-07T16:31:21.604+0000] {logging_mixin.py:115} INFO - [2022-09-07T16:31:21.604+0000] {dag.py:2429} INFO - Sync 1 DAGs
[2022-09-07T16:31:21.619+0000] {logging_mixin.py:115} INFO - [2022-09-07T16:31:21.618+0000] {dag.py:2981} INFO - Setting next_dagrun for example_task_group to 2022-09-06T16:31:21.618818+00:00, run_after=2022-09-07T16:31:21.618818+00:00
[2022-09-07T16:31:21.629+0000] {processor.py:161} INFO - Processing /home/airflow/.local/lib/python3.7/site-packages/airflow/example_dags/example_task_group.py took 0.054 seconds
[2022-09-07T17:23:40.127+0000] {processor.py:153} INFO - Started process (PID=61) to work on /home/airflow/.local/lib/python3.7/site-packages/airflow/example_dags/example_task_group.py
[2022-09-07T17:23:40.146+0000] {processor.py:640} INFO - Processing file /home/airflow/.local/lib/python3.7/site-packages/airflow/example_dags/example_task_group.py for tasks to queue
[2022-09-07T17:23:40.149+0000] {logging_mixin.py:115} INFO - [2022-09-07T17:23:40.149+0000] {dagbag.py:508} INFO - Filling up the DagBag from /home/airflow/.local/lib/python3.7/site-packages/airflow/example_dags/example_task_group.py
[2022-09-07T17:23:40.156+0000] {processor.py:650} INFO - DAG(s) dict_keys(['example_task_group']) retrieved from /home/airflow/.local/lib/python3.7/site-packages/airflow/example_dags/example_task_group.py
[2022-09-07T17:23:40.304+0000] {logging_mixin.py:115} INFO - [2022-09-07T17:23:40.303+0000] {dag.py:2429} INFO - Sync 1 DAGs
[2022-09-07T17:23:40.361+0000] {logging_mixin.py:115} INFO - [2022-09-07T17:23:40.361+0000] {dag.py:2981} INFO - Setting next_dagrun for example_task_group to 2022-09-06T17:23:40.361185+00:00, run_after=2022-09-07T17:23:40.361185+00:00
[2022-09-07T17:23:40.386+0000] {processor.py:161} INFO - Processing /home/airflow/.local/lib/python3.7/site-packages/airflow/example_dags/example_task_group.py took 0.263 seconds
[2022-09-07T17:24:11.105+0000] {processor.py:153} INFO - Started process (PID=112) to work on /home/airflow/.local/lib/python3.7/site-packages/airflow/example_dags/example_task_group.py
[2022-09-07T17:24:11.107+0000] {processor.py:640} INFO - Processing file /home/airflow/.local/lib/python3.7/site-packages/airflow/example_dags/example_task_group.py for tasks to queue
[2022-09-07T17:24:11.109+0000] {logging_mixin.py:115} INFO - [2022-09-07T17:24:11.108+0000] {dagbag.py:508} INFO - Filling up the DagBag from /home/airflow/.local/lib/python3.7/site-packages/airflow/example_dags/example_task_group.py
[2022-09-07T17:24:11.115+0000] {processor.py:650} INFO - DAG(s) dict_keys(['example_task_group']) retrieved from /home/airflow/.local/lib/python3.7/site-packages/airflow/example_dags/example_task_group.py
[2022-09-07T17:24:11.140+0000] {logging_mixin.py:115} INFO - [2022-09-07T17:24:11.140+0000] {dag.py:2429} INFO - Sync 1 DAGs
[2022-09-07T17:24:11.156+0000] {logging_mixin.py:115} INFO - [2022-09-07T17:24:11.155+0000] {dag.py:2981} INFO - Setting next_dagrun for example_task_group to 2022-09-06T17:24:11.155748+00:00, run_after=2022-09-07T17:24:11.155748+00:00
[2022-09-07T17:24:11.164+0000] {processor.py:161} INFO - Processing /home/airflow/.local/lib/python3.7/site-packages/airflow/example_dags/example_task_group.py took 0.061 seconds
[2022-09-07T17:24:42.003+0000] {processor.py:153} INFO - Started process (PID=172) to work on /home/airflow/.local/lib/python3.7/site-packages/airflow/example_dags/example_task_group.py
[2022-09-07T17:24:42.005+0000] {processor.py:640} INFO - Processing file /home/airflow/.local/lib/python3.7/site-packages/airflow/example_dags/example_task_group.py for tasks to queue
[2022-09-07T17:24:42.006+0000] {logging_mixin.py:115} INFO - [2022-09-07T17:24:42.006+0000] {dagbag.py:508} INFO - Filling up the DagBag from /home/airflow/.local/lib/python3.7/site-packages/airflow/example_dags/example_task_group.py
[2022-09-07T17:24:42.013+0000] {processor.py:650} INFO - DAG(s) dict_keys(['example_task_group']) retrieved from /home/airflow/.local/lib/python3.7/site-packages/airflow/example_dags/example_task_group.py
[2022-09-07T17:24:42.032+0000] {logging_mixin.py:115} INFO - [2022-09-07T17:24:42.032+0000] {dag.py:2429} INFO - Sync 1 DAGs
[2022-09-07T17:24:42.045+0000] {logging_mixin.py:115} INFO - [2022-09-07T17:24:42.045+0000] {dag.py:2981} INFO - Setting next_dagrun for example_task_group to 2022-09-06T17:24:42.045244+00:00, run_after=2022-09-07T17:24:42.045244+00:00
[2022-09-07T17:24:42.054+0000] {processor.py:161} INFO - Processing /home/airflow/.local/lib/python3.7/site-packages/airflow/example_dags/example_task_group.py took 0.054 seconds
