[2022-09-07T07:55:32.377+0000] {processor.py:153} INFO - Started process (PID=43) to work on /home/airflow/.local/lib/python3.7/site-packages/airflow/example_dags/example_dag_decorator.py
[2022-09-07T07:55:32.379+0000] {processor.py:640} INFO - Processing file /home/airflow/.local/lib/python3.7/site-packages/airflow/example_dags/example_dag_decorator.py for tasks to queue
[2022-09-07T07:55:32.381+0000] {logging_mixin.py:115} INFO - [2022-09-07T07:55:32.381+0000] {dagbag.py:508} INFO - Filling up the DagBag from /home/airflow/.local/lib/python3.7/site-packages/airflow/example_dags/example_dag_decorator.py
[2022-09-07T07:55:32.409+0000] {processor.py:650} INFO - DAG(s) dict_keys(['example_dag_decorator']) retrieved from /home/airflow/.local/lib/python3.7/site-packages/airflow/example_dags/example_dag_decorator.py
[2022-09-07T07:55:32.494+0000] {logging_mixin.py:115} INFO - [2022-09-07T07:55:32.494+0000] {manager.py:508} INFO - Created Permission View: can delete on DAG:example_dag_decorator
[2022-09-07T07:55:32.503+0000] {logging_mixin.py:115} INFO - [2022-09-07T07:55:32.503+0000] {manager.py:508} INFO - Created Permission View: can read on DAG:example_dag_decorator
[2022-09-07T07:55:32.518+0000] {logging_mixin.py:115} INFO - [2022-09-07T07:55:32.518+0000] {manager.py:508} INFO - Created Permission View: can edit on DAG:example_dag_decorator
[2022-09-07T07:55:32.521+0000] {logging_mixin.py:115} INFO - [2022-09-07T07:55:32.521+0000] {dag.py:2429} INFO - Sync 1 DAGs
[2022-09-07T07:55:32.529+0000] {logging_mixin.py:115} INFO - [2022-09-07T07:55:32.529+0000] {dag.py:2448} INFO - Creating ORM DAG for example_dag_decorator
[2022-09-07T07:55:32.540+0000] {logging_mixin.py:115} INFO - [2022-09-07T07:55:32.540+0000] {dag.py:2981} INFO - Setting next_dagrun for example_dag_decorator to None, run_after=None
[2022-09-07T07:55:32.552+0000] {processor.py:161} INFO - Processing /home/airflow/.local/lib/python3.7/site-packages/airflow/example_dags/example_dag_decorator.py took 0.177 seconds
[2022-09-07T07:56:03.550+0000] {processor.py:153} INFO - Started process (PID=104) to work on /home/airflow/.local/lib/python3.7/site-packages/airflow/example_dags/example_dag_decorator.py
[2022-09-07T07:56:03.559+0000] {processor.py:640} INFO - Processing file /home/airflow/.local/lib/python3.7/site-packages/airflow/example_dags/example_dag_decorator.py for tasks to queue
[2022-09-07T07:56:03.562+0000] {logging_mixin.py:115} INFO - [2022-09-07T07:56:03.562+0000] {dagbag.py:508} INFO - Filling up the DagBag from /home/airflow/.local/lib/python3.7/site-packages/airflow/example_dags/example_dag_decorator.py
[2022-09-07T07:56:03.581+0000] {processor.py:650} INFO - DAG(s) dict_keys(['example_dag_decorator']) retrieved from /home/airflow/.local/lib/python3.7/site-packages/airflow/example_dags/example_dag_decorator.py
[2022-09-07T07:56:03.622+0000] {logging_mixin.py:115} INFO - [2022-09-07T07:56:03.622+0000] {dag.py:2429} INFO - Sync 1 DAGs
[2022-09-07T07:56:03.633+0000] {logging_mixin.py:115} INFO - [2022-09-07T07:56:03.633+0000] {dag.py:2981} INFO - Setting next_dagrun for example_dag_decorator to None, run_after=None
[2022-09-07T07:56:03.643+0000] {processor.py:161} INFO - Processing /home/airflow/.local/lib/python3.7/site-packages/airflow/example_dags/example_dag_decorator.py took 0.102 seconds
[2022-09-07T07:56:34.397+0000] {processor.py:153} INFO - Started process (PID=165) to work on /home/airflow/.local/lib/python3.7/site-packages/airflow/example_dags/example_dag_decorator.py
[2022-09-07T07:56:34.399+0000] {processor.py:640} INFO - Processing file /home/airflow/.local/lib/python3.7/site-packages/airflow/example_dags/example_dag_decorator.py for tasks to queue
[2022-09-07T07:56:34.400+0000] {logging_mixin.py:115} INFO - [2022-09-07T07:56:34.400+0000] {dagbag.py:508} INFO - Filling up the DagBag from /home/airflow/.local/lib/python3.7/site-packages/airflow/example_dags/example_dag_decorator.py
[2022-09-07T07:56:34.423+0000] {processor.py:650} INFO - DAG(s) dict_keys(['example_dag_decorator']) retrieved from /home/airflow/.local/lib/python3.7/site-packages/airflow/example_dags/example_dag_decorator.py
[2022-09-07T07:56:34.465+0000] {logging_mixin.py:115} INFO - [2022-09-07T07:56:34.465+0000] {dag.py:2429} INFO - Sync 1 DAGs
[2022-09-07T07:56:34.482+0000] {logging_mixin.py:115} INFO - [2022-09-07T07:56:34.482+0000] {dag.py:2981} INFO - Setting next_dagrun for example_dag_decorator to None, run_after=None
[2022-09-07T07:56:34.496+0000] {processor.py:161} INFO - Processing /home/airflow/.local/lib/python3.7/site-packages/airflow/example_dags/example_dag_decorator.py took 0.103 seconds
[2022-09-07T07:57:04.982+0000] {processor.py:153} INFO - Started process (PID=226) to work on /home/airflow/.local/lib/python3.7/site-packages/airflow/example_dags/example_dag_decorator.py
[2022-09-07T07:57:04.985+0000] {processor.py:640} INFO - Processing file /home/airflow/.local/lib/python3.7/site-packages/airflow/example_dags/example_dag_decorator.py for tasks to queue
[2022-09-07T07:57:04.986+0000] {logging_mixin.py:115} INFO - [2022-09-07T07:57:04.986+0000] {dagbag.py:508} INFO - Filling up the DagBag from /home/airflow/.local/lib/python3.7/site-packages/airflow/example_dags/example_dag_decorator.py
[2022-09-07T07:57:05.001+0000] {processor.py:650} INFO - DAG(s) dict_keys(['example_dag_decorator']) retrieved from /home/airflow/.local/lib/python3.7/site-packages/airflow/example_dags/example_dag_decorator.py
[2022-09-07T07:57:05.047+0000] {logging_mixin.py:115} INFO - [2022-09-07T07:57:05.047+0000] {dag.py:2429} INFO - Sync 1 DAGs
[2022-09-07T07:57:05.057+0000] {logging_mixin.py:115} INFO - [2022-09-07T07:57:05.057+0000] {dag.py:2981} INFO - Setting next_dagrun for example_dag_decorator to None, run_after=None
[2022-09-07T07:57:05.067+0000] {processor.py:161} INFO - Processing /home/airflow/.local/lib/python3.7/site-packages/airflow/example_dags/example_dag_decorator.py took 0.088 seconds
[2022-09-07T07:57:35.586+0000] {processor.py:153} INFO - Started process (PID=287) to work on /home/airflow/.local/lib/python3.7/site-packages/airflow/example_dags/example_dag_decorator.py
[2022-09-07T07:57:35.588+0000] {processor.py:640} INFO - Processing file /home/airflow/.local/lib/python3.7/site-packages/airflow/example_dags/example_dag_decorator.py for tasks to queue
[2022-09-07T07:57:35.590+0000] {logging_mixin.py:115} INFO - [2022-09-07T07:57:35.590+0000] {dagbag.py:508} INFO - Filling up the DagBag from /home/airflow/.local/lib/python3.7/site-packages/airflow/example_dags/example_dag_decorator.py
[2022-09-07T07:57:35.604+0000] {processor.py:650} INFO - DAG(s) dict_keys(['example_dag_decorator']) retrieved from /home/airflow/.local/lib/python3.7/site-packages/airflow/example_dags/example_dag_decorator.py
[2022-09-07T07:57:35.647+0000] {logging_mixin.py:115} INFO - [2022-09-07T07:57:35.647+0000] {dag.py:2429} INFO - Sync 1 DAGs
[2022-09-07T07:57:35.660+0000] {logging_mixin.py:115} INFO - [2022-09-07T07:57:35.660+0000] {dag.py:2981} INFO - Setting next_dagrun for example_dag_decorator to None, run_after=None
[2022-09-07T07:57:35.670+0000] {processor.py:161} INFO - Processing /home/airflow/.local/lib/python3.7/site-packages/airflow/example_dags/example_dag_decorator.py took 0.087 seconds
[2022-09-07T07:58:06.378+0000] {processor.py:153} INFO - Started process (PID=339) to work on /home/airflow/.local/lib/python3.7/site-packages/airflow/example_dags/example_dag_decorator.py
[2022-09-07T07:58:06.383+0000] {processor.py:640} INFO - Processing file /home/airflow/.local/lib/python3.7/site-packages/airflow/example_dags/example_dag_decorator.py for tasks to queue
[2022-09-07T07:58:06.384+0000] {logging_mixin.py:115} INFO - [2022-09-07T07:58:06.384+0000] {dagbag.py:508} INFO - Filling up the DagBag from /home/airflow/.local/lib/python3.7/site-packages/airflow/example_dags/example_dag_decorator.py
[2022-09-07T07:58:06.407+0000] {processor.py:650} INFO - DAG(s) dict_keys(['example_dag_decorator']) retrieved from /home/airflow/.local/lib/python3.7/site-packages/airflow/example_dags/example_dag_decorator.py
[2022-09-07T07:58:06.452+0000] {logging_mixin.py:115} INFO - [2022-09-07T07:58:06.452+0000] {dag.py:2429} INFO - Sync 1 DAGs
[2022-09-07T07:58:06.464+0000] {logging_mixin.py:115} INFO - [2022-09-07T07:58:06.464+0000] {dag.py:2981} INFO - Setting next_dagrun for example_dag_decorator to None, run_after=None
[2022-09-07T07:58:06.474+0000] {processor.py:161} INFO - Processing /home/airflow/.local/lib/python3.7/site-packages/airflow/example_dags/example_dag_decorator.py took 0.098 seconds
[2022-09-07T07:58:36.524+0000] {processor.py:153} INFO - Started process (PID=398) to work on /home/airflow/.local/lib/python3.7/site-packages/airflow/example_dags/example_dag_decorator.py
[2022-09-07T07:58:36.526+0000] {processor.py:640} INFO - Processing file /home/airflow/.local/lib/python3.7/site-packages/airflow/example_dags/example_dag_decorator.py for tasks to queue
[2022-09-07T07:58:36.528+0000] {logging_mixin.py:115} INFO - [2022-09-07T07:58:36.527+0000] {dagbag.py:508} INFO - Filling up the DagBag from /home/airflow/.local/lib/python3.7/site-packages/airflow/example_dags/example_dag_decorator.py
[2022-09-07T07:58:36.540+0000] {processor.py:650} INFO - DAG(s) dict_keys(['example_dag_decorator']) retrieved from /home/airflow/.local/lib/python3.7/site-packages/airflow/example_dags/example_dag_decorator.py
[2022-09-07T07:58:36.580+0000] {logging_mixin.py:115} INFO - [2022-09-07T07:58:36.580+0000] {dag.py:2429} INFO - Sync 1 DAGs
[2022-09-07T07:58:36.591+0000] {logging_mixin.py:115} INFO - [2022-09-07T07:58:36.591+0000] {dag.py:2981} INFO - Setting next_dagrun for example_dag_decorator to None, run_after=None
[2022-09-07T07:58:36.599+0000] {processor.py:161} INFO - Processing /home/airflow/.local/lib/python3.7/site-packages/airflow/example_dags/example_dag_decorator.py took 0.077 seconds
[2022-09-07T07:59:07.601+0000] {processor.py:153} INFO - Started process (PID=459) to work on /home/airflow/.local/lib/python3.7/site-packages/airflow/example_dags/example_dag_decorator.py
[2022-09-07T07:59:07.602+0000] {processor.py:640} INFO - Processing file /home/airflow/.local/lib/python3.7/site-packages/airflow/example_dags/example_dag_decorator.py for tasks to queue
[2022-09-07T07:59:07.603+0000] {logging_mixin.py:115} INFO - [2022-09-07T07:59:07.603+0000] {dagbag.py:508} INFO - Filling up the DagBag from /home/airflow/.local/lib/python3.7/site-packages/airflow/example_dags/example_dag_decorator.py
[2022-09-07T07:59:07.617+0000] {processor.py:650} INFO - DAG(s) dict_keys(['example_dag_decorator']) retrieved from /home/airflow/.local/lib/python3.7/site-packages/airflow/example_dags/example_dag_decorator.py
[2022-09-07T07:59:07.637+0000] {logging_mixin.py:115} INFO - [2022-09-07T07:59:07.636+0000] {dag.py:2429} INFO - Sync 1 DAGs
[2022-09-07T07:59:07.651+0000] {logging_mixin.py:115} INFO - [2022-09-07T07:59:07.651+0000] {dag.py:2981} INFO - Setting next_dagrun for example_dag_decorator to None, run_after=None
[2022-09-07T07:59:07.659+0000] {processor.py:161} INFO - Processing /home/airflow/.local/lib/python3.7/site-packages/airflow/example_dags/example_dag_decorator.py took 0.060 seconds
[2022-09-07T07:59:38.406+0000] {processor.py:153} INFO - Started process (PID=519) to work on /home/airflow/.local/lib/python3.7/site-packages/airflow/example_dags/example_dag_decorator.py
[2022-09-07T07:59:38.407+0000] {processor.py:640} INFO - Processing file /home/airflow/.local/lib/python3.7/site-packages/airflow/example_dags/example_dag_decorator.py for tasks to queue
[2022-09-07T07:59:38.408+0000] {logging_mixin.py:115} INFO - [2022-09-07T07:59:38.408+0000] {dagbag.py:508} INFO - Filling up the DagBag from /home/airflow/.local/lib/python3.7/site-packages/airflow/example_dags/example_dag_decorator.py
[2022-09-07T07:59:38.423+0000] {processor.py:650} INFO - DAG(s) dict_keys(['example_dag_decorator']) retrieved from /home/airflow/.local/lib/python3.7/site-packages/airflow/example_dags/example_dag_decorator.py
[2022-09-07T07:59:38.464+0000] {logging_mixin.py:115} INFO - [2022-09-07T07:59:38.464+0000] {dag.py:2429} INFO - Sync 1 DAGs
[2022-09-07T07:59:38.475+0000] {logging_mixin.py:115} INFO - [2022-09-07T07:59:38.475+0000] {dag.py:2981} INFO - Setting next_dagrun for example_dag_decorator to None, run_after=None
[2022-09-07T07:59:38.488+0000] {processor.py:161} INFO - Processing /home/airflow/.local/lib/python3.7/site-packages/airflow/example_dags/example_dag_decorator.py took 0.084 seconds
[2022-09-07T08:00:09.269+0000] {processor.py:153} INFO - Started process (PID=580) to work on /home/airflow/.local/lib/python3.7/site-packages/airflow/example_dags/example_dag_decorator.py
[2022-09-07T08:00:09.272+0000] {processor.py:640} INFO - Processing file /home/airflow/.local/lib/python3.7/site-packages/airflow/example_dags/example_dag_decorator.py for tasks to queue
[2022-09-07T08:00:09.273+0000] {logging_mixin.py:115} INFO - [2022-09-07T08:00:09.273+0000] {dagbag.py:508} INFO - Filling up the DagBag from /home/airflow/.local/lib/python3.7/site-packages/airflow/example_dags/example_dag_decorator.py
[2022-09-07T08:00:09.298+0000] {processor.py:650} INFO - DAG(s) dict_keys(['example_dag_decorator']) retrieved from /home/airflow/.local/lib/python3.7/site-packages/airflow/example_dags/example_dag_decorator.py
[2022-09-07T08:00:09.367+0000] {logging_mixin.py:115} INFO - [2022-09-07T08:00:09.367+0000] {dag.py:2429} INFO - Sync 1 DAGs
[2022-09-07T08:00:09.381+0000] {logging_mixin.py:115} INFO - [2022-09-07T08:00:09.381+0000] {dag.py:2981} INFO - Setting next_dagrun for example_dag_decorator to None, run_after=None
[2022-09-07T08:00:09.391+0000] {processor.py:161} INFO - Processing /home/airflow/.local/lib/python3.7/site-packages/airflow/example_dags/example_dag_decorator.py took 0.127 seconds
[2022-09-07T08:00:40.207+0000] {processor.py:153} INFO - Started process (PID=936) to work on /home/airflow/.local/lib/python3.7/site-packages/airflow/example_dags/example_dag_decorator.py
[2022-09-07T08:00:40.209+0000] {processor.py:640} INFO - Processing file /home/airflow/.local/lib/python3.7/site-packages/airflow/example_dags/example_dag_decorator.py for tasks to queue
[2022-09-07T08:00:40.210+0000] {logging_mixin.py:115} INFO - [2022-09-07T08:00:40.210+0000] {dagbag.py:508} INFO - Filling up the DagBag from /home/airflow/.local/lib/python3.7/site-packages/airflow/example_dags/example_dag_decorator.py
[2022-09-07T08:00:40.228+0000] {processor.py:650} INFO - DAG(s) dict_keys(['example_dag_decorator']) retrieved from /home/airflow/.local/lib/python3.7/site-packages/airflow/example_dags/example_dag_decorator.py
[2022-09-07T08:00:40.288+0000] {logging_mixin.py:115} INFO - [2022-09-07T08:00:40.288+0000] {dag.py:2429} INFO - Sync 1 DAGs
[2022-09-07T08:00:40.301+0000] {logging_mixin.py:115} INFO - [2022-09-07T08:00:40.301+0000] {dag.py:2981} INFO - Setting next_dagrun for example_dag_decorator to None, run_after=None
[2022-09-07T08:00:40.312+0000] {processor.py:161} INFO - Processing /home/airflow/.local/lib/python3.7/site-packages/airflow/example_dags/example_dag_decorator.py took 0.110 seconds
[2022-09-07T08:01:10.981+0000] {processor.py:153} INFO - Started process (PID=2085) to work on /home/airflow/.local/lib/python3.7/site-packages/airflow/example_dags/example_dag_decorator.py
[2022-09-07T08:01:10.982+0000] {processor.py:640} INFO - Processing file /home/airflow/.local/lib/python3.7/site-packages/airflow/example_dags/example_dag_decorator.py for tasks to queue
[2022-09-07T08:01:10.983+0000] {logging_mixin.py:115} INFO - [2022-09-07T08:01:10.983+0000] {dagbag.py:508} INFO - Filling up the DagBag from /home/airflow/.local/lib/python3.7/site-packages/airflow/example_dags/example_dag_decorator.py
[2022-09-07T08:01:10.997+0000] {processor.py:650} INFO - DAG(s) dict_keys(['example_dag_decorator']) retrieved from /home/airflow/.local/lib/python3.7/site-packages/airflow/example_dags/example_dag_decorator.py
[2022-09-07T08:01:11.039+0000] {logging_mixin.py:115} INFO - [2022-09-07T08:01:11.038+0000] {dag.py:2429} INFO - Sync 1 DAGs
[2022-09-07T08:01:11.051+0000] {logging_mixin.py:115} INFO - [2022-09-07T08:01:11.050+0000] {dag.py:2981} INFO - Setting next_dagrun for example_dag_decorator to None, run_after=None
[2022-09-07T08:01:11.059+0000] {processor.py:161} INFO - Processing /home/airflow/.local/lib/python3.7/site-packages/airflow/example_dags/example_dag_decorator.py took 0.082 seconds
[2022-09-07T08:01:41.736+0000] {processor.py:153} INFO - Started process (PID=2332) to work on /home/airflow/.local/lib/python3.7/site-packages/airflow/example_dags/example_dag_decorator.py
[2022-09-07T08:01:41.737+0000] {processor.py:640} INFO - Processing file /home/airflow/.local/lib/python3.7/site-packages/airflow/example_dags/example_dag_decorator.py for tasks to queue
[2022-09-07T08:01:41.738+0000] {logging_mixin.py:115} INFO - [2022-09-07T08:01:41.738+0000] {dagbag.py:508} INFO - Filling up the DagBag from /home/airflow/.local/lib/python3.7/site-packages/airflow/example_dags/example_dag_decorator.py
[2022-09-07T08:01:41.764+0000] {processor.py:650} INFO - DAG(s) dict_keys(['example_dag_decorator']) retrieved from /home/airflow/.local/lib/python3.7/site-packages/airflow/example_dags/example_dag_decorator.py
[2022-09-07T08:01:41.813+0000] {logging_mixin.py:115} INFO - [2022-09-07T08:01:41.813+0000] {dag.py:2429} INFO - Sync 1 DAGs
[2022-09-07T08:01:41.825+0000] {logging_mixin.py:115} INFO - [2022-09-07T08:01:41.825+0000] {dag.py:2981} INFO - Setting next_dagrun for example_dag_decorator to None, run_after=None
[2022-09-07T08:01:41.833+0000] {processor.py:161} INFO - Processing /home/airflow/.local/lib/python3.7/site-packages/airflow/example_dags/example_dag_decorator.py took 0.100 seconds
[2022-09-07T08:02:12.566+0000] {processor.py:153} INFO - Started process (PID=2394) to work on /home/airflow/.local/lib/python3.7/site-packages/airflow/example_dags/example_dag_decorator.py
[2022-09-07T08:02:12.567+0000] {processor.py:640} INFO - Processing file /home/airflow/.local/lib/python3.7/site-packages/airflow/example_dags/example_dag_decorator.py for tasks to queue
[2022-09-07T08:02:12.569+0000] {logging_mixin.py:115} INFO - [2022-09-07T08:02:12.569+0000] {dagbag.py:508} INFO - Filling up the DagBag from /home/airflow/.local/lib/python3.7/site-packages/airflow/example_dags/example_dag_decorator.py
[2022-09-07T08:02:12.584+0000] {processor.py:650} INFO - DAG(s) dict_keys(['example_dag_decorator']) retrieved from /home/airflow/.local/lib/python3.7/site-packages/airflow/example_dags/example_dag_decorator.py
[2022-09-07T08:02:12.624+0000] {logging_mixin.py:115} INFO - [2022-09-07T08:02:12.624+0000] {dag.py:2429} INFO - Sync 1 DAGs
[2022-09-07T08:02:12.635+0000] {logging_mixin.py:115} INFO - [2022-09-07T08:02:12.635+0000] {dag.py:2981} INFO - Setting next_dagrun for example_dag_decorator to None, run_after=None
[2022-09-07T08:02:12.644+0000] {processor.py:161} INFO - Processing /home/airflow/.local/lib/python3.7/site-packages/airflow/example_dags/example_dag_decorator.py took 0.080 seconds
[2022-09-07T08:02:43.400+0000] {processor.py:153} INFO - Started process (PID=2454) to work on /home/airflow/.local/lib/python3.7/site-packages/airflow/example_dags/example_dag_decorator.py
[2022-09-07T08:02:43.401+0000] {processor.py:640} INFO - Processing file /home/airflow/.local/lib/python3.7/site-packages/airflow/example_dags/example_dag_decorator.py for tasks to queue
[2022-09-07T08:02:43.403+0000] {logging_mixin.py:115} INFO - [2022-09-07T08:02:43.402+0000] {dagbag.py:508} INFO - Filling up the DagBag from /home/airflow/.local/lib/python3.7/site-packages/airflow/example_dags/example_dag_decorator.py
[2022-09-07T08:02:43.415+0000] {processor.py:650} INFO - DAG(s) dict_keys(['example_dag_decorator']) retrieved from /home/airflow/.local/lib/python3.7/site-packages/airflow/example_dags/example_dag_decorator.py
[2022-09-07T08:02:43.452+0000] {logging_mixin.py:115} INFO - [2022-09-07T08:02:43.452+0000] {dag.py:2429} INFO - Sync 1 DAGs
[2022-09-07T08:02:43.462+0000] {logging_mixin.py:115} INFO - [2022-09-07T08:02:43.462+0000] {dag.py:2981} INFO - Setting next_dagrun for example_dag_decorator to None, run_after=None
[2022-09-07T08:02:43.470+0000] {processor.py:161} INFO - Processing /home/airflow/.local/lib/python3.7/site-packages/airflow/example_dags/example_dag_decorator.py took 0.073 seconds
[2022-09-07T08:03:14.135+0000] {processor.py:153} INFO - Started process (PID=2514) to work on /home/airflow/.local/lib/python3.7/site-packages/airflow/example_dags/example_dag_decorator.py
[2022-09-07T08:03:14.140+0000] {processor.py:640} INFO - Processing file /home/airflow/.local/lib/python3.7/site-packages/airflow/example_dags/example_dag_decorator.py for tasks to queue
[2022-09-07T08:03:14.142+0000] {logging_mixin.py:115} INFO - [2022-09-07T08:03:14.141+0000] {dagbag.py:508} INFO - Filling up the DagBag from /home/airflow/.local/lib/python3.7/site-packages/airflow/example_dags/example_dag_decorator.py
[2022-09-07T08:03:14.158+0000] {processor.py:650} INFO - DAG(s) dict_keys(['example_dag_decorator']) retrieved from /home/airflow/.local/lib/python3.7/site-packages/airflow/example_dags/example_dag_decorator.py
[2022-09-07T08:03:14.207+0000] {logging_mixin.py:115} INFO - [2022-09-07T08:03:14.207+0000] {dag.py:2429} INFO - Sync 1 DAGs
[2022-09-07T08:03:14.218+0000] {logging_mixin.py:115} INFO - [2022-09-07T08:03:14.218+0000] {dag.py:2981} INFO - Setting next_dagrun for example_dag_decorator to None, run_after=None
[2022-09-07T08:03:14.228+0000] {processor.py:161} INFO - Processing /home/airflow/.local/lib/python3.7/site-packages/airflow/example_dags/example_dag_decorator.py took 0.095 seconds
[2022-09-07T08:03:44.929+0000] {processor.py:153} INFO - Started process (PID=2575) to work on /home/airflow/.local/lib/python3.7/site-packages/airflow/example_dags/example_dag_decorator.py
[2022-09-07T08:03:44.931+0000] {processor.py:640} INFO - Processing file /home/airflow/.local/lib/python3.7/site-packages/airflow/example_dags/example_dag_decorator.py for tasks to queue
[2022-09-07T08:03:44.932+0000] {logging_mixin.py:115} INFO - [2022-09-07T08:03:44.932+0000] {dagbag.py:508} INFO - Filling up the DagBag from /home/airflow/.local/lib/python3.7/site-packages/airflow/example_dags/example_dag_decorator.py
[2022-09-07T08:03:44.945+0000] {processor.py:650} INFO - DAG(s) dict_keys(['example_dag_decorator']) retrieved from /home/airflow/.local/lib/python3.7/site-packages/airflow/example_dags/example_dag_decorator.py
[2022-09-07T08:03:44.993+0000] {logging_mixin.py:115} INFO - [2022-09-07T08:03:44.992+0000] {dag.py:2429} INFO - Sync 1 DAGs
[2022-09-07T08:03:45.006+0000] {logging_mixin.py:115} INFO - [2022-09-07T08:03:45.006+0000] {dag.py:2981} INFO - Setting next_dagrun for example_dag_decorator to None, run_after=None
[2022-09-07T08:03:45.016+0000] {processor.py:161} INFO - Processing /home/airflow/.local/lib/python3.7/site-packages/airflow/example_dags/example_dag_decorator.py took 0.090 seconds
[2022-09-07T08:04:15.628+0000] {processor.py:153} INFO - Started process (PID=2627) to work on /home/airflow/.local/lib/python3.7/site-packages/airflow/example_dags/example_dag_decorator.py
[2022-09-07T08:04:15.630+0000] {processor.py:640} INFO - Processing file /home/airflow/.local/lib/python3.7/site-packages/airflow/example_dags/example_dag_decorator.py for tasks to queue
[2022-09-07T08:04:15.631+0000] {logging_mixin.py:115} INFO - [2022-09-07T08:04:15.631+0000] {dagbag.py:508} INFO - Filling up the DagBag from /home/airflow/.local/lib/python3.7/site-packages/airflow/example_dags/example_dag_decorator.py
[2022-09-07T08:04:15.646+0000] {processor.py:650} INFO - DAG(s) dict_keys(['example_dag_decorator']) retrieved from /home/airflow/.local/lib/python3.7/site-packages/airflow/example_dags/example_dag_decorator.py
[2022-09-07T08:04:15.692+0000] {logging_mixin.py:115} INFO - [2022-09-07T08:04:15.692+0000] {dag.py:2429} INFO - Sync 1 DAGs
[2022-09-07T08:04:15.703+0000] {logging_mixin.py:115} INFO - [2022-09-07T08:04:15.703+0000] {dag.py:2981} INFO - Setting next_dagrun for example_dag_decorator to None, run_after=None
[2022-09-07T08:04:15.711+0000] {processor.py:161} INFO - Processing /home/airflow/.local/lib/python3.7/site-packages/airflow/example_dags/example_dag_decorator.py took 0.086 seconds
[2022-09-07T16:21:01.307+0000] {processor.py:153} INFO - Started process (PID=60) to work on /home/airflow/.local/lib/python3.7/site-packages/airflow/example_dags/example_dag_decorator.py
[2022-09-07T16:21:01.309+0000] {processor.py:640} INFO - Processing file /home/airflow/.local/lib/python3.7/site-packages/airflow/example_dags/example_dag_decorator.py for tasks to queue
[2022-09-07T16:21:01.311+0000] {logging_mixin.py:115} INFO - [2022-09-07T16:21:01.311+0000] {dagbag.py:508} INFO - Filling up the DagBag from /home/airflow/.local/lib/python3.7/site-packages/airflow/example_dags/example_dag_decorator.py
[2022-09-07T16:21:01.339+0000] {processor.py:650} INFO - DAG(s) dict_keys(['example_dag_decorator']) retrieved from /home/airflow/.local/lib/python3.7/site-packages/airflow/example_dags/example_dag_decorator.py
[2022-09-07T16:21:01.379+0000] {logging_mixin.py:115} INFO - [2022-09-07T16:21:01.379+0000] {dag.py:2429} INFO - Sync 1 DAGs
[2022-09-07T16:21:01.392+0000] {logging_mixin.py:115} INFO - [2022-09-07T16:21:01.392+0000] {dag.py:2981} INFO - Setting next_dagrun for example_dag_decorator to None, run_after=None
[2022-09-07T16:21:01.402+0000] {processor.py:161} INFO - Processing /home/airflow/.local/lib/python3.7/site-packages/airflow/example_dags/example_dag_decorator.py took 0.098 seconds
[2022-09-07T16:21:31.961+0000] {processor.py:153} INFO - Started process (PID=120) to work on /home/airflow/.local/lib/python3.7/site-packages/airflow/example_dags/example_dag_decorator.py
[2022-09-07T16:21:31.963+0000] {processor.py:640} INFO - Processing file /home/airflow/.local/lib/python3.7/site-packages/airflow/example_dags/example_dag_decorator.py for tasks to queue
[2022-09-07T16:21:31.965+0000] {logging_mixin.py:115} INFO - [2022-09-07T16:21:31.965+0000] {dagbag.py:508} INFO - Filling up the DagBag from /home/airflow/.local/lib/python3.7/site-packages/airflow/example_dags/example_dag_decorator.py
[2022-09-07T16:21:31.981+0000] {processor.py:650} INFO - DAG(s) dict_keys(['example_dag_decorator']) retrieved from /home/airflow/.local/lib/python3.7/site-packages/airflow/example_dags/example_dag_decorator.py
[2022-09-07T16:21:32.025+0000] {logging_mixin.py:115} INFO - [2022-09-07T16:21:32.025+0000] {dag.py:2429} INFO - Sync 1 DAGs
[2022-09-07T16:21:32.038+0000] {logging_mixin.py:115} INFO - [2022-09-07T16:21:32.038+0000] {dag.py:2981} INFO - Setting next_dagrun for example_dag_decorator to None, run_after=None
[2022-09-07T16:21:32.048+0000] {processor.py:161} INFO - Processing /home/airflow/.local/lib/python3.7/site-packages/airflow/example_dags/example_dag_decorator.py took 0.089 seconds
[2022-09-07T16:22:02.610+0000] {processor.py:153} INFO - Started process (PID=575) to work on /home/airflow/.local/lib/python3.7/site-packages/airflow/example_dags/example_dag_decorator.py
[2022-09-07T16:22:02.613+0000] {processor.py:640} INFO - Processing file /home/airflow/.local/lib/python3.7/site-packages/airflow/example_dags/example_dag_decorator.py for tasks to queue
[2022-09-07T16:22:02.614+0000] {logging_mixin.py:115} INFO - [2022-09-07T16:22:02.614+0000] {dagbag.py:508} INFO - Filling up the DagBag from /home/airflow/.local/lib/python3.7/site-packages/airflow/example_dags/example_dag_decorator.py
[2022-09-07T16:22:02.628+0000] {processor.py:650} INFO - DAG(s) dict_keys(['example_dag_decorator']) retrieved from /home/airflow/.local/lib/python3.7/site-packages/airflow/example_dags/example_dag_decorator.py
[2022-09-07T16:22:02.674+0000] {logging_mixin.py:115} INFO - [2022-09-07T16:22:02.674+0000] {dag.py:2429} INFO - Sync 1 DAGs
[2022-09-07T16:22:02.685+0000] {logging_mixin.py:115} INFO - [2022-09-07T16:22:02.685+0000] {dag.py:2981} INFO - Setting next_dagrun for example_dag_decorator to None, run_after=None
[2022-09-07T16:22:02.694+0000] {processor.py:161} INFO - Processing /home/airflow/.local/lib/python3.7/site-packages/airflow/example_dags/example_dag_decorator.py took 0.086 seconds
[2022-09-07T16:22:32.797+0000] {processor.py:153} INFO - Started process (PID=1271) to work on /home/airflow/.local/lib/python3.7/site-packages/airflow/example_dags/example_dag_decorator.py
[2022-09-07T16:22:32.798+0000] {processor.py:640} INFO - Processing file /home/airflow/.local/lib/python3.7/site-packages/airflow/example_dags/example_dag_decorator.py for tasks to queue
[2022-09-07T16:22:32.799+0000] {logging_mixin.py:115} INFO - [2022-09-07T16:22:32.799+0000] {dagbag.py:508} INFO - Filling up the DagBag from /home/airflow/.local/lib/python3.7/site-packages/airflow/example_dags/example_dag_decorator.py
[2022-09-07T16:22:32.815+0000] {processor.py:650} INFO - DAG(s) dict_keys(['example_dag_decorator']) retrieved from /home/airflow/.local/lib/python3.7/site-packages/airflow/example_dags/example_dag_decorator.py
[2022-09-07T16:22:32.862+0000] {logging_mixin.py:115} INFO - [2022-09-07T16:22:32.862+0000] {dag.py:2429} INFO - Sync 1 DAGs
[2022-09-07T16:22:32.875+0000] {logging_mixin.py:115} INFO - [2022-09-07T16:22:32.875+0000] {dag.py:2981} INFO - Setting next_dagrun for example_dag_decorator to None, run_after=None
[2022-09-07T16:22:32.885+0000] {processor.py:161} INFO - Processing /home/airflow/.local/lib/python3.7/site-packages/airflow/example_dags/example_dag_decorator.py took 0.091 seconds
[2022-09-07T16:23:03.509+0000] {processor.py:153} INFO - Started process (PID=1803) to work on /home/airflow/.local/lib/python3.7/site-packages/airflow/example_dags/example_dag_decorator.py
[2022-09-07T16:23:03.511+0000] {processor.py:640} INFO - Processing file /home/airflow/.local/lib/python3.7/site-packages/airflow/example_dags/example_dag_decorator.py for tasks to queue
[2022-09-07T16:23:03.512+0000] {logging_mixin.py:115} INFO - [2022-09-07T16:23:03.512+0000] {dagbag.py:508} INFO - Filling up the DagBag from /home/airflow/.local/lib/python3.7/site-packages/airflow/example_dags/example_dag_decorator.py
[2022-09-07T16:23:03.526+0000] {processor.py:650} INFO - DAG(s) dict_keys(['example_dag_decorator']) retrieved from /home/airflow/.local/lib/python3.7/site-packages/airflow/example_dags/example_dag_decorator.py
[2022-09-07T16:23:03.568+0000] {logging_mixin.py:115} INFO - [2022-09-07T16:23:03.568+0000] {dag.py:2429} INFO - Sync 1 DAGs
[2022-09-07T16:23:03.580+0000] {logging_mixin.py:115} INFO - [2022-09-07T16:23:03.580+0000] {dag.py:2981} INFO - Setting next_dagrun for example_dag_decorator to None, run_after=None
[2022-09-07T16:23:03.588+0000] {processor.py:161} INFO - Processing /home/airflow/.local/lib/python3.7/site-packages/airflow/example_dags/example_dag_decorator.py took 0.081 seconds
[2022-09-07T16:23:34.358+0000] {processor.py:153} INFO - Started process (PID=2172) to work on /home/airflow/.local/lib/python3.7/site-packages/airflow/example_dags/example_dag_decorator.py
[2022-09-07T16:23:34.360+0000] {processor.py:640} INFO - Processing file /home/airflow/.local/lib/python3.7/site-packages/airflow/example_dags/example_dag_decorator.py for tasks to queue
[2022-09-07T16:23:34.362+0000] {logging_mixin.py:115} INFO - [2022-09-07T16:23:34.361+0000] {dagbag.py:508} INFO - Filling up the DagBag from /home/airflow/.local/lib/python3.7/site-packages/airflow/example_dags/example_dag_decorator.py
[2022-09-07T16:23:34.375+0000] {processor.py:650} INFO - DAG(s) dict_keys(['example_dag_decorator']) retrieved from /home/airflow/.local/lib/python3.7/site-packages/airflow/example_dags/example_dag_decorator.py
[2022-09-07T16:23:34.420+0000] {logging_mixin.py:115} INFO - [2022-09-07T16:23:34.420+0000] {dag.py:2429} INFO - Sync 1 DAGs
[2022-09-07T16:23:34.431+0000] {logging_mixin.py:115} INFO - [2022-09-07T16:23:34.431+0000] {dag.py:2981} INFO - Setting next_dagrun for example_dag_decorator to None, run_after=None
[2022-09-07T16:23:34.444+0000] {processor.py:161} INFO - Processing /home/airflow/.local/lib/python3.7/site-packages/airflow/example_dags/example_dag_decorator.py took 0.089 seconds
[2022-09-07T16:24:04.970+0000] {processor.py:153} INFO - Started process (PID=2549) to work on /home/airflow/.local/lib/python3.7/site-packages/airflow/example_dags/example_dag_decorator.py
[2022-09-07T16:24:04.984+0000] {processor.py:640} INFO - Processing file /home/airflow/.local/lib/python3.7/site-packages/airflow/example_dags/example_dag_decorator.py for tasks to queue
[2022-09-07T16:24:04.986+0000] {logging_mixin.py:115} INFO - [2022-09-07T16:24:04.986+0000] {dagbag.py:508} INFO - Filling up the DagBag from /home/airflow/.local/lib/python3.7/site-packages/airflow/example_dags/example_dag_decorator.py
[2022-09-07T16:24:05.001+0000] {processor.py:650} INFO - DAG(s) dict_keys(['example_dag_decorator']) retrieved from /home/airflow/.local/lib/python3.7/site-packages/airflow/example_dags/example_dag_decorator.py
[2022-09-07T16:24:05.020+0000] {logging_mixin.py:115} INFO - [2022-09-07T16:24:05.020+0000] {dag.py:2429} INFO - Sync 1 DAGs
[2022-09-07T16:24:05.034+0000] {logging_mixin.py:115} INFO - [2022-09-07T16:24:05.034+0000] {dag.py:2981} INFO - Setting next_dagrun for example_dag_decorator to None, run_after=None
[2022-09-07T16:24:05.043+0000] {processor.py:161} INFO - Processing /home/airflow/.local/lib/python3.7/site-packages/airflow/example_dags/example_dag_decorator.py took 0.075 seconds
[2022-09-07T16:24:35.596+0000] {processor.py:153} INFO - Started process (PID=2916) to work on /home/airflow/.local/lib/python3.7/site-packages/airflow/example_dags/example_dag_decorator.py
[2022-09-07T16:24:35.598+0000] {processor.py:640} INFO - Processing file /home/airflow/.local/lib/python3.7/site-packages/airflow/example_dags/example_dag_decorator.py for tasks to queue
[2022-09-07T16:24:35.599+0000] {logging_mixin.py:115} INFO - [2022-09-07T16:24:35.599+0000] {dagbag.py:508} INFO - Filling up the DagBag from /home/airflow/.local/lib/python3.7/site-packages/airflow/example_dags/example_dag_decorator.py
[2022-09-07T16:24:35.613+0000] {processor.py:650} INFO - DAG(s) dict_keys(['example_dag_decorator']) retrieved from /home/airflow/.local/lib/python3.7/site-packages/airflow/example_dags/example_dag_decorator.py
[2022-09-07T16:24:35.634+0000] {logging_mixin.py:115} INFO - [2022-09-07T16:24:35.634+0000] {dag.py:2429} INFO - Sync 1 DAGs
[2022-09-07T16:24:35.652+0000] {logging_mixin.py:115} INFO - [2022-09-07T16:24:35.652+0000] {dag.py:2981} INFO - Setting next_dagrun for example_dag_decorator to None, run_after=None
[2022-09-07T16:24:35.661+0000] {processor.py:161} INFO - Processing /home/airflow/.local/lib/python3.7/site-packages/airflow/example_dags/example_dag_decorator.py took 0.067 seconds
[2022-09-07T16:25:06.571+0000] {processor.py:153} INFO - Started process (PID=3244) to work on /home/airflow/.local/lib/python3.7/site-packages/airflow/example_dags/example_dag_decorator.py
[2022-09-07T16:25:06.575+0000] {processor.py:640} INFO - Processing file /home/airflow/.local/lib/python3.7/site-packages/airflow/example_dags/example_dag_decorator.py for tasks to queue
[2022-09-07T16:25:06.576+0000] {logging_mixin.py:115} INFO - [2022-09-07T16:25:06.576+0000] {dagbag.py:508} INFO - Filling up the DagBag from /home/airflow/.local/lib/python3.7/site-packages/airflow/example_dags/example_dag_decorator.py
[2022-09-07T16:25:06.601+0000] {processor.py:650} INFO - DAG(s) dict_keys(['example_dag_decorator']) retrieved from /home/airflow/.local/lib/python3.7/site-packages/airflow/example_dags/example_dag_decorator.py
[2022-09-07T16:25:06.662+0000] {logging_mixin.py:115} INFO - [2022-09-07T16:25:06.662+0000] {dag.py:2429} INFO - Sync 1 DAGs
[2022-09-07T16:25:06.682+0000] {logging_mixin.py:115} INFO - [2022-09-07T16:25:06.682+0000] {dag.py:2981} INFO - Setting next_dagrun for example_dag_decorator to None, run_after=None
[2022-09-07T16:25:06.707+0000] {processor.py:161} INFO - Processing /home/airflow/.local/lib/python3.7/site-packages/airflow/example_dags/example_dag_decorator.py took 0.138 seconds
[2022-09-07T16:25:36.769+0000] {processor.py:153} INFO - Started process (PID=3305) to work on /home/airflow/.local/lib/python3.7/site-packages/airflow/example_dags/example_dag_decorator.py
[2022-09-07T16:25:36.772+0000] {processor.py:640} INFO - Processing file /home/airflow/.local/lib/python3.7/site-packages/airflow/example_dags/example_dag_decorator.py for tasks to queue
[2022-09-07T16:25:36.773+0000] {logging_mixin.py:115} INFO - [2022-09-07T16:25:36.773+0000] {dagbag.py:508} INFO - Filling up the DagBag from /home/airflow/.local/lib/python3.7/site-packages/airflow/example_dags/example_dag_decorator.py
[2022-09-07T16:25:36.787+0000] {processor.py:650} INFO - DAG(s) dict_keys(['example_dag_decorator']) retrieved from /home/airflow/.local/lib/python3.7/site-packages/airflow/example_dags/example_dag_decorator.py
[2022-09-07T16:25:36.831+0000] {logging_mixin.py:115} INFO - [2022-09-07T16:25:36.831+0000] {dag.py:2429} INFO - Sync 1 DAGs
[2022-09-07T16:25:36.843+0000] {logging_mixin.py:115} INFO - [2022-09-07T16:25:36.842+0000] {dag.py:2981} INFO - Setting next_dagrun for example_dag_decorator to None, run_after=None
[2022-09-07T16:25:36.851+0000] {processor.py:161} INFO - Processing /home/airflow/.local/lib/python3.7/site-packages/airflow/example_dags/example_dag_decorator.py took 0.084 seconds
[2022-09-07T16:26:07.071+0000] {processor.py:153} INFO - Started process (PID=3358) to work on /home/airflow/.local/lib/python3.7/site-packages/airflow/example_dags/example_dag_decorator.py
[2022-09-07T16:26:07.072+0000] {processor.py:640} INFO - Processing file /home/airflow/.local/lib/python3.7/site-packages/airflow/example_dags/example_dag_decorator.py for tasks to queue
[2022-09-07T16:26:07.073+0000] {logging_mixin.py:115} INFO - [2022-09-07T16:26:07.073+0000] {dagbag.py:508} INFO - Filling up the DagBag from /home/airflow/.local/lib/python3.7/site-packages/airflow/example_dags/example_dag_decorator.py
[2022-09-07T16:26:07.093+0000] {processor.py:650} INFO - DAG(s) dict_keys(['example_dag_decorator']) retrieved from /home/airflow/.local/lib/python3.7/site-packages/airflow/example_dags/example_dag_decorator.py
[2022-09-07T16:26:07.154+0000] {logging_mixin.py:115} INFO - [2022-09-07T16:26:07.154+0000] {dag.py:2429} INFO - Sync 1 DAGs
[2022-09-07T16:26:07.169+0000] {logging_mixin.py:115} INFO - [2022-09-07T16:26:07.169+0000] {dag.py:2981} INFO - Setting next_dagrun for example_dag_decorator to None, run_after=None
[2022-09-07T16:26:07.181+0000] {processor.py:161} INFO - Processing /home/airflow/.local/lib/python3.7/site-packages/airflow/example_dags/example_dag_decorator.py took 0.114 seconds
[2022-09-07T16:26:38.185+0000] {processor.py:153} INFO - Started process (PID=3419) to work on /home/airflow/.local/lib/python3.7/site-packages/airflow/example_dags/example_dag_decorator.py
[2022-09-07T16:26:38.187+0000] {processor.py:640} INFO - Processing file /home/airflow/.local/lib/python3.7/site-packages/airflow/example_dags/example_dag_decorator.py for tasks to queue
[2022-09-07T16:26:38.189+0000] {logging_mixin.py:115} INFO - [2022-09-07T16:26:38.189+0000] {dagbag.py:508} INFO - Filling up the DagBag from /home/airflow/.local/lib/python3.7/site-packages/airflow/example_dags/example_dag_decorator.py
[2022-09-07T16:26:38.206+0000] {processor.py:650} INFO - DAG(s) dict_keys(['example_dag_decorator']) retrieved from /home/airflow/.local/lib/python3.7/site-packages/airflow/example_dags/example_dag_decorator.py
[2022-09-07T16:26:38.251+0000] {logging_mixin.py:115} INFO - [2022-09-07T16:26:38.251+0000] {dag.py:2429} INFO - Sync 1 DAGs
[2022-09-07T16:26:38.263+0000] {logging_mixin.py:115} INFO - [2022-09-07T16:26:38.263+0000] {dag.py:2981} INFO - Setting next_dagrun for example_dag_decorator to None, run_after=None
[2022-09-07T16:26:38.276+0000] {processor.py:161} INFO - Processing /home/airflow/.local/lib/python3.7/site-packages/airflow/example_dags/example_dag_decorator.py took 0.094 seconds
[2022-09-07T16:27:08.740+0000] {processor.py:153} INFO - Started process (PID=3480) to work on /home/airflow/.local/lib/python3.7/site-packages/airflow/example_dags/example_dag_decorator.py
[2022-09-07T16:27:08.742+0000] {processor.py:640} INFO - Processing file /home/airflow/.local/lib/python3.7/site-packages/airflow/example_dags/example_dag_decorator.py for tasks to queue
[2022-09-07T16:27:08.743+0000] {logging_mixin.py:115} INFO - [2022-09-07T16:27:08.743+0000] {dagbag.py:508} INFO - Filling up the DagBag from /home/airflow/.local/lib/python3.7/site-packages/airflow/example_dags/example_dag_decorator.py
[2022-09-07T16:27:08.759+0000] {processor.py:650} INFO - DAG(s) dict_keys(['example_dag_decorator']) retrieved from /home/airflow/.local/lib/python3.7/site-packages/airflow/example_dags/example_dag_decorator.py
[2022-09-07T16:27:08.801+0000] {logging_mixin.py:115} INFO - [2022-09-07T16:27:08.801+0000] {dag.py:2429} INFO - Sync 1 DAGs
[2022-09-07T16:27:08.815+0000] {logging_mixin.py:115} INFO - [2022-09-07T16:27:08.815+0000] {dag.py:2981} INFO - Setting next_dagrun for example_dag_decorator to None, run_after=None
[2022-09-07T16:27:08.824+0000] {processor.py:161} INFO - Processing /home/airflow/.local/lib/python3.7/site-packages/airflow/example_dags/example_dag_decorator.py took 0.087 seconds
[2022-09-07T16:27:39.451+0000] {processor.py:153} INFO - Started process (PID=3542) to work on /home/airflow/.local/lib/python3.7/site-packages/airflow/example_dags/example_dag_decorator.py
[2022-09-07T16:27:39.455+0000] {processor.py:640} INFO - Processing file /home/airflow/.local/lib/python3.7/site-packages/airflow/example_dags/example_dag_decorator.py for tasks to queue
[2022-09-07T16:27:39.456+0000] {logging_mixin.py:115} INFO - [2022-09-07T16:27:39.456+0000] {dagbag.py:508} INFO - Filling up the DagBag from /home/airflow/.local/lib/python3.7/site-packages/airflow/example_dags/example_dag_decorator.py
[2022-09-07T16:27:39.477+0000] {processor.py:650} INFO - DAG(s) dict_keys(['example_dag_decorator']) retrieved from /home/airflow/.local/lib/python3.7/site-packages/airflow/example_dags/example_dag_decorator.py
[2022-09-07T16:27:39.531+0000] {logging_mixin.py:115} INFO - [2022-09-07T16:27:39.531+0000] {dag.py:2429} INFO - Sync 1 DAGs
[2022-09-07T16:27:39.545+0000] {logging_mixin.py:115} INFO - [2022-09-07T16:27:39.545+0000] {dag.py:2981} INFO - Setting next_dagrun for example_dag_decorator to None, run_after=None
[2022-09-07T16:27:39.556+0000] {processor.py:161} INFO - Processing /home/airflow/.local/lib/python3.7/site-packages/airflow/example_dags/example_dag_decorator.py took 0.109 seconds
[2022-09-07T16:28:10.229+0000] {processor.py:153} INFO - Started process (PID=3603) to work on /home/airflow/.local/lib/python3.7/site-packages/airflow/example_dags/example_dag_decorator.py
[2022-09-07T16:28:10.231+0000] {processor.py:640} INFO - Processing file /home/airflow/.local/lib/python3.7/site-packages/airflow/example_dags/example_dag_decorator.py for tasks to queue
[2022-09-07T16:28:10.232+0000] {logging_mixin.py:115} INFO - [2022-09-07T16:28:10.231+0000] {dagbag.py:508} INFO - Filling up the DagBag from /home/airflow/.local/lib/python3.7/site-packages/airflow/example_dags/example_dag_decorator.py
[2022-09-07T16:28:10.248+0000] {processor.py:650} INFO - DAG(s) dict_keys(['example_dag_decorator']) retrieved from /home/airflow/.local/lib/python3.7/site-packages/airflow/example_dags/example_dag_decorator.py
[2022-09-07T16:28:10.297+0000] {logging_mixin.py:115} INFO - [2022-09-07T16:28:10.297+0000] {dag.py:2429} INFO - Sync 1 DAGs
[2022-09-07T16:28:10.309+0000] {logging_mixin.py:115} INFO - [2022-09-07T16:28:10.309+0000] {dag.py:2981} INFO - Setting next_dagrun for example_dag_decorator to None, run_after=None
[2022-09-07T16:28:10.329+0000] {processor.py:161} INFO - Processing /home/airflow/.local/lib/python3.7/site-packages/airflow/example_dags/example_dag_decorator.py took 0.103 seconds
[2022-09-07T16:29:18.125+0000] {processor.py:153} INFO - Started process (PID=49) to work on /home/airflow/.local/lib/python3.7/site-packages/airflow/example_dags/example_dag_decorator.py
[2022-09-07T16:29:18.128+0000] {processor.py:640} INFO - Processing file /home/airflow/.local/lib/python3.7/site-packages/airflow/example_dags/example_dag_decorator.py for tasks to queue
[2022-09-07T16:29:18.130+0000] {logging_mixin.py:115} INFO - [2022-09-07T16:29:18.129+0000] {dagbag.py:508} INFO - Filling up the DagBag from /home/airflow/.local/lib/python3.7/site-packages/airflow/example_dags/example_dag_decorator.py
[2022-09-07T16:29:18.198+0000] {processor.py:650} INFO - DAG(s) dict_keys(['example_dag_decorator']) retrieved from /home/airflow/.local/lib/python3.7/site-packages/airflow/example_dags/example_dag_decorator.py
[2022-09-07T16:29:18.312+0000] {logging_mixin.py:115} INFO - [2022-09-07T16:29:18.312+0000] {dag.py:2429} INFO - Sync 1 DAGs
[2022-09-07T16:29:18.344+0000] {logging_mixin.py:115} INFO - [2022-09-07T16:29:18.344+0000] {dag.py:2981} INFO - Setting next_dagrun for example_dag_decorator to None, run_after=None
[2022-09-07T16:29:18.364+0000] {processor.py:161} INFO - Processing /home/airflow/.local/lib/python3.7/site-packages/airflow/example_dags/example_dag_decorator.py took 0.241 seconds
[2022-09-07T16:29:49.048+0000] {processor.py:153} INFO - Started process (PID=103) to work on /home/airflow/.local/lib/python3.7/site-packages/airflow/example_dags/example_dag_decorator.py
[2022-09-07T16:29:49.050+0000] {processor.py:640} INFO - Processing file /home/airflow/.local/lib/python3.7/site-packages/airflow/example_dags/example_dag_decorator.py for tasks to queue
[2022-09-07T16:29:49.052+0000] {logging_mixin.py:115} INFO - [2022-09-07T16:29:49.052+0000] {dagbag.py:508} INFO - Filling up the DagBag from /home/airflow/.local/lib/python3.7/site-packages/airflow/example_dags/example_dag_decorator.py
[2022-09-07T16:29:49.068+0000] {processor.py:650} INFO - DAG(s) dict_keys(['example_dag_decorator']) retrieved from /home/airflow/.local/lib/python3.7/site-packages/airflow/example_dags/example_dag_decorator.py
[2022-09-07T16:29:49.118+0000] {logging_mixin.py:115} INFO - [2022-09-07T16:29:49.118+0000] {dag.py:2429} INFO - Sync 1 DAGs
[2022-09-07T16:29:49.135+0000] {logging_mixin.py:115} INFO - [2022-09-07T16:29:49.135+0000] {dag.py:2981} INFO - Setting next_dagrun for example_dag_decorator to None, run_after=None
[2022-09-07T16:29:49.149+0000] {processor.py:161} INFO - Processing /home/airflow/.local/lib/python3.7/site-packages/airflow/example_dags/example_dag_decorator.py took 0.104 seconds
[2022-09-07T16:30:19.238+0000] {processor.py:153} INFO - Started process (PID=163) to work on /home/airflow/.local/lib/python3.7/site-packages/airflow/example_dags/example_dag_decorator.py
[2022-09-07T16:30:19.240+0000] {processor.py:640} INFO - Processing file /home/airflow/.local/lib/python3.7/site-packages/airflow/example_dags/example_dag_decorator.py for tasks to queue
[2022-09-07T16:30:19.241+0000] {logging_mixin.py:115} INFO - [2022-09-07T16:30:19.241+0000] {dagbag.py:508} INFO - Filling up the DagBag from /home/airflow/.local/lib/python3.7/site-packages/airflow/example_dags/example_dag_decorator.py
[2022-09-07T16:30:19.258+0000] {processor.py:650} INFO - DAG(s) dict_keys(['example_dag_decorator']) retrieved from /home/airflow/.local/lib/python3.7/site-packages/airflow/example_dags/example_dag_decorator.py
[2022-09-07T16:30:19.299+0000] {logging_mixin.py:115} INFO - [2022-09-07T16:30:19.299+0000] {dag.py:2429} INFO - Sync 1 DAGs
[2022-09-07T16:30:19.314+0000] {logging_mixin.py:115} INFO - [2022-09-07T16:30:19.314+0000] {dag.py:2981} INFO - Setting next_dagrun for example_dag_decorator to None, run_after=None
[2022-09-07T16:30:19.323+0000] {processor.py:161} INFO - Processing /home/airflow/.local/lib/python3.7/site-packages/airflow/example_dags/example_dag_decorator.py took 0.089 seconds
[2022-09-07T16:30:49.406+0000] {processor.py:153} INFO - Started process (PID=224) to work on /home/airflow/.local/lib/python3.7/site-packages/airflow/example_dags/example_dag_decorator.py
[2022-09-07T16:30:49.408+0000] {processor.py:640} INFO - Processing file /home/airflow/.local/lib/python3.7/site-packages/airflow/example_dags/example_dag_decorator.py for tasks to queue
[2022-09-07T16:30:49.410+0000] {logging_mixin.py:115} INFO - [2022-09-07T16:30:49.410+0000] {dagbag.py:508} INFO - Filling up the DagBag from /home/airflow/.local/lib/python3.7/site-packages/airflow/example_dags/example_dag_decorator.py
[2022-09-07T16:30:49.426+0000] {processor.py:650} INFO - DAG(s) dict_keys(['example_dag_decorator']) retrieved from /home/airflow/.local/lib/python3.7/site-packages/airflow/example_dags/example_dag_decorator.py
[2022-09-07T16:30:49.471+0000] {logging_mixin.py:115} INFO - [2022-09-07T16:30:49.470+0000] {dag.py:2429} INFO - Sync 1 DAGs
[2022-09-07T16:30:49.485+0000] {logging_mixin.py:115} INFO - [2022-09-07T16:30:49.485+0000] {dag.py:2981} INFO - Setting next_dagrun for example_dag_decorator to None, run_after=None
[2022-09-07T16:30:49.495+0000] {processor.py:161} INFO - Processing /home/airflow/.local/lib/python3.7/site-packages/airflow/example_dags/example_dag_decorator.py took 0.092 seconds
[2022-09-07T16:31:20.114+0000] {processor.py:153} INFO - Started process (PID=285) to work on /home/airflow/.local/lib/python3.7/site-packages/airflow/example_dags/example_dag_decorator.py
[2022-09-07T16:31:20.116+0000] {processor.py:640} INFO - Processing file /home/airflow/.local/lib/python3.7/site-packages/airflow/example_dags/example_dag_decorator.py for tasks to queue
[2022-09-07T16:31:20.117+0000] {logging_mixin.py:115} INFO - [2022-09-07T16:31:20.117+0000] {dagbag.py:508} INFO - Filling up the DagBag from /home/airflow/.local/lib/python3.7/site-packages/airflow/example_dags/example_dag_decorator.py
[2022-09-07T16:31:20.133+0000] {processor.py:650} INFO - DAG(s) dict_keys(['example_dag_decorator']) retrieved from /home/airflow/.local/lib/python3.7/site-packages/airflow/example_dags/example_dag_decorator.py
[2022-09-07T16:31:20.176+0000] {logging_mixin.py:115} INFO - [2022-09-07T16:31:20.176+0000] {dag.py:2429} INFO - Sync 1 DAGs
[2022-09-07T16:31:20.190+0000] {logging_mixin.py:115} INFO - [2022-09-07T16:31:20.189+0000] {dag.py:2981} INFO - Setting next_dagrun for example_dag_decorator to None, run_after=None
[2022-09-07T16:31:20.206+0000] {processor.py:161} INFO - Processing /home/airflow/.local/lib/python3.7/site-packages/airflow/example_dags/example_dag_decorator.py took 0.094 seconds
[2022-09-07T17:23:38.253+0000] {processor.py:153} INFO - Started process (PID=43) to work on /home/airflow/.local/lib/python3.7/site-packages/airflow/example_dags/example_dag_decorator.py
[2022-09-07T17:23:38.258+0000] {processor.py:640} INFO - Processing file /home/airflow/.local/lib/python3.7/site-packages/airflow/example_dags/example_dag_decorator.py for tasks to queue
[2022-09-07T17:23:38.261+0000] {logging_mixin.py:115} INFO - [2022-09-07T17:23:38.261+0000] {dagbag.py:508} INFO - Filling up the DagBag from /home/airflow/.local/lib/python3.7/site-packages/airflow/example_dags/example_dag_decorator.py
[2022-09-07T17:23:38.379+0000] {processor.py:650} INFO - DAG(s) dict_keys(['example_dag_decorator']) retrieved from /home/airflow/.local/lib/python3.7/site-packages/airflow/example_dags/example_dag_decorator.py
[2022-09-07T17:23:38.525+0000] {logging_mixin.py:115} INFO - [2022-09-07T17:23:38.525+0000] {dag.py:2429} INFO - Sync 1 DAGs
[2022-09-07T17:23:38.563+0000] {logging_mixin.py:115} INFO - [2022-09-07T17:23:38.563+0000] {dag.py:2981} INFO - Setting next_dagrun for example_dag_decorator to None, run_after=None
[2022-09-07T17:23:38.612+0000] {processor.py:161} INFO - Processing /home/airflow/.local/lib/python3.7/site-packages/airflow/example_dags/example_dag_decorator.py took 0.364 seconds
[2022-09-07T17:24:09.465+0000] {processor.py:153} INFO - Started process (PID=102) to work on /home/airflow/.local/lib/python3.7/site-packages/airflow/example_dags/example_dag_decorator.py
[2022-09-07T17:24:09.467+0000] {processor.py:640} INFO - Processing file /home/airflow/.local/lib/python3.7/site-packages/airflow/example_dags/example_dag_decorator.py for tasks to queue
[2022-09-07T17:24:09.469+0000] {logging_mixin.py:115} INFO - [2022-09-07T17:24:09.469+0000] {dagbag.py:508} INFO - Filling up the DagBag from /home/airflow/.local/lib/python3.7/site-packages/airflow/example_dags/example_dag_decorator.py
[2022-09-07T17:24:09.486+0000] {processor.py:650} INFO - DAG(s) dict_keys(['example_dag_decorator']) retrieved from /home/airflow/.local/lib/python3.7/site-packages/airflow/example_dags/example_dag_decorator.py
[2022-09-07T17:24:09.546+0000] {logging_mixin.py:115} INFO - [2022-09-07T17:24:09.546+0000] {dag.py:2429} INFO - Sync 1 DAGs
[2022-09-07T17:24:09.558+0000] {logging_mixin.py:115} INFO - [2022-09-07T17:24:09.558+0000] {dag.py:2981} INFO - Setting next_dagrun for example_dag_decorator to None, run_after=None
[2022-09-07T17:24:09.568+0000] {processor.py:161} INFO - Processing /home/airflow/.local/lib/python3.7/site-packages/airflow/example_dags/example_dag_decorator.py took 0.106 seconds
[2022-09-07T17:24:40.448+0000] {processor.py:153} INFO - Started process (PID=162) to work on /home/airflow/.local/lib/python3.7/site-packages/airflow/example_dags/example_dag_decorator.py
[2022-09-07T17:24:40.451+0000] {processor.py:640} INFO - Processing file /home/airflow/.local/lib/python3.7/site-packages/airflow/example_dags/example_dag_decorator.py for tasks to queue
[2022-09-07T17:24:40.453+0000] {logging_mixin.py:115} INFO - [2022-09-07T17:24:40.452+0000] {dagbag.py:508} INFO - Filling up the DagBag from /home/airflow/.local/lib/python3.7/site-packages/airflow/example_dags/example_dag_decorator.py
[2022-09-07T17:24:40.469+0000] {processor.py:650} INFO - DAG(s) dict_keys(['example_dag_decorator']) retrieved from /home/airflow/.local/lib/python3.7/site-packages/airflow/example_dags/example_dag_decorator.py
[2022-09-07T17:24:40.515+0000] {logging_mixin.py:115} INFO - [2022-09-07T17:24:40.515+0000] {dag.py:2429} INFO - Sync 1 DAGs
[2022-09-07T17:24:40.528+0000] {logging_mixin.py:115} INFO - [2022-09-07T17:24:40.528+0000] {dag.py:2981} INFO - Setting next_dagrun for example_dag_decorator to None, run_after=None
[2022-09-07T17:24:40.539+0000] {processor.py:161} INFO - Processing /home/airflow/.local/lib/python3.7/site-packages/airflow/example_dags/example_dag_decorator.py took 0.095 seconds
