[2022-09-07T07:55:31.472+0000] {processor.py:153} INFO - Started process (PID=33) to work on /home/airflow/.local/lib/python3.7/site-packages/airflow/example_dags/example_xcom.py
[2022-09-07T07:55:31.475+0000] {processor.py:640} INFO - Processing file /home/airflow/.local/lib/python3.7/site-packages/airflow/example_dags/example_xcom.py for tasks to queue
[2022-09-07T07:55:31.476+0000] {logging_mixin.py:115} INFO - [2022-09-07T07:55:31.476+0000] {dagbag.py:508} INFO - Filling up the DagBag from /home/airflow/.local/lib/python3.7/site-packages/airflow/example_dags/example_xcom.py
[2022-09-07T07:55:31.507+0000] {processor.py:650} INFO - DAG(s) dict_keys(['example_xcom']) retrieved from /home/airflow/.local/lib/python3.7/site-packages/airflow/example_dags/example_xcom.py
[2022-09-07T07:55:31.581+0000] {logging_mixin.py:115} INFO - [2022-09-07T07:55:31.581+0000] {manager.py:508} INFO - Created Permission View: can delete on DAG:example_xcom
[2022-09-07T07:55:31.588+0000] {logging_mixin.py:115} INFO - [2022-09-07T07:55:31.588+0000] {manager.py:508} INFO - Created Permission View: can read on DAG:example_xcom
[2022-09-07T07:55:31.594+0000] {logging_mixin.py:115} INFO - [2022-09-07T07:55:31.594+0000] {manager.py:508} INFO - Created Permission View: can edit on DAG:example_xcom
[2022-09-07T07:55:31.595+0000] {logging_mixin.py:115} INFO - [2022-09-07T07:55:31.595+0000] {dag.py:2429} INFO - Sync 1 DAGs
[2022-09-07T07:55:31.601+0000] {logging_mixin.py:115} INFO - [2022-09-07T07:55:31.601+0000] {dag.py:2448} INFO - Creating ORM DAG for example_xcom
[2022-09-07T07:55:31.609+0000] {logging_mixin.py:115} INFO - [2022-09-07T07:55:31.609+0000] {dag.py:2981} INFO - Setting next_dagrun for example_xcom to 2021-01-01T00:00:00+00:00, run_after=2021-01-01T00:00:00+00:00
[2022-09-07T07:55:31.621+0000] {processor.py:161} INFO - Processing /home/airflow/.local/lib/python3.7/site-packages/airflow/example_dags/example_xcom.py took 0.153 seconds
[2022-09-07T07:56:02.158+0000] {processor.py:153} INFO - Started process (PID=94) to work on /home/airflow/.local/lib/python3.7/site-packages/airflow/example_dags/example_xcom.py
[2022-09-07T07:56:02.161+0000] {processor.py:640} INFO - Processing file /home/airflow/.local/lib/python3.7/site-packages/airflow/example_dags/example_xcom.py for tasks to queue
[2022-09-07T07:56:02.165+0000] {logging_mixin.py:115} INFO - [2022-09-07T07:56:02.164+0000] {dagbag.py:508} INFO - Filling up the DagBag from /home/airflow/.local/lib/python3.7/site-packages/airflow/example_dags/example_xcom.py
[2022-09-07T07:56:02.183+0000] {processor.py:650} INFO - DAG(s) dict_keys(['example_xcom']) retrieved from /home/airflow/.local/lib/python3.7/site-packages/airflow/example_dags/example_xcom.py
[2022-09-07T07:56:02.226+0000] {logging_mixin.py:115} INFO - [2022-09-07T07:56:02.226+0000] {dag.py:2429} INFO - Sync 1 DAGs
[2022-09-07T07:56:02.240+0000] {logging_mixin.py:115} INFO - [2022-09-07T07:56:02.240+0000] {dag.py:2981} INFO - Setting next_dagrun for example_xcom to 2021-01-01T00:00:00+00:00, run_after=2021-01-01T00:00:00+00:00
[2022-09-07T07:56:02.249+0000] {processor.py:161} INFO - Processing /home/airflow/.local/lib/python3.7/site-packages/airflow/example_dags/example_xcom.py took 0.099 seconds
[2022-09-07T07:56:32.916+0000] {processor.py:153} INFO - Started process (PID=155) to work on /home/airflow/.local/lib/python3.7/site-packages/airflow/example_dags/example_xcom.py
[2022-09-07T07:56:32.919+0000] {processor.py:640} INFO - Processing file /home/airflow/.local/lib/python3.7/site-packages/airflow/example_dags/example_xcom.py for tasks to queue
[2022-09-07T07:56:32.922+0000] {logging_mixin.py:115} INFO - [2022-09-07T07:56:32.921+0000] {dagbag.py:508} INFO - Filling up the DagBag from /home/airflow/.local/lib/python3.7/site-packages/airflow/example_dags/example_xcom.py
[2022-09-07T07:56:32.954+0000] {processor.py:650} INFO - DAG(s) dict_keys(['example_xcom']) retrieved from /home/airflow/.local/lib/python3.7/site-packages/airflow/example_dags/example_xcom.py
[2022-09-07T07:56:32.995+0000] {logging_mixin.py:115} INFO - [2022-09-07T07:56:32.995+0000] {dag.py:2429} INFO - Sync 1 DAGs
[2022-09-07T07:56:33.009+0000] {logging_mixin.py:115} INFO - [2022-09-07T07:56:33.009+0000] {dag.py:2981} INFO - Setting next_dagrun for example_xcom to 2021-01-01T00:00:00+00:00, run_after=2021-01-01T00:00:00+00:00
[2022-09-07T07:56:33.018+0000] {processor.py:161} INFO - Processing /home/airflow/.local/lib/python3.7/site-packages/airflow/example_dags/example_xcom.py took 0.108 seconds
[2022-09-07T07:57:03.634+0000] {processor.py:153} INFO - Started process (PID=216) to work on /home/airflow/.local/lib/python3.7/site-packages/airflow/example_dags/example_xcom.py
[2022-09-07T07:57:03.638+0000] {processor.py:640} INFO - Processing file /home/airflow/.local/lib/python3.7/site-packages/airflow/example_dags/example_xcom.py for tasks to queue
[2022-09-07T07:57:03.639+0000] {logging_mixin.py:115} INFO - [2022-09-07T07:57:03.639+0000] {dagbag.py:508} INFO - Filling up the DagBag from /home/airflow/.local/lib/python3.7/site-packages/airflow/example_dags/example_xcom.py
[2022-09-07T07:57:03.653+0000] {processor.py:650} INFO - DAG(s) dict_keys(['example_xcom']) retrieved from /home/airflow/.local/lib/python3.7/site-packages/airflow/example_dags/example_xcom.py
[2022-09-07T07:57:03.690+0000] {logging_mixin.py:115} INFO - [2022-09-07T07:57:03.690+0000] {dag.py:2429} INFO - Sync 1 DAGs
[2022-09-07T07:57:03.702+0000] {logging_mixin.py:115} INFO - [2022-09-07T07:57:03.702+0000] {dag.py:2981} INFO - Setting next_dagrun for example_xcom to 2021-01-01T00:00:00+00:00, run_after=2021-01-01T00:00:00+00:00
[2022-09-07T07:57:03.712+0000] {processor.py:161} INFO - Processing /home/airflow/.local/lib/python3.7/site-packages/airflow/example_dags/example_xcom.py took 0.080 seconds
[2022-09-07T07:57:34.207+0000] {processor.py:153} INFO - Started process (PID=268) to work on /home/airflow/.local/lib/python3.7/site-packages/airflow/example_dags/example_xcom.py
[2022-09-07T07:57:34.209+0000] {processor.py:640} INFO - Processing file /home/airflow/.local/lib/python3.7/site-packages/airflow/example_dags/example_xcom.py for tasks to queue
[2022-09-07T07:57:34.211+0000] {logging_mixin.py:115} INFO - [2022-09-07T07:57:34.211+0000] {dagbag.py:508} INFO - Filling up the DagBag from /home/airflow/.local/lib/python3.7/site-packages/airflow/example_dags/example_xcom.py
[2022-09-07T07:57:34.227+0000] {processor.py:650} INFO - DAG(s) dict_keys(['example_xcom']) retrieved from /home/airflow/.local/lib/python3.7/site-packages/airflow/example_dags/example_xcom.py
[2022-09-07T07:57:34.274+0000] {logging_mixin.py:115} INFO - [2022-09-07T07:57:34.273+0000] {dag.py:2429} INFO - Sync 1 DAGs
[2022-09-07T07:57:34.293+0000] {logging_mixin.py:115} INFO - [2022-09-07T07:57:34.293+0000] {dag.py:2981} INFO - Setting next_dagrun for example_xcom to 2021-01-01T00:00:00+00:00, run_after=2021-01-01T00:00:00+00:00
[2022-09-07T07:57:34.302+0000] {processor.py:161} INFO - Processing /home/airflow/.local/lib/python3.7/site-packages/airflow/example_dags/example_xcom.py took 0.098 seconds
[2022-09-07T07:58:04.927+0000] {processor.py:153} INFO - Started process (PID=329) to work on /home/airflow/.local/lib/python3.7/site-packages/airflow/example_dags/example_xcom.py
[2022-09-07T07:58:04.930+0000] {processor.py:640} INFO - Processing file /home/airflow/.local/lib/python3.7/site-packages/airflow/example_dags/example_xcom.py for tasks to queue
[2022-09-07T07:58:04.932+0000] {logging_mixin.py:115} INFO - [2022-09-07T07:58:04.932+0000] {dagbag.py:508} INFO - Filling up the DagBag from /home/airflow/.local/lib/python3.7/site-packages/airflow/example_dags/example_xcom.py
[2022-09-07T07:58:04.973+0000] {processor.py:650} INFO - DAG(s) dict_keys(['example_xcom']) retrieved from /home/airflow/.local/lib/python3.7/site-packages/airflow/example_dags/example_xcom.py
[2022-09-07T07:58:05.029+0000] {logging_mixin.py:115} INFO - [2022-09-07T07:58:05.029+0000] {dag.py:2429} INFO - Sync 1 DAGs
[2022-09-07T07:58:05.044+0000] {logging_mixin.py:115} INFO - [2022-09-07T07:58:05.044+0000] {dag.py:2981} INFO - Setting next_dagrun for example_xcom to 2021-01-01T00:00:00+00:00, run_after=2021-01-01T00:00:00+00:00
[2022-09-07T07:58:05.054+0000] {processor.py:161} INFO - Processing /home/airflow/.local/lib/python3.7/site-packages/airflow/example_dags/example_xcom.py took 0.134 seconds
[2022-09-07T07:58:36.031+0000] {processor.py:153} INFO - Started process (PID=388) to work on /home/airflow/.local/lib/python3.7/site-packages/airflow/example_dags/example_xcom.py
[2022-09-07T07:58:36.035+0000] {processor.py:640} INFO - Processing file /home/airflow/.local/lib/python3.7/site-packages/airflow/example_dags/example_xcom.py for tasks to queue
[2022-09-07T07:58:36.037+0000] {logging_mixin.py:115} INFO - [2022-09-07T07:58:36.037+0000] {dagbag.py:508} INFO - Filling up the DagBag from /home/airflow/.local/lib/python3.7/site-packages/airflow/example_dags/example_xcom.py
[2022-09-07T07:58:36.057+0000] {processor.py:650} INFO - DAG(s) dict_keys(['example_xcom']) retrieved from /home/airflow/.local/lib/python3.7/site-packages/airflow/example_dags/example_xcom.py
[2022-09-07T07:58:36.079+0000] {logging_mixin.py:115} INFO - [2022-09-07T07:58:36.079+0000] {dag.py:2429} INFO - Sync 1 DAGs
[2022-09-07T07:58:36.097+0000] {logging_mixin.py:115} INFO - [2022-09-07T07:58:36.097+0000] {dag.py:2981} INFO - Setting next_dagrun for example_xcom to 2021-01-01T00:00:00+00:00, run_after=2021-01-01T00:00:00+00:00
[2022-09-07T07:58:36.117+0000] {processor.py:161} INFO - Processing /home/airflow/.local/lib/python3.7/site-packages/airflow/example_dags/example_xcom.py took 0.093 seconds
[2022-09-07T07:59:07.147+0000] {processor.py:153} INFO - Started process (PID=449) to work on /home/airflow/.local/lib/python3.7/site-packages/airflow/example_dags/example_xcom.py
[2022-09-07T07:59:07.150+0000] {processor.py:640} INFO - Processing file /home/airflow/.local/lib/python3.7/site-packages/airflow/example_dags/example_xcom.py for tasks to queue
[2022-09-07T07:59:07.151+0000] {logging_mixin.py:115} INFO - [2022-09-07T07:59:07.151+0000] {dagbag.py:508} INFO - Filling up the DagBag from /home/airflow/.local/lib/python3.7/site-packages/airflow/example_dags/example_xcom.py
[2022-09-07T07:59:07.167+0000] {processor.py:650} INFO - DAG(s) dict_keys(['example_xcom']) retrieved from /home/airflow/.local/lib/python3.7/site-packages/airflow/example_dags/example_xcom.py
[2022-09-07T07:59:07.187+0000] {logging_mixin.py:115} INFO - [2022-09-07T07:59:07.187+0000] {dag.py:2429} INFO - Sync 1 DAGs
[2022-09-07T07:59:07.202+0000] {logging_mixin.py:115} INFO - [2022-09-07T07:59:07.202+0000] {dag.py:2981} INFO - Setting next_dagrun for example_xcom to 2021-01-01T00:00:00+00:00, run_after=2021-01-01T00:00:00+00:00
[2022-09-07T07:59:07.212+0000] {processor.py:161} INFO - Processing /home/airflow/.local/lib/python3.7/site-packages/airflow/example_dags/example_xcom.py took 0.068 seconds
[2022-09-07T07:59:37.979+0000] {processor.py:153} INFO - Started process (PID=509) to work on /home/airflow/.local/lib/python3.7/site-packages/airflow/example_dags/example_xcom.py
[2022-09-07T07:59:37.984+0000] {processor.py:640} INFO - Processing file /home/airflow/.local/lib/python3.7/site-packages/airflow/example_dags/example_xcom.py for tasks to queue
[2022-09-07T07:59:37.987+0000] {logging_mixin.py:115} INFO - [2022-09-07T07:59:37.986+0000] {dagbag.py:508} INFO - Filling up the DagBag from /home/airflow/.local/lib/python3.7/site-packages/airflow/example_dags/example_xcom.py
[2022-09-07T07:59:38.004+0000] {processor.py:650} INFO - DAG(s) dict_keys(['example_xcom']) retrieved from /home/airflow/.local/lib/python3.7/site-packages/airflow/example_dags/example_xcom.py
[2022-09-07T07:59:38.023+0000] {logging_mixin.py:115} INFO - [2022-09-07T07:59:38.023+0000] {dag.py:2429} INFO - Sync 1 DAGs
[2022-09-07T07:59:38.037+0000] {logging_mixin.py:115} INFO - [2022-09-07T07:59:38.037+0000] {dag.py:2981} INFO - Setting next_dagrun for example_xcom to 2021-01-01T00:00:00+00:00, run_after=2021-01-01T00:00:00+00:00
[2022-09-07T07:59:38.048+0000] {processor.py:161} INFO - Processing /home/airflow/.local/lib/python3.7/site-packages/airflow/example_dags/example_xcom.py took 0.078 seconds
[2022-09-07T08:00:08.797+0000] {processor.py:153} INFO - Started process (PID=570) to work on /home/airflow/.local/lib/python3.7/site-packages/airflow/example_dags/example_xcom.py
[2022-09-07T08:00:08.800+0000] {processor.py:640} INFO - Processing file /home/airflow/.local/lib/python3.7/site-packages/airflow/example_dags/example_xcom.py for tasks to queue
[2022-09-07T08:00:08.802+0000] {logging_mixin.py:115} INFO - [2022-09-07T08:00:08.802+0000] {dagbag.py:508} INFO - Filling up the DagBag from /home/airflow/.local/lib/python3.7/site-packages/airflow/example_dags/example_xcom.py
[2022-09-07T08:00:08.820+0000] {processor.py:650} INFO - DAG(s) dict_keys(['example_xcom']) retrieved from /home/airflow/.local/lib/python3.7/site-packages/airflow/example_dags/example_xcom.py
[2022-09-07T08:00:08.840+0000] {logging_mixin.py:115} INFO - [2022-09-07T08:00:08.840+0000] {dag.py:2429} INFO - Sync 1 DAGs
[2022-09-07T08:00:08.857+0000] {logging_mixin.py:115} INFO - [2022-09-07T08:00:08.857+0000] {dag.py:2981} INFO - Setting next_dagrun for example_xcom to 2021-01-01T00:00:00+00:00, run_after=2021-01-01T00:00:00+00:00
[2022-09-07T08:00:08.875+0000] {processor.py:161} INFO - Processing /home/airflow/.local/lib/python3.7/site-packages/airflow/example_dags/example_xcom.py took 0.082 seconds
[2022-09-07T08:00:39.686+0000] {processor.py:153} INFO - Started process (PID=926) to work on /home/airflow/.local/lib/python3.7/site-packages/airflow/example_dags/example_xcom.py
[2022-09-07T08:00:39.689+0000] {processor.py:640} INFO - Processing file /home/airflow/.local/lib/python3.7/site-packages/airflow/example_dags/example_xcom.py for tasks to queue
[2022-09-07T08:00:39.691+0000] {logging_mixin.py:115} INFO - [2022-09-07T08:00:39.691+0000] {dagbag.py:508} INFO - Filling up the DagBag from /home/airflow/.local/lib/python3.7/site-packages/airflow/example_dags/example_xcom.py
[2022-09-07T08:00:39.704+0000] {processor.py:650} INFO - DAG(s) dict_keys(['example_xcom']) retrieved from /home/airflow/.local/lib/python3.7/site-packages/airflow/example_dags/example_xcom.py
[2022-09-07T08:00:39.766+0000] {logging_mixin.py:115} INFO - [2022-09-07T08:00:39.766+0000] {dag.py:2429} INFO - Sync 1 DAGs
[2022-09-07T08:00:39.789+0000] {logging_mixin.py:115} INFO - [2022-09-07T08:00:39.789+0000] {dag.py:2981} INFO - Setting next_dagrun for example_xcom to 2021-01-01T00:00:00+00:00, run_after=2021-01-01T00:00:00+00:00
[2022-09-07T08:00:39.810+0000] {processor.py:161} INFO - Processing /home/airflow/.local/lib/python3.7/site-packages/airflow/example_dags/example_xcom.py took 0.128 seconds
[2022-09-07T08:01:10.558+0000] {processor.py:153} INFO - Started process (PID=2068) to work on /home/airflow/.local/lib/python3.7/site-packages/airflow/example_dags/example_xcom.py
[2022-09-07T08:01:10.562+0000] {processor.py:640} INFO - Processing file /home/airflow/.local/lib/python3.7/site-packages/airflow/example_dags/example_xcom.py for tasks to queue
[2022-09-07T08:01:10.563+0000] {logging_mixin.py:115} INFO - [2022-09-07T08:01:10.563+0000] {dagbag.py:508} INFO - Filling up the DagBag from /home/airflow/.local/lib/python3.7/site-packages/airflow/example_dags/example_xcom.py
[2022-09-07T08:01:10.577+0000] {processor.py:650} INFO - DAG(s) dict_keys(['example_xcom']) retrieved from /home/airflow/.local/lib/python3.7/site-packages/airflow/example_dags/example_xcom.py
[2022-09-07T08:01:10.594+0000] {logging_mixin.py:115} INFO - [2022-09-07T08:01:10.594+0000] {dag.py:2429} INFO - Sync 1 DAGs
[2022-09-07T08:01:10.608+0000] {logging_mixin.py:115} INFO - [2022-09-07T08:01:10.608+0000] {dag.py:2981} INFO - Setting next_dagrun for example_xcom to 2021-01-01T00:00:00+00:00, run_after=2021-01-01T00:00:00+00:00
[2022-09-07T08:01:10.615+0000] {processor.py:161} INFO - Processing /home/airflow/.local/lib/python3.7/site-packages/airflow/example_dags/example_xcom.py took 0.060 seconds
[2022-09-07T08:01:41.369+0000] {processor.py:153} INFO - Started process (PID=2322) to work on /home/airflow/.local/lib/python3.7/site-packages/airflow/example_dags/example_xcom.py
[2022-09-07T08:01:41.371+0000] {processor.py:640} INFO - Processing file /home/airflow/.local/lib/python3.7/site-packages/airflow/example_dags/example_xcom.py for tasks to queue
[2022-09-07T08:01:41.374+0000] {logging_mixin.py:115} INFO - [2022-09-07T08:01:41.373+0000] {dagbag.py:508} INFO - Filling up the DagBag from /home/airflow/.local/lib/python3.7/site-packages/airflow/example_dags/example_xcom.py
[2022-09-07T08:01:41.385+0000] {processor.py:650} INFO - DAG(s) dict_keys(['example_xcom']) retrieved from /home/airflow/.local/lib/python3.7/site-packages/airflow/example_dags/example_xcom.py
[2022-09-07T08:01:41.401+0000] {logging_mixin.py:115} INFO - [2022-09-07T08:01:41.401+0000] {dag.py:2429} INFO - Sync 1 DAGs
[2022-09-07T08:01:41.416+0000] {logging_mixin.py:115} INFO - [2022-09-07T08:01:41.416+0000] {dag.py:2981} INFO - Setting next_dagrun for example_xcom to 2021-01-01T00:00:00+00:00, run_after=2021-01-01T00:00:00+00:00
[2022-09-07T08:01:41.427+0000] {processor.py:161} INFO - Processing /home/airflow/.local/lib/python3.7/site-packages/airflow/example_dags/example_xcom.py took 0.060 seconds
[2022-09-07T08:02:12.126+0000] {processor.py:153} INFO - Started process (PID=2384) to work on /home/airflow/.local/lib/python3.7/site-packages/airflow/example_dags/example_xcom.py
[2022-09-07T08:02:12.130+0000] {processor.py:640} INFO - Processing file /home/airflow/.local/lib/python3.7/site-packages/airflow/example_dags/example_xcom.py for tasks to queue
[2022-09-07T08:02:12.132+0000] {logging_mixin.py:115} INFO - [2022-09-07T08:02:12.132+0000] {dagbag.py:508} INFO - Filling up the DagBag from /home/airflow/.local/lib/python3.7/site-packages/airflow/example_dags/example_xcom.py
[2022-09-07T08:02:12.151+0000] {processor.py:650} INFO - DAG(s) dict_keys(['example_xcom']) retrieved from /home/airflow/.local/lib/python3.7/site-packages/airflow/example_dags/example_xcom.py
[2022-09-07T08:02:12.171+0000] {logging_mixin.py:115} INFO - [2022-09-07T08:02:12.171+0000] {dag.py:2429} INFO - Sync 1 DAGs
[2022-09-07T08:02:12.185+0000] {logging_mixin.py:115} INFO - [2022-09-07T08:02:12.185+0000] {dag.py:2981} INFO - Setting next_dagrun for example_xcom to 2021-01-01T00:00:00+00:00, run_after=2021-01-01T00:00:00+00:00
[2022-09-07T08:02:12.192+0000] {processor.py:161} INFO - Processing /home/airflow/.local/lib/python3.7/site-packages/airflow/example_dags/example_xcom.py took 0.072 seconds
[2022-09-07T08:02:42.950+0000] {processor.py:153} INFO - Started process (PID=2444) to work on /home/airflow/.local/lib/python3.7/site-packages/airflow/example_dags/example_xcom.py
[2022-09-07T08:02:42.954+0000] {processor.py:640} INFO - Processing file /home/airflow/.local/lib/python3.7/site-packages/airflow/example_dags/example_xcom.py for tasks to queue
[2022-09-07T08:02:42.956+0000] {logging_mixin.py:115} INFO - [2022-09-07T08:02:42.956+0000] {dagbag.py:508} INFO - Filling up the DagBag from /home/airflow/.local/lib/python3.7/site-packages/airflow/example_dags/example_xcom.py
[2022-09-07T08:02:42.976+0000] {processor.py:650} INFO - DAG(s) dict_keys(['example_xcom']) retrieved from /home/airflow/.local/lib/python3.7/site-packages/airflow/example_dags/example_xcom.py
[2022-09-07T08:02:42.995+0000] {logging_mixin.py:115} INFO - [2022-09-07T08:02:42.995+0000] {dag.py:2429} INFO - Sync 1 DAGs
[2022-09-07T08:02:43.009+0000] {logging_mixin.py:115} INFO - [2022-09-07T08:02:43.009+0000] {dag.py:2981} INFO - Setting next_dagrun for example_xcom to 2021-01-01T00:00:00+00:00, run_after=2021-01-01T00:00:00+00:00
[2022-09-07T08:02:43.016+0000] {processor.py:161} INFO - Processing /home/airflow/.local/lib/python3.7/site-packages/airflow/example_dags/example_xcom.py took 0.074 seconds
[2022-09-07T08:03:13.759+0000] {processor.py:153} INFO - Started process (PID=2504) to work on /home/airflow/.local/lib/python3.7/site-packages/airflow/example_dags/example_xcom.py
[2022-09-07T08:03:13.762+0000] {processor.py:640} INFO - Processing file /home/airflow/.local/lib/python3.7/site-packages/airflow/example_dags/example_xcom.py for tasks to queue
[2022-09-07T08:03:13.764+0000] {logging_mixin.py:115} INFO - [2022-09-07T08:03:13.764+0000] {dagbag.py:508} INFO - Filling up the DagBag from /home/airflow/.local/lib/python3.7/site-packages/airflow/example_dags/example_xcom.py
[2022-09-07T08:03:13.782+0000] {processor.py:650} INFO - DAG(s) dict_keys(['example_xcom']) retrieved from /home/airflow/.local/lib/python3.7/site-packages/airflow/example_dags/example_xcom.py
[2022-09-07T08:03:13.828+0000] {logging_mixin.py:115} INFO - [2022-09-07T08:03:13.827+0000] {dag.py:2429} INFO - Sync 1 DAGs
[2022-09-07T08:03:13.841+0000] {logging_mixin.py:115} INFO - [2022-09-07T08:03:13.841+0000] {dag.py:2981} INFO - Setting next_dagrun for example_xcom to 2021-01-01T00:00:00+00:00, run_after=2021-01-01T00:00:00+00:00
[2022-09-07T08:03:13.850+0000] {processor.py:161} INFO - Processing /home/airflow/.local/lib/python3.7/site-packages/airflow/example_dags/example_xcom.py took 0.095 seconds
[2022-09-07T08:03:44.512+0000] {processor.py:153} INFO - Started process (PID=2565) to work on /home/airflow/.local/lib/python3.7/site-packages/airflow/example_dags/example_xcom.py
[2022-09-07T08:03:44.514+0000] {processor.py:640} INFO - Processing file /home/airflow/.local/lib/python3.7/site-packages/airflow/example_dags/example_xcom.py for tasks to queue
[2022-09-07T08:03:44.517+0000] {logging_mixin.py:115} INFO - [2022-09-07T08:03:44.517+0000] {dagbag.py:508} INFO - Filling up the DagBag from /home/airflow/.local/lib/python3.7/site-packages/airflow/example_dags/example_xcom.py
[2022-09-07T08:03:44.538+0000] {processor.py:650} INFO - DAG(s) dict_keys(['example_xcom']) retrieved from /home/airflow/.local/lib/python3.7/site-packages/airflow/example_dags/example_xcom.py
[2022-09-07T08:03:44.610+0000] {logging_mixin.py:115} INFO - [2022-09-07T08:03:44.610+0000] {dag.py:2429} INFO - Sync 1 DAGs
[2022-09-07T08:03:44.631+0000] {logging_mixin.py:115} INFO - [2022-09-07T08:03:44.630+0000] {dag.py:2981} INFO - Setting next_dagrun for example_xcom to 2021-01-01T00:00:00+00:00, run_after=2021-01-01T00:00:00+00:00
[2022-09-07T08:03:44.645+0000] {processor.py:161} INFO - Processing /home/airflow/.local/lib/python3.7/site-packages/airflow/example_dags/example_xcom.py took 0.140 seconds
[2022-09-07T08:04:15.225+0000] {processor.py:153} INFO - Started process (PID=2617) to work on /home/airflow/.local/lib/python3.7/site-packages/airflow/example_dags/example_xcom.py
[2022-09-07T08:04:15.229+0000] {processor.py:640} INFO - Processing file /home/airflow/.local/lib/python3.7/site-packages/airflow/example_dags/example_xcom.py for tasks to queue
[2022-09-07T08:04:15.231+0000] {logging_mixin.py:115} INFO - [2022-09-07T08:04:15.231+0000] {dagbag.py:508} INFO - Filling up the DagBag from /home/airflow/.local/lib/python3.7/site-packages/airflow/example_dags/example_xcom.py
[2022-09-07T08:04:15.251+0000] {processor.py:650} INFO - DAG(s) dict_keys(['example_xcom']) retrieved from /home/airflow/.local/lib/python3.7/site-packages/airflow/example_dags/example_xcom.py
[2022-09-07T08:04:15.301+0000] {logging_mixin.py:115} INFO - [2022-09-07T08:04:15.301+0000] {dag.py:2429} INFO - Sync 1 DAGs
[2022-09-07T08:04:15.315+0000] {logging_mixin.py:115} INFO - [2022-09-07T08:04:15.315+0000] {dag.py:2981} INFO - Setting next_dagrun for example_xcom to 2021-01-01T00:00:00+00:00, run_after=2021-01-01T00:00:00+00:00
[2022-09-07T08:04:15.327+0000] {processor.py:161} INFO - Processing /home/airflow/.local/lib/python3.7/site-packages/airflow/example_dags/example_xcom.py took 0.106 seconds
[2022-09-07T16:20:32.835+0000] {processor.py:153} INFO - Started process (PID=33) to work on /home/airflow/.local/lib/python3.7/site-packages/airflow/example_dags/example_xcom.py
[2022-09-07T16:20:32.839+0000] {processor.py:640} INFO - Processing file /home/airflow/.local/lib/python3.7/site-packages/airflow/example_dags/example_xcom.py for tasks to queue
[2022-09-07T16:20:32.841+0000] {logging_mixin.py:115} INFO - [2022-09-07T16:20:32.841+0000] {dagbag.py:508} INFO - Filling up the DagBag from /home/airflow/.local/lib/python3.7/site-packages/airflow/example_dags/example_xcom.py
[2022-09-07T16:20:32.878+0000] {processor.py:650} INFO - DAG(s) dict_keys(['example_xcom']) retrieved from /home/airflow/.local/lib/python3.7/site-packages/airflow/example_dags/example_xcom.py
[2022-09-07T16:20:33.010+0000] {logging_mixin.py:115} INFO - [2022-09-07T16:20:33.010+0000] {dag.py:2429} INFO - Sync 1 DAGs
[2022-09-07T16:20:33.039+0000] {logging_mixin.py:115} INFO - [2022-09-07T16:20:33.038+0000] {dag.py:2981} INFO - Setting next_dagrun for example_xcom to 2021-01-01T00:00:00+00:00, run_after=2021-01-01T00:00:00+00:00
[2022-09-07T16:20:33.073+0000] {processor.py:161} INFO - Processing /home/airflow/.local/lib/python3.7/site-packages/airflow/example_dags/example_xcom.py took 0.249 seconds
[2022-09-07T16:21:00.821+0000] {processor.py:153} INFO - Started process (PID=50) to work on /home/airflow/.local/lib/python3.7/site-packages/airflow/example_dags/example_xcom.py
[2022-09-07T16:21:00.822+0000] {processor.py:640} INFO - Processing file /home/airflow/.local/lib/python3.7/site-packages/airflow/example_dags/example_xcom.py for tasks to queue
[2022-09-07T16:21:00.824+0000] {logging_mixin.py:115} INFO - [2022-09-07T16:21:00.823+0000] {dagbag.py:508} INFO - Filling up the DagBag from /home/airflow/.local/lib/python3.7/site-packages/airflow/example_dags/example_xcom.py
[2022-09-07T16:21:00.846+0000] {processor.py:650} INFO - DAG(s) dict_keys(['example_xcom']) retrieved from /home/airflow/.local/lib/python3.7/site-packages/airflow/example_dags/example_xcom.py
[2022-09-07T16:21:00.855+0000] {logging_mixin.py:115} INFO - [2022-09-07T16:21:00.855+0000] {dag.py:2429} INFO - Sync 1 DAGs
[2022-09-07T16:21:00.869+0000] {logging_mixin.py:115} INFO - [2022-09-07T16:21:00.869+0000] {dag.py:2981} INFO - Setting next_dagrun for example_xcom to 2021-01-01T00:00:00+00:00, run_after=2021-01-01T00:00:00+00:00
[2022-09-07T16:21:00.878+0000] {processor.py:161} INFO - Processing /home/airflow/.local/lib/python3.7/site-packages/airflow/example_dags/example_xcom.py took 0.059 seconds
[2022-09-07T16:21:31.570+0000] {processor.py:153} INFO - Started process (PID=110) to work on /home/airflow/.local/lib/python3.7/site-packages/airflow/example_dags/example_xcom.py
[2022-09-07T16:21:31.572+0000] {processor.py:640} INFO - Processing file /home/airflow/.local/lib/python3.7/site-packages/airflow/example_dags/example_xcom.py for tasks to queue
[2022-09-07T16:21:31.574+0000] {logging_mixin.py:115} INFO - [2022-09-07T16:21:31.573+0000] {dagbag.py:508} INFO - Filling up the DagBag from /home/airflow/.local/lib/python3.7/site-packages/airflow/example_dags/example_xcom.py
[2022-09-07T16:21:31.591+0000] {processor.py:650} INFO - DAG(s) dict_keys(['example_xcom']) retrieved from /home/airflow/.local/lib/python3.7/site-packages/airflow/example_dags/example_xcom.py
[2022-09-07T16:21:31.637+0000] {logging_mixin.py:115} INFO - [2022-09-07T16:21:31.637+0000] {dag.py:2429} INFO - Sync 1 DAGs
[2022-09-07T16:21:31.651+0000] {logging_mixin.py:115} INFO - [2022-09-07T16:21:31.651+0000] {dag.py:2981} INFO - Setting next_dagrun for example_xcom to 2021-01-01T00:00:00+00:00, run_after=2021-01-01T00:00:00+00:00
[2022-09-07T16:21:31.661+0000] {processor.py:161} INFO - Processing /home/airflow/.local/lib/python3.7/site-packages/airflow/example_dags/example_xcom.py took 0.094 seconds
[2022-09-07T16:22:02.228+0000] {processor.py:153} INFO - Started process (PID=558) to work on /home/airflow/.local/lib/python3.7/site-packages/airflow/example_dags/example_xcom.py
[2022-09-07T16:22:02.230+0000] {processor.py:640} INFO - Processing file /home/airflow/.local/lib/python3.7/site-packages/airflow/example_dags/example_xcom.py for tasks to queue
[2022-09-07T16:22:02.233+0000] {logging_mixin.py:115} INFO - [2022-09-07T16:22:02.232+0000] {dagbag.py:508} INFO - Filling up the DagBag from /home/airflow/.local/lib/python3.7/site-packages/airflow/example_dags/example_xcom.py
[2022-09-07T16:22:02.247+0000] {processor.py:650} INFO - DAG(s) dict_keys(['example_xcom']) retrieved from /home/airflow/.local/lib/python3.7/site-packages/airflow/example_dags/example_xcom.py
[2022-09-07T16:22:02.287+0000] {logging_mixin.py:115} INFO - [2022-09-07T16:22:02.287+0000] {dag.py:2429} INFO - Sync 1 DAGs
[2022-09-07T16:22:02.301+0000] {logging_mixin.py:115} INFO - [2022-09-07T16:22:02.301+0000] {dag.py:2981} INFO - Setting next_dagrun for example_xcom to 2021-01-01T00:00:00+00:00, run_after=2021-01-01T00:00:00+00:00
[2022-09-07T16:22:02.311+0000] {processor.py:161} INFO - Processing /home/airflow/.local/lib/python3.7/site-packages/airflow/example_dags/example_xcom.py took 0.092 seconds
[2022-09-07T16:22:32.402+0000] {processor.py:153} INFO - Started process (PID=1096) to work on /home/airflow/.local/lib/python3.7/site-packages/airflow/example_dags/example_xcom.py
[2022-09-07T16:22:32.403+0000] {processor.py:640} INFO - Processing file /home/airflow/.local/lib/python3.7/site-packages/airflow/example_dags/example_xcom.py for tasks to queue
[2022-09-07T16:22:32.404+0000] {logging_mixin.py:115} INFO - [2022-09-07T16:22:32.404+0000] {dagbag.py:508} INFO - Filling up the DagBag from /home/airflow/.local/lib/python3.7/site-packages/airflow/example_dags/example_xcom.py
[2022-09-07T16:22:32.417+0000] {processor.py:650} INFO - DAG(s) dict_keys(['example_xcom']) retrieved from /home/airflow/.local/lib/python3.7/site-packages/airflow/example_dags/example_xcom.py
[2022-09-07T16:22:32.460+0000] {logging_mixin.py:115} INFO - [2022-09-07T16:22:32.460+0000] {dag.py:2429} INFO - Sync 1 DAGs
[2022-09-07T16:22:32.477+0000] {logging_mixin.py:115} INFO - [2022-09-07T16:22:32.477+0000] {dag.py:2981} INFO - Setting next_dagrun for example_xcom to 2021-01-01T00:00:00+00:00, run_after=2021-01-01T00:00:00+00:00
[2022-09-07T16:22:32.491+0000] {processor.py:161} INFO - Processing /home/airflow/.local/lib/python3.7/site-packages/airflow/example_dags/example_xcom.py took 0.092 seconds
[2022-09-07T16:23:02.961+0000] {processor.py:153} INFO - Started process (PID=1793) to work on /home/airflow/.local/lib/python3.7/site-packages/airflow/example_dags/example_xcom.py
[2022-09-07T16:23:02.964+0000] {processor.py:640} INFO - Processing file /home/airflow/.local/lib/python3.7/site-packages/airflow/example_dags/example_xcom.py for tasks to queue
[2022-09-07T16:23:02.966+0000] {logging_mixin.py:115} INFO - [2022-09-07T16:23:02.966+0000] {dagbag.py:508} INFO - Filling up the DagBag from /home/airflow/.local/lib/python3.7/site-packages/airflow/example_dags/example_xcom.py
[2022-09-07T16:23:02.978+0000] {processor.py:650} INFO - DAG(s) dict_keys(['example_xcom']) retrieved from /home/airflow/.local/lib/python3.7/site-packages/airflow/example_dags/example_xcom.py
[2022-09-07T16:23:02.996+0000] {logging_mixin.py:115} INFO - [2022-09-07T16:23:02.995+0000] {dag.py:2429} INFO - Sync 1 DAGs
[2022-09-07T16:23:03.009+0000] {logging_mixin.py:115} INFO - [2022-09-07T16:23:03.009+0000] {dag.py:2981} INFO - Setting next_dagrun for example_xcom to 2021-01-01T00:00:00+00:00, run_after=2021-01-01T00:00:00+00:00
[2022-09-07T16:23:03.026+0000] {processor.py:161} INFO - Processing /home/airflow/.local/lib/python3.7/site-packages/airflow/example_dags/example_xcom.py took 0.067 seconds
[2022-09-07T16:23:33.870+0000] {processor.py:153} INFO - Started process (PID=2155) to work on /home/airflow/.local/lib/python3.7/site-packages/airflow/example_dags/example_xcom.py
[2022-09-07T16:23:33.899+0000] {processor.py:640} INFO - Processing file /home/airflow/.local/lib/python3.7/site-packages/airflow/example_dags/example_xcom.py for tasks to queue
[2022-09-07T16:23:33.901+0000] {logging_mixin.py:115} INFO - [2022-09-07T16:23:33.901+0000] {dagbag.py:508} INFO - Filling up the DagBag from /home/airflow/.local/lib/python3.7/site-packages/airflow/example_dags/example_xcom.py
[2022-09-07T16:23:33.913+0000] {processor.py:650} INFO - DAG(s) dict_keys(['example_xcom']) retrieved from /home/airflow/.local/lib/python3.7/site-packages/airflow/example_dags/example_xcom.py
[2022-09-07T16:23:33.954+0000] {logging_mixin.py:115} INFO - [2022-09-07T16:23:33.954+0000] {dag.py:2429} INFO - Sync 1 DAGs
[2022-09-07T16:23:33.972+0000] {logging_mixin.py:115} INFO - [2022-09-07T16:23:33.972+0000] {dag.py:2981} INFO - Setting next_dagrun for example_xcom to 2021-01-01T00:00:00+00:00, run_after=2021-01-01T00:00:00+00:00
[2022-09-07T16:23:33.981+0000] {processor.py:161} INFO - Processing /home/airflow/.local/lib/python3.7/site-packages/airflow/example_dags/example_xcom.py took 0.115 seconds
[2022-09-07T16:24:04.569+0000] {processor.py:153} INFO - Started process (PID=2539) to work on /home/airflow/.local/lib/python3.7/site-packages/airflow/example_dags/example_xcom.py
[2022-09-07T16:24:04.575+0000] {processor.py:640} INFO - Processing file /home/airflow/.local/lib/python3.7/site-packages/airflow/example_dags/example_xcom.py for tasks to queue
[2022-09-07T16:24:04.577+0000] {logging_mixin.py:115} INFO - [2022-09-07T16:24:04.577+0000] {dagbag.py:508} INFO - Filling up the DagBag from /home/airflow/.local/lib/python3.7/site-packages/airflow/example_dags/example_xcom.py
[2022-09-07T16:24:04.593+0000] {processor.py:650} INFO - DAG(s) dict_keys(['example_xcom']) retrieved from /home/airflow/.local/lib/python3.7/site-packages/airflow/example_dags/example_xcom.py
[2022-09-07T16:24:04.632+0000] {logging_mixin.py:115} INFO - [2022-09-07T16:24:04.632+0000] {dag.py:2429} INFO - Sync 1 DAGs
[2022-09-07T16:24:04.649+0000] {logging_mixin.py:115} INFO - [2022-09-07T16:24:04.649+0000] {dag.py:2981} INFO - Setting next_dagrun for example_xcom to 2021-01-01T00:00:00+00:00, run_after=2021-01-01T00:00:00+00:00
[2022-09-07T16:24:04.657+0000] {processor.py:161} INFO - Processing /home/airflow/.local/lib/python3.7/site-packages/airflow/example_dags/example_xcom.py took 0.093 seconds
[2022-09-07T16:24:35.131+0000] {processor.py:153} INFO - Started process (PID=2899) to work on /home/airflow/.local/lib/python3.7/site-packages/airflow/example_dags/example_xcom.py
[2022-09-07T16:24:35.145+0000] {processor.py:640} INFO - Processing file /home/airflow/.local/lib/python3.7/site-packages/airflow/example_dags/example_xcom.py for tasks to queue
[2022-09-07T16:24:35.147+0000] {logging_mixin.py:115} INFO - [2022-09-07T16:24:35.147+0000] {dagbag.py:508} INFO - Filling up the DagBag from /home/airflow/.local/lib/python3.7/site-packages/airflow/example_dags/example_xcom.py
[2022-09-07T16:24:35.160+0000] {processor.py:650} INFO - DAG(s) dict_keys(['example_xcom']) retrieved from /home/airflow/.local/lib/python3.7/site-packages/airflow/example_dags/example_xcom.py
[2022-09-07T16:24:35.208+0000] {logging_mixin.py:115} INFO - [2022-09-07T16:24:35.208+0000] {dag.py:2429} INFO - Sync 1 DAGs
[2022-09-07T16:24:35.224+0000] {logging_mixin.py:115} INFO - [2022-09-07T16:24:35.223+0000] {dag.py:2981} INFO - Setting next_dagrun for example_xcom to 2021-01-01T00:00:00+00:00, run_after=2021-01-01T00:00:00+00:00
[2022-09-07T16:24:35.239+0000] {processor.py:161} INFO - Processing /home/airflow/.local/lib/python3.7/site-packages/airflow/example_dags/example_xcom.py took 0.112 seconds
[2022-09-07T16:25:05.839+0000] {processor.py:153} INFO - Started process (PID=3234) to work on /home/airflow/.local/lib/python3.7/site-packages/airflow/example_dags/example_xcom.py
[2022-09-07T16:25:05.842+0000] {processor.py:640} INFO - Processing file /home/airflow/.local/lib/python3.7/site-packages/airflow/example_dags/example_xcom.py for tasks to queue
[2022-09-07T16:25:05.843+0000] {logging_mixin.py:115} INFO - [2022-09-07T16:25:05.843+0000] {dagbag.py:508} INFO - Filling up the DagBag from /home/airflow/.local/lib/python3.7/site-packages/airflow/example_dags/example_xcom.py
[2022-09-07T16:25:05.859+0000] {processor.py:650} INFO - DAG(s) dict_keys(['example_xcom']) retrieved from /home/airflow/.local/lib/python3.7/site-packages/airflow/example_dags/example_xcom.py
[2022-09-07T16:25:05.965+0000] {logging_mixin.py:115} INFO - [2022-09-07T16:25:05.965+0000] {dag.py:2429} INFO - Sync 1 DAGs
[2022-09-07T16:25:06.012+0000] {logging_mixin.py:115} INFO - [2022-09-07T16:25:06.012+0000] {dag.py:2981} INFO - Setting next_dagrun for example_xcom to 2021-01-01T00:00:00+00:00, run_after=2021-01-01T00:00:00+00:00
[2022-09-07T16:25:06.034+0000] {processor.py:161} INFO - Processing /home/airflow/.local/lib/python3.7/site-packages/airflow/example_dags/example_xcom.py took 0.199 seconds
[2022-09-07T16:25:36.317+0000] {processor.py:153} INFO - Started process (PID=3295) to work on /home/airflow/.local/lib/python3.7/site-packages/airflow/example_dags/example_xcom.py
[2022-09-07T16:25:36.319+0000] {processor.py:640} INFO - Processing file /home/airflow/.local/lib/python3.7/site-packages/airflow/example_dags/example_xcom.py for tasks to queue
[2022-09-07T16:25:36.321+0000] {logging_mixin.py:115} INFO - [2022-09-07T16:25:36.321+0000] {dagbag.py:508} INFO - Filling up the DagBag from /home/airflow/.local/lib/python3.7/site-packages/airflow/example_dags/example_xcom.py
[2022-09-07T16:25:36.337+0000] {processor.py:650} INFO - DAG(s) dict_keys(['example_xcom']) retrieved from /home/airflow/.local/lib/python3.7/site-packages/airflow/example_dags/example_xcom.py
[2022-09-07T16:25:36.387+0000] {logging_mixin.py:115} INFO - [2022-09-07T16:25:36.387+0000] {dag.py:2429} INFO - Sync 1 DAGs
[2022-09-07T16:25:36.400+0000] {logging_mixin.py:115} INFO - [2022-09-07T16:25:36.400+0000] {dag.py:2981} INFO - Setting next_dagrun for example_xcom to 2021-01-01T00:00:00+00:00, run_after=2021-01-01T00:00:00+00:00
[2022-09-07T16:25:36.412+0000] {processor.py:161} INFO - Processing /home/airflow/.local/lib/python3.7/site-packages/airflow/example_dags/example_xcom.py took 0.099 seconds
[2022-09-07T16:26:06.459+0000] {processor.py:153} INFO - Started process (PID=3348) to work on /home/airflow/.local/lib/python3.7/site-packages/airflow/example_dags/example_xcom.py
[2022-09-07T16:26:06.461+0000] {processor.py:640} INFO - Processing file /home/airflow/.local/lib/python3.7/site-packages/airflow/example_dags/example_xcom.py for tasks to queue
[2022-09-07T16:26:06.462+0000] {logging_mixin.py:115} INFO - [2022-09-07T16:26:06.462+0000] {dagbag.py:508} INFO - Filling up the DagBag from /home/airflow/.local/lib/python3.7/site-packages/airflow/example_dags/example_xcom.py
[2022-09-07T16:26:06.477+0000] {processor.py:650} INFO - DAG(s) dict_keys(['example_xcom']) retrieved from /home/airflow/.local/lib/python3.7/site-packages/airflow/example_dags/example_xcom.py
[2022-09-07T16:26:06.498+0000] {logging_mixin.py:115} INFO - [2022-09-07T16:26:06.498+0000] {dag.py:2429} INFO - Sync 1 DAGs
[2022-09-07T16:26:06.517+0000] {logging_mixin.py:115} INFO - [2022-09-07T16:26:06.517+0000] {dag.py:2981} INFO - Setting next_dagrun for example_xcom to 2021-01-01T00:00:00+00:00, run_after=2021-01-01T00:00:00+00:00
[2022-09-07T16:26:06.527+0000] {processor.py:161} INFO - Processing /home/airflow/.local/lib/python3.7/site-packages/airflow/example_dags/example_xcom.py took 0.075 seconds
[2022-09-07T16:26:36.656+0000] {processor.py:153} INFO - Started process (PID=3409) to work on /home/airflow/.local/lib/python3.7/site-packages/airflow/example_dags/example_xcom.py
[2022-09-07T16:26:36.658+0000] {processor.py:640} INFO - Processing file /home/airflow/.local/lib/python3.7/site-packages/airflow/example_dags/example_xcom.py for tasks to queue
[2022-09-07T16:26:36.659+0000] {logging_mixin.py:115} INFO - [2022-09-07T16:26:36.659+0000] {dagbag.py:508} INFO - Filling up the DagBag from /home/airflow/.local/lib/python3.7/site-packages/airflow/example_dags/example_xcom.py
[2022-09-07T16:26:36.673+0000] {processor.py:650} INFO - DAG(s) dict_keys(['example_xcom']) retrieved from /home/airflow/.local/lib/python3.7/site-packages/airflow/example_dags/example_xcom.py
[2022-09-07T16:26:36.719+0000] {logging_mixin.py:115} INFO - [2022-09-07T16:26:36.719+0000] {dag.py:2429} INFO - Sync 1 DAGs
[2022-09-07T16:26:36.734+0000] {logging_mixin.py:115} INFO - [2022-09-07T16:26:36.734+0000] {dag.py:2981} INFO - Setting next_dagrun for example_xcom to 2021-01-01T00:00:00+00:00, run_after=2021-01-01T00:00:00+00:00
[2022-09-07T16:26:36.754+0000] {processor.py:161} INFO - Processing /home/airflow/.local/lib/python3.7/site-packages/airflow/example_dags/example_xcom.py took 0.101 seconds
[2022-09-07T16:27:07.250+0000] {processor.py:153} INFO - Started process (PID=3470) to work on /home/airflow/.local/lib/python3.7/site-packages/airflow/example_dags/example_xcom.py
[2022-09-07T16:27:07.252+0000] {processor.py:640} INFO - Processing file /home/airflow/.local/lib/python3.7/site-packages/airflow/example_dags/example_xcom.py for tasks to queue
[2022-09-07T16:27:07.254+0000] {logging_mixin.py:115} INFO - [2022-09-07T16:27:07.254+0000] {dagbag.py:508} INFO - Filling up the DagBag from /home/airflow/.local/lib/python3.7/site-packages/airflow/example_dags/example_xcom.py
[2022-09-07T16:27:07.270+0000] {processor.py:650} INFO - DAG(s) dict_keys(['example_xcom']) retrieved from /home/airflow/.local/lib/python3.7/site-packages/airflow/example_dags/example_xcom.py
[2022-09-07T16:27:07.316+0000] {logging_mixin.py:115} INFO - [2022-09-07T16:27:07.316+0000] {dag.py:2429} INFO - Sync 1 DAGs
[2022-09-07T16:27:07.331+0000] {logging_mixin.py:115} INFO - [2022-09-07T16:27:07.331+0000] {dag.py:2981} INFO - Setting next_dagrun for example_xcom to 2021-01-01T00:00:00+00:00, run_after=2021-01-01T00:00:00+00:00
[2022-09-07T16:27:07.344+0000] {processor.py:161} INFO - Processing /home/airflow/.local/lib/python3.7/site-packages/airflow/example_dags/example_xcom.py took 0.097 seconds
[2022-09-07T16:27:37.992+0000] {processor.py:153} INFO - Started process (PID=3532) to work on /home/airflow/.local/lib/python3.7/site-packages/airflow/example_dags/example_xcom.py
[2022-09-07T16:27:37.994+0000] {processor.py:640} INFO - Processing file /home/airflow/.local/lib/python3.7/site-packages/airflow/example_dags/example_xcom.py for tasks to queue
[2022-09-07T16:27:37.995+0000] {logging_mixin.py:115} INFO - [2022-09-07T16:27:37.995+0000] {dagbag.py:508} INFO - Filling up the DagBag from /home/airflow/.local/lib/python3.7/site-packages/airflow/example_dags/example_xcom.py
[2022-09-07T16:27:38.010+0000] {processor.py:650} INFO - DAG(s) dict_keys(['example_xcom']) retrieved from /home/airflow/.local/lib/python3.7/site-packages/airflow/example_dags/example_xcom.py
[2022-09-07T16:27:38.061+0000] {logging_mixin.py:115} INFO - [2022-09-07T16:27:38.061+0000] {dag.py:2429} INFO - Sync 1 DAGs
[2022-09-07T16:27:38.075+0000] {logging_mixin.py:115} INFO - [2022-09-07T16:27:38.075+0000] {dag.py:2981} INFO - Setting next_dagrun for example_xcom to 2021-01-01T00:00:00+00:00, run_after=2021-01-01T00:00:00+00:00
[2022-09-07T16:27:38.087+0000] {processor.py:161} INFO - Processing /home/airflow/.local/lib/python3.7/site-packages/airflow/example_dags/example_xcom.py took 0.101 seconds
[2022-09-07T16:28:08.777+0000] {processor.py:153} INFO - Started process (PID=3593) to work on /home/airflow/.local/lib/python3.7/site-packages/airflow/example_dags/example_xcom.py
[2022-09-07T16:28:08.780+0000] {processor.py:640} INFO - Processing file /home/airflow/.local/lib/python3.7/site-packages/airflow/example_dags/example_xcom.py for tasks to queue
[2022-09-07T16:28:08.781+0000] {logging_mixin.py:115} INFO - [2022-09-07T16:28:08.781+0000] {dagbag.py:508} INFO - Filling up the DagBag from /home/airflow/.local/lib/python3.7/site-packages/airflow/example_dags/example_xcom.py
[2022-09-07T16:28:08.799+0000] {processor.py:650} INFO - DAG(s) dict_keys(['example_xcom']) retrieved from /home/airflow/.local/lib/python3.7/site-packages/airflow/example_dags/example_xcom.py
[2022-09-07T16:28:08.847+0000] {logging_mixin.py:115} INFO - [2022-09-07T16:28:08.847+0000] {dag.py:2429} INFO - Sync 1 DAGs
[2022-09-07T16:28:08.866+0000] {logging_mixin.py:115} INFO - [2022-09-07T16:28:08.865+0000] {dag.py:2981} INFO - Setting next_dagrun for example_xcom to 2021-01-01T00:00:00+00:00, run_after=2021-01-01T00:00:00+00:00
[2022-09-07T16:28:08.913+0000] {processor.py:161} INFO - Processing /home/airflow/.local/lib/python3.7/site-packages/airflow/example_dags/example_xcom.py took 0.139 seconds
[2022-09-07T16:29:17.297+0000] {processor.py:153} INFO - Started process (PID=33) to work on /home/airflow/.local/lib/python3.7/site-packages/airflow/example_dags/example_xcom.py
[2022-09-07T16:29:17.299+0000] {processor.py:640} INFO - Processing file /home/airflow/.local/lib/python3.7/site-packages/airflow/example_dags/example_xcom.py for tasks to queue
[2022-09-07T16:29:17.301+0000] {logging_mixin.py:115} INFO - [2022-09-07T16:29:17.301+0000] {dagbag.py:508} INFO - Filling up the DagBag from /home/airflow/.local/lib/python3.7/site-packages/airflow/example_dags/example_xcom.py
[2022-09-07T16:29:17.344+0000] {processor.py:650} INFO - DAG(s) dict_keys(['example_xcom']) retrieved from /home/airflow/.local/lib/python3.7/site-packages/airflow/example_dags/example_xcom.py
[2022-09-07T16:29:17.410+0000] {logging_mixin.py:115} INFO - [2022-09-07T16:29:17.410+0000] {dag.py:2429} INFO - Sync 1 DAGs
[2022-09-07T16:29:17.430+0000] {logging_mixin.py:115} INFO - [2022-09-07T16:29:17.430+0000] {dag.py:2981} INFO - Setting next_dagrun for example_xcom to 2021-01-01T00:00:00+00:00, run_after=2021-01-01T00:00:00+00:00
[2022-09-07T16:29:17.446+0000] {processor.py:161} INFO - Processing /home/airflow/.local/lib/python3.7/site-packages/airflow/example_dags/example_xcom.py took 0.153 seconds
[2022-09-07T16:29:47.496+0000] {processor.py:153} INFO - Started process (PID=93) to work on /home/airflow/.local/lib/python3.7/site-packages/airflow/example_dags/example_xcom.py
[2022-09-07T16:29:47.498+0000] {processor.py:640} INFO - Processing file /home/airflow/.local/lib/python3.7/site-packages/airflow/example_dags/example_xcom.py for tasks to queue
[2022-09-07T16:29:47.499+0000] {logging_mixin.py:115} INFO - [2022-09-07T16:29:47.499+0000] {dagbag.py:508} INFO - Filling up the DagBag from /home/airflow/.local/lib/python3.7/site-packages/airflow/example_dags/example_xcom.py
[2022-09-07T16:29:47.520+0000] {processor.py:650} INFO - DAG(s) dict_keys(['example_xcom']) retrieved from /home/airflow/.local/lib/python3.7/site-packages/airflow/example_dags/example_xcom.py
[2022-09-07T16:29:47.601+0000] {logging_mixin.py:115} INFO - [2022-09-07T16:29:47.601+0000] {dag.py:2429} INFO - Sync 1 DAGs
[2022-09-07T16:29:47.618+0000] {logging_mixin.py:115} INFO - [2022-09-07T16:29:47.617+0000] {dag.py:2981} INFO - Setting next_dagrun for example_xcom to 2021-01-01T00:00:00+00:00, run_after=2021-01-01T00:00:00+00:00
[2022-09-07T16:29:47.631+0000] {processor.py:161} INFO - Processing /home/airflow/.local/lib/python3.7/site-packages/airflow/example_dags/example_xcom.py took 0.142 seconds
[2022-09-07T16:30:17.725+0000] {processor.py:153} INFO - Started process (PID=153) to work on /home/airflow/.local/lib/python3.7/site-packages/airflow/example_dags/example_xcom.py
[2022-09-07T16:30:17.727+0000] {processor.py:640} INFO - Processing file /home/airflow/.local/lib/python3.7/site-packages/airflow/example_dags/example_xcom.py for tasks to queue
[2022-09-07T16:30:17.729+0000] {logging_mixin.py:115} INFO - [2022-09-07T16:30:17.729+0000] {dagbag.py:508} INFO - Filling up the DagBag from /home/airflow/.local/lib/python3.7/site-packages/airflow/example_dags/example_xcom.py
[2022-09-07T16:30:17.742+0000] {processor.py:650} INFO - DAG(s) dict_keys(['example_xcom']) retrieved from /home/airflow/.local/lib/python3.7/site-packages/airflow/example_dags/example_xcom.py
[2022-09-07T16:30:17.787+0000] {logging_mixin.py:115} INFO - [2022-09-07T16:30:17.786+0000] {dag.py:2429} INFO - Sync 1 DAGs
[2022-09-07T16:30:17.799+0000] {logging_mixin.py:115} INFO - [2022-09-07T16:30:17.799+0000] {dag.py:2981} INFO - Setting next_dagrun for example_xcom to 2021-01-01T00:00:00+00:00, run_after=2021-01-01T00:00:00+00:00
[2022-09-07T16:30:17.810+0000] {processor.py:161} INFO - Processing /home/airflow/.local/lib/python3.7/site-packages/airflow/example_dags/example_xcom.py took 0.088 seconds
[2022-09-07T16:30:47.866+0000] {processor.py:153} INFO - Started process (PID=214) to work on /home/airflow/.local/lib/python3.7/site-packages/airflow/example_dags/example_xcom.py
[2022-09-07T16:30:47.869+0000] {processor.py:640} INFO - Processing file /home/airflow/.local/lib/python3.7/site-packages/airflow/example_dags/example_xcom.py for tasks to queue
[2022-09-07T16:30:47.870+0000] {logging_mixin.py:115} INFO - [2022-09-07T16:30:47.870+0000] {dagbag.py:508} INFO - Filling up the DagBag from /home/airflow/.local/lib/python3.7/site-packages/airflow/example_dags/example_xcom.py
[2022-09-07T16:30:47.882+0000] {processor.py:650} INFO - DAG(s) dict_keys(['example_xcom']) retrieved from /home/airflow/.local/lib/python3.7/site-packages/airflow/example_dags/example_xcom.py
[2022-09-07T16:30:47.922+0000] {logging_mixin.py:115} INFO - [2022-09-07T16:30:47.922+0000] {dag.py:2429} INFO - Sync 1 DAGs
[2022-09-07T16:30:47.935+0000] {logging_mixin.py:115} INFO - [2022-09-07T16:30:47.935+0000] {dag.py:2981} INFO - Setting next_dagrun for example_xcom to 2021-01-01T00:00:00+00:00, run_after=2021-01-01T00:00:00+00:00
[2022-09-07T16:30:47.946+0000] {processor.py:161} INFO - Processing /home/airflow/.local/lib/python3.7/site-packages/airflow/example_dags/example_xcom.py took 0.083 seconds
[2022-09-07T16:31:18.634+0000] {processor.py:153} INFO - Started process (PID=266) to work on /home/airflow/.local/lib/python3.7/site-packages/airflow/example_dags/example_xcom.py
[2022-09-07T16:31:18.635+0000] {processor.py:640} INFO - Processing file /home/airflow/.local/lib/python3.7/site-packages/airflow/example_dags/example_xcom.py for tasks to queue
[2022-09-07T16:31:18.636+0000] {logging_mixin.py:115} INFO - [2022-09-07T16:31:18.636+0000] {dagbag.py:508} INFO - Filling up the DagBag from /home/airflow/.local/lib/python3.7/site-packages/airflow/example_dags/example_xcom.py
[2022-09-07T16:31:18.648+0000] {processor.py:650} INFO - DAG(s) dict_keys(['example_xcom']) retrieved from /home/airflow/.local/lib/python3.7/site-packages/airflow/example_dags/example_xcom.py
[2022-09-07T16:31:18.689+0000] {logging_mixin.py:115} INFO - [2022-09-07T16:31:18.689+0000] {dag.py:2429} INFO - Sync 1 DAGs
[2022-09-07T16:31:18.703+0000] {logging_mixin.py:115} INFO - [2022-09-07T16:31:18.703+0000] {dag.py:2981} INFO - Setting next_dagrun for example_xcom to 2021-01-01T00:00:00+00:00, run_after=2021-01-01T00:00:00+00:00
[2022-09-07T16:31:18.715+0000] {processor.py:161} INFO - Processing /home/airflow/.local/lib/python3.7/site-packages/airflow/example_dags/example_xcom.py took 0.084 seconds
[2022-09-07T17:23:37.093+0000] {processor.py:153} INFO - Started process (PID=33) to work on /home/airflow/.local/lib/python3.7/site-packages/airflow/example_dags/example_xcom.py
[2022-09-07T17:23:37.096+0000] {processor.py:640} INFO - Processing file /home/airflow/.local/lib/python3.7/site-packages/airflow/example_dags/example_xcom.py for tasks to queue
[2022-09-07T17:23:37.099+0000] {logging_mixin.py:115} INFO - [2022-09-07T17:23:37.099+0000] {dagbag.py:508} INFO - Filling up the DagBag from /home/airflow/.local/lib/python3.7/site-packages/airflow/example_dags/example_xcom.py
[2022-09-07T17:23:37.172+0000] {processor.py:650} INFO - DAG(s) dict_keys(['example_xcom']) retrieved from /home/airflow/.local/lib/python3.7/site-packages/airflow/example_dags/example_xcom.py
[2022-09-07T17:23:37.259+0000] {logging_mixin.py:115} INFO - [2022-09-07T17:23:37.259+0000] {dag.py:2429} INFO - Sync 1 DAGs
[2022-09-07T17:23:37.276+0000] {logging_mixin.py:115} INFO - [2022-09-07T17:23:37.276+0000] {dag.py:2981} INFO - Setting next_dagrun for example_xcom to 2021-01-01T00:00:00+00:00, run_after=2021-01-01T00:00:00+00:00
[2022-09-07T17:23:37.305+0000] {processor.py:161} INFO - Processing /home/airflow/.local/lib/python3.7/site-packages/airflow/example_dags/example_xcom.py took 0.215 seconds
[2022-09-07T17:24:07.926+0000] {processor.py:153} INFO - Started process (PID=92) to work on /home/airflow/.local/lib/python3.7/site-packages/airflow/example_dags/example_xcom.py
[2022-09-07T17:24:07.928+0000] {processor.py:640} INFO - Processing file /home/airflow/.local/lib/python3.7/site-packages/airflow/example_dags/example_xcom.py for tasks to queue
[2022-09-07T17:24:07.930+0000] {logging_mixin.py:115} INFO - [2022-09-07T17:24:07.930+0000] {dagbag.py:508} INFO - Filling up the DagBag from /home/airflow/.local/lib/python3.7/site-packages/airflow/example_dags/example_xcom.py
[2022-09-07T17:24:07.952+0000] {processor.py:650} INFO - DAG(s) dict_keys(['example_xcom']) retrieved from /home/airflow/.local/lib/python3.7/site-packages/airflow/example_dags/example_xcom.py
[2022-09-07T17:24:08.006+0000] {logging_mixin.py:115} INFO - [2022-09-07T17:24:08.006+0000] {dag.py:2429} INFO - Sync 1 DAGs
[2022-09-07T17:24:08.025+0000] {logging_mixin.py:115} INFO - [2022-09-07T17:24:08.025+0000] {dag.py:2981} INFO - Setting next_dagrun for example_xcom to 2021-01-01T00:00:00+00:00, run_after=2021-01-01T00:00:00+00:00
[2022-09-07T17:24:08.035+0000] {processor.py:161} INFO - Processing /home/airflow/.local/lib/python3.7/site-packages/airflow/example_dags/example_xcom.py took 0.113 seconds
[2022-09-07T17:24:38.879+0000] {processor.py:153} INFO - Started process (PID=152) to work on /home/airflow/.local/lib/python3.7/site-packages/airflow/example_dags/example_xcom.py
[2022-09-07T17:24:38.882+0000] {processor.py:640} INFO - Processing file /home/airflow/.local/lib/python3.7/site-packages/airflow/example_dags/example_xcom.py for tasks to queue
[2022-09-07T17:24:38.883+0000] {logging_mixin.py:115} INFO - [2022-09-07T17:24:38.883+0000] {dagbag.py:508} INFO - Filling up the DagBag from /home/airflow/.local/lib/python3.7/site-packages/airflow/example_dags/example_xcom.py
[2022-09-07T17:24:38.907+0000] {processor.py:650} INFO - DAG(s) dict_keys(['example_xcom']) retrieved from /home/airflow/.local/lib/python3.7/site-packages/airflow/example_dags/example_xcom.py
[2022-09-07T17:24:38.968+0000] {logging_mixin.py:115} INFO - [2022-09-07T17:24:38.968+0000] {dag.py:2429} INFO - Sync 1 DAGs
[2022-09-07T17:24:38.982+0000] {logging_mixin.py:115} INFO - [2022-09-07T17:24:38.982+0000] {dag.py:2981} INFO - Setting next_dagrun for example_xcom to 2021-01-01T00:00:00+00:00, run_after=2021-01-01T00:00:00+00:00
[2022-09-07T17:24:39.027+0000] {processor.py:161} INFO - Processing /home/airflow/.local/lib/python3.7/site-packages/airflow/example_dags/example_xcom.py took 0.151 seconds
