[2022-09-07T07:55:31.935+0000] {processor.py:153} INFO - Started process (PID=39) to work on /home/airflow/.local/lib/python3.7/site-packages/airflow/example_dags/example_skip_dag.py
[2022-09-07T07:55:31.937+0000] {processor.py:640} INFO - Processing file /home/airflow/.local/lib/python3.7/site-packages/airflow/example_dags/example_skip_dag.py for tasks to queue
[2022-09-07T07:55:31.939+0000] {logging_mixin.py:115} INFO - [2022-09-07T07:55:31.939+0000] {dagbag.py:508} INFO - Filling up the DagBag from /home/airflow/.local/lib/python3.7/site-packages/airflow/example_dags/example_skip_dag.py
[2022-09-07T07:55:31.945+0000] {processor.py:650} INFO - DAG(s) dict_keys(['example_skip_dag']) retrieved from /home/airflow/.local/lib/python3.7/site-packages/airflow/example_dags/example_skip_dag.py
[2022-09-07T07:55:32.017+0000] {logging_mixin.py:115} INFO - [2022-09-07T07:55:32.017+0000] {manager.py:508} INFO - Created Permission View: can delete on DAG:example_skip_dag
[2022-09-07T07:55:32.034+0000] {logging_mixin.py:115} INFO - [2022-09-07T07:55:32.034+0000] {manager.py:508} INFO - Created Permission View: can read on DAG:example_skip_dag
[2022-09-07T07:55:32.057+0000] {logging_mixin.py:115} INFO - [2022-09-07T07:55:32.056+0000] {manager.py:508} INFO - Created Permission View: can edit on DAG:example_skip_dag
[2022-09-07T07:55:32.059+0000] {logging_mixin.py:115} INFO - [2022-09-07T07:55:32.058+0000] {dag.py:2429} INFO - Sync 1 DAGs
[2022-09-07T07:55:32.068+0000] {logging_mixin.py:115} INFO - [2022-09-07T07:55:32.068+0000] {dag.py:2448} INFO - Creating ORM DAG for example_skip_dag
[2022-09-07T07:55:32.083+0000] {logging_mixin.py:115} INFO - [2022-09-07T07:55:32.083+0000] {dag.py:2981} INFO - Setting next_dagrun for example_skip_dag to 2022-09-06T07:55:32.083505+00:00, run_after=2022-09-07T07:55:32.083505+00:00
[2022-09-07T07:55:32.115+0000] {processor.py:161} INFO - Processing /home/airflow/.local/lib/python3.7/site-packages/airflow/example_dags/example_skip_dag.py took 0.183 seconds
[2022-09-07T07:56:02.376+0000] {processor.py:153} INFO - Started process (PID=100) to work on /home/airflow/.local/lib/python3.7/site-packages/airflow/example_dags/example_skip_dag.py
[2022-09-07T07:56:02.377+0000] {processor.py:640} INFO - Processing file /home/airflow/.local/lib/python3.7/site-packages/airflow/example_dags/example_skip_dag.py for tasks to queue
[2022-09-07T07:56:02.378+0000] {logging_mixin.py:115} INFO - [2022-09-07T07:56:02.378+0000] {dagbag.py:508} INFO - Filling up the DagBag from /home/airflow/.local/lib/python3.7/site-packages/airflow/example_dags/example_skip_dag.py
[2022-09-07T07:56:02.382+0000] {processor.py:650} INFO - DAG(s) dict_keys(['example_skip_dag']) retrieved from /home/airflow/.local/lib/python3.7/site-packages/airflow/example_dags/example_skip_dag.py
[2022-09-07T07:56:02.400+0000] {logging_mixin.py:115} INFO - [2022-09-07T07:56:02.400+0000] {dag.py:2429} INFO - Sync 1 DAGs
[2022-09-07T07:56:02.414+0000] {logging_mixin.py:115} INFO - [2022-09-07T07:56:02.414+0000] {dag.py:2981} INFO - Setting next_dagrun for example_skip_dag to 2022-09-06T07:56:02.414307+00:00, run_after=2022-09-07T07:56:02.414307+00:00
[2022-09-07T07:56:02.422+0000] {processor.py:161} INFO - Processing /home/airflow/.local/lib/python3.7/site-packages/airflow/example_dags/example_skip_dag.py took 0.049 seconds
[2022-09-07T07:56:33.201+0000] {processor.py:153} INFO - Started process (PID=161) to work on /home/airflow/.local/lib/python3.7/site-packages/airflow/example_dags/example_skip_dag.py
[2022-09-07T07:56:33.203+0000] {processor.py:640} INFO - Processing file /home/airflow/.local/lib/python3.7/site-packages/airflow/example_dags/example_skip_dag.py for tasks to queue
[2022-09-07T07:56:33.204+0000] {logging_mixin.py:115} INFO - [2022-09-07T07:56:33.204+0000] {dagbag.py:508} INFO - Filling up the DagBag from /home/airflow/.local/lib/python3.7/site-packages/airflow/example_dags/example_skip_dag.py
[2022-09-07T07:56:33.208+0000] {processor.py:650} INFO - DAG(s) dict_keys(['example_skip_dag']) retrieved from /home/airflow/.local/lib/python3.7/site-packages/airflow/example_dags/example_skip_dag.py
[2022-09-07T07:56:33.228+0000] {logging_mixin.py:115} INFO - [2022-09-07T07:56:33.228+0000] {dag.py:2429} INFO - Sync 1 DAGs
[2022-09-07T07:56:33.241+0000] {logging_mixin.py:115} INFO - [2022-09-07T07:56:33.241+0000] {dag.py:2981} INFO - Setting next_dagrun for example_skip_dag to 2022-09-06T07:56:33.241191+00:00, run_after=2022-09-07T07:56:33.241191+00:00
[2022-09-07T07:56:33.249+0000] {processor.py:161} INFO - Processing /home/airflow/.local/lib/python3.7/site-packages/airflow/example_dags/example_skip_dag.py took 0.050 seconds
[2022-09-07T07:57:03.846+0000] {processor.py:153} INFO - Started process (PID=222) to work on /home/airflow/.local/lib/python3.7/site-packages/airflow/example_dags/example_skip_dag.py
[2022-09-07T07:57:03.847+0000] {processor.py:640} INFO - Processing file /home/airflow/.local/lib/python3.7/site-packages/airflow/example_dags/example_skip_dag.py for tasks to queue
[2022-09-07T07:57:03.848+0000] {logging_mixin.py:115} INFO - [2022-09-07T07:57:03.848+0000] {dagbag.py:508} INFO - Filling up the DagBag from /home/airflow/.local/lib/python3.7/site-packages/airflow/example_dags/example_skip_dag.py
[2022-09-07T07:57:03.852+0000] {processor.py:650} INFO - DAG(s) dict_keys(['example_skip_dag']) retrieved from /home/airflow/.local/lib/python3.7/site-packages/airflow/example_dags/example_skip_dag.py
[2022-09-07T07:57:03.870+0000] {logging_mixin.py:115} INFO - [2022-09-07T07:57:03.870+0000] {dag.py:2429} INFO - Sync 1 DAGs
[2022-09-07T07:57:03.883+0000] {logging_mixin.py:115} INFO - [2022-09-07T07:57:03.883+0000] {dag.py:2981} INFO - Setting next_dagrun for example_skip_dag to 2022-09-06T07:57:03.883456+00:00, run_after=2022-09-07T07:57:03.883456+00:00
[2022-09-07T07:57:03.891+0000] {processor.py:161} INFO - Processing /home/airflow/.local/lib/python3.7/site-packages/airflow/example_dags/example_skip_dag.py took 0.048 seconds
[2022-09-07T07:57:34.434+0000] {processor.py:153} INFO - Started process (PID=274) to work on /home/airflow/.local/lib/python3.7/site-packages/airflow/example_dags/example_skip_dag.py
[2022-09-07T07:57:34.435+0000] {processor.py:640} INFO - Processing file /home/airflow/.local/lib/python3.7/site-packages/airflow/example_dags/example_skip_dag.py for tasks to queue
[2022-09-07T07:57:34.437+0000] {logging_mixin.py:115} INFO - [2022-09-07T07:57:34.437+0000] {dagbag.py:508} INFO - Filling up the DagBag from /home/airflow/.local/lib/python3.7/site-packages/airflow/example_dags/example_skip_dag.py
[2022-09-07T07:57:34.441+0000] {processor.py:650} INFO - DAG(s) dict_keys(['example_skip_dag']) retrieved from /home/airflow/.local/lib/python3.7/site-packages/airflow/example_dags/example_skip_dag.py
[2022-09-07T07:57:34.460+0000] {logging_mixin.py:115} INFO - [2022-09-07T07:57:34.460+0000] {dag.py:2429} INFO - Sync 1 DAGs
[2022-09-07T07:57:34.477+0000] {logging_mixin.py:115} INFO - [2022-09-07T07:57:34.477+0000] {dag.py:2981} INFO - Setting next_dagrun for example_skip_dag to 2022-09-06T07:57:34.476823+00:00, run_after=2022-09-07T07:57:34.476823+00:00
[2022-09-07T07:57:34.485+0000] {processor.py:161} INFO - Processing /home/airflow/.local/lib/python3.7/site-packages/airflow/example_dags/example_skip_dag.py took 0.054 seconds
[2022-09-07T07:58:05.193+0000] {processor.py:153} INFO - Started process (PID=335) to work on /home/airflow/.local/lib/python3.7/site-packages/airflow/example_dags/example_skip_dag.py
[2022-09-07T07:58:05.195+0000] {processor.py:640} INFO - Processing file /home/airflow/.local/lib/python3.7/site-packages/airflow/example_dags/example_skip_dag.py for tasks to queue
[2022-09-07T07:58:05.196+0000] {logging_mixin.py:115} INFO - [2022-09-07T07:58:05.196+0000] {dagbag.py:508} INFO - Filling up the DagBag from /home/airflow/.local/lib/python3.7/site-packages/airflow/example_dags/example_skip_dag.py
[2022-09-07T07:58:05.199+0000] {processor.py:650} INFO - DAG(s) dict_keys(['example_skip_dag']) retrieved from /home/airflow/.local/lib/python3.7/site-packages/airflow/example_dags/example_skip_dag.py
[2022-09-07T07:58:05.220+0000] {logging_mixin.py:115} INFO - [2022-09-07T07:58:05.219+0000] {dag.py:2429} INFO - Sync 1 DAGs
[2022-09-07T07:58:05.244+0000] {logging_mixin.py:115} INFO - [2022-09-07T07:58:05.243+0000] {dag.py:2981} INFO - Setting next_dagrun for example_skip_dag to 2022-09-06T07:58:05.243716+00:00, run_after=2022-09-07T07:58:05.243716+00:00
[2022-09-07T07:58:05.252+0000] {processor.py:161} INFO - Processing /home/airflow/.local/lib/python3.7/site-packages/airflow/example_dags/example_skip_dag.py took 0.061 seconds
[2022-09-07T07:58:36.313+0000] {processor.py:153} INFO - Started process (PID=394) to work on /home/airflow/.local/lib/python3.7/site-packages/airflow/example_dags/example_skip_dag.py
[2022-09-07T07:58:36.315+0000] {processor.py:640} INFO - Processing file /home/airflow/.local/lib/python3.7/site-packages/airflow/example_dags/example_skip_dag.py for tasks to queue
[2022-09-07T07:58:36.316+0000] {logging_mixin.py:115} INFO - [2022-09-07T07:58:36.316+0000] {dagbag.py:508} INFO - Filling up the DagBag from /home/airflow/.local/lib/python3.7/site-packages/airflow/example_dags/example_skip_dag.py
[2022-09-07T07:58:36.321+0000] {processor.py:650} INFO - DAG(s) dict_keys(['example_skip_dag']) retrieved from /home/airflow/.local/lib/python3.7/site-packages/airflow/example_dags/example_skip_dag.py
[2022-09-07T07:58:36.343+0000] {logging_mixin.py:115} INFO - [2022-09-07T07:58:36.343+0000] {dag.py:2429} INFO - Sync 1 DAGs
[2022-09-07T07:58:36.356+0000] {logging_mixin.py:115} INFO - [2022-09-07T07:58:36.356+0000] {dag.py:2981} INFO - Setting next_dagrun for example_skip_dag to 2022-09-06T07:58:36.356389+00:00, run_after=2022-09-07T07:58:36.356389+00:00
[2022-09-07T07:58:36.365+0000] {processor.py:161} INFO - Processing /home/airflow/.local/lib/python3.7/site-packages/airflow/example_dags/example_skip_dag.py took 0.055 seconds
[2022-09-07T07:59:07.457+0000] {processor.py:153} INFO - Started process (PID=455) to work on /home/airflow/.local/lib/python3.7/site-packages/airflow/example_dags/example_skip_dag.py
[2022-09-07T07:59:07.459+0000] {processor.py:640} INFO - Processing file /home/airflow/.local/lib/python3.7/site-packages/airflow/example_dags/example_skip_dag.py for tasks to queue
[2022-09-07T07:59:07.461+0000] {logging_mixin.py:115} INFO - [2022-09-07T07:59:07.461+0000] {dagbag.py:508} INFO - Filling up the DagBag from /home/airflow/.local/lib/python3.7/site-packages/airflow/example_dags/example_skip_dag.py
[2022-09-07T07:59:07.466+0000] {processor.py:650} INFO - DAG(s) dict_keys(['example_skip_dag']) retrieved from /home/airflow/.local/lib/python3.7/site-packages/airflow/example_dags/example_skip_dag.py
[2022-09-07T07:59:07.484+0000] {logging_mixin.py:115} INFO - [2022-09-07T07:59:07.484+0000] {dag.py:2429} INFO - Sync 1 DAGs
[2022-09-07T07:59:07.498+0000] {logging_mixin.py:115} INFO - [2022-09-07T07:59:07.498+0000] {dag.py:2981} INFO - Setting next_dagrun for example_skip_dag to 2022-09-06T07:59:07.498592+00:00, run_after=2022-09-07T07:59:07.498592+00:00
[2022-09-07T07:59:07.507+0000] {processor.py:161} INFO - Processing /home/airflow/.local/lib/python3.7/site-packages/airflow/example_dags/example_skip_dag.py took 0.052 seconds
[2022-09-07T07:59:38.197+0000] {processor.py:153} INFO - Started process (PID=515) to work on /home/airflow/.local/lib/python3.7/site-packages/airflow/example_dags/example_skip_dag.py
[2022-09-07T07:59:38.198+0000] {processor.py:640} INFO - Processing file /home/airflow/.local/lib/python3.7/site-packages/airflow/example_dags/example_skip_dag.py for tasks to queue
[2022-09-07T07:59:38.200+0000] {logging_mixin.py:115} INFO - [2022-09-07T07:59:38.200+0000] {dagbag.py:508} INFO - Filling up the DagBag from /home/airflow/.local/lib/python3.7/site-packages/airflow/example_dags/example_skip_dag.py
[2022-09-07T07:59:38.203+0000] {processor.py:650} INFO - DAG(s) dict_keys(['example_skip_dag']) retrieved from /home/airflow/.local/lib/python3.7/site-packages/airflow/example_dags/example_skip_dag.py
[2022-09-07T07:59:38.221+0000] {logging_mixin.py:115} INFO - [2022-09-07T07:59:38.221+0000] {dag.py:2429} INFO - Sync 1 DAGs
[2022-09-07T07:59:38.236+0000] {logging_mixin.py:115} INFO - [2022-09-07T07:59:38.236+0000] {dag.py:2981} INFO - Setting next_dagrun for example_skip_dag to 2022-09-06T07:59:38.236191+00:00, run_after=2022-09-07T07:59:38.236191+00:00
[2022-09-07T07:59:38.245+0000] {processor.py:161} INFO - Processing /home/airflow/.local/lib/python3.7/site-packages/airflow/example_dags/example_skip_dag.py took 0.050 seconds
[2022-09-07T08:00:09.028+0000] {processor.py:153} INFO - Started process (PID=576) to work on /home/airflow/.local/lib/python3.7/site-packages/airflow/example_dags/example_skip_dag.py
[2022-09-07T08:00:09.030+0000] {processor.py:640} INFO - Processing file /home/airflow/.local/lib/python3.7/site-packages/airflow/example_dags/example_skip_dag.py for tasks to queue
[2022-09-07T08:00:09.033+0000] {logging_mixin.py:115} INFO - [2022-09-07T08:00:09.033+0000] {dagbag.py:508} INFO - Filling up the DagBag from /home/airflow/.local/lib/python3.7/site-packages/airflow/example_dags/example_skip_dag.py
[2022-09-07T08:00:09.037+0000] {processor.py:650} INFO - DAG(s) dict_keys(['example_skip_dag']) retrieved from /home/airflow/.local/lib/python3.7/site-packages/airflow/example_dags/example_skip_dag.py
[2022-09-07T08:00:09.057+0000] {logging_mixin.py:115} INFO - [2022-09-07T08:00:09.057+0000] {dag.py:2429} INFO - Sync 1 DAGs
[2022-09-07T08:00:09.072+0000] {logging_mixin.py:115} INFO - [2022-09-07T08:00:09.072+0000] {dag.py:2981} INFO - Setting next_dagrun for example_skip_dag to 2022-09-06T08:00:09.072511+00:00, run_after=2022-09-07T08:00:09.072511+00:00
[2022-09-07T08:00:09.082+0000] {processor.py:161} INFO - Processing /home/airflow/.local/lib/python3.7/site-packages/airflow/example_dags/example_skip_dag.py took 0.056 seconds
[2022-09-07T08:00:40.011+0000] {processor.py:153} INFO - Started process (PID=932) to work on /home/airflow/.local/lib/python3.7/site-packages/airflow/example_dags/example_skip_dag.py
[2022-09-07T08:00:40.015+0000] {processor.py:640} INFO - Processing file /home/airflow/.local/lib/python3.7/site-packages/airflow/example_dags/example_skip_dag.py for tasks to queue
[2022-09-07T08:00:40.018+0000] {logging_mixin.py:115} INFO - [2022-09-07T08:00:40.017+0000] {dagbag.py:508} INFO - Filling up the DagBag from /home/airflow/.local/lib/python3.7/site-packages/airflow/example_dags/example_skip_dag.py
[2022-09-07T08:00:40.027+0000] {processor.py:650} INFO - DAG(s) dict_keys(['example_skip_dag']) retrieved from /home/airflow/.local/lib/python3.7/site-packages/airflow/example_dags/example_skip_dag.py
[2022-09-07T08:00:40.060+0000] {logging_mixin.py:115} INFO - [2022-09-07T08:00:40.060+0000] {dag.py:2429} INFO - Sync 1 DAGs
[2022-09-07T08:00:40.079+0000] {logging_mixin.py:115} INFO - [2022-09-07T08:00:40.079+0000] {dag.py:2981} INFO - Setting next_dagrun for example_skip_dag to 2022-09-06T08:00:40.079479+00:00, run_after=2022-09-07T08:00:40.079479+00:00
[2022-09-07T08:00:40.091+0000] {processor.py:161} INFO - Processing /home/airflow/.local/lib/python3.7/site-packages/airflow/example_dags/example_skip_dag.py took 0.086 seconds
[2022-09-07T08:01:10.843+0000] {processor.py:153} INFO - Started process (PID=2081) to work on /home/airflow/.local/lib/python3.7/site-packages/airflow/example_dags/example_skip_dag.py
[2022-09-07T08:01:10.845+0000] {processor.py:640} INFO - Processing file /home/airflow/.local/lib/python3.7/site-packages/airflow/example_dags/example_skip_dag.py for tasks to queue
[2022-09-07T08:01:10.846+0000] {logging_mixin.py:115} INFO - [2022-09-07T08:01:10.846+0000] {dagbag.py:508} INFO - Filling up the DagBag from /home/airflow/.local/lib/python3.7/site-packages/airflow/example_dags/example_skip_dag.py
[2022-09-07T08:01:10.850+0000] {processor.py:650} INFO - DAG(s) dict_keys(['example_skip_dag']) retrieved from /home/airflow/.local/lib/python3.7/site-packages/airflow/example_dags/example_skip_dag.py
[2022-09-07T08:01:10.868+0000] {logging_mixin.py:115} INFO - [2022-09-07T08:01:10.868+0000] {dag.py:2429} INFO - Sync 1 DAGs
[2022-09-07T08:01:10.882+0000] {logging_mixin.py:115} INFO - [2022-09-07T08:01:10.882+0000] {dag.py:2981} INFO - Setting next_dagrun for example_skip_dag to 2022-09-06T08:01:10.882284+00:00, run_after=2022-09-07T08:01:10.882284+00:00
[2022-09-07T08:01:10.891+0000] {processor.py:161} INFO - Processing /home/airflow/.local/lib/python3.7/site-packages/airflow/example_dags/example_skip_dag.py took 0.051 seconds
[2022-09-07T08:01:41.580+0000] {processor.py:153} INFO - Started process (PID=2328) to work on /home/airflow/.local/lib/python3.7/site-packages/airflow/example_dags/example_skip_dag.py
[2022-09-07T08:01:41.581+0000] {processor.py:640} INFO - Processing file /home/airflow/.local/lib/python3.7/site-packages/airflow/example_dags/example_skip_dag.py for tasks to queue
[2022-09-07T08:01:41.582+0000] {logging_mixin.py:115} INFO - [2022-09-07T08:01:41.582+0000] {dagbag.py:508} INFO - Filling up the DagBag from /home/airflow/.local/lib/python3.7/site-packages/airflow/example_dags/example_skip_dag.py
[2022-09-07T08:01:41.587+0000] {processor.py:650} INFO - DAG(s) dict_keys(['example_skip_dag']) retrieved from /home/airflow/.local/lib/python3.7/site-packages/airflow/example_dags/example_skip_dag.py
[2022-09-07T08:01:41.606+0000] {logging_mixin.py:115} INFO - [2022-09-07T08:01:41.606+0000] {dag.py:2429} INFO - Sync 1 DAGs
[2022-09-07T08:01:41.621+0000] {logging_mixin.py:115} INFO - [2022-09-07T08:01:41.621+0000] {dag.py:2981} INFO - Setting next_dagrun for example_skip_dag to 2022-09-06T08:01:41.621266+00:00, run_after=2022-09-07T08:01:41.621266+00:00
[2022-09-07T08:01:41.629+0000] {processor.py:161} INFO - Processing /home/airflow/.local/lib/python3.7/site-packages/airflow/example_dags/example_skip_dag.py took 0.054 seconds
[2022-09-07T08:02:12.422+0000] {processor.py:153} INFO - Started process (PID=2390) to work on /home/airflow/.local/lib/python3.7/site-packages/airflow/example_dags/example_skip_dag.py
[2022-09-07T08:02:12.424+0000] {processor.py:640} INFO - Processing file /home/airflow/.local/lib/python3.7/site-packages/airflow/example_dags/example_skip_dag.py for tasks to queue
[2022-09-07T08:02:12.429+0000] {logging_mixin.py:115} INFO - [2022-09-07T08:02:12.428+0000] {dagbag.py:508} INFO - Filling up the DagBag from /home/airflow/.local/lib/python3.7/site-packages/airflow/example_dags/example_skip_dag.py
[2022-09-07T08:02:12.433+0000] {processor.py:650} INFO - DAG(s) dict_keys(['example_skip_dag']) retrieved from /home/airflow/.local/lib/python3.7/site-packages/airflow/example_dags/example_skip_dag.py
[2022-09-07T08:02:12.453+0000] {logging_mixin.py:115} INFO - [2022-09-07T08:02:12.453+0000] {dag.py:2429} INFO - Sync 1 DAGs
[2022-09-07T08:02:12.466+0000] {logging_mixin.py:115} INFO - [2022-09-07T08:02:12.466+0000] {dag.py:2981} INFO - Setting next_dagrun for example_skip_dag to 2022-09-06T08:02:12.465935+00:00, run_after=2022-09-07T08:02:12.465935+00:00
[2022-09-07T08:02:12.474+0000] {processor.py:161} INFO - Processing /home/airflow/.local/lib/python3.7/site-packages/airflow/example_dags/example_skip_dag.py took 0.054 seconds
[2022-09-07T08:02:43.180+0000] {processor.py:153} INFO - Started process (PID=2450) to work on /home/airflow/.local/lib/python3.7/site-packages/airflow/example_dags/example_skip_dag.py
[2022-09-07T08:02:43.182+0000] {processor.py:640} INFO - Processing file /home/airflow/.local/lib/python3.7/site-packages/airflow/example_dags/example_skip_dag.py for tasks to queue
[2022-09-07T08:02:43.182+0000] {logging_mixin.py:115} INFO - [2022-09-07T08:02:43.182+0000] {dagbag.py:508} INFO - Filling up the DagBag from /home/airflow/.local/lib/python3.7/site-packages/airflow/example_dags/example_skip_dag.py
[2022-09-07T08:02:43.186+0000] {processor.py:650} INFO - DAG(s) dict_keys(['example_skip_dag']) retrieved from /home/airflow/.local/lib/python3.7/site-packages/airflow/example_dags/example_skip_dag.py
[2022-09-07T08:02:43.204+0000] {logging_mixin.py:115} INFO - [2022-09-07T08:02:43.204+0000] {dag.py:2429} INFO - Sync 1 DAGs
[2022-09-07T08:02:43.217+0000] {logging_mixin.py:115} INFO - [2022-09-07T08:02:43.217+0000] {dag.py:2981} INFO - Setting next_dagrun for example_skip_dag to 2022-09-06T08:02:43.217699+00:00, run_after=2022-09-07T08:02:43.217699+00:00
[2022-09-07T08:02:43.226+0000] {processor.py:161} INFO - Processing /home/airflow/.local/lib/python3.7/site-packages/airflow/example_dags/example_skip_dag.py took 0.049 seconds
[2022-09-07T08:03:13.989+0000] {processor.py:153} INFO - Started process (PID=2510) to work on /home/airflow/.local/lib/python3.7/site-packages/airflow/example_dags/example_skip_dag.py
[2022-09-07T08:03:13.991+0000] {processor.py:640} INFO - Processing file /home/airflow/.local/lib/python3.7/site-packages/airflow/example_dags/example_skip_dag.py for tasks to queue
[2022-09-07T08:03:13.992+0000] {logging_mixin.py:115} INFO - [2022-09-07T08:03:13.992+0000] {dagbag.py:508} INFO - Filling up the DagBag from /home/airflow/.local/lib/python3.7/site-packages/airflow/example_dags/example_skip_dag.py
[2022-09-07T08:03:13.996+0000] {processor.py:650} INFO - DAG(s) dict_keys(['example_skip_dag']) retrieved from /home/airflow/.local/lib/python3.7/site-packages/airflow/example_dags/example_skip_dag.py
[2022-09-07T08:03:14.017+0000] {logging_mixin.py:115} INFO - [2022-09-07T08:03:14.017+0000] {dag.py:2429} INFO - Sync 1 DAGs
[2022-09-07T08:03:14.030+0000] {logging_mixin.py:115} INFO - [2022-09-07T08:03:14.030+0000] {dag.py:2981} INFO - Setting next_dagrun for example_skip_dag to 2022-09-06T08:03:14.030744+00:00, run_after=2022-09-07T08:03:14.030744+00:00
[2022-09-07T08:03:14.039+0000] {processor.py:161} INFO - Processing /home/airflow/.local/lib/python3.7/site-packages/airflow/example_dags/example_skip_dag.py took 0.052 seconds
[2022-09-07T08:03:44.779+0000] {processor.py:153} INFO - Started process (PID=2571) to work on /home/airflow/.local/lib/python3.7/site-packages/airflow/example_dags/example_skip_dag.py
[2022-09-07T08:03:44.780+0000] {processor.py:640} INFO - Processing file /home/airflow/.local/lib/python3.7/site-packages/airflow/example_dags/example_skip_dag.py for tasks to queue
[2022-09-07T08:03:44.782+0000] {logging_mixin.py:115} INFO - [2022-09-07T08:03:44.782+0000] {dagbag.py:508} INFO - Filling up the DagBag from /home/airflow/.local/lib/python3.7/site-packages/airflow/example_dags/example_skip_dag.py
[2022-09-07T08:03:44.786+0000] {processor.py:650} INFO - DAG(s) dict_keys(['example_skip_dag']) retrieved from /home/airflow/.local/lib/python3.7/site-packages/airflow/example_dags/example_skip_dag.py
[2022-09-07T08:03:44.806+0000] {logging_mixin.py:115} INFO - [2022-09-07T08:03:44.806+0000] {dag.py:2429} INFO - Sync 1 DAGs
[2022-09-07T08:03:44.821+0000] {logging_mixin.py:115} INFO - [2022-09-07T08:03:44.820+0000] {dag.py:2981} INFO - Setting next_dagrun for example_skip_dag to 2022-09-06T08:03:44.820838+00:00, run_after=2022-09-07T08:03:44.820838+00:00
[2022-09-07T08:03:44.829+0000] {processor.py:161} INFO - Processing /home/airflow/.local/lib/python3.7/site-packages/airflow/example_dags/example_skip_dag.py took 0.052 seconds
[2022-09-07T08:04:15.487+0000] {processor.py:153} INFO - Started process (PID=2623) to work on /home/airflow/.local/lib/python3.7/site-packages/airflow/example_dags/example_skip_dag.py
[2022-09-07T08:04:15.489+0000] {processor.py:640} INFO - Processing file /home/airflow/.local/lib/python3.7/site-packages/airflow/example_dags/example_skip_dag.py for tasks to queue
[2022-09-07T08:04:15.490+0000] {logging_mixin.py:115} INFO - [2022-09-07T08:04:15.490+0000] {dagbag.py:508} INFO - Filling up the DagBag from /home/airflow/.local/lib/python3.7/site-packages/airflow/example_dags/example_skip_dag.py
[2022-09-07T08:04:15.494+0000] {processor.py:650} INFO - DAG(s) dict_keys(['example_skip_dag']) retrieved from /home/airflow/.local/lib/python3.7/site-packages/airflow/example_dags/example_skip_dag.py
[2022-09-07T08:04:15.514+0000] {logging_mixin.py:115} INFO - [2022-09-07T08:04:15.514+0000] {dag.py:2429} INFO - Sync 1 DAGs
[2022-09-07T08:04:15.528+0000] {logging_mixin.py:115} INFO - [2022-09-07T08:04:15.528+0000] {dag.py:2981} INFO - Setting next_dagrun for example_skip_dag to 2022-09-06T08:04:15.528264+00:00, run_after=2022-09-07T08:04:15.528264+00:00
[2022-09-07T08:04:15.537+0000] {processor.py:161} INFO - Processing /home/airflow/.local/lib/python3.7/site-packages/airflow/example_dags/example_skip_dag.py took 0.053 seconds
[2022-09-07T16:20:33.565+0000] {processor.py:153} INFO - Started process (PID=46) to work on /home/airflow/.local/lib/python3.7/site-packages/airflow/example_dags/example_skip_dag.py
[2022-09-07T16:20:33.576+0000] {processor.py:640} INFO - Processing file /home/airflow/.local/lib/python3.7/site-packages/airflow/example_dags/example_skip_dag.py for tasks to queue
[2022-09-07T16:20:33.587+0000] {logging_mixin.py:115} INFO - [2022-09-07T16:20:33.586+0000] {dagbag.py:508} INFO - Filling up the DagBag from /home/airflow/.local/lib/python3.7/site-packages/airflow/example_dags/example_skip_dag.py
[2022-09-07T16:20:33.595+0000] {processor.py:650} INFO - DAG(s) dict_keys(['example_skip_dag']) retrieved from /home/airflow/.local/lib/python3.7/site-packages/airflow/example_dags/example_skip_dag.py
[2022-09-07T16:20:34.490+0000] {processor.py:164} ERROR - Got an exception! Propagating...
Traceback (most recent call last):
  File "/home/airflow/.local/lib/python3.7/site-packages/sqlalchemy/engine/base.py", line 3243, in _wrap_pool_connect
    return fn()
  File "/home/airflow/.local/lib/python3.7/site-packages/sqlalchemy/pool/base.py", line 310, in connect
    return _ConnectionFairy._checkout(self)
  File "/home/airflow/.local/lib/python3.7/site-packages/sqlalchemy/pool/base.py", line 868, in _checkout
    fairy = _ConnectionRecord.checkout(pool)
  File "/home/airflow/.local/lib/python3.7/site-packages/sqlalchemy/pool/base.py", line 481, in checkout
    rec._checkin_failed(err, _fairy_was_created=False)
  File "/home/airflow/.local/lib/python3.7/site-packages/sqlalchemy/util/langhelpers.py", line 72, in __exit__
    with_traceback=exc_tb,
  File "/home/airflow/.local/lib/python3.7/site-packages/sqlalchemy/util/compat.py", line 207, in raise_
    raise exception
  File "/home/airflow/.local/lib/python3.7/site-packages/sqlalchemy/pool/base.py", line 478, in checkout
    dbapi_connection = rec.get_connection()
  File "/home/airflow/.local/lib/python3.7/site-packages/sqlalchemy/pool/base.py", line 607, in get_connection
    self.__connect()
  File "/home/airflow/.local/lib/python3.7/site-packages/sqlalchemy/pool/base.py", line 666, in __connect
    pool.logger.debug("Error on connect(): %s", e)
  File "/home/airflow/.local/lib/python3.7/site-packages/sqlalchemy/util/langhelpers.py", line 72, in __exit__
    with_traceback=exc_tb,
  File "/home/airflow/.local/lib/python3.7/site-packages/sqlalchemy/util/compat.py", line 207, in raise_
    raise exception
  File "/home/airflow/.local/lib/python3.7/site-packages/sqlalchemy/pool/base.py", line 661, in __connect
    self.dbapi_connection = connection = pool._invoke_creator(self)
  File "/home/airflow/.local/lib/python3.7/site-packages/sqlalchemy/engine/create.py", line 590, in connect
    return dialect.connect(*cargs, **cparams)
  File "/home/airflow/.local/lib/python3.7/site-packages/sqlalchemy/engine/default.py", line 584, in connect
    return self.dbapi.connect(*cargs, **cparams)
  File "/home/airflow/.local/lib/python3.7/site-packages/psycopg2/__init__.py", line 122, in connect
    conn = _connect(dsn, connection_factory=connection_factory, **kwasync)
psycopg2.OperationalError: could not translate host name "postgres" to address: Name or service not known


The above exception was the direct cause of the following exception:

Traceback (most recent call last):
  File "/home/airflow/.local/lib/python3.7/site-packages/airflow/dag_processing/processor.py", line 158, in _run_file_processor
    callback_requests=callback_requests,
  File "/home/airflow/.local/lib/python3.7/site-packages/airflow/utils/session.py", line 71, in wrapper
    return func(*args, session=session, **kwargs)
  File "/home/airflow/.local/lib/python3.7/site-packages/airflow/dag_processing/processor.py", line 659, in process_file
    dagbag.sync_to_db()
  File "/home/airflow/.local/lib/python3.7/site-packages/airflow/utils/session.py", line 71, in wrapper
    return func(*args, session=session, **kwargs)
  File "/home/airflow/.local/lib/python3.7/site-packages/airflow/models/dagbag.py", line 616, in sync_to_db
    for attempt in run_with_db_retries(logger=self.log):
  File "/home/airflow/.local/lib/python3.7/site-packages/tenacity/__init__.py", line 382, in __iter__
    do = self.iter(retry_state=retry_state)
  File "/home/airflow/.local/lib/python3.7/site-packages/tenacity/__init__.py", line 360, in iter
    raise retry_exc.reraise()
  File "/home/airflow/.local/lib/python3.7/site-packages/tenacity/__init__.py", line 193, in reraise
    raise self.last_attempt.result()
  File "/usr/local/lib/python3.7/concurrent/futures/_base.py", line 428, in result
    return self.__get_result()
  File "/usr/local/lib/python3.7/concurrent/futures/_base.py", line 384, in __get_result
    raise self._exception
  File "/home/airflow/.local/lib/python3.7/site-packages/airflow/models/dagbag.py", line 628, in sync_to_db
    serialize_errors.extend(_serialize_dag_capturing_errors(dag, session))
  File "/home/airflow/.local/lib/python3.7/site-packages/airflow/models/dagbag.py", line 602, in _serialize_dag_capturing_errors
    session=session,
  File "/home/airflow/.local/lib/python3.7/site-packages/airflow/utils/session.py", line 68, in wrapper
    return func(*args, **kwargs)
  File "/home/airflow/.local/lib/python3.7/site-packages/airflow/models/serialized_dag.py", line 142, in write_dag
    (timezone.utcnow() - timedelta(seconds=min_update_interval)) < cls.last_updated,
  File "/home/airflow/.local/lib/python3.7/site-packages/sqlalchemy/orm/query.py", line 2810, in first
    return self.limit(1)._iter().first()
  File "/home/airflow/.local/lib/python3.7/site-packages/sqlalchemy/orm/query.py", line 2897, in _iter
    execution_options={"_sa_orm_load_options": self.load_options},
  File "/home/airflow/.local/lib/python3.7/site-packages/sqlalchemy/orm/session.py", line 1688, in execute
    conn = self._connection_for_bind(bind)
  File "/home/airflow/.local/lib/python3.7/site-packages/sqlalchemy/orm/session.py", line 1530, in _connection_for_bind
    engine, execution_options
  File "/home/airflow/.local/lib/python3.7/site-packages/sqlalchemy/orm/session.py", line 747, in _connection_for_bind
    conn = bind.connect()
  File "/home/airflow/.local/lib/python3.7/site-packages/sqlalchemy/engine/base.py", line 3197, in connect
    return self._connection_cls(self, close_with_result=close_with_result)
  File "/home/airflow/.local/lib/python3.7/site-packages/sqlalchemy/engine/base.py", line 96, in __init__
    else engine.raw_connection()
  File "/home/airflow/.local/lib/python3.7/site-packages/sqlalchemy/engine/base.py", line 3276, in raw_connection
    return self._wrap_pool_connect(self.pool.connect, _connection)
  File "/home/airflow/.local/lib/python3.7/site-packages/sqlalchemy/engine/base.py", line 3247, in _wrap_pool_connect
    e, dialect, self
  File "/home/airflow/.local/lib/python3.7/site-packages/sqlalchemy/engine/base.py", line 2101, in _handle_dbapi_exception_noconnection
    sqlalchemy_exception, with_traceback=exc_info[2], from_=e
  File "/home/airflow/.local/lib/python3.7/site-packages/sqlalchemy/util/compat.py", line 207, in raise_
    raise exception
  File "/home/airflow/.local/lib/python3.7/site-packages/sqlalchemy/engine/base.py", line 3243, in _wrap_pool_connect
    return fn()
  File "/home/airflow/.local/lib/python3.7/site-packages/sqlalchemy/pool/base.py", line 310, in connect
    return _ConnectionFairy._checkout(self)
  File "/home/airflow/.local/lib/python3.7/site-packages/sqlalchemy/pool/base.py", line 868, in _checkout
    fairy = _ConnectionRecord.checkout(pool)
  File "/home/airflow/.local/lib/python3.7/site-packages/sqlalchemy/pool/base.py", line 481, in checkout
    rec._checkin_failed(err, _fairy_was_created=False)
  File "/home/airflow/.local/lib/python3.7/site-packages/sqlalchemy/util/langhelpers.py", line 72, in __exit__
    with_traceback=exc_tb,
  File "/home/airflow/.local/lib/python3.7/site-packages/sqlalchemy/util/compat.py", line 207, in raise_
    raise exception
  File "/home/airflow/.local/lib/python3.7/site-packages/sqlalchemy/pool/base.py", line 478, in checkout
    dbapi_connection = rec.get_connection()
  File "/home/airflow/.local/lib/python3.7/site-packages/sqlalchemy/pool/base.py", line 607, in get_connection
    self.__connect()
  File "/home/airflow/.local/lib/python3.7/site-packages/sqlalchemy/pool/base.py", line 666, in __connect
    pool.logger.debug("Error on connect(): %s", e)
  File "/home/airflow/.local/lib/python3.7/site-packages/sqlalchemy/util/langhelpers.py", line 72, in __exit__
    with_traceback=exc_tb,
  File "/home/airflow/.local/lib/python3.7/site-packages/sqlalchemy/util/compat.py", line 207, in raise_
    raise exception
  File "/home/airflow/.local/lib/python3.7/site-packages/sqlalchemy/pool/base.py", line 661, in __connect
    self.dbapi_connection = connection = pool._invoke_creator(self)
  File "/home/airflow/.local/lib/python3.7/site-packages/sqlalchemy/engine/create.py", line 590, in connect
    return dialect.connect(*cargs, **cparams)
  File "/home/airflow/.local/lib/python3.7/site-packages/sqlalchemy/engine/default.py", line 584, in connect
    return self.dbapi.connect(*cargs, **cparams)
  File "/home/airflow/.local/lib/python3.7/site-packages/psycopg2/__init__.py", line 122, in connect
    conn = _connect(dsn, connection_factory=connection_factory, **kwasync)
sqlalchemy.exc.OperationalError: (psycopg2.OperationalError) could not translate host name "postgres" to address: Name or service not known

(Background on this error at: https://sqlalche.me/e/14/e3q8)
[2022-09-07T16:21:01.148+0000] {processor.py:153} INFO - Started process (PID=56) to work on /home/airflow/.local/lib/python3.7/site-packages/airflow/example_dags/example_skip_dag.py
[2022-09-07T16:21:01.150+0000] {processor.py:640} INFO - Processing file /home/airflow/.local/lib/python3.7/site-packages/airflow/example_dags/example_skip_dag.py for tasks to queue
[2022-09-07T16:21:01.151+0000] {logging_mixin.py:115} INFO - [2022-09-07T16:21:01.151+0000] {dagbag.py:508} INFO - Filling up the DagBag from /home/airflow/.local/lib/python3.7/site-packages/airflow/example_dags/example_skip_dag.py
[2022-09-07T16:21:01.157+0000] {processor.py:650} INFO - DAG(s) dict_keys(['example_skip_dag']) retrieved from /home/airflow/.local/lib/python3.7/site-packages/airflow/example_dags/example_skip_dag.py
[2022-09-07T16:21:01.180+0000] {logging_mixin.py:115} INFO - [2022-09-07T16:21:01.180+0000] {dag.py:2429} INFO - Sync 1 DAGs
[2022-09-07T16:21:01.196+0000] {logging_mixin.py:115} INFO - [2022-09-07T16:21:01.196+0000] {dag.py:2981} INFO - Setting next_dagrun for example_skip_dag to 2022-09-06T16:21:01.196021+00:00, run_after=2022-09-07T16:21:01.196021+00:00
[2022-09-07T16:21:01.207+0000] {processor.py:161} INFO - Processing /home/airflow/.local/lib/python3.7/site-packages/airflow/example_dags/example_skip_dag.py took 0.065 seconds
[2022-09-07T16:21:31.805+0000] {processor.py:153} INFO - Started process (PID=116) to work on /home/airflow/.local/lib/python3.7/site-packages/airflow/example_dags/example_skip_dag.py
[2022-09-07T16:21:31.807+0000] {processor.py:640} INFO - Processing file /home/airflow/.local/lib/python3.7/site-packages/airflow/example_dags/example_skip_dag.py for tasks to queue
[2022-09-07T16:21:31.809+0000] {logging_mixin.py:115} INFO - [2022-09-07T16:21:31.808+0000] {dagbag.py:508} INFO - Filling up the DagBag from /home/airflow/.local/lib/python3.7/site-packages/airflow/example_dags/example_skip_dag.py
[2022-09-07T16:21:31.813+0000] {processor.py:650} INFO - DAG(s) dict_keys(['example_skip_dag']) retrieved from /home/airflow/.local/lib/python3.7/site-packages/airflow/example_dags/example_skip_dag.py
[2022-09-07T16:21:31.836+0000] {logging_mixin.py:115} INFO - [2022-09-07T16:21:31.836+0000] {dag.py:2429} INFO - Sync 1 DAGs
[2022-09-07T16:21:31.852+0000] {logging_mixin.py:115} INFO - [2022-09-07T16:21:31.852+0000] {dag.py:2981} INFO - Setting next_dagrun for example_skip_dag to 2022-09-06T16:21:31.851973+00:00, run_after=2022-09-07T16:21:31.851973+00:00
[2022-09-07T16:21:31.860+0000] {processor.py:161} INFO - Processing /home/airflow/.local/lib/python3.7/site-packages/airflow/example_dags/example_skip_dag.py took 0.057 seconds
[2022-09-07T16:22:02.464+0000] {processor.py:153} INFO - Started process (PID=564) to work on /home/airflow/.local/lib/python3.7/site-packages/airflow/example_dags/example_skip_dag.py
[2022-09-07T16:22:02.466+0000] {processor.py:640} INFO - Processing file /home/airflow/.local/lib/python3.7/site-packages/airflow/example_dags/example_skip_dag.py for tasks to queue
[2022-09-07T16:22:02.467+0000] {logging_mixin.py:115} INFO - [2022-09-07T16:22:02.467+0000] {dagbag.py:508} INFO - Filling up the DagBag from /home/airflow/.local/lib/python3.7/site-packages/airflow/example_dags/example_skip_dag.py
[2022-09-07T16:22:02.471+0000] {processor.py:650} INFO - DAG(s) dict_keys(['example_skip_dag']) retrieved from /home/airflow/.local/lib/python3.7/site-packages/airflow/example_dags/example_skip_dag.py
[2022-09-07T16:22:02.491+0000] {logging_mixin.py:115} INFO - [2022-09-07T16:22:02.491+0000] {dag.py:2429} INFO - Sync 1 DAGs
[2022-09-07T16:22:02.505+0000] {logging_mixin.py:115} INFO - [2022-09-07T16:22:02.505+0000] {dag.py:2981} INFO - Setting next_dagrun for example_skip_dag to 2022-09-06T16:22:02.505160+00:00, run_after=2022-09-07T16:22:02.505160+00:00
[2022-09-07T16:22:02.514+0000] {processor.py:161} INFO - Processing /home/airflow/.local/lib/python3.7/site-packages/airflow/example_dags/example_skip_dag.py took 0.053 seconds
[2022-09-07T16:22:32.646+0000] {processor.py:153} INFO - Started process (PID=1227) to work on /home/airflow/.local/lib/python3.7/site-packages/airflow/example_dags/example_skip_dag.py
[2022-09-07T16:22:32.649+0000] {processor.py:640} INFO - Processing file /home/airflow/.local/lib/python3.7/site-packages/airflow/example_dags/example_skip_dag.py for tasks to queue
[2022-09-07T16:22:32.651+0000] {logging_mixin.py:115} INFO - [2022-09-07T16:22:32.651+0000] {dagbag.py:508} INFO - Filling up the DagBag from /home/airflow/.local/lib/python3.7/site-packages/airflow/example_dags/example_skip_dag.py
[2022-09-07T16:22:32.655+0000] {processor.py:650} INFO - DAG(s) dict_keys(['example_skip_dag']) retrieved from /home/airflow/.local/lib/python3.7/site-packages/airflow/example_dags/example_skip_dag.py
[2022-09-07T16:22:32.676+0000] {logging_mixin.py:115} INFO - [2022-09-07T16:22:32.676+0000] {dag.py:2429} INFO - Sync 1 DAGs
[2022-09-07T16:22:32.690+0000] {logging_mixin.py:115} INFO - [2022-09-07T16:22:32.690+0000] {dag.py:2981} INFO - Setting next_dagrun for example_skip_dag to 2022-09-06T16:22:32.690259+00:00, run_after=2022-09-07T16:22:32.690259+00:00
[2022-09-07T16:22:32.699+0000] {processor.py:161} INFO - Processing /home/airflow/.local/lib/python3.7/site-packages/airflow/example_dags/example_skip_dag.py took 0.055 seconds
[2022-09-07T16:23:03.236+0000] {processor.py:153} INFO - Started process (PID=1799) to work on /home/airflow/.local/lib/python3.7/site-packages/airflow/example_dags/example_skip_dag.py
[2022-09-07T16:23:03.239+0000] {processor.py:640} INFO - Processing file /home/airflow/.local/lib/python3.7/site-packages/airflow/example_dags/example_skip_dag.py for tasks to queue
[2022-09-07T16:23:03.240+0000] {logging_mixin.py:115} INFO - [2022-09-07T16:23:03.240+0000] {dagbag.py:508} INFO - Filling up the DagBag from /home/airflow/.local/lib/python3.7/site-packages/airflow/example_dags/example_skip_dag.py
[2022-09-07T16:23:03.245+0000] {processor.py:650} INFO - DAG(s) dict_keys(['example_skip_dag']) retrieved from /home/airflow/.local/lib/python3.7/site-packages/airflow/example_dags/example_skip_dag.py
[2022-09-07T16:23:03.262+0000] {logging_mixin.py:115} INFO - [2022-09-07T16:23:03.262+0000] {dag.py:2429} INFO - Sync 1 DAGs
[2022-09-07T16:23:03.276+0000] {logging_mixin.py:115} INFO - [2022-09-07T16:23:03.276+0000] {dag.py:2981} INFO - Setting next_dagrun for example_skip_dag to 2022-09-06T16:23:03.276469+00:00, run_after=2022-09-07T16:23:03.276469+00:00
[2022-09-07T16:23:03.285+0000] {processor.py:161} INFO - Processing /home/airflow/.local/lib/python3.7/site-packages/airflow/example_dags/example_skip_dag.py took 0.052 seconds
[2022-09-07T16:23:34.109+0000] {processor.py:153} INFO - Started process (PID=2168) to work on /home/airflow/.local/lib/python3.7/site-packages/airflow/example_dags/example_skip_dag.py
[2022-09-07T16:23:34.111+0000] {processor.py:640} INFO - Processing file /home/airflow/.local/lib/python3.7/site-packages/airflow/example_dags/example_skip_dag.py for tasks to queue
[2022-09-07T16:23:34.113+0000] {logging_mixin.py:115} INFO - [2022-09-07T16:23:34.112+0000] {dagbag.py:508} INFO - Filling up the DagBag from /home/airflow/.local/lib/python3.7/site-packages/airflow/example_dags/example_skip_dag.py
[2022-09-07T16:23:34.116+0000] {processor.py:650} INFO - DAG(s) dict_keys(['example_skip_dag']) retrieved from /home/airflow/.local/lib/python3.7/site-packages/airflow/example_dags/example_skip_dag.py
[2022-09-07T16:23:34.135+0000] {logging_mixin.py:115} INFO - [2022-09-07T16:23:34.135+0000] {dag.py:2429} INFO - Sync 1 DAGs
[2022-09-07T16:23:34.174+0000] {logging_mixin.py:115} INFO - [2022-09-07T16:23:34.174+0000] {dag.py:2981} INFO - Setting next_dagrun for example_skip_dag to 2022-09-06T16:23:34.174581+00:00, run_after=2022-09-07T16:23:34.174581+00:00
[2022-09-07T16:23:34.241+0000] {processor.py:161} INFO - Processing /home/airflow/.local/lib/python3.7/site-packages/airflow/example_dags/example_skip_dag.py took 0.134 seconds
[2022-09-07T16:24:04.792+0000] {processor.py:153} INFO - Started process (PID=2545) to work on /home/airflow/.local/lib/python3.7/site-packages/airflow/example_dags/example_skip_dag.py
[2022-09-07T16:24:04.794+0000] {processor.py:640} INFO - Processing file /home/airflow/.local/lib/python3.7/site-packages/airflow/example_dags/example_skip_dag.py for tasks to queue
[2022-09-07T16:24:04.795+0000] {logging_mixin.py:115} INFO - [2022-09-07T16:24:04.794+0000] {dagbag.py:508} INFO - Filling up the DagBag from /home/airflow/.local/lib/python3.7/site-packages/airflow/example_dags/example_skip_dag.py
[2022-09-07T16:24:04.799+0000] {processor.py:650} INFO - DAG(s) dict_keys(['example_skip_dag']) retrieved from /home/airflow/.local/lib/python3.7/site-packages/airflow/example_dags/example_skip_dag.py
[2022-09-07T16:24:04.818+0000] {logging_mixin.py:115} INFO - [2022-09-07T16:24:04.818+0000] {dag.py:2429} INFO - Sync 1 DAGs
[2022-09-07T16:24:04.836+0000] {logging_mixin.py:115} INFO - [2022-09-07T16:24:04.836+0000] {dag.py:2981} INFO - Setting next_dagrun for example_skip_dag to 2022-09-06T16:24:04.836077+00:00, run_after=2022-09-07T16:24:04.836077+00:00
[2022-09-07T16:24:04.846+0000] {processor.py:161} INFO - Processing /home/airflow/.local/lib/python3.7/site-packages/airflow/example_dags/example_skip_dag.py took 0.056 seconds
[2022-09-07T16:24:35.408+0000] {processor.py:153} INFO - Started process (PID=2905) to work on /home/airflow/.local/lib/python3.7/site-packages/airflow/example_dags/example_skip_dag.py
[2022-09-07T16:24:35.410+0000] {processor.py:640} INFO - Processing file /home/airflow/.local/lib/python3.7/site-packages/airflow/example_dags/example_skip_dag.py for tasks to queue
[2022-09-07T16:24:35.411+0000] {logging_mixin.py:115} INFO - [2022-09-07T16:24:35.411+0000] {dagbag.py:508} INFO - Filling up the DagBag from /home/airflow/.local/lib/python3.7/site-packages/airflow/example_dags/example_skip_dag.py
[2022-09-07T16:24:35.418+0000] {processor.py:650} INFO - DAG(s) dict_keys(['example_skip_dag']) retrieved from /home/airflow/.local/lib/python3.7/site-packages/airflow/example_dags/example_skip_dag.py
[2022-09-07T16:24:35.448+0000] {logging_mixin.py:115} INFO - [2022-09-07T16:24:35.448+0000] {dag.py:2429} INFO - Sync 1 DAGs
[2022-09-07T16:24:35.469+0000] {logging_mixin.py:115} INFO - [2022-09-07T16:24:35.469+0000] {dag.py:2981} INFO - Setting next_dagrun for example_skip_dag to 2022-09-06T16:24:35.469186+00:00, run_after=2022-09-07T16:24:35.469186+00:00
[2022-09-07T16:24:35.479+0000] {processor.py:161} INFO - Processing /home/airflow/.local/lib/python3.7/site-packages/airflow/example_dags/example_skip_dag.py took 0.074 seconds
[2022-09-07T16:25:06.244+0000] {processor.py:153} INFO - Started process (PID=3240) to work on /home/airflow/.local/lib/python3.7/site-packages/airflow/example_dags/example_skip_dag.py
[2022-09-07T16:25:06.248+0000] {processor.py:640} INFO - Processing file /home/airflow/.local/lib/python3.7/site-packages/airflow/example_dags/example_skip_dag.py for tasks to queue
[2022-09-07T16:25:06.250+0000] {logging_mixin.py:115} INFO - [2022-09-07T16:25:06.250+0000] {dagbag.py:508} INFO - Filling up the DagBag from /home/airflow/.local/lib/python3.7/site-packages/airflow/example_dags/example_skip_dag.py
[2022-09-07T16:25:06.255+0000] {processor.py:650} INFO - DAG(s) dict_keys(['example_skip_dag']) retrieved from /home/airflow/.local/lib/python3.7/site-packages/airflow/example_dags/example_skip_dag.py
[2022-09-07T16:25:06.295+0000] {logging_mixin.py:115} INFO - [2022-09-07T16:25:06.295+0000] {dag.py:2429} INFO - Sync 1 DAGs
[2022-09-07T16:25:06.314+0000] {logging_mixin.py:115} INFO - [2022-09-07T16:25:06.314+0000] {dag.py:2981} INFO - Setting next_dagrun for example_skip_dag to 2022-09-06T16:25:06.314085+00:00, run_after=2022-09-07T16:25:06.314085+00:00
[2022-09-07T16:25:06.326+0000] {processor.py:161} INFO - Processing /home/airflow/.local/lib/python3.7/site-packages/airflow/example_dags/example_skip_dag.py took 0.086 seconds
[2022-09-07T16:25:36.564+0000] {processor.py:153} INFO - Started process (PID=3301) to work on /home/airflow/.local/lib/python3.7/site-packages/airflow/example_dags/example_skip_dag.py
[2022-09-07T16:25:36.566+0000] {processor.py:640} INFO - Processing file /home/airflow/.local/lib/python3.7/site-packages/airflow/example_dags/example_skip_dag.py for tasks to queue
[2022-09-07T16:25:36.567+0000] {logging_mixin.py:115} INFO - [2022-09-07T16:25:36.567+0000] {dagbag.py:508} INFO - Filling up the DagBag from /home/airflow/.local/lib/python3.7/site-packages/airflow/example_dags/example_skip_dag.py
[2022-09-07T16:25:36.572+0000] {processor.py:650} INFO - DAG(s) dict_keys(['example_skip_dag']) retrieved from /home/airflow/.local/lib/python3.7/site-packages/airflow/example_dags/example_skip_dag.py
[2022-09-07T16:25:36.594+0000] {logging_mixin.py:115} INFO - [2022-09-07T16:25:36.594+0000] {dag.py:2429} INFO - Sync 1 DAGs
[2022-09-07T16:25:36.611+0000] {logging_mixin.py:115} INFO - [2022-09-07T16:25:36.610+0000] {dag.py:2981} INFO - Setting next_dagrun for example_skip_dag to 2022-09-06T16:25:36.610724+00:00, run_after=2022-09-07T16:25:36.610724+00:00
[2022-09-07T16:25:36.620+0000] {processor.py:161} INFO - Processing /home/airflow/.local/lib/python3.7/site-packages/airflow/example_dags/example_skip_dag.py took 0.059 seconds
[2022-09-07T16:26:06.824+0000] {processor.py:153} INFO - Started process (PID=3354) to work on /home/airflow/.local/lib/python3.7/site-packages/airflow/example_dags/example_skip_dag.py
[2022-09-07T16:26:06.825+0000] {processor.py:640} INFO - Processing file /home/airflow/.local/lib/python3.7/site-packages/airflow/example_dags/example_skip_dag.py for tasks to queue
[2022-09-07T16:26:06.826+0000] {logging_mixin.py:115} INFO - [2022-09-07T16:26:06.826+0000] {dagbag.py:508} INFO - Filling up the DagBag from /home/airflow/.local/lib/python3.7/site-packages/airflow/example_dags/example_skip_dag.py
[2022-09-07T16:26:06.831+0000] {processor.py:650} INFO - DAG(s) dict_keys(['example_skip_dag']) retrieved from /home/airflow/.local/lib/python3.7/site-packages/airflow/example_dags/example_skip_dag.py
[2022-09-07T16:26:06.855+0000] {logging_mixin.py:115} INFO - [2022-09-07T16:26:06.855+0000] {dag.py:2429} INFO - Sync 1 DAGs
[2022-09-07T16:26:06.874+0000] {logging_mixin.py:115} INFO - [2022-09-07T16:26:06.873+0000] {dag.py:2981} INFO - Setting next_dagrun for example_skip_dag to 2022-09-06T16:26:06.873728+00:00, run_after=2022-09-07T16:26:06.873728+00:00
[2022-09-07T16:26:06.899+0000] {processor.py:161} INFO - Processing /home/airflow/.local/lib/python3.7/site-packages/airflow/example_dags/example_skip_dag.py took 0.078 seconds
[2022-09-07T16:26:36.937+0000] {processor.py:153} INFO - Started process (PID=3415) to work on /home/airflow/.local/lib/python3.7/site-packages/airflow/example_dags/example_skip_dag.py
[2022-09-07T16:26:36.940+0000] {processor.py:640} INFO - Processing file /home/airflow/.local/lib/python3.7/site-packages/airflow/example_dags/example_skip_dag.py for tasks to queue
[2022-09-07T16:26:36.941+0000] {logging_mixin.py:115} INFO - [2022-09-07T16:26:36.941+0000] {dagbag.py:508} INFO - Filling up the DagBag from /home/airflow/.local/lib/python3.7/site-packages/airflow/example_dags/example_skip_dag.py
[2022-09-07T16:26:36.945+0000] {processor.py:650} INFO - DAG(s) dict_keys(['example_skip_dag']) retrieved from /home/airflow/.local/lib/python3.7/site-packages/airflow/example_dags/example_skip_dag.py
[2022-09-07T16:26:36.966+0000] {logging_mixin.py:115} INFO - [2022-09-07T16:26:36.966+0000] {dag.py:2429} INFO - Sync 1 DAGs
[2022-09-07T16:26:36.979+0000] {logging_mixin.py:115} INFO - [2022-09-07T16:26:36.979+0000] {dag.py:2981} INFO - Setting next_dagrun for example_skip_dag to 2022-09-06T16:26:36.979679+00:00, run_after=2022-09-07T16:26:36.979679+00:00
[2022-09-07T16:26:36.988+0000] {processor.py:161} INFO - Processing /home/airflow/.local/lib/python3.7/site-packages/airflow/example_dags/example_skip_dag.py took 0.053 seconds
[2022-09-07T16:27:07.524+0000] {processor.py:153} INFO - Started process (PID=3476) to work on /home/airflow/.local/lib/python3.7/site-packages/airflow/example_dags/example_skip_dag.py
[2022-09-07T16:27:07.526+0000] {processor.py:640} INFO - Processing file /home/airflow/.local/lib/python3.7/site-packages/airflow/example_dags/example_skip_dag.py for tasks to queue
[2022-09-07T16:27:07.528+0000] {logging_mixin.py:115} INFO - [2022-09-07T16:27:07.528+0000] {dagbag.py:508} INFO - Filling up the DagBag from /home/airflow/.local/lib/python3.7/site-packages/airflow/example_dags/example_skip_dag.py
[2022-09-07T16:27:07.532+0000] {processor.py:650} INFO - DAG(s) dict_keys(['example_skip_dag']) retrieved from /home/airflow/.local/lib/python3.7/site-packages/airflow/example_dags/example_skip_dag.py
[2022-09-07T16:27:07.567+0000] {logging_mixin.py:115} INFO - [2022-09-07T16:27:07.567+0000] {dag.py:2429} INFO - Sync 1 DAGs
[2022-09-07T16:27:07.588+0000] {logging_mixin.py:115} INFO - [2022-09-07T16:27:07.588+0000] {dag.py:2981} INFO - Setting next_dagrun for example_skip_dag to 2022-09-06T16:27:07.588271+00:00, run_after=2022-09-07T16:27:07.588271+00:00
[2022-09-07T16:27:07.601+0000] {processor.py:161} INFO - Processing /home/airflow/.local/lib/python3.7/site-packages/airflow/example_dags/example_skip_dag.py took 0.080 seconds
[2022-09-07T16:27:38.250+0000] {processor.py:153} INFO - Started process (PID=3538) to work on /home/airflow/.local/lib/python3.7/site-packages/airflow/example_dags/example_skip_dag.py
[2022-09-07T16:27:38.253+0000] {processor.py:640} INFO - Processing file /home/airflow/.local/lib/python3.7/site-packages/airflow/example_dags/example_skip_dag.py for tasks to queue
[2022-09-07T16:27:38.254+0000] {logging_mixin.py:115} INFO - [2022-09-07T16:27:38.254+0000] {dagbag.py:508} INFO - Filling up the DagBag from /home/airflow/.local/lib/python3.7/site-packages/airflow/example_dags/example_skip_dag.py
[2022-09-07T16:27:38.259+0000] {processor.py:650} INFO - DAG(s) dict_keys(['example_skip_dag']) retrieved from /home/airflow/.local/lib/python3.7/site-packages/airflow/example_dags/example_skip_dag.py
[2022-09-07T16:27:38.281+0000] {logging_mixin.py:115} INFO - [2022-09-07T16:27:38.281+0000] {dag.py:2429} INFO - Sync 1 DAGs
[2022-09-07T16:27:38.296+0000] {logging_mixin.py:115} INFO - [2022-09-07T16:27:38.296+0000] {dag.py:2981} INFO - Setting next_dagrun for example_skip_dag to 2022-09-06T16:27:38.296186+00:00, run_after=2022-09-07T16:27:38.296186+00:00
[2022-09-07T16:27:38.305+0000] {processor.py:161} INFO - Processing /home/airflow/.local/lib/python3.7/site-packages/airflow/example_dags/example_skip_dag.py took 0.060 seconds
[2022-09-07T16:28:09.055+0000] {processor.py:153} INFO - Started process (PID=3599) to work on /home/airflow/.local/lib/python3.7/site-packages/airflow/example_dags/example_skip_dag.py
[2022-09-07T16:28:09.056+0000] {processor.py:640} INFO - Processing file /home/airflow/.local/lib/python3.7/site-packages/airflow/example_dags/example_skip_dag.py for tasks to queue
[2022-09-07T16:28:09.058+0000] {logging_mixin.py:115} INFO - [2022-09-07T16:28:09.058+0000] {dagbag.py:508} INFO - Filling up the DagBag from /home/airflow/.local/lib/python3.7/site-packages/airflow/example_dags/example_skip_dag.py
[2022-09-07T16:28:09.063+0000] {processor.py:650} INFO - DAG(s) dict_keys(['example_skip_dag']) retrieved from /home/airflow/.local/lib/python3.7/site-packages/airflow/example_dags/example_skip_dag.py
[2022-09-07T16:28:09.084+0000] {logging_mixin.py:115} INFO - [2022-09-07T16:28:09.084+0000] {dag.py:2429} INFO - Sync 1 DAGs
[2022-09-07T16:28:09.104+0000] {logging_mixin.py:115} INFO - [2022-09-07T16:28:09.104+0000] {dag.py:2981} INFO - Setting next_dagrun for example_skip_dag to 2022-09-06T16:28:09.104044+00:00, run_after=2022-09-07T16:28:09.104044+00:00
[2022-09-07T16:28:09.115+0000] {processor.py:161} INFO - Processing /home/airflow/.local/lib/python3.7/site-packages/airflow/example_dags/example_skip_dag.py took 0.062 seconds
[2022-09-07T16:29:17.687+0000] {processor.py:153} INFO - Started process (PID=39) to work on /home/airflow/.local/lib/python3.7/site-packages/airflow/example_dags/example_skip_dag.py
[2022-09-07T16:29:17.690+0000] {processor.py:640} INFO - Processing file /home/airflow/.local/lib/python3.7/site-packages/airflow/example_dags/example_skip_dag.py for tasks to queue
[2022-09-07T16:29:17.694+0000] {logging_mixin.py:115} INFO - [2022-09-07T16:29:17.692+0000] {dagbag.py:508} INFO - Filling up the DagBag from /home/airflow/.local/lib/python3.7/site-packages/airflow/example_dags/example_skip_dag.py
[2022-09-07T16:29:17.702+0000] {processor.py:650} INFO - DAG(s) dict_keys(['example_skip_dag']) retrieved from /home/airflow/.local/lib/python3.7/site-packages/airflow/example_dags/example_skip_dag.py
[2022-09-07T16:29:17.741+0000] {logging_mixin.py:115} INFO - [2022-09-07T16:29:17.741+0000] {dag.py:2429} INFO - Sync 1 DAGs
[2022-09-07T16:29:17.829+0000] {logging_mixin.py:115} INFO - [2022-09-07T16:29:17.829+0000] {dag.py:2981} INFO - Setting next_dagrun for example_skip_dag to 2022-09-06T16:29:17.828998+00:00, run_after=2022-09-07T16:29:17.828998+00:00
[2022-09-07T16:29:17.865+0000] {processor.py:161} INFO - Processing /home/airflow/.local/lib/python3.7/site-packages/airflow/example_dags/example_skip_dag.py took 0.182 seconds
[2022-09-07T16:29:47.911+0000] {processor.py:153} INFO - Started process (PID=99) to work on /home/airflow/.local/lib/python3.7/site-packages/airflow/example_dags/example_skip_dag.py
[2022-09-07T16:29:47.912+0000] {processor.py:640} INFO - Processing file /home/airflow/.local/lib/python3.7/site-packages/airflow/example_dags/example_skip_dag.py for tasks to queue
[2022-09-07T16:29:47.913+0000] {logging_mixin.py:115} INFO - [2022-09-07T16:29:47.913+0000] {dagbag.py:508} INFO - Filling up the DagBag from /home/airflow/.local/lib/python3.7/site-packages/airflow/example_dags/example_skip_dag.py
[2022-09-07T16:29:47.917+0000] {processor.py:650} INFO - DAG(s) dict_keys(['example_skip_dag']) retrieved from /home/airflow/.local/lib/python3.7/site-packages/airflow/example_dags/example_skip_dag.py
[2022-09-07T16:29:47.937+0000] {logging_mixin.py:115} INFO - [2022-09-07T16:29:47.937+0000] {dag.py:2429} INFO - Sync 1 DAGs
[2022-09-07T16:29:47.953+0000] {logging_mixin.py:115} INFO - [2022-09-07T16:29:47.952+0000] {dag.py:2981} INFO - Setting next_dagrun for example_skip_dag to 2022-09-06T16:29:47.952784+00:00, run_after=2022-09-07T16:29:47.952784+00:00
[2022-09-07T16:29:47.961+0000] {processor.py:161} INFO - Processing /home/airflow/.local/lib/python3.7/site-packages/airflow/example_dags/example_skip_dag.py took 0.053 seconds
[2022-09-07T16:30:17.999+0000] {processor.py:153} INFO - Started process (PID=159) to work on /home/airflow/.local/lib/python3.7/site-packages/airflow/example_dags/example_skip_dag.py
[2022-09-07T16:30:18.001+0000] {processor.py:640} INFO - Processing file /home/airflow/.local/lib/python3.7/site-packages/airflow/example_dags/example_skip_dag.py for tasks to queue
[2022-09-07T16:30:18.004+0000] {logging_mixin.py:115} INFO - [2022-09-07T16:30:18.003+0000] {dagbag.py:508} INFO - Filling up the DagBag from /home/airflow/.local/lib/python3.7/site-packages/airflow/example_dags/example_skip_dag.py
[2022-09-07T16:30:18.007+0000] {processor.py:650} INFO - DAG(s) dict_keys(['example_skip_dag']) retrieved from /home/airflow/.local/lib/python3.7/site-packages/airflow/example_dags/example_skip_dag.py
[2022-09-07T16:30:18.027+0000] {logging_mixin.py:115} INFO - [2022-09-07T16:30:18.027+0000] {dag.py:2429} INFO - Sync 1 DAGs
[2022-09-07T16:30:18.041+0000] {logging_mixin.py:115} INFO - [2022-09-07T16:30:18.040+0000] {dag.py:2981} INFO - Setting next_dagrun for example_skip_dag to 2022-09-06T16:30:18.040720+00:00, run_after=2022-09-07T16:30:18.040720+00:00
[2022-09-07T16:30:18.049+0000] {processor.py:161} INFO - Processing /home/airflow/.local/lib/python3.7/site-packages/airflow/example_dags/example_skip_dag.py took 0.052 seconds
[2022-09-07T16:30:48.120+0000] {processor.py:153} INFO - Started process (PID=220) to work on /home/airflow/.local/lib/python3.7/site-packages/airflow/example_dags/example_skip_dag.py
[2022-09-07T16:30:48.122+0000] {processor.py:640} INFO - Processing file /home/airflow/.local/lib/python3.7/site-packages/airflow/example_dags/example_skip_dag.py for tasks to queue
[2022-09-07T16:30:48.124+0000] {logging_mixin.py:115} INFO - [2022-09-07T16:30:48.124+0000] {dagbag.py:508} INFO - Filling up the DagBag from /home/airflow/.local/lib/python3.7/site-packages/airflow/example_dags/example_skip_dag.py
[2022-09-07T16:30:48.129+0000] {processor.py:650} INFO - DAG(s) dict_keys(['example_skip_dag']) retrieved from /home/airflow/.local/lib/python3.7/site-packages/airflow/example_dags/example_skip_dag.py
[2022-09-07T16:30:48.151+0000] {logging_mixin.py:115} INFO - [2022-09-07T16:30:48.151+0000] {dag.py:2429} INFO - Sync 1 DAGs
[2022-09-07T16:30:48.166+0000] {logging_mixin.py:115} INFO - [2022-09-07T16:30:48.166+0000] {dag.py:2981} INFO - Setting next_dagrun for example_skip_dag to 2022-09-06T16:30:48.165973+00:00, run_after=2022-09-07T16:30:48.165973+00:00
[2022-09-07T16:30:48.174+0000] {processor.py:161} INFO - Processing /home/airflow/.local/lib/python3.7/site-packages/airflow/example_dags/example_skip_dag.py took 0.058 seconds
[2022-09-07T16:31:18.867+0000] {processor.py:153} INFO - Started process (PID=272) to work on /home/airflow/.local/lib/python3.7/site-packages/airflow/example_dags/example_skip_dag.py
[2022-09-07T16:31:18.868+0000] {processor.py:640} INFO - Processing file /home/airflow/.local/lib/python3.7/site-packages/airflow/example_dags/example_skip_dag.py for tasks to queue
[2022-09-07T16:31:18.870+0000] {logging_mixin.py:115} INFO - [2022-09-07T16:31:18.869+0000] {dagbag.py:508} INFO - Filling up the DagBag from /home/airflow/.local/lib/python3.7/site-packages/airflow/example_dags/example_skip_dag.py
[2022-09-07T16:31:18.874+0000] {processor.py:650} INFO - DAG(s) dict_keys(['example_skip_dag']) retrieved from /home/airflow/.local/lib/python3.7/site-packages/airflow/example_dags/example_skip_dag.py
[2022-09-07T16:31:18.893+0000] {logging_mixin.py:115} INFO - [2022-09-07T16:31:18.892+0000] {dag.py:2429} INFO - Sync 1 DAGs
[2022-09-07T16:31:18.906+0000] {logging_mixin.py:115} INFO - [2022-09-07T16:31:18.905+0000] {dag.py:2981} INFO - Setting next_dagrun for example_skip_dag to 2022-09-06T16:31:18.905843+00:00, run_after=2022-09-07T16:31:18.905843+00:00
[2022-09-07T16:31:18.913+0000] {processor.py:161} INFO - Processing /home/airflow/.local/lib/python3.7/site-packages/airflow/example_dags/example_skip_dag.py took 0.048 seconds
[2022-09-07T17:23:37.811+0000] {processor.py:153} INFO - Started process (PID=39) to work on /home/airflow/.local/lib/python3.7/site-packages/airflow/example_dags/example_skip_dag.py
[2022-09-07T17:23:37.816+0000] {processor.py:640} INFO - Processing file /home/airflow/.local/lib/python3.7/site-packages/airflow/example_dags/example_skip_dag.py for tasks to queue
[2022-09-07T17:23:37.825+0000] {logging_mixin.py:115} INFO - [2022-09-07T17:23:37.825+0000] {dagbag.py:508} INFO - Filling up the DagBag from /home/airflow/.local/lib/python3.7/site-packages/airflow/example_dags/example_skip_dag.py
[2022-09-07T17:23:37.843+0000] {processor.py:650} INFO - DAG(s) dict_keys(['example_skip_dag']) retrieved from /home/airflow/.local/lib/python3.7/site-packages/airflow/example_dags/example_skip_dag.py
[2022-09-07T17:23:37.908+0000] {logging_mixin.py:115} INFO - [2022-09-07T17:23:37.908+0000] {dag.py:2429} INFO - Sync 1 DAGs
[2022-09-07T17:23:37.956+0000] {logging_mixin.py:115} INFO - [2022-09-07T17:23:37.956+0000] {dag.py:2981} INFO - Setting next_dagrun for example_skip_dag to 2022-09-06T17:23:37.955758+00:00, run_after=2022-09-07T17:23:37.955758+00:00
[2022-09-07T17:23:37.983+0000] {processor.py:161} INFO - Processing /home/airflow/.local/lib/python3.7/site-packages/airflow/example_dags/example_skip_dag.py took 0.174 seconds
[2022-09-07T17:24:08.238+0000] {processor.py:153} INFO - Started process (PID=98) to work on /home/airflow/.local/lib/python3.7/site-packages/airflow/example_dags/example_skip_dag.py
[2022-09-07T17:24:08.241+0000] {processor.py:640} INFO - Processing file /home/airflow/.local/lib/python3.7/site-packages/airflow/example_dags/example_skip_dag.py for tasks to queue
[2022-09-07T17:24:08.247+0000] {logging_mixin.py:115} INFO - [2022-09-07T17:24:08.246+0000] {dagbag.py:508} INFO - Filling up the DagBag from /home/airflow/.local/lib/python3.7/site-packages/airflow/example_dags/example_skip_dag.py
[2022-09-07T17:24:08.252+0000] {processor.py:650} INFO - DAG(s) dict_keys(['example_skip_dag']) retrieved from /home/airflow/.local/lib/python3.7/site-packages/airflow/example_dags/example_skip_dag.py
[2022-09-07T17:24:08.292+0000] {logging_mixin.py:115} INFO - [2022-09-07T17:24:08.292+0000] {dag.py:2429} INFO - Sync 1 DAGs
[2022-09-07T17:24:08.316+0000] {logging_mixin.py:115} INFO - [2022-09-07T17:24:08.316+0000] {dag.py:2981} INFO - Setting next_dagrun for example_skip_dag to 2022-09-06T17:24:08.315873+00:00, run_after=2022-09-07T17:24:08.315873+00:00
[2022-09-07T17:24:08.326+0000] {processor.py:161} INFO - Processing /home/airflow/.local/lib/python3.7/site-packages/airflow/example_dags/example_skip_dag.py took 0.090 seconds
[2022-09-07T17:24:39.278+0000] {processor.py:153} INFO - Started process (PID=158) to work on /home/airflow/.local/lib/python3.7/site-packages/airflow/example_dags/example_skip_dag.py
[2022-09-07T17:24:39.280+0000] {processor.py:640} INFO - Processing file /home/airflow/.local/lib/python3.7/site-packages/airflow/example_dags/example_skip_dag.py for tasks to queue
[2022-09-07T17:24:39.281+0000] {logging_mixin.py:115} INFO - [2022-09-07T17:24:39.281+0000] {dagbag.py:508} INFO - Filling up the DagBag from /home/airflow/.local/lib/python3.7/site-packages/airflow/example_dags/example_skip_dag.py
[2022-09-07T17:24:39.286+0000] {processor.py:650} INFO - DAG(s) dict_keys(['example_skip_dag']) retrieved from /home/airflow/.local/lib/python3.7/site-packages/airflow/example_dags/example_skip_dag.py
[2022-09-07T17:24:39.306+0000] {logging_mixin.py:115} INFO - [2022-09-07T17:24:39.306+0000] {dag.py:2429} INFO - Sync 1 DAGs
[2022-09-07T17:24:39.319+0000] {logging_mixin.py:115} INFO - [2022-09-07T17:24:39.319+0000] {dag.py:2981} INFO - Setting next_dagrun for example_skip_dag to 2022-09-06T17:24:39.319748+00:00, run_after=2022-09-07T17:24:39.319748+00:00
[2022-09-07T17:24:39.328+0000] {processor.py:161} INFO - Processing /home/airflow/.local/lib/python3.7/site-packages/airflow/example_dags/example_skip_dag.py took 0.052 seconds
