[2022-09-07T07:55:31.995+0000] {processor.py:153} INFO - Started process (PID=40) to work on /home/airflow/.local/lib/python3.7/site-packages/airflow/example_dags/example_branch_operator_decorator.py
[2022-09-07T07:55:31.996+0000] {processor.py:640} INFO - Processing file /home/airflow/.local/lib/python3.7/site-packages/airflow/example_dags/example_branch_operator_decorator.py for tasks to queue
[2022-09-07T07:55:31.999+0000] {logging_mixin.py:115} INFO - [2022-09-07T07:55:31.999+0000] {dagbag.py:508} INFO - Filling up the DagBag from /home/airflow/.local/lib/python3.7/site-packages/airflow/example_dags/example_branch_operator_decorator.py
[2022-09-07T07:55:32.016+0000] {processor.py:650} INFO - DAG(s) dict_keys(['example_branch_python_operator_decorator']) retrieved from /home/airflow/.local/lib/python3.7/site-packages/airflow/example_dags/example_branch_operator_decorator.py
[2022-09-07T07:55:32.156+0000] {logging_mixin.py:115} INFO - [2022-09-07T07:55:32.156+0000] {manager.py:508} INFO - Created Permission View: can delete on DAG:example_branch_python_operator_decorator
[2022-09-07T07:55:32.177+0000] {logging_mixin.py:115} INFO - [2022-09-07T07:55:32.177+0000] {manager.py:508} INFO - Created Permission View: can read on DAG:example_branch_python_operator_decorator
[2022-09-07T07:55:32.185+0000] {logging_mixin.py:115} INFO - [2022-09-07T07:55:32.184+0000] {manager.py:508} INFO - Created Permission View: can edit on DAG:example_branch_python_operator_decorator
[2022-09-07T07:55:32.186+0000] {logging_mixin.py:115} INFO - [2022-09-07T07:55:32.186+0000] {dag.py:2429} INFO - Sync 1 DAGs
[2022-09-07T07:55:32.195+0000] {logging_mixin.py:115} INFO - [2022-09-07T07:55:32.195+0000] {dag.py:2448} INFO - Creating ORM DAG for example_branch_python_operator_decorator
[2022-09-07T07:55:32.211+0000] {logging_mixin.py:115} INFO - [2022-09-07T07:55:32.211+0000] {dag.py:2981} INFO - Setting next_dagrun for example_branch_python_operator_decorator to 2022-09-06T00:00:00+00:00, run_after=2022-09-07T00:00:00+00:00
[2022-09-07T07:55:32.226+0000] {processor.py:161} INFO - Processing /home/airflow/.local/lib/python3.7/site-packages/airflow/example_dags/example_branch_operator_decorator.py took 0.234 seconds
[2022-09-07T07:56:02.405+0000] {processor.py:153} INFO - Started process (PID=101) to work on /home/airflow/.local/lib/python3.7/site-packages/airflow/example_dags/example_branch_operator_decorator.py
[2022-09-07T07:56:02.406+0000] {processor.py:640} INFO - Processing file /home/airflow/.local/lib/python3.7/site-packages/airflow/example_dags/example_branch_operator_decorator.py for tasks to queue
[2022-09-07T07:56:02.407+0000] {logging_mixin.py:115} INFO - [2022-09-07T07:56:02.407+0000] {dagbag.py:508} INFO - Filling up the DagBag from /home/airflow/.local/lib/python3.7/site-packages/airflow/example_dags/example_branch_operator_decorator.py
[2022-09-07T07:56:02.418+0000] {processor.py:650} INFO - DAG(s) dict_keys(['example_branch_python_operator_decorator']) retrieved from /home/airflow/.local/lib/python3.7/site-packages/airflow/example_dags/example_branch_operator_decorator.py
[2022-09-07T07:56:02.435+0000] {logging_mixin.py:115} INFO - [2022-09-07T07:56:02.435+0000] {dag.py:2429} INFO - Sync 1 DAGs
[2022-09-07T07:56:02.453+0000] {logging_mixin.py:115} INFO - [2022-09-07T07:56:02.453+0000] {dag.py:2981} INFO - Setting next_dagrun for example_branch_python_operator_decorator to 2022-09-06T00:00:00+00:00, run_after=2022-09-07T00:00:00+00:00
[2022-09-07T07:56:02.461+0000] {processor.py:161} INFO - Processing /home/airflow/.local/lib/python3.7/site-packages/airflow/example_dags/example_branch_operator_decorator.py took 0.059 seconds
[2022-09-07T07:56:33.219+0000] {processor.py:153} INFO - Started process (PID=162) to work on /home/airflow/.local/lib/python3.7/site-packages/airflow/example_dags/example_branch_operator_decorator.py
[2022-09-07T07:56:33.221+0000] {processor.py:640} INFO - Processing file /home/airflow/.local/lib/python3.7/site-packages/airflow/example_dags/example_branch_operator_decorator.py for tasks to queue
[2022-09-07T07:56:33.221+0000] {logging_mixin.py:115} INFO - [2022-09-07T07:56:33.221+0000] {dagbag.py:508} INFO - Filling up the DagBag from /home/airflow/.local/lib/python3.7/site-packages/airflow/example_dags/example_branch_operator_decorator.py
[2022-09-07T07:56:33.233+0000] {processor.py:650} INFO - DAG(s) dict_keys(['example_branch_python_operator_decorator']) retrieved from /home/airflow/.local/lib/python3.7/site-packages/airflow/example_dags/example_branch_operator_decorator.py
[2022-09-07T07:56:33.250+0000] {logging_mixin.py:115} INFO - [2022-09-07T07:56:33.250+0000] {dag.py:2429} INFO - Sync 1 DAGs
[2022-09-07T07:56:33.264+0000] {logging_mixin.py:115} INFO - [2022-09-07T07:56:33.264+0000] {dag.py:2981} INFO - Setting next_dagrun for example_branch_python_operator_decorator to 2022-09-06T00:00:00+00:00, run_after=2022-09-07T00:00:00+00:00
[2022-09-07T07:56:33.275+0000] {processor.py:161} INFO - Processing /home/airflow/.local/lib/python3.7/site-packages/airflow/example_dags/example_branch_operator_decorator.py took 0.058 seconds
[2022-09-07T07:57:03.869+0000] {processor.py:153} INFO - Started process (PID=223) to work on /home/airflow/.local/lib/python3.7/site-packages/airflow/example_dags/example_branch_operator_decorator.py
[2022-09-07T07:57:03.871+0000] {processor.py:640} INFO - Processing file /home/airflow/.local/lib/python3.7/site-packages/airflow/example_dags/example_branch_operator_decorator.py for tasks to queue
[2022-09-07T07:57:03.872+0000] {logging_mixin.py:115} INFO - [2022-09-07T07:57:03.872+0000] {dagbag.py:508} INFO - Filling up the DagBag from /home/airflow/.local/lib/python3.7/site-packages/airflow/example_dags/example_branch_operator_decorator.py
[2022-09-07T07:57:03.883+0000] {processor.py:650} INFO - DAG(s) dict_keys(['example_branch_python_operator_decorator']) retrieved from /home/airflow/.local/lib/python3.7/site-packages/airflow/example_dags/example_branch_operator_decorator.py
[2022-09-07T07:57:03.904+0000] {logging_mixin.py:115} INFO - [2022-09-07T07:57:03.904+0000] {dag.py:2429} INFO - Sync 1 DAGs
[2022-09-07T07:57:03.918+0000] {logging_mixin.py:115} INFO - [2022-09-07T07:57:03.918+0000] {dag.py:2981} INFO - Setting next_dagrun for example_branch_python_operator_decorator to 2022-09-06T00:00:00+00:00, run_after=2022-09-07T00:00:00+00:00
[2022-09-07T07:57:03.927+0000] {processor.py:161} INFO - Processing /home/airflow/.local/lib/python3.7/site-packages/airflow/example_dags/example_branch_operator_decorator.py took 0.061 seconds
[2022-09-07T07:57:34.469+0000] {processor.py:153} INFO - Started process (PID=275) to work on /home/airflow/.local/lib/python3.7/site-packages/airflow/example_dags/example_branch_operator_decorator.py
[2022-09-07T07:57:34.471+0000] {processor.py:640} INFO - Processing file /home/airflow/.local/lib/python3.7/site-packages/airflow/example_dags/example_branch_operator_decorator.py for tasks to queue
[2022-09-07T07:57:34.473+0000] {logging_mixin.py:115} INFO - [2022-09-07T07:57:34.472+0000] {dagbag.py:508} INFO - Filling up the DagBag from /home/airflow/.local/lib/python3.7/site-packages/airflow/example_dags/example_branch_operator_decorator.py
[2022-09-07T07:57:34.484+0000] {processor.py:650} INFO - DAG(s) dict_keys(['example_branch_python_operator_decorator']) retrieved from /home/airflow/.local/lib/python3.7/site-packages/airflow/example_dags/example_branch_operator_decorator.py
[2022-09-07T07:57:34.502+0000] {logging_mixin.py:115} INFO - [2022-09-07T07:57:34.502+0000] {dag.py:2429} INFO - Sync 1 DAGs
[2022-09-07T07:57:34.516+0000] {logging_mixin.py:115} INFO - [2022-09-07T07:57:34.516+0000] {dag.py:2981} INFO - Setting next_dagrun for example_branch_python_operator_decorator to 2022-09-06T00:00:00+00:00, run_after=2022-09-07T00:00:00+00:00
[2022-09-07T07:57:34.525+0000] {processor.py:161} INFO - Processing /home/airflow/.local/lib/python3.7/site-packages/airflow/example_dags/example_branch_operator_decorator.py took 0.059 seconds
[2022-09-07T07:58:05.236+0000] {processor.py:153} INFO - Started process (PID=336) to work on /home/airflow/.local/lib/python3.7/site-packages/airflow/example_dags/example_branch_operator_decorator.py
[2022-09-07T07:58:05.241+0000] {processor.py:640} INFO - Processing file /home/airflow/.local/lib/python3.7/site-packages/airflow/example_dags/example_branch_operator_decorator.py for tasks to queue
[2022-09-07T07:58:05.242+0000] {logging_mixin.py:115} INFO - [2022-09-07T07:58:05.242+0000] {dagbag.py:508} INFO - Filling up the DagBag from /home/airflow/.local/lib/python3.7/site-packages/airflow/example_dags/example_branch_operator_decorator.py
[2022-09-07T07:58:05.255+0000] {processor.py:650} INFO - DAG(s) dict_keys(['example_branch_python_operator_decorator']) retrieved from /home/airflow/.local/lib/python3.7/site-packages/airflow/example_dags/example_branch_operator_decorator.py
[2022-09-07T07:58:05.282+0000] {logging_mixin.py:115} INFO - [2022-09-07T07:58:05.282+0000] {dag.py:2429} INFO - Sync 1 DAGs
[2022-09-07T07:58:05.299+0000] {logging_mixin.py:115} INFO - [2022-09-07T07:58:05.299+0000] {dag.py:2981} INFO - Setting next_dagrun for example_branch_python_operator_decorator to 2022-09-06T00:00:00+00:00, run_after=2022-09-07T00:00:00+00:00
[2022-09-07T07:58:05.312+0000] {processor.py:161} INFO - Processing /home/airflow/.local/lib/python3.7/site-packages/airflow/example_dags/example_branch_operator_decorator.py took 0.078 seconds
[2022-09-07T07:58:36.381+0000] {processor.py:153} INFO - Started process (PID=395) to work on /home/airflow/.local/lib/python3.7/site-packages/airflow/example_dags/example_branch_operator_decorator.py
[2022-09-07T07:58:36.382+0000] {processor.py:640} INFO - Processing file /home/airflow/.local/lib/python3.7/site-packages/airflow/example_dags/example_branch_operator_decorator.py for tasks to queue
[2022-09-07T07:58:36.383+0000] {logging_mixin.py:115} INFO - [2022-09-07T07:58:36.383+0000] {dagbag.py:508} INFO - Filling up the DagBag from /home/airflow/.local/lib/python3.7/site-packages/airflow/example_dags/example_branch_operator_decorator.py
[2022-09-07T07:58:36.394+0000] {processor.py:650} INFO - DAG(s) dict_keys(['example_branch_python_operator_decorator']) retrieved from /home/airflow/.local/lib/python3.7/site-packages/airflow/example_dags/example_branch_operator_decorator.py
[2022-09-07T07:58:36.411+0000] {logging_mixin.py:115} INFO - [2022-09-07T07:58:36.411+0000] {dag.py:2429} INFO - Sync 1 DAGs
[2022-09-07T07:58:36.424+0000] {logging_mixin.py:115} INFO - [2022-09-07T07:58:36.424+0000] {dag.py:2981} INFO - Setting next_dagrun for example_branch_python_operator_decorator to 2022-09-06T00:00:00+00:00, run_after=2022-09-07T00:00:00+00:00
[2022-09-07T07:58:36.433+0000] {processor.py:161} INFO - Processing /home/airflow/.local/lib/python3.7/site-packages/airflow/example_dags/example_branch_operator_decorator.py took 0.054 seconds
[2022-09-07T07:59:07.464+0000] {processor.py:153} INFO - Started process (PID=456) to work on /home/airflow/.local/lib/python3.7/site-packages/airflow/example_dags/example_branch_operator_decorator.py
[2022-09-07T07:59:07.466+0000] {processor.py:640} INFO - Processing file /home/airflow/.local/lib/python3.7/site-packages/airflow/example_dags/example_branch_operator_decorator.py for tasks to queue
[2022-09-07T07:59:07.468+0000] {logging_mixin.py:115} INFO - [2022-09-07T07:59:07.467+0000] {dagbag.py:508} INFO - Filling up the DagBag from /home/airflow/.local/lib/python3.7/site-packages/airflow/example_dags/example_branch_operator_decorator.py
[2022-09-07T07:59:07.480+0000] {processor.py:650} INFO - DAG(s) dict_keys(['example_branch_python_operator_decorator']) retrieved from /home/airflow/.local/lib/python3.7/site-packages/airflow/example_dags/example_branch_operator_decorator.py
[2022-09-07T07:59:07.498+0000] {logging_mixin.py:115} INFO - [2022-09-07T07:59:07.498+0000] {dag.py:2429} INFO - Sync 1 DAGs
[2022-09-07T07:59:07.512+0000] {logging_mixin.py:115} INFO - [2022-09-07T07:59:07.512+0000] {dag.py:2981} INFO - Setting next_dagrun for example_branch_python_operator_decorator to 2022-09-06T00:00:00+00:00, run_after=2022-09-07T00:00:00+00:00
[2022-09-07T07:59:07.523+0000] {processor.py:161} INFO - Processing /home/airflow/.local/lib/python3.7/site-packages/airflow/example_dags/example_branch_operator_decorator.py took 0.062 seconds
[2022-09-07T07:59:38.264+0000] {processor.py:153} INFO - Started process (PID=516) to work on /home/airflow/.local/lib/python3.7/site-packages/airflow/example_dags/example_branch_operator_decorator.py
[2022-09-07T07:59:38.266+0000] {processor.py:640} INFO - Processing file /home/airflow/.local/lib/python3.7/site-packages/airflow/example_dags/example_branch_operator_decorator.py for tasks to queue
[2022-09-07T07:59:38.267+0000] {logging_mixin.py:115} INFO - [2022-09-07T07:59:38.267+0000] {dagbag.py:508} INFO - Filling up the DagBag from /home/airflow/.local/lib/python3.7/site-packages/airflow/example_dags/example_branch_operator_decorator.py
[2022-09-07T07:59:38.277+0000] {processor.py:650} INFO - DAG(s) dict_keys(['example_branch_python_operator_decorator']) retrieved from /home/airflow/.local/lib/python3.7/site-packages/airflow/example_dags/example_branch_operator_decorator.py
[2022-09-07T07:59:38.294+0000] {logging_mixin.py:115} INFO - [2022-09-07T07:59:38.294+0000] {dag.py:2429} INFO - Sync 1 DAGs
[2022-09-07T07:59:38.307+0000] {logging_mixin.py:115} INFO - [2022-09-07T07:59:38.307+0000] {dag.py:2981} INFO - Setting next_dagrun for example_branch_python_operator_decorator to 2022-09-06T00:00:00+00:00, run_after=2022-09-07T00:00:00+00:00
[2022-09-07T07:59:38.315+0000] {processor.py:161} INFO - Processing /home/airflow/.local/lib/python3.7/site-packages/airflow/example_dags/example_branch_operator_decorator.py took 0.053 seconds
[2022-09-07T08:00:09.103+0000] {processor.py:153} INFO - Started process (PID=577) to work on /home/airflow/.local/lib/python3.7/site-packages/airflow/example_dags/example_branch_operator_decorator.py
[2022-09-07T08:00:09.105+0000] {processor.py:640} INFO - Processing file /home/airflow/.local/lib/python3.7/site-packages/airflow/example_dags/example_branch_operator_decorator.py for tasks to queue
[2022-09-07T08:00:09.106+0000] {logging_mixin.py:115} INFO - [2022-09-07T08:00:09.106+0000] {dagbag.py:508} INFO - Filling up the DagBag from /home/airflow/.local/lib/python3.7/site-packages/airflow/example_dags/example_branch_operator_decorator.py
[2022-09-07T08:00:09.118+0000] {processor.py:650} INFO - DAG(s) dict_keys(['example_branch_python_operator_decorator']) retrieved from /home/airflow/.local/lib/python3.7/site-packages/airflow/example_dags/example_branch_operator_decorator.py
[2022-09-07T08:00:09.136+0000] {logging_mixin.py:115} INFO - [2022-09-07T08:00:09.136+0000] {dag.py:2429} INFO - Sync 1 DAGs
[2022-09-07T08:00:09.151+0000] {logging_mixin.py:115} INFO - [2022-09-07T08:00:09.150+0000] {dag.py:2981} INFO - Setting next_dagrun for example_branch_python_operator_decorator to 2022-09-06T00:00:00+00:00, run_after=2022-09-07T00:00:00+00:00
[2022-09-07T08:00:09.160+0000] {processor.py:161} INFO - Processing /home/airflow/.local/lib/python3.7/site-packages/airflow/example_dags/example_branch_operator_decorator.py took 0.059 seconds
[2022-09-07T08:00:40.062+0000] {processor.py:153} INFO - Started process (PID=933) to work on /home/airflow/.local/lib/python3.7/site-packages/airflow/example_dags/example_branch_operator_decorator.py
[2022-09-07T08:00:40.064+0000] {processor.py:640} INFO - Processing file /home/airflow/.local/lib/python3.7/site-packages/airflow/example_dags/example_branch_operator_decorator.py for tasks to queue
[2022-09-07T08:00:40.065+0000] {logging_mixin.py:115} INFO - [2022-09-07T08:00:40.065+0000] {dagbag.py:508} INFO - Filling up the DagBag from /home/airflow/.local/lib/python3.7/site-packages/airflow/example_dags/example_branch_operator_decorator.py
[2022-09-07T08:00:40.083+0000] {processor.py:650} INFO - DAG(s) dict_keys(['example_branch_python_operator_decorator']) retrieved from /home/airflow/.local/lib/python3.7/site-packages/airflow/example_dags/example_branch_operator_decorator.py
[2022-09-07T08:00:40.113+0000] {logging_mixin.py:115} INFO - [2022-09-07T08:00:40.112+0000] {dag.py:2429} INFO - Sync 1 DAGs
[2022-09-07T08:00:40.133+0000] {logging_mixin.py:115} INFO - [2022-09-07T08:00:40.133+0000] {dag.py:2981} INFO - Setting next_dagrun for example_branch_python_operator_decorator to 2022-09-06T00:00:00+00:00, run_after=2022-09-07T00:00:00+00:00
[2022-09-07T08:00:40.145+0000] {processor.py:161} INFO - Processing /home/airflow/.local/lib/python3.7/site-packages/airflow/example_dags/example_branch_operator_decorator.py took 0.089 seconds
[2022-09-07T08:01:10.848+0000] {processor.py:153} INFO - Started process (PID=2082) to work on /home/airflow/.local/lib/python3.7/site-packages/airflow/example_dags/example_branch_operator_decorator.py
[2022-09-07T08:01:10.849+0000] {processor.py:640} INFO - Processing file /home/airflow/.local/lib/python3.7/site-packages/airflow/example_dags/example_branch_operator_decorator.py for tasks to queue
[2022-09-07T08:01:10.850+0000] {logging_mixin.py:115} INFO - [2022-09-07T08:01:10.850+0000] {dagbag.py:508} INFO - Filling up the DagBag from /home/airflow/.local/lib/python3.7/site-packages/airflow/example_dags/example_branch_operator_decorator.py
[2022-09-07T08:01:10.862+0000] {processor.py:650} INFO - DAG(s) dict_keys(['example_branch_python_operator_decorator']) retrieved from /home/airflow/.local/lib/python3.7/site-packages/airflow/example_dags/example_branch_operator_decorator.py
[2022-09-07T08:01:10.880+0000] {logging_mixin.py:115} INFO - [2022-09-07T08:01:10.880+0000] {dag.py:2429} INFO - Sync 1 DAGs
[2022-09-07T08:01:10.895+0000] {logging_mixin.py:115} INFO - [2022-09-07T08:01:10.895+0000] {dag.py:2981} INFO - Setting next_dagrun for example_branch_python_operator_decorator to 2022-09-06T00:00:00+00:00, run_after=2022-09-07T00:00:00+00:00
[2022-09-07T08:01:10.902+0000] {processor.py:161} INFO - Processing /home/airflow/.local/lib/python3.7/site-packages/airflow/example_dags/example_branch_operator_decorator.py took 0.058 seconds
[2022-09-07T08:01:41.594+0000] {processor.py:153} INFO - Started process (PID=2329) to work on /home/airflow/.local/lib/python3.7/site-packages/airflow/example_dags/example_branch_operator_decorator.py
[2022-09-07T08:01:41.595+0000] {processor.py:640} INFO - Processing file /home/airflow/.local/lib/python3.7/site-packages/airflow/example_dags/example_branch_operator_decorator.py for tasks to queue
[2022-09-07T08:01:41.596+0000] {logging_mixin.py:115} INFO - [2022-09-07T08:01:41.596+0000] {dagbag.py:508} INFO - Filling up the DagBag from /home/airflow/.local/lib/python3.7/site-packages/airflow/example_dags/example_branch_operator_decorator.py
[2022-09-07T08:01:41.608+0000] {processor.py:650} INFO - DAG(s) dict_keys(['example_branch_python_operator_decorator']) retrieved from /home/airflow/.local/lib/python3.7/site-packages/airflow/example_dags/example_branch_operator_decorator.py
[2022-09-07T08:01:41.627+0000] {logging_mixin.py:115} INFO - [2022-09-07T08:01:41.626+0000] {dag.py:2429} INFO - Sync 1 DAGs
[2022-09-07T08:01:41.642+0000] {logging_mixin.py:115} INFO - [2022-09-07T08:01:41.642+0000] {dag.py:2981} INFO - Setting next_dagrun for example_branch_python_operator_decorator to 2022-09-06T00:00:00+00:00, run_after=2022-09-07T00:00:00+00:00
[2022-09-07T08:01:41.652+0000] {processor.py:161} INFO - Processing /home/airflow/.local/lib/python3.7/site-packages/airflow/example_dags/example_branch_operator_decorator.py took 0.060 seconds
[2022-09-07T08:02:12.428+0000] {processor.py:153} INFO - Started process (PID=2391) to work on /home/airflow/.local/lib/python3.7/site-packages/airflow/example_dags/example_branch_operator_decorator.py
[2022-09-07T08:02:12.429+0000] {processor.py:640} INFO - Processing file /home/airflow/.local/lib/python3.7/site-packages/airflow/example_dags/example_branch_operator_decorator.py for tasks to queue
[2022-09-07T08:02:12.430+0000] {logging_mixin.py:115} INFO - [2022-09-07T08:02:12.430+0000] {dagbag.py:508} INFO - Filling up the DagBag from /home/airflow/.local/lib/python3.7/site-packages/airflow/example_dags/example_branch_operator_decorator.py
[2022-09-07T08:02:12.442+0000] {processor.py:650} INFO - DAG(s) dict_keys(['example_branch_python_operator_decorator']) retrieved from /home/airflow/.local/lib/python3.7/site-packages/airflow/example_dags/example_branch_operator_decorator.py
[2022-09-07T08:02:12.459+0000] {logging_mixin.py:115} INFO - [2022-09-07T08:02:12.459+0000] {dag.py:2429} INFO - Sync 1 DAGs
[2022-09-07T08:02:12.474+0000] {logging_mixin.py:115} INFO - [2022-09-07T08:02:12.474+0000] {dag.py:2981} INFO - Setting next_dagrun for example_branch_python_operator_decorator to 2022-09-06T00:00:00+00:00, run_after=2022-09-07T00:00:00+00:00
[2022-09-07T08:02:12.484+0000] {processor.py:161} INFO - Processing /home/airflow/.local/lib/python3.7/site-packages/airflow/example_dags/example_branch_operator_decorator.py took 0.058 seconds
[2022-09-07T08:02:43.248+0000] {processor.py:153} INFO - Started process (PID=2451) to work on /home/airflow/.local/lib/python3.7/site-packages/airflow/example_dags/example_branch_operator_decorator.py
[2022-09-07T08:02:43.250+0000] {processor.py:640} INFO - Processing file /home/airflow/.local/lib/python3.7/site-packages/airflow/example_dags/example_branch_operator_decorator.py for tasks to queue
[2022-09-07T08:02:43.251+0000] {logging_mixin.py:115} INFO - [2022-09-07T08:02:43.251+0000] {dagbag.py:508} INFO - Filling up the DagBag from /home/airflow/.local/lib/python3.7/site-packages/airflow/example_dags/example_branch_operator_decorator.py
[2022-09-07T08:02:43.261+0000] {processor.py:650} INFO - DAG(s) dict_keys(['example_branch_python_operator_decorator']) retrieved from /home/airflow/.local/lib/python3.7/site-packages/airflow/example_dags/example_branch_operator_decorator.py
[2022-09-07T08:02:43.288+0000] {logging_mixin.py:115} INFO - [2022-09-07T08:02:43.288+0000] {dag.py:2429} INFO - Sync 1 DAGs
[2022-09-07T08:02:43.303+0000] {logging_mixin.py:115} INFO - [2022-09-07T08:02:43.303+0000] {dag.py:2981} INFO - Setting next_dagrun for example_branch_python_operator_decorator to 2022-09-06T00:00:00+00:00, run_after=2022-09-07T00:00:00+00:00
[2022-09-07T08:02:43.311+0000] {processor.py:161} INFO - Processing /home/airflow/.local/lib/python3.7/site-packages/airflow/example_dags/example_branch_operator_decorator.py took 0.065 seconds
[2022-09-07T08:03:14.012+0000] {processor.py:153} INFO - Started process (PID=2511) to work on /home/airflow/.local/lib/python3.7/site-packages/airflow/example_dags/example_branch_operator_decorator.py
[2022-09-07T08:03:14.014+0000] {processor.py:640} INFO - Processing file /home/airflow/.local/lib/python3.7/site-packages/airflow/example_dags/example_branch_operator_decorator.py for tasks to queue
[2022-09-07T08:03:14.015+0000] {logging_mixin.py:115} INFO - [2022-09-07T08:03:14.015+0000] {dagbag.py:508} INFO - Filling up the DagBag from /home/airflow/.local/lib/python3.7/site-packages/airflow/example_dags/example_branch_operator_decorator.py
[2022-09-07T08:03:14.026+0000] {processor.py:650} INFO - DAG(s) dict_keys(['example_branch_python_operator_decorator']) retrieved from /home/airflow/.local/lib/python3.7/site-packages/airflow/example_dags/example_branch_operator_decorator.py
[2022-09-07T08:03:14.045+0000] {logging_mixin.py:115} INFO - [2022-09-07T08:03:14.045+0000] {dag.py:2429} INFO - Sync 1 DAGs
[2022-09-07T08:03:14.061+0000] {logging_mixin.py:115} INFO - [2022-09-07T08:03:14.061+0000] {dag.py:2981} INFO - Setting next_dagrun for example_branch_python_operator_decorator to 2022-09-06T00:00:00+00:00, run_after=2022-09-07T00:00:00+00:00
[2022-09-07T08:03:14.069+0000] {processor.py:161} INFO - Processing /home/airflow/.local/lib/python3.7/site-packages/airflow/example_dags/example_branch_operator_decorator.py took 0.059 seconds
[2022-09-07T08:03:44.812+0000] {processor.py:153} INFO - Started process (PID=2572) to work on /home/airflow/.local/lib/python3.7/site-packages/airflow/example_dags/example_branch_operator_decorator.py
[2022-09-07T08:03:44.814+0000] {processor.py:640} INFO - Processing file /home/airflow/.local/lib/python3.7/site-packages/airflow/example_dags/example_branch_operator_decorator.py for tasks to queue
[2022-09-07T08:03:44.816+0000] {logging_mixin.py:115} INFO - [2022-09-07T08:03:44.816+0000] {dagbag.py:508} INFO - Filling up the DagBag from /home/airflow/.local/lib/python3.7/site-packages/airflow/example_dags/example_branch_operator_decorator.py
[2022-09-07T08:03:44.828+0000] {processor.py:650} INFO - DAG(s) dict_keys(['example_branch_python_operator_decorator']) retrieved from /home/airflow/.local/lib/python3.7/site-packages/airflow/example_dags/example_branch_operator_decorator.py
[2022-09-07T08:03:44.847+0000] {logging_mixin.py:115} INFO - [2022-09-07T08:03:44.847+0000] {dag.py:2429} INFO - Sync 1 DAGs
[2022-09-07T08:03:44.864+0000] {logging_mixin.py:115} INFO - [2022-09-07T08:03:44.864+0000] {dag.py:2981} INFO - Setting next_dagrun for example_branch_python_operator_decorator to 2022-09-06T00:00:00+00:00, run_after=2022-09-07T00:00:00+00:00
[2022-09-07T08:03:44.873+0000] {processor.py:161} INFO - Processing /home/airflow/.local/lib/python3.7/site-packages/airflow/example_dags/example_branch_operator_decorator.py took 0.063 seconds
[2022-09-07T08:04:15.508+0000] {processor.py:153} INFO - Started process (PID=2624) to work on /home/airflow/.local/lib/python3.7/site-packages/airflow/example_dags/example_branch_operator_decorator.py
[2022-09-07T08:04:15.510+0000] {processor.py:640} INFO - Processing file /home/airflow/.local/lib/python3.7/site-packages/airflow/example_dags/example_branch_operator_decorator.py for tasks to queue
[2022-09-07T08:04:15.511+0000] {logging_mixin.py:115} INFO - [2022-09-07T08:04:15.511+0000] {dagbag.py:508} INFO - Filling up the DagBag from /home/airflow/.local/lib/python3.7/site-packages/airflow/example_dags/example_branch_operator_decorator.py
[2022-09-07T08:04:15.523+0000] {processor.py:650} INFO - DAG(s) dict_keys(['example_branch_python_operator_decorator']) retrieved from /home/airflow/.local/lib/python3.7/site-packages/airflow/example_dags/example_branch_operator_decorator.py
[2022-09-07T08:04:15.542+0000] {logging_mixin.py:115} INFO - [2022-09-07T08:04:15.542+0000] {dag.py:2429} INFO - Sync 1 DAGs
[2022-09-07T08:04:15.559+0000] {logging_mixin.py:115} INFO - [2022-09-07T08:04:15.559+0000] {dag.py:2981} INFO - Setting next_dagrun for example_branch_python_operator_decorator to 2022-09-06T00:00:00+00:00, run_after=2022-09-07T00:00:00+00:00
[2022-09-07T08:04:15.567+0000] {processor.py:161} INFO - Processing /home/airflow/.local/lib/python3.7/site-packages/airflow/example_dags/example_branch_operator_decorator.py took 0.061 seconds
[2022-09-07T16:20:34.579+0000] {processor.py:153} INFO - Started process (PID=49) to work on /home/airflow/.local/lib/python3.7/site-packages/airflow/example_dags/example_branch_operator_decorator.py
[2022-09-07T16:20:34.582+0000] {processor.py:640} INFO - Processing file /home/airflow/.local/lib/python3.7/site-packages/airflow/example_dags/example_branch_operator_decorator.py for tasks to queue
[2022-09-07T16:20:34.587+0000] {logging_mixin.py:115} INFO - [2022-09-07T16:20:34.587+0000] {dagbag.py:508} INFO - Filling up the DagBag from /home/airflow/.local/lib/python3.7/site-packages/airflow/example_dags/example_branch_operator_decorator.py
[2022-09-07T16:20:34.705+0000] {processor.py:650} INFO - DAG(s) dict_keys(['example_branch_python_operator_decorator']) retrieved from /home/airflow/.local/lib/python3.7/site-packages/airflow/example_dags/example_branch_operator_decorator.py
[2022-09-07T16:20:35.615+0000] {processor.py:164} ERROR - Got an exception! Propagating...
Traceback (most recent call last):
  File "/home/airflow/.local/lib/python3.7/site-packages/sqlalchemy/engine/base.py", line 3243, in _wrap_pool_connect
    return fn()
  File "/home/airflow/.local/lib/python3.7/site-packages/sqlalchemy/pool/base.py", line 310, in connect
    return _ConnectionFairy._checkout(self)
  File "/home/airflow/.local/lib/python3.7/site-packages/sqlalchemy/pool/base.py", line 868, in _checkout
    fairy = _ConnectionRecord.checkout(pool)
  File "/home/airflow/.local/lib/python3.7/site-packages/sqlalchemy/pool/base.py", line 476, in checkout
    rec = pool._do_get()
  File "/home/airflow/.local/lib/python3.7/site-packages/sqlalchemy/pool/impl.py", line 146, in _do_get
    self._dec_overflow()
  File "/home/airflow/.local/lib/python3.7/site-packages/sqlalchemy/util/langhelpers.py", line 72, in __exit__
    with_traceback=exc_tb,
  File "/home/airflow/.local/lib/python3.7/site-packages/sqlalchemy/util/compat.py", line 207, in raise_
    raise exception
  File "/home/airflow/.local/lib/python3.7/site-packages/sqlalchemy/pool/impl.py", line 143, in _do_get
    return self._create_connection()
  File "/home/airflow/.local/lib/python3.7/site-packages/sqlalchemy/pool/base.py", line 256, in _create_connection
    return _ConnectionRecord(self)
  File "/home/airflow/.local/lib/python3.7/site-packages/sqlalchemy/pool/base.py", line 371, in __init__
    self.__connect()
  File "/home/airflow/.local/lib/python3.7/site-packages/sqlalchemy/pool/base.py", line 666, in __connect
    pool.logger.debug("Error on connect(): %s", e)
  File "/home/airflow/.local/lib/python3.7/site-packages/sqlalchemy/util/langhelpers.py", line 72, in __exit__
    with_traceback=exc_tb,
  File "/home/airflow/.local/lib/python3.7/site-packages/sqlalchemy/util/compat.py", line 207, in raise_
    raise exception
  File "/home/airflow/.local/lib/python3.7/site-packages/sqlalchemy/pool/base.py", line 661, in __connect
    self.dbapi_connection = connection = pool._invoke_creator(self)
  File "/home/airflow/.local/lib/python3.7/site-packages/sqlalchemy/engine/create.py", line 590, in connect
    return dialect.connect(*cargs, **cparams)
  File "/home/airflow/.local/lib/python3.7/site-packages/sqlalchemy/engine/default.py", line 584, in connect
    return self.dbapi.connect(*cargs, **cparams)
  File "/home/airflow/.local/lib/python3.7/site-packages/psycopg2/__init__.py", line 122, in connect
    conn = _connect(dsn, connection_factory=connection_factory, **kwasync)
psycopg2.OperationalError: could not translate host name "postgres" to address: Name or service not known


The above exception was the direct cause of the following exception:

Traceback (most recent call last):
  File "/home/airflow/.local/lib/python3.7/site-packages/airflow/dag_processing/processor.py", line 158, in _run_file_processor
    callback_requests=callback_requests,
  File "/home/airflow/.local/lib/python3.7/site-packages/airflow/utils/session.py", line 71, in wrapper
    return func(*args, session=session, **kwargs)
  File "/home/airflow/.local/lib/python3.7/site-packages/airflow/dag_processing/processor.py", line 659, in process_file
    dagbag.sync_to_db()
  File "/home/airflow/.local/lib/python3.7/site-packages/airflow/utils/session.py", line 71, in wrapper
    return func(*args, session=session, **kwargs)
  File "/home/airflow/.local/lib/python3.7/site-packages/airflow/models/dagbag.py", line 616, in sync_to_db
    for attempt in run_with_db_retries(logger=self.log):
  File "/home/airflow/.local/lib/python3.7/site-packages/tenacity/__init__.py", line 382, in __iter__
    do = self.iter(retry_state=retry_state)
  File "/home/airflow/.local/lib/python3.7/site-packages/tenacity/__init__.py", line 360, in iter
    raise retry_exc.reraise()
  File "/home/airflow/.local/lib/python3.7/site-packages/tenacity/__init__.py", line 193, in reraise
    raise self.last_attempt.result()
  File "/usr/local/lib/python3.7/concurrent/futures/_base.py", line 428, in result
    return self.__get_result()
  File "/usr/local/lib/python3.7/concurrent/futures/_base.py", line 384, in __get_result
    raise self._exception
  File "/home/airflow/.local/lib/python3.7/site-packages/airflow/models/dagbag.py", line 628, in sync_to_db
    serialize_errors.extend(_serialize_dag_capturing_errors(dag, session))
  File "/home/airflow/.local/lib/python3.7/site-packages/airflow/models/dagbag.py", line 602, in _serialize_dag_capturing_errors
    session=session,
  File "/home/airflow/.local/lib/python3.7/site-packages/airflow/utils/session.py", line 68, in wrapper
    return func(*args, **kwargs)
  File "/home/airflow/.local/lib/python3.7/site-packages/airflow/models/serialized_dag.py", line 142, in write_dag
    (timezone.utcnow() - timedelta(seconds=min_update_interval)) < cls.last_updated,
  File "/home/airflow/.local/lib/python3.7/site-packages/sqlalchemy/orm/query.py", line 2810, in first
    return self.limit(1)._iter().first()
  File "/home/airflow/.local/lib/python3.7/site-packages/sqlalchemy/orm/query.py", line 2897, in _iter
    execution_options={"_sa_orm_load_options": self.load_options},
  File "/home/airflow/.local/lib/python3.7/site-packages/sqlalchemy/orm/session.py", line 1688, in execute
    conn = self._connection_for_bind(bind)
  File "/home/airflow/.local/lib/python3.7/site-packages/sqlalchemy/orm/session.py", line 1530, in _connection_for_bind
    engine, execution_options
  File "/home/airflow/.local/lib/python3.7/site-packages/sqlalchemy/orm/session.py", line 747, in _connection_for_bind
    conn = bind.connect()
  File "/home/airflow/.local/lib/python3.7/site-packages/sqlalchemy/engine/base.py", line 3197, in connect
    return self._connection_cls(self, close_with_result=close_with_result)
  File "/home/airflow/.local/lib/python3.7/site-packages/sqlalchemy/engine/base.py", line 96, in __init__
    else engine.raw_connection()
  File "/home/airflow/.local/lib/python3.7/site-packages/sqlalchemy/engine/base.py", line 3276, in raw_connection
    return self._wrap_pool_connect(self.pool.connect, _connection)
  File "/home/airflow/.local/lib/python3.7/site-packages/sqlalchemy/engine/base.py", line 3247, in _wrap_pool_connect
    e, dialect, self
  File "/home/airflow/.local/lib/python3.7/site-packages/sqlalchemy/engine/base.py", line 2101, in _handle_dbapi_exception_noconnection
    sqlalchemy_exception, with_traceback=exc_info[2], from_=e
  File "/home/airflow/.local/lib/python3.7/site-packages/sqlalchemy/util/compat.py", line 207, in raise_
    raise exception
  File "/home/airflow/.local/lib/python3.7/site-packages/sqlalchemy/engine/base.py", line 3243, in _wrap_pool_connect
    return fn()
  File "/home/airflow/.local/lib/python3.7/site-packages/sqlalchemy/pool/base.py", line 310, in connect
    return _ConnectionFairy._checkout(self)
  File "/home/airflow/.local/lib/python3.7/site-packages/sqlalchemy/pool/base.py", line 868, in _checkout
    fairy = _ConnectionRecord.checkout(pool)
  File "/home/airflow/.local/lib/python3.7/site-packages/sqlalchemy/pool/base.py", line 476, in checkout
    rec = pool._do_get()
  File "/home/airflow/.local/lib/python3.7/site-packages/sqlalchemy/pool/impl.py", line 146, in _do_get
    self._dec_overflow()
  File "/home/airflow/.local/lib/python3.7/site-packages/sqlalchemy/util/langhelpers.py", line 72, in __exit__
    with_traceback=exc_tb,
  File "/home/airflow/.local/lib/python3.7/site-packages/sqlalchemy/util/compat.py", line 207, in raise_
    raise exception
  File "/home/airflow/.local/lib/python3.7/site-packages/sqlalchemy/pool/impl.py", line 143, in _do_get
    return self._create_connection()
  File "/home/airflow/.local/lib/python3.7/site-packages/sqlalchemy/pool/base.py", line 256, in _create_connection
    return _ConnectionRecord(self)
  File "/home/airflow/.local/lib/python3.7/site-packages/sqlalchemy/pool/base.py", line 371, in __init__
    self.__connect()
  File "/home/airflow/.local/lib/python3.7/site-packages/sqlalchemy/pool/base.py", line 666, in __connect
    pool.logger.debug("Error on connect(): %s", e)
  File "/home/airflow/.local/lib/python3.7/site-packages/sqlalchemy/util/langhelpers.py", line 72, in __exit__
    with_traceback=exc_tb,
  File "/home/airflow/.local/lib/python3.7/site-packages/sqlalchemy/util/compat.py", line 207, in raise_
    raise exception
  File "/home/airflow/.local/lib/python3.7/site-packages/sqlalchemy/pool/base.py", line 661, in __connect
    self.dbapi_connection = connection = pool._invoke_creator(self)
  File "/home/airflow/.local/lib/python3.7/site-packages/sqlalchemy/engine/create.py", line 590, in connect
    return dialect.connect(*cargs, **cparams)
  File "/home/airflow/.local/lib/python3.7/site-packages/sqlalchemy/engine/default.py", line 584, in connect
    return self.dbapi.connect(*cargs, **cparams)
  File "/home/airflow/.local/lib/python3.7/site-packages/psycopg2/__init__.py", line 122, in connect
    conn = _connect(dsn, connection_factory=connection_factory, **kwasync)
sqlalchemy.exc.OperationalError: (psycopg2.OperationalError) could not translate host name "postgres" to address: Name or service not known

(Background on this error at: https://sqlalche.me/e/14/e3q8)
[2022-09-07T16:21:01.149+0000] {processor.py:153} INFO - Started process (PID=57) to work on /home/airflow/.local/lib/python3.7/site-packages/airflow/example_dags/example_branch_operator_decorator.py
[2022-09-07T16:21:01.151+0000] {processor.py:640} INFO - Processing file /home/airflow/.local/lib/python3.7/site-packages/airflow/example_dags/example_branch_operator_decorator.py for tasks to queue
[2022-09-07T16:21:01.152+0000] {logging_mixin.py:115} INFO - [2022-09-07T16:21:01.152+0000] {dagbag.py:508} INFO - Filling up the DagBag from /home/airflow/.local/lib/python3.7/site-packages/airflow/example_dags/example_branch_operator_decorator.py
[2022-09-07T16:21:01.169+0000] {processor.py:650} INFO - DAG(s) dict_keys(['example_branch_python_operator_decorator']) retrieved from /home/airflow/.local/lib/python3.7/site-packages/airflow/example_dags/example_branch_operator_decorator.py
[2022-09-07T16:21:01.188+0000] {logging_mixin.py:115} INFO - [2022-09-07T16:21:01.188+0000] {dag.py:2429} INFO - Sync 1 DAGs
[2022-09-07T16:21:01.205+0000] {logging_mixin.py:115} INFO - [2022-09-07T16:21:01.204+0000] {dag.py:2981} INFO - Setting next_dagrun for example_branch_python_operator_decorator to 2022-09-06T00:00:00+00:00, run_after=2022-09-07T00:00:00+00:00
[2022-09-07T16:21:01.215+0000] {processor.py:161} INFO - Processing /home/airflow/.local/lib/python3.7/site-packages/airflow/example_dags/example_branch_operator_decorator.py took 0.068 seconds
[2022-09-07T16:21:31.831+0000] {processor.py:153} INFO - Started process (PID=117) to work on /home/airflow/.local/lib/python3.7/site-packages/airflow/example_dags/example_branch_operator_decorator.py
[2022-09-07T16:21:31.833+0000] {processor.py:640} INFO - Processing file /home/airflow/.local/lib/python3.7/site-packages/airflow/example_dags/example_branch_operator_decorator.py for tasks to queue
[2022-09-07T16:21:31.834+0000] {logging_mixin.py:115} INFO - [2022-09-07T16:21:31.834+0000] {dagbag.py:508} INFO - Filling up the DagBag from /home/airflow/.local/lib/python3.7/site-packages/airflow/example_dags/example_branch_operator_decorator.py
[2022-09-07T16:21:31.847+0000] {processor.py:650} INFO - DAG(s) dict_keys(['example_branch_python_operator_decorator']) retrieved from /home/airflow/.local/lib/python3.7/site-packages/airflow/example_dags/example_branch_operator_decorator.py
[2022-09-07T16:21:31.867+0000] {logging_mixin.py:115} INFO - [2022-09-07T16:21:31.866+0000] {dag.py:2429} INFO - Sync 1 DAGs
[2022-09-07T16:21:31.884+0000] {logging_mixin.py:115} INFO - [2022-09-07T16:21:31.884+0000] {dag.py:2981} INFO - Setting next_dagrun for example_branch_python_operator_decorator to 2022-09-06T00:00:00+00:00, run_after=2022-09-07T00:00:00+00:00
[2022-09-07T16:21:31.896+0000] {processor.py:161} INFO - Processing /home/airflow/.local/lib/python3.7/site-packages/airflow/example_dags/example_branch_operator_decorator.py took 0.067 seconds
[2022-09-07T16:22:02.493+0000] {processor.py:153} INFO - Started process (PID=565) to work on /home/airflow/.local/lib/python3.7/site-packages/airflow/example_dags/example_branch_operator_decorator.py
[2022-09-07T16:22:02.494+0000] {processor.py:640} INFO - Processing file /home/airflow/.local/lib/python3.7/site-packages/airflow/example_dags/example_branch_operator_decorator.py for tasks to queue
[2022-09-07T16:22:02.496+0000] {logging_mixin.py:115} INFO - [2022-09-07T16:22:02.496+0000] {dagbag.py:508} INFO - Filling up the DagBag from /home/airflow/.local/lib/python3.7/site-packages/airflow/example_dags/example_branch_operator_decorator.py
[2022-09-07T16:22:02.508+0000] {processor.py:650} INFO - DAG(s) dict_keys(['example_branch_python_operator_decorator']) retrieved from /home/airflow/.local/lib/python3.7/site-packages/airflow/example_dags/example_branch_operator_decorator.py
[2022-09-07T16:22:02.526+0000] {logging_mixin.py:115} INFO - [2022-09-07T16:22:02.526+0000] {dag.py:2429} INFO - Sync 1 DAGs
[2022-09-07T16:22:02.547+0000] {logging_mixin.py:115} INFO - [2022-09-07T16:22:02.547+0000] {dag.py:2981} INFO - Setting next_dagrun for example_branch_python_operator_decorator to 2022-09-06T00:00:00+00:00, run_after=2022-09-07T00:00:00+00:00
[2022-09-07T16:22:02.558+0000] {processor.py:161} INFO - Processing /home/airflow/.local/lib/python3.7/site-packages/airflow/example_dags/example_branch_operator_decorator.py took 0.068 seconds
[2022-09-07T16:22:32.680+0000] {processor.py:153} INFO - Started process (PID=1268) to work on /home/airflow/.local/lib/python3.7/site-packages/airflow/example_dags/example_branch_operator_decorator.py
[2022-09-07T16:22:32.682+0000] {processor.py:640} INFO - Processing file /home/airflow/.local/lib/python3.7/site-packages/airflow/example_dags/example_branch_operator_decorator.py for tasks to queue
[2022-09-07T16:22:32.683+0000] {logging_mixin.py:115} INFO - [2022-09-07T16:22:32.683+0000] {dagbag.py:508} INFO - Filling up the DagBag from /home/airflow/.local/lib/python3.7/site-packages/airflow/example_dags/example_branch_operator_decorator.py
[2022-09-07T16:22:32.696+0000] {processor.py:650} INFO - DAG(s) dict_keys(['example_branch_python_operator_decorator']) retrieved from /home/airflow/.local/lib/python3.7/site-packages/airflow/example_dags/example_branch_operator_decorator.py
[2022-09-07T16:22:32.715+0000] {logging_mixin.py:115} INFO - [2022-09-07T16:22:32.715+0000] {dag.py:2429} INFO - Sync 1 DAGs
[2022-09-07T16:22:32.730+0000] {logging_mixin.py:115} INFO - [2022-09-07T16:22:32.730+0000] {dag.py:2981} INFO - Setting next_dagrun for example_branch_python_operator_decorator to 2022-09-06T00:00:00+00:00, run_after=2022-09-07T00:00:00+00:00
[2022-09-07T16:22:32.740+0000] {processor.py:161} INFO - Processing /home/airflow/.local/lib/python3.7/site-packages/airflow/example_dags/example_branch_operator_decorator.py took 0.062 seconds
[2022-09-07T16:23:03.308+0000] {processor.py:153} INFO - Started process (PID=1800) to work on /home/airflow/.local/lib/python3.7/site-packages/airflow/example_dags/example_branch_operator_decorator.py
[2022-09-07T16:23:03.309+0000] {processor.py:640} INFO - Processing file /home/airflow/.local/lib/python3.7/site-packages/airflow/example_dags/example_branch_operator_decorator.py for tasks to queue
[2022-09-07T16:23:03.310+0000] {logging_mixin.py:115} INFO - [2022-09-07T16:23:03.310+0000] {dagbag.py:508} INFO - Filling up the DagBag from /home/airflow/.local/lib/python3.7/site-packages/airflow/example_dags/example_branch_operator_decorator.py
[2022-09-07T16:23:03.322+0000] {processor.py:650} INFO - DAG(s) dict_keys(['example_branch_python_operator_decorator']) retrieved from /home/airflow/.local/lib/python3.7/site-packages/airflow/example_dags/example_branch_operator_decorator.py
[2022-09-07T16:23:03.341+0000] {logging_mixin.py:115} INFO - [2022-09-07T16:23:03.341+0000] {dag.py:2429} INFO - Sync 1 DAGs
[2022-09-07T16:23:03.356+0000] {logging_mixin.py:115} INFO - [2022-09-07T16:23:03.356+0000] {dag.py:2981} INFO - Setting next_dagrun for example_branch_python_operator_decorator to 2022-09-06T00:00:00+00:00, run_after=2022-09-07T00:00:00+00:00
[2022-09-07T16:23:03.376+0000] {processor.py:161} INFO - Processing /home/airflow/.local/lib/python3.7/site-packages/airflow/example_dags/example_branch_operator_decorator.py took 0.071 seconds
[2022-09-07T16:23:34.183+0000] {processor.py:153} INFO - Started process (PID=2169) to work on /home/airflow/.local/lib/python3.7/site-packages/airflow/example_dags/example_branch_operator_decorator.py
[2022-09-07T16:23:34.200+0000] {processor.py:640} INFO - Processing file /home/airflow/.local/lib/python3.7/site-packages/airflow/example_dags/example_branch_operator_decorator.py for tasks to queue
[2022-09-07T16:23:34.201+0000] {logging_mixin.py:115} INFO - [2022-09-07T16:23:34.201+0000] {dagbag.py:508} INFO - Filling up the DagBag from /home/airflow/.local/lib/python3.7/site-packages/airflow/example_dags/example_branch_operator_decorator.py
[2022-09-07T16:23:34.212+0000] {processor.py:650} INFO - DAG(s) dict_keys(['example_branch_python_operator_decorator']) retrieved from /home/airflow/.local/lib/python3.7/site-packages/airflow/example_dags/example_branch_operator_decorator.py
[2022-09-07T16:23:34.260+0000] {logging_mixin.py:115} INFO - [2022-09-07T16:23:34.260+0000] {dag.py:2429} INFO - Sync 1 DAGs
[2022-09-07T16:23:34.274+0000] {logging_mixin.py:115} INFO - [2022-09-07T16:23:34.274+0000] {dag.py:2981} INFO - Setting next_dagrun for example_branch_python_operator_decorator to 2022-09-06T00:00:00+00:00, run_after=2022-09-07T00:00:00+00:00
[2022-09-07T16:23:34.283+0000] {processor.py:161} INFO - Processing /home/airflow/.local/lib/python3.7/site-packages/airflow/example_dags/example_branch_operator_decorator.py took 0.102 seconds
[2022-09-07T16:24:04.838+0000] {processor.py:153} INFO - Started process (PID=2546) to work on /home/airflow/.local/lib/python3.7/site-packages/airflow/example_dags/example_branch_operator_decorator.py
[2022-09-07T16:24:04.840+0000] {processor.py:640} INFO - Processing file /home/airflow/.local/lib/python3.7/site-packages/airflow/example_dags/example_branch_operator_decorator.py for tasks to queue
[2022-09-07T16:24:04.841+0000] {logging_mixin.py:115} INFO - [2022-09-07T16:24:04.841+0000] {dagbag.py:508} INFO - Filling up the DagBag from /home/airflow/.local/lib/python3.7/site-packages/airflow/example_dags/example_branch_operator_decorator.py
[2022-09-07T16:24:04.853+0000] {processor.py:650} INFO - DAG(s) dict_keys(['example_branch_python_operator_decorator']) retrieved from /home/airflow/.local/lib/python3.7/site-packages/airflow/example_dags/example_branch_operator_decorator.py
[2022-09-07T16:24:04.876+0000] {logging_mixin.py:115} INFO - [2022-09-07T16:24:04.876+0000] {dag.py:2429} INFO - Sync 1 DAGs
[2022-09-07T16:24:04.890+0000] {logging_mixin.py:115} INFO - [2022-09-07T16:24:04.890+0000] {dag.py:2981} INFO - Setting next_dagrun for example_branch_python_operator_decorator to 2022-09-06T00:00:00+00:00, run_after=2022-09-07T00:00:00+00:00
[2022-09-07T16:24:04.900+0000] {processor.py:161} INFO - Processing /home/airflow/.local/lib/python3.7/site-packages/airflow/example_dags/example_branch_operator_decorator.py took 0.064 seconds
[2022-09-07T16:24:35.458+0000] {processor.py:153} INFO - Started process (PID=2906) to work on /home/airflow/.local/lib/python3.7/site-packages/airflow/example_dags/example_branch_operator_decorator.py
[2022-09-07T16:24:35.461+0000] {processor.py:640} INFO - Processing file /home/airflow/.local/lib/python3.7/site-packages/airflow/example_dags/example_branch_operator_decorator.py for tasks to queue
[2022-09-07T16:24:35.462+0000] {logging_mixin.py:115} INFO - [2022-09-07T16:24:35.462+0000] {dagbag.py:508} INFO - Filling up the DagBag from /home/airflow/.local/lib/python3.7/site-packages/airflow/example_dags/example_branch_operator_decorator.py
[2022-09-07T16:24:35.476+0000] {processor.py:650} INFO - DAG(s) dict_keys(['example_branch_python_operator_decorator']) retrieved from /home/airflow/.local/lib/python3.7/site-packages/airflow/example_dags/example_branch_operator_decorator.py
[2022-09-07T16:24:35.500+0000] {logging_mixin.py:115} INFO - [2022-09-07T16:24:35.500+0000] {dag.py:2429} INFO - Sync 1 DAGs
[2022-09-07T16:24:35.528+0000] {logging_mixin.py:115} INFO - [2022-09-07T16:24:35.528+0000] {dag.py:2981} INFO - Setting next_dagrun for example_branch_python_operator_decorator to 2022-09-06T00:00:00+00:00, run_after=2022-09-07T00:00:00+00:00
[2022-09-07T16:24:35.539+0000] {processor.py:161} INFO - Processing /home/airflow/.local/lib/python3.7/site-packages/airflow/example_dags/example_branch_operator_decorator.py took 0.086 seconds
[2022-09-07T16:25:06.283+0000] {processor.py:153} INFO - Started process (PID=3241) to work on /home/airflow/.local/lib/python3.7/site-packages/airflow/example_dags/example_branch_operator_decorator.py
[2022-09-07T16:25:06.285+0000] {processor.py:640} INFO - Processing file /home/airflow/.local/lib/python3.7/site-packages/airflow/example_dags/example_branch_operator_decorator.py for tasks to queue
[2022-09-07T16:25:06.287+0000] {logging_mixin.py:115} INFO - [2022-09-07T16:25:06.287+0000] {dagbag.py:508} INFO - Filling up the DagBag from /home/airflow/.local/lib/python3.7/site-packages/airflow/example_dags/example_branch_operator_decorator.py
[2022-09-07T16:25:06.304+0000] {processor.py:650} INFO - DAG(s) dict_keys(['example_branch_python_operator_decorator']) retrieved from /home/airflow/.local/lib/python3.7/site-packages/airflow/example_dags/example_branch_operator_decorator.py
[2022-09-07T16:25:06.328+0000] {logging_mixin.py:115} INFO - [2022-09-07T16:25:06.328+0000] {dag.py:2429} INFO - Sync 1 DAGs
[2022-09-07T16:25:06.351+0000] {logging_mixin.py:115} INFO - [2022-09-07T16:25:06.350+0000] {dag.py:2981} INFO - Setting next_dagrun for example_branch_python_operator_decorator to 2022-09-06T00:00:00+00:00, run_after=2022-09-07T00:00:00+00:00
[2022-09-07T16:25:06.371+0000] {processor.py:161} INFO - Processing /home/airflow/.local/lib/python3.7/site-packages/airflow/example_dags/example_branch_operator_decorator.py took 0.093 seconds
[2022-09-07T16:25:36.600+0000] {processor.py:153} INFO - Started process (PID=3302) to work on /home/airflow/.local/lib/python3.7/site-packages/airflow/example_dags/example_branch_operator_decorator.py
[2022-09-07T16:25:36.602+0000] {processor.py:640} INFO - Processing file /home/airflow/.local/lib/python3.7/site-packages/airflow/example_dags/example_branch_operator_decorator.py for tasks to queue
[2022-09-07T16:25:36.603+0000] {logging_mixin.py:115} INFO - [2022-09-07T16:25:36.603+0000] {dagbag.py:508} INFO - Filling up the DagBag from /home/airflow/.local/lib/python3.7/site-packages/airflow/example_dags/example_branch_operator_decorator.py
[2022-09-07T16:25:36.615+0000] {processor.py:650} INFO - DAG(s) dict_keys(['example_branch_python_operator_decorator']) retrieved from /home/airflow/.local/lib/python3.7/site-packages/airflow/example_dags/example_branch_operator_decorator.py
[2022-09-07T16:25:36.637+0000] {logging_mixin.py:115} INFO - [2022-09-07T16:25:36.637+0000] {dag.py:2429} INFO - Sync 1 DAGs
[2022-09-07T16:25:36.656+0000] {logging_mixin.py:115} INFO - [2022-09-07T16:25:36.656+0000] {dag.py:2981} INFO - Setting next_dagrun for example_branch_python_operator_decorator to 2022-09-06T00:00:00+00:00, run_after=2022-09-07T00:00:00+00:00
[2022-09-07T16:25:36.666+0000] {processor.py:161} INFO - Processing /home/airflow/.local/lib/python3.7/site-packages/airflow/example_dags/example_branch_operator_decorator.py took 0.068 seconds
[2022-09-07T16:26:06.843+0000] {processor.py:153} INFO - Started process (PID=3355) to work on /home/airflow/.local/lib/python3.7/site-packages/airflow/example_dags/example_branch_operator_decorator.py
[2022-09-07T16:26:06.845+0000] {processor.py:640} INFO - Processing file /home/airflow/.local/lib/python3.7/site-packages/airflow/example_dags/example_branch_operator_decorator.py for tasks to queue
[2022-09-07T16:26:06.847+0000] {logging_mixin.py:115} INFO - [2022-09-07T16:26:06.846+0000] {dagbag.py:508} INFO - Filling up the DagBag from /home/airflow/.local/lib/python3.7/site-packages/airflow/example_dags/example_branch_operator_decorator.py
[2022-09-07T16:26:06.861+0000] {processor.py:650} INFO - DAG(s) dict_keys(['example_branch_python_operator_decorator']) retrieved from /home/airflow/.local/lib/python3.7/site-packages/airflow/example_dags/example_branch_operator_decorator.py
[2022-09-07T16:26:06.907+0000] {logging_mixin.py:115} INFO - [2022-09-07T16:26:06.907+0000] {dag.py:2429} INFO - Sync 1 DAGs
[2022-09-07T16:26:06.941+0000] {logging_mixin.py:115} INFO - [2022-09-07T16:26:06.941+0000] {dag.py:2981} INFO - Setting next_dagrun for example_branch_python_operator_decorator to 2022-09-06T00:00:00+00:00, run_after=2022-09-07T00:00:00+00:00
[2022-09-07T16:26:06.955+0000] {processor.py:161} INFO - Processing /home/airflow/.local/lib/python3.7/site-packages/airflow/example_dags/example_branch_operator_decorator.py took 0.115 seconds
[2022-09-07T16:26:37.013+0000] {processor.py:153} INFO - Started process (PID=3416) to work on /home/airflow/.local/lib/python3.7/site-packages/airflow/example_dags/example_branch_operator_decorator.py
[2022-09-07T16:26:37.015+0000] {processor.py:640} INFO - Processing file /home/airflow/.local/lib/python3.7/site-packages/airflow/example_dags/example_branch_operator_decorator.py for tasks to queue
[2022-09-07T16:26:37.016+0000] {logging_mixin.py:115} INFO - [2022-09-07T16:26:37.016+0000] {dagbag.py:508} INFO - Filling up the DagBag from /home/airflow/.local/lib/python3.7/site-packages/airflow/example_dags/example_branch_operator_decorator.py
[2022-09-07T16:26:37.028+0000] {processor.py:650} INFO - DAG(s) dict_keys(['example_branch_python_operator_decorator']) retrieved from /home/airflow/.local/lib/python3.7/site-packages/airflow/example_dags/example_branch_operator_decorator.py
[2022-09-07T16:26:37.049+0000] {logging_mixin.py:115} INFO - [2022-09-07T16:26:37.048+0000] {dag.py:2429} INFO - Sync 1 DAGs
[2022-09-07T16:26:37.064+0000] {logging_mixin.py:115} INFO - [2022-09-07T16:26:37.064+0000] {dag.py:2981} INFO - Setting next_dagrun for example_branch_python_operator_decorator to 2022-09-06T00:00:00+00:00, run_after=2022-09-07T00:00:00+00:00
[2022-09-07T16:26:37.073+0000] {processor.py:161} INFO - Processing /home/airflow/.local/lib/python3.7/site-packages/airflow/example_dags/example_branch_operator_decorator.py took 0.062 seconds
[2022-09-07T16:27:07.571+0000] {processor.py:153} INFO - Started process (PID=3477) to work on /home/airflow/.local/lib/python3.7/site-packages/airflow/example_dags/example_branch_operator_decorator.py
[2022-09-07T16:27:07.573+0000] {processor.py:640} INFO - Processing file /home/airflow/.local/lib/python3.7/site-packages/airflow/example_dags/example_branch_operator_decorator.py for tasks to queue
[2022-09-07T16:27:07.574+0000] {logging_mixin.py:115} INFO - [2022-09-07T16:27:07.574+0000] {dagbag.py:508} INFO - Filling up the DagBag from /home/airflow/.local/lib/python3.7/site-packages/airflow/example_dags/example_branch_operator_decorator.py
[2022-09-07T16:27:07.589+0000] {processor.py:650} INFO - DAG(s) dict_keys(['example_branch_python_operator_decorator']) retrieved from /home/airflow/.local/lib/python3.7/site-packages/airflow/example_dags/example_branch_operator_decorator.py
[2022-09-07T16:27:07.613+0000] {logging_mixin.py:115} INFO - [2022-09-07T16:27:07.613+0000] {dag.py:2429} INFO - Sync 1 DAGs
[2022-09-07T16:27:07.653+0000] {logging_mixin.py:115} INFO - [2022-09-07T16:27:07.653+0000] {dag.py:2981} INFO - Setting next_dagrun for example_branch_python_operator_decorator to 2022-09-06T00:00:00+00:00, run_after=2022-09-07T00:00:00+00:00
[2022-09-07T16:27:07.664+0000] {processor.py:161} INFO - Processing /home/airflow/.local/lib/python3.7/site-packages/airflow/example_dags/example_branch_operator_decorator.py took 0.096 seconds
[2022-09-07T16:27:38.269+0000] {processor.py:153} INFO - Started process (PID=3539) to work on /home/airflow/.local/lib/python3.7/site-packages/airflow/example_dags/example_branch_operator_decorator.py
[2022-09-07T16:27:38.271+0000] {processor.py:640} INFO - Processing file /home/airflow/.local/lib/python3.7/site-packages/airflow/example_dags/example_branch_operator_decorator.py for tasks to queue
[2022-09-07T16:27:38.272+0000] {logging_mixin.py:115} INFO - [2022-09-07T16:27:38.272+0000] {dagbag.py:508} INFO - Filling up the DagBag from /home/airflow/.local/lib/python3.7/site-packages/airflow/example_dags/example_branch_operator_decorator.py
[2022-09-07T16:27:38.285+0000] {processor.py:650} INFO - DAG(s) dict_keys(['example_branch_python_operator_decorator']) retrieved from /home/airflow/.local/lib/python3.7/site-packages/airflow/example_dags/example_branch_operator_decorator.py
[2022-09-07T16:27:38.303+0000] {logging_mixin.py:115} INFO - [2022-09-07T16:27:38.303+0000] {dag.py:2429} INFO - Sync 1 DAGs
[2022-09-07T16:27:38.321+0000] {logging_mixin.py:115} INFO - [2022-09-07T16:27:38.321+0000] {dag.py:2981} INFO - Setting next_dagrun for example_branch_python_operator_decorator to 2022-09-06T00:00:00+00:00, run_after=2022-09-07T00:00:00+00:00
[2022-09-07T16:27:38.332+0000] {processor.py:161} INFO - Processing /home/airflow/.local/lib/python3.7/site-packages/airflow/example_dags/example_branch_operator_decorator.py took 0.065 seconds
[2022-09-07T16:28:09.106+0000] {processor.py:153} INFO - Started process (PID=3600) to work on /home/airflow/.local/lib/python3.7/site-packages/airflow/example_dags/example_branch_operator_decorator.py
[2022-09-07T16:28:09.107+0000] {processor.py:640} INFO - Processing file /home/airflow/.local/lib/python3.7/site-packages/airflow/example_dags/example_branch_operator_decorator.py for tasks to queue
[2022-09-07T16:28:09.108+0000] {logging_mixin.py:115} INFO - [2022-09-07T16:28:09.108+0000] {dagbag.py:508} INFO - Filling up the DagBag from /home/airflow/.local/lib/python3.7/site-packages/airflow/example_dags/example_branch_operator_decorator.py
[2022-09-07T16:28:09.120+0000] {processor.py:650} INFO - DAG(s) dict_keys(['example_branch_python_operator_decorator']) retrieved from /home/airflow/.local/lib/python3.7/site-packages/airflow/example_dags/example_branch_operator_decorator.py
[2022-09-07T16:28:09.142+0000] {logging_mixin.py:115} INFO - [2022-09-07T16:28:09.142+0000] {dag.py:2429} INFO - Sync 1 DAGs
[2022-09-07T16:28:09.158+0000] {logging_mixin.py:115} INFO - [2022-09-07T16:28:09.158+0000] {dag.py:2981} INFO - Setting next_dagrun for example_branch_python_operator_decorator to 2022-09-06T00:00:00+00:00, run_after=2022-09-07T00:00:00+00:00
[2022-09-07T16:28:09.167+0000] {processor.py:161} INFO - Processing /home/airflow/.local/lib/python3.7/site-packages/airflow/example_dags/example_branch_operator_decorator.py took 0.064 seconds
[2022-09-07T16:29:17.833+0000] {processor.py:153} INFO - Started process (PID=46) to work on /home/airflow/.local/lib/python3.7/site-packages/airflow/example_dags/example_branch_operator_decorator.py
[2022-09-07T16:29:17.834+0000] {processor.py:640} INFO - Processing file /home/airflow/.local/lib/python3.7/site-packages/airflow/example_dags/example_branch_operator_decorator.py for tasks to queue
[2022-09-07T16:29:17.837+0000] {logging_mixin.py:115} INFO - [2022-09-07T16:29:17.837+0000] {dagbag.py:508} INFO - Filling up the DagBag from /home/airflow/.local/lib/python3.7/site-packages/airflow/example_dags/example_branch_operator_decorator.py
[2022-09-07T16:29:17.865+0000] {processor.py:650} INFO - DAG(s) dict_keys(['example_branch_python_operator_decorator']) retrieved from /home/airflow/.local/lib/python3.7/site-packages/airflow/example_dags/example_branch_operator_decorator.py
[2022-09-07T16:29:17.926+0000] {logging_mixin.py:115} INFO - [2022-09-07T16:29:17.925+0000] {dag.py:2429} INFO - Sync 1 DAGs
[2022-09-07T16:29:17.978+0000] {logging_mixin.py:115} INFO - [2022-09-07T16:29:17.978+0000] {dag.py:2981} INFO - Setting next_dagrun for example_branch_python_operator_decorator to 2022-09-06T00:00:00+00:00, run_after=2022-09-07T00:00:00+00:00
[2022-09-07T16:29:18.013+0000] {processor.py:161} INFO - Processing /home/airflow/.local/lib/python3.7/site-packages/airflow/example_dags/example_branch_operator_decorator.py took 0.183 seconds
[2022-09-07T16:29:48.923+0000] {processor.py:153} INFO - Started process (PID=100) to work on /home/airflow/.local/lib/python3.7/site-packages/airflow/example_dags/example_branch_operator_decorator.py
[2022-09-07T16:29:48.925+0000] {processor.py:640} INFO - Processing file /home/airflow/.local/lib/python3.7/site-packages/airflow/example_dags/example_branch_operator_decorator.py for tasks to queue
[2022-09-07T16:29:48.926+0000] {logging_mixin.py:115} INFO - [2022-09-07T16:29:48.926+0000] {dagbag.py:508} INFO - Filling up the DagBag from /home/airflow/.local/lib/python3.7/site-packages/airflow/example_dags/example_branch_operator_decorator.py
[2022-09-07T16:29:48.946+0000] {processor.py:650} INFO - DAG(s) dict_keys(['example_branch_python_operator_decorator']) retrieved from /home/airflow/.local/lib/python3.7/site-packages/airflow/example_dags/example_branch_operator_decorator.py
[2022-09-07T16:29:48.971+0000] {logging_mixin.py:115} INFO - [2022-09-07T16:29:48.971+0000] {dag.py:2429} INFO - Sync 1 DAGs
[2022-09-07T16:29:48.988+0000] {logging_mixin.py:115} INFO - [2022-09-07T16:29:48.988+0000] {dag.py:2981} INFO - Setting next_dagrun for example_branch_python_operator_decorator to 2022-09-06T00:00:00+00:00, run_after=2022-09-07T00:00:00+00:00
[2022-09-07T16:29:49.002+0000] {processor.py:161} INFO - Processing /home/airflow/.local/lib/python3.7/site-packages/airflow/example_dags/example_branch_operator_decorator.py took 0.085 seconds
[2022-09-07T16:30:19.076+0000] {processor.py:153} INFO - Started process (PID=160) to work on /home/airflow/.local/lib/python3.7/site-packages/airflow/example_dags/example_branch_operator_decorator.py
[2022-09-07T16:30:19.078+0000] {processor.py:640} INFO - Processing file /home/airflow/.local/lib/python3.7/site-packages/airflow/example_dags/example_branch_operator_decorator.py for tasks to queue
[2022-09-07T16:30:19.080+0000] {logging_mixin.py:115} INFO - [2022-09-07T16:30:19.080+0000] {dagbag.py:508} INFO - Filling up the DagBag from /home/airflow/.local/lib/python3.7/site-packages/airflow/example_dags/example_branch_operator_decorator.py
[2022-09-07T16:30:19.093+0000] {processor.py:650} INFO - DAG(s) dict_keys(['example_branch_python_operator_decorator']) retrieved from /home/airflow/.local/lib/python3.7/site-packages/airflow/example_dags/example_branch_operator_decorator.py
[2022-09-07T16:30:19.111+0000] {logging_mixin.py:115} INFO - [2022-09-07T16:30:19.111+0000] {dag.py:2429} INFO - Sync 1 DAGs
[2022-09-07T16:30:19.126+0000] {logging_mixin.py:115} INFO - [2022-09-07T16:30:19.126+0000] {dag.py:2981} INFO - Setting next_dagrun for example_branch_python_operator_decorator to 2022-09-06T00:00:00+00:00, run_after=2022-09-07T00:00:00+00:00
[2022-09-07T16:30:19.136+0000] {processor.py:161} INFO - Processing /home/airflow/.local/lib/python3.7/site-packages/airflow/example_dags/example_branch_operator_decorator.py took 0.063 seconds
[2022-09-07T16:30:49.198+0000] {processor.py:153} INFO - Started process (PID=221) to work on /home/airflow/.local/lib/python3.7/site-packages/airflow/example_dags/example_branch_operator_decorator.py
[2022-09-07T16:30:49.201+0000] {processor.py:640} INFO - Processing file /home/airflow/.local/lib/python3.7/site-packages/airflow/example_dags/example_branch_operator_decorator.py for tasks to queue
[2022-09-07T16:30:49.202+0000] {logging_mixin.py:115} INFO - [2022-09-07T16:30:49.202+0000] {dagbag.py:508} INFO - Filling up the DagBag from /home/airflow/.local/lib/python3.7/site-packages/airflow/example_dags/example_branch_operator_decorator.py
[2022-09-07T16:30:49.223+0000] {processor.py:650} INFO - DAG(s) dict_keys(['example_branch_python_operator_decorator']) retrieved from /home/airflow/.local/lib/python3.7/site-packages/airflow/example_dags/example_branch_operator_decorator.py
[2022-09-07T16:30:49.250+0000] {logging_mixin.py:115} INFO - [2022-09-07T16:30:49.250+0000] {dag.py:2429} INFO - Sync 1 DAGs
[2022-09-07T16:30:49.273+0000] {logging_mixin.py:115} INFO - [2022-09-07T16:30:49.273+0000] {dag.py:2981} INFO - Setting next_dagrun for example_branch_python_operator_decorator to 2022-09-06T00:00:00+00:00, run_after=2022-09-07T00:00:00+00:00
[2022-09-07T16:30:49.287+0000] {processor.py:161} INFO - Processing /home/airflow/.local/lib/python3.7/site-packages/airflow/example_dags/example_branch_operator_decorator.py took 0.092 seconds
[2022-09-07T16:31:19.902+0000] {processor.py:153} INFO - Started process (PID=282) to work on /home/airflow/.local/lib/python3.7/site-packages/airflow/example_dags/example_branch_operator_decorator.py
[2022-09-07T16:31:19.904+0000] {processor.py:640} INFO - Processing file /home/airflow/.local/lib/python3.7/site-packages/airflow/example_dags/example_branch_operator_decorator.py for tasks to queue
[2022-09-07T16:31:19.906+0000] {logging_mixin.py:115} INFO - [2022-09-07T16:31:19.906+0000] {dagbag.py:508} INFO - Filling up the DagBag from /home/airflow/.local/lib/python3.7/site-packages/airflow/example_dags/example_branch_operator_decorator.py
[2022-09-07T16:31:19.922+0000] {processor.py:650} INFO - DAG(s) dict_keys(['example_branch_python_operator_decorator']) retrieved from /home/airflow/.local/lib/python3.7/site-packages/airflow/example_dags/example_branch_operator_decorator.py
[2022-09-07T16:31:19.955+0000] {logging_mixin.py:115} INFO - [2022-09-07T16:31:19.955+0000] {dag.py:2429} INFO - Sync 1 DAGs
[2022-09-07T16:31:19.996+0000] {logging_mixin.py:115} INFO - [2022-09-07T16:31:19.994+0000] {dag.py:2981} INFO - Setting next_dagrun for example_branch_python_operator_decorator to 2022-09-06T00:00:00+00:00, run_after=2022-09-07T00:00:00+00:00
[2022-09-07T16:31:20.017+0000] {processor.py:161} INFO - Processing /home/airflow/.local/lib/python3.7/site-packages/airflow/example_dags/example_branch_operator_decorator.py took 0.121 seconds
[2022-09-07T17:23:37.869+0000] {processor.py:153} INFO - Started process (PID=40) to work on /home/airflow/.local/lib/python3.7/site-packages/airflow/example_dags/example_branch_operator_decorator.py
[2022-09-07T17:23:37.871+0000] {processor.py:640} INFO - Processing file /home/airflow/.local/lib/python3.7/site-packages/airflow/example_dags/example_branch_operator_decorator.py for tasks to queue
[2022-09-07T17:23:37.873+0000] {logging_mixin.py:115} INFO - [2022-09-07T17:23:37.873+0000] {dagbag.py:508} INFO - Filling up the DagBag from /home/airflow/.local/lib/python3.7/site-packages/airflow/example_dags/example_branch_operator_decorator.py
[2022-09-07T17:23:37.925+0000] {processor.py:650} INFO - DAG(s) dict_keys(['example_branch_python_operator_decorator']) retrieved from /home/airflow/.local/lib/python3.7/site-packages/airflow/example_dags/example_branch_operator_decorator.py
[2022-09-07T17:23:37.987+0000] {logging_mixin.py:115} INFO - [2022-09-07T17:23:37.987+0000] {dag.py:2429} INFO - Sync 1 DAGs
[2022-09-07T17:23:38.061+0000] {logging_mixin.py:115} INFO - [2022-09-07T17:23:38.061+0000] {dag.py:2981} INFO - Setting next_dagrun for example_branch_python_operator_decorator to 2022-09-06T00:00:00+00:00, run_after=2022-09-07T00:00:00+00:00
[2022-09-07T17:23:38.147+0000] {processor.py:161} INFO - Processing /home/airflow/.local/lib/python3.7/site-packages/airflow/example_dags/example_branch_operator_decorator.py took 0.282 seconds
[2022-09-07T17:24:08.267+0000] {processor.py:153} INFO - Started process (PID=99) to work on /home/airflow/.local/lib/python3.7/site-packages/airflow/example_dags/example_branch_operator_decorator.py
[2022-09-07T17:24:08.269+0000] {processor.py:640} INFO - Processing file /home/airflow/.local/lib/python3.7/site-packages/airflow/example_dags/example_branch_operator_decorator.py for tasks to queue
[2022-09-07T17:24:08.271+0000] {logging_mixin.py:115} INFO - [2022-09-07T17:24:08.270+0000] {dagbag.py:508} INFO - Filling up the DagBag from /home/airflow/.local/lib/python3.7/site-packages/airflow/example_dags/example_branch_operator_decorator.py
[2022-09-07T17:24:08.294+0000] {processor.py:650} INFO - DAG(s) dict_keys(['example_branch_python_operator_decorator']) retrieved from /home/airflow/.local/lib/python3.7/site-packages/airflow/example_dags/example_branch_operator_decorator.py
[2022-09-07T17:24:08.319+0000] {logging_mixin.py:115} INFO - [2022-09-07T17:24:08.319+0000] {dag.py:2429} INFO - Sync 1 DAGs
[2022-09-07T17:24:08.338+0000] {logging_mixin.py:115} INFO - [2022-09-07T17:24:08.338+0000] {dag.py:2981} INFO - Setting next_dagrun for example_branch_python_operator_decorator to 2022-09-06T00:00:00+00:00, run_after=2022-09-07T00:00:00+00:00
[2022-09-07T17:24:08.357+0000] {processor.py:161} INFO - Processing /home/airflow/.local/lib/python3.7/site-packages/airflow/example_dags/example_branch_operator_decorator.py took 0.093 seconds
[2022-09-07T17:24:39.286+0000] {processor.py:153} INFO - Started process (PID=159) to work on /home/airflow/.local/lib/python3.7/site-packages/airflow/example_dags/example_branch_operator_decorator.py
[2022-09-07T17:24:39.290+0000] {processor.py:640} INFO - Processing file /home/airflow/.local/lib/python3.7/site-packages/airflow/example_dags/example_branch_operator_decorator.py for tasks to queue
[2022-09-07T17:24:39.292+0000] {logging_mixin.py:115} INFO - [2022-09-07T17:24:39.291+0000] {dagbag.py:508} INFO - Filling up the DagBag from /home/airflow/.local/lib/python3.7/site-packages/airflow/example_dags/example_branch_operator_decorator.py
[2022-09-07T17:24:39.305+0000] {processor.py:650} INFO - DAG(s) dict_keys(['example_branch_python_operator_decorator']) retrieved from /home/airflow/.local/lib/python3.7/site-packages/airflow/example_dags/example_branch_operator_decorator.py
[2022-09-07T17:24:39.325+0000] {logging_mixin.py:115} INFO - [2022-09-07T17:24:39.324+0000] {dag.py:2429} INFO - Sync 1 DAGs
[2022-09-07T17:24:39.343+0000] {logging_mixin.py:115} INFO - [2022-09-07T17:24:39.343+0000] {dag.py:2981} INFO - Setting next_dagrun for example_branch_python_operator_decorator to 2022-09-06T00:00:00+00:00, run_after=2022-09-07T00:00:00+00:00
[2022-09-07T17:24:39.355+0000] {processor.py:161} INFO - Processing /home/airflow/.local/lib/python3.7/site-packages/airflow/example_dags/example_branch_operator_decorator.py took 0.071 seconds
