[2022-09-07T07:55:33.097+0000] {processor.py:153} INFO - Started process (PID=49) to work on /home/airflow/.local/lib/python3.7/site-packages/airflow/example_dags/example_branch_python_dop_operator_3.py
[2022-09-07T07:55:33.099+0000] {processor.py:640} INFO - Processing file /home/airflow/.local/lib/python3.7/site-packages/airflow/example_dags/example_branch_python_dop_operator_3.py for tasks to queue
[2022-09-07T07:55:33.106+0000] {logging_mixin.py:115} INFO - [2022-09-07T07:55:33.105+0000] {dagbag.py:508} INFO - Filling up the DagBag from /home/airflow/.local/lib/python3.7/site-packages/airflow/example_dags/example_branch_python_dop_operator_3.py
[2022-09-07T07:55:33.126+0000] {processor.py:650} INFO - DAG(s) dict_keys(['example_branch_dop_operator_v3']) retrieved from /home/airflow/.local/lib/python3.7/site-packages/airflow/example_dags/example_branch_python_dop_operator_3.py
[2022-09-07T07:55:33.193+0000] {logging_mixin.py:115} INFO - [2022-09-07T07:55:33.192+0000] {manager.py:508} INFO - Created Permission View: can delete on DAG:example_branch_dop_operator_v3
[2022-09-07T07:55:33.207+0000] {logging_mixin.py:115} INFO - [2022-09-07T07:55:33.207+0000] {manager.py:508} INFO - Created Permission View: can read on DAG:example_branch_dop_operator_v3
[2022-09-07T07:55:33.228+0000] {logging_mixin.py:115} INFO - [2022-09-07T07:55:33.228+0000] {manager.py:508} INFO - Created Permission View: can edit on DAG:example_branch_dop_operator_v3
[2022-09-07T07:55:33.230+0000] {logging_mixin.py:115} INFO - [2022-09-07T07:55:33.230+0000] {dag.py:2429} INFO - Sync 1 DAGs
[2022-09-07T07:55:33.243+0000] {logging_mixin.py:115} INFO - [2022-09-07T07:55:33.243+0000] {dag.py:2448} INFO - Creating ORM DAG for example_branch_dop_operator_v3
[2022-09-07T07:55:33.258+0000] {logging_mixin.py:115} INFO - [2022-09-07T07:55:33.258+0000] {dag.py:2981} INFO - Setting next_dagrun for example_branch_dop_operator_v3 to 2022-09-07T07:54:00+00:00, run_after=2022-09-07T07:55:00+00:00
[2022-09-07T07:55:33.275+0000] {processor.py:161} INFO - Processing /home/airflow/.local/lib/python3.7/site-packages/airflow/example_dags/example_branch_python_dop_operator_3.py took 0.184 seconds
[2022-09-07T07:56:03.808+0000] {processor.py:153} INFO - Started process (PID=110) to work on /home/airflow/.local/lib/python3.7/site-packages/airflow/example_dags/example_branch_python_dop_operator_3.py
[2022-09-07T07:56:03.810+0000] {processor.py:640} INFO - Processing file /home/airflow/.local/lib/python3.7/site-packages/airflow/example_dags/example_branch_python_dop_operator_3.py for tasks to queue
[2022-09-07T07:56:03.811+0000] {logging_mixin.py:115} INFO - [2022-09-07T07:56:03.811+0000] {dagbag.py:508} INFO - Filling up the DagBag from /home/airflow/.local/lib/python3.7/site-packages/airflow/example_dags/example_branch_python_dop_operator_3.py
[2022-09-07T07:56:03.817+0000] {processor.py:650} INFO - DAG(s) dict_keys(['example_branch_dop_operator_v3']) retrieved from /home/airflow/.local/lib/python3.7/site-packages/airflow/example_dags/example_branch_python_dop_operator_3.py
[2022-09-07T07:56:03.834+0000] {logging_mixin.py:115} INFO - [2022-09-07T07:56:03.834+0000] {dag.py:2429} INFO - Sync 1 DAGs
[2022-09-07T07:56:03.849+0000] {logging_mixin.py:115} INFO - [2022-09-07T07:56:03.849+0000] {dag.py:2981} INFO - Setting next_dagrun for example_branch_dop_operator_v3 to 2022-09-07T07:55:00+00:00, run_after=2022-09-07T07:56:00+00:00
[2022-09-07T07:56:03.857+0000] {processor.py:161} INFO - Processing /home/airflow/.local/lib/python3.7/site-packages/airflow/example_dags/example_branch_python_dop_operator_3.py took 0.051 seconds
[2022-09-07T07:56:34.696+0000] {processor.py:153} INFO - Started process (PID=171) to work on /home/airflow/.local/lib/python3.7/site-packages/airflow/example_dags/example_branch_python_dop_operator_3.py
[2022-09-07T07:56:34.698+0000] {processor.py:640} INFO - Processing file /home/airflow/.local/lib/python3.7/site-packages/airflow/example_dags/example_branch_python_dop_operator_3.py for tasks to queue
[2022-09-07T07:56:34.699+0000] {logging_mixin.py:115} INFO - [2022-09-07T07:56:34.699+0000] {dagbag.py:508} INFO - Filling up the DagBag from /home/airflow/.local/lib/python3.7/site-packages/airflow/example_dags/example_branch_python_dop_operator_3.py
[2022-09-07T07:56:34.706+0000] {processor.py:650} INFO - DAG(s) dict_keys(['example_branch_dop_operator_v3']) retrieved from /home/airflow/.local/lib/python3.7/site-packages/airflow/example_dags/example_branch_python_dop_operator_3.py
[2022-09-07T07:56:34.724+0000] {logging_mixin.py:115} INFO - [2022-09-07T07:56:34.724+0000] {dag.py:2429} INFO - Sync 1 DAGs
[2022-09-07T07:56:34.739+0000] {logging_mixin.py:115} INFO - [2022-09-07T07:56:34.739+0000] {dag.py:2981} INFO - Setting next_dagrun for example_branch_dop_operator_v3 to 2022-09-07T07:55:00+00:00, run_after=2022-09-07T07:56:00+00:00
[2022-09-07T07:56:34.746+0000] {processor.py:161} INFO - Processing /home/airflow/.local/lib/python3.7/site-packages/airflow/example_dags/example_branch_python_dop_operator_3.py took 0.052 seconds
[2022-09-07T07:57:05.226+0000] {processor.py:153} INFO - Started process (PID=232) to work on /home/airflow/.local/lib/python3.7/site-packages/airflow/example_dags/example_branch_python_dop_operator_3.py
[2022-09-07T07:57:05.228+0000] {processor.py:640} INFO - Processing file /home/airflow/.local/lib/python3.7/site-packages/airflow/example_dags/example_branch_python_dop_operator_3.py for tasks to queue
[2022-09-07T07:57:05.229+0000] {logging_mixin.py:115} INFO - [2022-09-07T07:57:05.229+0000] {dagbag.py:508} INFO - Filling up the DagBag from /home/airflow/.local/lib/python3.7/site-packages/airflow/example_dags/example_branch_python_dop_operator_3.py
[2022-09-07T07:57:05.236+0000] {processor.py:650} INFO - DAG(s) dict_keys(['example_branch_dop_operator_v3']) retrieved from /home/airflow/.local/lib/python3.7/site-packages/airflow/example_dags/example_branch_python_dop_operator_3.py
[2022-09-07T07:57:05.253+0000] {logging_mixin.py:115} INFO - [2022-09-07T07:57:05.253+0000] {dag.py:2429} INFO - Sync 1 DAGs
[2022-09-07T07:57:05.270+0000] {logging_mixin.py:115} INFO - [2022-09-07T07:57:05.270+0000] {dag.py:2981} INFO - Setting next_dagrun for example_branch_dop_operator_v3 to 2022-09-07T07:56:00+00:00, run_after=2022-09-07T07:57:00+00:00
[2022-09-07T07:57:05.279+0000] {processor.py:161} INFO - Processing /home/airflow/.local/lib/python3.7/site-packages/airflow/example_dags/example_branch_python_dop_operator_3.py took 0.055 seconds
[2022-09-07T07:57:35.867+0000] {processor.py:153} INFO - Started process (PID=293) to work on /home/airflow/.local/lib/python3.7/site-packages/airflow/example_dags/example_branch_python_dop_operator_3.py
[2022-09-07T07:57:35.868+0000] {processor.py:640} INFO - Processing file /home/airflow/.local/lib/python3.7/site-packages/airflow/example_dags/example_branch_python_dop_operator_3.py for tasks to queue
[2022-09-07T07:57:35.869+0000] {logging_mixin.py:115} INFO - [2022-09-07T07:57:35.869+0000] {dagbag.py:508} INFO - Filling up the DagBag from /home/airflow/.local/lib/python3.7/site-packages/airflow/example_dags/example_branch_python_dop_operator_3.py
[2022-09-07T07:57:35.875+0000] {processor.py:650} INFO - DAG(s) dict_keys(['example_branch_dop_operator_v3']) retrieved from /home/airflow/.local/lib/python3.7/site-packages/airflow/example_dags/example_branch_python_dop_operator_3.py
[2022-09-07T07:57:35.892+0000] {logging_mixin.py:115} INFO - [2022-09-07T07:57:35.892+0000] {dag.py:2429} INFO - Sync 1 DAGs
[2022-09-07T07:57:35.909+0000] {logging_mixin.py:115} INFO - [2022-09-07T07:57:35.909+0000] {dag.py:2981} INFO - Setting next_dagrun for example_branch_dop_operator_v3 to 2022-09-07T07:56:00+00:00, run_after=2022-09-07T07:57:00+00:00
[2022-09-07T07:57:35.919+0000] {processor.py:161} INFO - Processing /home/airflow/.local/lib/python3.7/site-packages/airflow/example_dags/example_branch_python_dop_operator_3.py took 0.054 seconds
[2022-09-07T07:58:06.741+0000] {processor.py:153} INFO - Started process (PID=345) to work on /home/airflow/.local/lib/python3.7/site-packages/airflow/example_dags/example_branch_python_dop_operator_3.py
[2022-09-07T07:58:06.743+0000] {processor.py:640} INFO - Processing file /home/airflow/.local/lib/python3.7/site-packages/airflow/example_dags/example_branch_python_dop_operator_3.py for tasks to queue
[2022-09-07T07:58:06.746+0000] {logging_mixin.py:115} INFO - [2022-09-07T07:58:06.745+0000] {dagbag.py:508} INFO - Filling up the DagBag from /home/airflow/.local/lib/python3.7/site-packages/airflow/example_dags/example_branch_python_dop_operator_3.py
[2022-09-07T07:58:06.753+0000] {processor.py:650} INFO - DAG(s) dict_keys(['example_branch_dop_operator_v3']) retrieved from /home/airflow/.local/lib/python3.7/site-packages/airflow/example_dags/example_branch_python_dop_operator_3.py
[2022-09-07T07:58:06.773+0000] {logging_mixin.py:115} INFO - [2022-09-07T07:58:06.773+0000] {dag.py:2429} INFO - Sync 1 DAGs
[2022-09-07T07:58:06.789+0000] {logging_mixin.py:115} INFO - [2022-09-07T07:58:06.789+0000] {dag.py:2981} INFO - Setting next_dagrun for example_branch_dop_operator_v3 to 2022-09-07T07:57:00+00:00, run_after=2022-09-07T07:58:00+00:00
[2022-09-07T07:58:06.798+0000] {processor.py:161} INFO - Processing /home/airflow/.local/lib/python3.7/site-packages/airflow/example_dags/example_branch_python_dop_operator_3.py took 0.059 seconds
[2022-09-07T07:58:36.849+0000] {processor.py:153} INFO - Started process (PID=404) to work on /home/airflow/.local/lib/python3.7/site-packages/airflow/example_dags/example_branch_python_dop_operator_3.py
[2022-09-07T07:58:36.850+0000] {processor.py:640} INFO - Processing file /home/airflow/.local/lib/python3.7/site-packages/airflow/example_dags/example_branch_python_dop_operator_3.py for tasks to queue
[2022-09-07T07:58:36.851+0000] {logging_mixin.py:115} INFO - [2022-09-07T07:58:36.851+0000] {dagbag.py:508} INFO - Filling up the DagBag from /home/airflow/.local/lib/python3.7/site-packages/airflow/example_dags/example_branch_python_dop_operator_3.py
[2022-09-07T07:58:36.858+0000] {processor.py:650} INFO - DAG(s) dict_keys(['example_branch_dop_operator_v3']) retrieved from /home/airflow/.local/lib/python3.7/site-packages/airflow/example_dags/example_branch_python_dop_operator_3.py
[2022-09-07T07:58:36.874+0000] {logging_mixin.py:115} INFO - [2022-09-07T07:58:36.874+0000] {dag.py:2429} INFO - Sync 1 DAGs
[2022-09-07T07:58:36.889+0000] {logging_mixin.py:115} INFO - [2022-09-07T07:58:36.889+0000] {dag.py:2981} INFO - Setting next_dagrun for example_branch_dop_operator_v3 to 2022-09-07T07:57:00+00:00, run_after=2022-09-07T07:58:00+00:00
[2022-09-07T07:58:36.896+0000] {processor.py:161} INFO - Processing /home/airflow/.local/lib/python3.7/site-packages/airflow/example_dags/example_branch_python_dop_operator_3.py took 0.049 seconds
[2022-09-07T07:59:07.855+0000] {processor.py:153} INFO - Started process (PID=465) to work on /home/airflow/.local/lib/python3.7/site-packages/airflow/example_dags/example_branch_python_dop_operator_3.py
[2022-09-07T07:59:07.856+0000] {processor.py:640} INFO - Processing file /home/airflow/.local/lib/python3.7/site-packages/airflow/example_dags/example_branch_python_dop_operator_3.py for tasks to queue
[2022-09-07T07:59:07.857+0000] {logging_mixin.py:115} INFO - [2022-09-07T07:59:07.857+0000] {dagbag.py:508} INFO - Filling up the DagBag from /home/airflow/.local/lib/python3.7/site-packages/airflow/example_dags/example_branch_python_dop_operator_3.py
[2022-09-07T07:59:07.864+0000] {processor.py:650} INFO - DAG(s) dict_keys(['example_branch_dop_operator_v3']) retrieved from /home/airflow/.local/lib/python3.7/site-packages/airflow/example_dags/example_branch_python_dop_operator_3.py
[2022-09-07T07:59:07.885+0000] {logging_mixin.py:115} INFO - [2022-09-07T07:59:07.885+0000] {dag.py:2429} INFO - Sync 1 DAGs
[2022-09-07T07:59:07.903+0000] {logging_mixin.py:115} INFO - [2022-09-07T07:59:07.902+0000] {dag.py:2981} INFO - Setting next_dagrun for example_branch_dop_operator_v3 to 2022-09-07T07:58:00+00:00, run_after=2022-09-07T07:59:00+00:00
[2022-09-07T07:59:07.912+0000] {processor.py:161} INFO - Processing /home/airflow/.local/lib/python3.7/site-packages/airflow/example_dags/example_branch_python_dop_operator_3.py took 0.059 seconds
[2022-09-07T07:59:38.723+0000] {processor.py:153} INFO - Started process (PID=525) to work on /home/airflow/.local/lib/python3.7/site-packages/airflow/example_dags/example_branch_python_dop_operator_3.py
[2022-09-07T07:59:38.724+0000] {processor.py:640} INFO - Processing file /home/airflow/.local/lib/python3.7/site-packages/airflow/example_dags/example_branch_python_dop_operator_3.py for tasks to queue
[2022-09-07T07:59:38.725+0000] {logging_mixin.py:115} INFO - [2022-09-07T07:59:38.725+0000] {dagbag.py:508} INFO - Filling up the DagBag from /home/airflow/.local/lib/python3.7/site-packages/airflow/example_dags/example_branch_python_dop_operator_3.py
[2022-09-07T07:59:38.732+0000] {processor.py:650} INFO - DAG(s) dict_keys(['example_branch_dop_operator_v3']) retrieved from /home/airflow/.local/lib/python3.7/site-packages/airflow/example_dags/example_branch_python_dop_operator_3.py
[2022-09-07T07:59:38.750+0000] {logging_mixin.py:115} INFO - [2022-09-07T07:59:38.750+0000] {dag.py:2429} INFO - Sync 1 DAGs
[2022-09-07T07:59:38.765+0000] {logging_mixin.py:115} INFO - [2022-09-07T07:59:38.765+0000] {dag.py:2981} INFO - Setting next_dagrun for example_branch_dop_operator_v3 to 2022-09-07T07:58:00+00:00, run_after=2022-09-07T07:59:00+00:00
[2022-09-07T07:59:38.774+0000] {processor.py:161} INFO - Processing /home/airflow/.local/lib/python3.7/site-packages/airflow/example_dags/example_branch_python_dop_operator_3.py took 0.053 seconds
[2022-09-07T08:00:09.651+0000] {processor.py:153} INFO - Started process (PID=586) to work on /home/airflow/.local/lib/python3.7/site-packages/airflow/example_dags/example_branch_python_dop_operator_3.py
[2022-09-07T08:00:09.653+0000] {processor.py:640} INFO - Processing file /home/airflow/.local/lib/python3.7/site-packages/airflow/example_dags/example_branch_python_dop_operator_3.py for tasks to queue
[2022-09-07T08:00:09.655+0000] {logging_mixin.py:115} INFO - [2022-09-07T08:00:09.655+0000] {dagbag.py:508} INFO - Filling up the DagBag from /home/airflow/.local/lib/python3.7/site-packages/airflow/example_dags/example_branch_python_dop_operator_3.py
[2022-09-07T08:00:09.662+0000] {processor.py:650} INFO - DAG(s) dict_keys(['example_branch_dop_operator_v3']) retrieved from /home/airflow/.local/lib/python3.7/site-packages/airflow/example_dags/example_branch_python_dop_operator_3.py
[2022-09-07T08:00:09.681+0000] {logging_mixin.py:115} INFO - [2022-09-07T08:00:09.681+0000] {dag.py:2429} INFO - Sync 1 DAGs
[2022-09-07T08:00:09.700+0000] {logging_mixin.py:115} INFO - [2022-09-07T08:00:09.699+0000] {dag.py:2981} INFO - Setting next_dagrun for example_branch_dop_operator_v3 to 2022-09-07T07:59:00+00:00, run_after=2022-09-07T08:00:00+00:00
[2022-09-07T08:00:09.715+0000] {processor.py:161} INFO - Processing /home/airflow/.local/lib/python3.7/site-packages/airflow/example_dags/example_branch_python_dop_operator_3.py took 0.066 seconds
[2022-09-07T08:00:40.555+0000] {processor.py:153} INFO - Started process (PID=949) to work on /home/airflow/.local/lib/python3.7/site-packages/airflow/example_dags/example_branch_python_dop_operator_3.py
[2022-09-07T08:00:40.557+0000] {processor.py:640} INFO - Processing file /home/airflow/.local/lib/python3.7/site-packages/airflow/example_dags/example_branch_python_dop_operator_3.py for tasks to queue
[2022-09-07T08:00:40.559+0000] {logging_mixin.py:115} INFO - [2022-09-07T08:00:40.559+0000] {dagbag.py:508} INFO - Filling up the DagBag from /home/airflow/.local/lib/python3.7/site-packages/airflow/example_dags/example_branch_python_dop_operator_3.py
[2022-09-07T08:00:40.571+0000] {processor.py:650} INFO - DAG(s) dict_keys(['example_branch_dop_operator_v3']) retrieved from /home/airflow/.local/lib/python3.7/site-packages/airflow/example_dags/example_branch_python_dop_operator_3.py
[2022-09-07T08:00:40.592+0000] {logging_mixin.py:115} INFO - [2022-09-07T08:00:40.592+0000] {dag.py:2429} INFO - Sync 1 DAGs
[2022-09-07T08:00:40.609+0000] {logging_mixin.py:115} INFO - [2022-09-07T08:00:40.609+0000] {dag.py:2981} INFO - Setting next_dagrun for example_branch_dop_operator_v3 to 2022-09-07T07:59:00+00:00, run_after=2022-09-07T08:00:00+00:00
[2022-09-07T08:00:40.618+0000] {processor.py:161} INFO - Processing /home/airflow/.local/lib/python3.7/site-packages/airflow/example_dags/example_branch_python_dop_operator_3.py took 0.066 seconds
[2022-09-07T08:01:11.225+0000] {processor.py:153} INFO - Started process (PID=2091) to work on /home/airflow/.local/lib/python3.7/site-packages/airflow/example_dags/example_branch_python_dop_operator_3.py
[2022-09-07T08:01:11.227+0000] {processor.py:640} INFO - Processing file /home/airflow/.local/lib/python3.7/site-packages/airflow/example_dags/example_branch_python_dop_operator_3.py for tasks to queue
[2022-09-07T08:01:11.228+0000] {logging_mixin.py:115} INFO - [2022-09-07T08:01:11.228+0000] {dagbag.py:508} INFO - Filling up the DagBag from /home/airflow/.local/lib/python3.7/site-packages/airflow/example_dags/example_branch_python_dop_operator_3.py
[2022-09-07T08:01:11.235+0000] {processor.py:650} INFO - DAG(s) dict_keys(['example_branch_dop_operator_v3']) retrieved from /home/airflow/.local/lib/python3.7/site-packages/airflow/example_dags/example_branch_python_dop_operator_3.py
[2022-09-07T08:01:11.251+0000] {logging_mixin.py:115} INFO - [2022-09-07T08:01:11.251+0000] {dag.py:2429} INFO - Sync 1 DAGs
[2022-09-07T08:01:11.267+0000] {logging_mixin.py:115} INFO - [2022-09-07T08:01:11.267+0000] {dag.py:2981} INFO - Setting next_dagrun for example_branch_dop_operator_v3 to 2022-09-07T08:00:00+00:00, run_after=2022-09-07T08:01:00+00:00
[2022-09-07T08:01:11.275+0000] {processor.py:161} INFO - Processing /home/airflow/.local/lib/python3.7/site-packages/airflow/example_dags/example_branch_python_dop_operator_3.py took 0.052 seconds
[2022-09-07T08:01:42.007+0000] {processor.py:153} INFO - Started process (PID=2338) to work on /home/airflow/.local/lib/python3.7/site-packages/airflow/example_dags/example_branch_python_dop_operator_3.py
[2022-09-07T08:01:42.009+0000] {processor.py:640} INFO - Processing file /home/airflow/.local/lib/python3.7/site-packages/airflow/example_dags/example_branch_python_dop_operator_3.py for tasks to queue
[2022-09-07T08:01:42.011+0000] {logging_mixin.py:115} INFO - [2022-09-07T08:01:42.011+0000] {dagbag.py:508} INFO - Filling up the DagBag from /home/airflow/.local/lib/python3.7/site-packages/airflow/example_dags/example_branch_python_dop_operator_3.py
[2022-09-07T08:01:42.017+0000] {processor.py:650} INFO - DAG(s) dict_keys(['example_branch_dop_operator_v3']) retrieved from /home/airflow/.local/lib/python3.7/site-packages/airflow/example_dags/example_branch_python_dop_operator_3.py
[2022-09-07T08:01:42.034+0000] {logging_mixin.py:115} INFO - [2022-09-07T08:01:42.034+0000] {dag.py:2429} INFO - Sync 1 DAGs
[2022-09-07T08:01:42.051+0000] {logging_mixin.py:115} INFO - [2022-09-07T08:01:42.051+0000] {dag.py:2981} INFO - Setting next_dagrun for example_branch_dop_operator_v3 to 2022-09-07T08:00:00+00:00, run_after=2022-09-07T08:01:00+00:00
[2022-09-07T08:01:42.063+0000] {processor.py:161} INFO - Processing /home/airflow/.local/lib/python3.7/site-packages/airflow/example_dags/example_branch_python_dop_operator_3.py took 0.058 seconds
[2022-09-07T08:02:12.805+0000] {processor.py:153} INFO - Started process (PID=2400) to work on /home/airflow/.local/lib/python3.7/site-packages/airflow/example_dags/example_branch_python_dop_operator_3.py
[2022-09-07T08:02:12.807+0000] {processor.py:640} INFO - Processing file /home/airflow/.local/lib/python3.7/site-packages/airflow/example_dags/example_branch_python_dop_operator_3.py for tasks to queue
[2022-09-07T08:02:12.808+0000] {logging_mixin.py:115} INFO - [2022-09-07T08:02:12.808+0000] {dagbag.py:508} INFO - Filling up the DagBag from /home/airflow/.local/lib/python3.7/site-packages/airflow/example_dags/example_branch_python_dop_operator_3.py
[2022-09-07T08:02:12.815+0000] {processor.py:650} INFO - DAG(s) dict_keys(['example_branch_dop_operator_v3']) retrieved from /home/airflow/.local/lib/python3.7/site-packages/airflow/example_dags/example_branch_python_dop_operator_3.py
[2022-09-07T08:02:12.832+0000] {logging_mixin.py:115} INFO - [2022-09-07T08:02:12.832+0000] {dag.py:2429} INFO - Sync 1 DAGs
[2022-09-07T08:02:12.849+0000] {logging_mixin.py:115} INFO - [2022-09-07T08:02:12.849+0000] {dag.py:2981} INFO - Setting next_dagrun for example_branch_dop_operator_v3 to 2022-09-07T08:01:00+00:00, run_after=2022-09-07T08:02:00+00:00
[2022-09-07T08:02:12.857+0000] {processor.py:161} INFO - Processing /home/airflow/.local/lib/python3.7/site-packages/airflow/example_dags/example_branch_python_dop_operator_3.py took 0.054 seconds
[2022-09-07T08:02:43.736+0000] {processor.py:153} INFO - Started process (PID=2460) to work on /home/airflow/.local/lib/python3.7/site-packages/airflow/example_dags/example_branch_python_dop_operator_3.py
[2022-09-07T08:02:43.738+0000] {processor.py:640} INFO - Processing file /home/airflow/.local/lib/python3.7/site-packages/airflow/example_dags/example_branch_python_dop_operator_3.py for tasks to queue
[2022-09-07T08:02:43.739+0000] {logging_mixin.py:115} INFO - [2022-09-07T08:02:43.739+0000] {dagbag.py:508} INFO - Filling up the DagBag from /home/airflow/.local/lib/python3.7/site-packages/airflow/example_dags/example_branch_python_dop_operator_3.py
[2022-09-07T08:02:43.746+0000] {processor.py:650} INFO - DAG(s) dict_keys(['example_branch_dop_operator_v3']) retrieved from /home/airflow/.local/lib/python3.7/site-packages/airflow/example_dags/example_branch_python_dop_operator_3.py
[2022-09-07T08:02:43.764+0000] {logging_mixin.py:115} INFO - [2022-09-07T08:02:43.764+0000] {dag.py:2429} INFO - Sync 1 DAGs
[2022-09-07T08:02:43.780+0000] {logging_mixin.py:115} INFO - [2022-09-07T08:02:43.780+0000] {dag.py:2981} INFO - Setting next_dagrun for example_branch_dop_operator_v3 to 2022-09-07T08:01:00+00:00, run_after=2022-09-07T08:02:00+00:00
[2022-09-07T08:02:43.788+0000] {processor.py:161} INFO - Processing /home/airflow/.local/lib/python3.7/site-packages/airflow/example_dags/example_branch_python_dop_operator_3.py took 0.055 seconds
[2022-09-07T08:03:14.432+0000] {processor.py:153} INFO - Started process (PID=2520) to work on /home/airflow/.local/lib/python3.7/site-packages/airflow/example_dags/example_branch_python_dop_operator_3.py
[2022-09-07T08:03:14.434+0000] {processor.py:640} INFO - Processing file /home/airflow/.local/lib/python3.7/site-packages/airflow/example_dags/example_branch_python_dop_operator_3.py for tasks to queue
[2022-09-07T08:03:14.435+0000] {logging_mixin.py:115} INFO - [2022-09-07T08:03:14.435+0000] {dagbag.py:508} INFO - Filling up the DagBag from /home/airflow/.local/lib/python3.7/site-packages/airflow/example_dags/example_branch_python_dop_operator_3.py
[2022-09-07T08:03:14.442+0000] {processor.py:650} INFO - DAG(s) dict_keys(['example_branch_dop_operator_v3']) retrieved from /home/airflow/.local/lib/python3.7/site-packages/airflow/example_dags/example_branch_python_dop_operator_3.py
[2022-09-07T08:03:14.462+0000] {logging_mixin.py:115} INFO - [2022-09-07T08:03:14.462+0000] {dag.py:2429} INFO - Sync 1 DAGs
[2022-09-07T08:03:14.481+0000] {logging_mixin.py:115} INFO - [2022-09-07T08:03:14.481+0000] {dag.py:2981} INFO - Setting next_dagrun for example_branch_dop_operator_v3 to 2022-09-07T08:02:00+00:00, run_after=2022-09-07T08:03:00+00:00
[2022-09-07T08:03:14.492+0000] {processor.py:161} INFO - Processing /home/airflow/.local/lib/python3.7/site-packages/airflow/example_dags/example_branch_python_dop_operator_3.py took 0.063 seconds
[2022-09-07T08:03:45.273+0000] {processor.py:153} INFO - Started process (PID=2581) to work on /home/airflow/.local/lib/python3.7/site-packages/airflow/example_dags/example_branch_python_dop_operator_3.py
[2022-09-07T08:03:45.275+0000] {processor.py:640} INFO - Processing file /home/airflow/.local/lib/python3.7/site-packages/airflow/example_dags/example_branch_python_dop_operator_3.py for tasks to queue
[2022-09-07T08:03:45.277+0000] {logging_mixin.py:115} INFO - [2022-09-07T08:03:45.277+0000] {dagbag.py:508} INFO - Filling up the DagBag from /home/airflow/.local/lib/python3.7/site-packages/airflow/example_dags/example_branch_python_dop_operator_3.py
[2022-09-07T08:03:45.285+0000] {processor.py:650} INFO - DAG(s) dict_keys(['example_branch_dop_operator_v3']) retrieved from /home/airflow/.local/lib/python3.7/site-packages/airflow/example_dags/example_branch_python_dop_operator_3.py
[2022-09-07T08:03:45.308+0000] {logging_mixin.py:115} INFO - [2022-09-07T08:03:45.307+0000] {dag.py:2429} INFO - Sync 1 DAGs
[2022-09-07T08:03:45.324+0000] {logging_mixin.py:115} INFO - [2022-09-07T08:03:45.324+0000] {dag.py:2981} INFO - Setting next_dagrun for example_branch_dop_operator_v3 to 2022-09-07T08:02:00+00:00, run_after=2022-09-07T08:03:00+00:00
[2022-09-07T08:03:45.332+0000] {processor.py:161} INFO - Processing /home/airflow/.local/lib/python3.7/site-packages/airflow/example_dags/example_branch_python_dop_operator_3.py took 0.061 seconds
[2022-09-07T08:04:15.918+0000] {processor.py:153} INFO - Started process (PID=2633) to work on /home/airflow/.local/lib/python3.7/site-packages/airflow/example_dags/example_branch_python_dop_operator_3.py
[2022-09-07T08:04:15.920+0000] {processor.py:640} INFO - Processing file /home/airflow/.local/lib/python3.7/site-packages/airflow/example_dags/example_branch_python_dop_operator_3.py for tasks to queue
[2022-09-07T08:04:15.921+0000] {logging_mixin.py:115} INFO - [2022-09-07T08:04:15.921+0000] {dagbag.py:508} INFO - Filling up the DagBag from /home/airflow/.local/lib/python3.7/site-packages/airflow/example_dags/example_branch_python_dop_operator_3.py
[2022-09-07T08:04:15.928+0000] {processor.py:650} INFO - DAG(s) dict_keys(['example_branch_dop_operator_v3']) retrieved from /home/airflow/.local/lib/python3.7/site-packages/airflow/example_dags/example_branch_python_dop_operator_3.py
[2022-09-07T08:04:15.945+0000] {logging_mixin.py:115} INFO - [2022-09-07T08:04:15.945+0000] {dag.py:2429} INFO - Sync 1 DAGs
[2022-09-07T08:04:15.961+0000] {logging_mixin.py:115} INFO - [2022-09-07T08:04:15.960+0000] {dag.py:2981} INFO - Setting next_dagrun for example_branch_dop_operator_v3 to 2022-09-07T08:03:00+00:00, run_after=2022-09-07T08:04:00+00:00
[2022-09-07T08:04:15.969+0000] {processor.py:161} INFO - Processing /home/airflow/.local/lib/python3.7/site-packages/airflow/example_dags/example_branch_python_dop_operator_3.py took 0.053 seconds
[2022-09-07T16:21:01.641+0000] {processor.py:153} INFO - Started process (PID=66) to work on /home/airflow/.local/lib/python3.7/site-packages/airflow/example_dags/example_branch_python_dop_operator_3.py
[2022-09-07T16:21:01.643+0000] {processor.py:640} INFO - Processing file /home/airflow/.local/lib/python3.7/site-packages/airflow/example_dags/example_branch_python_dop_operator_3.py for tasks to queue
[2022-09-07T16:21:01.644+0000] {logging_mixin.py:115} INFO - [2022-09-07T16:21:01.644+0000] {dagbag.py:508} INFO - Filling up the DagBag from /home/airflow/.local/lib/python3.7/site-packages/airflow/example_dags/example_branch_python_dop_operator_3.py
[2022-09-07T16:21:01.650+0000] {processor.py:650} INFO - DAG(s) dict_keys(['example_branch_dop_operator_v3']) retrieved from /home/airflow/.local/lib/python3.7/site-packages/airflow/example_dags/example_branch_python_dop_operator_3.py
[2022-09-07T16:21:01.666+0000] {logging_mixin.py:115} INFO - [2022-09-07T16:21:01.666+0000] {dag.py:2429} INFO - Sync 1 DAGs
[2022-09-07T16:21:01.682+0000] {logging_mixin.py:115} INFO - [2022-09-07T16:21:01.682+0000] {dag.py:2981} INFO - Setting next_dagrun for example_branch_dop_operator_v3 to 2022-09-07T16:20:00+00:00, run_after=2022-09-07T16:21:00+00:00
[2022-09-07T16:21:01.690+0000] {processor.py:161} INFO - Processing /home/airflow/.local/lib/python3.7/site-packages/airflow/example_dags/example_branch_python_dop_operator_3.py took 0.051 seconds
[2022-09-07T16:21:32.249+0000] {processor.py:153} INFO - Started process (PID=126) to work on /home/airflow/.local/lib/python3.7/site-packages/airflow/example_dags/example_branch_python_dop_operator_3.py
[2022-09-07T16:21:32.250+0000] {processor.py:640} INFO - Processing file /home/airflow/.local/lib/python3.7/site-packages/airflow/example_dags/example_branch_python_dop_operator_3.py for tasks to queue
[2022-09-07T16:21:32.253+0000] {logging_mixin.py:115} INFO - [2022-09-07T16:21:32.252+0000] {dagbag.py:508} INFO - Filling up the DagBag from /home/airflow/.local/lib/python3.7/site-packages/airflow/example_dags/example_branch_python_dop_operator_3.py
[2022-09-07T16:21:32.260+0000] {processor.py:650} INFO - DAG(s) dict_keys(['example_branch_dop_operator_v3']) retrieved from /home/airflow/.local/lib/python3.7/site-packages/airflow/example_dags/example_branch_python_dop_operator_3.py
[2022-09-07T16:21:32.280+0000] {logging_mixin.py:115} INFO - [2022-09-07T16:21:32.279+0000] {dag.py:2429} INFO - Sync 1 DAGs
[2022-09-07T16:21:32.297+0000] {logging_mixin.py:115} INFO - [2022-09-07T16:21:32.296+0000] {dag.py:2981} INFO - Setting next_dagrun for example_branch_dop_operator_v3 to 2022-09-07T16:20:00+00:00, run_after=2022-09-07T16:21:00+00:00
[2022-09-07T16:21:32.305+0000] {processor.py:161} INFO - Processing /home/airflow/.local/lib/python3.7/site-packages/airflow/example_dags/example_branch_python_dop_operator_3.py took 0.058 seconds
[2022-09-07T16:22:02.939+0000] {processor.py:153} INFO - Started process (PID=581) to work on /home/airflow/.local/lib/python3.7/site-packages/airflow/example_dags/example_branch_python_dop_operator_3.py
[2022-09-07T16:22:02.940+0000] {processor.py:640} INFO - Processing file /home/airflow/.local/lib/python3.7/site-packages/airflow/example_dags/example_branch_python_dop_operator_3.py for tasks to queue
[2022-09-07T16:22:02.942+0000] {logging_mixin.py:115} INFO - [2022-09-07T16:22:02.942+0000] {dagbag.py:508} INFO - Filling up the DagBag from /home/airflow/.local/lib/python3.7/site-packages/airflow/example_dags/example_branch_python_dop_operator_3.py
[2022-09-07T16:22:02.948+0000] {processor.py:650} INFO - DAG(s) dict_keys(['example_branch_dop_operator_v3']) retrieved from /home/airflow/.local/lib/python3.7/site-packages/airflow/example_dags/example_branch_python_dop_operator_3.py
[2022-09-07T16:22:02.968+0000] {logging_mixin.py:115} INFO - [2022-09-07T16:22:02.968+0000] {dag.py:2429} INFO - Sync 1 DAGs
[2022-09-07T16:22:02.985+0000] {logging_mixin.py:115} INFO - [2022-09-07T16:22:02.985+0000] {dag.py:2981} INFO - Setting next_dagrun for example_branch_dop_operator_v3 to 2022-09-07T16:21:00+00:00, run_after=2022-09-07T16:22:00+00:00
[2022-09-07T16:22:02.996+0000] {processor.py:161} INFO - Processing /home/airflow/.local/lib/python3.7/site-packages/airflow/example_dags/example_branch_python_dop_operator_3.py took 0.060 seconds
[2022-09-07T16:22:33.104+0000] {processor.py:153} INFO - Started process (PID=1277) to work on /home/airflow/.local/lib/python3.7/site-packages/airflow/example_dags/example_branch_python_dop_operator_3.py
[2022-09-07T16:22:33.106+0000] {processor.py:640} INFO - Processing file /home/airflow/.local/lib/python3.7/site-packages/airflow/example_dags/example_branch_python_dop_operator_3.py for tasks to queue
[2022-09-07T16:22:33.107+0000] {logging_mixin.py:115} INFO - [2022-09-07T16:22:33.107+0000] {dagbag.py:508} INFO - Filling up the DagBag from /home/airflow/.local/lib/python3.7/site-packages/airflow/example_dags/example_branch_python_dop_operator_3.py
[2022-09-07T16:22:33.114+0000] {processor.py:650} INFO - DAG(s) dict_keys(['example_branch_dop_operator_v3']) retrieved from /home/airflow/.local/lib/python3.7/site-packages/airflow/example_dags/example_branch_python_dop_operator_3.py
[2022-09-07T16:22:33.133+0000] {logging_mixin.py:115} INFO - [2022-09-07T16:22:33.133+0000] {dag.py:2429} INFO - Sync 1 DAGs
[2022-09-07T16:22:33.152+0000] {logging_mixin.py:115} INFO - [2022-09-07T16:22:33.152+0000] {dag.py:2981} INFO - Setting next_dagrun for example_branch_dop_operator_v3 to 2022-09-07T16:21:00+00:00, run_after=2022-09-07T16:22:00+00:00
[2022-09-07T16:22:33.166+0000] {processor.py:161} INFO - Processing /home/airflow/.local/lib/python3.7/site-packages/airflow/example_dags/example_branch_python_dop_operator_3.py took 0.064 seconds
[2022-09-07T16:23:03.938+0000] {processor.py:153} INFO - Started process (PID=1816) to work on /home/airflow/.local/lib/python3.7/site-packages/airflow/example_dags/example_branch_python_dop_operator_3.py
[2022-09-07T16:23:03.941+0000] {processor.py:640} INFO - Processing file /home/airflow/.local/lib/python3.7/site-packages/airflow/example_dags/example_branch_python_dop_operator_3.py for tasks to queue
[2022-09-07T16:23:03.946+0000] {logging_mixin.py:115} INFO - [2022-09-07T16:23:03.946+0000] {dagbag.py:508} INFO - Filling up the DagBag from /home/airflow/.local/lib/python3.7/site-packages/airflow/example_dags/example_branch_python_dop_operator_3.py
[2022-09-07T16:23:03.953+0000] {processor.py:650} INFO - DAG(s) dict_keys(['example_branch_dop_operator_v3']) retrieved from /home/airflow/.local/lib/python3.7/site-packages/airflow/example_dags/example_branch_python_dop_operator_3.py
[2022-09-07T16:23:03.971+0000] {logging_mixin.py:115} INFO - [2022-09-07T16:23:03.971+0000] {dag.py:2429} INFO - Sync 1 DAGs
[2022-09-07T16:23:03.987+0000] {logging_mixin.py:115} INFO - [2022-09-07T16:23:03.987+0000] {dag.py:2981} INFO - Setting next_dagrun for example_branch_dop_operator_v3 to 2022-09-07T16:22:00+00:00, run_after=2022-09-07T16:23:00+00:00
[2022-09-07T16:23:03.998+0000] {processor.py:161} INFO - Processing /home/airflow/.local/lib/python3.7/site-packages/airflow/example_dags/example_branch_python_dop_operator_3.py took 0.062 seconds
[2022-09-07T16:23:34.671+0000] {processor.py:153} INFO - Started process (PID=2178) to work on /home/airflow/.local/lib/python3.7/site-packages/airflow/example_dags/example_branch_python_dop_operator_3.py
[2022-09-07T16:23:34.673+0000] {processor.py:640} INFO - Processing file /home/airflow/.local/lib/python3.7/site-packages/airflow/example_dags/example_branch_python_dop_operator_3.py for tasks to queue
[2022-09-07T16:23:34.674+0000] {logging_mixin.py:115} INFO - [2022-09-07T16:23:34.674+0000] {dagbag.py:508} INFO - Filling up the DagBag from /home/airflow/.local/lib/python3.7/site-packages/airflow/example_dags/example_branch_python_dop_operator_3.py
[2022-09-07T16:23:34.681+0000] {processor.py:650} INFO - DAG(s) dict_keys(['example_branch_dop_operator_v3']) retrieved from /home/airflow/.local/lib/python3.7/site-packages/airflow/example_dags/example_branch_python_dop_operator_3.py
[2022-09-07T16:23:34.700+0000] {logging_mixin.py:115} INFO - [2022-09-07T16:23:34.700+0000] {dag.py:2429} INFO - Sync 1 DAGs
[2022-09-07T16:23:34.720+0000] {logging_mixin.py:115} INFO - [2022-09-07T16:23:34.719+0000] {dag.py:2981} INFO - Setting next_dagrun for example_branch_dop_operator_v3 to 2022-09-07T16:22:00+00:00, run_after=2022-09-07T16:23:00+00:00
[2022-09-07T16:23:34.728+0000] {processor.py:161} INFO - Processing /home/airflow/.local/lib/python3.7/site-packages/airflow/example_dags/example_branch_python_dop_operator_3.py took 0.059 seconds
[2022-09-07T16:24:05.297+0000] {processor.py:153} INFO - Started process (PID=2555) to work on /home/airflow/.local/lib/python3.7/site-packages/airflow/example_dags/example_branch_python_dop_operator_3.py
[2022-09-07T16:24:05.298+0000] {processor.py:640} INFO - Processing file /home/airflow/.local/lib/python3.7/site-packages/airflow/example_dags/example_branch_python_dop_operator_3.py for tasks to queue
[2022-09-07T16:24:05.300+0000] {logging_mixin.py:115} INFO - [2022-09-07T16:24:05.300+0000] {dagbag.py:508} INFO - Filling up the DagBag from /home/airflow/.local/lib/python3.7/site-packages/airflow/example_dags/example_branch_python_dop_operator_3.py
[2022-09-07T16:24:05.312+0000] {processor.py:650} INFO - DAG(s) dict_keys(['example_branch_dop_operator_v3']) retrieved from /home/airflow/.local/lib/python3.7/site-packages/airflow/example_dags/example_branch_python_dop_operator_3.py
[2022-09-07T16:24:05.329+0000] {logging_mixin.py:115} INFO - [2022-09-07T16:24:05.329+0000] {dag.py:2429} INFO - Sync 1 DAGs
[2022-09-07T16:24:05.346+0000] {logging_mixin.py:115} INFO - [2022-09-07T16:24:05.346+0000] {dag.py:2981} INFO - Setting next_dagrun for example_branch_dop_operator_v3 to 2022-09-07T16:23:00+00:00, run_after=2022-09-07T16:24:00+00:00
[2022-09-07T16:24:05.355+0000] {processor.py:161} INFO - Processing /home/airflow/.local/lib/python3.7/site-packages/airflow/example_dags/example_branch_python_dop_operator_3.py took 0.061 seconds
[2022-09-07T16:24:35.926+0000] {processor.py:153} INFO - Started process (PID=2922) to work on /home/airflow/.local/lib/python3.7/site-packages/airflow/example_dags/example_branch_python_dop_operator_3.py
[2022-09-07T16:24:35.928+0000] {processor.py:640} INFO - Processing file /home/airflow/.local/lib/python3.7/site-packages/airflow/example_dags/example_branch_python_dop_operator_3.py for tasks to queue
[2022-09-07T16:24:35.930+0000] {logging_mixin.py:115} INFO - [2022-09-07T16:24:35.930+0000] {dagbag.py:508} INFO - Filling up the DagBag from /home/airflow/.local/lib/python3.7/site-packages/airflow/example_dags/example_branch_python_dop_operator_3.py
[2022-09-07T16:24:35.939+0000] {processor.py:650} INFO - DAG(s) dict_keys(['example_branch_dop_operator_v3']) retrieved from /home/airflow/.local/lib/python3.7/site-packages/airflow/example_dags/example_branch_python_dop_operator_3.py
[2022-09-07T16:24:35.960+0000] {logging_mixin.py:115} INFO - [2022-09-07T16:24:35.960+0000] {dag.py:2429} INFO - Sync 1 DAGs
[2022-09-07T16:24:35.979+0000] {logging_mixin.py:115} INFO - [2022-09-07T16:24:35.979+0000] {dag.py:2981} INFO - Setting next_dagrun for example_branch_dop_operator_v3 to 2022-09-07T16:23:00+00:00, run_after=2022-09-07T16:24:00+00:00
[2022-09-07T16:24:35.989+0000] {processor.py:161} INFO - Processing /home/airflow/.local/lib/python3.7/site-packages/airflow/example_dags/example_branch_python_dop_operator_3.py took 0.065 seconds
[2022-09-07T16:25:06.984+0000] {processor.py:153} INFO - Started process (PID=3250) to work on /home/airflow/.local/lib/python3.7/site-packages/airflow/example_dags/example_branch_python_dop_operator_3.py
[2022-09-07T16:25:06.986+0000] {processor.py:640} INFO - Processing file /home/airflow/.local/lib/python3.7/site-packages/airflow/example_dags/example_branch_python_dop_operator_3.py for tasks to queue
[2022-09-07T16:25:06.988+0000] {logging_mixin.py:115} INFO - [2022-09-07T16:25:06.988+0000] {dagbag.py:508} INFO - Filling up the DagBag from /home/airflow/.local/lib/python3.7/site-packages/airflow/example_dags/example_branch_python_dop_operator_3.py
[2022-09-07T16:25:06.997+0000] {processor.py:650} INFO - DAG(s) dict_keys(['example_branch_dop_operator_v3']) retrieved from /home/airflow/.local/lib/python3.7/site-packages/airflow/example_dags/example_branch_python_dop_operator_3.py
[2022-09-07T16:25:07.021+0000] {logging_mixin.py:115} INFO - [2022-09-07T16:25:07.020+0000] {dag.py:2429} INFO - Sync 1 DAGs
[2022-09-07T16:25:07.041+0000] {logging_mixin.py:115} INFO - [2022-09-07T16:25:07.041+0000] {dag.py:2981} INFO - Setting next_dagrun for example_branch_dop_operator_v3 to 2022-09-07T16:24:00+00:00, run_after=2022-09-07T16:25:00+00:00
[2022-09-07T16:25:07.058+0000] {processor.py:161} INFO - Processing /home/airflow/.local/lib/python3.7/site-packages/airflow/example_dags/example_branch_python_dop_operator_3.py took 0.078 seconds
[2022-09-07T16:25:37.147+0000] {processor.py:153} INFO - Started process (PID=3311) to work on /home/airflow/.local/lib/python3.7/site-packages/airflow/example_dags/example_branch_python_dop_operator_3.py
[2022-09-07T16:25:37.149+0000] {processor.py:640} INFO - Processing file /home/airflow/.local/lib/python3.7/site-packages/airflow/example_dags/example_branch_python_dop_operator_3.py for tasks to queue
[2022-09-07T16:25:37.150+0000] {logging_mixin.py:115} INFO - [2022-09-07T16:25:37.150+0000] {dagbag.py:508} INFO - Filling up the DagBag from /home/airflow/.local/lib/python3.7/site-packages/airflow/example_dags/example_branch_python_dop_operator_3.py
[2022-09-07T16:25:37.157+0000] {processor.py:650} INFO - DAG(s) dict_keys(['example_branch_dop_operator_v3']) retrieved from /home/airflow/.local/lib/python3.7/site-packages/airflow/example_dags/example_branch_python_dop_operator_3.py
[2022-09-07T16:25:37.177+0000] {logging_mixin.py:115} INFO - [2022-09-07T16:25:37.177+0000] {dag.py:2429} INFO - Sync 1 DAGs
[2022-09-07T16:25:37.193+0000] {logging_mixin.py:115} INFO - [2022-09-07T16:25:37.193+0000] {dag.py:2981} INFO - Setting next_dagrun for example_branch_dop_operator_v3 to 2022-09-07T16:24:00+00:00, run_after=2022-09-07T16:25:00+00:00
[2022-09-07T16:25:37.203+0000] {processor.py:161} INFO - Processing /home/airflow/.local/lib/python3.7/site-packages/airflow/example_dags/example_branch_python_dop_operator_3.py took 0.060 seconds
[2022-09-07T16:26:07.415+0000] {processor.py:153} INFO - Started process (PID=3364) to work on /home/airflow/.local/lib/python3.7/site-packages/airflow/example_dags/example_branch_python_dop_operator_3.py
[2022-09-07T16:26:07.417+0000] {processor.py:640} INFO - Processing file /home/airflow/.local/lib/python3.7/site-packages/airflow/example_dags/example_branch_python_dop_operator_3.py for tasks to queue
[2022-09-07T16:26:07.418+0000] {logging_mixin.py:115} INFO - [2022-09-07T16:26:07.418+0000] {dagbag.py:508} INFO - Filling up the DagBag from /home/airflow/.local/lib/python3.7/site-packages/airflow/example_dags/example_branch_python_dop_operator_3.py
[2022-09-07T16:26:07.427+0000] {processor.py:650} INFO - DAG(s) dict_keys(['example_branch_dop_operator_v3']) retrieved from /home/airflow/.local/lib/python3.7/site-packages/airflow/example_dags/example_branch_python_dop_operator_3.py
[2022-09-07T16:26:07.453+0000] {logging_mixin.py:115} INFO - [2022-09-07T16:26:07.453+0000] {dag.py:2429} INFO - Sync 1 DAGs
[2022-09-07T16:26:07.470+0000] {logging_mixin.py:115} INFO - [2022-09-07T16:26:07.470+0000] {dag.py:2981} INFO - Setting next_dagrun for example_branch_dop_operator_v3 to 2022-09-07T16:25:00+00:00, run_after=2022-09-07T16:26:00+00:00
[2022-09-07T16:26:07.479+0000] {processor.py:161} INFO - Processing /home/airflow/.local/lib/python3.7/site-packages/airflow/example_dags/example_branch_python_dop_operator_3.py took 0.066 seconds
[2022-09-07T16:26:38.466+0000] {processor.py:153} INFO - Started process (PID=3425) to work on /home/airflow/.local/lib/python3.7/site-packages/airflow/example_dags/example_branch_python_dop_operator_3.py
[2022-09-07T16:26:38.468+0000] {processor.py:640} INFO - Processing file /home/airflow/.local/lib/python3.7/site-packages/airflow/example_dags/example_branch_python_dop_operator_3.py for tasks to queue
[2022-09-07T16:26:38.469+0000] {logging_mixin.py:115} INFO - [2022-09-07T16:26:38.469+0000] {dagbag.py:508} INFO - Filling up the DagBag from /home/airflow/.local/lib/python3.7/site-packages/airflow/example_dags/example_branch_python_dop_operator_3.py
[2022-09-07T16:26:38.477+0000] {processor.py:650} INFO - DAG(s) dict_keys(['example_branch_dop_operator_v3']) retrieved from /home/airflow/.local/lib/python3.7/site-packages/airflow/example_dags/example_branch_python_dop_operator_3.py
[2022-09-07T16:26:38.499+0000] {logging_mixin.py:115} INFO - [2022-09-07T16:26:38.499+0000] {dag.py:2429} INFO - Sync 1 DAGs
[2022-09-07T16:26:38.517+0000] {logging_mixin.py:115} INFO - [2022-09-07T16:26:38.517+0000] {dag.py:2981} INFO - Setting next_dagrun for example_branch_dop_operator_v3 to 2022-09-07T16:25:00+00:00, run_after=2022-09-07T16:26:00+00:00
[2022-09-07T16:26:38.527+0000] {processor.py:161} INFO - Processing /home/airflow/.local/lib/python3.7/site-packages/airflow/example_dags/example_branch_python_dop_operator_3.py took 0.063 seconds
[2022-09-07T16:27:09.080+0000] {processor.py:153} INFO - Started process (PID=3486) to work on /home/airflow/.local/lib/python3.7/site-packages/airflow/example_dags/example_branch_python_dop_operator_3.py
[2022-09-07T16:27:09.082+0000] {processor.py:640} INFO - Processing file /home/airflow/.local/lib/python3.7/site-packages/airflow/example_dags/example_branch_python_dop_operator_3.py for tasks to queue
[2022-09-07T16:27:09.084+0000] {logging_mixin.py:115} INFO - [2022-09-07T16:27:09.084+0000] {dagbag.py:508} INFO - Filling up the DagBag from /home/airflow/.local/lib/python3.7/site-packages/airflow/example_dags/example_branch_python_dop_operator_3.py
[2022-09-07T16:27:09.092+0000] {processor.py:650} INFO - DAG(s) dict_keys(['example_branch_dop_operator_v3']) retrieved from /home/airflow/.local/lib/python3.7/site-packages/airflow/example_dags/example_branch_python_dop_operator_3.py
[2022-09-07T16:27:09.117+0000] {logging_mixin.py:115} INFO - [2022-09-07T16:27:09.117+0000] {dag.py:2429} INFO - Sync 1 DAGs
[2022-09-07T16:27:09.135+0000] {logging_mixin.py:115} INFO - [2022-09-07T16:27:09.135+0000] {dag.py:2981} INFO - Setting next_dagrun for example_branch_dop_operator_v3 to 2022-09-07T16:26:00+00:00, run_after=2022-09-07T16:27:00+00:00
[2022-09-07T16:27:09.146+0000] {processor.py:161} INFO - Processing /home/airflow/.local/lib/python3.7/site-packages/airflow/example_dags/example_branch_python_dop_operator_3.py took 0.067 seconds
[2022-09-07T16:27:39.825+0000] {processor.py:153} INFO - Started process (PID=3548) to work on /home/airflow/.local/lib/python3.7/site-packages/airflow/example_dags/example_branch_python_dop_operator_3.py
[2022-09-07T16:27:39.828+0000] {processor.py:640} INFO - Processing file /home/airflow/.local/lib/python3.7/site-packages/airflow/example_dags/example_branch_python_dop_operator_3.py for tasks to queue
[2022-09-07T16:27:39.830+0000] {logging_mixin.py:115} INFO - [2022-09-07T16:27:39.830+0000] {dagbag.py:508} INFO - Filling up the DagBag from /home/airflow/.local/lib/python3.7/site-packages/airflow/example_dags/example_branch_python_dop_operator_3.py
[2022-09-07T16:27:39.838+0000] {processor.py:650} INFO - DAG(s) dict_keys(['example_branch_dop_operator_v3']) retrieved from /home/airflow/.local/lib/python3.7/site-packages/airflow/example_dags/example_branch_python_dop_operator_3.py
[2022-09-07T16:27:39.860+0000] {logging_mixin.py:115} INFO - [2022-09-07T16:27:39.860+0000] {dag.py:2429} INFO - Sync 1 DAGs
[2022-09-07T16:27:39.881+0000] {logging_mixin.py:115} INFO - [2022-09-07T16:27:39.881+0000] {dag.py:2981} INFO - Setting next_dagrun for example_branch_dop_operator_v3 to 2022-09-07T16:26:00+00:00, run_after=2022-09-07T16:27:00+00:00
[2022-09-07T16:27:39.890+0000] {processor.py:161} INFO - Processing /home/airflow/.local/lib/python3.7/site-packages/airflow/example_dags/example_branch_python_dop_operator_3.py took 0.068 seconds
[2022-09-07T16:28:10.521+0000] {processor.py:153} INFO - Started process (PID=3609) to work on /home/airflow/.local/lib/python3.7/site-packages/airflow/example_dags/example_branch_python_dop_operator_3.py
[2022-09-07T16:28:10.523+0000] {processor.py:640} INFO - Processing file /home/airflow/.local/lib/python3.7/site-packages/airflow/example_dags/example_branch_python_dop_operator_3.py for tasks to queue
[2022-09-07T16:28:10.524+0000] {logging_mixin.py:115} INFO - [2022-09-07T16:28:10.524+0000] {dagbag.py:508} INFO - Filling up the DagBag from /home/airflow/.local/lib/python3.7/site-packages/airflow/example_dags/example_branch_python_dop_operator_3.py
[2022-09-07T16:28:10.534+0000] {processor.py:650} INFO - DAG(s) dict_keys(['example_branch_dop_operator_v3']) retrieved from /home/airflow/.local/lib/python3.7/site-packages/airflow/example_dags/example_branch_python_dop_operator_3.py
[2022-09-07T16:28:10.556+0000] {logging_mixin.py:115} INFO - [2022-09-07T16:28:10.556+0000] {dag.py:2429} INFO - Sync 1 DAGs
[2022-09-07T16:28:10.576+0000] {logging_mixin.py:115} INFO - [2022-09-07T16:28:10.576+0000] {dag.py:2981} INFO - Setting next_dagrun for example_branch_dop_operator_v3 to 2022-09-07T16:27:00+00:00, run_after=2022-09-07T16:28:00+00:00
[2022-09-07T16:28:10.585+0000] {processor.py:161} INFO - Processing /home/airflow/.local/lib/python3.7/site-packages/airflow/example_dags/example_branch_python_dop_operator_3.py took 0.066 seconds
[2022-09-07T16:29:18.961+0000] {processor.py:153} INFO - Started process (PID=57) to work on /home/airflow/.local/lib/python3.7/site-packages/airflow/example_dags/example_branch_python_dop_operator_3.py
[2022-09-07T16:29:18.964+0000] {processor.py:640} INFO - Processing file /home/airflow/.local/lib/python3.7/site-packages/airflow/example_dags/example_branch_python_dop_operator_3.py for tasks to queue
[2022-09-07T16:29:18.965+0000] {logging_mixin.py:115} INFO - [2022-09-07T16:29:18.965+0000] {dagbag.py:508} INFO - Filling up the DagBag from /home/airflow/.local/lib/python3.7/site-packages/airflow/example_dags/example_branch_python_dop_operator_3.py
[2022-09-07T16:29:19.000+0000] {processor.py:650} INFO - DAG(s) dict_keys(['example_branch_dop_operator_v3']) retrieved from /home/airflow/.local/lib/python3.7/site-packages/airflow/example_dags/example_branch_python_dop_operator_3.py
[2022-09-07T16:29:19.062+0000] {logging_mixin.py:115} INFO - [2022-09-07T16:29:19.062+0000] {dag.py:2429} INFO - Sync 1 DAGs
[2022-09-07T16:29:19.096+0000] {logging_mixin.py:115} INFO - [2022-09-07T16:29:19.096+0000] {dag.py:2981} INFO - Setting next_dagrun for example_branch_dop_operator_v3 to 2022-09-07T16:28:00+00:00, run_after=2022-09-07T16:29:00+00:00
[2022-09-07T16:29:19.109+0000] {processor.py:161} INFO - Processing /home/airflow/.local/lib/python3.7/site-packages/airflow/example_dags/example_branch_python_dop_operator_3.py took 0.151 seconds
[2022-09-07T16:29:49.503+0000] {processor.py:153} INFO - Started process (PID=109) to work on /home/airflow/.local/lib/python3.7/site-packages/airflow/example_dags/example_branch_python_dop_operator_3.py
[2022-09-07T16:29:49.505+0000] {processor.py:640} INFO - Processing file /home/airflow/.local/lib/python3.7/site-packages/airflow/example_dags/example_branch_python_dop_operator_3.py for tasks to queue
[2022-09-07T16:29:49.507+0000] {logging_mixin.py:115} INFO - [2022-09-07T16:29:49.506+0000] {dagbag.py:508} INFO - Filling up the DagBag from /home/airflow/.local/lib/python3.7/site-packages/airflow/example_dags/example_branch_python_dop_operator_3.py
[2022-09-07T16:29:49.518+0000] {processor.py:650} INFO - DAG(s) dict_keys(['example_branch_dop_operator_v3']) retrieved from /home/airflow/.local/lib/python3.7/site-packages/airflow/example_dags/example_branch_python_dop_operator_3.py
[2022-09-07T16:29:49.546+0000] {logging_mixin.py:115} INFO - [2022-09-07T16:29:49.546+0000] {dag.py:2429} INFO - Sync 1 DAGs
[2022-09-07T16:29:49.575+0000] {logging_mixin.py:115} INFO - [2022-09-07T16:29:49.575+0000] {dag.py:2981} INFO - Setting next_dagrun for example_branch_dop_operator_v3 to 2022-09-07T16:28:00+00:00, run_after=2022-09-07T16:29:00+00:00
[2022-09-07T16:29:49.589+0000] {processor.py:161} INFO - Processing /home/airflow/.local/lib/python3.7/site-packages/airflow/example_dags/example_branch_python_dop_operator_3.py took 0.092 seconds
[2022-09-07T16:30:19.744+0000] {processor.py:153} INFO - Started process (PID=169) to work on /home/airflow/.local/lib/python3.7/site-packages/airflow/example_dags/example_branch_python_dop_operator_3.py
[2022-09-07T16:30:19.745+0000] {processor.py:640} INFO - Processing file /home/airflow/.local/lib/python3.7/site-packages/airflow/example_dags/example_branch_python_dop_operator_3.py for tasks to queue
[2022-09-07T16:30:19.748+0000] {logging_mixin.py:115} INFO - [2022-09-07T16:30:19.748+0000] {dagbag.py:508} INFO - Filling up the DagBag from /home/airflow/.local/lib/python3.7/site-packages/airflow/example_dags/example_branch_python_dop_operator_3.py
[2022-09-07T16:30:19.756+0000] {processor.py:650} INFO - DAG(s) dict_keys(['example_branch_dop_operator_v3']) retrieved from /home/airflow/.local/lib/python3.7/site-packages/airflow/example_dags/example_branch_python_dop_operator_3.py
[2022-09-07T16:30:19.779+0000] {logging_mixin.py:115} INFO - [2022-09-07T16:30:19.779+0000] {dag.py:2429} INFO - Sync 1 DAGs
[2022-09-07T16:30:19.798+0000] {logging_mixin.py:115} INFO - [2022-09-07T16:30:19.797+0000] {dag.py:2981} INFO - Setting next_dagrun for example_branch_dop_operator_v3 to 2022-09-07T16:29:00+00:00, run_after=2022-09-07T16:30:00+00:00
[2022-09-07T16:30:19.806+0000] {processor.py:161} INFO - Processing /home/airflow/.local/lib/python3.7/site-packages/airflow/example_dags/example_branch_python_dop_operator_3.py took 0.065 seconds
[2022-09-07T16:30:50.754+0000] {processor.py:153} INFO - Started process (PID=230) to work on /home/airflow/.local/lib/python3.7/site-packages/airflow/example_dags/example_branch_python_dop_operator_3.py
[2022-09-07T16:30:50.755+0000] {processor.py:640} INFO - Processing file /home/airflow/.local/lib/python3.7/site-packages/airflow/example_dags/example_branch_python_dop_operator_3.py for tasks to queue
[2022-09-07T16:30:50.757+0000] {logging_mixin.py:115} INFO - [2022-09-07T16:30:50.757+0000] {dagbag.py:508} INFO - Filling up the DagBag from /home/airflow/.local/lib/python3.7/site-packages/airflow/example_dags/example_branch_python_dop_operator_3.py
[2022-09-07T16:30:50.764+0000] {processor.py:650} INFO - DAG(s) dict_keys(['example_branch_dop_operator_v3']) retrieved from /home/airflow/.local/lib/python3.7/site-packages/airflow/example_dags/example_branch_python_dop_operator_3.py
[2022-09-07T16:30:50.783+0000] {logging_mixin.py:115} INFO - [2022-09-07T16:30:50.783+0000] {dag.py:2429} INFO - Sync 1 DAGs
[2022-09-07T16:30:50.800+0000] {logging_mixin.py:115} INFO - [2022-09-07T16:30:50.800+0000] {dag.py:2981} INFO - Setting next_dagrun for example_branch_dop_operator_v3 to 2022-09-07T16:29:00+00:00, run_after=2022-09-07T16:30:00+00:00
[2022-09-07T16:30:50.810+0000] {processor.py:161} INFO - Processing /home/airflow/.local/lib/python3.7/site-packages/airflow/example_dags/example_branch_python_dop_operator_3.py took 0.059 seconds
[2022-09-07T16:31:21.402+0000] {processor.py:153} INFO - Started process (PID=291) to work on /home/airflow/.local/lib/python3.7/site-packages/airflow/example_dags/example_branch_python_dop_operator_3.py
[2022-09-07T16:31:21.403+0000] {processor.py:640} INFO - Processing file /home/airflow/.local/lib/python3.7/site-packages/airflow/example_dags/example_branch_python_dop_operator_3.py for tasks to queue
[2022-09-07T16:31:21.405+0000] {logging_mixin.py:115} INFO - [2022-09-07T16:31:21.405+0000] {dagbag.py:508} INFO - Filling up the DagBag from /home/airflow/.local/lib/python3.7/site-packages/airflow/example_dags/example_branch_python_dop_operator_3.py
[2022-09-07T16:31:21.412+0000] {processor.py:650} INFO - DAG(s) dict_keys(['example_branch_dop_operator_v3']) retrieved from /home/airflow/.local/lib/python3.7/site-packages/airflow/example_dags/example_branch_python_dop_operator_3.py
[2022-09-07T16:31:21.433+0000] {logging_mixin.py:115} INFO - [2022-09-07T16:31:21.433+0000] {dag.py:2429} INFO - Sync 1 DAGs
[2022-09-07T16:31:21.455+0000] {logging_mixin.py:115} INFO - [2022-09-07T16:31:21.455+0000] {dag.py:2981} INFO - Setting next_dagrun for example_branch_dop_operator_v3 to 2022-09-07T16:30:00+00:00, run_after=2022-09-07T16:31:00+00:00
[2022-09-07T16:31:21.466+0000] {processor.py:161} INFO - Processing /home/airflow/.local/lib/python3.7/site-packages/airflow/example_dags/example_branch_python_dop_operator_3.py took 0.066 seconds
[2022-09-07T17:23:39.331+0000] {processor.py:153} INFO - Started process (PID=55) to work on /home/airflow/.local/lib/python3.7/site-packages/airflow/example_dags/example_branch_python_dop_operator_3.py
[2022-09-07T17:23:39.334+0000] {processor.py:640} INFO - Processing file /home/airflow/.local/lib/python3.7/site-packages/airflow/example_dags/example_branch_python_dop_operator_3.py for tasks to queue
[2022-09-07T17:23:39.345+0000] {logging_mixin.py:115} INFO - [2022-09-07T17:23:39.345+0000] {dagbag.py:508} INFO - Filling up the DagBag from /home/airflow/.local/lib/python3.7/site-packages/airflow/example_dags/example_branch_python_dop_operator_3.py
[2022-09-07T17:23:39.367+0000] {processor.py:650} INFO - DAG(s) dict_keys(['example_branch_dop_operator_v3']) retrieved from /home/airflow/.local/lib/python3.7/site-packages/airflow/example_dags/example_branch_python_dop_operator_3.py
[2022-09-07T17:23:39.433+0000] {logging_mixin.py:115} INFO - [2022-09-07T17:23:39.431+0000] {dag.py:2429} INFO - Sync 1 DAGs
[2022-09-07T17:23:39.478+0000] {logging_mixin.py:115} INFO - [2022-09-07T17:23:39.478+0000] {dag.py:2981} INFO - Setting next_dagrun for example_branch_dop_operator_v3 to 2022-09-07T17:22:00+00:00, run_after=2022-09-07T17:23:00+00:00
[2022-09-07T17:23:39.508+0000] {processor.py:161} INFO - Processing /home/airflow/.local/lib/python3.7/site-packages/airflow/example_dags/example_branch_python_dop_operator_3.py took 0.179 seconds
[2022-09-07T17:24:09.865+0000] {processor.py:153} INFO - Started process (PID=108) to work on /home/airflow/.local/lib/python3.7/site-packages/airflow/example_dags/example_branch_python_dop_operator_3.py
[2022-09-07T17:24:09.868+0000] {processor.py:640} INFO - Processing file /home/airflow/.local/lib/python3.7/site-packages/airflow/example_dags/example_branch_python_dop_operator_3.py for tasks to queue
[2022-09-07T17:24:09.870+0000] {logging_mixin.py:115} INFO - [2022-09-07T17:24:09.870+0000] {dagbag.py:508} INFO - Filling up the DagBag from /home/airflow/.local/lib/python3.7/site-packages/airflow/example_dags/example_branch_python_dop_operator_3.py
[2022-09-07T17:24:09.876+0000] {processor.py:650} INFO - DAG(s) dict_keys(['example_branch_dop_operator_v3']) retrieved from /home/airflow/.local/lib/python3.7/site-packages/airflow/example_dags/example_branch_python_dop_operator_3.py
[2022-09-07T17:24:09.895+0000] {logging_mixin.py:115} INFO - [2022-09-07T17:24:09.895+0000] {dag.py:2429} INFO - Sync 1 DAGs
[2022-09-07T17:24:09.912+0000] {logging_mixin.py:115} INFO - [2022-09-07T17:24:09.912+0000] {dag.py:2981} INFO - Setting next_dagrun for example_branch_dop_operator_v3 to 2022-09-07T17:23:00+00:00, run_after=2022-09-07T17:24:00+00:00
[2022-09-07T17:24:09.924+0000] {processor.py:161} INFO - Processing /home/airflow/.local/lib/python3.7/site-packages/airflow/example_dags/example_branch_python_dop_operator_3.py took 0.061 seconds
[2022-09-07T17:24:40.716+0000] {processor.py:153} INFO - Started process (PID=168) to work on /home/airflow/.local/lib/python3.7/site-packages/airflow/example_dags/example_branch_python_dop_operator_3.py
[2022-09-07T17:24:40.718+0000] {processor.py:640} INFO - Processing file /home/airflow/.local/lib/python3.7/site-packages/airflow/example_dags/example_branch_python_dop_operator_3.py for tasks to queue
[2022-09-07T17:24:40.719+0000] {logging_mixin.py:115} INFO - [2022-09-07T17:24:40.719+0000] {dagbag.py:508} INFO - Filling up the DagBag from /home/airflow/.local/lib/python3.7/site-packages/airflow/example_dags/example_branch_python_dop_operator_3.py
[2022-09-07T17:24:40.725+0000] {processor.py:650} INFO - DAG(s) dict_keys(['example_branch_dop_operator_v3']) retrieved from /home/airflow/.local/lib/python3.7/site-packages/airflow/example_dags/example_branch_python_dop_operator_3.py
[2022-09-07T17:24:40.744+0000] {logging_mixin.py:115} INFO - [2022-09-07T17:24:40.744+0000] {dag.py:2429} INFO - Sync 1 DAGs
[2022-09-07T17:24:40.765+0000] {logging_mixin.py:115} INFO - [2022-09-07T17:24:40.765+0000] {dag.py:2981} INFO - Setting next_dagrun for example_branch_dop_operator_v3 to 2022-09-07T17:23:00+00:00, run_after=2022-09-07T17:24:00+00:00
[2022-09-07T17:24:40.773+0000] {processor.py:161} INFO - Processing /home/airflow/.local/lib/python3.7/site-packages/airflow/example_dags/example_branch_python_dop_operator_3.py took 0.059 seconds
