[2022-09-07T07:55:32.158+0000] {processor.py:153} INFO - Started process (PID=41) to work on /home/airflow/.local/lib/python3.7/site-packages/airflow/example_dags/example_short_circuit_operator.py
[2022-09-07T07:55:32.162+0000] {processor.py:640} INFO - Processing file /home/airflow/.local/lib/python3.7/site-packages/airflow/example_dags/example_short_circuit_operator.py for tasks to queue
[2022-09-07T07:55:32.165+0000] {logging_mixin.py:115} INFO - [2022-09-07T07:55:32.165+0000] {dagbag.py:508} INFO - Filling up the DagBag from /home/airflow/.local/lib/python3.7/site-packages/airflow/example_dags/example_short_circuit_operator.py
[2022-09-07T07:55:32.177+0000] {processor.py:650} INFO - DAG(s) dict_keys(['example_short_circuit_operator']) retrieved from /home/airflow/.local/lib/python3.7/site-packages/airflow/example_dags/example_short_circuit_operator.py
[2022-09-07T07:55:32.269+0000] {logging_mixin.py:115} INFO - [2022-09-07T07:55:32.269+0000] {manager.py:508} INFO - Created Permission View: can delete on DAG:example_short_circuit_operator
[2022-09-07T07:55:32.278+0000] {logging_mixin.py:115} INFO - [2022-09-07T07:55:32.277+0000] {manager.py:508} INFO - Created Permission View: can read on DAG:example_short_circuit_operator
[2022-09-07T07:55:32.284+0000] {logging_mixin.py:115} INFO - [2022-09-07T07:55:32.284+0000] {manager.py:508} INFO - Created Permission View: can edit on DAG:example_short_circuit_operator
[2022-09-07T07:55:32.286+0000] {logging_mixin.py:115} INFO - [2022-09-07T07:55:32.285+0000] {dag.py:2429} INFO - Sync 1 DAGs
[2022-09-07T07:55:32.304+0000] {logging_mixin.py:115} INFO - [2022-09-07T07:55:32.304+0000] {dag.py:2448} INFO - Creating ORM DAG for example_short_circuit_operator
[2022-09-07T07:55:32.327+0000] {logging_mixin.py:115} INFO - [2022-09-07T07:55:32.327+0000] {dag.py:2981} INFO - Setting next_dagrun for example_short_circuit_operator to 2022-09-06T07:55:32.327063+00:00, run_after=2022-09-07T07:55:32.327063+00:00
[2022-09-07T07:55:32.343+0000] {processor.py:161} INFO - Processing /home/airflow/.local/lib/python3.7/site-packages/airflow/example_dags/example_short_circuit_operator.py took 0.189 seconds
[2022-09-07T07:56:02.442+0000] {processor.py:153} INFO - Started process (PID=102) to work on /home/airflow/.local/lib/python3.7/site-packages/airflow/example_dags/example_short_circuit_operator.py
[2022-09-07T07:56:02.444+0000] {processor.py:640} INFO - Processing file /home/airflow/.local/lib/python3.7/site-packages/airflow/example_dags/example_short_circuit_operator.py for tasks to queue
[2022-09-07T07:56:02.445+0000] {logging_mixin.py:115} INFO - [2022-09-07T07:56:02.445+0000] {dagbag.py:508} INFO - Filling up the DagBag from /home/airflow/.local/lib/python3.7/site-packages/airflow/example_dags/example_short_circuit_operator.py
[2022-09-07T07:56:02.451+0000] {processor.py:650} INFO - DAG(s) dict_keys(['example_short_circuit_operator']) retrieved from /home/airflow/.local/lib/python3.7/site-packages/airflow/example_dags/example_short_circuit_operator.py
[2022-09-07T07:56:02.468+0000] {logging_mixin.py:115} INFO - [2022-09-07T07:56:02.468+0000] {dag.py:2429} INFO - Sync 1 DAGs
[2022-09-07T07:56:02.483+0000] {logging_mixin.py:115} INFO - [2022-09-07T07:56:02.483+0000] {dag.py:2981} INFO - Setting next_dagrun for example_short_circuit_operator to 2022-09-06T07:56:02.482934+00:00, run_after=2022-09-07T07:56:02.482934+00:00
[2022-09-07T07:56:02.491+0000] {processor.py:161} INFO - Processing /home/airflow/.local/lib/python3.7/site-packages/airflow/example_dags/example_short_circuit_operator.py took 0.051 seconds
[2022-09-07T07:56:33.270+0000] {processor.py:153} INFO - Started process (PID=163) to work on /home/airflow/.local/lib/python3.7/site-packages/airflow/example_dags/example_short_circuit_operator.py
[2022-09-07T07:56:33.272+0000] {processor.py:640} INFO - Processing file /home/airflow/.local/lib/python3.7/site-packages/airflow/example_dags/example_short_circuit_operator.py for tasks to queue
[2022-09-07T07:56:33.273+0000] {logging_mixin.py:115} INFO - [2022-09-07T07:56:33.273+0000] {dagbag.py:508} INFO - Filling up the DagBag from /home/airflow/.local/lib/python3.7/site-packages/airflow/example_dags/example_short_circuit_operator.py
[2022-09-07T07:56:33.279+0000] {processor.py:650} INFO - DAG(s) dict_keys(['example_short_circuit_operator']) retrieved from /home/airflow/.local/lib/python3.7/site-packages/airflow/example_dags/example_short_circuit_operator.py
[2022-09-07T07:56:33.297+0000] {logging_mixin.py:115} INFO - [2022-09-07T07:56:33.297+0000] {dag.py:2429} INFO - Sync 1 DAGs
[2022-09-07T07:56:33.310+0000] {logging_mixin.py:115} INFO - [2022-09-07T07:56:33.310+0000] {dag.py:2981} INFO - Setting next_dagrun for example_short_circuit_operator to 2022-09-06T07:56:33.310645+00:00, run_after=2022-09-07T07:56:33.310645+00:00
[2022-09-07T07:56:33.318+0000] {processor.py:161} INFO - Processing /home/airflow/.local/lib/python3.7/site-packages/airflow/example_dags/example_short_circuit_operator.py took 0.050 seconds
[2022-09-07T07:57:03.910+0000] {processor.py:153} INFO - Started process (PID=224) to work on /home/airflow/.local/lib/python3.7/site-packages/airflow/example_dags/example_short_circuit_operator.py
[2022-09-07T07:57:03.911+0000] {processor.py:640} INFO - Processing file /home/airflow/.local/lib/python3.7/site-packages/airflow/example_dags/example_short_circuit_operator.py for tasks to queue
[2022-09-07T07:57:03.913+0000] {logging_mixin.py:115} INFO - [2022-09-07T07:57:03.913+0000] {dagbag.py:508} INFO - Filling up the DagBag from /home/airflow/.local/lib/python3.7/site-packages/airflow/example_dags/example_short_circuit_operator.py
[2022-09-07T07:57:03.918+0000] {processor.py:650} INFO - DAG(s) dict_keys(['example_short_circuit_operator']) retrieved from /home/airflow/.local/lib/python3.7/site-packages/airflow/example_dags/example_short_circuit_operator.py
[2022-09-07T07:57:03.936+0000] {logging_mixin.py:115} INFO - [2022-09-07T07:57:03.936+0000] {dag.py:2429} INFO - Sync 1 DAGs
[2022-09-07T07:57:03.951+0000] {logging_mixin.py:115} INFO - [2022-09-07T07:57:03.951+0000] {dag.py:2981} INFO - Setting next_dagrun for example_short_circuit_operator to 2022-09-06T07:57:03.950923+00:00, run_after=2022-09-07T07:57:03.950923+00:00
[2022-09-07T07:57:03.960+0000] {processor.py:161} INFO - Processing /home/airflow/.local/lib/python3.7/site-packages/airflow/example_dags/example_short_circuit_operator.py took 0.052 seconds
[2022-09-07T07:57:34.504+0000] {processor.py:153} INFO - Started process (PID=276) to work on /home/airflow/.local/lib/python3.7/site-packages/airflow/example_dags/example_short_circuit_operator.py
[2022-09-07T07:57:34.506+0000] {processor.py:640} INFO - Processing file /home/airflow/.local/lib/python3.7/site-packages/airflow/example_dags/example_short_circuit_operator.py for tasks to queue
[2022-09-07T07:57:34.507+0000] {logging_mixin.py:115} INFO - [2022-09-07T07:57:34.507+0000] {dagbag.py:508} INFO - Filling up the DagBag from /home/airflow/.local/lib/python3.7/site-packages/airflow/example_dags/example_short_circuit_operator.py
[2022-09-07T07:57:34.513+0000] {processor.py:650} INFO - DAG(s) dict_keys(['example_short_circuit_operator']) retrieved from /home/airflow/.local/lib/python3.7/site-packages/airflow/example_dags/example_short_circuit_operator.py
[2022-09-07T07:57:34.534+0000] {logging_mixin.py:115} INFO - [2022-09-07T07:57:34.534+0000] {dag.py:2429} INFO - Sync 1 DAGs
[2022-09-07T07:57:34.550+0000] {logging_mixin.py:115} INFO - [2022-09-07T07:57:34.549+0000] {dag.py:2981} INFO - Setting next_dagrun for example_short_circuit_operator to 2022-09-06T07:57:34.549839+00:00, run_after=2022-09-07T07:57:34.549839+00:00
[2022-09-07T07:57:34.559+0000] {processor.py:161} INFO - Processing /home/airflow/.local/lib/python3.7/site-packages/airflow/example_dags/example_short_circuit_operator.py took 0.058 seconds
[2022-09-07T07:58:05.284+0000] {processor.py:153} INFO - Started process (PID=337) to work on /home/airflow/.local/lib/python3.7/site-packages/airflow/example_dags/example_short_circuit_operator.py
[2022-09-07T07:58:05.289+0000] {processor.py:640} INFO - Processing file /home/airflow/.local/lib/python3.7/site-packages/airflow/example_dags/example_short_circuit_operator.py for tasks to queue
[2022-09-07T07:58:05.292+0000] {logging_mixin.py:115} INFO - [2022-09-07T07:58:05.292+0000] {dagbag.py:508} INFO - Filling up the DagBag from /home/airflow/.local/lib/python3.7/site-packages/airflow/example_dags/example_short_circuit_operator.py
[2022-09-07T07:58:05.300+0000] {processor.py:650} INFO - DAG(s) dict_keys(['example_short_circuit_operator']) retrieved from /home/airflow/.local/lib/python3.7/site-packages/airflow/example_dags/example_short_circuit_operator.py
[2022-09-07T07:58:05.322+0000] {logging_mixin.py:115} INFO - [2022-09-07T07:58:05.322+0000] {dag.py:2429} INFO - Sync 1 DAGs
[2022-09-07T07:58:05.341+0000] {logging_mixin.py:115} INFO - [2022-09-07T07:58:05.341+0000] {dag.py:2981} INFO - Setting next_dagrun for example_short_circuit_operator to 2022-09-06T07:58:05.341137+00:00, run_after=2022-09-07T07:58:05.341137+00:00
[2022-09-07T07:58:05.349+0000] {processor.py:161} INFO - Processing /home/airflow/.local/lib/python3.7/site-packages/airflow/example_dags/example_short_circuit_operator.py took 0.067 seconds
[2022-09-07T07:58:36.452+0000] {processor.py:153} INFO - Started process (PID=396) to work on /home/airflow/.local/lib/python3.7/site-packages/airflow/example_dags/example_short_circuit_operator.py
[2022-09-07T07:58:36.453+0000] {processor.py:640} INFO - Processing file /home/airflow/.local/lib/python3.7/site-packages/airflow/example_dags/example_short_circuit_operator.py for tasks to queue
[2022-09-07T07:58:36.455+0000] {logging_mixin.py:115} INFO - [2022-09-07T07:58:36.454+0000] {dagbag.py:508} INFO - Filling up the DagBag from /home/airflow/.local/lib/python3.7/site-packages/airflow/example_dags/example_short_circuit_operator.py
[2022-09-07T07:58:36.461+0000] {processor.py:650} INFO - DAG(s) dict_keys(['example_short_circuit_operator']) retrieved from /home/airflow/.local/lib/python3.7/site-packages/airflow/example_dags/example_short_circuit_operator.py
[2022-09-07T07:58:36.479+0000] {logging_mixin.py:115} INFO - [2022-09-07T07:58:36.479+0000] {dag.py:2429} INFO - Sync 1 DAGs
[2022-09-07T07:58:36.493+0000] {logging_mixin.py:115} INFO - [2022-09-07T07:58:36.493+0000] {dag.py:2981} INFO - Setting next_dagrun for example_short_circuit_operator to 2022-09-06T07:58:36.493498+00:00, run_after=2022-09-07T07:58:36.493498+00:00
[2022-09-07T07:58:36.501+0000] {processor.py:161} INFO - Processing /home/airflow/.local/lib/python3.7/site-packages/airflow/example_dags/example_short_circuit_operator.py took 0.052 seconds
[2022-09-07T07:59:07.527+0000] {processor.py:153} INFO - Started process (PID=457) to work on /home/airflow/.local/lib/python3.7/site-packages/airflow/example_dags/example_short_circuit_operator.py
[2022-09-07T07:59:07.529+0000] {processor.py:640} INFO - Processing file /home/airflow/.local/lib/python3.7/site-packages/airflow/example_dags/example_short_circuit_operator.py for tasks to queue
[2022-09-07T07:59:07.530+0000] {logging_mixin.py:115} INFO - [2022-09-07T07:59:07.530+0000] {dagbag.py:508} INFO - Filling up the DagBag from /home/airflow/.local/lib/python3.7/site-packages/airflow/example_dags/example_short_circuit_operator.py
[2022-09-07T07:59:07.536+0000] {processor.py:650} INFO - DAG(s) dict_keys(['example_short_circuit_operator']) retrieved from /home/airflow/.local/lib/python3.7/site-packages/airflow/example_dags/example_short_circuit_operator.py
[2022-09-07T07:59:07.558+0000] {logging_mixin.py:115} INFO - [2022-09-07T07:59:07.558+0000] {dag.py:2429} INFO - Sync 1 DAGs
[2022-09-07T07:59:07.571+0000] {logging_mixin.py:115} INFO - [2022-09-07T07:59:07.571+0000] {dag.py:2981} INFO - Setting next_dagrun for example_short_circuit_operator to 2022-09-06T07:59:07.571206+00:00, run_after=2022-09-07T07:59:07.571206+00:00
[2022-09-07T07:59:07.580+0000] {processor.py:161} INFO - Processing /home/airflow/.local/lib/python3.7/site-packages/airflow/example_dags/example_short_circuit_operator.py took 0.055 seconds
[2022-09-07T07:59:38.335+0000] {processor.py:153} INFO - Started process (PID=517) to work on /home/airflow/.local/lib/python3.7/site-packages/airflow/example_dags/example_short_circuit_operator.py
[2022-09-07T07:59:38.338+0000] {processor.py:640} INFO - Processing file /home/airflow/.local/lib/python3.7/site-packages/airflow/example_dags/example_short_circuit_operator.py for tasks to queue
[2022-09-07T07:59:38.339+0000] {logging_mixin.py:115} INFO - [2022-09-07T07:59:38.339+0000] {dagbag.py:508} INFO - Filling up the DagBag from /home/airflow/.local/lib/python3.7/site-packages/airflow/example_dags/example_short_circuit_operator.py
[2022-09-07T07:59:38.345+0000] {processor.py:650} INFO - DAG(s) dict_keys(['example_short_circuit_operator']) retrieved from /home/airflow/.local/lib/python3.7/site-packages/airflow/example_dags/example_short_circuit_operator.py
[2022-09-07T07:59:38.365+0000] {logging_mixin.py:115} INFO - [2022-09-07T07:59:38.365+0000] {dag.py:2429} INFO - Sync 1 DAGs
[2022-09-07T07:59:38.378+0000] {logging_mixin.py:115} INFO - [2022-09-07T07:59:38.378+0000] {dag.py:2981} INFO - Setting next_dagrun for example_short_circuit_operator to 2022-09-06T07:59:38.378221+00:00, run_after=2022-09-07T07:59:38.378221+00:00
[2022-09-07T07:59:38.386+0000] {processor.py:161} INFO - Processing /home/airflow/.local/lib/python3.7/site-packages/airflow/example_dags/example_short_circuit_operator.py took 0.054 seconds
[2022-09-07T08:00:09.182+0000] {processor.py:153} INFO - Started process (PID=578) to work on /home/airflow/.local/lib/python3.7/site-packages/airflow/example_dags/example_short_circuit_operator.py
[2022-09-07T08:00:09.184+0000] {processor.py:640} INFO - Processing file /home/airflow/.local/lib/python3.7/site-packages/airflow/example_dags/example_short_circuit_operator.py for tasks to queue
[2022-09-07T08:00:09.185+0000] {logging_mixin.py:115} INFO - [2022-09-07T08:00:09.185+0000] {dagbag.py:508} INFO - Filling up the DagBag from /home/airflow/.local/lib/python3.7/site-packages/airflow/example_dags/example_short_circuit_operator.py
[2022-09-07T08:00:09.192+0000] {processor.py:650} INFO - DAG(s) dict_keys(['example_short_circuit_operator']) retrieved from /home/airflow/.local/lib/python3.7/site-packages/airflow/example_dags/example_short_circuit_operator.py
[2022-09-07T08:00:09.215+0000] {logging_mixin.py:115} INFO - [2022-09-07T08:00:09.215+0000] {dag.py:2429} INFO - Sync 1 DAGs
[2022-09-07T08:00:09.232+0000] {logging_mixin.py:115} INFO - [2022-09-07T08:00:09.232+0000] {dag.py:2981} INFO - Setting next_dagrun for example_short_circuit_operator to 2022-09-06T08:00:09.232536+00:00, run_after=2022-09-07T08:00:09.232536+00:00
[2022-09-07T08:00:09.243+0000] {processor.py:161} INFO - Processing /home/airflow/.local/lib/python3.7/site-packages/airflow/example_dags/example_short_circuit_operator.py took 0.063 seconds
[2022-09-07T08:00:40.115+0000] {processor.py:153} INFO - Started process (PID=934) to work on /home/airflow/.local/lib/python3.7/site-packages/airflow/example_dags/example_short_circuit_operator.py
[2022-09-07T08:00:40.118+0000] {processor.py:640} INFO - Processing file /home/airflow/.local/lib/python3.7/site-packages/airflow/example_dags/example_short_circuit_operator.py for tasks to queue
[2022-09-07T08:00:40.120+0000] {logging_mixin.py:115} INFO - [2022-09-07T08:00:40.119+0000] {dagbag.py:508} INFO - Filling up the DagBag from /home/airflow/.local/lib/python3.7/site-packages/airflow/example_dags/example_short_circuit_operator.py
[2022-09-07T08:00:40.128+0000] {processor.py:650} INFO - DAG(s) dict_keys(['example_short_circuit_operator']) retrieved from /home/airflow/.local/lib/python3.7/site-packages/airflow/example_dags/example_short_circuit_operator.py
[2022-09-07T08:00:40.153+0000] {logging_mixin.py:115} INFO - [2022-09-07T08:00:40.153+0000] {dag.py:2429} INFO - Sync 1 DAGs
[2022-09-07T08:00:40.169+0000] {logging_mixin.py:115} INFO - [2022-09-07T08:00:40.169+0000] {dag.py:2981} INFO - Setting next_dagrun for example_short_circuit_operator to 2022-09-06T08:00:40.169176+00:00, run_after=2022-09-07T08:00:40.169176+00:00
[2022-09-07T08:00:40.180+0000] {processor.py:161} INFO - Processing /home/airflow/.local/lib/python3.7/site-packages/airflow/example_dags/example_short_circuit_operator.py took 0.067 seconds
[2022-09-07T08:01:10.911+0000] {processor.py:153} INFO - Started process (PID=2083) to work on /home/airflow/.local/lib/python3.7/site-packages/airflow/example_dags/example_short_circuit_operator.py
[2022-09-07T08:01:10.913+0000] {processor.py:640} INFO - Processing file /home/airflow/.local/lib/python3.7/site-packages/airflow/example_dags/example_short_circuit_operator.py for tasks to queue
[2022-09-07T08:01:10.914+0000] {logging_mixin.py:115} INFO - [2022-09-07T08:01:10.914+0000] {dagbag.py:508} INFO - Filling up the DagBag from /home/airflow/.local/lib/python3.7/site-packages/airflow/example_dags/example_short_circuit_operator.py
[2022-09-07T08:01:10.921+0000] {processor.py:650} INFO - DAG(s) dict_keys(['example_short_circuit_operator']) retrieved from /home/airflow/.local/lib/python3.7/site-packages/airflow/example_dags/example_short_circuit_operator.py
[2022-09-07T08:01:10.940+0000] {logging_mixin.py:115} INFO - [2022-09-07T08:01:10.940+0000] {dag.py:2429} INFO - Sync 1 DAGs
[2022-09-07T08:01:10.953+0000] {logging_mixin.py:115} INFO - [2022-09-07T08:01:10.953+0000] {dag.py:2981} INFO - Setting next_dagrun for example_short_circuit_operator to 2022-09-06T08:01:10.953109+00:00, run_after=2022-09-07T08:01:10.953109+00:00
[2022-09-07T08:01:10.961+0000] {processor.py:161} INFO - Processing /home/airflow/.local/lib/python3.7/site-packages/airflow/example_dags/example_short_circuit_operator.py took 0.052 seconds
[2022-09-07T08:01:41.653+0000] {processor.py:153} INFO - Started process (PID=2330) to work on /home/airflow/.local/lib/python3.7/site-packages/airflow/example_dags/example_short_circuit_operator.py
[2022-09-07T08:01:41.654+0000] {processor.py:640} INFO - Processing file /home/airflow/.local/lib/python3.7/site-packages/airflow/example_dags/example_short_circuit_operator.py for tasks to queue
[2022-09-07T08:01:41.655+0000] {logging_mixin.py:115} INFO - [2022-09-07T08:01:41.655+0000] {dagbag.py:508} INFO - Filling up the DagBag from /home/airflow/.local/lib/python3.7/site-packages/airflow/example_dags/example_short_circuit_operator.py
[2022-09-07T08:01:41.663+0000] {processor.py:650} INFO - DAG(s) dict_keys(['example_short_circuit_operator']) retrieved from /home/airflow/.local/lib/python3.7/site-packages/airflow/example_dags/example_short_circuit_operator.py
[2022-09-07T08:01:41.687+0000] {logging_mixin.py:115} INFO - [2022-09-07T08:01:41.687+0000] {dag.py:2429} INFO - Sync 1 DAGs
[2022-09-07T08:01:41.701+0000] {logging_mixin.py:115} INFO - [2022-09-07T08:01:41.701+0000] {dag.py:2981} INFO - Setting next_dagrun for example_short_circuit_operator to 2022-09-06T08:01:41.701172+00:00, run_after=2022-09-07T08:01:41.701172+00:00
[2022-09-07T08:01:41.710+0000] {processor.py:161} INFO - Processing /home/airflow/.local/lib/python3.7/site-packages/airflow/example_dags/example_short_circuit_operator.py took 0.061 seconds
[2022-09-07T08:02:12.495+0000] {processor.py:153} INFO - Started process (PID=2392) to work on /home/airflow/.local/lib/python3.7/site-packages/airflow/example_dags/example_short_circuit_operator.py
[2022-09-07T08:02:12.497+0000] {processor.py:640} INFO - Processing file /home/airflow/.local/lib/python3.7/site-packages/airflow/example_dags/example_short_circuit_operator.py for tasks to queue
[2022-09-07T08:02:12.498+0000] {logging_mixin.py:115} INFO - [2022-09-07T08:02:12.498+0000] {dagbag.py:508} INFO - Filling up the DagBag from /home/airflow/.local/lib/python3.7/site-packages/airflow/example_dags/example_short_circuit_operator.py
[2022-09-07T08:02:12.506+0000] {processor.py:650} INFO - DAG(s) dict_keys(['example_short_circuit_operator']) retrieved from /home/airflow/.local/lib/python3.7/site-packages/airflow/example_dags/example_short_circuit_operator.py
[2022-09-07T08:02:12.525+0000] {logging_mixin.py:115} INFO - [2022-09-07T08:02:12.525+0000] {dag.py:2429} INFO - Sync 1 DAGs
[2022-09-07T08:02:12.539+0000] {logging_mixin.py:115} INFO - [2022-09-07T08:02:12.539+0000] {dag.py:2981} INFO - Setting next_dagrun for example_short_circuit_operator to 2022-09-06T08:02:12.538986+00:00, run_after=2022-09-07T08:02:12.538986+00:00
[2022-09-07T08:02:12.547+0000] {processor.py:161} INFO - Processing /home/airflow/.local/lib/python3.7/site-packages/airflow/example_dags/example_short_circuit_operator.py took 0.055 seconds
[2022-09-07T08:02:43.330+0000] {processor.py:153} INFO - Started process (PID=2452) to work on /home/airflow/.local/lib/python3.7/site-packages/airflow/example_dags/example_short_circuit_operator.py
[2022-09-07T08:02:43.332+0000] {processor.py:640} INFO - Processing file /home/airflow/.local/lib/python3.7/site-packages/airflow/example_dags/example_short_circuit_operator.py for tasks to queue
[2022-09-07T08:02:43.333+0000] {logging_mixin.py:115} INFO - [2022-09-07T08:02:43.333+0000] {dagbag.py:508} INFO - Filling up the DagBag from /home/airflow/.local/lib/python3.7/site-packages/airflow/example_dags/example_short_circuit_operator.py
[2022-09-07T08:02:43.339+0000] {processor.py:650} INFO - DAG(s) dict_keys(['example_short_circuit_operator']) retrieved from /home/airflow/.local/lib/python3.7/site-packages/airflow/example_dags/example_short_circuit_operator.py
[2022-09-07T08:02:43.357+0000] {logging_mixin.py:115} INFO - [2022-09-07T08:02:43.357+0000] {dag.py:2429} INFO - Sync 1 DAGs
[2022-09-07T08:02:43.371+0000] {logging_mixin.py:115} INFO - [2022-09-07T08:02:43.371+0000] {dag.py:2981} INFO - Setting next_dagrun for example_short_circuit_operator to 2022-09-06T08:02:43.371447+00:00, run_after=2022-09-07T08:02:43.371447+00:00
[2022-09-07T08:02:43.379+0000] {processor.py:161} INFO - Processing /home/airflow/.local/lib/python3.7/site-packages/airflow/example_dags/example_short_circuit_operator.py took 0.051 seconds
[2022-09-07T08:03:14.061+0000] {processor.py:153} INFO - Started process (PID=2512) to work on /home/airflow/.local/lib/python3.7/site-packages/airflow/example_dags/example_short_circuit_operator.py
[2022-09-07T08:03:14.063+0000] {processor.py:640} INFO - Processing file /home/airflow/.local/lib/python3.7/site-packages/airflow/example_dags/example_short_circuit_operator.py for tasks to queue
[2022-09-07T08:03:14.064+0000] {logging_mixin.py:115} INFO - [2022-09-07T08:03:14.064+0000] {dagbag.py:508} INFO - Filling up the DagBag from /home/airflow/.local/lib/python3.7/site-packages/airflow/example_dags/example_short_circuit_operator.py
[2022-09-07T08:03:14.070+0000] {processor.py:650} INFO - DAG(s) dict_keys(['example_short_circuit_operator']) retrieved from /home/airflow/.local/lib/python3.7/site-packages/airflow/example_dags/example_short_circuit_operator.py
[2022-09-07T08:03:14.088+0000] {logging_mixin.py:115} INFO - [2022-09-07T08:03:14.088+0000] {dag.py:2429} INFO - Sync 1 DAGs
[2022-09-07T08:03:14.102+0000] {logging_mixin.py:115} INFO - [2022-09-07T08:03:14.102+0000] {dag.py:2981} INFO - Setting next_dagrun for example_short_circuit_operator to 2022-09-06T08:03:14.102705+00:00, run_after=2022-09-07T08:03:14.102705+00:00
[2022-09-07T08:03:14.110+0000] {processor.py:161} INFO - Processing /home/airflow/.local/lib/python3.7/site-packages/airflow/example_dags/example_short_circuit_operator.py took 0.052 seconds
[2022-09-07T08:03:44.854+0000] {processor.py:153} INFO - Started process (PID=2573) to work on /home/airflow/.local/lib/python3.7/site-packages/airflow/example_dags/example_short_circuit_operator.py
[2022-09-07T08:03:44.856+0000] {processor.py:640} INFO - Processing file /home/airflow/.local/lib/python3.7/site-packages/airflow/example_dags/example_short_circuit_operator.py for tasks to queue
[2022-09-07T08:03:44.857+0000] {logging_mixin.py:115} INFO - [2022-09-07T08:03:44.857+0000] {dagbag.py:508} INFO - Filling up the DagBag from /home/airflow/.local/lib/python3.7/site-packages/airflow/example_dags/example_short_circuit_operator.py
[2022-09-07T08:03:44.863+0000] {processor.py:650} INFO - DAG(s) dict_keys(['example_short_circuit_operator']) retrieved from /home/airflow/.local/lib/python3.7/site-packages/airflow/example_dags/example_short_circuit_operator.py
[2022-09-07T08:03:44.883+0000] {logging_mixin.py:115} INFO - [2022-09-07T08:03:44.883+0000] {dag.py:2429} INFO - Sync 1 DAGs
[2022-09-07T08:03:44.900+0000] {logging_mixin.py:115} INFO - [2022-09-07T08:03:44.899+0000] {dag.py:2981} INFO - Setting next_dagrun for example_short_circuit_operator to 2022-09-06T08:03:44.899800+00:00, run_after=2022-09-07T08:03:44.899800+00:00
[2022-09-07T08:03:44.908+0000] {processor.py:161} INFO - Processing /home/airflow/.local/lib/python3.7/site-packages/airflow/example_dags/example_short_circuit_operator.py took 0.056 seconds
[2022-09-07T08:04:15.559+0000] {processor.py:153} INFO - Started process (PID=2625) to work on /home/airflow/.local/lib/python3.7/site-packages/airflow/example_dags/example_short_circuit_operator.py
[2022-09-07T08:04:15.561+0000] {processor.py:640} INFO - Processing file /home/airflow/.local/lib/python3.7/site-packages/airflow/example_dags/example_short_circuit_operator.py for tasks to queue
[2022-09-07T08:04:15.563+0000] {logging_mixin.py:115} INFO - [2022-09-07T08:04:15.563+0000] {dagbag.py:508} INFO - Filling up the DagBag from /home/airflow/.local/lib/python3.7/site-packages/airflow/example_dags/example_short_circuit_operator.py
[2022-09-07T08:04:15.568+0000] {processor.py:650} INFO - DAG(s) dict_keys(['example_short_circuit_operator']) retrieved from /home/airflow/.local/lib/python3.7/site-packages/airflow/example_dags/example_short_circuit_operator.py
[2022-09-07T08:04:15.586+0000] {logging_mixin.py:115} INFO - [2022-09-07T08:04:15.586+0000] {dag.py:2429} INFO - Sync 1 DAGs
[2022-09-07T08:04:15.599+0000] {logging_mixin.py:115} INFO - [2022-09-07T08:04:15.599+0000] {dag.py:2981} INFO - Setting next_dagrun for example_short_circuit_operator to 2022-09-06T08:04:15.599594+00:00, run_after=2022-09-07T08:04:15.599594+00:00
[2022-09-07T08:04:15.607+0000] {processor.py:161} INFO - Processing /home/airflow/.local/lib/python3.7/site-packages/airflow/example_dags/example_short_circuit_operator.py took 0.050 seconds
[2022-09-07T16:20:35.680+0000] {processor.py:153} INFO - Started process (PID=50) to work on /home/airflow/.local/lib/python3.7/site-packages/airflow/example_dags/example_short_circuit_operator.py
[2022-09-07T16:20:35.686+0000] {processor.py:640} INFO - Processing file /home/airflow/.local/lib/python3.7/site-packages/airflow/example_dags/example_short_circuit_operator.py for tasks to queue
[2022-09-07T16:20:35.689+0000] {logging_mixin.py:115} INFO - [2022-09-07T16:20:35.689+0000] {dagbag.py:508} INFO - Filling up the DagBag from /home/airflow/.local/lib/python3.7/site-packages/airflow/example_dags/example_short_circuit_operator.py
[2022-09-07T16:21:01.228+0000] {processor.py:153} INFO - Started process (PID=58) to work on /home/airflow/.local/lib/python3.7/site-packages/airflow/example_dags/example_short_circuit_operator.py
[2022-09-07T16:21:01.230+0000] {processor.py:640} INFO - Processing file /home/airflow/.local/lib/python3.7/site-packages/airflow/example_dags/example_short_circuit_operator.py for tasks to queue
[2022-09-07T16:21:01.231+0000] {logging_mixin.py:115} INFO - [2022-09-07T16:21:01.231+0000] {dagbag.py:508} INFO - Filling up the DagBag from /home/airflow/.local/lib/python3.7/site-packages/airflow/example_dags/example_short_circuit_operator.py
[2022-09-07T16:21:01.240+0000] {processor.py:650} INFO - DAG(s) dict_keys(['example_short_circuit_operator']) retrieved from /home/airflow/.local/lib/python3.7/site-packages/airflow/example_dags/example_short_circuit_operator.py
[2022-09-07T16:21:01.260+0000] {logging_mixin.py:115} INFO - [2022-09-07T16:21:01.260+0000] {dag.py:2429} INFO - Sync 1 DAGs
[2022-09-07T16:21:01.276+0000] {logging_mixin.py:115} INFO - [2022-09-07T16:21:01.276+0000] {dag.py:2981} INFO - Setting next_dagrun for example_short_circuit_operator to 2022-09-06T16:21:01.276394+00:00, run_after=2022-09-07T16:21:01.276394+00:00
[2022-09-07T16:21:01.285+0000] {processor.py:161} INFO - Processing /home/airflow/.local/lib/python3.7/site-packages/airflow/example_dags/example_short_circuit_operator.py took 0.059 seconds
[2022-09-07T16:21:31.885+0000] {processor.py:153} INFO - Started process (PID=118) to work on /home/airflow/.local/lib/python3.7/site-packages/airflow/example_dags/example_short_circuit_operator.py
[2022-09-07T16:21:31.887+0000] {processor.py:640} INFO - Processing file /home/airflow/.local/lib/python3.7/site-packages/airflow/example_dags/example_short_circuit_operator.py for tasks to queue
[2022-09-07T16:21:31.888+0000] {logging_mixin.py:115} INFO - [2022-09-07T16:21:31.888+0000] {dagbag.py:508} INFO - Filling up the DagBag from /home/airflow/.local/lib/python3.7/site-packages/airflow/example_dags/example_short_circuit_operator.py
[2022-09-07T16:21:31.894+0000] {processor.py:650} INFO - DAG(s) dict_keys(['example_short_circuit_operator']) retrieved from /home/airflow/.local/lib/python3.7/site-packages/airflow/example_dags/example_short_circuit_operator.py
[2022-09-07T16:21:31.916+0000] {logging_mixin.py:115} INFO - [2022-09-07T16:21:31.915+0000] {dag.py:2429} INFO - Sync 1 DAGs
[2022-09-07T16:21:31.932+0000] {logging_mixin.py:115} INFO - [2022-09-07T16:21:31.932+0000] {dag.py:2981} INFO - Setting next_dagrun for example_short_circuit_operator to 2022-09-06T16:21:31.931841+00:00, run_after=2022-09-07T16:21:31.931841+00:00
[2022-09-07T16:21:31.940+0000] {processor.py:161} INFO - Processing /home/airflow/.local/lib/python3.7/site-packages/airflow/example_dags/example_short_circuit_operator.py took 0.057 seconds
[2022-09-07T16:22:02.537+0000] {processor.py:153} INFO - Started process (PID=573) to work on /home/airflow/.local/lib/python3.7/site-packages/airflow/example_dags/example_short_circuit_operator.py
[2022-09-07T16:22:02.539+0000] {processor.py:640} INFO - Processing file /home/airflow/.local/lib/python3.7/site-packages/airflow/example_dags/example_short_circuit_operator.py for tasks to queue
[2022-09-07T16:22:02.540+0000] {logging_mixin.py:115} INFO - [2022-09-07T16:22:02.540+0000] {dagbag.py:508} INFO - Filling up the DagBag from /home/airflow/.local/lib/python3.7/site-packages/airflow/example_dags/example_short_circuit_operator.py
[2022-09-07T16:22:02.546+0000] {processor.py:650} INFO - DAG(s) dict_keys(['example_short_circuit_operator']) retrieved from /home/airflow/.local/lib/python3.7/site-packages/airflow/example_dags/example_short_circuit_operator.py
[2022-09-07T16:22:02.565+0000] {logging_mixin.py:115} INFO - [2022-09-07T16:22:02.565+0000] {dag.py:2429} INFO - Sync 1 DAGs
[2022-09-07T16:22:02.580+0000] {logging_mixin.py:115} INFO - [2022-09-07T16:22:02.580+0000] {dag.py:2981} INFO - Setting next_dagrun for example_short_circuit_operator to 2022-09-06T16:22:02.580556+00:00, run_after=2022-09-07T16:22:02.580556+00:00
[2022-09-07T16:22:02.589+0000] {processor.py:161} INFO - Processing /home/airflow/.local/lib/python3.7/site-packages/airflow/example_dags/example_short_circuit_operator.py took 0.055 seconds
[2022-09-07T16:22:32.720+0000] {processor.py:153} INFO - Started process (PID=1269) to work on /home/airflow/.local/lib/python3.7/site-packages/airflow/example_dags/example_short_circuit_operator.py
[2022-09-07T16:22:32.722+0000] {processor.py:640} INFO - Processing file /home/airflow/.local/lib/python3.7/site-packages/airflow/example_dags/example_short_circuit_operator.py for tasks to queue
[2022-09-07T16:22:32.723+0000] {logging_mixin.py:115} INFO - [2022-09-07T16:22:32.723+0000] {dagbag.py:508} INFO - Filling up the DagBag from /home/airflow/.local/lib/python3.7/site-packages/airflow/example_dags/example_short_circuit_operator.py
[2022-09-07T16:22:32.728+0000] {processor.py:650} INFO - DAG(s) dict_keys(['example_short_circuit_operator']) retrieved from /home/airflow/.local/lib/python3.7/site-packages/airflow/example_dags/example_short_circuit_operator.py
[2022-09-07T16:22:32.749+0000] {logging_mixin.py:115} INFO - [2022-09-07T16:22:32.749+0000] {dag.py:2429} INFO - Sync 1 DAGs
[2022-09-07T16:22:32.765+0000] {logging_mixin.py:115} INFO - [2022-09-07T16:22:32.765+0000] {dag.py:2981} INFO - Setting next_dagrun for example_short_circuit_operator to 2022-09-06T16:22:32.764902+00:00, run_after=2022-09-07T16:22:32.764902+00:00
[2022-09-07T16:22:32.774+0000] {processor.py:161} INFO - Processing /home/airflow/.local/lib/python3.7/site-packages/airflow/example_dags/example_short_circuit_operator.py took 0.056 seconds
[2022-09-07T16:23:03.398+0000] {processor.py:153} INFO - Started process (PID=1801) to work on /home/airflow/.local/lib/python3.7/site-packages/airflow/example_dags/example_short_circuit_operator.py
[2022-09-07T16:23:03.400+0000] {processor.py:640} INFO - Processing file /home/airflow/.local/lib/python3.7/site-packages/airflow/example_dags/example_short_circuit_operator.py for tasks to queue
[2022-09-07T16:23:03.401+0000] {logging_mixin.py:115} INFO - [2022-09-07T16:23:03.401+0000] {dagbag.py:508} INFO - Filling up the DagBag from /home/airflow/.local/lib/python3.7/site-packages/airflow/example_dags/example_short_circuit_operator.py
[2022-09-07T16:23:03.410+0000] {processor.py:650} INFO - DAG(s) dict_keys(['example_short_circuit_operator']) retrieved from /home/airflow/.local/lib/python3.7/site-packages/airflow/example_dags/example_short_circuit_operator.py
[2022-09-07T16:23:03.430+0000] {logging_mixin.py:115} INFO - [2022-09-07T16:23:03.430+0000] {dag.py:2429} INFO - Sync 1 DAGs
[2022-09-07T16:23:03.443+0000] {logging_mixin.py:115} INFO - [2022-09-07T16:23:03.443+0000] {dag.py:2981} INFO - Setting next_dagrun for example_short_circuit_operator to 2022-09-06T16:23:03.443684+00:00, run_after=2022-09-07T16:23:03.443684+00:00
[2022-09-07T16:23:03.454+0000] {processor.py:161} INFO - Processing /home/airflow/.local/lib/python3.7/site-packages/airflow/example_dags/example_short_circuit_operator.py took 0.059 seconds
[2022-09-07T16:23:34.262+0000] {processor.py:153} INFO - Started process (PID=2170) to work on /home/airflow/.local/lib/python3.7/site-packages/airflow/example_dags/example_short_circuit_operator.py
[2022-09-07T16:23:34.264+0000] {processor.py:640} INFO - Processing file /home/airflow/.local/lib/python3.7/site-packages/airflow/example_dags/example_short_circuit_operator.py for tasks to queue
[2022-09-07T16:23:34.265+0000] {logging_mixin.py:115} INFO - [2022-09-07T16:23:34.265+0000] {dagbag.py:508} INFO - Filling up the DagBag from /home/airflow/.local/lib/python3.7/site-packages/airflow/example_dags/example_short_circuit_operator.py
[2022-09-07T16:23:34.271+0000] {processor.py:650} INFO - DAG(s) dict_keys(['example_short_circuit_operator']) retrieved from /home/airflow/.local/lib/python3.7/site-packages/airflow/example_dags/example_short_circuit_operator.py
[2022-09-07T16:23:34.290+0000] {logging_mixin.py:115} INFO - [2022-09-07T16:23:34.290+0000] {dag.py:2429} INFO - Sync 1 DAGs
[2022-09-07T16:23:34.307+0000] {logging_mixin.py:115} INFO - [2022-09-07T16:23:34.306+0000] {dag.py:2981} INFO - Setting next_dagrun for example_short_circuit_operator to 2022-09-06T16:23:34.306780+00:00, run_after=2022-09-07T16:23:34.306780+00:00
[2022-09-07T16:23:34.321+0000] {processor.py:161} INFO - Processing /home/airflow/.local/lib/python3.7/site-packages/airflow/example_dags/example_short_circuit_operator.py took 0.061 seconds
[2022-09-07T16:24:04.868+0000] {processor.py:153} INFO - Started process (PID=2547) to work on /home/airflow/.local/lib/python3.7/site-packages/airflow/example_dags/example_short_circuit_operator.py
[2022-09-07T16:24:04.870+0000] {processor.py:640} INFO - Processing file /home/airflow/.local/lib/python3.7/site-packages/airflow/example_dags/example_short_circuit_operator.py for tasks to queue
[2022-09-07T16:24:04.871+0000] {logging_mixin.py:115} INFO - [2022-09-07T16:24:04.871+0000] {dagbag.py:508} INFO - Filling up the DagBag from /home/airflow/.local/lib/python3.7/site-packages/airflow/example_dags/example_short_circuit_operator.py
[2022-09-07T16:24:04.876+0000] {processor.py:650} INFO - DAG(s) dict_keys(['example_short_circuit_operator']) retrieved from /home/airflow/.local/lib/python3.7/site-packages/airflow/example_dags/example_short_circuit_operator.py
[2022-09-07T16:24:04.894+0000] {logging_mixin.py:115} INFO - [2022-09-07T16:24:04.894+0000] {dag.py:2429} INFO - Sync 1 DAGs
[2022-09-07T16:24:04.909+0000] {logging_mixin.py:115} INFO - [2022-09-07T16:24:04.909+0000] {dag.py:2981} INFO - Setting next_dagrun for example_short_circuit_operator to 2022-09-06T16:24:04.909013+00:00, run_after=2022-09-07T16:24:04.909013+00:00
[2022-09-07T16:24:04.949+0000] {processor.py:161} INFO - Processing /home/airflow/.local/lib/python3.7/site-packages/airflow/example_dags/example_short_circuit_operator.py took 0.083 seconds
[2022-09-07T16:24:35.510+0000] {processor.py:153} INFO - Started process (PID=2914) to work on /home/airflow/.local/lib/python3.7/site-packages/airflow/example_dags/example_short_circuit_operator.py
[2022-09-07T16:24:35.513+0000] {processor.py:640} INFO - Processing file /home/airflow/.local/lib/python3.7/site-packages/airflow/example_dags/example_short_circuit_operator.py for tasks to queue
[2022-09-07T16:24:35.515+0000] {logging_mixin.py:115} INFO - [2022-09-07T16:24:35.515+0000] {dagbag.py:508} INFO - Filling up the DagBag from /home/airflow/.local/lib/python3.7/site-packages/airflow/example_dags/example_short_circuit_operator.py
[2022-09-07T16:24:35.521+0000] {processor.py:650} INFO - DAG(s) dict_keys(['example_short_circuit_operator']) retrieved from /home/airflow/.local/lib/python3.7/site-packages/airflow/example_dags/example_short_circuit_operator.py
[2022-09-07T16:24:35.543+0000] {logging_mixin.py:115} INFO - [2022-09-07T16:24:35.543+0000] {dag.py:2429} INFO - Sync 1 DAGs
[2022-09-07T16:24:35.558+0000] {logging_mixin.py:115} INFO - [2022-09-07T16:24:35.558+0000] {dag.py:2981} INFO - Setting next_dagrun for example_short_circuit_operator to 2022-09-06T16:24:35.558465+00:00, run_after=2022-09-07T16:24:35.558465+00:00
[2022-09-07T16:24:35.568+0000] {processor.py:161} INFO - Processing /home/airflow/.local/lib/python3.7/site-packages/airflow/example_dags/example_short_circuit_operator.py took 0.060 seconds
[2022-09-07T16:25:06.378+0000] {processor.py:153} INFO - Started process (PID=3242) to work on /home/airflow/.local/lib/python3.7/site-packages/airflow/example_dags/example_short_circuit_operator.py
[2022-09-07T16:25:06.385+0000] {processor.py:640} INFO - Processing file /home/airflow/.local/lib/python3.7/site-packages/airflow/example_dags/example_short_circuit_operator.py for tasks to queue
[2022-09-07T16:25:06.395+0000] {logging_mixin.py:115} INFO - [2022-09-07T16:25:06.395+0000] {dagbag.py:508} INFO - Filling up the DagBag from /home/airflow/.local/lib/python3.7/site-packages/airflow/example_dags/example_short_circuit_operator.py
[2022-09-07T16:25:06.456+0000] {processor.py:650} INFO - DAG(s) dict_keys(['example_short_circuit_operator']) retrieved from /home/airflow/.local/lib/python3.7/site-packages/airflow/example_dags/example_short_circuit_operator.py
[2022-09-07T16:25:06.514+0000] {logging_mixin.py:115} INFO - [2022-09-07T16:25:06.514+0000] {dag.py:2429} INFO - Sync 1 DAGs
[2022-09-07T16:25:06.534+0000] {logging_mixin.py:115} INFO - [2022-09-07T16:25:06.534+0000] {dag.py:2981} INFO - Setting next_dagrun for example_short_circuit_operator to 2022-09-06T16:25:06.534244+00:00, run_after=2022-09-07T16:25:06.534244+00:00
[2022-09-07T16:25:06.545+0000] {processor.py:161} INFO - Processing /home/airflow/.local/lib/python3.7/site-packages/airflow/example_dags/example_short_circuit_operator.py took 0.174 seconds
[2022-09-07T16:25:36.644+0000] {processor.py:153} INFO - Started process (PID=3303) to work on /home/airflow/.local/lib/python3.7/site-packages/airflow/example_dags/example_short_circuit_operator.py
[2022-09-07T16:25:36.645+0000] {processor.py:640} INFO - Processing file /home/airflow/.local/lib/python3.7/site-packages/airflow/example_dags/example_short_circuit_operator.py for tasks to queue
[2022-09-07T16:25:36.647+0000] {logging_mixin.py:115} INFO - [2022-09-07T16:25:36.647+0000] {dagbag.py:508} INFO - Filling up the DagBag from /home/airflow/.local/lib/python3.7/site-packages/airflow/example_dags/example_short_circuit_operator.py
[2022-09-07T16:25:36.653+0000] {processor.py:650} INFO - DAG(s) dict_keys(['example_short_circuit_operator']) retrieved from /home/airflow/.local/lib/python3.7/site-packages/airflow/example_dags/example_short_circuit_operator.py
[2022-09-07T16:25:36.673+0000] {logging_mixin.py:115} INFO - [2022-09-07T16:25:36.673+0000] {dag.py:2429} INFO - Sync 1 DAGs
[2022-09-07T16:25:36.690+0000] {logging_mixin.py:115} INFO - [2022-09-07T16:25:36.690+0000] {dag.py:2981} INFO - Setting next_dagrun for example_short_circuit_operator to 2022-09-06T16:25:36.690116+00:00, run_after=2022-09-07T16:25:36.690116+00:00
[2022-09-07T16:25:36.700+0000] {processor.py:161} INFO - Processing /home/airflow/.local/lib/python3.7/site-packages/airflow/example_dags/example_short_circuit_operator.py took 0.058 seconds
[2022-09-07T16:26:06.933+0000] {processor.py:153} INFO - Started process (PID=3356) to work on /home/airflow/.local/lib/python3.7/site-packages/airflow/example_dags/example_short_circuit_operator.py
[2022-09-07T16:26:06.935+0000] {processor.py:640} INFO - Processing file /home/airflow/.local/lib/python3.7/site-packages/airflow/example_dags/example_short_circuit_operator.py for tasks to queue
[2022-09-07T16:26:06.937+0000] {logging_mixin.py:115} INFO - [2022-09-07T16:26:06.937+0000] {dagbag.py:508} INFO - Filling up the DagBag from /home/airflow/.local/lib/python3.7/site-packages/airflow/example_dags/example_short_circuit_operator.py
[2022-09-07T16:26:06.952+0000] {processor.py:650} INFO - DAG(s) dict_keys(['example_short_circuit_operator']) retrieved from /home/airflow/.local/lib/python3.7/site-packages/airflow/example_dags/example_short_circuit_operator.py
[2022-09-07T16:26:06.989+0000] {logging_mixin.py:115} INFO - [2022-09-07T16:26:06.989+0000] {dag.py:2429} INFO - Sync 1 DAGs
[2022-09-07T16:26:07.014+0000] {logging_mixin.py:115} INFO - [2022-09-07T16:26:07.014+0000] {dag.py:2981} INFO - Setting next_dagrun for example_short_circuit_operator to 2022-09-06T16:26:07.013717+00:00, run_after=2022-09-07T16:26:07.013717+00:00
[2022-09-07T16:26:07.045+0000] {processor.py:161} INFO - Processing /home/airflow/.local/lib/python3.7/site-packages/airflow/example_dags/example_short_circuit_operator.py took 0.115 seconds
[2022-09-07T16:26:37.097+0000] {processor.py:153} INFO - Started process (PID=3417) to work on /home/airflow/.local/lib/python3.7/site-packages/airflow/example_dags/example_short_circuit_operator.py
[2022-09-07T16:26:37.102+0000] {processor.py:640} INFO - Processing file /home/airflow/.local/lib/python3.7/site-packages/airflow/example_dags/example_short_circuit_operator.py for tasks to queue
[2022-09-07T16:26:37.103+0000] {logging_mixin.py:115} INFO - [2022-09-07T16:26:37.103+0000] {dagbag.py:508} INFO - Filling up the DagBag from /home/airflow/.local/lib/python3.7/site-packages/airflow/example_dags/example_short_circuit_operator.py
[2022-09-07T16:26:37.111+0000] {processor.py:650} INFO - DAG(s) dict_keys(['example_short_circuit_operator']) retrieved from /home/airflow/.local/lib/python3.7/site-packages/airflow/example_dags/example_short_circuit_operator.py
[2022-09-07T16:26:37.132+0000] {logging_mixin.py:115} INFO - [2022-09-07T16:26:37.132+0000] {dag.py:2429} INFO - Sync 1 DAGs
[2022-09-07T16:26:37.146+0000] {logging_mixin.py:115} INFO - [2022-09-07T16:26:37.146+0000] {dag.py:2981} INFO - Setting next_dagrun for example_short_circuit_operator to 2022-09-06T16:26:37.146088+00:00, run_after=2022-09-07T16:26:37.146088+00:00
[2022-09-07T16:26:37.155+0000] {processor.py:161} INFO - Processing /home/airflow/.local/lib/python3.7/site-packages/airflow/example_dags/example_short_circuit_operator.py took 0.060 seconds
[2022-09-07T16:27:07.640+0000] {processor.py:153} INFO - Started process (PID=3478) to work on /home/airflow/.local/lib/python3.7/site-packages/airflow/example_dags/example_short_circuit_operator.py
[2022-09-07T16:27:07.642+0000] {processor.py:640} INFO - Processing file /home/airflow/.local/lib/python3.7/site-packages/airflow/example_dags/example_short_circuit_operator.py for tasks to queue
[2022-09-07T16:27:07.644+0000] {logging_mixin.py:115} INFO - [2022-09-07T16:27:07.644+0000] {dagbag.py:508} INFO - Filling up the DagBag from /home/airflow/.local/lib/python3.7/site-packages/airflow/example_dags/example_short_circuit_operator.py
[2022-09-07T16:27:07.650+0000] {processor.py:650} INFO - DAG(s) dict_keys(['example_short_circuit_operator']) retrieved from /home/airflow/.local/lib/python3.7/site-packages/airflow/example_dags/example_short_circuit_operator.py
[2022-09-07T16:27:07.676+0000] {logging_mixin.py:115} INFO - [2022-09-07T16:27:07.675+0000] {dag.py:2429} INFO - Sync 1 DAGs
[2022-09-07T16:27:07.698+0000] {logging_mixin.py:115} INFO - [2022-09-07T16:27:07.698+0000] {dag.py:2981} INFO - Setting next_dagrun for example_short_circuit_operator to 2022-09-06T16:27:07.697891+00:00, run_after=2022-09-07T16:27:07.697891+00:00
[2022-09-07T16:27:07.707+0000] {processor.py:161} INFO - Processing /home/airflow/.local/lib/python3.7/site-packages/airflow/example_dags/example_short_circuit_operator.py took 0.075 seconds
[2022-09-07T16:27:38.330+0000] {processor.py:153} INFO - Started process (PID=3540) to work on /home/airflow/.local/lib/python3.7/site-packages/airflow/example_dags/example_short_circuit_operator.py
[2022-09-07T16:27:38.332+0000] {processor.py:640} INFO - Processing file /home/airflow/.local/lib/python3.7/site-packages/airflow/example_dags/example_short_circuit_operator.py for tasks to queue
[2022-09-07T16:27:38.334+0000] {logging_mixin.py:115} INFO - [2022-09-07T16:27:38.333+0000] {dagbag.py:508} INFO - Filling up the DagBag from /home/airflow/.local/lib/python3.7/site-packages/airflow/example_dags/example_short_circuit_operator.py
[2022-09-07T16:27:38.342+0000] {processor.py:650} INFO - DAG(s) dict_keys(['example_short_circuit_operator']) retrieved from /home/airflow/.local/lib/python3.7/site-packages/airflow/example_dags/example_short_circuit_operator.py
[2022-09-07T16:27:38.367+0000] {logging_mixin.py:115} INFO - [2022-09-07T16:27:38.367+0000] {dag.py:2429} INFO - Sync 1 DAGs
[2022-09-07T16:27:38.384+0000] {logging_mixin.py:115} INFO - [2022-09-07T16:27:38.384+0000] {dag.py:2981} INFO - Setting next_dagrun for example_short_circuit_operator to 2022-09-06T16:27:38.384630+00:00, run_after=2022-09-07T16:27:38.384630+00:00
[2022-09-07T16:27:38.394+0000] {processor.py:161} INFO - Processing /home/airflow/.local/lib/python3.7/site-packages/airflow/example_dags/example_short_circuit_operator.py took 0.067 seconds
[2022-09-07T16:28:09.138+0000] {processor.py:153} INFO - Started process (PID=3601) to work on /home/airflow/.local/lib/python3.7/site-packages/airflow/example_dags/example_short_circuit_operator.py
[2022-09-07T16:28:09.139+0000] {processor.py:640} INFO - Processing file /home/airflow/.local/lib/python3.7/site-packages/airflow/example_dags/example_short_circuit_operator.py for tasks to queue
[2022-09-07T16:28:09.141+0000] {logging_mixin.py:115} INFO - [2022-09-07T16:28:09.140+0000] {dagbag.py:508} INFO - Filling up the DagBag from /home/airflow/.local/lib/python3.7/site-packages/airflow/example_dags/example_short_circuit_operator.py
[2022-09-07T16:28:09.147+0000] {processor.py:650} INFO - DAG(s) dict_keys(['example_short_circuit_operator']) retrieved from /home/airflow/.local/lib/python3.7/site-packages/airflow/example_dags/example_short_circuit_operator.py
[2022-09-07T16:28:09.167+0000] {logging_mixin.py:115} INFO - [2022-09-07T16:28:09.167+0000] {dag.py:2429} INFO - Sync 1 DAGs
[2022-09-07T16:28:09.183+0000] {logging_mixin.py:115} INFO - [2022-09-07T16:28:09.182+0000] {dag.py:2981} INFO - Setting next_dagrun for example_short_circuit_operator to 2022-09-06T16:28:09.182679+00:00, run_after=2022-09-07T16:28:09.182679+00:00
[2022-09-07T16:28:09.194+0000] {processor.py:161} INFO - Processing /home/airflow/.local/lib/python3.7/site-packages/airflow/example_dags/example_short_circuit_operator.py took 0.058 seconds
[2022-09-07T16:29:17.923+0000] {processor.py:153} INFO - Started process (PID=47) to work on /home/airflow/.local/lib/python3.7/site-packages/airflow/example_dags/example_short_circuit_operator.py
[2022-09-07T16:29:17.932+0000] {processor.py:640} INFO - Processing file /home/airflow/.local/lib/python3.7/site-packages/airflow/example_dags/example_short_circuit_operator.py for tasks to queue
[2022-09-07T16:29:17.936+0000] {logging_mixin.py:115} INFO - [2022-09-07T16:29:17.936+0000] {dagbag.py:508} INFO - Filling up the DagBag from /home/airflow/.local/lib/python3.7/site-packages/airflow/example_dags/example_short_circuit_operator.py
[2022-09-07T16:29:17.964+0000] {processor.py:650} INFO - DAG(s) dict_keys(['example_short_circuit_operator']) retrieved from /home/airflow/.local/lib/python3.7/site-packages/airflow/example_dags/example_short_circuit_operator.py
[2022-09-07T16:29:18.014+0000] {logging_mixin.py:115} INFO - [2022-09-07T16:29:18.013+0000] {dag.py:2429} INFO - Sync 1 DAGs
[2022-09-07T16:29:18.060+0000] {logging_mixin.py:115} INFO - [2022-09-07T16:29:18.060+0000] {dag.py:2981} INFO - Setting next_dagrun for example_short_circuit_operator to 2022-09-06T16:29:18.060501+00:00, run_after=2022-09-07T16:29:18.060501+00:00
[2022-09-07T16:29:18.084+0000] {processor.py:161} INFO - Processing /home/airflow/.local/lib/python3.7/site-packages/airflow/example_dags/example_short_circuit_operator.py took 0.163 seconds
[2022-09-07T16:29:48.941+0000] {processor.py:153} INFO - Started process (PID=101) to work on /home/airflow/.local/lib/python3.7/site-packages/airflow/example_dags/example_short_circuit_operator.py
[2022-09-07T16:29:48.943+0000] {processor.py:640} INFO - Processing file /home/airflow/.local/lib/python3.7/site-packages/airflow/example_dags/example_short_circuit_operator.py for tasks to queue
[2022-09-07T16:29:48.946+0000] {logging_mixin.py:115} INFO - [2022-09-07T16:29:48.946+0000] {dagbag.py:508} INFO - Filling up the DagBag from /home/airflow/.local/lib/python3.7/site-packages/airflow/example_dags/example_short_circuit_operator.py
[2022-09-07T16:29:48.955+0000] {processor.py:650} INFO - DAG(s) dict_keys(['example_short_circuit_operator']) retrieved from /home/airflow/.local/lib/python3.7/site-packages/airflow/example_dags/example_short_circuit_operator.py
[2022-09-07T16:29:48.978+0000] {logging_mixin.py:115} INFO - [2022-09-07T16:29:48.978+0000] {dag.py:2429} INFO - Sync 1 DAGs
[2022-09-07T16:29:48.995+0000] {logging_mixin.py:115} INFO - [2022-09-07T16:29:48.995+0000] {dag.py:2981} INFO - Setting next_dagrun for example_short_circuit_operator to 2022-09-06T16:29:48.995187+00:00, run_after=2022-09-07T16:29:48.995187+00:00
[2022-09-07T16:29:49.009+0000] {processor.py:161} INFO - Processing /home/airflow/.local/lib/python3.7/site-packages/airflow/example_dags/example_short_circuit_operator.py took 0.085 seconds
[2022-09-07T16:30:19.083+0000] {processor.py:153} INFO - Started process (PID=161) to work on /home/airflow/.local/lib/python3.7/site-packages/airflow/example_dags/example_short_circuit_operator.py
[2022-09-07T16:30:19.085+0000] {processor.py:640} INFO - Processing file /home/airflow/.local/lib/python3.7/site-packages/airflow/example_dags/example_short_circuit_operator.py for tasks to queue
[2022-09-07T16:30:19.087+0000] {logging_mixin.py:115} INFO - [2022-09-07T16:30:19.087+0000] {dagbag.py:508} INFO - Filling up the DagBag from /home/airflow/.local/lib/python3.7/site-packages/airflow/example_dags/example_short_circuit_operator.py
[2022-09-07T16:30:19.093+0000] {processor.py:650} INFO - DAG(s) dict_keys(['example_short_circuit_operator']) retrieved from /home/airflow/.local/lib/python3.7/site-packages/airflow/example_dags/example_short_circuit_operator.py
[2022-09-07T16:30:19.112+0000] {logging_mixin.py:115} INFO - [2022-09-07T16:30:19.112+0000] {dag.py:2429} INFO - Sync 1 DAGs
[2022-09-07T16:30:19.126+0000] {logging_mixin.py:115} INFO - [2022-09-07T16:30:19.125+0000] {dag.py:2981} INFO - Setting next_dagrun for example_short_circuit_operator to 2022-09-06T16:30:19.125760+00:00, run_after=2022-09-07T16:30:19.125760+00:00
[2022-09-07T16:30:19.136+0000] {processor.py:161} INFO - Processing /home/airflow/.local/lib/python3.7/site-packages/airflow/example_dags/example_short_circuit_operator.py took 0.056 seconds
[2022-09-07T16:30:49.203+0000] {processor.py:153} INFO - Started process (PID=222) to work on /home/airflow/.local/lib/python3.7/site-packages/airflow/example_dags/example_short_circuit_operator.py
[2022-09-07T16:30:49.205+0000] {processor.py:640} INFO - Processing file /home/airflow/.local/lib/python3.7/site-packages/airflow/example_dags/example_short_circuit_operator.py for tasks to queue
[2022-09-07T16:30:49.206+0000] {logging_mixin.py:115} INFO - [2022-09-07T16:30:49.206+0000] {dagbag.py:508} INFO - Filling up the DagBag from /home/airflow/.local/lib/python3.7/site-packages/airflow/example_dags/example_short_circuit_operator.py
[2022-09-07T16:30:49.214+0000] {processor.py:650} INFO - DAG(s) dict_keys(['example_short_circuit_operator']) retrieved from /home/airflow/.local/lib/python3.7/site-packages/airflow/example_dags/example_short_circuit_operator.py
[2022-09-07T16:30:49.235+0000] {logging_mixin.py:115} INFO - [2022-09-07T16:30:49.235+0000] {dag.py:2429} INFO - Sync 1 DAGs
[2022-09-07T16:30:49.256+0000] {logging_mixin.py:115} INFO - [2022-09-07T16:30:49.256+0000] {dag.py:2981} INFO - Setting next_dagrun for example_short_circuit_operator to 2022-09-06T16:30:49.255992+00:00, run_after=2022-09-07T16:30:49.255992+00:00
[2022-09-07T16:30:49.271+0000] {processor.py:161} INFO - Processing /home/airflow/.local/lib/python3.7/site-packages/airflow/example_dags/example_short_circuit_operator.py took 0.071 seconds
[2022-09-07T16:31:19.903+0000] {processor.py:153} INFO - Started process (PID=283) to work on /home/airflow/.local/lib/python3.7/site-packages/airflow/example_dags/example_short_circuit_operator.py
[2022-09-07T16:31:19.908+0000] {processor.py:640} INFO - Processing file /home/airflow/.local/lib/python3.7/site-packages/airflow/example_dags/example_short_circuit_operator.py for tasks to queue
[2022-09-07T16:31:19.912+0000] {logging_mixin.py:115} INFO - [2022-09-07T16:31:19.912+0000] {dagbag.py:508} INFO - Filling up the DagBag from /home/airflow/.local/lib/python3.7/site-packages/airflow/example_dags/example_short_circuit_operator.py
[2022-09-07T16:31:19.921+0000] {processor.py:650} INFO - DAG(s) dict_keys(['example_short_circuit_operator']) retrieved from /home/airflow/.local/lib/python3.7/site-packages/airflow/example_dags/example_short_circuit_operator.py
[2022-09-07T16:31:19.972+0000] {logging_mixin.py:115} INFO - [2022-09-07T16:31:19.972+0000] {dag.py:2429} INFO - Sync 1 DAGs
[2022-09-07T16:31:19.997+0000] {logging_mixin.py:115} INFO - [2022-09-07T16:31:19.997+0000] {dag.py:2981} INFO - Setting next_dagrun for example_short_circuit_operator to 2022-09-06T16:31:19.997183+00:00, run_after=2022-09-07T16:31:19.997183+00:00
[2022-09-07T16:31:20.011+0000] {processor.py:161} INFO - Processing /home/airflow/.local/lib/python3.7/site-packages/airflow/example_dags/example_short_circuit_operator.py took 0.110 seconds
[2022-09-07T17:23:38.044+0000] {processor.py:153} INFO - Started process (PID=41) to work on /home/airflow/.local/lib/python3.7/site-packages/airflow/example_dags/example_short_circuit_operator.py
[2022-09-07T17:23:38.053+0000] {processor.py:640} INFO - Processing file /home/airflow/.local/lib/python3.7/site-packages/airflow/example_dags/example_short_circuit_operator.py for tasks to queue
[2022-09-07T17:23:38.058+0000] {logging_mixin.py:115} INFO - [2022-09-07T17:23:38.058+0000] {dagbag.py:508} INFO - Filling up the DagBag from /home/airflow/.local/lib/python3.7/site-packages/airflow/example_dags/example_short_circuit_operator.py
[2022-09-07T17:23:38.076+0000] {processor.py:650} INFO - DAG(s) dict_keys(['example_short_circuit_operator']) retrieved from /home/airflow/.local/lib/python3.7/site-packages/airflow/example_dags/example_short_circuit_operator.py
[2022-09-07T17:23:38.141+0000] {logging_mixin.py:115} INFO - [2022-09-07T17:23:38.141+0000] {dag.py:2429} INFO - Sync 1 DAGs
[2022-09-07T17:23:38.178+0000] {logging_mixin.py:115} INFO - [2022-09-07T17:23:38.178+0000] {dag.py:2981} INFO - Setting next_dagrun for example_short_circuit_operator to 2022-09-06T17:23:38.178609+00:00, run_after=2022-09-07T17:23:38.178609+00:00
[2022-09-07T17:23:38.195+0000] {processor.py:161} INFO - Processing /home/airflow/.local/lib/python3.7/site-packages/airflow/example_dags/example_short_circuit_operator.py took 0.164 seconds
[2022-09-07T17:24:08.364+0000] {processor.py:153} INFO - Started process (PID=100) to work on /home/airflow/.local/lib/python3.7/site-packages/airflow/example_dags/example_short_circuit_operator.py
[2022-09-07T17:24:08.367+0000] {processor.py:640} INFO - Processing file /home/airflow/.local/lib/python3.7/site-packages/airflow/example_dags/example_short_circuit_operator.py for tasks to queue
[2022-09-07T17:24:08.369+0000] {logging_mixin.py:115} INFO - [2022-09-07T17:24:08.368+0000] {dagbag.py:508} INFO - Filling up the DagBag from /home/airflow/.local/lib/python3.7/site-packages/airflow/example_dags/example_short_circuit_operator.py
[2022-09-07T17:24:08.377+0000] {processor.py:650} INFO - DAG(s) dict_keys(['example_short_circuit_operator']) retrieved from /home/airflow/.local/lib/python3.7/site-packages/airflow/example_dags/example_short_circuit_operator.py
[2022-09-07T17:24:08.400+0000] {logging_mixin.py:115} INFO - [2022-09-07T17:24:08.399+0000] {dag.py:2429} INFO - Sync 1 DAGs
[2022-09-07T17:24:08.418+0000] {logging_mixin.py:115} INFO - [2022-09-07T17:24:08.418+0000] {dag.py:2981} INFO - Setting next_dagrun for example_short_circuit_operator to 2022-09-06T17:24:08.418281+00:00, run_after=2022-09-07T17:24:08.418281+00:00
[2022-09-07T17:24:08.426+0000] {processor.py:161} INFO - Processing /home/airflow/.local/lib/python3.7/site-packages/airflow/example_dags/example_short_circuit_operator.py took 0.069 seconds
[2022-09-07T17:24:39.355+0000] {processor.py:153} INFO - Started process (PID=160) to work on /home/airflow/.local/lib/python3.7/site-packages/airflow/example_dags/example_short_circuit_operator.py
[2022-09-07T17:24:39.358+0000] {processor.py:640} INFO - Processing file /home/airflow/.local/lib/python3.7/site-packages/airflow/example_dags/example_short_circuit_operator.py for tasks to queue
[2022-09-07T17:24:39.360+0000] {logging_mixin.py:115} INFO - [2022-09-07T17:24:39.360+0000] {dagbag.py:508} INFO - Filling up the DagBag from /home/airflow/.local/lib/python3.7/site-packages/airflow/example_dags/example_short_circuit_operator.py
[2022-09-07T17:24:39.369+0000] {processor.py:650} INFO - DAG(s) dict_keys(['example_short_circuit_operator']) retrieved from /home/airflow/.local/lib/python3.7/site-packages/airflow/example_dags/example_short_circuit_operator.py
[2022-09-07T17:24:39.392+0000] {logging_mixin.py:115} INFO - [2022-09-07T17:24:39.392+0000] {dag.py:2429} INFO - Sync 1 DAGs
[2022-09-07T17:24:39.407+0000] {logging_mixin.py:115} INFO - [2022-09-07T17:24:39.407+0000] {dag.py:2981} INFO - Setting next_dagrun for example_short_circuit_operator to 2022-09-06T17:24:39.407233+00:00, run_after=2022-09-07T17:24:39.407233+00:00
[2022-09-07T17:24:39.417+0000] {processor.py:161} INFO - Processing /home/airflow/.local/lib/python3.7/site-packages/airflow/example_dags/example_short_circuit_operator.py took 0.064 seconds
