[2022-09-07T07:55:35.512+0000] {processor.py:153} INFO - Started process (PID=71) to work on /home/airflow/.local/lib/python3.7/site-packages/airflow/example_dags/example_subdag_operator.py
[2022-09-07T07:55:35.514+0000] {processor.py:640} INFO - Processing file /home/airflow/.local/lib/python3.7/site-packages/airflow/example_dags/example_subdag_operator.py for tasks to queue
[2022-09-07T07:55:35.516+0000] {logging_mixin.py:115} INFO - [2022-09-07T07:55:35.516+0000] {dagbag.py:508} INFO - Filling up the DagBag from /home/airflow/.local/lib/python3.7/site-packages/airflow/example_dags/example_subdag_operator.py
[2022-09-07T07:55:35.549+0000] {processor.py:650} INFO - DAG(s) dict_keys(['example_subdag_operator.section-1', 'example_subdag_operator.section-2', 'example_subdag_operator']) retrieved from /home/airflow/.local/lib/python3.7/site-packages/airflow/example_dags/example_subdag_operator.py
[2022-09-07T07:55:35.912+0000] {logging_mixin.py:115} INFO - [2022-09-07T07:55:35.912+0000] {manager.py:508} INFO - Created Permission View: can delete on DAG:example_subdag_operator
[2022-09-07T07:55:35.931+0000] {logging_mixin.py:115} INFO - [2022-09-07T07:55:35.931+0000] {manager.py:508} INFO - Created Permission View: can read on DAG:example_subdag_operator
[2022-09-07T07:55:35.944+0000] {logging_mixin.py:115} INFO - [2022-09-07T07:55:35.943+0000] {manager.py:508} INFO - Created Permission View: can edit on DAG:example_subdag_operator
[2022-09-07T07:55:35.945+0000] {logging_mixin.py:115} INFO - [2022-09-07T07:55:35.945+0000] {dag.py:2429} INFO - Sync 3 DAGs
[2022-09-07T07:55:35.955+0000] {logging_mixin.py:115} INFO - [2022-09-07T07:55:35.955+0000] {dag.py:2448} INFO - Creating ORM DAG for example_subdag_operator.section-1
[2022-09-07T07:55:35.958+0000] {logging_mixin.py:115} INFO - [2022-09-07T07:55:35.958+0000] {dag.py:2448} INFO - Creating ORM DAG for example_subdag_operator.section-2
[2022-09-07T07:55:35.959+0000] {logging_mixin.py:115} INFO - [2022-09-07T07:55:35.959+0000] {dag.py:2448} INFO - Creating ORM DAG for example_subdag_operator
[2022-09-07T07:55:35.981+0000] {logging_mixin.py:115} INFO - [2022-09-07T07:55:35.981+0000] {dag.py:2981} INFO - Setting next_dagrun for example_subdag_operator to 2022-01-01T00:00:00+00:00, run_after=2022-01-01T00:00:00+00:00
[2022-09-07T07:55:35.985+0000] {logging_mixin.py:115} INFO - [2022-09-07T07:55:35.985+0000] {dag.py:2981} INFO - Setting next_dagrun for example_subdag_operator.section-1 to None, run_after=None
[2022-09-07T07:55:35.988+0000] {logging_mixin.py:115} INFO - [2022-09-07T07:55:35.988+0000] {dag.py:2981} INFO - Setting next_dagrun for example_subdag_operator.section-2 to None, run_after=None
[2022-09-07T07:55:36.011+0000] {logging_mixin.py:115} INFO - [2022-09-07T07:55:36.011+0000] {dag.py:2429} INFO - Sync 2 DAGs
[2022-09-07T07:55:36.021+0000] {logging_mixin.py:115} INFO - [2022-09-07T07:55:36.021+0000] {dag.py:2981} INFO - Setting next_dagrun for example_subdag_operator.section-1 to None, run_after=None
[2022-09-07T07:55:36.023+0000] {logging_mixin.py:115} INFO - [2022-09-07T07:55:36.022+0000] {dag.py:2981} INFO - Setting next_dagrun for example_subdag_operator.section-2 to None, run_after=None
[2022-09-07T07:55:36.045+0000] {processor.py:161} INFO - Processing /home/airflow/.local/lib/python3.7/site-packages/airflow/example_dags/example_subdag_operator.py took 0.538 seconds
[2022-09-07T07:56:06.566+0000] {processor.py:153} INFO - Started process (PID=125) to work on /home/airflow/.local/lib/python3.7/site-packages/airflow/example_dags/example_subdag_operator.py
[2022-09-07T07:56:06.568+0000] {processor.py:640} INFO - Processing file /home/airflow/.local/lib/python3.7/site-packages/airflow/example_dags/example_subdag_operator.py for tasks to queue
[2022-09-07T07:56:06.569+0000] {logging_mixin.py:115} INFO - [2022-09-07T07:56:06.569+0000] {dagbag.py:508} INFO - Filling up the DagBag from /home/airflow/.local/lib/python3.7/site-packages/airflow/example_dags/example_subdag_operator.py
[2022-09-07T07:56:06.585+0000] {processor.py:650} INFO - DAG(s) dict_keys(['example_subdag_operator.section-1', 'example_subdag_operator.section-2', 'example_subdag_operator']) retrieved from /home/airflow/.local/lib/python3.7/site-packages/airflow/example_dags/example_subdag_operator.py
[2022-09-07T07:56:06.658+0000] {logging_mixin.py:115} INFO - [2022-09-07T07:56:06.657+0000] {dag.py:2429} INFO - Sync 3 DAGs
[2022-09-07T07:56:06.671+0000] {logging_mixin.py:115} INFO - [2022-09-07T07:56:06.671+0000] {dag.py:2981} INFO - Setting next_dagrun for example_subdag_operator to 2022-01-01T00:00:00+00:00, run_after=2022-01-01T00:00:00+00:00
[2022-09-07T07:56:06.673+0000] {logging_mixin.py:115} INFO - [2022-09-07T07:56:06.672+0000] {dag.py:2981} INFO - Setting next_dagrun for example_subdag_operator.section-1 to None, run_after=None
[2022-09-07T07:56:06.674+0000] {logging_mixin.py:115} INFO - [2022-09-07T07:56:06.674+0000] {dag.py:2981} INFO - Setting next_dagrun for example_subdag_operator.section-2 to None, run_after=None
[2022-09-07T07:56:06.679+0000] {logging_mixin.py:115} INFO - [2022-09-07T07:56:06.678+0000] {dag.py:2429} INFO - Sync 2 DAGs
[2022-09-07T07:56:06.682+0000] {logging_mixin.py:115} INFO - [2022-09-07T07:56:06.682+0000] {dag.py:2981} INFO - Setting next_dagrun for example_subdag_operator.section-1 to None, run_after=None
[2022-09-07T07:56:06.683+0000] {logging_mixin.py:115} INFO - [2022-09-07T07:56:06.683+0000] {dag.py:2981} INFO - Setting next_dagrun for example_subdag_operator.section-2 to None, run_after=None
[2022-09-07T07:56:06.687+0000] {processor.py:161} INFO - Processing /home/airflow/.local/lib/python3.7/site-packages/airflow/example_dags/example_subdag_operator.py took 0.123 seconds
[2022-09-07T07:56:37.396+0000] {processor.py:153} INFO - Started process (PID=186) to work on /home/airflow/.local/lib/python3.7/site-packages/airflow/example_dags/example_subdag_operator.py
[2022-09-07T07:56:37.397+0000] {processor.py:640} INFO - Processing file /home/airflow/.local/lib/python3.7/site-packages/airflow/example_dags/example_subdag_operator.py for tasks to queue
[2022-09-07T07:56:37.399+0000] {logging_mixin.py:115} INFO - [2022-09-07T07:56:37.399+0000] {dagbag.py:508} INFO - Filling up the DagBag from /home/airflow/.local/lib/python3.7/site-packages/airflow/example_dags/example_subdag_operator.py
[2022-09-07T07:56:37.417+0000] {processor.py:650} INFO - DAG(s) dict_keys(['example_subdag_operator.section-1', 'example_subdag_operator.section-2', 'example_subdag_operator']) retrieved from /home/airflow/.local/lib/python3.7/site-packages/airflow/example_dags/example_subdag_operator.py
[2022-09-07T07:56:37.496+0000] {logging_mixin.py:115} INFO - [2022-09-07T07:56:37.496+0000] {dag.py:2429} INFO - Sync 3 DAGs
[2022-09-07T07:56:37.508+0000] {logging_mixin.py:115} INFO - [2022-09-07T07:56:37.508+0000] {dag.py:2981} INFO - Setting next_dagrun for example_subdag_operator to 2022-01-01T00:00:00+00:00, run_after=2022-01-01T00:00:00+00:00
[2022-09-07T07:56:37.509+0000] {logging_mixin.py:115} INFO - [2022-09-07T07:56:37.509+0000] {dag.py:2981} INFO - Setting next_dagrun for example_subdag_operator.section-1 to None, run_after=None
[2022-09-07T07:56:37.511+0000] {logging_mixin.py:115} INFO - [2022-09-07T07:56:37.510+0000] {dag.py:2981} INFO - Setting next_dagrun for example_subdag_operator.section-2 to None, run_after=None
[2022-09-07T07:56:37.516+0000] {logging_mixin.py:115} INFO - [2022-09-07T07:56:37.516+0000] {dag.py:2429} INFO - Sync 2 DAGs
[2022-09-07T07:56:37.520+0000] {logging_mixin.py:115} INFO - [2022-09-07T07:56:37.520+0000] {dag.py:2981} INFO - Setting next_dagrun for example_subdag_operator.section-1 to None, run_after=None
[2022-09-07T07:56:37.520+0000] {logging_mixin.py:115} INFO - [2022-09-07T07:56:37.520+0000] {dag.py:2981} INFO - Setting next_dagrun for example_subdag_operator.section-2 to None, run_after=None
[2022-09-07T07:56:37.525+0000] {processor.py:161} INFO - Processing /home/airflow/.local/lib/python3.7/site-packages/airflow/example_dags/example_subdag_operator.py took 0.132 seconds
[2022-09-07T07:57:07.958+0000] {processor.py:153} INFO - Started process (PID=247) to work on /home/airflow/.local/lib/python3.7/site-packages/airflow/example_dags/example_subdag_operator.py
[2022-09-07T07:57:07.961+0000] {processor.py:640} INFO - Processing file /home/airflow/.local/lib/python3.7/site-packages/airflow/example_dags/example_subdag_operator.py for tasks to queue
[2022-09-07T07:57:07.962+0000] {logging_mixin.py:115} INFO - [2022-09-07T07:57:07.962+0000] {dagbag.py:508} INFO - Filling up the DagBag from /home/airflow/.local/lib/python3.7/site-packages/airflow/example_dags/example_subdag_operator.py
[2022-09-07T07:57:07.979+0000] {processor.py:650} INFO - DAG(s) dict_keys(['example_subdag_operator.section-1', 'example_subdag_operator.section-2', 'example_subdag_operator']) retrieved from /home/airflow/.local/lib/python3.7/site-packages/airflow/example_dags/example_subdag_operator.py
[2022-09-07T07:57:08.060+0000] {logging_mixin.py:115} INFO - [2022-09-07T07:57:08.060+0000] {dag.py:2429} INFO - Sync 3 DAGs
[2022-09-07T07:57:08.072+0000] {logging_mixin.py:115} INFO - [2022-09-07T07:57:08.072+0000] {dag.py:2981} INFO - Setting next_dagrun for example_subdag_operator to 2022-01-01T00:00:00+00:00, run_after=2022-01-01T00:00:00+00:00
[2022-09-07T07:57:08.074+0000] {logging_mixin.py:115} INFO - [2022-09-07T07:57:08.074+0000] {dag.py:2981} INFO - Setting next_dagrun for example_subdag_operator.section-1 to None, run_after=None
[2022-09-07T07:57:08.075+0000] {logging_mixin.py:115} INFO - [2022-09-07T07:57:08.075+0000] {dag.py:2981} INFO - Setting next_dagrun for example_subdag_operator.section-2 to None, run_after=None
[2022-09-07T07:57:08.079+0000] {logging_mixin.py:115} INFO - [2022-09-07T07:57:08.079+0000] {dag.py:2429} INFO - Sync 2 DAGs
[2022-09-07T07:57:08.083+0000] {logging_mixin.py:115} INFO - [2022-09-07T07:57:08.083+0000] {dag.py:2981} INFO - Setting next_dagrun for example_subdag_operator.section-1 to None, run_after=None
[2022-09-07T07:57:08.085+0000] {logging_mixin.py:115} INFO - [2022-09-07T07:57:08.085+0000] {dag.py:2981} INFO - Setting next_dagrun for example_subdag_operator.section-2 to None, run_after=None
[2022-09-07T07:57:08.090+0000] {processor.py:161} INFO - Processing /home/airflow/.local/lib/python3.7/site-packages/airflow/example_dags/example_subdag_operator.py took 0.135 seconds
[2022-09-07T07:57:38.557+0000] {processor.py:153} INFO - Started process (PID=308) to work on /home/airflow/.local/lib/python3.7/site-packages/airflow/example_dags/example_subdag_operator.py
[2022-09-07T07:57:38.559+0000] {processor.py:640} INFO - Processing file /home/airflow/.local/lib/python3.7/site-packages/airflow/example_dags/example_subdag_operator.py for tasks to queue
[2022-09-07T07:57:38.560+0000] {logging_mixin.py:115} INFO - [2022-09-07T07:57:38.560+0000] {dagbag.py:508} INFO - Filling up the DagBag from /home/airflow/.local/lib/python3.7/site-packages/airflow/example_dags/example_subdag_operator.py
[2022-09-07T07:57:38.579+0000] {processor.py:650} INFO - DAG(s) dict_keys(['example_subdag_operator.section-1', 'example_subdag_operator.section-2', 'example_subdag_operator']) retrieved from /home/airflow/.local/lib/python3.7/site-packages/airflow/example_dags/example_subdag_operator.py
[2022-09-07T07:57:38.657+0000] {logging_mixin.py:115} INFO - [2022-09-07T07:57:38.657+0000] {dag.py:2429} INFO - Sync 3 DAGs
[2022-09-07T07:57:38.673+0000] {logging_mixin.py:115} INFO - [2022-09-07T07:57:38.673+0000] {dag.py:2981} INFO - Setting next_dagrun for example_subdag_operator to 2022-01-01T00:00:00+00:00, run_after=2022-01-01T00:00:00+00:00
[2022-09-07T07:57:38.675+0000] {logging_mixin.py:115} INFO - [2022-09-07T07:57:38.675+0000] {dag.py:2981} INFO - Setting next_dagrun for example_subdag_operator.section-1 to None, run_after=None
[2022-09-07T07:57:38.678+0000] {logging_mixin.py:115} INFO - [2022-09-07T07:57:38.677+0000] {dag.py:2981} INFO - Setting next_dagrun for example_subdag_operator.section-2 to None, run_after=None
[2022-09-07T07:57:38.683+0000] {logging_mixin.py:115} INFO - [2022-09-07T07:57:38.683+0000] {dag.py:2429} INFO - Sync 2 DAGs
[2022-09-07T07:57:38.688+0000] {logging_mixin.py:115} INFO - [2022-09-07T07:57:38.688+0000] {dag.py:2981} INFO - Setting next_dagrun for example_subdag_operator.section-1 to None, run_after=None
[2022-09-07T07:57:38.690+0000] {logging_mixin.py:115} INFO - [2022-09-07T07:57:38.689+0000] {dag.py:2981} INFO - Setting next_dagrun for example_subdag_operator.section-2 to None, run_after=None
[2022-09-07T07:57:38.696+0000] {processor.py:161} INFO - Processing /home/airflow/.local/lib/python3.7/site-packages/airflow/example_dags/example_subdag_operator.py took 0.141 seconds
[2022-09-07T07:58:09.590+0000] {processor.py:153} INFO - Started process (PID=368) to work on /home/airflow/.local/lib/python3.7/site-packages/airflow/example_dags/example_subdag_operator.py
[2022-09-07T07:58:09.592+0000] {processor.py:640} INFO - Processing file /home/airflow/.local/lib/python3.7/site-packages/airflow/example_dags/example_subdag_operator.py for tasks to queue
[2022-09-07T07:58:09.593+0000] {logging_mixin.py:115} INFO - [2022-09-07T07:58:09.593+0000] {dagbag.py:508} INFO - Filling up the DagBag from /home/airflow/.local/lib/python3.7/site-packages/airflow/example_dags/example_subdag_operator.py
[2022-09-07T07:58:09.610+0000] {processor.py:650} INFO - DAG(s) dict_keys(['example_subdag_operator.section-1', 'example_subdag_operator.section-2', 'example_subdag_operator']) retrieved from /home/airflow/.local/lib/python3.7/site-packages/airflow/example_dags/example_subdag_operator.py
[2022-09-07T07:58:09.689+0000] {logging_mixin.py:115} INFO - [2022-09-07T07:58:09.688+0000] {dag.py:2429} INFO - Sync 3 DAGs
[2022-09-07T07:58:09.703+0000] {logging_mixin.py:115} INFO - [2022-09-07T07:58:09.703+0000] {dag.py:2981} INFO - Setting next_dagrun for example_subdag_operator to 2022-01-01T00:00:00+00:00, run_after=2022-01-01T00:00:00+00:00
[2022-09-07T07:58:09.705+0000] {logging_mixin.py:115} INFO - [2022-09-07T07:58:09.704+0000] {dag.py:2981} INFO - Setting next_dagrun for example_subdag_operator.section-1 to None, run_after=None
[2022-09-07T07:58:09.706+0000] {logging_mixin.py:115} INFO - [2022-09-07T07:58:09.706+0000] {dag.py:2981} INFO - Setting next_dagrun for example_subdag_operator.section-2 to None, run_after=None
[2022-09-07T07:58:09.711+0000] {logging_mixin.py:115} INFO - [2022-09-07T07:58:09.711+0000] {dag.py:2429} INFO - Sync 2 DAGs
[2022-09-07T07:58:09.715+0000] {logging_mixin.py:115} INFO - [2022-09-07T07:58:09.715+0000] {dag.py:2981} INFO - Setting next_dagrun for example_subdag_operator.section-1 to None, run_after=None
[2022-09-07T07:58:09.716+0000] {logging_mixin.py:115} INFO - [2022-09-07T07:58:09.716+0000] {dag.py:2981} INFO - Setting next_dagrun for example_subdag_operator.section-2 to None, run_after=None
[2022-09-07T07:58:09.722+0000] {processor.py:161} INFO - Processing /home/airflow/.local/lib/python3.7/site-packages/airflow/example_dags/example_subdag_operator.py took 0.134 seconds
[2022-09-07T07:58:39.762+0000] {processor.py:153} INFO - Started process (PID=419) to work on /home/airflow/.local/lib/python3.7/site-packages/airflow/example_dags/example_subdag_operator.py
[2022-09-07T07:58:39.764+0000] {processor.py:640} INFO - Processing file /home/airflow/.local/lib/python3.7/site-packages/airflow/example_dags/example_subdag_operator.py for tasks to queue
[2022-09-07T07:58:39.765+0000] {logging_mixin.py:115} INFO - [2022-09-07T07:58:39.765+0000] {dagbag.py:508} INFO - Filling up the DagBag from /home/airflow/.local/lib/python3.7/site-packages/airflow/example_dags/example_subdag_operator.py
[2022-09-07T07:58:39.781+0000] {processor.py:650} INFO - DAG(s) dict_keys(['example_subdag_operator.section-1', 'example_subdag_operator.section-2', 'example_subdag_operator']) retrieved from /home/airflow/.local/lib/python3.7/site-packages/airflow/example_dags/example_subdag_operator.py
[2022-09-07T07:58:39.851+0000] {logging_mixin.py:115} INFO - [2022-09-07T07:58:39.851+0000] {dag.py:2429} INFO - Sync 3 DAGs
[2022-09-07T07:58:39.864+0000] {logging_mixin.py:115} INFO - [2022-09-07T07:58:39.864+0000] {dag.py:2981} INFO - Setting next_dagrun for example_subdag_operator to 2022-01-01T00:00:00+00:00, run_after=2022-01-01T00:00:00+00:00
[2022-09-07T07:58:39.868+0000] {logging_mixin.py:115} INFO - [2022-09-07T07:58:39.868+0000] {dag.py:2981} INFO - Setting next_dagrun for example_subdag_operator.section-1 to None, run_after=None
[2022-09-07T07:58:39.869+0000] {logging_mixin.py:115} INFO - [2022-09-07T07:58:39.869+0000] {dag.py:2981} INFO - Setting next_dagrun for example_subdag_operator.section-2 to None, run_after=None
[2022-09-07T07:58:39.873+0000] {logging_mixin.py:115} INFO - [2022-09-07T07:58:39.873+0000] {dag.py:2429} INFO - Sync 2 DAGs
[2022-09-07T07:58:39.877+0000] {logging_mixin.py:115} INFO - [2022-09-07T07:58:39.877+0000] {dag.py:2981} INFO - Setting next_dagrun for example_subdag_operator.section-1 to None, run_after=None
[2022-09-07T07:58:39.878+0000] {logging_mixin.py:115} INFO - [2022-09-07T07:58:39.878+0000] {dag.py:2981} INFO - Setting next_dagrun for example_subdag_operator.section-2 to None, run_after=None
[2022-09-07T07:58:39.883+0000] {processor.py:161} INFO - Processing /home/airflow/.local/lib/python3.7/site-packages/airflow/example_dags/example_subdag_operator.py took 0.123 seconds
[2022-09-07T07:59:10.652+0000] {processor.py:153} INFO - Started process (PID=480) to work on /home/airflow/.local/lib/python3.7/site-packages/airflow/example_dags/example_subdag_operator.py
[2022-09-07T07:59:10.654+0000] {processor.py:640} INFO - Processing file /home/airflow/.local/lib/python3.7/site-packages/airflow/example_dags/example_subdag_operator.py for tasks to queue
[2022-09-07T07:59:10.655+0000] {logging_mixin.py:115} INFO - [2022-09-07T07:59:10.655+0000] {dagbag.py:508} INFO - Filling up the DagBag from /home/airflow/.local/lib/python3.7/site-packages/airflow/example_dags/example_subdag_operator.py
[2022-09-07T07:59:10.673+0000] {processor.py:650} INFO - DAG(s) dict_keys(['example_subdag_operator.section-1', 'example_subdag_operator.section-2', 'example_subdag_operator']) retrieved from /home/airflow/.local/lib/python3.7/site-packages/airflow/example_dags/example_subdag_operator.py
[2022-09-07T07:59:10.755+0000] {logging_mixin.py:115} INFO - [2022-09-07T07:59:10.755+0000] {dag.py:2429} INFO - Sync 3 DAGs
[2022-09-07T07:59:10.769+0000] {logging_mixin.py:115} INFO - [2022-09-07T07:59:10.769+0000] {dag.py:2981} INFO - Setting next_dagrun for example_subdag_operator to 2022-01-01T00:00:00+00:00, run_after=2022-01-01T00:00:00+00:00
[2022-09-07T07:59:10.771+0000] {logging_mixin.py:115} INFO - [2022-09-07T07:59:10.771+0000] {dag.py:2981} INFO - Setting next_dagrun for example_subdag_operator.section-1 to None, run_after=None
[2022-09-07T07:59:10.772+0000] {logging_mixin.py:115} INFO - [2022-09-07T07:59:10.772+0000] {dag.py:2981} INFO - Setting next_dagrun for example_subdag_operator.section-2 to None, run_after=None
[2022-09-07T07:59:10.777+0000] {logging_mixin.py:115} INFO - [2022-09-07T07:59:10.777+0000] {dag.py:2429} INFO - Sync 2 DAGs
[2022-09-07T07:59:10.781+0000] {logging_mixin.py:115} INFO - [2022-09-07T07:59:10.781+0000] {dag.py:2981} INFO - Setting next_dagrun for example_subdag_operator.section-1 to None, run_after=None
[2022-09-07T07:59:10.782+0000] {logging_mixin.py:115} INFO - [2022-09-07T07:59:10.782+0000] {dag.py:2981} INFO - Setting next_dagrun for example_subdag_operator.section-2 to None, run_after=None
[2022-09-07T07:59:10.787+0000] {processor.py:161} INFO - Processing /home/airflow/.local/lib/python3.7/site-packages/airflow/example_dags/example_subdag_operator.py took 0.140 seconds
[2022-09-07T07:59:41.483+0000] {processor.py:153} INFO - Started process (PID=540) to work on /home/airflow/.local/lib/python3.7/site-packages/airflow/example_dags/example_subdag_operator.py
[2022-09-07T07:59:41.485+0000] {processor.py:640} INFO - Processing file /home/airflow/.local/lib/python3.7/site-packages/airflow/example_dags/example_subdag_operator.py for tasks to queue
[2022-09-07T07:59:41.486+0000] {logging_mixin.py:115} INFO - [2022-09-07T07:59:41.486+0000] {dagbag.py:508} INFO - Filling up the DagBag from /home/airflow/.local/lib/python3.7/site-packages/airflow/example_dags/example_subdag_operator.py
[2022-09-07T07:59:41.504+0000] {processor.py:650} INFO - DAG(s) dict_keys(['example_subdag_operator.section-1', 'example_subdag_operator.section-2', 'example_subdag_operator']) retrieved from /home/airflow/.local/lib/python3.7/site-packages/airflow/example_dags/example_subdag_operator.py
[2022-09-07T07:59:41.578+0000] {logging_mixin.py:115} INFO - [2022-09-07T07:59:41.578+0000] {dag.py:2429} INFO - Sync 3 DAGs
[2022-09-07T07:59:41.591+0000] {logging_mixin.py:115} INFO - [2022-09-07T07:59:41.591+0000] {dag.py:2981} INFO - Setting next_dagrun for example_subdag_operator to 2022-01-01T00:00:00+00:00, run_after=2022-01-01T00:00:00+00:00
[2022-09-07T07:59:41.592+0000] {logging_mixin.py:115} INFO - [2022-09-07T07:59:41.592+0000] {dag.py:2981} INFO - Setting next_dagrun for example_subdag_operator.section-1 to None, run_after=None
[2022-09-07T07:59:41.594+0000] {logging_mixin.py:115} INFO - [2022-09-07T07:59:41.593+0000] {dag.py:2981} INFO - Setting next_dagrun for example_subdag_operator.section-2 to None, run_after=None
[2022-09-07T07:59:41.598+0000] {logging_mixin.py:115} INFO - [2022-09-07T07:59:41.598+0000] {dag.py:2429} INFO - Sync 2 DAGs
[2022-09-07T07:59:41.602+0000] {logging_mixin.py:115} INFO - [2022-09-07T07:59:41.602+0000] {dag.py:2981} INFO - Setting next_dagrun for example_subdag_operator.section-1 to None, run_after=None
[2022-09-07T07:59:41.603+0000] {logging_mixin.py:115} INFO - [2022-09-07T07:59:41.603+0000] {dag.py:2981} INFO - Setting next_dagrun for example_subdag_operator.section-2 to None, run_after=None
[2022-09-07T07:59:41.608+0000] {processor.py:161} INFO - Processing /home/airflow/.local/lib/python3.7/site-packages/airflow/example_dags/example_subdag_operator.py took 0.127 seconds
[2022-09-07T08:00:12.333+0000] {processor.py:153} INFO - Started process (PID=601) to work on /home/airflow/.local/lib/python3.7/site-packages/airflow/example_dags/example_subdag_operator.py
[2022-09-07T08:00:12.334+0000] {processor.py:640} INFO - Processing file /home/airflow/.local/lib/python3.7/site-packages/airflow/example_dags/example_subdag_operator.py for tasks to queue
[2022-09-07T08:00:12.336+0000] {logging_mixin.py:115} INFO - [2022-09-07T08:00:12.335+0000] {dagbag.py:508} INFO - Filling up the DagBag from /home/airflow/.local/lib/python3.7/site-packages/airflow/example_dags/example_subdag_operator.py
[2022-09-07T08:00:12.354+0000] {processor.py:650} INFO - DAG(s) dict_keys(['example_subdag_operator.section-1', 'example_subdag_operator.section-2', 'example_subdag_operator']) retrieved from /home/airflow/.local/lib/python3.7/site-packages/airflow/example_dags/example_subdag_operator.py
[2022-09-07T08:00:12.439+0000] {logging_mixin.py:115} INFO - [2022-09-07T08:00:12.439+0000] {dag.py:2429} INFO - Sync 3 DAGs
[2022-09-07T08:00:12.454+0000] {logging_mixin.py:115} INFO - [2022-09-07T08:00:12.454+0000] {dag.py:2981} INFO - Setting next_dagrun for example_subdag_operator to 2022-01-01T00:00:00+00:00, run_after=2022-01-01T00:00:00+00:00
[2022-09-07T08:00:12.456+0000] {logging_mixin.py:115} INFO - [2022-09-07T08:00:12.456+0000] {dag.py:2981} INFO - Setting next_dagrun for example_subdag_operator.section-1 to None, run_after=None
[2022-09-07T08:00:12.457+0000] {logging_mixin.py:115} INFO - [2022-09-07T08:00:12.457+0000] {dag.py:2981} INFO - Setting next_dagrun for example_subdag_operator.section-2 to None, run_after=None
[2022-09-07T08:00:12.462+0000] {logging_mixin.py:115} INFO - [2022-09-07T08:00:12.462+0000] {dag.py:2429} INFO - Sync 2 DAGs
[2022-09-07T08:00:12.466+0000] {logging_mixin.py:115} INFO - [2022-09-07T08:00:12.466+0000] {dag.py:2981} INFO - Setting next_dagrun for example_subdag_operator.section-1 to None, run_after=None
[2022-09-07T08:00:12.467+0000] {logging_mixin.py:115} INFO - [2022-09-07T08:00:12.467+0000] {dag.py:2981} INFO - Setting next_dagrun for example_subdag_operator.section-2 to None, run_after=None
[2022-09-07T08:00:12.472+0000] {processor.py:161} INFO - Processing /home/airflow/.local/lib/python3.7/site-packages/airflow/example_dags/example_subdag_operator.py took 0.141 seconds
[2022-09-07T08:00:43.206+0000] {processor.py:153} INFO - Started process (PID=998) to work on /home/airflow/.local/lib/python3.7/site-packages/airflow/example_dags/example_subdag_operator.py
[2022-09-07T08:00:43.208+0000] {processor.py:640} INFO - Processing file /home/airflow/.local/lib/python3.7/site-packages/airflow/example_dags/example_subdag_operator.py for tasks to queue
[2022-09-07T08:00:43.209+0000] {logging_mixin.py:115} INFO - [2022-09-07T08:00:43.209+0000] {dagbag.py:508} INFO - Filling up the DagBag from /home/airflow/.local/lib/python3.7/site-packages/airflow/example_dags/example_subdag_operator.py
[2022-09-07T08:00:43.228+0000] {processor.py:650} INFO - DAG(s) dict_keys(['example_subdag_operator.section-1', 'example_subdag_operator.section-2', 'example_subdag_operator']) retrieved from /home/airflow/.local/lib/python3.7/site-packages/airflow/example_dags/example_subdag_operator.py
[2022-09-07T08:00:43.311+0000] {logging_mixin.py:115} INFO - [2022-09-07T08:00:43.311+0000] {dag.py:2429} INFO - Sync 3 DAGs
[2022-09-07T08:00:43.340+0000] {logging_mixin.py:115} INFO - [2022-09-07T08:00:43.340+0000] {dag.py:2981} INFO - Setting next_dagrun for example_subdag_operator to 2022-01-01T00:00:00+00:00, run_after=2022-01-01T00:00:00+00:00
[2022-09-07T08:00:43.341+0000] {logging_mixin.py:115} INFO - [2022-09-07T08:00:43.341+0000] {dag.py:2981} INFO - Setting next_dagrun for example_subdag_operator.section-1 to None, run_after=None
[2022-09-07T08:00:43.343+0000] {logging_mixin.py:115} INFO - [2022-09-07T08:00:43.343+0000] {dag.py:2981} INFO - Setting next_dagrun for example_subdag_operator.section-2 to None, run_after=None
[2022-09-07T08:00:43.347+0000] {logging_mixin.py:115} INFO - [2022-09-07T08:00:43.347+0000] {dag.py:2429} INFO - Sync 2 DAGs
[2022-09-07T08:00:43.351+0000] {logging_mixin.py:115} INFO - [2022-09-07T08:00:43.351+0000] {dag.py:2981} INFO - Setting next_dagrun for example_subdag_operator.section-1 to None, run_after=None
[2022-09-07T08:00:43.352+0000] {logging_mixin.py:115} INFO - [2022-09-07T08:00:43.352+0000] {dag.py:2981} INFO - Setting next_dagrun for example_subdag_operator.section-2 to None, run_after=None
[2022-09-07T08:00:43.357+0000] {processor.py:161} INFO - Processing /home/airflow/.local/lib/python3.7/site-packages/airflow/example_dags/example_subdag_operator.py took 0.154 seconds
[2022-09-07T08:01:14.037+0000] {processor.py:153} INFO - Started process (PID=2135) to work on /home/airflow/.local/lib/python3.7/site-packages/airflow/example_dags/example_subdag_operator.py
[2022-09-07T08:01:14.038+0000] {processor.py:640} INFO - Processing file /home/airflow/.local/lib/python3.7/site-packages/airflow/example_dags/example_subdag_operator.py for tasks to queue
[2022-09-07T08:01:14.039+0000] {logging_mixin.py:115} INFO - [2022-09-07T08:01:14.039+0000] {dagbag.py:508} INFO - Filling up the DagBag from /home/airflow/.local/lib/python3.7/site-packages/airflow/example_dags/example_subdag_operator.py
[2022-09-07T08:01:14.058+0000] {processor.py:650} INFO - DAG(s) dict_keys(['example_subdag_operator.section-1', 'example_subdag_operator.section-2', 'example_subdag_operator']) retrieved from /home/airflow/.local/lib/python3.7/site-packages/airflow/example_dags/example_subdag_operator.py
[2022-09-07T08:01:14.131+0000] {logging_mixin.py:115} INFO - [2022-09-07T08:01:14.131+0000] {dag.py:2429} INFO - Sync 3 DAGs
[2022-09-07T08:01:14.143+0000] {logging_mixin.py:115} INFO - [2022-09-07T08:01:14.143+0000] {dag.py:2981} INFO - Setting next_dagrun for example_subdag_operator to 2022-01-01T00:00:00+00:00, run_after=2022-01-01T00:00:00+00:00
[2022-09-07T08:01:14.145+0000] {logging_mixin.py:115} INFO - [2022-09-07T08:01:14.145+0000] {dag.py:2981} INFO - Setting next_dagrun for example_subdag_operator.section-1 to None, run_after=None
[2022-09-07T08:01:14.147+0000] {logging_mixin.py:115} INFO - [2022-09-07T08:01:14.147+0000] {dag.py:2981} INFO - Setting next_dagrun for example_subdag_operator.section-2 to None, run_after=None
[2022-09-07T08:01:14.151+0000] {logging_mixin.py:115} INFO - [2022-09-07T08:01:14.151+0000] {dag.py:2429} INFO - Sync 2 DAGs
[2022-09-07T08:01:14.154+0000] {logging_mixin.py:115} INFO - [2022-09-07T08:01:14.154+0000] {dag.py:2981} INFO - Setting next_dagrun for example_subdag_operator.section-1 to None, run_after=None
[2022-09-07T08:01:14.156+0000] {logging_mixin.py:115} INFO - [2022-09-07T08:01:14.156+0000] {dag.py:2981} INFO - Setting next_dagrun for example_subdag_operator.section-2 to None, run_after=None
[2022-09-07T08:01:14.161+0000] {processor.py:161} INFO - Processing /home/airflow/.local/lib/python3.7/site-packages/airflow/example_dags/example_subdag_operator.py took 0.127 seconds
[2022-09-07T08:01:44.797+0000] {processor.py:153} INFO - Started process (PID=2360) to work on /home/airflow/.local/lib/python3.7/site-packages/airflow/example_dags/example_subdag_operator.py
[2022-09-07T08:01:44.798+0000] {processor.py:640} INFO - Processing file /home/airflow/.local/lib/python3.7/site-packages/airflow/example_dags/example_subdag_operator.py for tasks to queue
[2022-09-07T08:01:44.799+0000] {logging_mixin.py:115} INFO - [2022-09-07T08:01:44.799+0000] {dagbag.py:508} INFO - Filling up the DagBag from /home/airflow/.local/lib/python3.7/site-packages/airflow/example_dags/example_subdag_operator.py
[2022-09-07T08:01:44.817+0000] {processor.py:650} INFO - DAG(s) dict_keys(['example_subdag_operator.section-1', 'example_subdag_operator.section-2', 'example_subdag_operator']) retrieved from /home/airflow/.local/lib/python3.7/site-packages/airflow/example_dags/example_subdag_operator.py
[2022-09-07T08:01:44.902+0000] {logging_mixin.py:115} INFO - [2022-09-07T08:01:44.902+0000] {dag.py:2429} INFO - Sync 3 DAGs
[2022-09-07T08:01:44.916+0000] {logging_mixin.py:115} INFO - [2022-09-07T08:01:44.916+0000] {dag.py:2981} INFO - Setting next_dagrun for example_subdag_operator to 2022-01-01T00:00:00+00:00, run_after=2022-01-01T00:00:00+00:00
[2022-09-07T08:01:44.918+0000] {logging_mixin.py:115} INFO - [2022-09-07T08:01:44.918+0000] {dag.py:2981} INFO - Setting next_dagrun for example_subdag_operator.section-1 to None, run_after=None
[2022-09-07T08:01:44.919+0000] {logging_mixin.py:115} INFO - [2022-09-07T08:01:44.919+0000] {dag.py:2981} INFO - Setting next_dagrun for example_subdag_operator.section-2 to None, run_after=None
[2022-09-07T08:01:44.925+0000] {logging_mixin.py:115} INFO - [2022-09-07T08:01:44.925+0000] {dag.py:2429} INFO - Sync 2 DAGs
[2022-09-07T08:01:44.929+0000] {logging_mixin.py:115} INFO - [2022-09-07T08:01:44.929+0000] {dag.py:2981} INFO - Setting next_dagrun for example_subdag_operator.section-1 to None, run_after=None
[2022-09-07T08:01:44.930+0000] {logging_mixin.py:115} INFO - [2022-09-07T08:01:44.930+0000] {dag.py:2981} INFO - Setting next_dagrun for example_subdag_operator.section-2 to None, run_after=None
[2022-09-07T08:01:44.937+0000] {processor.py:161} INFO - Processing /home/airflow/.local/lib/python3.7/site-packages/airflow/example_dags/example_subdag_operator.py took 0.143 seconds
[2022-09-07T08:02:15.565+0000] {processor.py:153} INFO - Started process (PID=2415) to work on /home/airflow/.local/lib/python3.7/site-packages/airflow/example_dags/example_subdag_operator.py
[2022-09-07T08:02:15.566+0000] {processor.py:640} INFO - Processing file /home/airflow/.local/lib/python3.7/site-packages/airflow/example_dags/example_subdag_operator.py for tasks to queue
[2022-09-07T08:02:15.568+0000] {logging_mixin.py:115} INFO - [2022-09-07T08:02:15.568+0000] {dagbag.py:508} INFO - Filling up the DagBag from /home/airflow/.local/lib/python3.7/site-packages/airflow/example_dags/example_subdag_operator.py
[2022-09-07T08:02:15.585+0000] {processor.py:650} INFO - DAG(s) dict_keys(['example_subdag_operator.section-1', 'example_subdag_operator.section-2', 'example_subdag_operator']) retrieved from /home/airflow/.local/lib/python3.7/site-packages/airflow/example_dags/example_subdag_operator.py
[2022-09-07T08:02:15.658+0000] {logging_mixin.py:115} INFO - [2022-09-07T08:02:15.657+0000] {dag.py:2429} INFO - Sync 3 DAGs
[2022-09-07T08:02:15.671+0000] {logging_mixin.py:115} INFO - [2022-09-07T08:02:15.671+0000] {dag.py:2981} INFO - Setting next_dagrun for example_subdag_operator to 2022-01-01T00:00:00+00:00, run_after=2022-01-01T00:00:00+00:00
[2022-09-07T08:02:15.673+0000] {logging_mixin.py:115} INFO - [2022-09-07T08:02:15.673+0000] {dag.py:2981} INFO - Setting next_dagrun for example_subdag_operator.section-1 to None, run_after=None
[2022-09-07T08:02:15.674+0000] {logging_mixin.py:115} INFO - [2022-09-07T08:02:15.674+0000] {dag.py:2981} INFO - Setting next_dagrun for example_subdag_operator.section-2 to None, run_after=None
[2022-09-07T08:02:15.679+0000] {logging_mixin.py:115} INFO - [2022-09-07T08:02:15.679+0000] {dag.py:2429} INFO - Sync 2 DAGs
[2022-09-07T08:02:15.682+0000] {logging_mixin.py:115} INFO - [2022-09-07T08:02:15.682+0000] {dag.py:2981} INFO - Setting next_dagrun for example_subdag_operator.section-1 to None, run_after=None
[2022-09-07T08:02:15.683+0000] {logging_mixin.py:115} INFO - [2022-09-07T08:02:15.683+0000] {dag.py:2981} INFO - Setting next_dagrun for example_subdag_operator.section-2 to None, run_after=None
[2022-09-07T08:02:15.688+0000] {processor.py:161} INFO - Processing /home/airflow/.local/lib/python3.7/site-packages/airflow/example_dags/example_subdag_operator.py took 0.125 seconds
[2022-09-07T08:02:46.432+0000] {processor.py:153} INFO - Started process (PID=2475) to work on /home/airflow/.local/lib/python3.7/site-packages/airflow/example_dags/example_subdag_operator.py
[2022-09-07T08:02:46.434+0000] {processor.py:640} INFO - Processing file /home/airflow/.local/lib/python3.7/site-packages/airflow/example_dags/example_subdag_operator.py for tasks to queue
[2022-09-07T08:02:46.436+0000] {logging_mixin.py:115} INFO - [2022-09-07T08:02:46.435+0000] {dagbag.py:508} INFO - Filling up the DagBag from /home/airflow/.local/lib/python3.7/site-packages/airflow/example_dags/example_subdag_operator.py
[2022-09-07T08:02:46.453+0000] {processor.py:650} INFO - DAG(s) dict_keys(['example_subdag_operator.section-1', 'example_subdag_operator.section-2', 'example_subdag_operator']) retrieved from /home/airflow/.local/lib/python3.7/site-packages/airflow/example_dags/example_subdag_operator.py
[2022-09-07T08:02:46.527+0000] {logging_mixin.py:115} INFO - [2022-09-07T08:02:46.527+0000] {dag.py:2429} INFO - Sync 3 DAGs
[2022-09-07T08:02:46.540+0000] {logging_mixin.py:115} INFO - [2022-09-07T08:02:46.540+0000] {dag.py:2981} INFO - Setting next_dagrun for example_subdag_operator to 2022-01-01T00:00:00+00:00, run_after=2022-01-01T00:00:00+00:00
[2022-09-07T08:02:46.541+0000] {logging_mixin.py:115} INFO - [2022-09-07T08:02:46.541+0000] {dag.py:2981} INFO - Setting next_dagrun for example_subdag_operator.section-1 to None, run_after=None
[2022-09-07T08:02:46.542+0000] {logging_mixin.py:115} INFO - [2022-09-07T08:02:46.542+0000] {dag.py:2981} INFO - Setting next_dagrun for example_subdag_operator.section-2 to None, run_after=None
[2022-09-07T08:02:46.547+0000] {logging_mixin.py:115} INFO - [2022-09-07T08:02:46.547+0000] {dag.py:2429} INFO - Sync 2 DAGs
[2022-09-07T08:02:46.550+0000] {logging_mixin.py:115} INFO - [2022-09-07T08:02:46.550+0000] {dag.py:2981} INFO - Setting next_dagrun for example_subdag_operator.section-1 to None, run_after=None
[2022-09-07T08:02:46.551+0000] {logging_mixin.py:115} INFO - [2022-09-07T08:02:46.551+0000] {dag.py:2981} INFO - Setting next_dagrun for example_subdag_operator.section-2 to None, run_after=None
[2022-09-07T08:02:46.556+0000] {processor.py:161} INFO - Processing /home/airflow/.local/lib/python3.7/site-packages/airflow/example_dags/example_subdag_operator.py took 0.126 seconds
[2022-09-07T08:03:17.195+0000] {processor.py:153} INFO - Started process (PID=2535) to work on /home/airflow/.local/lib/python3.7/site-packages/airflow/example_dags/example_subdag_operator.py
[2022-09-07T08:03:17.196+0000] {processor.py:640} INFO - Processing file /home/airflow/.local/lib/python3.7/site-packages/airflow/example_dags/example_subdag_operator.py for tasks to queue
[2022-09-07T08:03:17.197+0000] {logging_mixin.py:115} INFO - [2022-09-07T08:03:17.197+0000] {dagbag.py:508} INFO - Filling up the DagBag from /home/airflow/.local/lib/python3.7/site-packages/airflow/example_dags/example_subdag_operator.py
[2022-09-07T08:03:17.215+0000] {processor.py:650} INFO - DAG(s) dict_keys(['example_subdag_operator.section-1', 'example_subdag_operator.section-2', 'example_subdag_operator']) retrieved from /home/airflow/.local/lib/python3.7/site-packages/airflow/example_dags/example_subdag_operator.py
[2022-09-07T08:03:17.288+0000] {logging_mixin.py:115} INFO - [2022-09-07T08:03:17.288+0000] {dag.py:2429} INFO - Sync 3 DAGs
[2022-09-07T08:03:17.301+0000] {logging_mixin.py:115} INFO - [2022-09-07T08:03:17.300+0000] {dag.py:2981} INFO - Setting next_dagrun for example_subdag_operator to 2022-01-01T00:00:00+00:00, run_after=2022-01-01T00:00:00+00:00
[2022-09-07T08:03:17.302+0000] {logging_mixin.py:115} INFO - [2022-09-07T08:03:17.302+0000] {dag.py:2981} INFO - Setting next_dagrun for example_subdag_operator.section-1 to None, run_after=None
[2022-09-07T08:03:17.303+0000] {logging_mixin.py:115} INFO - [2022-09-07T08:03:17.303+0000] {dag.py:2981} INFO - Setting next_dagrun for example_subdag_operator.section-2 to None, run_after=None
[2022-09-07T08:03:17.307+0000] {logging_mixin.py:115} INFO - [2022-09-07T08:03:17.307+0000] {dag.py:2429} INFO - Sync 2 DAGs
[2022-09-07T08:03:17.311+0000] {logging_mixin.py:115} INFO - [2022-09-07T08:03:17.311+0000] {dag.py:2981} INFO - Setting next_dagrun for example_subdag_operator.section-1 to None, run_after=None
[2022-09-07T08:03:17.312+0000] {logging_mixin.py:115} INFO - [2022-09-07T08:03:17.312+0000] {dag.py:2981} INFO - Setting next_dagrun for example_subdag_operator.section-2 to None, run_after=None
[2022-09-07T08:03:17.318+0000] {processor.py:161} INFO - Processing /home/airflow/.local/lib/python3.7/site-packages/airflow/example_dags/example_subdag_operator.py took 0.126 seconds
[2022-09-07T08:03:47.889+0000] {processor.py:153} INFO - Started process (PID=2596) to work on /home/airflow/.local/lib/python3.7/site-packages/airflow/example_dags/example_subdag_operator.py
[2022-09-07T08:03:47.891+0000] {processor.py:640} INFO - Processing file /home/airflow/.local/lib/python3.7/site-packages/airflow/example_dags/example_subdag_operator.py for tasks to queue
[2022-09-07T08:03:47.892+0000] {logging_mixin.py:115} INFO - [2022-09-07T08:03:47.892+0000] {dagbag.py:508} INFO - Filling up the DagBag from /home/airflow/.local/lib/python3.7/site-packages/airflow/example_dags/example_subdag_operator.py
[2022-09-07T08:03:47.910+0000] {processor.py:650} INFO - DAG(s) dict_keys(['example_subdag_operator.section-1', 'example_subdag_operator.section-2', 'example_subdag_operator']) retrieved from /home/airflow/.local/lib/python3.7/site-packages/airflow/example_dags/example_subdag_operator.py
[2022-09-07T08:03:47.985+0000] {logging_mixin.py:115} INFO - [2022-09-07T08:03:47.985+0000] {dag.py:2429} INFO - Sync 3 DAGs
[2022-09-07T08:03:47.998+0000] {logging_mixin.py:115} INFO - [2022-09-07T08:03:47.998+0000] {dag.py:2981} INFO - Setting next_dagrun for example_subdag_operator to 2022-01-01T00:00:00+00:00, run_after=2022-01-01T00:00:00+00:00
[2022-09-07T08:03:47.999+0000] {logging_mixin.py:115} INFO - [2022-09-07T08:03:47.999+0000] {dag.py:2981} INFO - Setting next_dagrun for example_subdag_operator.section-1 to None, run_after=None
[2022-09-07T08:03:48.000+0000] {logging_mixin.py:115} INFO - [2022-09-07T08:03:48.000+0000] {dag.py:2981} INFO - Setting next_dagrun for example_subdag_operator.section-2 to None, run_after=None
[2022-09-07T08:03:48.004+0000] {logging_mixin.py:115} INFO - [2022-09-07T08:03:48.004+0000] {dag.py:2429} INFO - Sync 2 DAGs
[2022-09-07T08:03:48.008+0000] {logging_mixin.py:115} INFO - [2022-09-07T08:03:48.008+0000] {dag.py:2981} INFO - Setting next_dagrun for example_subdag_operator.section-1 to None, run_after=None
[2022-09-07T08:03:48.009+0000] {logging_mixin.py:115} INFO - [2022-09-07T08:03:48.009+0000] {dag.py:2981} INFO - Setting next_dagrun for example_subdag_operator.section-2 to None, run_after=None
[2022-09-07T08:03:48.014+0000] {processor.py:161} INFO - Processing /home/airflow/.local/lib/python3.7/site-packages/airflow/example_dags/example_subdag_operator.py took 0.127 seconds
[2022-09-07T08:04:18.624+0000] {processor.py:153} INFO - Started process (PID=2657) to work on /home/airflow/.local/lib/python3.7/site-packages/airflow/example_dags/example_subdag_operator.py
[2022-09-07T08:04:18.625+0000] {processor.py:640} INFO - Processing file /home/airflow/.local/lib/python3.7/site-packages/airflow/example_dags/example_subdag_operator.py for tasks to queue
[2022-09-07T08:04:18.626+0000] {logging_mixin.py:115} INFO - [2022-09-07T08:04:18.626+0000] {dagbag.py:508} INFO - Filling up the DagBag from /home/airflow/.local/lib/python3.7/site-packages/airflow/example_dags/example_subdag_operator.py
[2022-09-07T08:04:18.643+0000] {processor.py:650} INFO - DAG(s) dict_keys(['example_subdag_operator.section-1', 'example_subdag_operator.section-2', 'example_subdag_operator']) retrieved from /home/airflow/.local/lib/python3.7/site-packages/airflow/example_dags/example_subdag_operator.py
[2022-09-07T08:04:18.716+0000] {logging_mixin.py:115} INFO - [2022-09-07T08:04:18.716+0000] {dag.py:2429} INFO - Sync 3 DAGs
[2022-09-07T08:04:18.731+0000] {logging_mixin.py:115} INFO - [2022-09-07T08:04:18.731+0000] {dag.py:2981} INFO - Setting next_dagrun for example_subdag_operator to 2022-01-01T00:00:00+00:00, run_after=2022-01-01T00:00:00+00:00
[2022-09-07T08:04:18.733+0000] {logging_mixin.py:115} INFO - [2022-09-07T08:04:18.733+0000] {dag.py:2981} INFO - Setting next_dagrun for example_subdag_operator.section-1 to None, run_after=None
[2022-09-07T08:04:18.734+0000] {logging_mixin.py:115} INFO - [2022-09-07T08:04:18.734+0000] {dag.py:2981} INFO - Setting next_dagrun for example_subdag_operator.section-2 to None, run_after=None
[2022-09-07T08:04:18.739+0000] {logging_mixin.py:115} INFO - [2022-09-07T08:04:18.739+0000] {dag.py:2429} INFO - Sync 2 DAGs
[2022-09-07T08:04:18.742+0000] {logging_mixin.py:115} INFO - [2022-09-07T08:04:18.742+0000] {dag.py:2981} INFO - Setting next_dagrun for example_subdag_operator.section-1 to None, run_after=None
[2022-09-07T08:04:18.743+0000] {logging_mixin.py:115} INFO - [2022-09-07T08:04:18.743+0000] {dag.py:2981} INFO - Setting next_dagrun for example_subdag_operator.section-2 to None, run_after=None
[2022-09-07T08:04:18.749+0000] {processor.py:161} INFO - Processing /home/airflow/.local/lib/python3.7/site-packages/airflow/example_dags/example_subdag_operator.py took 0.127 seconds
[2022-09-07T16:21:02.367+0000] {processor.py:153} INFO - Started process (PID=81) to work on /home/airflow/.local/lib/python3.7/site-packages/airflow/example_dags/example_subdag_operator.py
[2022-09-07T16:21:02.369+0000] {processor.py:640} INFO - Processing file /home/airflow/.local/lib/python3.7/site-packages/airflow/example_dags/example_subdag_operator.py for tasks to queue
[2022-09-07T16:21:02.371+0000] {logging_mixin.py:115} INFO - [2022-09-07T16:21:02.371+0000] {dagbag.py:508} INFO - Filling up the DagBag from /home/airflow/.local/lib/python3.7/site-packages/airflow/example_dags/example_subdag_operator.py
[2022-09-07T16:21:02.394+0000] {processor.py:650} INFO - DAG(s) dict_keys(['example_subdag_operator.section-1', 'example_subdag_operator.section-2', 'example_subdag_operator']) retrieved from /home/airflow/.local/lib/python3.7/site-packages/airflow/example_dags/example_subdag_operator.py
[2022-09-07T16:21:02.488+0000] {logging_mixin.py:115} INFO - [2022-09-07T16:21:02.488+0000] {dag.py:2429} INFO - Sync 3 DAGs
[2022-09-07T16:21:02.507+0000] {logging_mixin.py:115} INFO - [2022-09-07T16:21:02.507+0000] {dag.py:2981} INFO - Setting next_dagrun for example_subdag_operator to 2022-01-01T00:00:00+00:00, run_after=2022-01-01T00:00:00+00:00
[2022-09-07T16:21:02.508+0000] {logging_mixin.py:115} INFO - [2022-09-07T16:21:02.508+0000] {dag.py:2981} INFO - Setting next_dagrun for example_subdag_operator.section-1 to None, run_after=None
[2022-09-07T16:21:02.509+0000] {logging_mixin.py:115} INFO - [2022-09-07T16:21:02.509+0000] {dag.py:2981} INFO - Setting next_dagrun for example_subdag_operator.section-2 to None, run_after=None
[2022-09-07T16:21:02.514+0000] {logging_mixin.py:115} INFO - [2022-09-07T16:21:02.514+0000] {dag.py:2429} INFO - Sync 2 DAGs
[2022-09-07T16:21:02.520+0000] {logging_mixin.py:115} INFO - [2022-09-07T16:21:02.519+0000] {dag.py:2981} INFO - Setting next_dagrun for example_subdag_operator.section-1 to None, run_after=None
[2022-09-07T16:21:02.521+0000] {logging_mixin.py:115} INFO - [2022-09-07T16:21:02.521+0000] {dag.py:2981} INFO - Setting next_dagrun for example_subdag_operator.section-2 to None, run_after=None
[2022-09-07T16:21:02.527+0000] {processor.py:161} INFO - Processing /home/airflow/.local/lib/python3.7/site-packages/airflow/example_dags/example_subdag_operator.py took 0.162 seconds
[2022-09-07T16:21:32.959+0000] {processor.py:153} INFO - Started process (PID=141) to work on /home/airflow/.local/lib/python3.7/site-packages/airflow/example_dags/example_subdag_operator.py
[2022-09-07T16:21:32.960+0000] {processor.py:640} INFO - Processing file /home/airflow/.local/lib/python3.7/site-packages/airflow/example_dags/example_subdag_operator.py for tasks to queue
[2022-09-07T16:21:32.961+0000] {logging_mixin.py:115} INFO - [2022-09-07T16:21:32.961+0000] {dagbag.py:508} INFO - Filling up the DagBag from /home/airflow/.local/lib/python3.7/site-packages/airflow/example_dags/example_subdag_operator.py
[2022-09-07T16:21:32.980+0000] {processor.py:650} INFO - DAG(s) dict_keys(['example_subdag_operator.section-1', 'example_subdag_operator.section-2', 'example_subdag_operator']) retrieved from /home/airflow/.local/lib/python3.7/site-packages/airflow/example_dags/example_subdag_operator.py
[2022-09-07T16:21:33.088+0000] {logging_mixin.py:115} INFO - [2022-09-07T16:21:33.088+0000] {dag.py:2429} INFO - Sync 3 DAGs
[2022-09-07T16:21:33.105+0000] {logging_mixin.py:115} INFO - [2022-09-07T16:21:33.105+0000] {dag.py:2981} INFO - Setting next_dagrun for example_subdag_operator to 2022-01-01T00:00:00+00:00, run_after=2022-01-01T00:00:00+00:00
[2022-09-07T16:21:33.106+0000] {logging_mixin.py:115} INFO - [2022-09-07T16:21:33.106+0000] {dag.py:2981} INFO - Setting next_dagrun for example_subdag_operator.section-1 to None, run_after=None
[2022-09-07T16:21:33.107+0000] {logging_mixin.py:115} INFO - [2022-09-07T16:21:33.107+0000] {dag.py:2981} INFO - Setting next_dagrun for example_subdag_operator.section-2 to None, run_after=None
[2022-09-07T16:21:33.113+0000] {logging_mixin.py:115} INFO - [2022-09-07T16:21:33.113+0000] {dag.py:2429} INFO - Sync 2 DAGs
[2022-09-07T16:21:33.117+0000] {logging_mixin.py:115} INFO - [2022-09-07T16:21:33.117+0000] {dag.py:2981} INFO - Setting next_dagrun for example_subdag_operator.section-1 to None, run_after=None
[2022-09-07T16:21:33.118+0000] {logging_mixin.py:115} INFO - [2022-09-07T16:21:33.118+0000] {dag.py:2981} INFO - Setting next_dagrun for example_subdag_operator.section-2 to None, run_after=None
[2022-09-07T16:21:33.124+0000] {processor.py:161} INFO - Processing /home/airflow/.local/lib/python3.7/site-packages/airflow/example_dags/example_subdag_operator.py took 0.168 seconds
[2022-09-07T16:22:04.121+0000] {processor.py:153} INFO - Started process (PID=609) to work on /home/airflow/.local/lib/python3.7/site-packages/airflow/example_dags/example_subdag_operator.py
[2022-09-07T16:22:04.123+0000] {processor.py:640} INFO - Processing file /home/airflow/.local/lib/python3.7/site-packages/airflow/example_dags/example_subdag_operator.py for tasks to queue
[2022-09-07T16:22:04.124+0000] {logging_mixin.py:115} INFO - [2022-09-07T16:22:04.124+0000] {dagbag.py:508} INFO - Filling up the DagBag from /home/airflow/.local/lib/python3.7/site-packages/airflow/example_dags/example_subdag_operator.py
[2022-09-07T16:22:04.157+0000] {processor.py:650} INFO - DAG(s) dict_keys(['example_subdag_operator.section-1', 'example_subdag_operator.section-2', 'example_subdag_operator']) retrieved from /home/airflow/.local/lib/python3.7/site-packages/airflow/example_dags/example_subdag_operator.py
[2022-09-07T16:22:04.272+0000] {logging_mixin.py:115} INFO - [2022-09-07T16:22:04.272+0000] {dag.py:2429} INFO - Sync 3 DAGs
[2022-09-07T16:22:04.292+0000] {logging_mixin.py:115} INFO - [2022-09-07T16:22:04.291+0000] {dag.py:2981} INFO - Setting next_dagrun for example_subdag_operator to 2022-01-01T00:00:00+00:00, run_after=2022-01-01T00:00:00+00:00
[2022-09-07T16:22:04.294+0000] {logging_mixin.py:115} INFO - [2022-09-07T16:22:04.294+0000] {dag.py:2981} INFO - Setting next_dagrun for example_subdag_operator.section-1 to None, run_after=None
[2022-09-07T16:22:04.295+0000] {logging_mixin.py:115} INFO - [2022-09-07T16:22:04.295+0000] {dag.py:2981} INFO - Setting next_dagrun for example_subdag_operator.section-2 to None, run_after=None
[2022-09-07T16:22:04.300+0000] {logging_mixin.py:115} INFO - [2022-09-07T16:22:04.300+0000] {dag.py:2429} INFO - Sync 2 DAGs
[2022-09-07T16:22:04.305+0000] {logging_mixin.py:115} INFO - [2022-09-07T16:22:04.304+0000] {dag.py:2981} INFO - Setting next_dagrun for example_subdag_operator.section-1 to None, run_after=None
[2022-09-07T16:22:04.306+0000] {logging_mixin.py:115} INFO - [2022-09-07T16:22:04.306+0000] {dag.py:2981} INFO - Setting next_dagrun for example_subdag_operator.section-2 to None, run_after=None
[2022-09-07T16:22:04.312+0000] {processor.py:161} INFO - Processing /home/airflow/.local/lib/python3.7/site-packages/airflow/example_dags/example_subdag_operator.py took 0.193 seconds
[2022-09-07T16:22:34.798+0000] {processor.py:153} INFO - Started process (PID=1314) to work on /home/airflow/.local/lib/python3.7/site-packages/airflow/example_dags/example_subdag_operator.py
[2022-09-07T16:22:34.799+0000] {processor.py:640} INFO - Processing file /home/airflow/.local/lib/python3.7/site-packages/airflow/example_dags/example_subdag_operator.py for tasks to queue
[2022-09-07T16:22:34.800+0000] {logging_mixin.py:115} INFO - [2022-09-07T16:22:34.800+0000] {dagbag.py:508} INFO - Filling up the DagBag from /home/airflow/.local/lib/python3.7/site-packages/airflow/example_dags/example_subdag_operator.py
[2022-09-07T16:22:34.817+0000] {processor.py:650} INFO - DAG(s) dict_keys(['example_subdag_operator.section-1', 'example_subdag_operator.section-2', 'example_subdag_operator']) retrieved from /home/airflow/.local/lib/python3.7/site-packages/airflow/example_dags/example_subdag_operator.py
[2022-09-07T16:22:34.913+0000] {logging_mixin.py:115} INFO - [2022-09-07T16:22:34.913+0000] {dag.py:2429} INFO - Sync 3 DAGs
[2022-09-07T16:22:34.927+0000] {logging_mixin.py:115} INFO - [2022-09-07T16:22:34.927+0000] {dag.py:2981} INFO - Setting next_dagrun for example_subdag_operator to 2022-01-01T00:00:00+00:00, run_after=2022-01-01T00:00:00+00:00
[2022-09-07T16:22:34.929+0000] {logging_mixin.py:115} INFO - [2022-09-07T16:22:34.928+0000] {dag.py:2981} INFO - Setting next_dagrun for example_subdag_operator.section-1 to None, run_after=None
[2022-09-07T16:22:34.930+0000] {logging_mixin.py:115} INFO - [2022-09-07T16:22:34.930+0000] {dag.py:2981} INFO - Setting next_dagrun for example_subdag_operator.section-2 to None, run_after=None
[2022-09-07T16:22:34.935+0000] {logging_mixin.py:115} INFO - [2022-09-07T16:22:34.935+0000] {dag.py:2429} INFO - Sync 2 DAGs
[2022-09-07T16:22:34.939+0000] {logging_mixin.py:115} INFO - [2022-09-07T16:22:34.939+0000] {dag.py:2981} INFO - Setting next_dagrun for example_subdag_operator.section-1 to None, run_after=None
[2022-09-07T16:22:34.940+0000] {logging_mixin.py:115} INFO - [2022-09-07T16:22:34.940+0000] {dag.py:2981} INFO - Setting next_dagrun for example_subdag_operator.section-2 to None, run_after=None
[2022-09-07T16:22:34.945+0000] {processor.py:161} INFO - Processing /home/airflow/.local/lib/python3.7/site-packages/airflow/example_dags/example_subdag_operator.py took 0.150 seconds
[2022-09-07T16:23:05.626+0000] {processor.py:153} INFO - Started process (PID=1853) to work on /home/airflow/.local/lib/python3.7/site-packages/airflow/example_dags/example_subdag_operator.py
[2022-09-07T16:23:05.628+0000] {processor.py:640} INFO - Processing file /home/airflow/.local/lib/python3.7/site-packages/airflow/example_dags/example_subdag_operator.py for tasks to queue
[2022-09-07T16:23:05.629+0000] {logging_mixin.py:115} INFO - [2022-09-07T16:23:05.629+0000] {dagbag.py:508} INFO - Filling up the DagBag from /home/airflow/.local/lib/python3.7/site-packages/airflow/example_dags/example_subdag_operator.py
[2022-09-07T16:23:05.649+0000] {processor.py:650} INFO - DAG(s) dict_keys(['example_subdag_operator.section-1', 'example_subdag_operator.section-2', 'example_subdag_operator']) retrieved from /home/airflow/.local/lib/python3.7/site-packages/airflow/example_dags/example_subdag_operator.py
[2022-09-07T16:23:05.758+0000] {logging_mixin.py:115} INFO - [2022-09-07T16:23:05.758+0000] {dag.py:2429} INFO - Sync 3 DAGs
[2022-09-07T16:23:05.774+0000] {logging_mixin.py:115} INFO - [2022-09-07T16:23:05.773+0000] {dag.py:2981} INFO - Setting next_dagrun for example_subdag_operator to 2022-01-01T00:00:00+00:00, run_after=2022-01-01T00:00:00+00:00
[2022-09-07T16:23:05.775+0000] {logging_mixin.py:115} INFO - [2022-09-07T16:23:05.775+0000] {dag.py:2981} INFO - Setting next_dagrun for example_subdag_operator.section-1 to None, run_after=None
[2022-09-07T16:23:05.776+0000] {logging_mixin.py:115} INFO - [2022-09-07T16:23:05.776+0000] {dag.py:2981} INFO - Setting next_dagrun for example_subdag_operator.section-2 to None, run_after=None
[2022-09-07T16:23:05.781+0000] {logging_mixin.py:115} INFO - [2022-09-07T16:23:05.781+0000] {dag.py:2429} INFO - Sync 2 DAGs
[2022-09-07T16:23:05.785+0000] {logging_mixin.py:115} INFO - [2022-09-07T16:23:05.785+0000] {dag.py:2981} INFO - Setting next_dagrun for example_subdag_operator.section-1 to None, run_after=None
[2022-09-07T16:23:05.787+0000] {logging_mixin.py:115} INFO - [2022-09-07T16:23:05.787+0000] {dag.py:2981} INFO - Setting next_dagrun for example_subdag_operator.section-2 to None, run_after=None
[2022-09-07T16:23:05.793+0000] {processor.py:161} INFO - Processing /home/airflow/.local/lib/python3.7/site-packages/airflow/example_dags/example_subdag_operator.py took 0.169 seconds
[2022-09-07T16:23:36.351+0000] {processor.py:153} INFO - Started process (PID=2213) to work on /home/airflow/.local/lib/python3.7/site-packages/airflow/example_dags/example_subdag_operator.py
[2022-09-07T16:23:36.353+0000] {processor.py:640} INFO - Processing file /home/airflow/.local/lib/python3.7/site-packages/airflow/example_dags/example_subdag_operator.py for tasks to queue
[2022-09-07T16:23:36.354+0000] {logging_mixin.py:115} INFO - [2022-09-07T16:23:36.353+0000] {dagbag.py:508} INFO - Filling up the DagBag from /home/airflow/.local/lib/python3.7/site-packages/airflow/example_dags/example_subdag_operator.py
[2022-09-07T16:23:36.373+0000] {processor.py:650} INFO - DAG(s) dict_keys(['example_subdag_operator.section-1', 'example_subdag_operator.section-2', 'example_subdag_operator']) retrieved from /home/airflow/.local/lib/python3.7/site-packages/airflow/example_dags/example_subdag_operator.py
[2022-09-07T16:23:36.458+0000] {logging_mixin.py:115} INFO - [2022-09-07T16:23:36.458+0000] {dag.py:2429} INFO - Sync 3 DAGs
[2022-09-07T16:23:36.474+0000] {logging_mixin.py:115} INFO - [2022-09-07T16:23:36.474+0000] {dag.py:2981} INFO - Setting next_dagrun for example_subdag_operator to 2022-01-01T00:00:00+00:00, run_after=2022-01-01T00:00:00+00:00
[2022-09-07T16:23:36.475+0000] {logging_mixin.py:115} INFO - [2022-09-07T16:23:36.475+0000] {dag.py:2981} INFO - Setting next_dagrun for example_subdag_operator.section-1 to None, run_after=None
[2022-09-07T16:23:36.476+0000] {logging_mixin.py:115} INFO - [2022-09-07T16:23:36.476+0000] {dag.py:2981} INFO - Setting next_dagrun for example_subdag_operator.section-2 to None, run_after=None
[2022-09-07T16:23:36.481+0000] {logging_mixin.py:115} INFO - [2022-09-07T16:23:36.481+0000] {dag.py:2429} INFO - Sync 2 DAGs
[2022-09-07T16:23:36.485+0000] {logging_mixin.py:115} INFO - [2022-09-07T16:23:36.485+0000] {dag.py:2981} INFO - Setting next_dagrun for example_subdag_operator.section-1 to None, run_after=None
[2022-09-07T16:23:36.486+0000] {logging_mixin.py:115} INFO - [2022-09-07T16:23:36.486+0000] {dag.py:2981} INFO - Setting next_dagrun for example_subdag_operator.section-2 to None, run_after=None
[2022-09-07T16:23:36.495+0000] {processor.py:161} INFO - Processing /home/airflow/.local/lib/python3.7/site-packages/airflow/example_dags/example_subdag_operator.py took 0.146 seconds
[2022-09-07T16:24:07.044+0000] {processor.py:153} INFO - Started process (PID=2592) to work on /home/airflow/.local/lib/python3.7/site-packages/airflow/example_dags/example_subdag_operator.py
[2022-09-07T16:24:07.046+0000] {processor.py:640} INFO - Processing file /home/airflow/.local/lib/python3.7/site-packages/airflow/example_dags/example_subdag_operator.py for tasks to queue
[2022-09-07T16:24:07.047+0000] {logging_mixin.py:115} INFO - [2022-09-07T16:24:07.047+0000] {dagbag.py:508} INFO - Filling up the DagBag from /home/airflow/.local/lib/python3.7/site-packages/airflow/example_dags/example_subdag_operator.py
[2022-09-07T16:24:07.063+0000] {processor.py:650} INFO - DAG(s) dict_keys(['example_subdag_operator.section-1', 'example_subdag_operator.section-2', 'example_subdag_operator']) retrieved from /home/airflow/.local/lib/python3.7/site-packages/airflow/example_dags/example_subdag_operator.py
[2022-09-07T16:24:07.153+0000] {logging_mixin.py:115} INFO - [2022-09-07T16:24:07.153+0000] {dag.py:2429} INFO - Sync 3 DAGs
[2022-09-07T16:24:07.167+0000] {logging_mixin.py:115} INFO - [2022-09-07T16:24:07.167+0000] {dag.py:2981} INFO - Setting next_dagrun for example_subdag_operator to 2022-01-01T00:00:00+00:00, run_after=2022-01-01T00:00:00+00:00
[2022-09-07T16:24:07.169+0000] {logging_mixin.py:115} INFO - [2022-09-07T16:24:07.169+0000] {dag.py:2981} INFO - Setting next_dagrun for example_subdag_operator.section-1 to None, run_after=None
[2022-09-07T16:24:07.170+0000] {logging_mixin.py:115} INFO - [2022-09-07T16:24:07.170+0000] {dag.py:2981} INFO - Setting next_dagrun for example_subdag_operator.section-2 to None, run_after=None
[2022-09-07T16:24:07.175+0000] {logging_mixin.py:115} INFO - [2022-09-07T16:24:07.175+0000] {dag.py:2429} INFO - Sync 2 DAGs
[2022-09-07T16:24:07.179+0000] {logging_mixin.py:115} INFO - [2022-09-07T16:24:07.179+0000] {dag.py:2981} INFO - Setting next_dagrun for example_subdag_operator.section-1 to None, run_after=None
[2022-09-07T16:24:07.180+0000] {logging_mixin.py:115} INFO - [2022-09-07T16:24:07.180+0000] {dag.py:2981} INFO - Setting next_dagrun for example_subdag_operator.section-2 to None, run_after=None
[2022-09-07T16:24:07.185+0000] {processor.py:161} INFO - Processing /home/airflow/.local/lib/python3.7/site-packages/airflow/example_dags/example_subdag_operator.py took 0.143 seconds
[2022-09-07T16:24:37.710+0000] {processor.py:153} INFO - Started process (PID=2959) to work on /home/airflow/.local/lib/python3.7/site-packages/airflow/example_dags/example_subdag_operator.py
[2022-09-07T16:24:37.712+0000] {processor.py:640} INFO - Processing file /home/airflow/.local/lib/python3.7/site-packages/airflow/example_dags/example_subdag_operator.py for tasks to queue
[2022-09-07T16:24:37.713+0000] {logging_mixin.py:115} INFO - [2022-09-07T16:24:37.712+0000] {dagbag.py:508} INFO - Filling up the DagBag from /home/airflow/.local/lib/python3.7/site-packages/airflow/example_dags/example_subdag_operator.py
[2022-09-07T16:24:37.731+0000] {processor.py:650} INFO - DAG(s) dict_keys(['example_subdag_operator.section-1', 'example_subdag_operator.section-2', 'example_subdag_operator']) retrieved from /home/airflow/.local/lib/python3.7/site-packages/airflow/example_dags/example_subdag_operator.py
[2022-09-07T16:24:37.809+0000] {logging_mixin.py:115} INFO - [2022-09-07T16:24:37.809+0000] {dag.py:2429} INFO - Sync 3 DAGs
[2022-09-07T16:24:37.823+0000] {logging_mixin.py:115} INFO - [2022-09-07T16:24:37.823+0000] {dag.py:2981} INFO - Setting next_dagrun for example_subdag_operator to 2022-01-01T00:00:00+00:00, run_after=2022-01-01T00:00:00+00:00
[2022-09-07T16:24:37.824+0000] {logging_mixin.py:115} INFO - [2022-09-07T16:24:37.824+0000] {dag.py:2981} INFO - Setting next_dagrun for example_subdag_operator.section-1 to None, run_after=None
[2022-09-07T16:24:37.826+0000] {logging_mixin.py:115} INFO - [2022-09-07T16:24:37.826+0000] {dag.py:2981} INFO - Setting next_dagrun for example_subdag_operator.section-2 to None, run_after=None
[2022-09-07T16:24:37.831+0000] {logging_mixin.py:115} INFO - [2022-09-07T16:24:37.831+0000] {dag.py:2429} INFO - Sync 2 DAGs
[2022-09-07T16:24:37.836+0000] {logging_mixin.py:115} INFO - [2022-09-07T16:24:37.836+0000] {dag.py:2981} INFO - Setting next_dagrun for example_subdag_operator.section-1 to None, run_after=None
[2022-09-07T16:24:37.837+0000] {logging_mixin.py:115} INFO - [2022-09-07T16:24:37.837+0000] {dag.py:2981} INFO - Setting next_dagrun for example_subdag_operator.section-2 to None, run_after=None
[2022-09-07T16:24:37.843+0000] {processor.py:161} INFO - Processing /home/airflow/.local/lib/python3.7/site-packages/airflow/example_dags/example_subdag_operator.py took 0.135 seconds
[2022-09-07T16:25:08.122+0000] {processor.py:153} INFO - Started process (PID=3265) to work on /home/airflow/.local/lib/python3.7/site-packages/airflow/example_dags/example_subdag_operator.py
[2022-09-07T16:25:08.124+0000] {processor.py:640} INFO - Processing file /home/airflow/.local/lib/python3.7/site-packages/airflow/example_dags/example_subdag_operator.py for tasks to queue
[2022-09-07T16:25:08.125+0000] {logging_mixin.py:115} INFO - [2022-09-07T16:25:08.125+0000] {dagbag.py:508} INFO - Filling up the DagBag from /home/airflow/.local/lib/python3.7/site-packages/airflow/example_dags/example_subdag_operator.py
[2022-09-07T16:25:08.151+0000] {processor.py:650} INFO - DAG(s) dict_keys(['example_subdag_operator.section-1', 'example_subdag_operator.section-2', 'example_subdag_operator']) retrieved from /home/airflow/.local/lib/python3.7/site-packages/airflow/example_dags/example_subdag_operator.py
[2022-09-07T16:25:08.245+0000] {logging_mixin.py:115} INFO - [2022-09-07T16:25:08.244+0000] {dag.py:2429} INFO - Sync 3 DAGs
[2022-09-07T16:25:08.273+0000] {logging_mixin.py:115} INFO - [2022-09-07T16:25:08.273+0000] {dag.py:2981} INFO - Setting next_dagrun for example_subdag_operator to 2022-01-01T00:00:00+00:00, run_after=2022-01-01T00:00:00+00:00
[2022-09-07T16:25:08.275+0000] {logging_mixin.py:115} INFO - [2022-09-07T16:25:08.275+0000] {dag.py:2981} INFO - Setting next_dagrun for example_subdag_operator.section-1 to None, run_after=None
[2022-09-07T16:25:08.276+0000] {logging_mixin.py:115} INFO - [2022-09-07T16:25:08.276+0000] {dag.py:2981} INFO - Setting next_dagrun for example_subdag_operator.section-2 to None, run_after=None
[2022-09-07T16:25:08.280+0000] {logging_mixin.py:115} INFO - [2022-09-07T16:25:08.280+0000] {dag.py:2429} INFO - Sync 2 DAGs
[2022-09-07T16:25:08.285+0000] {logging_mixin.py:115} INFO - [2022-09-07T16:25:08.285+0000] {dag.py:2981} INFO - Setting next_dagrun for example_subdag_operator.section-1 to None, run_after=None
[2022-09-07T16:25:08.286+0000] {logging_mixin.py:115} INFO - [2022-09-07T16:25:08.286+0000] {dag.py:2981} INFO - Setting next_dagrun for example_subdag_operator.section-2 to None, run_after=None
[2022-09-07T16:25:08.293+0000] {processor.py:161} INFO - Processing /home/airflow/.local/lib/python3.7/site-packages/airflow/example_dags/example_subdag_operator.py took 0.185 seconds
[2022-09-07T16:25:38.347+0000] {processor.py:153} INFO - Started process (PID=3328) to work on /home/airflow/.local/lib/python3.7/site-packages/airflow/example_dags/example_subdag_operator.py
[2022-09-07T16:25:38.350+0000] {processor.py:640} INFO - Processing file /home/airflow/.local/lib/python3.7/site-packages/airflow/example_dags/example_subdag_operator.py for tasks to queue
[2022-09-07T16:25:38.351+0000] {logging_mixin.py:115} INFO - [2022-09-07T16:25:38.351+0000] {dagbag.py:508} INFO - Filling up the DagBag from /home/airflow/.local/lib/python3.7/site-packages/airflow/example_dags/example_subdag_operator.py
[2022-09-07T16:25:38.372+0000] {processor.py:650} INFO - DAG(s) dict_keys(['example_subdag_operator.section-1', 'example_subdag_operator.section-2', 'example_subdag_operator']) retrieved from /home/airflow/.local/lib/python3.7/site-packages/airflow/example_dags/example_subdag_operator.py
[2022-09-07T16:25:38.449+0000] {logging_mixin.py:115} INFO - [2022-09-07T16:25:38.449+0000] {dag.py:2429} INFO - Sync 3 DAGs
[2022-09-07T16:25:38.463+0000] {logging_mixin.py:115} INFO - [2022-09-07T16:25:38.463+0000] {dag.py:2981} INFO - Setting next_dagrun for example_subdag_operator to 2022-01-01T00:00:00+00:00, run_after=2022-01-01T00:00:00+00:00
[2022-09-07T16:25:38.466+0000] {logging_mixin.py:115} INFO - [2022-09-07T16:25:38.466+0000] {dag.py:2981} INFO - Setting next_dagrun for example_subdag_operator.section-1 to None, run_after=None
[2022-09-07T16:25:38.467+0000] {logging_mixin.py:115} INFO - [2022-09-07T16:25:38.467+0000] {dag.py:2981} INFO - Setting next_dagrun for example_subdag_operator.section-2 to None, run_after=None
[2022-09-07T16:25:38.472+0000] {logging_mixin.py:115} INFO - [2022-09-07T16:25:38.472+0000] {dag.py:2429} INFO - Sync 2 DAGs
[2022-09-07T16:25:38.476+0000] {logging_mixin.py:115} INFO - [2022-09-07T16:25:38.475+0000] {dag.py:2981} INFO - Setting next_dagrun for example_subdag_operator.section-1 to None, run_after=None
[2022-09-07T16:25:38.476+0000] {logging_mixin.py:115} INFO - [2022-09-07T16:25:38.476+0000] {dag.py:2981} INFO - Setting next_dagrun for example_subdag_operator.section-2 to None, run_after=None
[2022-09-07T16:25:38.482+0000] {processor.py:161} INFO - Processing /home/airflow/.local/lib/python3.7/site-packages/airflow/example_dags/example_subdag_operator.py took 0.137 seconds
[2022-09-07T16:26:08.509+0000] {processor.py:153} INFO - Started process (PID=3390) to work on /home/airflow/.local/lib/python3.7/site-packages/airflow/example_dags/example_subdag_operator.py
[2022-09-07T16:26:08.512+0000] {processor.py:640} INFO - Processing file /home/airflow/.local/lib/python3.7/site-packages/airflow/example_dags/example_subdag_operator.py for tasks to queue
[2022-09-07T16:26:08.514+0000] {logging_mixin.py:115} INFO - [2022-09-07T16:26:08.514+0000] {dagbag.py:508} INFO - Filling up the DagBag from /home/airflow/.local/lib/python3.7/site-packages/airflow/example_dags/example_subdag_operator.py
[2022-09-07T16:26:08.546+0000] {processor.py:650} INFO - DAG(s) dict_keys(['example_subdag_operator.section-1', 'example_subdag_operator.section-2', 'example_subdag_operator']) retrieved from /home/airflow/.local/lib/python3.7/site-packages/airflow/example_dags/example_subdag_operator.py
[2022-09-07T16:26:08.644+0000] {logging_mixin.py:115} INFO - [2022-09-07T16:26:08.644+0000] {dag.py:2429} INFO - Sync 3 DAGs
[2022-09-07T16:26:08.664+0000] {logging_mixin.py:115} INFO - [2022-09-07T16:26:08.664+0000] {dag.py:2981} INFO - Setting next_dagrun for example_subdag_operator to 2022-01-01T00:00:00+00:00, run_after=2022-01-01T00:00:00+00:00
[2022-09-07T16:26:08.666+0000] {logging_mixin.py:115} INFO - [2022-09-07T16:26:08.666+0000] {dag.py:2981} INFO - Setting next_dagrun for example_subdag_operator.section-1 to None, run_after=None
[2022-09-07T16:26:08.667+0000] {logging_mixin.py:115} INFO - [2022-09-07T16:26:08.667+0000] {dag.py:2981} INFO - Setting next_dagrun for example_subdag_operator.section-2 to None, run_after=None
[2022-09-07T16:26:08.673+0000] {logging_mixin.py:115} INFO - [2022-09-07T16:26:08.673+0000] {dag.py:2429} INFO - Sync 2 DAGs
[2022-09-07T16:26:08.678+0000] {logging_mixin.py:115} INFO - [2022-09-07T16:26:08.678+0000] {dag.py:2981} INFO - Setting next_dagrun for example_subdag_operator.section-1 to None, run_after=None
[2022-09-07T16:26:08.680+0000] {logging_mixin.py:115} INFO - [2022-09-07T16:26:08.680+0000] {dag.py:2981} INFO - Setting next_dagrun for example_subdag_operator.section-2 to None, run_after=None
[2022-09-07T16:26:08.686+0000] {processor.py:161} INFO - Processing /home/airflow/.local/lib/python3.7/site-packages/airflow/example_dags/example_subdag_operator.py took 0.180 seconds
[2022-09-07T16:26:39.923+0000] {processor.py:153} INFO - Started process (PID=3440) to work on /home/airflow/.local/lib/python3.7/site-packages/airflow/example_dags/example_subdag_operator.py
[2022-09-07T16:26:39.925+0000] {processor.py:640} INFO - Processing file /home/airflow/.local/lib/python3.7/site-packages/airflow/example_dags/example_subdag_operator.py for tasks to queue
[2022-09-07T16:26:39.929+0000] {logging_mixin.py:115} INFO - [2022-09-07T16:26:39.929+0000] {dagbag.py:508} INFO - Filling up the DagBag from /home/airflow/.local/lib/python3.7/site-packages/airflow/example_dags/example_subdag_operator.py
[2022-09-07T16:26:39.988+0000] {processor.py:650} INFO - DAG(s) dict_keys(['example_subdag_operator.section-1', 'example_subdag_operator.section-2', 'example_subdag_operator']) retrieved from /home/airflow/.local/lib/python3.7/site-packages/airflow/example_dags/example_subdag_operator.py
[2022-09-07T16:26:40.134+0000] {logging_mixin.py:115} INFO - [2022-09-07T16:26:40.134+0000] {dag.py:2429} INFO - Sync 3 DAGs
[2022-09-07T16:26:40.165+0000] {logging_mixin.py:115} INFO - [2022-09-07T16:26:40.165+0000] {dag.py:2981} INFO - Setting next_dagrun for example_subdag_operator to 2022-01-01T00:00:00+00:00, run_after=2022-01-01T00:00:00+00:00
[2022-09-07T16:26:40.167+0000] {logging_mixin.py:115} INFO - [2022-09-07T16:26:40.167+0000] {dag.py:2981} INFO - Setting next_dagrun for example_subdag_operator.section-1 to None, run_after=None
[2022-09-07T16:26:40.168+0000] {logging_mixin.py:115} INFO - [2022-09-07T16:26:40.168+0000] {dag.py:2981} INFO - Setting next_dagrun for example_subdag_operator.section-2 to None, run_after=None
[2022-09-07T16:26:40.181+0000] {logging_mixin.py:115} INFO - [2022-09-07T16:26:40.181+0000] {dag.py:2429} INFO - Sync 2 DAGs
[2022-09-07T16:26:40.189+0000] {logging_mixin.py:115} INFO - [2022-09-07T16:26:40.189+0000] {dag.py:2981} INFO - Setting next_dagrun for example_subdag_operator.section-1 to None, run_after=None
[2022-09-07T16:26:40.191+0000] {logging_mixin.py:115} INFO - [2022-09-07T16:26:40.191+0000] {dag.py:2981} INFO - Setting next_dagrun for example_subdag_operator.section-2 to None, run_after=None
[2022-09-07T16:26:40.203+0000] {processor.py:161} INFO - Processing /home/airflow/.local/lib/python3.7/site-packages/airflow/example_dags/example_subdag_operator.py took 0.283 seconds
[2022-09-07T16:27:10.809+0000] {processor.py:153} INFO - Started process (PID=3501) to work on /home/airflow/.local/lib/python3.7/site-packages/airflow/example_dags/example_subdag_operator.py
[2022-09-07T16:27:10.811+0000] {processor.py:640} INFO - Processing file /home/airflow/.local/lib/python3.7/site-packages/airflow/example_dags/example_subdag_operator.py for tasks to queue
[2022-09-07T16:27:10.813+0000] {logging_mixin.py:115} INFO - [2022-09-07T16:27:10.813+0000] {dagbag.py:508} INFO - Filling up the DagBag from /home/airflow/.local/lib/python3.7/site-packages/airflow/example_dags/example_subdag_operator.py
[2022-09-07T16:27:10.834+0000] {processor.py:650} INFO - DAG(s) dict_keys(['example_subdag_operator.section-1', 'example_subdag_operator.section-2', 'example_subdag_operator']) retrieved from /home/airflow/.local/lib/python3.7/site-packages/airflow/example_dags/example_subdag_operator.py
[2022-09-07T16:27:10.924+0000] {logging_mixin.py:115} INFO - [2022-09-07T16:27:10.924+0000] {dag.py:2429} INFO - Sync 3 DAGs
[2022-09-07T16:27:10.940+0000] {logging_mixin.py:115} INFO - [2022-09-07T16:27:10.940+0000] {dag.py:2981} INFO - Setting next_dagrun for example_subdag_operator to 2022-01-01T00:00:00+00:00, run_after=2022-01-01T00:00:00+00:00
[2022-09-07T16:27:10.942+0000] {logging_mixin.py:115} INFO - [2022-09-07T16:27:10.941+0000] {dag.py:2981} INFO - Setting next_dagrun for example_subdag_operator.section-1 to None, run_after=None
[2022-09-07T16:27:10.943+0000] {logging_mixin.py:115} INFO - [2022-09-07T16:27:10.942+0000] {dag.py:2981} INFO - Setting next_dagrun for example_subdag_operator.section-2 to None, run_after=None
[2022-09-07T16:27:10.948+0000] {logging_mixin.py:115} INFO - [2022-09-07T16:27:10.948+0000] {dag.py:2429} INFO - Sync 2 DAGs
[2022-09-07T16:27:10.957+0000] {logging_mixin.py:115} INFO - [2022-09-07T16:27:10.957+0000] {dag.py:2981} INFO - Setting next_dagrun for example_subdag_operator.section-1 to None, run_after=None
[2022-09-07T16:27:10.959+0000] {logging_mixin.py:115} INFO - [2022-09-07T16:27:10.959+0000] {dag.py:2981} INFO - Setting next_dagrun for example_subdag_operator.section-2 to None, run_after=None
[2022-09-07T16:27:10.965+0000] {processor.py:161} INFO - Processing /home/airflow/.local/lib/python3.7/site-packages/airflow/example_dags/example_subdag_operator.py took 0.158 seconds
[2022-09-07T16:27:41.556+0000] {processor.py:153} INFO - Started process (PID=3563) to work on /home/airflow/.local/lib/python3.7/site-packages/airflow/example_dags/example_subdag_operator.py
[2022-09-07T16:27:41.557+0000] {processor.py:640} INFO - Processing file /home/airflow/.local/lib/python3.7/site-packages/airflow/example_dags/example_subdag_operator.py for tasks to queue
[2022-09-07T16:27:41.558+0000] {logging_mixin.py:115} INFO - [2022-09-07T16:27:41.558+0000] {dagbag.py:508} INFO - Filling up the DagBag from /home/airflow/.local/lib/python3.7/site-packages/airflow/example_dags/example_subdag_operator.py
[2022-09-07T16:27:41.584+0000] {processor.py:650} INFO - DAG(s) dict_keys(['example_subdag_operator.section-1', 'example_subdag_operator.section-2', 'example_subdag_operator']) retrieved from /home/airflow/.local/lib/python3.7/site-packages/airflow/example_dags/example_subdag_operator.py
[2022-09-07T16:27:41.680+0000] {logging_mixin.py:115} INFO - [2022-09-07T16:27:41.680+0000] {dag.py:2429} INFO - Sync 3 DAGs
[2022-09-07T16:27:41.695+0000] {logging_mixin.py:115} INFO - [2022-09-07T16:27:41.695+0000] {dag.py:2981} INFO - Setting next_dagrun for example_subdag_operator to 2022-01-01T00:00:00+00:00, run_after=2022-01-01T00:00:00+00:00
[2022-09-07T16:27:41.697+0000] {logging_mixin.py:115} INFO - [2022-09-07T16:27:41.696+0000] {dag.py:2981} INFO - Setting next_dagrun for example_subdag_operator.section-1 to None, run_after=None
[2022-09-07T16:27:41.698+0000] {logging_mixin.py:115} INFO - [2022-09-07T16:27:41.697+0000] {dag.py:2981} INFO - Setting next_dagrun for example_subdag_operator.section-2 to None, run_after=None
[2022-09-07T16:27:41.703+0000] {logging_mixin.py:115} INFO - [2022-09-07T16:27:41.703+0000] {dag.py:2429} INFO - Sync 2 DAGs
[2022-09-07T16:27:41.707+0000] {logging_mixin.py:115} INFO - [2022-09-07T16:27:41.707+0000] {dag.py:2981} INFO - Setting next_dagrun for example_subdag_operator.section-1 to None, run_after=None
[2022-09-07T16:27:41.709+0000] {logging_mixin.py:115} INFO - [2022-09-07T16:27:41.708+0000] {dag.py:2981} INFO - Setting next_dagrun for example_subdag_operator.section-2 to None, run_after=None
[2022-09-07T16:27:41.714+0000] {processor.py:161} INFO - Processing /home/airflow/.local/lib/python3.7/site-packages/airflow/example_dags/example_subdag_operator.py took 0.161 seconds
[2022-09-07T16:28:12.253+0000] {processor.py:153} INFO - Started process (PID=3624) to work on /home/airflow/.local/lib/python3.7/site-packages/airflow/example_dags/example_subdag_operator.py
[2022-09-07T16:28:12.255+0000] {processor.py:640} INFO - Processing file /home/airflow/.local/lib/python3.7/site-packages/airflow/example_dags/example_subdag_operator.py for tasks to queue
[2022-09-07T16:28:12.256+0000] {logging_mixin.py:115} INFO - [2022-09-07T16:28:12.256+0000] {dagbag.py:508} INFO - Filling up the DagBag from /home/airflow/.local/lib/python3.7/site-packages/airflow/example_dags/example_subdag_operator.py
[2022-09-07T16:28:12.276+0000] {processor.py:650} INFO - DAG(s) dict_keys(['example_subdag_operator.section-1', 'example_subdag_operator.section-2', 'example_subdag_operator']) retrieved from /home/airflow/.local/lib/python3.7/site-packages/airflow/example_dags/example_subdag_operator.py
[2022-09-07T16:28:12.367+0000] {logging_mixin.py:115} INFO - [2022-09-07T16:28:12.367+0000] {dag.py:2429} INFO - Sync 3 DAGs
[2022-09-07T16:28:12.382+0000] {logging_mixin.py:115} INFO - [2022-09-07T16:28:12.382+0000] {dag.py:2981} INFO - Setting next_dagrun for example_subdag_operator to 2022-01-01T00:00:00+00:00, run_after=2022-01-01T00:00:00+00:00
[2022-09-07T16:28:12.383+0000] {logging_mixin.py:115} INFO - [2022-09-07T16:28:12.383+0000] {dag.py:2981} INFO - Setting next_dagrun for example_subdag_operator.section-1 to None, run_after=None
[2022-09-07T16:28:12.384+0000] {logging_mixin.py:115} INFO - [2022-09-07T16:28:12.384+0000] {dag.py:2981} INFO - Setting next_dagrun for example_subdag_operator.section-2 to None, run_after=None
[2022-09-07T16:28:12.389+0000] {logging_mixin.py:115} INFO - [2022-09-07T16:28:12.389+0000] {dag.py:2429} INFO - Sync 2 DAGs
[2022-09-07T16:28:12.393+0000] {logging_mixin.py:115} INFO - [2022-09-07T16:28:12.393+0000] {dag.py:2981} INFO - Setting next_dagrun for example_subdag_operator.section-1 to None, run_after=None
[2022-09-07T16:28:12.394+0000] {logging_mixin.py:115} INFO - [2022-09-07T16:28:12.394+0000] {dag.py:2981} INFO - Setting next_dagrun for example_subdag_operator.section-2 to None, run_after=None
[2022-09-07T16:28:12.399+0000] {processor.py:161} INFO - Processing /home/airflow/.local/lib/python3.7/site-packages/airflow/example_dags/example_subdag_operator.py took 0.149 seconds
[2022-09-07T16:29:21.108+0000] {processor.py:153} INFO - Started process (PID=72) to work on /home/airflow/.local/lib/python3.7/site-packages/airflow/example_dags/example_subdag_operator.py
[2022-09-07T16:29:21.111+0000] {processor.py:640} INFO - Processing file /home/airflow/.local/lib/python3.7/site-packages/airflow/example_dags/example_subdag_operator.py for tasks to queue
[2022-09-07T16:29:21.112+0000] {logging_mixin.py:115} INFO - [2022-09-07T16:29:21.112+0000] {dagbag.py:508} INFO - Filling up the DagBag from /home/airflow/.local/lib/python3.7/site-packages/airflow/example_dags/example_subdag_operator.py
[2022-09-07T16:29:21.150+0000] {processor.py:650} INFO - DAG(s) dict_keys(['example_subdag_operator.section-1', 'example_subdag_operator.section-2', 'example_subdag_operator']) retrieved from /home/airflow/.local/lib/python3.7/site-packages/airflow/example_dags/example_subdag_operator.py
[2022-09-07T16:29:21.453+0000] {logging_mixin.py:115} INFO - [2022-09-07T16:29:21.453+0000] {dag.py:2429} INFO - Sync 3 DAGs
[2022-09-07T16:29:21.485+0000] {logging_mixin.py:115} INFO - [2022-09-07T16:29:21.485+0000] {dag.py:2981} INFO - Setting next_dagrun for example_subdag_operator to 2022-01-01T00:00:00+00:00, run_after=2022-01-01T00:00:00+00:00
[2022-09-07T16:29:21.489+0000] {logging_mixin.py:115} INFO - [2022-09-07T16:29:21.488+0000] {dag.py:2981} INFO - Setting next_dagrun for example_subdag_operator.section-1 to None, run_after=None
[2022-09-07T16:29:21.492+0000] {logging_mixin.py:115} INFO - [2022-09-07T16:29:21.492+0000] {dag.py:2981} INFO - Setting next_dagrun for example_subdag_operator.section-2 to None, run_after=None
[2022-09-07T16:29:21.499+0000] {logging_mixin.py:115} INFO - [2022-09-07T16:29:21.499+0000] {dag.py:2429} INFO - Sync 2 DAGs
[2022-09-07T16:29:21.507+0000] {logging_mixin.py:115} INFO - [2022-09-07T16:29:21.507+0000] {dag.py:2981} INFO - Setting next_dagrun for example_subdag_operator.section-1 to None, run_after=None
[2022-09-07T16:29:21.509+0000] {logging_mixin.py:115} INFO - [2022-09-07T16:29:21.509+0000] {dag.py:2981} INFO - Setting next_dagrun for example_subdag_operator.section-2 to None, run_after=None
[2022-09-07T16:29:21.517+0000] {processor.py:161} INFO - Processing /home/airflow/.local/lib/python3.7/site-packages/airflow/example_dags/example_subdag_operator.py took 0.413 seconds
[2022-09-07T16:29:52.469+0000] {processor.py:153} INFO - Started process (PID=126) to work on /home/airflow/.local/lib/python3.7/site-packages/airflow/example_dags/example_subdag_operator.py
[2022-09-07T16:29:52.472+0000] {processor.py:640} INFO - Processing file /home/airflow/.local/lib/python3.7/site-packages/airflow/example_dags/example_subdag_operator.py for tasks to queue
[2022-09-07T16:29:52.475+0000] {logging_mixin.py:115} INFO - [2022-09-07T16:29:52.475+0000] {dagbag.py:508} INFO - Filling up the DagBag from /home/airflow/.local/lib/python3.7/site-packages/airflow/example_dags/example_subdag_operator.py
[2022-09-07T16:29:52.512+0000] {processor.py:650} INFO - DAG(s) dict_keys(['example_subdag_operator.section-1', 'example_subdag_operator.section-2', 'example_subdag_operator']) retrieved from /home/airflow/.local/lib/python3.7/site-packages/airflow/example_dags/example_subdag_operator.py
[2022-09-07T16:29:52.608+0000] {logging_mixin.py:115} INFO - [2022-09-07T16:29:52.608+0000] {dag.py:2429} INFO - Sync 3 DAGs
[2022-09-07T16:29:52.628+0000] {logging_mixin.py:115} INFO - [2022-09-07T16:29:52.628+0000] {dag.py:2981} INFO - Setting next_dagrun for example_subdag_operator to 2022-01-01T00:00:00+00:00, run_after=2022-01-01T00:00:00+00:00
[2022-09-07T16:29:52.630+0000] {logging_mixin.py:115} INFO - [2022-09-07T16:29:52.630+0000] {dag.py:2981} INFO - Setting next_dagrun for example_subdag_operator.section-1 to None, run_after=None
[2022-09-07T16:29:52.632+0000] {logging_mixin.py:115} INFO - [2022-09-07T16:29:52.631+0000] {dag.py:2981} INFO - Setting next_dagrun for example_subdag_operator.section-2 to None, run_after=None
[2022-09-07T16:29:52.641+0000] {logging_mixin.py:115} INFO - [2022-09-07T16:29:52.641+0000] {dag.py:2429} INFO - Sync 2 DAGs
[2022-09-07T16:29:52.646+0000] {logging_mixin.py:115} INFO - [2022-09-07T16:29:52.646+0000] {dag.py:2981} INFO - Setting next_dagrun for example_subdag_operator.section-1 to None, run_after=None
[2022-09-07T16:29:52.648+0000] {logging_mixin.py:115} INFO - [2022-09-07T16:29:52.648+0000] {dag.py:2981} INFO - Setting next_dagrun for example_subdag_operator.section-2 to None, run_after=None
[2022-09-07T16:29:52.655+0000] {processor.py:161} INFO - Processing /home/airflow/.local/lib/python3.7/site-packages/airflow/example_dags/example_subdag_operator.py took 0.189 seconds
[2022-09-07T16:30:23.637+0000] {processor.py:153} INFO - Started process (PID=186) to work on /home/airflow/.local/lib/python3.7/site-packages/airflow/example_dags/example_subdag_operator.py
[2022-09-07T16:30:23.639+0000] {processor.py:640} INFO - Processing file /home/airflow/.local/lib/python3.7/site-packages/airflow/example_dags/example_subdag_operator.py for tasks to queue
[2022-09-07T16:30:23.640+0000] {logging_mixin.py:115} INFO - [2022-09-07T16:30:23.640+0000] {dagbag.py:508} INFO - Filling up the DagBag from /home/airflow/.local/lib/python3.7/site-packages/airflow/example_dags/example_subdag_operator.py
[2022-09-07T16:30:23.660+0000] {processor.py:650} INFO - DAG(s) dict_keys(['example_subdag_operator.section-1', 'example_subdag_operator.section-2', 'example_subdag_operator']) retrieved from /home/airflow/.local/lib/python3.7/site-packages/airflow/example_dags/example_subdag_operator.py
[2022-09-07T16:30:23.747+0000] {logging_mixin.py:115} INFO - [2022-09-07T16:30:23.747+0000] {dag.py:2429} INFO - Sync 3 DAGs
[2022-09-07T16:30:23.762+0000] {logging_mixin.py:115} INFO - [2022-09-07T16:30:23.762+0000] {dag.py:2981} INFO - Setting next_dagrun for example_subdag_operator to 2022-01-01T00:00:00+00:00, run_after=2022-01-01T00:00:00+00:00
[2022-09-07T16:30:23.764+0000] {logging_mixin.py:115} INFO - [2022-09-07T16:30:23.764+0000] {dag.py:2981} INFO - Setting next_dagrun for example_subdag_operator.section-1 to None, run_after=None
[2022-09-07T16:30:23.765+0000] {logging_mixin.py:115} INFO - [2022-09-07T16:30:23.765+0000] {dag.py:2981} INFO - Setting next_dagrun for example_subdag_operator.section-2 to None, run_after=None
[2022-09-07T16:30:23.777+0000] {logging_mixin.py:115} INFO - [2022-09-07T16:30:23.777+0000] {dag.py:2429} INFO - Sync 2 DAGs
[2022-09-07T16:30:23.782+0000] {logging_mixin.py:115} INFO - [2022-09-07T16:30:23.782+0000] {dag.py:2981} INFO - Setting next_dagrun for example_subdag_operator.section-1 to None, run_after=None
[2022-09-07T16:30:23.784+0000] {logging_mixin.py:115} INFO - [2022-09-07T16:30:23.784+0000] {dag.py:2981} INFO - Setting next_dagrun for example_subdag_operator.section-2 to None, run_after=None
[2022-09-07T16:30:23.790+0000] {processor.py:161} INFO - Processing /home/airflow/.local/lib/python3.7/site-packages/airflow/example_dags/example_subdag_operator.py took 0.157 seconds
[2022-09-07T16:30:54.543+0000] {processor.py:153} INFO - Started process (PID=247) to work on /home/airflow/.local/lib/python3.7/site-packages/airflow/example_dags/example_subdag_operator.py
[2022-09-07T16:30:54.544+0000] {processor.py:640} INFO - Processing file /home/airflow/.local/lib/python3.7/site-packages/airflow/example_dags/example_subdag_operator.py for tasks to queue
[2022-09-07T16:30:54.546+0000] {logging_mixin.py:115} INFO - [2022-09-07T16:30:54.546+0000] {dagbag.py:508} INFO - Filling up the DagBag from /home/airflow/.local/lib/python3.7/site-packages/airflow/example_dags/example_subdag_operator.py
[2022-09-07T16:30:54.569+0000] {processor.py:650} INFO - DAG(s) dict_keys(['example_subdag_operator.section-1', 'example_subdag_operator.section-2', 'example_subdag_operator']) retrieved from /home/airflow/.local/lib/python3.7/site-packages/airflow/example_dags/example_subdag_operator.py
[2022-09-07T16:30:54.657+0000] {logging_mixin.py:115} INFO - [2022-09-07T16:30:54.657+0000] {dag.py:2429} INFO - Sync 3 DAGs
[2022-09-07T16:30:54.672+0000] {logging_mixin.py:115} INFO - [2022-09-07T16:30:54.672+0000] {dag.py:2981} INFO - Setting next_dagrun for example_subdag_operator to 2022-01-01T00:00:00+00:00, run_after=2022-01-01T00:00:00+00:00
[2022-09-07T16:30:54.674+0000] {logging_mixin.py:115} INFO - [2022-09-07T16:30:54.674+0000] {dag.py:2981} INFO - Setting next_dagrun for example_subdag_operator.section-1 to None, run_after=None
[2022-09-07T16:30:54.677+0000] {logging_mixin.py:115} INFO - [2022-09-07T16:30:54.677+0000] {dag.py:2981} INFO - Setting next_dagrun for example_subdag_operator.section-2 to None, run_after=None
[2022-09-07T16:30:54.683+0000] {logging_mixin.py:115} INFO - [2022-09-07T16:30:54.683+0000] {dag.py:2429} INFO - Sync 2 DAGs
[2022-09-07T16:30:54.688+0000] {logging_mixin.py:115} INFO - [2022-09-07T16:30:54.688+0000] {dag.py:2981} INFO - Setting next_dagrun for example_subdag_operator.section-1 to None, run_after=None
[2022-09-07T16:30:54.689+0000] {logging_mixin.py:115} INFO - [2022-09-07T16:30:54.689+0000] {dag.py:2981} INFO - Setting next_dagrun for example_subdag_operator.section-2 to None, run_after=None
[2022-09-07T16:30:54.695+0000] {processor.py:161} INFO - Processing /home/airflow/.local/lib/python3.7/site-packages/airflow/example_dags/example_subdag_operator.py took 0.155 seconds
[2022-09-07T16:31:25.184+0000] {processor.py:153} INFO - Started process (PID=308) to work on /home/airflow/.local/lib/python3.7/site-packages/airflow/example_dags/example_subdag_operator.py
[2022-09-07T16:31:25.186+0000] {processor.py:640} INFO - Processing file /home/airflow/.local/lib/python3.7/site-packages/airflow/example_dags/example_subdag_operator.py for tasks to queue
[2022-09-07T16:31:25.187+0000] {logging_mixin.py:115} INFO - [2022-09-07T16:31:25.187+0000] {dagbag.py:508} INFO - Filling up the DagBag from /home/airflow/.local/lib/python3.7/site-packages/airflow/example_dags/example_subdag_operator.py
[2022-09-07T16:31:25.205+0000] {processor.py:650} INFO - DAG(s) dict_keys(['example_subdag_operator.section-1', 'example_subdag_operator.section-2', 'example_subdag_operator']) retrieved from /home/airflow/.local/lib/python3.7/site-packages/airflow/example_dags/example_subdag_operator.py
[2022-09-07T16:31:25.299+0000] {logging_mixin.py:115} INFO - [2022-09-07T16:31:25.299+0000] {dag.py:2429} INFO - Sync 3 DAGs
[2022-09-07T16:31:25.314+0000] {logging_mixin.py:115} INFO - [2022-09-07T16:31:25.314+0000] {dag.py:2981} INFO - Setting next_dagrun for example_subdag_operator to 2022-01-01T00:00:00+00:00, run_after=2022-01-01T00:00:00+00:00
[2022-09-07T16:31:25.315+0000] {logging_mixin.py:115} INFO - [2022-09-07T16:31:25.315+0000] {dag.py:2981} INFO - Setting next_dagrun for example_subdag_operator.section-1 to None, run_after=None
[2022-09-07T16:31:25.317+0000] {logging_mixin.py:115} INFO - [2022-09-07T16:31:25.317+0000] {dag.py:2981} INFO - Setting next_dagrun for example_subdag_operator.section-2 to None, run_after=None
[2022-09-07T16:31:25.322+0000] {logging_mixin.py:115} INFO - [2022-09-07T16:31:25.321+0000] {dag.py:2429} INFO - Sync 2 DAGs
[2022-09-07T16:31:25.326+0000] {logging_mixin.py:115} INFO - [2022-09-07T16:31:25.325+0000] {dag.py:2981} INFO - Setting next_dagrun for example_subdag_operator.section-1 to None, run_after=None
[2022-09-07T16:31:25.327+0000] {logging_mixin.py:115} INFO - [2022-09-07T16:31:25.327+0000] {dag.py:2981} INFO - Setting next_dagrun for example_subdag_operator.section-2 to None, run_after=None
[2022-09-07T16:31:25.333+0000] {processor.py:161} INFO - Processing /home/airflow/.local/lib/python3.7/site-packages/airflow/example_dags/example_subdag_operator.py took 0.151 seconds
[2022-09-07T17:23:42.539+0000] {processor.py:153} INFO - Started process (PID=72) to work on /home/airflow/.local/lib/python3.7/site-packages/airflow/example_dags/example_subdag_operator.py
[2022-09-07T17:23:42.541+0000] {processor.py:640} INFO - Processing file /home/airflow/.local/lib/python3.7/site-packages/airflow/example_dags/example_subdag_operator.py for tasks to queue
[2022-09-07T17:23:42.543+0000] {logging_mixin.py:115} INFO - [2022-09-07T17:23:42.543+0000] {dagbag.py:508} INFO - Filling up the DagBag from /home/airflow/.local/lib/python3.7/site-packages/airflow/example_dags/example_subdag_operator.py
[2022-09-07T17:23:42.648+0000] {processor.py:650} INFO - DAG(s) dict_keys(['example_subdag_operator.section-1', 'example_subdag_operator.section-2', 'example_subdag_operator']) retrieved from /home/airflow/.local/lib/python3.7/site-packages/airflow/example_dags/example_subdag_operator.py
[2022-09-07T17:23:43.015+0000] {logging_mixin.py:115} INFO - [2022-09-07T17:23:43.014+0000] {dag.py:2429} INFO - Sync 3 DAGs
[2022-09-07T17:23:43.040+0000] {logging_mixin.py:115} INFO - [2022-09-07T17:23:43.040+0000] {dag.py:2981} INFO - Setting next_dagrun for example_subdag_operator to 2022-01-01T00:00:00+00:00, run_after=2022-01-01T00:00:00+00:00
[2022-09-07T17:23:43.041+0000] {logging_mixin.py:115} INFO - [2022-09-07T17:23:43.041+0000] {dag.py:2981} INFO - Setting next_dagrun for example_subdag_operator.section-1 to None, run_after=None
[2022-09-07T17:23:43.042+0000] {logging_mixin.py:115} INFO - [2022-09-07T17:23:43.042+0000] {dag.py:2981} INFO - Setting next_dagrun for example_subdag_operator.section-2 to None, run_after=None
[2022-09-07T17:23:43.053+0000] {logging_mixin.py:115} INFO - [2022-09-07T17:23:43.053+0000] {dag.py:2429} INFO - Sync 2 DAGs
[2022-09-07T17:23:43.060+0000] {logging_mixin.py:115} INFO - [2022-09-07T17:23:43.060+0000] {dag.py:2981} INFO - Setting next_dagrun for example_subdag_operator.section-1 to None, run_after=None
[2022-09-07T17:23:43.061+0000] {logging_mixin.py:115} INFO - [2022-09-07T17:23:43.061+0000] {dag.py:2981} INFO - Setting next_dagrun for example_subdag_operator.section-2 to None, run_after=None
[2022-09-07T17:23:43.074+0000] {processor.py:161} INFO - Processing /home/airflow/.local/lib/python3.7/site-packages/airflow/example_dags/example_subdag_operator.py took 0.540 seconds
[2022-09-07T17:24:13.737+0000] {processor.py:153} INFO - Started process (PID=124) to work on /home/airflow/.local/lib/python3.7/site-packages/airflow/example_dags/example_subdag_operator.py
[2022-09-07T17:24:13.739+0000] {processor.py:640} INFO - Processing file /home/airflow/.local/lib/python3.7/site-packages/airflow/example_dags/example_subdag_operator.py for tasks to queue
[2022-09-07T17:24:13.741+0000] {logging_mixin.py:115} INFO - [2022-09-07T17:24:13.741+0000] {dagbag.py:508} INFO - Filling up the DagBag from /home/airflow/.local/lib/python3.7/site-packages/airflow/example_dags/example_subdag_operator.py
[2022-09-07T17:24:13.764+0000] {processor.py:650} INFO - DAG(s) dict_keys(['example_subdag_operator.section-1', 'example_subdag_operator.section-2', 'example_subdag_operator']) retrieved from /home/airflow/.local/lib/python3.7/site-packages/airflow/example_dags/example_subdag_operator.py
[2022-09-07T17:24:13.856+0000] {logging_mixin.py:115} INFO - [2022-09-07T17:24:13.855+0000] {dag.py:2429} INFO - Sync 3 DAGs
[2022-09-07T17:24:13.873+0000] {logging_mixin.py:115} INFO - [2022-09-07T17:24:13.873+0000] {dag.py:2981} INFO - Setting next_dagrun for example_subdag_operator to 2022-01-01T00:00:00+00:00, run_after=2022-01-01T00:00:00+00:00
[2022-09-07T17:24:13.875+0000] {logging_mixin.py:115} INFO - [2022-09-07T17:24:13.874+0000] {dag.py:2981} INFO - Setting next_dagrun for example_subdag_operator.section-1 to None, run_after=None
[2022-09-07T17:24:13.876+0000] {logging_mixin.py:115} INFO - [2022-09-07T17:24:13.876+0000] {dag.py:2981} INFO - Setting next_dagrun for example_subdag_operator.section-2 to None, run_after=None
[2022-09-07T17:24:13.882+0000] {logging_mixin.py:115} INFO - [2022-09-07T17:24:13.882+0000] {dag.py:2429} INFO - Sync 2 DAGs
[2022-09-07T17:24:13.887+0000] {logging_mixin.py:115} INFO - [2022-09-07T17:24:13.887+0000] {dag.py:2981} INFO - Setting next_dagrun for example_subdag_operator.section-1 to None, run_after=None
[2022-09-07T17:24:13.889+0000] {logging_mixin.py:115} INFO - [2022-09-07T17:24:13.888+0000] {dag.py:2981} INFO - Setting next_dagrun for example_subdag_operator.section-2 to None, run_after=None
[2022-09-07T17:24:13.895+0000] {processor.py:161} INFO - Processing /home/airflow/.local/lib/python3.7/site-packages/airflow/example_dags/example_subdag_operator.py took 0.161 seconds
[2022-09-07T17:24:44.606+0000] {processor.py:153} INFO - Started process (PID=184) to work on /home/airflow/.local/lib/python3.7/site-packages/airflow/example_dags/example_subdag_operator.py
[2022-09-07T17:24:44.608+0000] {processor.py:640} INFO - Processing file /home/airflow/.local/lib/python3.7/site-packages/airflow/example_dags/example_subdag_operator.py for tasks to queue
[2022-09-07T17:24:44.609+0000] {logging_mixin.py:115} INFO - [2022-09-07T17:24:44.609+0000] {dagbag.py:508} INFO - Filling up the DagBag from /home/airflow/.local/lib/python3.7/site-packages/airflow/example_dags/example_subdag_operator.py
[2022-09-07T17:24:44.631+0000] {processor.py:650} INFO - DAG(s) dict_keys(['example_subdag_operator.section-1', 'example_subdag_operator.section-2', 'example_subdag_operator']) retrieved from /home/airflow/.local/lib/python3.7/site-packages/airflow/example_dags/example_subdag_operator.py
[2022-09-07T17:24:44.720+0000] {logging_mixin.py:115} INFO - [2022-09-07T17:24:44.720+0000] {dag.py:2429} INFO - Sync 3 DAGs
[2022-09-07T17:24:44.739+0000] {logging_mixin.py:115} INFO - [2022-09-07T17:24:44.739+0000] {dag.py:2981} INFO - Setting next_dagrun for example_subdag_operator to 2022-01-01T00:00:00+00:00, run_after=2022-01-01T00:00:00+00:00
[2022-09-07T17:24:44.741+0000] {logging_mixin.py:115} INFO - [2022-09-07T17:24:44.741+0000] {dag.py:2981} INFO - Setting next_dagrun for example_subdag_operator.section-1 to None, run_after=None
[2022-09-07T17:24:44.742+0000] {logging_mixin.py:115} INFO - [2022-09-07T17:24:44.742+0000] {dag.py:2981} INFO - Setting next_dagrun for example_subdag_operator.section-2 to None, run_after=None
[2022-09-07T17:24:44.750+0000] {logging_mixin.py:115} INFO - [2022-09-07T17:24:44.750+0000] {dag.py:2429} INFO - Sync 2 DAGs
[2022-09-07T17:24:44.756+0000] {logging_mixin.py:115} INFO - [2022-09-07T17:24:44.755+0000] {dag.py:2981} INFO - Setting next_dagrun for example_subdag_operator.section-1 to None, run_after=None
[2022-09-07T17:24:44.757+0000] {logging_mixin.py:115} INFO - [2022-09-07T17:24:44.757+0000] {dag.py:2981} INFO - Setting next_dagrun for example_subdag_operator.section-2 to None, run_after=None
[2022-09-07T17:24:44.765+0000] {processor.py:161} INFO - Processing /home/airflow/.local/lib/python3.7/site-packages/airflow/example_dags/example_subdag_operator.py took 0.161 seconds
