[2022-09-07T07:55:34.419+0000] {processor.py:153} INFO - Started process (PID=57) to work on /home/airflow/.local/lib/python3.7/site-packages/airflow/example_dags/tutorial.py
[2022-09-07T07:55:34.422+0000] {processor.py:640} INFO - Processing file /home/airflow/.local/lib/python3.7/site-packages/airflow/example_dags/tutorial.py for tasks to queue
[2022-09-07T07:55:34.427+0000] {logging_mixin.py:115} INFO - [2022-09-07T07:55:34.427+0000] {dagbag.py:508} INFO - Filling up the DagBag from /home/airflow/.local/lib/python3.7/site-packages/airflow/example_dags/tutorial.py
[2022-09-07T07:55:34.444+0000] {processor.py:650} INFO - DAG(s) dict_keys(['tutorial']) retrieved from /home/airflow/.local/lib/python3.7/site-packages/airflow/example_dags/tutorial.py
[2022-09-07T07:55:34.591+0000] {logging_mixin.py:115} INFO - [2022-09-07T07:55:34.591+0000] {manager.py:508} INFO - Created Permission View: can delete on DAG:tutorial
[2022-09-07T07:55:34.604+0000] {logging_mixin.py:115} INFO - [2022-09-07T07:55:34.603+0000] {manager.py:508} INFO - Created Permission View: can read on DAG:tutorial
[2022-09-07T07:55:34.615+0000] {logging_mixin.py:115} INFO - [2022-09-07T07:55:34.615+0000] {manager.py:508} INFO - Created Permission View: can edit on DAG:tutorial
[2022-09-07T07:55:34.616+0000] {logging_mixin.py:115} INFO - [2022-09-07T07:55:34.616+0000] {dag.py:2429} INFO - Sync 1 DAGs
[2022-09-07T07:55:34.632+0000] {logging_mixin.py:115} INFO - [2022-09-07T07:55:34.632+0000] {dag.py:2448} INFO - Creating ORM DAG for tutorial
[2022-09-07T07:55:34.663+0000] {logging_mixin.py:115} INFO - [2022-09-07T07:55:34.663+0000] {dag.py:2981} INFO - Setting next_dagrun for tutorial to 2022-09-06T07:55:34.663274+00:00, run_after=2022-09-07T07:55:34.663274+00:00
[2022-09-07T07:55:34.682+0000] {processor.py:161} INFO - Processing /home/airflow/.local/lib/python3.7/site-packages/airflow/example_dags/tutorial.py took 0.271 seconds
[2022-09-07T07:56:05.221+0000] {processor.py:153} INFO - Started process (PID=118) to work on /home/airflow/.local/lib/python3.7/site-packages/airflow/example_dags/tutorial.py
[2022-09-07T07:56:05.223+0000] {processor.py:640} INFO - Processing file /home/airflow/.local/lib/python3.7/site-packages/airflow/example_dags/tutorial.py for tasks to queue
[2022-09-07T07:56:05.224+0000] {logging_mixin.py:115} INFO - [2022-09-07T07:56:05.224+0000] {dagbag.py:508} INFO - Filling up the DagBag from /home/airflow/.local/lib/python3.7/site-packages/airflow/example_dags/tutorial.py
[2022-09-07T07:56:05.229+0000] {processor.py:650} INFO - DAG(s) dict_keys(['tutorial']) retrieved from /home/airflow/.local/lib/python3.7/site-packages/airflow/example_dags/tutorial.py
[2022-09-07T07:56:05.248+0000] {logging_mixin.py:115} INFO - [2022-09-07T07:56:05.248+0000] {dag.py:2429} INFO - Sync 1 DAGs
[2022-09-07T07:56:05.261+0000] {logging_mixin.py:115} INFO - [2022-09-07T07:56:05.261+0000] {dag.py:2981} INFO - Setting next_dagrun for tutorial to 2022-09-06T07:56:05.261588+00:00, run_after=2022-09-07T07:56:05.261588+00:00
[2022-09-07T07:56:05.269+0000] {processor.py:161} INFO - Processing /home/airflow/.local/lib/python3.7/site-packages/airflow/example_dags/tutorial.py took 0.050 seconds
[2022-09-07T07:56:36.090+0000] {processor.py:153} INFO - Started process (PID=179) to work on /home/airflow/.local/lib/python3.7/site-packages/airflow/example_dags/tutorial.py
[2022-09-07T07:56:36.092+0000] {processor.py:640} INFO - Processing file /home/airflow/.local/lib/python3.7/site-packages/airflow/example_dags/tutorial.py for tasks to queue
[2022-09-07T07:56:36.093+0000] {logging_mixin.py:115} INFO - [2022-09-07T07:56:36.092+0000] {dagbag.py:508} INFO - Filling up the DagBag from /home/airflow/.local/lib/python3.7/site-packages/airflow/example_dags/tutorial.py
[2022-09-07T07:56:36.097+0000] {processor.py:650} INFO - DAG(s) dict_keys(['tutorial']) retrieved from /home/airflow/.local/lib/python3.7/site-packages/airflow/example_dags/tutorial.py
[2022-09-07T07:56:36.115+0000] {logging_mixin.py:115} INFO - [2022-09-07T07:56:36.115+0000] {dag.py:2429} INFO - Sync 1 DAGs
[2022-09-07T07:56:36.129+0000] {logging_mixin.py:115} INFO - [2022-09-07T07:56:36.128+0000] {dag.py:2981} INFO - Setting next_dagrun for tutorial to 2022-09-06T07:56:36.128816+00:00, run_after=2022-09-07T07:56:36.128816+00:00
[2022-09-07T07:56:36.137+0000] {processor.py:161} INFO - Processing /home/airflow/.local/lib/python3.7/site-packages/airflow/example_dags/tutorial.py took 0.049 seconds
[2022-09-07T07:57:06.607+0000] {processor.py:153} INFO - Started process (PID=240) to work on /home/airflow/.local/lib/python3.7/site-packages/airflow/example_dags/tutorial.py
[2022-09-07T07:57:06.608+0000] {processor.py:640} INFO - Processing file /home/airflow/.local/lib/python3.7/site-packages/airflow/example_dags/tutorial.py for tasks to queue
[2022-09-07T07:57:06.609+0000] {logging_mixin.py:115} INFO - [2022-09-07T07:57:06.609+0000] {dagbag.py:508} INFO - Filling up the DagBag from /home/airflow/.local/lib/python3.7/site-packages/airflow/example_dags/tutorial.py
[2022-09-07T07:57:06.613+0000] {processor.py:650} INFO - DAG(s) dict_keys(['tutorial']) retrieved from /home/airflow/.local/lib/python3.7/site-packages/airflow/example_dags/tutorial.py
[2022-09-07T07:57:06.630+0000] {logging_mixin.py:115} INFO - [2022-09-07T07:57:06.629+0000] {dag.py:2429} INFO - Sync 1 DAGs
[2022-09-07T07:57:06.643+0000] {logging_mixin.py:115} INFO - [2022-09-07T07:57:06.643+0000] {dag.py:2981} INFO - Setting next_dagrun for tutorial to 2022-09-06T07:57:06.643293+00:00, run_after=2022-09-07T07:57:06.643293+00:00
[2022-09-07T07:57:06.652+0000] {processor.py:161} INFO - Processing /home/airflow/.local/lib/python3.7/site-packages/airflow/example_dags/tutorial.py took 0.047 seconds
[2022-09-07T07:57:37.256+0000] {processor.py:153} INFO - Started process (PID=301) to work on /home/airflow/.local/lib/python3.7/site-packages/airflow/example_dags/tutorial.py
[2022-09-07T07:57:37.257+0000] {processor.py:640} INFO - Processing file /home/airflow/.local/lib/python3.7/site-packages/airflow/example_dags/tutorial.py for tasks to queue
[2022-09-07T07:57:37.258+0000] {logging_mixin.py:115} INFO - [2022-09-07T07:57:37.258+0000] {dagbag.py:508} INFO - Filling up the DagBag from /home/airflow/.local/lib/python3.7/site-packages/airflow/example_dags/tutorial.py
[2022-09-07T07:57:37.263+0000] {processor.py:650} INFO - DAG(s) dict_keys(['tutorial']) retrieved from /home/airflow/.local/lib/python3.7/site-packages/airflow/example_dags/tutorial.py
[2022-09-07T07:57:37.280+0000] {logging_mixin.py:115} INFO - [2022-09-07T07:57:37.280+0000] {dag.py:2429} INFO - Sync 1 DAGs
[2022-09-07T07:57:37.294+0000] {logging_mixin.py:115} INFO - [2022-09-07T07:57:37.294+0000] {dag.py:2981} INFO - Setting next_dagrun for tutorial to 2022-09-06T07:57:37.294647+00:00, run_after=2022-09-07T07:57:37.294647+00:00
[2022-09-07T07:57:37.303+0000] {processor.py:161} INFO - Processing /home/airflow/.local/lib/python3.7/site-packages/airflow/example_dags/tutorial.py took 0.050 seconds
[2022-09-07T07:58:08.205+0000] {processor.py:153} INFO - Started process (PID=361) to work on /home/airflow/.local/lib/python3.7/site-packages/airflow/example_dags/tutorial.py
[2022-09-07T07:58:08.208+0000] {processor.py:640} INFO - Processing file /home/airflow/.local/lib/python3.7/site-packages/airflow/example_dags/tutorial.py for tasks to queue
[2022-09-07T07:58:08.211+0000] {logging_mixin.py:115} INFO - [2022-09-07T07:58:08.210+0000] {dagbag.py:508} INFO - Filling up the DagBag from /home/airflow/.local/lib/python3.7/site-packages/airflow/example_dags/tutorial.py
[2022-09-07T07:58:08.216+0000] {processor.py:650} INFO - DAG(s) dict_keys(['tutorial']) retrieved from /home/airflow/.local/lib/python3.7/site-packages/airflow/example_dags/tutorial.py
[2022-09-07T07:58:08.242+0000] {logging_mixin.py:115} INFO - [2022-09-07T07:58:08.242+0000] {dag.py:2429} INFO - Sync 1 DAGs
[2022-09-07T07:58:08.274+0000] {logging_mixin.py:115} INFO - [2022-09-07T07:58:08.273+0000] {dag.py:2981} INFO - Setting next_dagrun for tutorial to 2022-09-06T07:58:08.273741+00:00, run_after=2022-09-07T07:58:08.273741+00:00
[2022-09-07T07:58:08.286+0000] {processor.py:161} INFO - Processing /home/airflow/.local/lib/python3.7/site-packages/airflow/example_dags/tutorial.py took 0.085 seconds
[2022-09-07T07:58:38.337+0000] {processor.py:153} INFO - Started process (PID=412) to work on /home/airflow/.local/lib/python3.7/site-packages/airflow/example_dags/tutorial.py
[2022-09-07T07:58:38.339+0000] {processor.py:640} INFO - Processing file /home/airflow/.local/lib/python3.7/site-packages/airflow/example_dags/tutorial.py for tasks to queue
[2022-09-07T07:58:38.340+0000] {logging_mixin.py:115} INFO - [2022-09-07T07:58:38.340+0000] {dagbag.py:508} INFO - Filling up the DagBag from /home/airflow/.local/lib/python3.7/site-packages/airflow/example_dags/tutorial.py
[2022-09-07T07:58:38.344+0000] {processor.py:650} INFO - DAG(s) dict_keys(['tutorial']) retrieved from /home/airflow/.local/lib/python3.7/site-packages/airflow/example_dags/tutorial.py
[2022-09-07T07:58:38.363+0000] {logging_mixin.py:115} INFO - [2022-09-07T07:58:38.363+0000] {dag.py:2429} INFO - Sync 1 DAGs
[2022-09-07T07:58:38.378+0000] {logging_mixin.py:115} INFO - [2022-09-07T07:58:38.378+0000] {dag.py:2981} INFO - Setting next_dagrun for tutorial to 2022-09-06T07:58:38.378563+00:00, run_after=2022-09-07T07:58:38.378563+00:00
[2022-09-07T07:58:38.394+0000] {processor.py:161} INFO - Processing /home/airflow/.local/lib/python3.7/site-packages/airflow/example_dags/tutorial.py took 0.059 seconds
[2022-09-07T07:59:09.308+0000] {processor.py:153} INFO - Started process (PID=473) to work on /home/airflow/.local/lib/python3.7/site-packages/airflow/example_dags/tutorial.py
[2022-09-07T07:59:09.310+0000] {processor.py:640} INFO - Processing file /home/airflow/.local/lib/python3.7/site-packages/airflow/example_dags/tutorial.py for tasks to queue
[2022-09-07T07:59:09.311+0000] {logging_mixin.py:115} INFO - [2022-09-07T07:59:09.311+0000] {dagbag.py:508} INFO - Filling up the DagBag from /home/airflow/.local/lib/python3.7/site-packages/airflow/example_dags/tutorial.py
[2022-09-07T07:59:09.317+0000] {processor.py:650} INFO - DAG(s) dict_keys(['tutorial']) retrieved from /home/airflow/.local/lib/python3.7/site-packages/airflow/example_dags/tutorial.py
[2022-09-07T07:59:09.337+0000] {logging_mixin.py:115} INFO - [2022-09-07T07:59:09.336+0000] {dag.py:2429} INFO - Sync 1 DAGs
[2022-09-07T07:59:09.351+0000] {logging_mixin.py:115} INFO - [2022-09-07T07:59:09.351+0000] {dag.py:2981} INFO - Setting next_dagrun for tutorial to 2022-09-06T07:59:09.350902+00:00, run_after=2022-09-07T07:59:09.350902+00:00
[2022-09-07T07:59:09.359+0000] {processor.py:161} INFO - Processing /home/airflow/.local/lib/python3.7/site-packages/airflow/example_dags/tutorial.py took 0.053 seconds
[2022-09-07T07:59:40.137+0000] {processor.py:153} INFO - Started process (PID=533) to work on /home/airflow/.local/lib/python3.7/site-packages/airflow/example_dags/tutorial.py
[2022-09-07T07:59:40.138+0000] {processor.py:640} INFO - Processing file /home/airflow/.local/lib/python3.7/site-packages/airflow/example_dags/tutorial.py for tasks to queue
[2022-09-07T07:59:40.139+0000] {logging_mixin.py:115} INFO - [2022-09-07T07:59:40.139+0000] {dagbag.py:508} INFO - Filling up the DagBag from /home/airflow/.local/lib/python3.7/site-packages/airflow/example_dags/tutorial.py
[2022-09-07T07:59:40.144+0000] {processor.py:650} INFO - DAG(s) dict_keys(['tutorial']) retrieved from /home/airflow/.local/lib/python3.7/site-packages/airflow/example_dags/tutorial.py
[2022-09-07T07:59:40.164+0000] {logging_mixin.py:115} INFO - [2022-09-07T07:59:40.164+0000] {dag.py:2429} INFO - Sync 1 DAGs
[2022-09-07T07:59:40.178+0000] {logging_mixin.py:115} INFO - [2022-09-07T07:59:40.178+0000] {dag.py:2981} INFO - Setting next_dagrun for tutorial to 2022-09-06T07:59:40.178124+00:00, run_after=2022-09-07T07:59:40.178124+00:00
[2022-09-07T07:59:40.186+0000] {processor.py:161} INFO - Processing /home/airflow/.local/lib/python3.7/site-packages/airflow/example_dags/tutorial.py took 0.051 seconds
[2022-09-07T08:00:11.000+0000] {processor.py:153} INFO - Started process (PID=594) to work on /home/airflow/.local/lib/python3.7/site-packages/airflow/example_dags/tutorial.py
[2022-09-07T08:00:11.002+0000] {processor.py:640} INFO - Processing file /home/airflow/.local/lib/python3.7/site-packages/airflow/example_dags/tutorial.py for tasks to queue
[2022-09-07T08:00:11.003+0000] {logging_mixin.py:115} INFO - [2022-09-07T08:00:11.003+0000] {dagbag.py:508} INFO - Filling up the DagBag from /home/airflow/.local/lib/python3.7/site-packages/airflow/example_dags/tutorial.py
[2022-09-07T08:00:11.007+0000] {processor.py:650} INFO - DAG(s) dict_keys(['tutorial']) retrieved from /home/airflow/.local/lib/python3.7/site-packages/airflow/example_dags/tutorial.py
[2022-09-07T08:00:11.022+0000] {logging_mixin.py:115} INFO - [2022-09-07T08:00:11.022+0000] {dag.py:2429} INFO - Sync 1 DAGs
[2022-09-07T08:00:11.035+0000] {logging_mixin.py:115} INFO - [2022-09-07T08:00:11.035+0000] {dag.py:2981} INFO - Setting next_dagrun for tutorial to 2022-09-06T08:00:11.035137+00:00, run_after=2022-09-07T08:00:11.035137+00:00
[2022-09-07T08:00:11.044+0000] {processor.py:161} INFO - Processing /home/airflow/.local/lib/python3.7/site-packages/airflow/example_dags/tutorial.py took 0.046 seconds
[2022-09-07T08:00:41.920+0000] {processor.py:153} INFO - Started process (PID=970) to work on /home/airflow/.local/lib/python3.7/site-packages/airflow/example_dags/tutorial.py
[2022-09-07T08:00:41.922+0000] {processor.py:640} INFO - Processing file /home/airflow/.local/lib/python3.7/site-packages/airflow/example_dags/tutorial.py for tasks to queue
[2022-09-07T08:00:41.923+0000] {logging_mixin.py:115} INFO - [2022-09-07T08:00:41.923+0000] {dagbag.py:508} INFO - Filling up the DagBag from /home/airflow/.local/lib/python3.7/site-packages/airflow/example_dags/tutorial.py
[2022-09-07T08:00:41.928+0000] {processor.py:650} INFO - DAG(s) dict_keys(['tutorial']) retrieved from /home/airflow/.local/lib/python3.7/site-packages/airflow/example_dags/tutorial.py
[2022-09-07T08:00:41.946+0000] {logging_mixin.py:115} INFO - [2022-09-07T08:00:41.946+0000] {dag.py:2429} INFO - Sync 1 DAGs
[2022-09-07T08:00:41.961+0000] {logging_mixin.py:115} INFO - [2022-09-07T08:00:41.961+0000] {dag.py:2981} INFO - Setting next_dagrun for tutorial to 2022-09-06T08:00:41.961632+00:00, run_after=2022-09-07T08:00:41.961632+00:00
[2022-09-07T08:00:41.975+0000] {processor.py:161} INFO - Processing /home/airflow/.local/lib/python3.7/site-packages/airflow/example_dags/tutorial.py took 0.060 seconds
[2022-09-07T08:01:12.610+0000] {processor.py:153} INFO - Started process (PID=2114) to work on /home/airflow/.local/lib/python3.7/site-packages/airflow/example_dags/tutorial.py
[2022-09-07T08:01:12.612+0000] {processor.py:640} INFO - Processing file /home/airflow/.local/lib/python3.7/site-packages/airflow/example_dags/tutorial.py for tasks to queue
[2022-09-07T08:01:12.613+0000] {logging_mixin.py:115} INFO - [2022-09-07T08:01:12.613+0000] {dagbag.py:508} INFO - Filling up the DagBag from /home/airflow/.local/lib/python3.7/site-packages/airflow/example_dags/tutorial.py
[2022-09-07T08:01:12.621+0000] {processor.py:650} INFO - DAG(s) dict_keys(['tutorial']) retrieved from /home/airflow/.local/lib/python3.7/site-packages/airflow/example_dags/tutorial.py
[2022-09-07T08:01:12.641+0000] {logging_mixin.py:115} INFO - [2022-09-07T08:01:12.641+0000] {dag.py:2429} INFO - Sync 1 DAGs
[2022-09-07T08:01:12.658+0000] {logging_mixin.py:115} INFO - [2022-09-07T08:01:12.658+0000] {dag.py:2981} INFO - Setting next_dagrun for tutorial to 2022-09-06T08:01:12.658577+00:00, run_after=2022-09-07T08:01:12.658577+00:00
[2022-09-07T08:01:12.669+0000] {processor.py:161} INFO - Processing /home/airflow/.local/lib/python3.7/site-packages/airflow/example_dags/tutorial.py took 0.063 seconds
[2022-09-07T08:01:43.397+0000] {processor.py:153} INFO - Started process (PID=2346) to work on /home/airflow/.local/lib/python3.7/site-packages/airflow/example_dags/tutorial.py
[2022-09-07T08:01:43.398+0000] {processor.py:640} INFO - Processing file /home/airflow/.local/lib/python3.7/site-packages/airflow/example_dags/tutorial.py for tasks to queue
[2022-09-07T08:01:43.400+0000] {logging_mixin.py:115} INFO - [2022-09-07T08:01:43.400+0000] {dagbag.py:508} INFO - Filling up the DagBag from /home/airflow/.local/lib/python3.7/site-packages/airflow/example_dags/tutorial.py
[2022-09-07T08:01:43.405+0000] {processor.py:650} INFO - DAG(s) dict_keys(['tutorial']) retrieved from /home/airflow/.local/lib/python3.7/site-packages/airflow/example_dags/tutorial.py
[2022-09-07T08:01:43.421+0000] {logging_mixin.py:115} INFO - [2022-09-07T08:01:43.421+0000] {dag.py:2429} INFO - Sync 1 DAGs
[2022-09-07T08:01:43.436+0000] {logging_mixin.py:115} INFO - [2022-09-07T08:01:43.436+0000] {dag.py:2981} INFO - Setting next_dagrun for tutorial to 2022-09-06T08:01:43.436417+00:00, run_after=2022-09-07T08:01:43.436417+00:00
[2022-09-07T08:01:43.444+0000] {processor.py:161} INFO - Processing /home/airflow/.local/lib/python3.7/site-packages/airflow/example_dags/tutorial.py took 0.049 seconds
[2022-09-07T08:02:14.217+0000] {processor.py:153} INFO - Started process (PID=2408) to work on /home/airflow/.local/lib/python3.7/site-packages/airflow/example_dags/tutorial.py
[2022-09-07T08:02:14.219+0000] {processor.py:640} INFO - Processing file /home/airflow/.local/lib/python3.7/site-packages/airflow/example_dags/tutorial.py for tasks to queue
[2022-09-07T08:02:14.220+0000] {logging_mixin.py:115} INFO - [2022-09-07T08:02:14.220+0000] {dagbag.py:508} INFO - Filling up the DagBag from /home/airflow/.local/lib/python3.7/site-packages/airflow/example_dags/tutorial.py
[2022-09-07T08:02:14.225+0000] {processor.py:650} INFO - DAG(s) dict_keys(['tutorial']) retrieved from /home/airflow/.local/lib/python3.7/site-packages/airflow/example_dags/tutorial.py
[2022-09-07T08:02:14.244+0000] {logging_mixin.py:115} INFO - [2022-09-07T08:02:14.244+0000] {dag.py:2429} INFO - Sync 1 DAGs
[2022-09-07T08:02:14.259+0000] {logging_mixin.py:115} INFO - [2022-09-07T08:02:14.259+0000] {dag.py:2981} INFO - Setting next_dagrun for tutorial to 2022-09-06T08:02:14.259207+00:00, run_after=2022-09-07T08:02:14.259207+00:00
[2022-09-07T08:02:14.267+0000] {processor.py:161} INFO - Processing /home/airflow/.local/lib/python3.7/site-packages/airflow/example_dags/tutorial.py took 0.053 seconds
[2022-09-07T08:02:45.095+0000] {processor.py:153} INFO - Started process (PID=2468) to work on /home/airflow/.local/lib/python3.7/site-packages/airflow/example_dags/tutorial.py
[2022-09-07T08:02:45.097+0000] {processor.py:640} INFO - Processing file /home/airflow/.local/lib/python3.7/site-packages/airflow/example_dags/tutorial.py for tasks to queue
[2022-09-07T08:02:45.098+0000] {logging_mixin.py:115} INFO - [2022-09-07T08:02:45.097+0000] {dagbag.py:508} INFO - Filling up the DagBag from /home/airflow/.local/lib/python3.7/site-packages/airflow/example_dags/tutorial.py
[2022-09-07T08:02:45.102+0000] {processor.py:650} INFO - DAG(s) dict_keys(['tutorial']) retrieved from /home/airflow/.local/lib/python3.7/site-packages/airflow/example_dags/tutorial.py
[2022-09-07T08:02:45.122+0000] {logging_mixin.py:115} INFO - [2022-09-07T08:02:45.122+0000] {dag.py:2429} INFO - Sync 1 DAGs
[2022-09-07T08:02:45.136+0000] {logging_mixin.py:115} INFO - [2022-09-07T08:02:45.135+0000] {dag.py:2981} INFO - Setting next_dagrun for tutorial to 2022-09-06T08:02:45.135811+00:00, run_after=2022-09-07T08:02:45.135811+00:00
[2022-09-07T08:02:45.144+0000] {processor.py:161} INFO - Processing /home/airflow/.local/lib/python3.7/site-packages/airflow/example_dags/tutorial.py took 0.051 seconds
[2022-09-07T08:03:15.818+0000] {processor.py:153} INFO - Started process (PID=2528) to work on /home/airflow/.local/lib/python3.7/site-packages/airflow/example_dags/tutorial.py
[2022-09-07T08:03:15.820+0000] {processor.py:640} INFO - Processing file /home/airflow/.local/lib/python3.7/site-packages/airflow/example_dags/tutorial.py for tasks to queue
[2022-09-07T08:03:15.821+0000] {logging_mixin.py:115} INFO - [2022-09-07T08:03:15.821+0000] {dagbag.py:508} INFO - Filling up the DagBag from /home/airflow/.local/lib/python3.7/site-packages/airflow/example_dags/tutorial.py
[2022-09-07T08:03:15.825+0000] {processor.py:650} INFO - DAG(s) dict_keys(['tutorial']) retrieved from /home/airflow/.local/lib/python3.7/site-packages/airflow/example_dags/tutorial.py
[2022-09-07T08:03:15.844+0000] {logging_mixin.py:115} INFO - [2022-09-07T08:03:15.843+0000] {dag.py:2429} INFO - Sync 1 DAGs
[2022-09-07T08:03:15.857+0000] {logging_mixin.py:115} INFO - [2022-09-07T08:03:15.857+0000] {dag.py:2981} INFO - Setting next_dagrun for tutorial to 2022-09-06T08:03:15.857490+00:00, run_after=2022-09-07T08:03:15.857490+00:00
[2022-09-07T08:03:15.865+0000] {processor.py:161} INFO - Processing /home/airflow/.local/lib/python3.7/site-packages/airflow/example_dags/tutorial.py took 0.049 seconds
[2022-09-07T08:03:46.597+0000] {processor.py:153} INFO - Started process (PID=2589) to work on /home/airflow/.local/lib/python3.7/site-packages/airflow/example_dags/tutorial.py
[2022-09-07T08:03:46.598+0000] {processor.py:640} INFO - Processing file /home/airflow/.local/lib/python3.7/site-packages/airflow/example_dags/tutorial.py for tasks to queue
[2022-09-07T08:03:46.599+0000] {logging_mixin.py:115} INFO - [2022-09-07T08:03:46.599+0000] {dagbag.py:508} INFO - Filling up the DagBag from /home/airflow/.local/lib/python3.7/site-packages/airflow/example_dags/tutorial.py
[2022-09-07T08:03:46.604+0000] {processor.py:650} INFO - DAG(s) dict_keys(['tutorial']) retrieved from /home/airflow/.local/lib/python3.7/site-packages/airflow/example_dags/tutorial.py
[2022-09-07T08:03:46.625+0000] {logging_mixin.py:115} INFO - [2022-09-07T08:03:46.625+0000] {dag.py:2429} INFO - Sync 1 DAGs
[2022-09-07T08:03:46.640+0000] {logging_mixin.py:115} INFO - [2022-09-07T08:03:46.640+0000] {dag.py:2981} INFO - Setting next_dagrun for tutorial to 2022-09-06T08:03:46.640036+00:00, run_after=2022-09-07T08:03:46.640036+00:00
[2022-09-07T08:03:46.649+0000] {processor.py:161} INFO - Processing /home/airflow/.local/lib/python3.7/site-packages/airflow/example_dags/tutorial.py took 0.055 seconds
[2022-09-07T08:04:17.302+0000] {processor.py:153} INFO - Started process (PID=2650) to work on /home/airflow/.local/lib/python3.7/site-packages/airflow/example_dags/tutorial.py
[2022-09-07T08:04:17.304+0000] {processor.py:640} INFO - Processing file /home/airflow/.local/lib/python3.7/site-packages/airflow/example_dags/tutorial.py for tasks to queue
[2022-09-07T08:04:17.306+0000] {logging_mixin.py:115} INFO - [2022-09-07T08:04:17.306+0000] {dagbag.py:508} INFO - Filling up the DagBag from /home/airflow/.local/lib/python3.7/site-packages/airflow/example_dags/tutorial.py
[2022-09-07T08:04:17.310+0000] {processor.py:650} INFO - DAG(s) dict_keys(['tutorial']) retrieved from /home/airflow/.local/lib/python3.7/site-packages/airflow/example_dags/tutorial.py
[2022-09-07T08:04:17.330+0000] {logging_mixin.py:115} INFO - [2022-09-07T08:04:17.330+0000] {dag.py:2429} INFO - Sync 1 DAGs
[2022-09-07T08:04:17.344+0000] {logging_mixin.py:115} INFO - [2022-09-07T08:04:17.344+0000] {dag.py:2981} INFO - Setting next_dagrun for tutorial to 2022-09-06T08:04:17.344120+00:00, run_after=2022-09-07T08:04:17.344120+00:00
[2022-09-07T08:04:17.352+0000] {processor.py:161} INFO - Processing /home/airflow/.local/lib/python3.7/site-packages/airflow/example_dags/tutorial.py took 0.054 seconds
[2022-09-07T16:21:02.024+0000] {processor.py:153} INFO - Started process (PID=74) to work on /home/airflow/.local/lib/python3.7/site-packages/airflow/example_dags/tutorial.py
[2022-09-07T16:21:02.026+0000] {processor.py:640} INFO - Processing file /home/airflow/.local/lib/python3.7/site-packages/airflow/example_dags/tutorial.py for tasks to queue
[2022-09-07T16:21:02.028+0000] {logging_mixin.py:115} INFO - [2022-09-07T16:21:02.027+0000] {dagbag.py:508} INFO - Filling up the DagBag from /home/airflow/.local/lib/python3.7/site-packages/airflow/example_dags/tutorial.py
[2022-09-07T16:21:02.032+0000] {processor.py:650} INFO - DAG(s) dict_keys(['tutorial']) retrieved from /home/airflow/.local/lib/python3.7/site-packages/airflow/example_dags/tutorial.py
[2022-09-07T16:21:02.053+0000] {logging_mixin.py:115} INFO - [2022-09-07T16:21:02.053+0000] {dag.py:2429} INFO - Sync 1 DAGs
[2022-09-07T16:21:02.069+0000] {logging_mixin.py:115} INFO - [2022-09-07T16:21:02.069+0000] {dag.py:2981} INFO - Setting next_dagrun for tutorial to 2022-09-06T16:21:02.069705+00:00, run_after=2022-09-07T16:21:02.069705+00:00
[2022-09-07T16:21:02.080+0000] {processor.py:161} INFO - Processing /home/airflow/.local/lib/python3.7/site-packages/airflow/example_dags/tutorial.py took 0.058 seconds
[2022-09-07T16:21:32.639+0000] {processor.py:153} INFO - Started process (PID=134) to work on /home/airflow/.local/lib/python3.7/site-packages/airflow/example_dags/tutorial.py
[2022-09-07T16:21:32.642+0000] {processor.py:640} INFO - Processing file /home/airflow/.local/lib/python3.7/site-packages/airflow/example_dags/tutorial.py for tasks to queue
[2022-09-07T16:21:32.644+0000] {logging_mixin.py:115} INFO - [2022-09-07T16:21:32.644+0000] {dagbag.py:508} INFO - Filling up the DagBag from /home/airflow/.local/lib/python3.7/site-packages/airflow/example_dags/tutorial.py
[2022-09-07T16:21:32.649+0000] {processor.py:650} INFO - DAG(s) dict_keys(['tutorial']) retrieved from /home/airflow/.local/lib/python3.7/site-packages/airflow/example_dags/tutorial.py
[2022-09-07T16:21:32.670+0000] {logging_mixin.py:115} INFO - [2022-09-07T16:21:32.670+0000] {dag.py:2429} INFO - Sync 1 DAGs
[2022-09-07T16:21:32.686+0000] {logging_mixin.py:115} INFO - [2022-09-07T16:21:32.686+0000] {dag.py:2981} INFO - Setting next_dagrun for tutorial to 2022-09-06T16:21:32.686668+00:00, run_after=2022-09-07T16:21:32.686668+00:00
[2022-09-07T16:21:32.696+0000] {processor.py:161} INFO - Processing /home/airflow/.local/lib/python3.7/site-packages/airflow/example_dags/tutorial.py took 0.059 seconds
[2022-09-07T16:22:03.698+0000] {processor.py:153} INFO - Started process (PID=602) to work on /home/airflow/.local/lib/python3.7/site-packages/airflow/example_dags/tutorial.py
[2022-09-07T16:22:03.700+0000] {processor.py:640} INFO - Processing file /home/airflow/.local/lib/python3.7/site-packages/airflow/example_dags/tutorial.py for tasks to queue
[2022-09-07T16:22:03.702+0000] {logging_mixin.py:115} INFO - [2022-09-07T16:22:03.702+0000] {dagbag.py:508} INFO - Filling up the DagBag from /home/airflow/.local/lib/python3.7/site-packages/airflow/example_dags/tutorial.py
[2022-09-07T16:22:03.706+0000] {processor.py:650} INFO - DAG(s) dict_keys(['tutorial']) retrieved from /home/airflow/.local/lib/python3.7/site-packages/airflow/example_dags/tutorial.py
[2022-09-07T16:22:03.727+0000] {logging_mixin.py:115} INFO - [2022-09-07T16:22:03.727+0000] {dag.py:2429} INFO - Sync 1 DAGs
[2022-09-07T16:22:03.742+0000] {logging_mixin.py:115} INFO - [2022-09-07T16:22:03.742+0000] {dag.py:2981} INFO - Setting next_dagrun for tutorial to 2022-09-06T16:22:03.742494+00:00, run_after=2022-09-07T16:22:03.742494+00:00
[2022-09-07T16:22:03.753+0000] {processor.py:161} INFO - Processing /home/airflow/.local/lib/python3.7/site-packages/airflow/example_dags/tutorial.py took 0.057 seconds
[2022-09-07T16:22:34.486+0000] {processor.py:153} INFO - Started process (PID=1299) to work on /home/airflow/.local/lib/python3.7/site-packages/airflow/example_dags/tutorial.py
[2022-09-07T16:22:34.488+0000] {processor.py:640} INFO - Processing file /home/airflow/.local/lib/python3.7/site-packages/airflow/example_dags/tutorial.py for tasks to queue
[2022-09-07T16:22:34.489+0000] {logging_mixin.py:115} INFO - [2022-09-07T16:22:34.489+0000] {dagbag.py:508} INFO - Filling up the DagBag from /home/airflow/.local/lib/python3.7/site-packages/airflow/example_dags/tutorial.py
[2022-09-07T16:22:34.493+0000] {processor.py:650} INFO - DAG(s) dict_keys(['tutorial']) retrieved from /home/airflow/.local/lib/python3.7/site-packages/airflow/example_dags/tutorial.py
[2022-09-07T16:22:34.513+0000] {logging_mixin.py:115} INFO - [2022-09-07T16:22:34.513+0000] {dag.py:2429} INFO - Sync 1 DAGs
[2022-09-07T16:22:34.529+0000] {logging_mixin.py:115} INFO - [2022-09-07T16:22:34.529+0000] {dag.py:2981} INFO - Setting next_dagrun for tutorial to 2022-09-06T16:22:34.529313+00:00, run_after=2022-09-07T16:22:34.529313+00:00
[2022-09-07T16:22:34.539+0000] {processor.py:161} INFO - Processing /home/airflow/.local/lib/python3.7/site-packages/airflow/example_dags/tutorial.py took 0.055 seconds
[2022-09-07T16:23:05.281+0000] {processor.py:153} INFO - Started process (PID=1846) to work on /home/airflow/.local/lib/python3.7/site-packages/airflow/example_dags/tutorial.py
[2022-09-07T16:23:05.294+0000] {processor.py:640} INFO - Processing file /home/airflow/.local/lib/python3.7/site-packages/airflow/example_dags/tutorial.py for tasks to queue
[2022-09-07T16:23:05.295+0000] {logging_mixin.py:115} INFO - [2022-09-07T16:23:05.295+0000] {dagbag.py:508} INFO - Filling up the DagBag from /home/airflow/.local/lib/python3.7/site-packages/airflow/example_dags/tutorial.py
[2022-09-07T16:23:05.299+0000] {processor.py:650} INFO - DAG(s) dict_keys(['tutorial']) retrieved from /home/airflow/.local/lib/python3.7/site-packages/airflow/example_dags/tutorial.py
[2022-09-07T16:23:05.319+0000] {logging_mixin.py:115} INFO - [2022-09-07T16:23:05.319+0000] {dag.py:2429} INFO - Sync 1 DAGs
[2022-09-07T16:23:05.337+0000] {logging_mixin.py:115} INFO - [2022-09-07T16:23:05.336+0000] {dag.py:2981} INFO - Setting next_dagrun for tutorial to 2022-09-06T16:23:05.336792+00:00, run_after=2022-09-07T16:23:05.336792+00:00
[2022-09-07T16:23:05.346+0000] {processor.py:161} INFO - Processing /home/airflow/.local/lib/python3.7/site-packages/airflow/example_dags/tutorial.py took 0.068 seconds
[2022-09-07T16:23:36.028+0000] {processor.py:153} INFO - Started process (PID=2199) to work on /home/airflow/.local/lib/python3.7/site-packages/airflow/example_dags/tutorial.py
[2022-09-07T16:23:36.030+0000] {processor.py:640} INFO - Processing file /home/airflow/.local/lib/python3.7/site-packages/airflow/example_dags/tutorial.py for tasks to queue
[2022-09-07T16:23:36.031+0000] {logging_mixin.py:115} INFO - [2022-09-07T16:23:36.031+0000] {dagbag.py:508} INFO - Filling up the DagBag from /home/airflow/.local/lib/python3.7/site-packages/airflow/example_dags/tutorial.py
[2022-09-07T16:23:36.036+0000] {processor.py:650} INFO - DAG(s) dict_keys(['tutorial']) retrieved from /home/airflow/.local/lib/python3.7/site-packages/airflow/example_dags/tutorial.py
[2022-09-07T16:23:36.054+0000] {logging_mixin.py:115} INFO - [2022-09-07T16:23:36.054+0000] {dag.py:2429} INFO - Sync 1 DAGs
[2022-09-07T16:23:36.067+0000] {logging_mixin.py:115} INFO - [2022-09-07T16:23:36.067+0000] {dag.py:2981} INFO - Setting next_dagrun for tutorial to 2022-09-06T16:23:36.067629+00:00, run_after=2022-09-07T16:23:36.067629+00:00
[2022-09-07T16:23:36.076+0000] {processor.py:161} INFO - Processing /home/airflow/.local/lib/python3.7/site-packages/airflow/example_dags/tutorial.py took 0.050 seconds
[2022-09-07T16:24:06.654+0000] {processor.py:153} INFO - Started process (PID=2583) to work on /home/airflow/.local/lib/python3.7/site-packages/airflow/example_dags/tutorial.py
[2022-09-07T16:24:06.656+0000] {processor.py:640} INFO - Processing file /home/airflow/.local/lib/python3.7/site-packages/airflow/example_dags/tutorial.py for tasks to queue
[2022-09-07T16:24:06.658+0000] {logging_mixin.py:115} INFO - [2022-09-07T16:24:06.657+0000] {dagbag.py:508} INFO - Filling up the DagBag from /home/airflow/.local/lib/python3.7/site-packages/airflow/example_dags/tutorial.py
[2022-09-07T16:24:06.662+0000] {processor.py:650} INFO - DAG(s) dict_keys(['tutorial']) retrieved from /home/airflow/.local/lib/python3.7/site-packages/airflow/example_dags/tutorial.py
[2022-09-07T16:24:06.680+0000] {logging_mixin.py:115} INFO - [2022-09-07T16:24:06.680+0000] {dag.py:2429} INFO - Sync 1 DAGs
[2022-09-07T16:24:06.695+0000] {logging_mixin.py:115} INFO - [2022-09-07T16:24:06.695+0000] {dag.py:2981} INFO - Setting next_dagrun for tutorial to 2022-09-06T16:24:06.694897+00:00, run_after=2022-09-07T16:24:06.694897+00:00
[2022-09-07T16:24:06.705+0000] {processor.py:161} INFO - Processing /home/airflow/.local/lib/python3.7/site-packages/airflow/example_dags/tutorial.py took 0.053 seconds
[2022-09-07T16:24:37.365+0000] {processor.py:153} INFO - Started process (PID=2943) to work on /home/airflow/.local/lib/python3.7/site-packages/airflow/example_dags/tutorial.py
[2022-09-07T16:24:37.369+0000] {processor.py:640} INFO - Processing file /home/airflow/.local/lib/python3.7/site-packages/airflow/example_dags/tutorial.py for tasks to queue
[2022-09-07T16:24:37.370+0000] {logging_mixin.py:115} INFO - [2022-09-07T16:24:37.370+0000] {dagbag.py:508} INFO - Filling up the DagBag from /home/airflow/.local/lib/python3.7/site-packages/airflow/example_dags/tutorial.py
[2022-09-07T16:24:37.374+0000] {processor.py:650} INFO - DAG(s) dict_keys(['tutorial']) retrieved from /home/airflow/.local/lib/python3.7/site-packages/airflow/example_dags/tutorial.py
[2022-09-07T16:24:37.394+0000] {logging_mixin.py:115} INFO - [2022-09-07T16:24:37.394+0000] {dag.py:2429} INFO - Sync 1 DAGs
[2022-09-07T16:24:37.408+0000] {logging_mixin.py:115} INFO - [2022-09-07T16:24:37.408+0000] {dag.py:2981} INFO - Setting next_dagrun for tutorial to 2022-09-06T16:24:37.407857+00:00, run_after=2022-09-07T16:24:37.407857+00:00
[2022-09-07T16:24:37.415+0000] {processor.py:161} INFO - Processing /home/airflow/.local/lib/python3.7/site-packages/airflow/example_dags/tutorial.py took 0.053 seconds
[2022-09-07T16:25:07.512+0000] {processor.py:153} INFO - Started process (PID=3258) to work on /home/airflow/.local/lib/python3.7/site-packages/airflow/example_dags/tutorial.py
[2022-09-07T16:25:07.514+0000] {processor.py:640} INFO - Processing file /home/airflow/.local/lib/python3.7/site-packages/airflow/example_dags/tutorial.py for tasks to queue
[2022-09-07T16:25:07.517+0000] {logging_mixin.py:115} INFO - [2022-09-07T16:25:07.516+0000] {dagbag.py:508} INFO - Filling up the DagBag from /home/airflow/.local/lib/python3.7/site-packages/airflow/example_dags/tutorial.py
[2022-09-07T16:25:07.524+0000] {processor.py:650} INFO - DAG(s) dict_keys(['tutorial']) retrieved from /home/airflow/.local/lib/python3.7/site-packages/airflow/example_dags/tutorial.py
[2022-09-07T16:25:07.557+0000] {logging_mixin.py:115} INFO - [2022-09-07T16:25:07.557+0000] {dag.py:2429} INFO - Sync 1 DAGs
[2022-09-07T16:25:07.578+0000] {logging_mixin.py:115} INFO - [2022-09-07T16:25:07.578+0000] {dag.py:2981} INFO - Setting next_dagrun for tutorial to 2022-09-06T16:25:07.578440+00:00, run_after=2022-09-07T16:25:07.578440+00:00
[2022-09-07T16:25:07.596+0000] {processor.py:161} INFO - Processing /home/airflow/.local/lib/python3.7/site-packages/airflow/example_dags/tutorial.py took 0.087 seconds
[2022-09-07T16:25:37.723+0000] {processor.py:153} INFO - Started process (PID=3319) to work on /home/airflow/.local/lib/python3.7/site-packages/airflow/example_dags/tutorial.py
[2022-09-07T16:25:37.725+0000] {processor.py:640} INFO - Processing file /home/airflow/.local/lib/python3.7/site-packages/airflow/example_dags/tutorial.py for tasks to queue
[2022-09-07T16:25:37.726+0000] {logging_mixin.py:115} INFO - [2022-09-07T16:25:37.726+0000] {dagbag.py:508} INFO - Filling up the DagBag from /home/airflow/.local/lib/python3.7/site-packages/airflow/example_dags/tutorial.py
[2022-09-07T16:25:37.731+0000] {processor.py:650} INFO - DAG(s) dict_keys(['tutorial']) retrieved from /home/airflow/.local/lib/python3.7/site-packages/airflow/example_dags/tutorial.py
[2022-09-07T16:25:37.749+0000] {logging_mixin.py:115} INFO - [2022-09-07T16:25:37.749+0000] {dag.py:2429} INFO - Sync 1 DAGs
[2022-09-07T16:25:37.764+0000] {logging_mixin.py:115} INFO - [2022-09-07T16:25:37.764+0000] {dag.py:2981} INFO - Setting next_dagrun for tutorial to 2022-09-06T16:25:37.764359+00:00, run_after=2022-09-07T16:25:37.764359+00:00
[2022-09-07T16:25:37.774+0000] {processor.py:161} INFO - Processing /home/airflow/.local/lib/python3.7/site-packages/airflow/example_dags/tutorial.py took 0.054 seconds
[2022-09-07T16:26:07.891+0000] {processor.py:153} INFO - Started process (PID=3379) to work on /home/airflow/.local/lib/python3.7/site-packages/airflow/example_dags/tutorial.py
[2022-09-07T16:26:07.893+0000] {processor.py:640} INFO - Processing file /home/airflow/.local/lib/python3.7/site-packages/airflow/example_dags/tutorial.py for tasks to queue
[2022-09-07T16:26:07.894+0000] {logging_mixin.py:115} INFO - [2022-09-07T16:26:07.893+0000] {dagbag.py:508} INFO - Filling up the DagBag from /home/airflow/.local/lib/python3.7/site-packages/airflow/example_dags/tutorial.py
[2022-09-07T16:26:07.899+0000] {processor.py:650} INFO - DAG(s) dict_keys(['tutorial']) retrieved from /home/airflow/.local/lib/python3.7/site-packages/airflow/example_dags/tutorial.py
[2022-09-07T16:26:07.924+0000] {logging_mixin.py:115} INFO - [2022-09-07T16:26:07.924+0000] {dag.py:2429} INFO - Sync 1 DAGs
[2022-09-07T16:26:07.940+0000] {logging_mixin.py:115} INFO - [2022-09-07T16:26:07.940+0000] {dag.py:2981} INFO - Setting next_dagrun for tutorial to 2022-09-06T16:26:07.939792+00:00, run_after=2022-09-07T16:26:07.939792+00:00
[2022-09-07T16:26:07.950+0000] {processor.py:161} INFO - Processing /home/airflow/.local/lib/python3.7/site-packages/airflow/example_dags/tutorial.py took 0.062 seconds
[2022-09-07T16:26:39.064+0000] {processor.py:153} INFO - Started process (PID=3433) to work on /home/airflow/.local/lib/python3.7/site-packages/airflow/example_dags/tutorial.py
[2022-09-07T16:26:39.091+0000] {processor.py:640} INFO - Processing file /home/airflow/.local/lib/python3.7/site-packages/airflow/example_dags/tutorial.py for tasks to queue
[2022-09-07T16:26:39.098+0000] {logging_mixin.py:115} INFO - [2022-09-07T16:26:39.097+0000] {dagbag.py:508} INFO - Filling up the DagBag from /home/airflow/.local/lib/python3.7/site-packages/airflow/example_dags/tutorial.py
[2022-09-07T16:26:39.107+0000] {processor.py:650} INFO - DAG(s) dict_keys(['tutorial']) retrieved from /home/airflow/.local/lib/python3.7/site-packages/airflow/example_dags/tutorial.py
[2022-09-07T16:26:39.148+0000] {logging_mixin.py:115} INFO - [2022-09-07T16:26:39.148+0000] {dag.py:2429} INFO - Sync 1 DAGs
[2022-09-07T16:26:39.193+0000] {logging_mixin.py:115} INFO - [2022-09-07T16:26:39.193+0000] {dag.py:2981} INFO - Setting next_dagrun for tutorial to 2022-09-06T16:26:39.193085+00:00, run_after=2022-09-07T16:26:39.193085+00:00
[2022-09-07T16:26:39.207+0000] {processor.py:161} INFO - Processing /home/airflow/.local/lib/python3.7/site-packages/airflow/example_dags/tutorial.py took 0.146 seconds
[2022-09-07T16:27:09.467+0000] {processor.py:153} INFO - Started process (PID=3494) to work on /home/airflow/.local/lib/python3.7/site-packages/airflow/example_dags/tutorial.py
[2022-09-07T16:27:09.469+0000] {processor.py:640} INFO - Processing file /home/airflow/.local/lib/python3.7/site-packages/airflow/example_dags/tutorial.py for tasks to queue
[2022-09-07T16:27:09.471+0000] {logging_mixin.py:115} INFO - [2022-09-07T16:27:09.471+0000] {dagbag.py:508} INFO - Filling up the DagBag from /home/airflow/.local/lib/python3.7/site-packages/airflow/example_dags/tutorial.py
[2022-09-07T16:27:09.477+0000] {processor.py:650} INFO - DAG(s) dict_keys(['tutorial']) retrieved from /home/airflow/.local/lib/python3.7/site-packages/airflow/example_dags/tutorial.py
[2022-09-07T16:27:09.500+0000] {logging_mixin.py:115} INFO - [2022-09-07T16:27:09.500+0000] {dag.py:2429} INFO - Sync 1 DAGs
[2022-09-07T16:27:09.519+0000] {logging_mixin.py:115} INFO - [2022-09-07T16:27:09.519+0000] {dag.py:2981} INFO - Setting next_dagrun for tutorial to 2022-09-06T16:27:09.519597+00:00, run_after=2022-09-07T16:27:09.519597+00:00
[2022-09-07T16:27:09.530+0000] {processor.py:161} INFO - Processing /home/airflow/.local/lib/python3.7/site-packages/airflow/example_dags/tutorial.py took 0.065 seconds
[2022-09-07T16:27:40.247+0000] {processor.py:153} INFO - Started process (PID=3556) to work on /home/airflow/.local/lib/python3.7/site-packages/airflow/example_dags/tutorial.py
[2022-09-07T16:27:40.249+0000] {processor.py:640} INFO - Processing file /home/airflow/.local/lib/python3.7/site-packages/airflow/example_dags/tutorial.py for tasks to queue
[2022-09-07T16:27:40.250+0000] {logging_mixin.py:115} INFO - [2022-09-07T16:27:40.250+0000] {dagbag.py:508} INFO - Filling up the DagBag from /home/airflow/.local/lib/python3.7/site-packages/airflow/example_dags/tutorial.py
[2022-09-07T16:27:40.255+0000] {processor.py:650} INFO - DAG(s) dict_keys(['tutorial']) retrieved from /home/airflow/.local/lib/python3.7/site-packages/airflow/example_dags/tutorial.py
[2022-09-07T16:27:40.275+0000] {logging_mixin.py:115} INFO - [2022-09-07T16:27:40.275+0000] {dag.py:2429} INFO - Sync 1 DAGs
[2022-09-07T16:27:40.291+0000] {logging_mixin.py:115} INFO - [2022-09-07T16:27:40.291+0000] {dag.py:2981} INFO - Setting next_dagrun for tutorial to 2022-09-06T16:27:40.291054+00:00, run_after=2022-09-07T16:27:40.291054+00:00
[2022-09-07T16:27:40.300+0000] {processor.py:161} INFO - Processing /home/airflow/.local/lib/python3.7/site-packages/airflow/example_dags/tutorial.py took 0.056 seconds
[2022-09-07T16:28:10.936+0000] {processor.py:153} INFO - Started process (PID=3617) to work on /home/airflow/.local/lib/python3.7/site-packages/airflow/example_dags/tutorial.py
[2022-09-07T16:28:10.938+0000] {processor.py:640} INFO - Processing file /home/airflow/.local/lib/python3.7/site-packages/airflow/example_dags/tutorial.py for tasks to queue
[2022-09-07T16:28:10.939+0000] {logging_mixin.py:115} INFO - [2022-09-07T16:28:10.939+0000] {dagbag.py:508} INFO - Filling up the DagBag from /home/airflow/.local/lib/python3.7/site-packages/airflow/example_dags/tutorial.py
[2022-09-07T16:28:10.943+0000] {processor.py:650} INFO - DAG(s) dict_keys(['tutorial']) retrieved from /home/airflow/.local/lib/python3.7/site-packages/airflow/example_dags/tutorial.py
[2022-09-07T16:28:10.967+0000] {logging_mixin.py:115} INFO - [2022-09-07T16:28:10.967+0000] {dag.py:2429} INFO - Sync 1 DAGs
[2022-09-07T16:28:10.985+0000] {logging_mixin.py:115} INFO - [2022-09-07T16:28:10.985+0000] {dag.py:2981} INFO - Setting next_dagrun for tutorial to 2022-09-06T16:28:10.984822+00:00, run_after=2022-09-07T16:28:10.984822+00:00
[2022-09-07T16:28:10.993+0000] {processor.py:161} INFO - Processing /home/airflow/.local/lib/python3.7/site-packages/airflow/example_dags/tutorial.py took 0.059 seconds
[2022-09-07T16:29:20.178+0000] {processor.py:153} INFO - Started process (PID=65) to work on /home/airflow/.local/lib/python3.7/site-packages/airflow/example_dags/tutorial.py
[2022-09-07T16:29:20.187+0000] {processor.py:640} INFO - Processing file /home/airflow/.local/lib/python3.7/site-packages/airflow/example_dags/tutorial.py for tasks to queue
[2022-09-07T16:29:20.189+0000] {logging_mixin.py:115} INFO - [2022-09-07T16:29:20.189+0000] {dagbag.py:508} INFO - Filling up the DagBag from /home/airflow/.local/lib/python3.7/site-packages/airflow/example_dags/tutorial.py
[2022-09-07T16:29:20.202+0000] {processor.py:650} INFO - DAG(s) dict_keys(['tutorial']) retrieved from /home/airflow/.local/lib/python3.7/site-packages/airflow/example_dags/tutorial.py
[2022-09-07T16:29:20.267+0000] {logging_mixin.py:115} INFO - [2022-09-07T16:29:20.267+0000] {dag.py:2429} INFO - Sync 1 DAGs
[2022-09-07T16:29:20.307+0000] {logging_mixin.py:115} INFO - [2022-09-07T16:29:20.304+0000] {dag.py:2981} INFO - Setting next_dagrun for tutorial to 2022-09-06T16:29:20.304233+00:00, run_after=2022-09-07T16:29:20.304233+00:00
[2022-09-07T16:29:20.328+0000] {processor.py:161} INFO - Processing /home/airflow/.local/lib/python3.7/site-packages/airflow/example_dags/tutorial.py took 0.154 seconds
[2022-09-07T16:29:50.922+0000] {processor.py:153} INFO - Started process (PID=117) to work on /home/airflow/.local/lib/python3.7/site-packages/airflow/example_dags/tutorial.py
[2022-09-07T16:29:50.924+0000] {processor.py:640} INFO - Processing file /home/airflow/.local/lib/python3.7/site-packages/airflow/example_dags/tutorial.py for tasks to queue
[2022-09-07T16:29:50.926+0000] {logging_mixin.py:115} INFO - [2022-09-07T16:29:50.926+0000] {dagbag.py:508} INFO - Filling up the DagBag from /home/airflow/.local/lib/python3.7/site-packages/airflow/example_dags/tutorial.py
[2022-09-07T16:29:50.931+0000] {processor.py:650} INFO - DAG(s) dict_keys(['tutorial']) retrieved from /home/airflow/.local/lib/python3.7/site-packages/airflow/example_dags/tutorial.py
[2022-09-07T16:29:50.951+0000] {logging_mixin.py:115} INFO - [2022-09-07T16:29:50.951+0000] {dag.py:2429} INFO - Sync 1 DAGs
[2022-09-07T16:29:50.969+0000] {logging_mixin.py:115} INFO - [2022-09-07T16:29:50.969+0000] {dag.py:2981} INFO - Setting next_dagrun for tutorial to 2022-09-06T16:29:50.969241+00:00, run_after=2022-09-07T16:29:50.969241+00:00
[2022-09-07T16:29:50.979+0000] {processor.py:161} INFO - Processing /home/airflow/.local/lib/python3.7/site-packages/airflow/example_dags/tutorial.py took 0.060 seconds
[2022-09-07T16:30:21.220+0000] {processor.py:153} INFO - Started process (PID=177) to work on /home/airflow/.local/lib/python3.7/site-packages/airflow/example_dags/tutorial.py
[2022-09-07T16:30:21.223+0000] {processor.py:640} INFO - Processing file /home/airflow/.local/lib/python3.7/site-packages/airflow/example_dags/tutorial.py for tasks to queue
[2022-09-07T16:30:21.225+0000] {logging_mixin.py:115} INFO - [2022-09-07T16:30:21.225+0000] {dagbag.py:508} INFO - Filling up the DagBag from /home/airflow/.local/lib/python3.7/site-packages/airflow/example_dags/tutorial.py
[2022-09-07T16:30:21.230+0000] {processor.py:650} INFO - DAG(s) dict_keys(['tutorial']) retrieved from /home/airflow/.local/lib/python3.7/site-packages/airflow/example_dags/tutorial.py
[2022-09-07T16:30:21.249+0000] {logging_mixin.py:115} INFO - [2022-09-07T16:30:21.249+0000] {dag.py:2429} INFO - Sync 1 DAGs
[2022-09-07T16:30:21.269+0000] {logging_mixin.py:115} INFO - [2022-09-07T16:30:21.268+0000] {dag.py:2981} INFO - Setting next_dagrun for tutorial to 2022-09-06T16:30:21.268711+00:00, run_after=2022-09-07T16:30:21.268711+00:00
[2022-09-07T16:30:21.281+0000] {processor.py:161} INFO - Processing /home/airflow/.local/lib/python3.7/site-packages/airflow/example_dags/tutorial.py took 0.064 seconds
[2022-09-07T16:30:52.152+0000] {processor.py:153} INFO - Started process (PID=238) to work on /home/airflow/.local/lib/python3.7/site-packages/airflow/example_dags/tutorial.py
[2022-09-07T16:30:52.154+0000] {processor.py:640} INFO - Processing file /home/airflow/.local/lib/python3.7/site-packages/airflow/example_dags/tutorial.py for tasks to queue
[2022-09-07T16:30:52.155+0000] {logging_mixin.py:115} INFO - [2022-09-07T16:30:52.155+0000] {dagbag.py:508} INFO - Filling up the DagBag from /home/airflow/.local/lib/python3.7/site-packages/airflow/example_dags/tutorial.py
[2022-09-07T16:30:52.160+0000] {processor.py:650} INFO - DAG(s) dict_keys(['tutorial']) retrieved from /home/airflow/.local/lib/python3.7/site-packages/airflow/example_dags/tutorial.py
[2022-09-07T16:30:52.181+0000] {logging_mixin.py:115} INFO - [2022-09-07T16:30:52.181+0000] {dag.py:2429} INFO - Sync 1 DAGs
[2022-09-07T16:30:52.198+0000] {logging_mixin.py:115} INFO - [2022-09-07T16:30:52.198+0000] {dag.py:2981} INFO - Setting next_dagrun for tutorial to 2022-09-06T16:30:52.198023+00:00, run_after=2022-09-07T16:30:52.198023+00:00
[2022-09-07T16:30:52.206+0000] {processor.py:161} INFO - Processing /home/airflow/.local/lib/python3.7/site-packages/airflow/example_dags/tutorial.py took 0.056 seconds
[2022-09-07T16:31:22.792+0000] {processor.py:153} INFO - Started process (PID=299) to work on /home/airflow/.local/lib/python3.7/site-packages/airflow/example_dags/tutorial.py
[2022-09-07T16:31:22.794+0000] {processor.py:640} INFO - Processing file /home/airflow/.local/lib/python3.7/site-packages/airflow/example_dags/tutorial.py for tasks to queue
[2022-09-07T16:31:22.795+0000] {logging_mixin.py:115} INFO - [2022-09-07T16:31:22.795+0000] {dagbag.py:508} INFO - Filling up the DagBag from /home/airflow/.local/lib/python3.7/site-packages/airflow/example_dags/tutorial.py
[2022-09-07T16:31:22.799+0000] {processor.py:650} INFO - DAG(s) dict_keys(['tutorial']) retrieved from /home/airflow/.local/lib/python3.7/site-packages/airflow/example_dags/tutorial.py
[2022-09-07T16:31:22.824+0000] {logging_mixin.py:115} INFO - [2022-09-07T16:31:22.824+0000] {dag.py:2429} INFO - Sync 1 DAGs
[2022-09-07T16:31:22.841+0000] {logging_mixin.py:115} INFO - [2022-09-07T16:31:22.841+0000] {dag.py:2981} INFO - Setting next_dagrun for tutorial to 2022-09-06T16:31:22.840852+00:00, run_after=2022-09-07T16:31:22.840852+00:00
[2022-09-07T16:31:22.851+0000] {processor.py:161} INFO - Processing /home/airflow/.local/lib/python3.7/site-packages/airflow/example_dags/tutorial.py took 0.061 seconds
[2022-09-07T17:23:41.013+0000] {processor.py:153} INFO - Started process (PID=65) to work on /home/airflow/.local/lib/python3.7/site-packages/airflow/example_dags/tutorial.py
[2022-09-07T17:23:41.018+0000] {processor.py:640} INFO - Processing file /home/airflow/.local/lib/python3.7/site-packages/airflow/example_dags/tutorial.py for tasks to queue
[2022-09-07T17:23:41.019+0000] {logging_mixin.py:115} INFO - [2022-09-07T17:23:41.019+0000] {dagbag.py:508} INFO - Filling up the DagBag from /home/airflow/.local/lib/python3.7/site-packages/airflow/example_dags/tutorial.py
[2022-09-07T17:23:41.031+0000] {processor.py:650} INFO - DAG(s) dict_keys(['tutorial']) retrieved from /home/airflow/.local/lib/python3.7/site-packages/airflow/example_dags/tutorial.py
[2022-09-07T17:23:41.107+0000] {logging_mixin.py:115} INFO - [2022-09-07T17:23:41.107+0000] {dag.py:2429} INFO - Sync 1 DAGs
[2022-09-07T17:23:41.162+0000] {logging_mixin.py:115} INFO - [2022-09-07T17:23:41.161+0000] {dag.py:2981} INFO - Setting next_dagrun for tutorial to 2022-09-06T17:23:41.161690+00:00, run_after=2022-09-07T17:23:41.161690+00:00
[2022-09-07T17:23:41.206+0000] {processor.py:161} INFO - Processing /home/airflow/.local/lib/python3.7/site-packages/airflow/example_dags/tutorial.py took 0.196 seconds
[2022-09-07T17:24:11.274+0000] {processor.py:153} INFO - Started process (PID=116) to work on /home/airflow/.local/lib/python3.7/site-packages/airflow/example_dags/tutorial.py
[2022-09-07T17:24:11.276+0000] {processor.py:640} INFO - Processing file /home/airflow/.local/lib/python3.7/site-packages/airflow/example_dags/tutorial.py for tasks to queue
[2022-09-07T17:24:11.277+0000] {logging_mixin.py:115} INFO - [2022-09-07T17:24:11.277+0000] {dagbag.py:508} INFO - Filling up the DagBag from /home/airflow/.local/lib/python3.7/site-packages/airflow/example_dags/tutorial.py
[2022-09-07T17:24:11.283+0000] {processor.py:650} INFO - DAG(s) dict_keys(['tutorial']) retrieved from /home/airflow/.local/lib/python3.7/site-packages/airflow/example_dags/tutorial.py
[2022-09-07T17:24:11.301+0000] {logging_mixin.py:115} INFO - [2022-09-07T17:24:11.301+0000] {dag.py:2429} INFO - Sync 1 DAGs
[2022-09-07T17:24:11.316+0000] {logging_mixin.py:115} INFO - [2022-09-07T17:24:11.316+0000] {dag.py:2981} INFO - Setting next_dagrun for tutorial to 2022-09-06T17:24:11.316048+00:00, run_after=2022-09-07T17:24:11.316048+00:00
[2022-09-07T17:24:11.326+0000] {processor.py:161} INFO - Processing /home/airflow/.local/lib/python3.7/site-packages/airflow/example_dags/tutorial.py took 0.055 seconds
[2022-09-07T17:24:42.157+0000] {processor.py:153} INFO - Started process (PID=176) to work on /home/airflow/.local/lib/python3.7/site-packages/airflow/example_dags/tutorial.py
[2022-09-07T17:24:42.159+0000] {processor.py:640} INFO - Processing file /home/airflow/.local/lib/python3.7/site-packages/airflow/example_dags/tutorial.py for tasks to queue
[2022-09-07T17:24:42.160+0000] {logging_mixin.py:115} INFO - [2022-09-07T17:24:42.160+0000] {dagbag.py:508} INFO - Filling up the DagBag from /home/airflow/.local/lib/python3.7/site-packages/airflow/example_dags/tutorial.py
[2022-09-07T17:24:42.164+0000] {processor.py:650} INFO - DAG(s) dict_keys(['tutorial']) retrieved from /home/airflow/.local/lib/python3.7/site-packages/airflow/example_dags/tutorial.py
[2022-09-07T17:24:42.182+0000] {logging_mixin.py:115} INFO - [2022-09-07T17:24:42.182+0000] {dag.py:2429} INFO - Sync 1 DAGs
[2022-09-07T17:24:42.195+0000] {logging_mixin.py:115} INFO - [2022-09-07T17:24:42.195+0000] {dag.py:2981} INFO - Setting next_dagrun for tutorial to 2022-09-06T17:24:42.195294+00:00, run_after=2022-09-07T17:24:42.195294+00:00
[2022-09-07T17:24:42.203+0000] {processor.py:161} INFO - Processing /home/airflow/.local/lib/python3.7/site-packages/airflow/example_dags/tutorial.py took 0.048 seconds
