[2022-09-08T05:28:16.402+0000] {taskinstance.py:1171} INFO - Dependencies all met for <TaskInstance: First_job.sleep scheduled__2022-05-31T00:00:00+00:00 [queued]>
[2022-09-08T05:28:16.411+0000] {taskinstance.py:1171} INFO - Dependencies all met for <TaskInstance: First_job.sleep scheduled__2022-05-31T00:00:00+00:00 [queued]>
[2022-09-08T05:28:16.412+0000] {taskinstance.py:1368} INFO - 
--------------------------------------------------------------------------------
[2022-09-08T05:28:16.414+0000] {taskinstance.py:1369} INFO - Starting attempt 1 of 2
[2022-09-08T05:28:16.415+0000] {taskinstance.py:1370} INFO - 
--------------------------------------------------------------------------------
[2022-09-08T05:28:16.425+0000] {taskinstance.py:1389} INFO - Executing <Task(BashOperator): sleep> on 2022-05-31 00:00:00+00:00
[2022-09-08T05:28:16.432+0000] {standard_task_runner.py:52} INFO - Started process 1082 to run task
[2022-09-08T05:28:16.435+0000] {standard_task_runner.py:79} INFO - Running: ['***', 'tasks', 'run', 'First_job', 'sleep', 'scheduled__2022-05-31T00:00:00+00:00', '--job-id', '75', '--raw', '--subdir', 'DAGS_FOLDER/1_Firstjob.py', '--cfg-path', '/tmp/tmpqv2fjjc_', '--error-file', '/tmp/tmpdoof5uz_']
[2022-09-08T05:28:16.436+0000] {standard_task_runner.py:80} INFO - Job 75: Subtask sleep
[2022-09-08T05:28:16.504+0000] {task_command.py:371} INFO - Running <TaskInstance: First_job.sleep scheduled__2022-05-31T00:00:00+00:00 [running]> on host 1e016d6af7c5
[2022-09-08T05:28:16.559+0000] {taskinstance.py:1583} INFO - Exporting the following env vars:
AIRFLOW_CTX_DAG_OWNER=snowadmin
AIRFLOW_CTX_DAG_ID=First_job
AIRFLOW_CTX_TASK_ID=sleep
AIRFLOW_CTX_EXECUTION_DATE=2022-05-31T00:00:00+00:00
AIRFLOW_CTX_TRY_NUMBER=1
AIRFLOW_CTX_DAG_RUN_ID=scheduled__2022-05-31T00:00:00+00:00
[2022-09-08T05:28:16.562+0000] {subprocess.py:62} INFO - Tmp dir opt location: 
 /tmp
[2022-09-08T05:28:16.563+0000] {subprocess.py:74} INFO - Running command: ['/bin/bash', '-c', 'sleep 5']
[2022-09-08T05:28:16.578+0000] {subprocess.py:85} INFO - Output:
[2022-09-08T05:28:21.582+0000] {subprocess.py:96} INFO - Command exited with return code 0
[2022-09-08T05:28:21.660+0000] {taskinstance.py:1412} INFO - Marking task as SUCCESS. dag_id=First_job, task_id=sleep, execution_date=20220531T000000, start_date=20220908T052816, end_date=20220908T052821
[2022-09-08T05:28:21.700+0000] {local_task_job.py:156} INFO - Task exited with return code 0
[2022-09-08T05:28:21.729+0000] {local_task_job.py:279} INFO - 0 downstream tasks scheduled from follow-on schedule check
