[2022-09-08T05:28:12.916+0000] {taskinstance.py:1171} INFO - Dependencies all met for <TaskInstance: First_job.call_my_name scheduled__2022-06-02T00:00:00+00:00 [queued]>
[2022-09-08T05:28:12.930+0000] {taskinstance.py:1171} INFO - Dependencies all met for <TaskInstance: First_job.call_my_name scheduled__2022-06-02T00:00:00+00:00 [queued]>
[2022-09-08T05:28:12.934+0000] {taskinstance.py:1368} INFO - 
--------------------------------------------------------------------------------
[2022-09-08T05:28:12.942+0000] {taskinstance.py:1369} INFO - Starting attempt 1 of 2
[2022-09-08T05:28:12.946+0000] {taskinstance.py:1370} INFO - 
--------------------------------------------------------------------------------
[2022-09-08T05:28:12.976+0000] {taskinstance.py:1389} INFO - Executing <Task(PythonOperator): call_my_name> on 2022-06-02 00:00:00+00:00
[2022-09-08T05:28:13.005+0000] {standard_task_runner.py:52} INFO - Started process 1053 to run task
[2022-09-08T05:28:13.036+0000] {standard_task_runner.py:79} INFO - Running: ['***', 'tasks', 'run', 'First_job', 'call_my_name', 'scheduled__2022-06-02T00:00:00+00:00', '--job-id', '63', '--raw', '--subdir', 'DAGS_FOLDER/1_Firstjob.py', '--cfg-path', '/tmp/tmp0xab7ukb', '--error-file', '/tmp/tmpdd3w844a']
[2022-09-08T05:28:13.048+0000] {standard_task_runner.py:80} INFO - Job 63: Subtask call_my_name
[2022-09-08T05:28:13.211+0000] {task_command.py:371} INFO - Running <TaskInstance: First_job.call_my_name scheduled__2022-06-02T00:00:00+00:00 [running]> on host 1e016d6af7c5
[2022-09-08T05:28:13.577+0000] {taskinstance.py:1583} INFO - Exporting the following env vars:
AIRFLOW_CTX_DAG_OWNER=snowadmin
AIRFLOW_CTX_DAG_ID=First_job
AIRFLOW_CTX_TASK_ID=call_my_name
AIRFLOW_CTX_EXECUTION_DATE=2022-06-02T00:00:00+00:00
AIRFLOW_CTX_TRY_NUMBER=1
AIRFLOW_CTX_DAG_RUN_ID=scheduled__2022-06-02T00:00:00+00:00
[2022-09-08T05:28:13.616+0000] {logging_mixin.py:115} INFO - Hi my name is :Python
[2022-09-08T05:28:13.637+0000] {python.py:173} INFO - Done. Returned value was: None
[2022-09-08T05:28:13.756+0000] {taskinstance.py:1412} INFO - Marking task as SUCCESS. dag_id=First_job, task_id=call_my_name, execution_date=20220602T000000, start_date=20220908T052812, end_date=20220908T052813
[2022-09-08T05:28:14.036+0000] {local_task_job.py:156} INFO - Task exited with return code 0
[2022-09-08T05:28:14.240+0000] {local_task_job.py:279} INFO - 0 downstream tasks scheduled from follow-on schedule check
